[2022-12-04T00:57:33.944+0000] {processor.py:154} INFO - Started process (PID=14889) to work on /home/airflow/.local/lib/python3.7/site-packages/airflow/example_dags/example_trigger_controller_dag.py
[2022-12-04T00:57:33.946+0000] {processor.py:756} INFO - Processing file /home/airflow/.local/lib/python3.7/site-packages/airflow/example_dags/example_trigger_controller_dag.py for tasks to queue
[2022-12-04T00:57:33.947+0000] {logging_mixin.py:137} INFO - [2022-12-04T00:57:33.947+0000] {dagbag.py:537} INFO - Filling up the DagBag from /home/airflow/.local/lib/python3.7/site-packages/airflow/example_dags/example_trigger_controller_dag.py
[2022-12-04T00:57:33.958+0000] {processor.py:766} INFO - DAG(s) dict_keys(['example_trigger_controller_dag']) retrieved from /home/airflow/.local/lib/python3.7/site-packages/airflow/example_dags/example_trigger_controller_dag.py
[2022-12-04T00:57:33.992+0000] {logging_mixin.py:137} INFO - [2022-12-04T00:57:33.992+0000] {dag.py:2585} INFO - Sync 1 DAGs
[2022-12-04T00:57:34.011+0000] {logging_mixin.py:137} INFO - [2022-12-04T00:57:34.011+0000] {dag.py:3340} INFO - Setting next_dagrun for example_trigger_controller_dag to 2021-01-01T00:00:00+00:00, run_after=2021-01-01T00:00:00+00:00
[2022-12-04T00:57:34.027+0000] {processor.py:176} INFO - Processing /home/airflow/.local/lib/python3.7/site-packages/airflow/example_dags/example_trigger_controller_dag.py took 0.085 seconds
[2022-12-04T02:32:54.776+0000] {processor.py:154} INFO - Started process (PID=14957) to work on /home/airflow/.local/lib/python3.7/site-packages/airflow/example_dags/example_trigger_controller_dag.py
[2022-12-04T02:32:54.778+0000] {processor.py:756} INFO - Processing file /home/airflow/.local/lib/python3.7/site-packages/airflow/example_dags/example_trigger_controller_dag.py for tasks to queue
[2022-12-04T02:32:54.779+0000] {logging_mixin.py:137} INFO - [2022-12-04T02:32:54.779+0000] {dagbag.py:537} INFO - Filling up the DagBag from /home/airflow/.local/lib/python3.7/site-packages/airflow/example_dags/example_trigger_controller_dag.py
[2022-12-04T02:32:54.793+0000] {processor.py:766} INFO - DAG(s) dict_keys(['example_trigger_controller_dag']) retrieved from /home/airflow/.local/lib/python3.7/site-packages/airflow/example_dags/example_trigger_controller_dag.py
[2022-12-04T02:32:54.845+0000] {logging_mixin.py:137} INFO - [2022-12-04T02:32:54.844+0000] {dag.py:2585} INFO - Sync 1 DAGs
[2022-12-04T02:32:54.868+0000] {logging_mixin.py:137} INFO - [2022-12-04T02:32:54.868+0000] {dag.py:3340} INFO - Setting next_dagrun for example_trigger_controller_dag to 2021-01-01T00:00:00+00:00, run_after=2021-01-01T00:00:00+00:00
[2022-12-04T02:32:54.892+0000] {processor.py:176} INFO - Processing /home/airflow/.local/lib/python3.7/site-packages/airflow/example_dags/example_trigger_controller_dag.py took 0.120 seconds
[2022-12-04T03:55:41.802+0000] {processor.py:154} INFO - Started process (PID=15025) to work on /home/airflow/.local/lib/python3.7/site-packages/airflow/example_dags/example_trigger_controller_dag.py
[2022-12-04T03:55:41.804+0000] {processor.py:756} INFO - Processing file /home/airflow/.local/lib/python3.7/site-packages/airflow/example_dags/example_trigger_controller_dag.py for tasks to queue
[2022-12-04T03:55:41.805+0000] {logging_mixin.py:137} INFO - [2022-12-04T03:55:41.805+0000] {dagbag.py:537} INFO - Filling up the DagBag from /home/airflow/.local/lib/python3.7/site-packages/airflow/example_dags/example_trigger_controller_dag.py
[2022-12-04T03:55:41.813+0000] {processor.py:766} INFO - DAG(s) dict_keys(['example_trigger_controller_dag']) retrieved from /home/airflow/.local/lib/python3.7/site-packages/airflow/example_dags/example_trigger_controller_dag.py
[2022-12-04T03:55:41.840+0000] {logging_mixin.py:137} INFO - [2022-12-04T03:55:41.840+0000] {dag.py:2585} INFO - Sync 1 DAGs
[2022-12-04T03:55:41.856+0000] {logging_mixin.py:137} INFO - [2022-12-04T03:55:41.856+0000] {dag.py:3340} INFO - Setting next_dagrun for example_trigger_controller_dag to 2021-01-01T00:00:00+00:00, run_after=2021-01-01T00:00:00+00:00
[2022-12-04T03:55:41.867+0000] {processor.py:176} INFO - Processing /home/airflow/.local/lib/python3.7/site-packages/airflow/example_dags/example_trigger_controller_dag.py took 0.068 seconds
[2022-12-04T05:30:17.705+0000] {processor.py:154} INFO - Started process (PID=15093) to work on /home/airflow/.local/lib/python3.7/site-packages/airflow/example_dags/example_trigger_controller_dag.py
[2022-12-04T05:30:17.707+0000] {processor.py:756} INFO - Processing file /home/airflow/.local/lib/python3.7/site-packages/airflow/example_dags/example_trigger_controller_dag.py for tasks to queue
[2022-12-04T05:30:17.709+0000] {logging_mixin.py:137} INFO - [2022-12-04T05:30:17.709+0000] {dagbag.py:537} INFO - Filling up the DagBag from /home/airflow/.local/lib/python3.7/site-packages/airflow/example_dags/example_trigger_controller_dag.py
[2022-12-04T05:30:17.718+0000] {processor.py:766} INFO - DAG(s) dict_keys(['example_trigger_controller_dag']) retrieved from /home/airflow/.local/lib/python3.7/site-packages/airflow/example_dags/example_trigger_controller_dag.py
[2022-12-04T05:30:17.744+0000] {logging_mixin.py:137} INFO - [2022-12-04T05:30:17.744+0000] {dag.py:2585} INFO - Sync 1 DAGs
[2022-12-04T05:30:17.760+0000] {logging_mixin.py:137} INFO - [2022-12-04T05:30:17.760+0000] {dag.py:3340} INFO - Setting next_dagrun for example_trigger_controller_dag to 2021-01-01T00:00:00+00:00, run_after=2021-01-01T00:00:00+00:00
[2022-12-04T05:30:17.773+0000] {processor.py:176} INFO - Processing /home/airflow/.local/lib/python3.7/site-packages/airflow/example_dags/example_trigger_controller_dag.py took 0.070 seconds
[2022-12-04T06:53:37.760+0000] {processor.py:154} INFO - Started process (PID=15149) to work on /home/airflow/.local/lib/python3.7/site-packages/airflow/example_dags/example_trigger_controller_dag.py
[2022-12-04T06:53:37.762+0000] {processor.py:756} INFO - Processing file /home/airflow/.local/lib/python3.7/site-packages/airflow/example_dags/example_trigger_controller_dag.py for tasks to queue
[2022-12-04T06:53:37.764+0000] {logging_mixin.py:137} INFO - [2022-12-04T06:53:37.764+0000] {dagbag.py:537} INFO - Filling up the DagBag from /home/airflow/.local/lib/python3.7/site-packages/airflow/example_dags/example_trigger_controller_dag.py
[2022-12-04T06:53:37.775+0000] {processor.py:766} INFO - DAG(s) dict_keys(['example_trigger_controller_dag']) retrieved from /home/airflow/.local/lib/python3.7/site-packages/airflow/example_dags/example_trigger_controller_dag.py
[2022-12-04T06:53:37.807+0000] {logging_mixin.py:137} INFO - [2022-12-04T06:53:37.807+0000] {dag.py:2585} INFO - Sync 1 DAGs
[2022-12-04T06:53:37.827+0000] {logging_mixin.py:137} INFO - [2022-12-04T06:53:37.827+0000] {dag.py:3340} INFO - Setting next_dagrun for example_trigger_controller_dag to 2021-01-01T00:00:00+00:00, run_after=2021-01-01T00:00:00+00:00
[2022-12-04T06:53:37.841+0000] {processor.py:176} INFO - Processing /home/airflow/.local/lib/python3.7/site-packages/airflow/example_dags/example_trigger_controller_dag.py took 0.084 seconds
[2022-12-04T08:30:44.558+0000] {processor.py:154} INFO - Started process (PID=15216) to work on /home/airflow/.local/lib/python3.7/site-packages/airflow/example_dags/example_trigger_controller_dag.py
[2022-12-04T08:30:44.559+0000] {processor.py:756} INFO - Processing file /home/airflow/.local/lib/python3.7/site-packages/airflow/example_dags/example_trigger_controller_dag.py for tasks to queue
[2022-12-04T08:30:44.560+0000] {logging_mixin.py:137} INFO - [2022-12-04T08:30:44.560+0000] {dagbag.py:537} INFO - Filling up the DagBag from /home/airflow/.local/lib/python3.7/site-packages/airflow/example_dags/example_trigger_controller_dag.py
[2022-12-04T08:30:44.569+0000] {processor.py:766} INFO - DAG(s) dict_keys(['example_trigger_controller_dag']) retrieved from /home/airflow/.local/lib/python3.7/site-packages/airflow/example_dags/example_trigger_controller_dag.py
[2022-12-04T08:30:44.596+0000] {logging_mixin.py:137} INFO - [2022-12-04T08:30:44.596+0000] {dag.py:2585} INFO - Sync 1 DAGs
[2022-12-04T08:30:44.613+0000] {logging_mixin.py:137} INFO - [2022-12-04T08:30:44.613+0000] {dag.py:3340} INFO - Setting next_dagrun for example_trigger_controller_dag to 2021-01-01T00:00:00+00:00, run_after=2021-01-01T00:00:00+00:00
[2022-12-04T08:30:44.625+0000] {processor.py:176} INFO - Processing /home/airflow/.local/lib/python3.7/site-packages/airflow/example_dags/example_trigger_controller_dag.py took 0.070 seconds
[2022-12-04T10:09:30.054+0000] {processor.py:154} INFO - Started process (PID=15283) to work on /home/airflow/.local/lib/python3.7/site-packages/airflow/example_dags/example_trigger_controller_dag.py
[2022-12-04T10:09:30.055+0000] {processor.py:756} INFO - Processing file /home/airflow/.local/lib/python3.7/site-packages/airflow/example_dags/example_trigger_controller_dag.py for tasks to queue
[2022-12-04T10:09:30.056+0000] {logging_mixin.py:137} INFO - [2022-12-04T10:09:30.056+0000] {dagbag.py:537} INFO - Filling up the DagBag from /home/airflow/.local/lib/python3.7/site-packages/airflow/example_dags/example_trigger_controller_dag.py
[2022-12-04T10:09:30.065+0000] {processor.py:766} INFO - DAG(s) dict_keys(['example_trigger_controller_dag']) retrieved from /home/airflow/.local/lib/python3.7/site-packages/airflow/example_dags/example_trigger_controller_dag.py
[2022-12-04T10:09:30.092+0000] {logging_mixin.py:137} INFO - [2022-12-04T10:09:30.092+0000] {dag.py:2585} INFO - Sync 1 DAGs
[2022-12-04T10:09:30.107+0000] {logging_mixin.py:137} INFO - [2022-12-04T10:09:30.107+0000] {dag.py:3340} INFO - Setting next_dagrun for example_trigger_controller_dag to 2021-01-01T00:00:00+00:00, run_after=2021-01-01T00:00:00+00:00
[2022-12-04T10:09:30.119+0000] {processor.py:176} INFO - Processing /home/airflow/.local/lib/python3.7/site-packages/airflow/example_dags/example_trigger_controller_dag.py took 0.068 seconds
[2022-12-04T11:31:36.055+0000] {processor.py:154} INFO - Started process (PID=15347) to work on /home/airflow/.local/lib/python3.7/site-packages/airflow/example_dags/example_trigger_controller_dag.py
[2022-12-04T11:31:36.057+0000] {processor.py:756} INFO - Processing file /home/airflow/.local/lib/python3.7/site-packages/airflow/example_dags/example_trigger_controller_dag.py for tasks to queue
[2022-12-04T11:31:36.058+0000] {logging_mixin.py:137} INFO - [2022-12-04T11:31:36.058+0000] {dagbag.py:537} INFO - Filling up the DagBag from /home/airflow/.local/lib/python3.7/site-packages/airflow/example_dags/example_trigger_controller_dag.py
[2022-12-04T11:31:36.066+0000] {processor.py:766} INFO - DAG(s) dict_keys(['example_trigger_controller_dag']) retrieved from /home/airflow/.local/lib/python3.7/site-packages/airflow/example_dags/example_trigger_controller_dag.py
[2022-12-04T11:31:36.094+0000] {logging_mixin.py:137} INFO - [2022-12-04T11:31:36.094+0000] {dag.py:2585} INFO - Sync 1 DAGs
[2022-12-04T11:31:36.110+0000] {logging_mixin.py:137} INFO - [2022-12-04T11:31:36.110+0000] {dag.py:3340} INFO - Setting next_dagrun for example_trigger_controller_dag to 2021-01-01T00:00:00+00:00, run_after=2021-01-01T00:00:00+00:00
[2022-12-04T11:31:36.124+0000] {processor.py:176} INFO - Processing /home/airflow/.local/lib/python3.7/site-packages/airflow/example_dags/example_trigger_controller_dag.py took 0.072 seconds
[2022-12-04T12:30:16.171+0000] {processor.py:154} INFO - Started process (PID=15421) to work on /home/airflow/.local/lib/python3.7/site-packages/airflow/example_dags/example_trigger_controller_dag.py
[2022-12-04T12:30:16.178+0000] {processor.py:756} INFO - Processing file /home/airflow/.local/lib/python3.7/site-packages/airflow/example_dags/example_trigger_controller_dag.py for tasks to queue
[2022-12-04T12:30:16.182+0000] {logging_mixin.py:137} INFO - [2022-12-04T12:30:16.181+0000] {dagbag.py:537} INFO - Filling up the DagBag from /home/airflow/.local/lib/python3.7/site-packages/airflow/example_dags/example_trigger_controller_dag.py
[2022-12-04T12:30:16.198+0000] {processor.py:766} INFO - DAG(s) dict_keys(['example_trigger_controller_dag']) retrieved from /home/airflow/.local/lib/python3.7/site-packages/airflow/example_dags/example_trigger_controller_dag.py
[2022-12-04T12:30:16.258+0000] {logging_mixin.py:137} INFO - [2022-12-04T12:30:16.258+0000] {dag.py:2585} INFO - Sync 1 DAGs
[2022-12-04T12:30:16.289+0000] {logging_mixin.py:137} INFO - [2022-12-04T12:30:16.289+0000] {dag.py:3340} INFO - Setting next_dagrun for example_trigger_controller_dag to 2021-01-01T00:00:00+00:00, run_after=2021-01-01T00:00:00+00:00
[2022-12-04T12:30:16.308+0000] {processor.py:176} INFO - Processing /home/airflow/.local/lib/python3.7/site-packages/airflow/example_dags/example_trigger_controller_dag.py took 0.142 seconds
[2022-12-04T14:08:56.875+0000] {processor.py:154} INFO - Started process (PID=15477) to work on /home/airflow/.local/lib/python3.7/site-packages/airflow/example_dags/example_trigger_controller_dag.py
[2022-12-04T14:08:56.877+0000] {processor.py:756} INFO - Processing file /home/airflow/.local/lib/python3.7/site-packages/airflow/example_dags/example_trigger_controller_dag.py for tasks to queue
[2022-12-04T14:08:56.878+0000] {logging_mixin.py:137} INFO - [2022-12-04T14:08:56.878+0000] {dagbag.py:537} INFO - Filling up the DagBag from /home/airflow/.local/lib/python3.7/site-packages/airflow/example_dags/example_trigger_controller_dag.py
[2022-12-04T14:08:56.885+0000] {processor.py:766} INFO - DAG(s) dict_keys(['example_trigger_controller_dag']) retrieved from /home/airflow/.local/lib/python3.7/site-packages/airflow/example_dags/example_trigger_controller_dag.py
[2022-12-04T14:08:56.912+0000] {logging_mixin.py:137} INFO - [2022-12-04T14:08:56.912+0000] {dag.py:2585} INFO - Sync 1 DAGs
[2022-12-04T14:08:56.927+0000] {logging_mixin.py:137} INFO - [2022-12-04T14:08:56.927+0000] {dag.py:3340} INFO - Setting next_dagrun for example_trigger_controller_dag to 2021-01-01T00:00:00+00:00, run_after=2021-01-01T00:00:00+00:00
[2022-12-04T14:08:56.938+0000] {processor.py:176} INFO - Processing /home/airflow/.local/lib/python3.7/site-packages/airflow/example_dags/example_trigger_controller_dag.py took 0.066 seconds
[2022-12-04T15:33:47.598+0000] {processor.py:154} INFO - Started process (PID=15547) to work on /home/airflow/.local/lib/python3.7/site-packages/airflow/example_dags/example_trigger_controller_dag.py
[2022-12-04T15:33:47.599+0000] {processor.py:756} INFO - Processing file /home/airflow/.local/lib/python3.7/site-packages/airflow/example_dags/example_trigger_controller_dag.py for tasks to queue
[2022-12-04T15:33:47.601+0000] {logging_mixin.py:137} INFO - [2022-12-04T15:33:47.600+0000] {dagbag.py:537} INFO - Filling up the DagBag from /home/airflow/.local/lib/python3.7/site-packages/airflow/example_dags/example_trigger_controller_dag.py
[2022-12-04T15:33:47.612+0000] {processor.py:766} INFO - DAG(s) dict_keys(['example_trigger_controller_dag']) retrieved from /home/airflow/.local/lib/python3.7/site-packages/airflow/example_dags/example_trigger_controller_dag.py
[2022-12-04T15:33:47.646+0000] {logging_mixin.py:137} INFO - [2022-12-04T15:33:47.646+0000] {dag.py:2585} INFO - Sync 1 DAGs
[2022-12-04T15:33:47.662+0000] {logging_mixin.py:137} INFO - [2022-12-04T15:33:47.662+0000] {dag.py:3340} INFO - Setting next_dagrun for example_trigger_controller_dag to 2021-01-01T00:00:00+00:00, run_after=2021-01-01T00:00:00+00:00
[2022-12-04T15:33:47.675+0000] {processor.py:176} INFO - Processing /home/airflow/.local/lib/python3.7/site-packages/airflow/example_dags/example_trigger_controller_dag.py took 0.079 seconds
[2022-12-04T16:56:20.305+0000] {processor.py:154} INFO - Started process (PID=15615) to work on /home/airflow/.local/lib/python3.7/site-packages/airflow/example_dags/example_trigger_controller_dag.py
[2022-12-04T16:56:20.306+0000] {processor.py:756} INFO - Processing file /home/airflow/.local/lib/python3.7/site-packages/airflow/example_dags/example_trigger_controller_dag.py for tasks to queue
[2022-12-04T16:56:20.307+0000] {logging_mixin.py:137} INFO - [2022-12-04T16:56:20.307+0000] {dagbag.py:537} INFO - Filling up the DagBag from /home/airflow/.local/lib/python3.7/site-packages/airflow/example_dags/example_trigger_controller_dag.py
[2022-12-04T16:56:20.315+0000] {processor.py:766} INFO - DAG(s) dict_keys(['example_trigger_controller_dag']) retrieved from /home/airflow/.local/lib/python3.7/site-packages/airflow/example_dags/example_trigger_controller_dag.py
[2022-12-04T16:56:20.342+0000] {logging_mixin.py:137} INFO - [2022-12-04T16:56:20.342+0000] {dag.py:2585} INFO - Sync 1 DAGs
[2022-12-04T16:56:20.358+0000] {logging_mixin.py:137} INFO - [2022-12-04T16:56:20.358+0000] {dag.py:3340} INFO - Setting next_dagrun for example_trigger_controller_dag to 2021-01-01T00:00:00+00:00, run_after=2021-01-01T00:00:00+00:00
[2022-12-04T16:56:20.370+0000] {processor.py:176} INFO - Processing /home/airflow/.local/lib/python3.7/site-packages/airflow/example_dags/example_trigger_controller_dag.py took 0.068 seconds
[2022-12-04T18:19:32.042+0000] {processor.py:154} INFO - Started process (PID=15673) to work on /home/airflow/.local/lib/python3.7/site-packages/airflow/example_dags/example_trigger_controller_dag.py
[2022-12-04T18:19:32.046+0000] {processor.py:756} INFO - Processing file /home/airflow/.local/lib/python3.7/site-packages/airflow/example_dags/example_trigger_controller_dag.py for tasks to queue
[2022-12-04T18:19:32.050+0000] {logging_mixin.py:137} INFO - [2022-12-04T18:19:32.050+0000] {dagbag.py:537} INFO - Filling up the DagBag from /home/airflow/.local/lib/python3.7/site-packages/airflow/example_dags/example_trigger_controller_dag.py
[2022-12-04T18:19:32.061+0000] {processor.py:766} INFO - DAG(s) dict_keys(['example_trigger_controller_dag']) retrieved from /home/airflow/.local/lib/python3.7/site-packages/airflow/example_dags/example_trigger_controller_dag.py
[2022-12-04T18:19:32.089+0000] {logging_mixin.py:137} INFO - [2022-12-04T18:19:32.089+0000] {dag.py:2585} INFO - Sync 1 DAGs
[2022-12-04T18:19:32.136+0000] {logging_mixin.py:137} INFO - [2022-12-04T18:19:32.136+0000] {dag.py:3340} INFO - Setting next_dagrun for example_trigger_controller_dag to 2021-01-01T00:00:00+00:00, run_after=2021-01-01T00:00:00+00:00
[2022-12-04T18:19:32.163+0000] {processor.py:176} INFO - Processing /home/airflow/.local/lib/python3.7/site-packages/airflow/example_dags/example_trigger_controller_dag.py took 0.123 seconds
[2022-12-04T19:16:12.671+0000] {processor.py:154} INFO - Started process (PID=15747) to work on /home/airflow/.local/lib/python3.7/site-packages/airflow/example_dags/example_trigger_controller_dag.py
[2022-12-04T19:16:12.674+0000] {processor.py:756} INFO - Processing file /home/airflow/.local/lib/python3.7/site-packages/airflow/example_dags/example_trigger_controller_dag.py for tasks to queue
[2022-12-04T19:16:12.676+0000] {logging_mixin.py:137} INFO - [2022-12-04T19:16:12.676+0000] {dagbag.py:537} INFO - Filling up the DagBag from /home/airflow/.local/lib/python3.7/site-packages/airflow/example_dags/example_trigger_controller_dag.py
[2022-12-04T19:16:12.692+0000] {processor.py:766} INFO - DAG(s) dict_keys(['example_trigger_controller_dag']) retrieved from /home/airflow/.local/lib/python3.7/site-packages/airflow/example_dags/example_trigger_controller_dag.py
[2022-12-04T19:16:12.772+0000] {logging_mixin.py:137} INFO - [2022-12-04T19:16:12.772+0000] {dag.py:2585} INFO - Sync 1 DAGs
[2022-12-04T19:16:12.811+0000] {logging_mixin.py:137} INFO - [2022-12-04T19:16:12.811+0000] {dag.py:3340} INFO - Setting next_dagrun for example_trigger_controller_dag to 2021-01-01T00:00:00+00:00, run_after=2021-01-01T00:00:00+00:00
[2022-12-04T19:16:12.841+0000] {processor.py:176} INFO - Processing /home/airflow/.local/lib/python3.7/site-packages/airflow/example_dags/example_trigger_controller_dag.py took 0.181 seconds
[2022-12-04T20:04:51.439+0000] {processor.py:154} INFO - Started process (PID=15815) to work on /home/airflow/.local/lib/python3.7/site-packages/airflow/example_dags/example_trigger_controller_dag.py
[2022-12-04T20:04:51.441+0000] {processor.py:756} INFO - Processing file /home/airflow/.local/lib/python3.7/site-packages/airflow/example_dags/example_trigger_controller_dag.py for tasks to queue
[2022-12-04T20:04:51.442+0000] {logging_mixin.py:137} INFO - [2022-12-04T20:04:51.442+0000] {dagbag.py:537} INFO - Filling up the DagBag from /home/airflow/.local/lib/python3.7/site-packages/airflow/example_dags/example_trigger_controller_dag.py
[2022-12-04T20:04:51.452+0000] {processor.py:766} INFO - DAG(s) dict_keys(['example_trigger_controller_dag']) retrieved from /home/airflow/.local/lib/python3.7/site-packages/airflow/example_dags/example_trigger_controller_dag.py
[2022-12-04T20:04:51.479+0000] {logging_mixin.py:137} INFO - [2022-12-04T20:04:51.479+0000] {dag.py:2585} INFO - Sync 1 DAGs
[2022-12-04T20:04:51.494+0000] {logging_mixin.py:137} INFO - [2022-12-04T20:04:51.494+0000] {dag.py:3340} INFO - Setting next_dagrun for example_trigger_controller_dag to 2021-01-01T00:00:00+00:00, run_after=2021-01-01T00:00:00+00:00
[2022-12-04T20:04:51.508+0000] {processor.py:176} INFO - Processing /home/airflow/.local/lib/python3.7/site-packages/airflow/example_dags/example_trigger_controller_dag.py took 0.071 seconds
[2022-12-04T21:26:03.188+0000] {processor.py:154} INFO - Started process (PID=15887) to work on /home/airflow/.local/lib/python3.7/site-packages/airflow/example_dags/example_trigger_controller_dag.py
[2022-12-04T21:26:03.190+0000] {processor.py:756} INFO - Processing file /home/airflow/.local/lib/python3.7/site-packages/airflow/example_dags/example_trigger_controller_dag.py for tasks to queue
[2022-12-04T21:26:03.191+0000] {logging_mixin.py:137} INFO - [2022-12-04T21:26:03.191+0000] {dagbag.py:537} INFO - Filling up the DagBag from /home/airflow/.local/lib/python3.7/site-packages/airflow/example_dags/example_trigger_controller_dag.py
[2022-12-04T21:26:03.199+0000] {processor.py:766} INFO - DAG(s) dict_keys(['example_trigger_controller_dag']) retrieved from /home/airflow/.local/lib/python3.7/site-packages/airflow/example_dags/example_trigger_controller_dag.py
[2022-12-04T21:26:03.232+0000] {logging_mixin.py:137} INFO - [2022-12-04T21:26:03.231+0000] {dag.py:2585} INFO - Sync 1 DAGs
[2022-12-04T21:26:03.249+0000] {logging_mixin.py:137} INFO - [2022-12-04T21:26:03.248+0000] {dag.py:3340} INFO - Setting next_dagrun for example_trigger_controller_dag to 2021-01-01T00:00:00+00:00, run_after=2021-01-01T00:00:00+00:00
[2022-12-04T21:26:03.261+0000] {processor.py:176} INFO - Processing /home/airflow/.local/lib/python3.7/site-packages/airflow/example_dags/example_trigger_controller_dag.py took 0.076 seconds
[2022-12-04T22:34:06.231+0000] {processor.py:154} INFO - Started process (PID=15951) to work on /home/airflow/.local/lib/python3.7/site-packages/airflow/example_dags/example_trigger_controller_dag.py
[2022-12-04T22:34:06.233+0000] {processor.py:756} INFO - Processing file /home/airflow/.local/lib/python3.7/site-packages/airflow/example_dags/example_trigger_controller_dag.py for tasks to queue
[2022-12-04T22:34:06.234+0000] {logging_mixin.py:137} INFO - [2022-12-04T22:34:06.234+0000] {dagbag.py:537} INFO - Filling up the DagBag from /home/airflow/.local/lib/python3.7/site-packages/airflow/example_dags/example_trigger_controller_dag.py
[2022-12-04T22:34:06.244+0000] {processor.py:766} INFO - DAG(s) dict_keys(['example_trigger_controller_dag']) retrieved from /home/airflow/.local/lib/python3.7/site-packages/airflow/example_dags/example_trigger_controller_dag.py
[2022-12-04T22:34:06.277+0000] {logging_mixin.py:137} INFO - [2022-12-04T22:34:06.277+0000] {dag.py:2585} INFO - Sync 1 DAGs
[2022-12-04T22:34:06.297+0000] {logging_mixin.py:137} INFO - [2022-12-04T22:34:06.297+0000] {dag.py:3340} INFO - Setting next_dagrun for example_trigger_controller_dag to 2021-01-01T00:00:00+00:00, run_after=2021-01-01T00:00:00+00:00
[2022-12-04T22:34:06.317+0000] {processor.py:176} INFO - Processing /home/airflow/.local/lib/python3.7/site-packages/airflow/example_dags/example_trigger_controller_dag.py took 0.089 seconds
[2022-12-04T22:52:28.276+0000] {processor.py:154} INFO - Started process (PID=16007) to work on /home/airflow/.local/lib/python3.7/site-packages/airflow/example_dags/example_trigger_controller_dag.py
[2022-12-04T22:52:28.277+0000] {processor.py:756} INFO - Processing file /home/airflow/.local/lib/python3.7/site-packages/airflow/example_dags/example_trigger_controller_dag.py for tasks to queue
[2022-12-04T22:52:28.279+0000] {logging_mixin.py:137} INFO - [2022-12-04T22:52:28.279+0000] {dagbag.py:537} INFO - Filling up the DagBag from /home/airflow/.local/lib/python3.7/site-packages/airflow/example_dags/example_trigger_controller_dag.py
[2022-12-04T22:52:28.290+0000] {processor.py:766} INFO - DAG(s) dict_keys(['example_trigger_controller_dag']) retrieved from /home/airflow/.local/lib/python3.7/site-packages/airflow/example_dags/example_trigger_controller_dag.py
[2022-12-04T22:52:28.320+0000] {logging_mixin.py:137} INFO - [2022-12-04T22:52:28.320+0000] {dag.py:2585} INFO - Sync 1 DAGs
[2022-12-04T22:52:28.339+0000] {logging_mixin.py:137} INFO - [2022-12-04T22:52:28.339+0000] {dag.py:3340} INFO - Setting next_dagrun for example_trigger_controller_dag to 2021-01-01T00:00:00+00:00, run_after=2021-01-01T00:00:00+00:00
[2022-12-04T22:52:28.351+0000] {processor.py:176} INFO - Processing /home/airflow/.local/lib/python3.7/site-packages/airflow/example_dags/example_trigger_controller_dag.py took 0.079 seconds
