[2022-12-04T00:57:33.137+0000] {processor.py:154} INFO - Started process (PID=14879) to work on /home/airflow/.local/lib/python3.7/site-packages/airflow/example_dags/example_short_circuit_decorator.py
[2022-12-04T00:57:33.138+0000] {processor.py:756} INFO - Processing file /home/airflow/.local/lib/python3.7/site-packages/airflow/example_dags/example_short_circuit_decorator.py for tasks to queue
[2022-12-04T00:57:33.139+0000] {logging_mixin.py:137} INFO - [2022-12-04T00:57:33.139+0000] {dagbag.py:537} INFO - Filling up the DagBag from /home/airflow/.local/lib/python3.7/site-packages/airflow/example_dags/example_short_circuit_decorator.py
[2022-12-04T00:57:33.157+0000] {processor.py:766} INFO - DAG(s) dict_keys(['example_short_circuit_decorator']) retrieved from /home/airflow/.local/lib/python3.7/site-packages/airflow/example_dags/example_short_circuit_decorator.py
[2022-12-04T00:57:33.187+0000] {logging_mixin.py:137} INFO - [2022-12-04T00:57:33.187+0000] {dag.py:2585} INFO - Sync 1 DAGs
[2022-12-04T00:57:33.205+0000] {logging_mixin.py:137} INFO - [2022-12-04T00:57:33.205+0000] {dag.py:3340} INFO - Setting next_dagrun for example_short_circuit_decorator to 2022-12-03T00:57:33.204848+00:00, run_after=2022-12-04T00:57:33.204848+00:00
[2022-12-04T00:57:33.218+0000] {processor.py:176} INFO - Processing /home/airflow/.local/lib/python3.7/site-packages/airflow/example_dags/example_short_circuit_decorator.py took 0.085 seconds
[2022-12-04T02:32:53.963+0000] {processor.py:154} INFO - Started process (PID=14947) to work on /home/airflow/.local/lib/python3.7/site-packages/airflow/example_dags/example_short_circuit_decorator.py
[2022-12-04T02:32:53.965+0000] {processor.py:756} INFO - Processing file /home/airflow/.local/lib/python3.7/site-packages/airflow/example_dags/example_short_circuit_decorator.py for tasks to queue
[2022-12-04T02:32:53.966+0000] {logging_mixin.py:137} INFO - [2022-12-04T02:32:53.966+0000] {dagbag.py:537} INFO - Filling up the DagBag from /home/airflow/.local/lib/python3.7/site-packages/airflow/example_dags/example_short_circuit_decorator.py
[2022-12-04T02:32:53.980+0000] {processor.py:766} INFO - DAG(s) dict_keys(['example_short_circuit_decorator']) retrieved from /home/airflow/.local/lib/python3.7/site-packages/airflow/example_dags/example_short_circuit_decorator.py
[2022-12-04T02:32:54.006+0000] {logging_mixin.py:137} INFO - [2022-12-04T02:32:54.006+0000] {dag.py:2585} INFO - Sync 1 DAGs
[2022-12-04T02:32:54.019+0000] {logging_mixin.py:137} INFO - [2022-12-04T02:32:54.019+0000] {dag.py:3340} INFO - Setting next_dagrun for example_short_circuit_decorator to 2022-12-03T02:32:54.019054+00:00, run_after=2022-12-04T02:32:54.019054+00:00
[2022-12-04T02:32:54.030+0000] {processor.py:176} INFO - Processing /home/airflow/.local/lib/python3.7/site-packages/airflow/example_dags/example_short_circuit_decorator.py took 0.068 seconds
[2022-12-04T03:55:40.974+0000] {processor.py:154} INFO - Started process (PID=15015) to work on /home/airflow/.local/lib/python3.7/site-packages/airflow/example_dags/example_short_circuit_decorator.py
[2022-12-04T03:55:40.978+0000] {processor.py:756} INFO - Processing file /home/airflow/.local/lib/python3.7/site-packages/airflow/example_dags/example_short_circuit_decorator.py for tasks to queue
[2022-12-04T03:55:40.980+0000] {logging_mixin.py:137} INFO - [2022-12-04T03:55:40.980+0000] {dagbag.py:537} INFO - Filling up the DagBag from /home/airflow/.local/lib/python3.7/site-packages/airflow/example_dags/example_short_circuit_decorator.py
[2022-12-04T03:55:41.008+0000] {processor.py:766} INFO - DAG(s) dict_keys(['example_short_circuit_decorator']) retrieved from /home/airflow/.local/lib/python3.7/site-packages/airflow/example_dags/example_short_circuit_decorator.py
[2022-12-04T03:55:41.049+0000] {logging_mixin.py:137} INFO - [2022-12-04T03:55:41.048+0000] {dag.py:2585} INFO - Sync 1 DAGs
[2022-12-04T03:55:41.077+0000] {logging_mixin.py:137} INFO - [2022-12-04T03:55:41.077+0000] {dag.py:3340} INFO - Setting next_dagrun for example_short_circuit_decorator to 2022-12-03T03:55:41.076759+00:00, run_after=2022-12-04T03:55:41.076759+00:00
[2022-12-04T03:55:41.099+0000] {processor.py:176} INFO - Processing /home/airflow/.local/lib/python3.7/site-packages/airflow/example_dags/example_short_circuit_decorator.py took 0.131 seconds
[2022-12-04T05:30:17.007+0000] {processor.py:154} INFO - Started process (PID=15083) to work on /home/airflow/.local/lib/python3.7/site-packages/airflow/example_dags/example_short_circuit_decorator.py
[2022-12-04T05:30:17.008+0000] {processor.py:756} INFO - Processing file /home/airflow/.local/lib/python3.7/site-packages/airflow/example_dags/example_short_circuit_decorator.py for tasks to queue
[2022-12-04T05:30:17.010+0000] {logging_mixin.py:137} INFO - [2022-12-04T05:30:17.010+0000] {dagbag.py:537} INFO - Filling up the DagBag from /home/airflow/.local/lib/python3.7/site-packages/airflow/example_dags/example_short_circuit_decorator.py
[2022-12-04T05:30:17.027+0000] {processor.py:766} INFO - DAG(s) dict_keys(['example_short_circuit_decorator']) retrieved from /home/airflow/.local/lib/python3.7/site-packages/airflow/example_dags/example_short_circuit_decorator.py
[2022-12-04T05:30:17.060+0000] {logging_mixin.py:137} INFO - [2022-12-04T05:30:17.060+0000] {dag.py:2585} INFO - Sync 1 DAGs
[2022-12-04T05:30:17.080+0000] {logging_mixin.py:137} INFO - [2022-12-04T05:30:17.080+0000] {dag.py:3340} INFO - Setting next_dagrun for example_short_circuit_decorator to 2022-12-03T05:30:17.080333+00:00, run_after=2022-12-04T05:30:17.080333+00:00
[2022-12-04T05:30:17.097+0000] {processor.py:176} INFO - Processing /home/airflow/.local/lib/python3.7/site-packages/airflow/example_dags/example_short_circuit_decorator.py took 0.094 seconds
[2022-12-04T06:53:36.908+0000] {processor.py:154} INFO - Started process (PID=15139) to work on /home/airflow/.local/lib/python3.7/site-packages/airflow/example_dags/example_short_circuit_decorator.py
[2022-12-04T06:53:36.912+0000] {processor.py:756} INFO - Processing file /home/airflow/.local/lib/python3.7/site-packages/airflow/example_dags/example_short_circuit_decorator.py for tasks to queue
[2022-12-04T06:53:36.914+0000] {logging_mixin.py:137} INFO - [2022-12-04T06:53:36.914+0000] {dagbag.py:537} INFO - Filling up the DagBag from /home/airflow/.local/lib/python3.7/site-packages/airflow/example_dags/example_short_circuit_decorator.py
[2022-12-04T06:53:36.939+0000] {processor.py:766} INFO - DAG(s) dict_keys(['example_short_circuit_decorator']) retrieved from /home/airflow/.local/lib/python3.7/site-packages/airflow/example_dags/example_short_circuit_decorator.py
[2022-12-04T06:53:36.981+0000] {logging_mixin.py:137} INFO - [2022-12-04T06:53:36.981+0000] {dag.py:2585} INFO - Sync 1 DAGs
[2022-12-04T06:53:37.006+0000] {logging_mixin.py:137} INFO - [2022-12-04T06:53:37.006+0000] {dag.py:3340} INFO - Setting next_dagrun for example_short_circuit_decorator to 2022-12-03T06:53:37.005920+00:00, run_after=2022-12-04T06:53:37.005920+00:00
[2022-12-04T06:53:37.027+0000] {processor.py:176} INFO - Processing /home/airflow/.local/lib/python3.7/site-packages/airflow/example_dags/example_short_circuit_decorator.py took 0.122 seconds
[2022-12-04T08:30:43.639+0000] {processor.py:154} INFO - Started process (PID=15206) to work on /home/airflow/.local/lib/python3.7/site-packages/airflow/example_dags/example_short_circuit_decorator.py
[2022-12-04T08:30:43.643+0000] {processor.py:756} INFO - Processing file /home/airflow/.local/lib/python3.7/site-packages/airflow/example_dags/example_short_circuit_decorator.py for tasks to queue
[2022-12-04T08:30:43.644+0000] {logging_mixin.py:137} INFO - [2022-12-04T08:30:43.644+0000] {dagbag.py:537} INFO - Filling up the DagBag from /home/airflow/.local/lib/python3.7/site-packages/airflow/example_dags/example_short_circuit_decorator.py
[2022-12-04T08:30:43.679+0000] {processor.py:766} INFO - DAG(s) dict_keys(['example_short_circuit_decorator']) retrieved from /home/airflow/.local/lib/python3.7/site-packages/airflow/example_dags/example_short_circuit_decorator.py
[2022-12-04T08:30:43.738+0000] {logging_mixin.py:137} INFO - [2022-12-04T08:30:43.738+0000] {dag.py:2585} INFO - Sync 1 DAGs
[2022-12-04T08:30:43.767+0000] {logging_mixin.py:137} INFO - [2022-12-04T08:30:43.767+0000] {dag.py:3340} INFO - Setting next_dagrun for example_short_circuit_decorator to 2022-12-03T08:30:43.767640+00:00, run_after=2022-12-04T08:30:43.767640+00:00
[2022-12-04T08:30:43.800+0000] {processor.py:176} INFO - Processing /home/airflow/.local/lib/python3.7/site-packages/airflow/example_dags/example_short_circuit_decorator.py took 0.164 seconds
[2022-12-04T10:09:29.430+0000] {processor.py:154} INFO - Started process (PID=15273) to work on /home/airflow/.local/lib/python3.7/site-packages/airflow/example_dags/example_short_circuit_decorator.py
[2022-12-04T10:09:29.440+0000] {processor.py:756} INFO - Processing file /home/airflow/.local/lib/python3.7/site-packages/airflow/example_dags/example_short_circuit_decorator.py for tasks to queue
[2022-12-04T10:09:29.441+0000] {logging_mixin.py:137} INFO - [2022-12-04T10:09:29.441+0000] {dagbag.py:537} INFO - Filling up the DagBag from /home/airflow/.local/lib/python3.7/site-packages/airflow/example_dags/example_short_circuit_decorator.py
[2022-12-04T10:09:29.462+0000] {processor.py:766} INFO - DAG(s) dict_keys(['example_short_circuit_decorator']) retrieved from /home/airflow/.local/lib/python3.7/site-packages/airflow/example_dags/example_short_circuit_decorator.py
[2022-12-04T10:09:29.493+0000] {logging_mixin.py:137} INFO - [2022-12-04T10:09:29.493+0000] {dag.py:2585} INFO - Sync 1 DAGs
[2022-12-04T10:09:29.508+0000] {logging_mixin.py:137} INFO - [2022-12-04T10:09:29.508+0000] {dag.py:3340} INFO - Setting next_dagrun for example_short_circuit_decorator to 2022-12-03T10:09:29.507947+00:00, run_after=2022-12-04T10:09:29.507947+00:00
[2022-12-04T10:09:29.522+0000] {processor.py:176} INFO - Processing /home/airflow/.local/lib/python3.7/site-packages/airflow/example_dags/example_short_circuit_decorator.py took 0.095 seconds
[2022-12-04T11:31:34.586+0000] {processor.py:154} INFO - Started process (PID=15337) to work on /home/airflow/.local/lib/python3.7/site-packages/airflow/example_dags/example_short_circuit_decorator.py
[2022-12-04T11:31:34.593+0000] {processor.py:756} INFO - Processing file /home/airflow/.local/lib/python3.7/site-packages/airflow/example_dags/example_short_circuit_decorator.py for tasks to queue
[2022-12-04T11:31:34.595+0000] {logging_mixin.py:137} INFO - [2022-12-04T11:31:34.595+0000] {dagbag.py:537} INFO - Filling up the DagBag from /home/airflow/.local/lib/python3.7/site-packages/airflow/example_dags/example_short_circuit_decorator.py
[2022-12-04T11:31:34.643+0000] {processor.py:766} INFO - DAG(s) dict_keys(['example_short_circuit_decorator']) retrieved from /home/airflow/.local/lib/python3.7/site-packages/airflow/example_dags/example_short_circuit_decorator.py
[2022-12-04T11:31:34.736+0000] {logging_mixin.py:137} INFO - [2022-12-04T11:31:34.736+0000] {dag.py:2585} INFO - Sync 1 DAGs
[2022-12-04T11:31:34.780+0000] {logging_mixin.py:137} INFO - [2022-12-04T11:31:34.780+0000] {dag.py:3340} INFO - Setting next_dagrun for example_short_circuit_decorator to 2022-12-03T11:31:34.780420+00:00, run_after=2022-12-04T11:31:34.780420+00:00
[2022-12-04T11:31:34.820+0000] {processor.py:176} INFO - Processing /home/airflow/.local/lib/python3.7/site-packages/airflow/example_dags/example_short_circuit_decorator.py took 0.240 seconds
[2022-12-04T12:30:14.408+0000] {processor.py:154} INFO - Started process (PID=15396) to work on /home/airflow/.local/lib/python3.7/site-packages/airflow/example_dags/example_short_circuit_decorator.py
[2022-12-04T12:30:14.411+0000] {processor.py:756} INFO - Processing file /home/airflow/.local/lib/python3.7/site-packages/airflow/example_dags/example_short_circuit_decorator.py for tasks to queue
[2022-12-04T12:30:14.413+0000] {logging_mixin.py:137} INFO - [2022-12-04T12:30:14.413+0000] {dagbag.py:537} INFO - Filling up the DagBag from /home/airflow/.local/lib/python3.7/site-packages/airflow/example_dags/example_short_circuit_decorator.py
[2022-12-04T12:30:14.455+0000] {processor.py:766} INFO - DAG(s) dict_keys(['example_short_circuit_decorator']) retrieved from /home/airflow/.local/lib/python3.7/site-packages/airflow/example_dags/example_short_circuit_decorator.py
[2022-12-04T12:30:14.537+0000] {logging_mixin.py:137} INFO - [2022-12-04T12:30:14.537+0000] {dag.py:2585} INFO - Sync 1 DAGs
[2022-12-04T12:30:14.575+0000] {logging_mixin.py:137} INFO - [2022-12-04T12:30:14.574+0000] {dag.py:3340} INFO - Setting next_dagrun for example_short_circuit_decorator to 2022-12-03T12:30:14.574220+00:00, run_after=2022-12-04T12:30:14.574220+00:00
[2022-12-04T12:30:14.607+0000] {processor.py:176} INFO - Processing /home/airflow/.local/lib/python3.7/site-packages/airflow/example_dags/example_short_circuit_decorator.py took 0.207 seconds
[2022-12-04T14:08:56.203+0000] {processor.py:154} INFO - Started process (PID=15467) to work on /home/airflow/.local/lib/python3.7/site-packages/airflow/example_dags/example_short_circuit_decorator.py
[2022-12-04T14:08:56.206+0000] {processor.py:756} INFO - Processing file /home/airflow/.local/lib/python3.7/site-packages/airflow/example_dags/example_short_circuit_decorator.py for tasks to queue
[2022-12-04T14:08:56.208+0000] {logging_mixin.py:137} INFO - [2022-12-04T14:08:56.208+0000] {dagbag.py:537} INFO - Filling up the DagBag from /home/airflow/.local/lib/python3.7/site-packages/airflow/example_dags/example_short_circuit_decorator.py
[2022-12-04T14:08:56.229+0000] {processor.py:766} INFO - DAG(s) dict_keys(['example_short_circuit_decorator']) retrieved from /home/airflow/.local/lib/python3.7/site-packages/airflow/example_dags/example_short_circuit_decorator.py
[2022-12-04T14:08:56.263+0000] {logging_mixin.py:137} INFO - [2022-12-04T14:08:56.263+0000] {dag.py:2585} INFO - Sync 1 DAGs
[2022-12-04T14:08:56.282+0000] {logging_mixin.py:137} INFO - [2022-12-04T14:08:56.282+0000] {dag.py:3340} INFO - Setting next_dagrun for example_short_circuit_decorator to 2022-12-03T14:08:56.282170+00:00, run_after=2022-12-04T14:08:56.282170+00:00
[2022-12-04T14:08:56.295+0000] {processor.py:176} INFO - Processing /home/airflow/.local/lib/python3.7/site-packages/airflow/example_dags/example_short_circuit_decorator.py took 0.095 seconds
[2022-12-04T15:33:46.748+0000] {processor.py:154} INFO - Started process (PID=15537) to work on /home/airflow/.local/lib/python3.7/site-packages/airflow/example_dags/example_short_circuit_decorator.py
[2022-12-04T15:33:46.752+0000] {processor.py:756} INFO - Processing file /home/airflow/.local/lib/python3.7/site-packages/airflow/example_dags/example_short_circuit_decorator.py for tasks to queue
[2022-12-04T15:33:46.756+0000] {logging_mixin.py:137} INFO - [2022-12-04T15:33:46.756+0000] {dagbag.py:537} INFO - Filling up the DagBag from /home/airflow/.local/lib/python3.7/site-packages/airflow/example_dags/example_short_circuit_decorator.py
[2022-12-04T15:33:46.820+0000] {processor.py:766} INFO - DAG(s) dict_keys(['example_short_circuit_decorator']) retrieved from /home/airflow/.local/lib/python3.7/site-packages/airflow/example_dags/example_short_circuit_decorator.py
[2022-12-04T15:33:46.882+0000] {logging_mixin.py:137} INFO - [2022-12-04T15:33:46.882+0000] {dag.py:2585} INFO - Sync 1 DAGs
[2022-12-04T15:33:46.916+0000] {logging_mixin.py:137} INFO - [2022-12-04T15:33:46.916+0000] {dag.py:3340} INFO - Setting next_dagrun for example_short_circuit_decorator to 2022-12-03T15:33:46.916494+00:00, run_after=2022-12-04T15:33:46.916494+00:00
[2022-12-04T15:33:46.943+0000] {processor.py:176} INFO - Processing /home/airflow/.local/lib/python3.7/site-packages/airflow/example_dags/example_short_circuit_decorator.py took 0.202 seconds
[2022-12-04T16:56:19.580+0000] {processor.py:154} INFO - Started process (PID=15605) to work on /home/airflow/.local/lib/python3.7/site-packages/airflow/example_dags/example_short_circuit_decorator.py
[2022-12-04T16:56:19.583+0000] {processor.py:756} INFO - Processing file /home/airflow/.local/lib/python3.7/site-packages/airflow/example_dags/example_short_circuit_decorator.py for tasks to queue
[2022-12-04T16:56:19.586+0000] {logging_mixin.py:137} INFO - [2022-12-04T16:56:19.586+0000] {dagbag.py:537} INFO - Filling up the DagBag from /home/airflow/.local/lib/python3.7/site-packages/airflow/example_dags/example_short_circuit_decorator.py
[2022-12-04T16:56:19.615+0000] {processor.py:766} INFO - DAG(s) dict_keys(['example_short_circuit_decorator']) retrieved from /home/airflow/.local/lib/python3.7/site-packages/airflow/example_dags/example_short_circuit_decorator.py
[2022-12-04T16:56:19.654+0000] {logging_mixin.py:137} INFO - [2022-12-04T16:56:19.654+0000] {dag.py:2585} INFO - Sync 1 DAGs
[2022-12-04T16:56:19.672+0000] {logging_mixin.py:137} INFO - [2022-12-04T16:56:19.671+0000] {dag.py:3340} INFO - Setting next_dagrun for example_short_circuit_decorator to 2022-12-03T16:56:19.671835+00:00, run_after=2022-12-04T16:56:19.671835+00:00
[2022-12-04T16:56:19.684+0000] {processor.py:176} INFO - Processing /home/airflow/.local/lib/python3.7/site-packages/airflow/example_dags/example_short_circuit_decorator.py took 0.106 seconds
[2022-12-04T18:19:31.407+0000] {processor.py:154} INFO - Started process (PID=15663) to work on /home/airflow/.local/lib/python3.7/site-packages/airflow/example_dags/example_short_circuit_decorator.py
[2022-12-04T18:19:31.408+0000] {processor.py:756} INFO - Processing file /home/airflow/.local/lib/python3.7/site-packages/airflow/example_dags/example_short_circuit_decorator.py for tasks to queue
[2022-12-04T18:19:31.409+0000] {logging_mixin.py:137} INFO - [2022-12-04T18:19:31.409+0000] {dagbag.py:537} INFO - Filling up the DagBag from /home/airflow/.local/lib/python3.7/site-packages/airflow/example_dags/example_short_circuit_decorator.py
[2022-12-04T18:19:31.423+0000] {processor.py:766} INFO - DAG(s) dict_keys(['example_short_circuit_decorator']) retrieved from /home/airflow/.local/lib/python3.7/site-packages/airflow/example_dags/example_short_circuit_decorator.py
[2022-12-04T18:19:31.449+0000] {logging_mixin.py:137} INFO - [2022-12-04T18:19:31.449+0000] {dag.py:2585} INFO - Sync 1 DAGs
[2022-12-04T18:19:31.462+0000] {logging_mixin.py:137} INFO - [2022-12-04T18:19:31.462+0000] {dag.py:3340} INFO - Setting next_dagrun for example_short_circuit_decorator to 2022-12-03T18:19:31.462776+00:00, run_after=2022-12-04T18:19:31.462776+00:00
[2022-12-04T18:19:31.473+0000] {processor.py:176} INFO - Processing /home/airflow/.local/lib/python3.7/site-packages/airflow/example_dags/example_short_circuit_decorator.py took 0.069 seconds
[2022-12-04T19:16:11.779+0000] {processor.py:154} INFO - Started process (PID=15737) to work on /home/airflow/.local/lib/python3.7/site-packages/airflow/example_dags/example_short_circuit_decorator.py
[2022-12-04T19:16:11.780+0000] {processor.py:756} INFO - Processing file /home/airflow/.local/lib/python3.7/site-packages/airflow/example_dags/example_short_circuit_decorator.py for tasks to queue
[2022-12-04T19:16:11.782+0000] {logging_mixin.py:137} INFO - [2022-12-04T19:16:11.781+0000] {dagbag.py:537} INFO - Filling up the DagBag from /home/airflow/.local/lib/python3.7/site-packages/airflow/example_dags/example_short_circuit_decorator.py
[2022-12-04T19:16:11.797+0000] {processor.py:766} INFO - DAG(s) dict_keys(['example_short_circuit_decorator']) retrieved from /home/airflow/.local/lib/python3.7/site-packages/airflow/example_dags/example_short_circuit_decorator.py
[2022-12-04T19:16:11.826+0000] {logging_mixin.py:137} INFO - [2022-12-04T19:16:11.826+0000] {dag.py:2585} INFO - Sync 1 DAGs
[2022-12-04T19:16:11.841+0000] {logging_mixin.py:137} INFO - [2022-12-04T19:16:11.841+0000] {dag.py:3340} INFO - Setting next_dagrun for example_short_circuit_decorator to 2022-12-03T19:16:11.841573+00:00, run_after=2022-12-04T19:16:11.841573+00:00
[2022-12-04T19:16:11.854+0000] {processor.py:176} INFO - Processing /home/airflow/.local/lib/python3.7/site-packages/airflow/example_dags/example_short_circuit_decorator.py took 0.077 seconds
[2022-12-04T20:04:50.838+0000] {processor.py:154} INFO - Started process (PID=15805) to work on /home/airflow/.local/lib/python3.7/site-packages/airflow/example_dags/example_short_circuit_decorator.py
[2022-12-04T20:04:50.840+0000] {processor.py:756} INFO - Processing file /home/airflow/.local/lib/python3.7/site-packages/airflow/example_dags/example_short_circuit_decorator.py for tasks to queue
[2022-12-04T20:04:50.842+0000] {logging_mixin.py:137} INFO - [2022-12-04T20:04:50.842+0000] {dagbag.py:537} INFO - Filling up the DagBag from /home/airflow/.local/lib/python3.7/site-packages/airflow/example_dags/example_short_circuit_decorator.py
[2022-12-04T20:04:50.859+0000] {processor.py:766} INFO - DAG(s) dict_keys(['example_short_circuit_decorator']) retrieved from /home/airflow/.local/lib/python3.7/site-packages/airflow/example_dags/example_short_circuit_decorator.py
[2022-12-04T20:04:50.887+0000] {logging_mixin.py:137} INFO - [2022-12-04T20:04:50.887+0000] {dag.py:2585} INFO - Sync 1 DAGs
[2022-12-04T20:04:50.902+0000] {logging_mixin.py:137} INFO - [2022-12-04T20:04:50.902+0000] {dag.py:3340} INFO - Setting next_dagrun for example_short_circuit_decorator to 2022-12-03T20:04:50.902688+00:00, run_after=2022-12-04T20:04:50.902688+00:00
[2022-12-04T20:04:50.915+0000] {processor.py:176} INFO - Processing /home/airflow/.local/lib/python3.7/site-packages/airflow/example_dags/example_short_circuit_decorator.py took 0.079 seconds
[2022-12-04T21:26:02.301+0000] {processor.py:154} INFO - Started process (PID=15877) to work on /home/airflow/.local/lib/python3.7/site-packages/airflow/example_dags/example_short_circuit_decorator.py
[2022-12-04T21:26:02.309+0000] {processor.py:756} INFO - Processing file /home/airflow/.local/lib/python3.7/site-packages/airflow/example_dags/example_short_circuit_decorator.py for tasks to queue
[2022-12-04T21:26:02.312+0000] {logging_mixin.py:137} INFO - [2022-12-04T21:26:02.312+0000] {dagbag.py:537} INFO - Filling up the DagBag from /home/airflow/.local/lib/python3.7/site-packages/airflow/example_dags/example_short_circuit_decorator.py
[2022-12-04T21:26:02.364+0000] {processor.py:766} INFO - DAG(s) dict_keys(['example_short_circuit_decorator']) retrieved from /home/airflow/.local/lib/python3.7/site-packages/airflow/example_dags/example_short_circuit_decorator.py
[2022-12-04T21:26:02.432+0000] {logging_mixin.py:137} INFO - [2022-12-04T21:26:02.431+0000] {dag.py:2585} INFO - Sync 1 DAGs
[2022-12-04T21:26:02.466+0000] {logging_mixin.py:137} INFO - [2022-12-04T21:26:02.465+0000] {dag.py:3340} INFO - Setting next_dagrun for example_short_circuit_decorator to 2022-12-03T21:26:02.465645+00:00, run_after=2022-12-04T21:26:02.465645+00:00
[2022-12-04T21:26:02.501+0000] {processor.py:176} INFO - Processing /home/airflow/.local/lib/python3.7/site-packages/airflow/example_dags/example_short_circuit_decorator.py took 0.204 seconds
[2022-12-04T22:34:04.897+0000] {processor.py:154} INFO - Started process (PID=15933) to work on /home/airflow/.local/lib/python3.7/site-packages/airflow/example_dags/example_short_circuit_decorator.py
[2022-12-04T22:34:04.899+0000] {processor.py:756} INFO - Processing file /home/airflow/.local/lib/python3.7/site-packages/airflow/example_dags/example_short_circuit_decorator.py for tasks to queue
[2022-12-04T22:34:04.901+0000] {logging_mixin.py:137} INFO - [2022-12-04T22:34:04.901+0000] {dagbag.py:537} INFO - Filling up the DagBag from /home/airflow/.local/lib/python3.7/site-packages/airflow/example_dags/example_short_circuit_decorator.py
[2022-12-04T22:34:04.921+0000] {processor.py:766} INFO - DAG(s) dict_keys(['example_short_circuit_decorator']) retrieved from /home/airflow/.local/lib/python3.7/site-packages/airflow/example_dags/example_short_circuit_decorator.py
[2022-12-04T22:34:04.993+0000] {logging_mixin.py:137} INFO - [2022-12-04T22:34:04.993+0000] {dag.py:2585} INFO - Sync 1 DAGs
[2022-12-04T22:34:05.019+0000] {logging_mixin.py:137} INFO - [2022-12-04T22:34:05.019+0000] {dag.py:3340} INFO - Setting next_dagrun for example_short_circuit_decorator to 2022-12-03T22:34:05.019165+00:00, run_after=2022-12-04T22:34:05.019165+00:00
[2022-12-04T22:34:05.050+0000] {processor.py:176} INFO - Processing /home/airflow/.local/lib/python3.7/site-packages/airflow/example_dags/example_short_circuit_decorator.py took 0.155 seconds
[2022-12-04T22:52:26.987+0000] {processor.py:154} INFO - Started process (PID=15997) to work on /home/airflow/.local/lib/python3.7/site-packages/airflow/example_dags/example_short_circuit_decorator.py
[2022-12-04T22:52:26.989+0000] {processor.py:756} INFO - Processing file /home/airflow/.local/lib/python3.7/site-packages/airflow/example_dags/example_short_circuit_decorator.py for tasks to queue
[2022-12-04T22:52:26.990+0000] {logging_mixin.py:137} INFO - [2022-12-04T22:52:26.990+0000] {dagbag.py:537} INFO - Filling up the DagBag from /home/airflow/.local/lib/python3.7/site-packages/airflow/example_dags/example_short_circuit_decorator.py
[2022-12-04T22:52:27.004+0000] {processor.py:766} INFO - DAG(s) dict_keys(['example_short_circuit_decorator']) retrieved from /home/airflow/.local/lib/python3.7/site-packages/airflow/example_dags/example_short_circuit_decorator.py
[2022-12-04T22:52:27.029+0000] {logging_mixin.py:137} INFO - [2022-12-04T22:52:27.029+0000] {dag.py:2585} INFO - Sync 1 DAGs
[2022-12-04T22:52:27.045+0000] {logging_mixin.py:137} INFO - [2022-12-04T22:52:27.045+0000] {dag.py:3340} INFO - Setting next_dagrun for example_short_circuit_decorator to 2022-12-03T22:52:27.045137+00:00, run_after=2022-12-04T22:52:27.045137+00:00
[2022-12-04T22:52:27.058+0000] {processor.py:176} INFO - Processing /home/airflow/.local/lib/python3.7/site-packages/airflow/example_dags/example_short_circuit_decorator.py took 0.073 seconds
