[2022-12-04T00:57:32.688+0000] {processor.py:154} INFO - Started process (PID=14876) to work on /home/airflow/.local/lib/python3.7/site-packages/airflow/example_dags/example_short_circuit_operator.py
[2022-12-04T00:57:32.693+0000] {processor.py:756} INFO - Processing file /home/airflow/.local/lib/python3.7/site-packages/airflow/example_dags/example_short_circuit_operator.py for tasks to queue
[2022-12-04T00:57:32.703+0000] {logging_mixin.py:137} INFO - [2022-12-04T00:57:32.703+0000] {dagbag.py:537} INFO - Filling up the DagBag from /home/airflow/.local/lib/python3.7/site-packages/airflow/example_dags/example_short_circuit_operator.py
[2022-12-04T00:57:32.761+0000] {processor.py:766} INFO - DAG(s) dict_keys(['example_short_circuit_operator']) retrieved from /home/airflow/.local/lib/python3.7/site-packages/airflow/example_dags/example_short_circuit_operator.py
[2022-12-04T00:57:32.844+0000] {logging_mixin.py:137} INFO - [2022-12-04T00:57:32.844+0000] {dag.py:2585} INFO - Sync 1 DAGs
[2022-12-04T00:57:32.894+0000] {logging_mixin.py:137} INFO - [2022-12-04T00:57:32.893+0000] {dag.py:3340} INFO - Setting next_dagrun for example_short_circuit_operator to 2022-12-03T00:57:32.893391+00:00, run_after=2022-12-04T00:57:32.893391+00:00
[2022-12-04T00:57:32.925+0000] {processor.py:176} INFO - Processing /home/airflow/.local/lib/python3.7/site-packages/airflow/example_dags/example_short_circuit_operator.py took 0.242 seconds
[2022-12-04T02:32:53.787+0000] {processor.py:154} INFO - Started process (PID=14944) to work on /home/airflow/.local/lib/python3.7/site-packages/airflow/example_dags/example_short_circuit_operator.py
[2022-12-04T02:32:53.789+0000] {processor.py:756} INFO - Processing file /home/airflow/.local/lib/python3.7/site-packages/airflow/example_dags/example_short_circuit_operator.py for tasks to queue
[2022-12-04T02:32:53.790+0000] {logging_mixin.py:137} INFO - [2022-12-04T02:32:53.790+0000] {dagbag.py:537} INFO - Filling up the DagBag from /home/airflow/.local/lib/python3.7/site-packages/airflow/example_dags/example_short_circuit_operator.py
[2022-12-04T02:32:53.801+0000] {processor.py:766} INFO - DAG(s) dict_keys(['example_short_circuit_operator']) retrieved from /home/airflow/.local/lib/python3.7/site-packages/airflow/example_dags/example_short_circuit_operator.py
[2022-12-04T02:32:53.829+0000] {logging_mixin.py:137} INFO - [2022-12-04T02:32:53.829+0000] {dag.py:2585} INFO - Sync 1 DAGs
[2022-12-04T02:32:53.843+0000] {logging_mixin.py:137} INFO - [2022-12-04T02:32:53.843+0000] {dag.py:3340} INFO - Setting next_dagrun for example_short_circuit_operator to 2022-12-03T02:32:53.843729+00:00, run_after=2022-12-04T02:32:53.843729+00:00
[2022-12-04T02:32:53.856+0000] {processor.py:176} INFO - Processing /home/airflow/.local/lib/python3.7/site-packages/airflow/example_dags/example_short_circuit_operator.py took 0.070 seconds
[2022-12-04T03:55:40.708+0000] {processor.py:154} INFO - Started process (PID=15012) to work on /home/airflow/.local/lib/python3.7/site-packages/airflow/example_dags/example_short_circuit_operator.py
[2022-12-04T03:55:40.709+0000] {processor.py:756} INFO - Processing file /home/airflow/.local/lib/python3.7/site-packages/airflow/example_dags/example_short_circuit_operator.py for tasks to queue
[2022-12-04T03:55:40.710+0000] {logging_mixin.py:137} INFO - [2022-12-04T03:55:40.710+0000] {dagbag.py:537} INFO - Filling up the DagBag from /home/airflow/.local/lib/python3.7/site-packages/airflow/example_dags/example_short_circuit_operator.py
[2022-12-04T03:55:40.725+0000] {processor.py:766} INFO - DAG(s) dict_keys(['example_short_circuit_operator']) retrieved from /home/airflow/.local/lib/python3.7/site-packages/airflow/example_dags/example_short_circuit_operator.py
[2022-12-04T03:55:40.753+0000] {logging_mixin.py:137} INFO - [2022-12-04T03:55:40.753+0000] {dag.py:2585} INFO - Sync 1 DAGs
[2022-12-04T03:55:40.769+0000] {logging_mixin.py:137} INFO - [2022-12-04T03:55:40.769+0000] {dag.py:3340} INFO - Setting next_dagrun for example_short_circuit_operator to 2022-12-03T03:55:40.769009+00:00, run_after=2022-12-04T03:55:40.769009+00:00
[2022-12-04T03:55:40.782+0000] {processor.py:176} INFO - Processing /home/airflow/.local/lib/python3.7/site-packages/airflow/example_dags/example_short_circuit_operator.py took 0.077 seconds
[2022-12-04T05:30:16.608+0000] {processor.py:154} INFO - Started process (PID=15080) to work on /home/airflow/.local/lib/python3.7/site-packages/airflow/example_dags/example_short_circuit_operator.py
[2022-12-04T05:30:16.612+0000] {processor.py:756} INFO - Processing file /home/airflow/.local/lib/python3.7/site-packages/airflow/example_dags/example_short_circuit_operator.py for tasks to queue
[2022-12-04T05:30:16.615+0000] {logging_mixin.py:137} INFO - [2022-12-04T05:30:16.614+0000] {dagbag.py:537} INFO - Filling up the DagBag from /home/airflow/.local/lib/python3.7/site-packages/airflow/example_dags/example_short_circuit_operator.py
[2022-12-04T05:30:16.670+0000] {processor.py:766} INFO - DAG(s) dict_keys(['example_short_circuit_operator']) retrieved from /home/airflow/.local/lib/python3.7/site-packages/airflow/example_dags/example_short_circuit_operator.py
[2022-12-04T05:30:16.782+0000] {logging_mixin.py:137} INFO - [2022-12-04T05:30:16.782+0000] {dag.py:2585} INFO - Sync 1 DAGs
[2022-12-04T05:30:16.844+0000] {logging_mixin.py:137} INFO - [2022-12-04T05:30:16.844+0000] {dag.py:3340} INFO - Setting next_dagrun for example_short_circuit_operator to 2022-12-03T05:30:16.844191+00:00, run_after=2022-12-04T05:30:16.844191+00:00
[2022-12-04T05:30:16.867+0000] {processor.py:176} INFO - Processing /home/airflow/.local/lib/python3.7/site-packages/airflow/example_dags/example_short_circuit_operator.py took 0.273 seconds
[2022-12-04T06:53:36.571+0000] {processor.py:154} INFO - Started process (PID=15136) to work on /home/airflow/.local/lib/python3.7/site-packages/airflow/example_dags/example_short_circuit_operator.py
[2022-12-04T06:53:36.572+0000] {processor.py:756} INFO - Processing file /home/airflow/.local/lib/python3.7/site-packages/airflow/example_dags/example_short_circuit_operator.py for tasks to queue
[2022-12-04T06:53:36.574+0000] {logging_mixin.py:137} INFO - [2022-12-04T06:53:36.574+0000] {dagbag.py:537} INFO - Filling up the DagBag from /home/airflow/.local/lib/python3.7/site-packages/airflow/example_dags/example_short_circuit_operator.py
[2022-12-04T06:53:36.589+0000] {processor.py:766} INFO - DAG(s) dict_keys(['example_short_circuit_operator']) retrieved from /home/airflow/.local/lib/python3.7/site-packages/airflow/example_dags/example_short_circuit_operator.py
[2022-12-04T06:53:36.631+0000] {logging_mixin.py:137} INFO - [2022-12-04T06:53:36.630+0000] {dag.py:2585} INFO - Sync 1 DAGs
[2022-12-04T06:53:36.657+0000] {logging_mixin.py:137} INFO - [2022-12-04T06:53:36.657+0000] {dag.py:3340} INFO - Setting next_dagrun for example_short_circuit_operator to 2022-12-03T06:53:36.657402+00:00, run_after=2022-12-04T06:53:36.657402+00:00
[2022-12-04T06:53:36.683+0000] {processor.py:176} INFO - Processing /home/airflow/.local/lib/python3.7/site-packages/airflow/example_dags/example_short_circuit_operator.py took 0.115 seconds
[2022-12-04T08:30:43.287+0000] {processor.py:154} INFO - Started process (PID=15203) to work on /home/airflow/.local/lib/python3.7/site-packages/airflow/example_dags/example_short_circuit_operator.py
[2022-12-04T08:30:43.293+0000] {processor.py:756} INFO - Processing file /home/airflow/.local/lib/python3.7/site-packages/airflow/example_dags/example_short_circuit_operator.py for tasks to queue
[2022-12-04T08:30:43.295+0000] {logging_mixin.py:137} INFO - [2022-12-04T08:30:43.295+0000] {dagbag.py:537} INFO - Filling up the DagBag from /home/airflow/.local/lib/python3.7/site-packages/airflow/example_dags/example_short_circuit_operator.py
[2022-12-04T08:30:43.320+0000] {processor.py:766} INFO - DAG(s) dict_keys(['example_short_circuit_operator']) retrieved from /home/airflow/.local/lib/python3.7/site-packages/airflow/example_dags/example_short_circuit_operator.py
[2022-12-04T08:30:43.372+0000] {logging_mixin.py:137} INFO - [2022-12-04T08:30:43.372+0000] {dag.py:2585} INFO - Sync 1 DAGs
[2022-12-04T08:30:43.399+0000] {logging_mixin.py:137} INFO - [2022-12-04T08:30:43.399+0000] {dag.py:3340} INFO - Setting next_dagrun for example_short_circuit_operator to 2022-12-03T08:30:43.398826+00:00, run_after=2022-12-04T08:30:43.398826+00:00
[2022-12-04T08:30:43.424+0000] {processor.py:176} INFO - Processing /home/airflow/.local/lib/python3.7/site-packages/airflow/example_dags/example_short_circuit_operator.py took 0.140 seconds
[2022-12-04T10:09:29.090+0000] {processor.py:154} INFO - Started process (PID=15270) to work on /home/airflow/.local/lib/python3.7/site-packages/airflow/example_dags/example_short_circuit_operator.py
[2022-12-04T10:09:29.096+0000] {processor.py:756} INFO - Processing file /home/airflow/.local/lib/python3.7/site-packages/airflow/example_dags/example_short_circuit_operator.py for tasks to queue
[2022-12-04T10:09:29.098+0000] {logging_mixin.py:137} INFO - [2022-12-04T10:09:29.098+0000] {dagbag.py:537} INFO - Filling up the DagBag from /home/airflow/.local/lib/python3.7/site-packages/airflow/example_dags/example_short_circuit_operator.py
[2022-12-04T10:09:29.142+0000] {processor.py:766} INFO - DAG(s) dict_keys(['example_short_circuit_operator']) retrieved from /home/airflow/.local/lib/python3.7/site-packages/airflow/example_dags/example_short_circuit_operator.py
[2022-12-04T10:09:29.210+0000] {logging_mixin.py:137} INFO - [2022-12-04T10:09:29.210+0000] {dag.py:2585} INFO - Sync 1 DAGs
[2022-12-04T10:09:29.242+0000] {logging_mixin.py:137} INFO - [2022-12-04T10:09:29.241+0000] {dag.py:3340} INFO - Setting next_dagrun for example_short_circuit_operator to 2022-12-03T10:09:29.241495+00:00, run_after=2022-12-04T10:09:29.241495+00:00
[2022-12-04T10:09:29.280+0000] {processor.py:176} INFO - Processing /home/airflow/.local/lib/python3.7/site-packages/airflow/example_dags/example_short_circuit_operator.py took 0.196 seconds
[2022-12-04T11:31:34.092+0000] {processor.py:154} INFO - Started process (PID=15334) to work on /home/airflow/.local/lib/python3.7/site-packages/airflow/example_dags/example_short_circuit_operator.py
[2022-12-04T11:31:34.096+0000] {processor.py:756} INFO - Processing file /home/airflow/.local/lib/python3.7/site-packages/airflow/example_dags/example_short_circuit_operator.py for tasks to queue
[2022-12-04T11:31:34.098+0000] {logging_mixin.py:137} INFO - [2022-12-04T11:31:34.097+0000] {dagbag.py:537} INFO - Filling up the DagBag from /home/airflow/.local/lib/python3.7/site-packages/airflow/example_dags/example_short_circuit_operator.py
[2022-12-04T11:31:34.128+0000] {processor.py:766} INFO - DAG(s) dict_keys(['example_short_circuit_operator']) retrieved from /home/airflow/.local/lib/python3.7/site-packages/airflow/example_dags/example_short_circuit_operator.py
[2022-12-04T11:31:34.205+0000] {logging_mixin.py:137} INFO - [2022-12-04T11:31:34.205+0000] {dag.py:2585} INFO - Sync 1 DAGs
[2022-12-04T11:31:34.243+0000] {logging_mixin.py:137} INFO - [2022-12-04T11:31:34.243+0000] {dag.py:3340} INFO - Setting next_dagrun for example_short_circuit_operator to 2022-12-03T11:31:34.242817+00:00, run_after=2022-12-04T11:31:34.242817+00:00
[2022-12-04T11:31:34.269+0000] {processor.py:176} INFO - Processing /home/airflow/.local/lib/python3.7/site-packages/airflow/example_dags/example_short_circuit_operator.py took 0.181 seconds
[2022-12-04T12:30:13.896+0000] {processor.py:154} INFO - Started process (PID=15393) to work on /home/airflow/.local/lib/python3.7/site-packages/airflow/example_dags/example_short_circuit_operator.py
[2022-12-04T12:30:13.898+0000] {processor.py:756} INFO - Processing file /home/airflow/.local/lib/python3.7/site-packages/airflow/example_dags/example_short_circuit_operator.py for tasks to queue
[2022-12-04T12:30:13.900+0000] {logging_mixin.py:137} INFO - [2022-12-04T12:30:13.900+0000] {dagbag.py:537} INFO - Filling up the DagBag from /home/airflow/.local/lib/python3.7/site-packages/airflow/example_dags/example_short_circuit_operator.py
[2022-12-04T12:30:13.980+0000] {processor.py:766} INFO - DAG(s) dict_keys(['example_short_circuit_operator']) retrieved from /home/airflow/.local/lib/python3.7/site-packages/airflow/example_dags/example_short_circuit_operator.py
[2022-12-04T12:30:14.109+0000] {logging_mixin.py:137} INFO - [2022-12-04T12:30:14.108+0000] {dag.py:2585} INFO - Sync 1 DAGs
[2022-12-04T12:30:14.147+0000] {logging_mixin.py:137} INFO - [2022-12-04T12:30:14.147+0000] {dag.py:3340} INFO - Setting next_dagrun for example_short_circuit_operator to 2022-12-03T12:30:14.147682+00:00, run_after=2022-12-04T12:30:14.147682+00:00
[2022-12-04T12:30:14.173+0000] {processor.py:176} INFO - Processing /home/airflow/.local/lib/python3.7/site-packages/airflow/example_dags/example_short_circuit_operator.py took 0.307 seconds
[2022-12-04T14:08:55.781+0000] {processor.py:154} INFO - Started process (PID=15464) to work on /home/airflow/.local/lib/python3.7/site-packages/airflow/example_dags/example_short_circuit_operator.py
[2022-12-04T14:08:55.784+0000] {processor.py:756} INFO - Processing file /home/airflow/.local/lib/python3.7/site-packages/airflow/example_dags/example_short_circuit_operator.py for tasks to queue
[2022-12-04T14:08:55.786+0000] {logging_mixin.py:137} INFO - [2022-12-04T14:08:55.786+0000] {dagbag.py:537} INFO - Filling up the DagBag from /home/airflow/.local/lib/python3.7/site-packages/airflow/example_dags/example_short_circuit_operator.py
[2022-12-04T14:08:55.819+0000] {processor.py:766} INFO - DAG(s) dict_keys(['example_short_circuit_operator']) retrieved from /home/airflow/.local/lib/python3.7/site-packages/airflow/example_dags/example_short_circuit_operator.py
[2022-12-04T14:08:55.908+0000] {logging_mixin.py:137} INFO - [2022-12-04T14:08:55.907+0000] {dag.py:2585} INFO - Sync 1 DAGs
[2022-12-04T14:08:55.944+0000] {logging_mixin.py:137} INFO - [2022-12-04T14:08:55.944+0000] {dag.py:3340} INFO - Setting next_dagrun for example_short_circuit_operator to 2022-12-03T14:08:55.944043+00:00, run_after=2022-12-04T14:08:55.944043+00:00
[2022-12-04T14:08:55.980+0000] {processor.py:176} INFO - Processing /home/airflow/.local/lib/python3.7/site-packages/airflow/example_dags/example_short_circuit_operator.py took 0.209 seconds
[2022-12-04T15:33:46.091+0000] {processor.py:154} INFO - Started process (PID=15534) to work on /home/airflow/.local/lib/python3.7/site-packages/airflow/example_dags/example_short_circuit_operator.py
[2022-12-04T15:33:46.132+0000] {processor.py:756} INFO - Processing file /home/airflow/.local/lib/python3.7/site-packages/airflow/example_dags/example_short_circuit_operator.py for tasks to queue
[2022-12-04T15:33:46.142+0000] {logging_mixin.py:137} INFO - [2022-12-04T15:33:46.142+0000] {dagbag.py:537} INFO - Filling up the DagBag from /home/airflow/.local/lib/python3.7/site-packages/airflow/example_dags/example_short_circuit_operator.py
[2022-12-04T15:33:46.206+0000] {processor.py:766} INFO - DAG(s) dict_keys(['example_short_circuit_operator']) retrieved from /home/airflow/.local/lib/python3.7/site-packages/airflow/example_dags/example_short_circuit_operator.py
[2022-12-04T15:33:46.281+0000] {logging_mixin.py:137} INFO - [2022-12-04T15:33:46.281+0000] {dag.py:2585} INFO - Sync 1 DAGs
[2022-12-04T15:33:46.325+0000] {logging_mixin.py:137} INFO - [2022-12-04T15:33:46.325+0000] {dag.py:3340} INFO - Setting next_dagrun for example_short_circuit_operator to 2022-12-03T15:33:46.325380+00:00, run_after=2022-12-04T15:33:46.325380+00:00
[2022-12-04T15:33:46.383+0000] {processor.py:176} INFO - Processing /home/airflow/.local/lib/python3.7/site-packages/airflow/example_dags/example_short_circuit_operator.py took 0.296 seconds
[2022-12-04T16:56:18.730+0000] {processor.py:154} INFO - Started process (PID=15602) to work on /home/airflow/.local/lib/python3.7/site-packages/airflow/example_dags/example_short_circuit_operator.py
[2022-12-04T16:56:18.737+0000] {processor.py:756} INFO - Processing file /home/airflow/.local/lib/python3.7/site-packages/airflow/example_dags/example_short_circuit_operator.py for tasks to queue
[2022-12-04T16:56:18.739+0000] {logging_mixin.py:137} INFO - [2022-12-04T16:56:18.739+0000] {dagbag.py:537} INFO - Filling up the DagBag from /home/airflow/.local/lib/python3.7/site-packages/airflow/example_dags/example_short_circuit_operator.py
[2022-12-04T16:56:18.793+0000] {processor.py:766} INFO - DAG(s) dict_keys(['example_short_circuit_operator']) retrieved from /home/airflow/.local/lib/python3.7/site-packages/airflow/example_dags/example_short_circuit_operator.py
[2022-12-04T16:56:18.858+0000] {logging_mixin.py:137} INFO - [2022-12-04T16:56:18.858+0000] {dag.py:2585} INFO - Sync 1 DAGs
[2022-12-04T16:56:18.901+0000] {logging_mixin.py:137} INFO - [2022-12-04T16:56:18.901+0000] {dag.py:3340} INFO - Setting next_dagrun for example_short_circuit_operator to 2022-12-03T16:56:18.901322+00:00, run_after=2022-12-04T16:56:18.901322+00:00
[2022-12-04T16:56:18.926+0000] {processor.py:176} INFO - Processing /home/airflow/.local/lib/python3.7/site-packages/airflow/example_dags/example_short_circuit_operator.py took 0.203 seconds
[2022-12-04T18:19:31.224+0000] {processor.py:154} INFO - Started process (PID=15660) to work on /home/airflow/.local/lib/python3.7/site-packages/airflow/example_dags/example_short_circuit_operator.py
[2022-12-04T18:19:31.226+0000] {processor.py:756} INFO - Processing file /home/airflow/.local/lib/python3.7/site-packages/airflow/example_dags/example_short_circuit_operator.py for tasks to queue
[2022-12-04T18:19:31.227+0000] {logging_mixin.py:137} INFO - [2022-12-04T18:19:31.227+0000] {dagbag.py:537} INFO - Filling up the DagBag from /home/airflow/.local/lib/python3.7/site-packages/airflow/example_dags/example_short_circuit_operator.py
[2022-12-04T18:19:31.238+0000] {processor.py:766} INFO - DAG(s) dict_keys(['example_short_circuit_operator']) retrieved from /home/airflow/.local/lib/python3.7/site-packages/airflow/example_dags/example_short_circuit_operator.py
[2022-12-04T18:19:31.267+0000] {logging_mixin.py:137} INFO - [2022-12-04T18:19:31.267+0000] {dag.py:2585} INFO - Sync 1 DAGs
[2022-12-04T18:19:31.283+0000] {logging_mixin.py:137} INFO - [2022-12-04T18:19:31.282+0000] {dag.py:3340} INFO - Setting next_dagrun for example_short_circuit_operator to 2022-12-03T18:19:31.282862+00:00, run_after=2022-12-04T18:19:31.282862+00:00
[2022-12-04T18:19:31.294+0000] {processor.py:176} INFO - Processing /home/airflow/.local/lib/python3.7/site-packages/airflow/example_dags/example_short_circuit_operator.py took 0.072 seconds
[2022-12-04T19:16:11.587+0000] {processor.py:154} INFO - Started process (PID=15734) to work on /home/airflow/.local/lib/python3.7/site-packages/airflow/example_dags/example_short_circuit_operator.py
[2022-12-04T19:16:11.589+0000] {processor.py:756} INFO - Processing file /home/airflow/.local/lib/python3.7/site-packages/airflow/example_dags/example_short_circuit_operator.py for tasks to queue
[2022-12-04T19:16:11.590+0000] {logging_mixin.py:137} INFO - [2022-12-04T19:16:11.590+0000] {dagbag.py:537} INFO - Filling up the DagBag from /home/airflow/.local/lib/python3.7/site-packages/airflow/example_dags/example_short_circuit_operator.py
[2022-12-04T19:16:11.606+0000] {processor.py:766} INFO - DAG(s) dict_keys(['example_short_circuit_operator']) retrieved from /home/airflow/.local/lib/python3.7/site-packages/airflow/example_dags/example_short_circuit_operator.py
[2022-12-04T19:16:11.636+0000] {logging_mixin.py:137} INFO - [2022-12-04T19:16:11.636+0000] {dag.py:2585} INFO - Sync 1 DAGs
[2022-12-04T19:16:11.654+0000] {logging_mixin.py:137} INFO - [2022-12-04T19:16:11.653+0000] {dag.py:3340} INFO - Setting next_dagrun for example_short_circuit_operator to 2022-12-03T19:16:11.653782+00:00, run_after=2022-12-04T19:16:11.653782+00:00
[2022-12-04T19:16:11.666+0000] {processor.py:176} INFO - Processing /home/airflow/.local/lib/python3.7/site-packages/airflow/example_dags/example_short_circuit_operator.py took 0.084 seconds
[2022-12-04T20:04:50.530+0000] {processor.py:154} INFO - Started process (PID=15802) to work on /home/airflow/.local/lib/python3.7/site-packages/airflow/example_dags/example_short_circuit_operator.py
[2022-12-04T20:04:50.536+0000] {processor.py:756} INFO - Processing file /home/airflow/.local/lib/python3.7/site-packages/airflow/example_dags/example_short_circuit_operator.py for tasks to queue
[2022-12-04T20:04:50.539+0000] {logging_mixin.py:137} INFO - [2022-12-04T20:04:50.539+0000] {dagbag.py:537} INFO - Filling up the DagBag from /home/airflow/.local/lib/python3.7/site-packages/airflow/example_dags/example_short_circuit_operator.py
[2022-12-04T20:04:50.591+0000] {processor.py:766} INFO - DAG(s) dict_keys(['example_short_circuit_operator']) retrieved from /home/airflow/.local/lib/python3.7/site-packages/airflow/example_dags/example_short_circuit_operator.py
[2022-12-04T20:04:50.667+0000] {logging_mixin.py:137} INFO - [2022-12-04T20:04:50.667+0000] {dag.py:2585} INFO - Sync 1 DAGs
[2022-12-04T20:04:50.688+0000] {logging_mixin.py:137} INFO - [2022-12-04T20:04:50.688+0000] {dag.py:3340} INFO - Setting next_dagrun for example_short_circuit_operator to 2022-12-03T20:04:50.688128+00:00, run_after=2022-12-04T20:04:50.688128+00:00
[2022-12-04T20:04:50.706+0000] {processor.py:176} INFO - Processing /home/airflow/.local/lib/python3.7/site-packages/airflow/example_dags/example_short_circuit_operator.py took 0.190 seconds
[2022-12-04T21:26:01.842+0000] {processor.py:154} INFO - Started process (PID=15874) to work on /home/airflow/.local/lib/python3.7/site-packages/airflow/example_dags/example_short_circuit_operator.py
[2022-12-04T21:26:01.847+0000] {processor.py:756} INFO - Processing file /home/airflow/.local/lib/python3.7/site-packages/airflow/example_dags/example_short_circuit_operator.py for tasks to queue
[2022-12-04T21:26:01.851+0000] {logging_mixin.py:137} INFO - [2022-12-04T21:26:01.851+0000] {dagbag.py:537} INFO - Filling up the DagBag from /home/airflow/.local/lib/python3.7/site-packages/airflow/example_dags/example_short_circuit_operator.py
[2022-12-04T21:26:01.904+0000] {processor.py:766} INFO - DAG(s) dict_keys(['example_short_circuit_operator']) retrieved from /home/airflow/.local/lib/python3.7/site-packages/airflow/example_dags/example_short_circuit_operator.py
[2022-12-04T21:26:01.978+0000] {logging_mixin.py:137} INFO - [2022-12-04T21:26:01.978+0000] {dag.py:2585} INFO - Sync 1 DAGs
[2022-12-04T21:26:02.009+0000] {logging_mixin.py:137} INFO - [2022-12-04T21:26:02.009+0000] {dag.py:3340} INFO - Setting next_dagrun for example_short_circuit_operator to 2022-12-03T21:26:02.009382+00:00, run_after=2022-12-04T21:26:02.009382+00:00
[2022-12-04T21:26:02.034+0000] {processor.py:176} INFO - Processing /home/airflow/.local/lib/python3.7/site-packages/airflow/example_dags/example_short_circuit_operator.py took 0.207 seconds
[2022-12-04T22:34:04.657+0000] {processor.py:154} INFO - Started process (PID=15930) to work on /home/airflow/.local/lib/python3.7/site-packages/airflow/example_dags/example_short_circuit_operator.py
[2022-12-04T22:34:04.658+0000] {processor.py:756} INFO - Processing file /home/airflow/.local/lib/python3.7/site-packages/airflow/example_dags/example_short_circuit_operator.py for tasks to queue
[2022-12-04T22:34:04.659+0000] {logging_mixin.py:137} INFO - [2022-12-04T22:34:04.659+0000] {dagbag.py:537} INFO - Filling up the DagBag from /home/airflow/.local/lib/python3.7/site-packages/airflow/example_dags/example_short_circuit_operator.py
[2022-12-04T22:34:04.673+0000] {processor.py:766} INFO - DAG(s) dict_keys(['example_short_circuit_operator']) retrieved from /home/airflow/.local/lib/python3.7/site-packages/airflow/example_dags/example_short_circuit_operator.py
[2022-12-04T22:34:04.729+0000] {logging_mixin.py:137} INFO - [2022-12-04T22:34:04.729+0000] {dag.py:2585} INFO - Sync 1 DAGs
[2022-12-04T22:34:04.756+0000] {logging_mixin.py:137} INFO - [2022-12-04T22:34:04.756+0000] {dag.py:3340} INFO - Setting next_dagrun for example_short_circuit_operator to 2022-12-03T22:34:04.755875+00:00, run_after=2022-12-04T22:34:04.755875+00:00
[2022-12-04T22:34:04.774+0000] {processor.py:176} INFO - Processing /home/airflow/.local/lib/python3.7/site-packages/airflow/example_dags/example_short_circuit_operator.py took 0.121 seconds
[2022-12-04T22:52:26.763+0000] {processor.py:154} INFO - Started process (PID=15994) to work on /home/airflow/.local/lib/python3.7/site-packages/airflow/example_dags/example_short_circuit_operator.py
[2022-12-04T22:52:26.768+0000] {processor.py:756} INFO - Processing file /home/airflow/.local/lib/python3.7/site-packages/airflow/example_dags/example_short_circuit_operator.py for tasks to queue
[2022-12-04T22:52:26.770+0000] {logging_mixin.py:137} INFO - [2022-12-04T22:52:26.770+0000] {dagbag.py:537} INFO - Filling up the DagBag from /home/airflow/.local/lib/python3.7/site-packages/airflow/example_dags/example_short_circuit_operator.py
[2022-12-04T22:52:26.796+0000] {processor.py:766} INFO - DAG(s) dict_keys(['example_short_circuit_operator']) retrieved from /home/airflow/.local/lib/python3.7/site-packages/airflow/example_dags/example_short_circuit_operator.py
[2022-12-04T22:52:26.839+0000] {logging_mixin.py:137} INFO - [2022-12-04T22:52:26.838+0000] {dag.py:2585} INFO - Sync 1 DAGs
[2022-12-04T22:52:26.856+0000] {logging_mixin.py:137} INFO - [2022-12-04T22:52:26.856+0000] {dag.py:3340} INFO - Setting next_dagrun for example_short_circuit_operator to 2022-12-03T22:52:26.855888+00:00, run_after=2022-12-04T22:52:26.855888+00:00
[2022-12-04T22:52:26.872+0000] {processor.py:176} INFO - Processing /home/airflow/.local/lib/python3.7/site-packages/airflow/example_dags/example_short_circuit_operator.py took 0.113 seconds
