[2022-12-04T00:57:33.721+0000] {processor.py:154} INFO - Started process (PID=14885) to work on /home/airflow/.local/lib/python3.7/site-packages/airflow/example_dags/example_external_task_marker_dag.py
[2022-12-04T00:57:33.723+0000] {processor.py:756} INFO - Processing file /home/airflow/.local/lib/python3.7/site-packages/airflow/example_dags/example_external_task_marker_dag.py for tasks to queue
[2022-12-04T00:57:33.725+0000] {logging_mixin.py:137} INFO - [2022-12-04T00:57:33.725+0000] {dagbag.py:537} INFO - Filling up the DagBag from /home/airflow/.local/lib/python3.7/site-packages/airflow/example_dags/example_external_task_marker_dag.py
[2022-12-04T00:57:33.739+0000] {processor.py:766} INFO - DAG(s) dict_keys(['example_external_task_marker_parent', 'example_external_task_marker_child']) retrieved from /home/airflow/.local/lib/python3.7/site-packages/airflow/example_dags/example_external_task_marker_dag.py
[2022-12-04T00:57:33.859+0000] {logging_mixin.py:137} INFO - [2022-12-04T00:57:33.859+0000] {dag.py:2585} INFO - Sync 2 DAGs
[2022-12-04T00:57:33.875+0000] {logging_mixin.py:137} INFO - [2022-12-04T00:57:33.875+0000] {dag.py:3340} INFO - Setting next_dagrun for example_external_task_marker_child to None, run_after=None
[2022-12-04T00:57:33.885+0000] {logging_mixin.py:137} INFO - [2022-12-04T00:57:33.885+0000] {dag.py:3340} INFO - Setting next_dagrun for example_external_task_marker_parent to None, run_after=None
[2022-12-04T00:57:33.898+0000] {processor.py:176} INFO - Processing /home/airflow/.local/lib/python3.7/site-packages/airflow/example_dags/example_external_task_marker_dag.py took 0.181 seconds
[2022-12-04T02:32:54.322+0000] {processor.py:154} INFO - Started process (PID=14953) to work on /home/airflow/.local/lib/python3.7/site-packages/airflow/example_dags/example_external_task_marker_dag.py
[2022-12-04T02:32:54.325+0000] {processor.py:756} INFO - Processing file /home/airflow/.local/lib/python3.7/site-packages/airflow/example_dags/example_external_task_marker_dag.py for tasks to queue
[2022-12-04T02:32:54.326+0000] {logging_mixin.py:137} INFO - [2022-12-04T02:32:54.326+0000] {dagbag.py:537} INFO - Filling up the DagBag from /home/airflow/.local/lib/python3.7/site-packages/airflow/example_dags/example_external_task_marker_dag.py
[2022-12-04T02:32:54.340+0000] {processor.py:766} INFO - DAG(s) dict_keys(['example_external_task_marker_parent', 'example_external_task_marker_child']) retrieved from /home/airflow/.local/lib/python3.7/site-packages/airflow/example_dags/example_external_task_marker_dag.py
[2022-12-04T02:32:54.485+0000] {logging_mixin.py:137} INFO - [2022-12-04T02:32:54.485+0000] {dag.py:2585} INFO - Sync 2 DAGs
[2022-12-04T02:32:54.509+0000] {logging_mixin.py:137} INFO - [2022-12-04T02:32:54.509+0000] {dag.py:3340} INFO - Setting next_dagrun for example_external_task_marker_child to None, run_after=None
[2022-12-04T02:32:54.520+0000] {logging_mixin.py:137} INFO - [2022-12-04T02:32:54.518+0000] {dag.py:3340} INFO - Setting next_dagrun for example_external_task_marker_parent to None, run_after=None
[2022-12-04T02:32:54.554+0000] {processor.py:176} INFO - Processing /home/airflow/.local/lib/python3.7/site-packages/airflow/example_dags/example_external_task_marker_dag.py took 0.235 seconds
[2022-12-04T03:55:41.527+0000] {processor.py:154} INFO - Started process (PID=15021) to work on /home/airflow/.local/lib/python3.7/site-packages/airflow/example_dags/example_external_task_marker_dag.py
[2022-12-04T03:55:41.532+0000] {processor.py:756} INFO - Processing file /home/airflow/.local/lib/python3.7/site-packages/airflow/example_dags/example_external_task_marker_dag.py for tasks to queue
[2022-12-04T03:55:41.535+0000] {logging_mixin.py:137} INFO - [2022-12-04T03:55:41.535+0000] {dagbag.py:537} INFO - Filling up the DagBag from /home/airflow/.local/lib/python3.7/site-packages/airflow/example_dags/example_external_task_marker_dag.py
[2022-12-04T03:55:41.550+0000] {processor.py:766} INFO - DAG(s) dict_keys(['example_external_task_marker_child', 'example_external_task_marker_parent']) retrieved from /home/airflow/.local/lib/python3.7/site-packages/airflow/example_dags/example_external_task_marker_dag.py
[2022-12-04T03:55:41.666+0000] {logging_mixin.py:137} INFO - [2022-12-04T03:55:41.666+0000] {dag.py:2585} INFO - Sync 2 DAGs
[2022-12-04T03:55:41.681+0000] {logging_mixin.py:137} INFO - [2022-12-04T03:55:41.681+0000] {dag.py:3340} INFO - Setting next_dagrun for example_external_task_marker_child to None, run_after=None
[2022-12-04T03:55:41.684+0000] {logging_mixin.py:137} INFO - [2022-12-04T03:55:41.684+0000] {dag.py:3340} INFO - Setting next_dagrun for example_external_task_marker_parent to None, run_after=None
[2022-12-04T03:55:41.695+0000] {processor.py:176} INFO - Processing /home/airflow/.local/lib/python3.7/site-packages/airflow/example_dags/example_external_task_marker_dag.py took 0.171 seconds
[2022-12-04T05:30:17.455+0000] {processor.py:154} INFO - Started process (PID=15089) to work on /home/airflow/.local/lib/python3.7/site-packages/airflow/example_dags/example_external_task_marker_dag.py
[2022-12-04T05:30:17.456+0000] {processor.py:756} INFO - Processing file /home/airflow/.local/lib/python3.7/site-packages/airflow/example_dags/example_external_task_marker_dag.py for tasks to queue
[2022-12-04T05:30:17.457+0000] {logging_mixin.py:137} INFO - [2022-12-04T05:30:17.457+0000] {dagbag.py:537} INFO - Filling up the DagBag from /home/airflow/.local/lib/python3.7/site-packages/airflow/example_dags/example_external_task_marker_dag.py
[2022-12-04T05:30:17.467+0000] {processor.py:766} INFO - DAG(s) dict_keys(['example_external_task_marker_child', 'example_external_task_marker_parent']) retrieved from /home/airflow/.local/lib/python3.7/site-packages/airflow/example_dags/example_external_task_marker_dag.py
[2022-12-04T05:30:17.573+0000] {logging_mixin.py:137} INFO - [2022-12-04T05:30:17.572+0000] {dag.py:2585} INFO - Sync 2 DAGs
[2022-12-04T05:30:17.587+0000] {logging_mixin.py:137} INFO - [2022-12-04T05:30:17.587+0000] {dag.py:3340} INFO - Setting next_dagrun for example_external_task_marker_child to None, run_after=None
[2022-12-04T05:30:17.590+0000] {logging_mixin.py:137} INFO - [2022-12-04T05:30:17.589+0000] {dag.py:3340} INFO - Setting next_dagrun for example_external_task_marker_parent to None, run_after=None
[2022-12-04T05:30:17.602+0000] {processor.py:176} INFO - Processing /home/airflow/.local/lib/python3.7/site-packages/airflow/example_dags/example_external_task_marker_dag.py took 0.149 seconds
[2022-12-04T06:53:37.480+0000] {processor.py:154} INFO - Started process (PID=15145) to work on /home/airflow/.local/lib/python3.7/site-packages/airflow/example_dags/example_external_task_marker_dag.py
[2022-12-04T06:53:37.482+0000] {processor.py:756} INFO - Processing file /home/airflow/.local/lib/python3.7/site-packages/airflow/example_dags/example_external_task_marker_dag.py for tasks to queue
[2022-12-04T06:53:37.483+0000] {logging_mixin.py:137} INFO - [2022-12-04T06:53:37.483+0000] {dagbag.py:537} INFO - Filling up the DagBag from /home/airflow/.local/lib/python3.7/site-packages/airflow/example_dags/example_external_task_marker_dag.py
[2022-12-04T06:53:37.495+0000] {processor.py:766} INFO - DAG(s) dict_keys(['example_external_task_marker_child', 'example_external_task_marker_parent']) retrieved from /home/airflow/.local/lib/python3.7/site-packages/airflow/example_dags/example_external_task_marker_dag.py
[2022-12-04T06:53:37.611+0000] {logging_mixin.py:137} INFO - [2022-12-04T06:53:37.611+0000] {dag.py:2585} INFO - Sync 2 DAGs
[2022-12-04T06:53:37.627+0000] {logging_mixin.py:137} INFO - [2022-12-04T06:53:37.627+0000] {dag.py:3340} INFO - Setting next_dagrun for example_external_task_marker_child to None, run_after=None
[2022-12-04T06:53:37.630+0000] {logging_mixin.py:137} INFO - [2022-12-04T06:53:37.630+0000] {dag.py:3340} INFO - Setting next_dagrun for example_external_task_marker_parent to None, run_after=None
[2022-12-04T06:53:37.643+0000] {processor.py:176} INFO - Processing /home/airflow/.local/lib/python3.7/site-packages/airflow/example_dags/example_external_task_marker_dag.py took 0.165 seconds
[2022-12-04T08:30:44.297+0000] {processor.py:154} INFO - Started process (PID=15212) to work on /home/airflow/.local/lib/python3.7/site-packages/airflow/example_dags/example_external_task_marker_dag.py
[2022-12-04T08:30:44.299+0000] {processor.py:756} INFO - Processing file /home/airflow/.local/lib/python3.7/site-packages/airflow/example_dags/example_external_task_marker_dag.py for tasks to queue
[2022-12-04T08:30:44.301+0000] {logging_mixin.py:137} INFO - [2022-12-04T08:30:44.300+0000] {dagbag.py:537} INFO - Filling up the DagBag from /home/airflow/.local/lib/python3.7/site-packages/airflow/example_dags/example_external_task_marker_dag.py
[2022-12-04T08:30:44.310+0000] {processor.py:766} INFO - DAG(s) dict_keys(['example_external_task_marker_child', 'example_external_task_marker_parent']) retrieved from /home/airflow/.local/lib/python3.7/site-packages/airflow/example_dags/example_external_task_marker_dag.py
[2022-12-04T08:30:44.415+0000] {logging_mixin.py:137} INFO - [2022-12-04T08:30:44.415+0000] {dag.py:2585} INFO - Sync 2 DAGs
[2022-12-04T08:30:44.429+0000] {logging_mixin.py:137} INFO - [2022-12-04T08:30:44.429+0000] {dag.py:3340} INFO - Setting next_dagrun for example_external_task_marker_child to None, run_after=None
[2022-12-04T08:30:44.432+0000] {logging_mixin.py:137} INFO - [2022-12-04T08:30:44.432+0000] {dag.py:3340} INFO - Setting next_dagrun for example_external_task_marker_parent to None, run_after=None
[2022-12-04T08:30:44.442+0000] {processor.py:176} INFO - Processing /home/airflow/.local/lib/python3.7/site-packages/airflow/example_dags/example_external_task_marker_dag.py took 0.148 seconds
[2022-12-04T10:09:29.811+0000] {processor.py:154} INFO - Started process (PID=15279) to work on /home/airflow/.local/lib/python3.7/site-packages/airflow/example_dags/example_external_task_marker_dag.py
[2022-12-04T10:09:29.813+0000] {processor.py:756} INFO - Processing file /home/airflow/.local/lib/python3.7/site-packages/airflow/example_dags/example_external_task_marker_dag.py for tasks to queue
[2022-12-04T10:09:29.814+0000] {logging_mixin.py:137} INFO - [2022-12-04T10:09:29.814+0000] {dagbag.py:537} INFO - Filling up the DagBag from /home/airflow/.local/lib/python3.7/site-packages/airflow/example_dags/example_external_task_marker_dag.py
[2022-12-04T10:09:29.823+0000] {processor.py:766} INFO - DAG(s) dict_keys(['example_external_task_marker_child', 'example_external_task_marker_parent']) retrieved from /home/airflow/.local/lib/python3.7/site-packages/airflow/example_dags/example_external_task_marker_dag.py
[2022-12-04T10:09:29.927+0000] {logging_mixin.py:137} INFO - [2022-12-04T10:09:29.927+0000] {dag.py:2585} INFO - Sync 2 DAGs
[2022-12-04T10:09:29.942+0000] {logging_mixin.py:137} INFO - [2022-12-04T10:09:29.942+0000] {dag.py:3340} INFO - Setting next_dagrun for example_external_task_marker_child to None, run_after=None
[2022-12-04T10:09:29.946+0000] {logging_mixin.py:137} INFO - [2022-12-04T10:09:29.946+0000] {dag.py:3340} INFO - Setting next_dagrun for example_external_task_marker_parent to None, run_after=None
[2022-12-04T10:09:29.958+0000] {processor.py:176} INFO - Processing /home/airflow/.local/lib/python3.7/site-packages/airflow/example_dags/example_external_task_marker_dag.py took 0.149 seconds
[2022-12-04T11:31:35.720+0000] {processor.py:154} INFO - Started process (PID=15343) to work on /home/airflow/.local/lib/python3.7/site-packages/airflow/example_dags/example_external_task_marker_dag.py
[2022-12-04T11:31:35.722+0000] {processor.py:756} INFO - Processing file /home/airflow/.local/lib/python3.7/site-packages/airflow/example_dags/example_external_task_marker_dag.py for tasks to queue
[2022-12-04T11:31:35.723+0000] {logging_mixin.py:137} INFO - [2022-12-04T11:31:35.723+0000] {dagbag.py:537} INFO - Filling up the DagBag from /home/airflow/.local/lib/python3.7/site-packages/airflow/example_dags/example_external_task_marker_dag.py
[2022-12-04T11:31:35.733+0000] {processor.py:766} INFO - DAG(s) dict_keys(['example_external_task_marker_parent', 'example_external_task_marker_child']) retrieved from /home/airflow/.local/lib/python3.7/site-packages/airflow/example_dags/example_external_task_marker_dag.py
[2022-12-04T11:31:35.881+0000] {logging_mixin.py:137} INFO - [2022-12-04T11:31:35.881+0000] {dag.py:2585} INFO - Sync 2 DAGs
[2022-12-04T11:31:35.897+0000] {logging_mixin.py:137} INFO - [2022-12-04T11:31:35.897+0000] {dag.py:3340} INFO - Setting next_dagrun for example_external_task_marker_child to None, run_after=None
[2022-12-04T11:31:35.900+0000] {logging_mixin.py:137} INFO - [2022-12-04T11:31:35.900+0000] {dag.py:3340} INFO - Setting next_dagrun for example_external_task_marker_parent to None, run_after=None
[2022-12-04T11:31:35.915+0000] {processor.py:176} INFO - Processing /home/airflow/.local/lib/python3.7/site-packages/airflow/example_dags/example_external_task_marker_dag.py took 0.197 seconds
[2022-12-04T12:30:15.618+0000] {processor.py:154} INFO - Started process (PID=15415) to work on /home/airflow/.local/lib/python3.7/site-packages/airflow/example_dags/example_external_task_marker_dag.py
[2022-12-04T12:30:15.623+0000] {processor.py:756} INFO - Processing file /home/airflow/.local/lib/python3.7/site-packages/airflow/example_dags/example_external_task_marker_dag.py for tasks to queue
[2022-12-04T12:30:15.630+0000] {logging_mixin.py:137} INFO - [2022-12-04T12:30:15.630+0000] {dagbag.py:537} INFO - Filling up the DagBag from /home/airflow/.local/lib/python3.7/site-packages/airflow/example_dags/example_external_task_marker_dag.py
[2022-12-04T12:30:15.643+0000] {processor.py:766} INFO - DAG(s) dict_keys(['example_external_task_marker_parent', 'example_external_task_marker_child']) retrieved from /home/airflow/.local/lib/python3.7/site-packages/airflow/example_dags/example_external_task_marker_dag.py
[2022-12-04T12:30:15.837+0000] {logging_mixin.py:137} INFO - [2022-12-04T12:30:15.836+0000] {dag.py:2585} INFO - Sync 2 DAGs
[2022-12-04T12:30:15.875+0000] {logging_mixin.py:137} INFO - [2022-12-04T12:30:15.875+0000] {dag.py:3340} INFO - Setting next_dagrun for example_external_task_marker_child to None, run_after=None
[2022-12-04T12:30:15.890+0000] {logging_mixin.py:137} INFO - [2022-12-04T12:30:15.890+0000] {dag.py:3340} INFO - Setting next_dagrun for example_external_task_marker_parent to None, run_after=None
[2022-12-04T12:30:15.913+0000] {processor.py:176} INFO - Processing /home/airflow/.local/lib/python3.7/site-packages/airflow/example_dags/example_external_task_marker_dag.py took 0.299 seconds
[2022-12-04T14:08:56.612+0000] {processor.py:154} INFO - Started process (PID=15473) to work on /home/airflow/.local/lib/python3.7/site-packages/airflow/example_dags/example_external_task_marker_dag.py
[2022-12-04T14:08:56.614+0000] {processor.py:756} INFO - Processing file /home/airflow/.local/lib/python3.7/site-packages/airflow/example_dags/example_external_task_marker_dag.py for tasks to queue
[2022-12-04T14:08:56.615+0000] {logging_mixin.py:137} INFO - [2022-12-04T14:08:56.615+0000] {dagbag.py:537} INFO - Filling up the DagBag from /home/airflow/.local/lib/python3.7/site-packages/airflow/example_dags/example_external_task_marker_dag.py
[2022-12-04T14:08:56.626+0000] {processor.py:766} INFO - DAG(s) dict_keys(['example_external_task_marker_parent', 'example_external_task_marker_child']) retrieved from /home/airflow/.local/lib/python3.7/site-packages/airflow/example_dags/example_external_task_marker_dag.py
[2022-12-04T14:08:56.730+0000] {logging_mixin.py:137} INFO - [2022-12-04T14:08:56.730+0000] {dag.py:2585} INFO - Sync 2 DAGs
[2022-12-04T14:08:56.745+0000] {logging_mixin.py:137} INFO - [2022-12-04T14:08:56.745+0000] {dag.py:3340} INFO - Setting next_dagrun for example_external_task_marker_child to None, run_after=None
[2022-12-04T14:08:56.749+0000] {logging_mixin.py:137} INFO - [2022-12-04T14:08:56.749+0000] {dag.py:3340} INFO - Setting next_dagrun for example_external_task_marker_parent to None, run_after=None
[2022-12-04T14:08:56.761+0000] {processor.py:176} INFO - Processing /home/airflow/.local/lib/python3.7/site-packages/airflow/example_dags/example_external_task_marker_dag.py took 0.151 seconds
[2022-12-04T15:33:47.293+0000] {processor.py:154} INFO - Started process (PID=15543) to work on /home/airflow/.local/lib/python3.7/site-packages/airflow/example_dags/example_external_task_marker_dag.py
[2022-12-04T15:33:47.295+0000] {processor.py:756} INFO - Processing file /home/airflow/.local/lib/python3.7/site-packages/airflow/example_dags/example_external_task_marker_dag.py for tasks to queue
[2022-12-04T15:33:47.296+0000] {logging_mixin.py:137} INFO - [2022-12-04T15:33:47.296+0000] {dagbag.py:537} INFO - Filling up the DagBag from /home/airflow/.local/lib/python3.7/site-packages/airflow/example_dags/example_external_task_marker_dag.py
[2022-12-04T15:33:47.306+0000] {processor.py:766} INFO - DAG(s) dict_keys(['example_external_task_marker_child', 'example_external_task_marker_parent']) retrieved from /home/airflow/.local/lib/python3.7/site-packages/airflow/example_dags/example_external_task_marker_dag.py
[2022-12-04T15:33:47.428+0000] {logging_mixin.py:137} INFO - [2022-12-04T15:33:47.428+0000] {dag.py:2585} INFO - Sync 2 DAGs
[2022-12-04T15:33:47.448+0000] {logging_mixin.py:137} INFO - [2022-12-04T15:33:47.448+0000] {dag.py:3340} INFO - Setting next_dagrun for example_external_task_marker_child to None, run_after=None
[2022-12-04T15:33:47.451+0000] {logging_mixin.py:137} INFO - [2022-12-04T15:33:47.451+0000] {dag.py:3340} INFO - Setting next_dagrun for example_external_task_marker_parent to None, run_after=None
[2022-12-04T15:33:47.466+0000] {processor.py:176} INFO - Processing /home/airflow/.local/lib/python3.7/site-packages/airflow/example_dags/example_external_task_marker_dag.py took 0.175 seconds
[2022-12-04T16:56:20.074+0000] {processor.py:154} INFO - Started process (PID=15611) to work on /home/airflow/.local/lib/python3.7/site-packages/airflow/example_dags/example_external_task_marker_dag.py
[2022-12-04T16:56:20.076+0000] {processor.py:756} INFO - Processing file /home/airflow/.local/lib/python3.7/site-packages/airflow/example_dags/example_external_task_marker_dag.py for tasks to queue
[2022-12-04T16:56:20.077+0000] {logging_mixin.py:137} INFO - [2022-12-04T16:56:20.077+0000] {dagbag.py:537} INFO - Filling up the DagBag from /home/airflow/.local/lib/python3.7/site-packages/airflow/example_dags/example_external_task_marker_dag.py
[2022-12-04T16:56:20.086+0000] {processor.py:766} INFO - DAG(s) dict_keys(['example_external_task_marker_parent', 'example_external_task_marker_child']) retrieved from /home/airflow/.local/lib/python3.7/site-packages/airflow/example_dags/example_external_task_marker_dag.py
[2022-12-04T16:56:20.201+0000] {logging_mixin.py:137} INFO - [2022-12-04T16:56:20.200+0000] {dag.py:2585} INFO - Sync 2 DAGs
[2022-12-04T16:56:20.218+0000] {logging_mixin.py:137} INFO - [2022-12-04T16:56:20.218+0000] {dag.py:3340} INFO - Setting next_dagrun for example_external_task_marker_child to None, run_after=None
[2022-12-04T16:56:20.221+0000] {logging_mixin.py:137} INFO - [2022-12-04T16:56:20.221+0000] {dag.py:3340} INFO - Setting next_dagrun for example_external_task_marker_parent to None, run_after=None
[2022-12-04T16:56:20.231+0000] {processor.py:176} INFO - Processing /home/airflow/.local/lib/python3.7/site-packages/airflow/example_dags/example_external_task_marker_dag.py took 0.159 seconds
[2022-12-04T18:19:31.754+0000] {processor.py:154} INFO - Started process (PID=15669) to work on /home/airflow/.local/lib/python3.7/site-packages/airflow/example_dags/example_external_task_marker_dag.py
[2022-12-04T18:19:31.756+0000] {processor.py:756} INFO - Processing file /home/airflow/.local/lib/python3.7/site-packages/airflow/example_dags/example_external_task_marker_dag.py for tasks to queue
[2022-12-04T18:19:31.757+0000] {logging_mixin.py:137} INFO - [2022-12-04T18:19:31.757+0000] {dagbag.py:537} INFO - Filling up the DagBag from /home/airflow/.local/lib/python3.7/site-packages/airflow/example_dags/example_external_task_marker_dag.py
[2022-12-04T18:19:31.767+0000] {processor.py:766} INFO - DAG(s) dict_keys(['example_external_task_marker_child', 'example_external_task_marker_parent']) retrieved from /home/airflow/.local/lib/python3.7/site-packages/airflow/example_dags/example_external_task_marker_dag.py
[2022-12-04T18:19:31.882+0000] {logging_mixin.py:137} INFO - [2022-12-04T18:19:31.882+0000] {dag.py:2585} INFO - Sync 2 DAGs
[2022-12-04T18:19:31.899+0000] {logging_mixin.py:137} INFO - [2022-12-04T18:19:31.899+0000] {dag.py:3340} INFO - Setting next_dagrun for example_external_task_marker_child to None, run_after=None
[2022-12-04T18:19:31.904+0000] {logging_mixin.py:137} INFO - [2022-12-04T18:19:31.904+0000] {dag.py:3340} INFO - Setting next_dagrun for example_external_task_marker_parent to None, run_after=None
[2022-12-04T18:19:31.921+0000] {processor.py:176} INFO - Processing /home/airflow/.local/lib/python3.7/site-packages/airflow/example_dags/example_external_task_marker_dag.py took 0.169 seconds
[2022-12-04T19:16:12.178+0000] {processor.py:154} INFO - Started process (PID=15743) to work on /home/airflow/.local/lib/python3.7/site-packages/airflow/example_dags/example_external_task_marker_dag.py
[2022-12-04T19:16:12.180+0000] {processor.py:756} INFO - Processing file /home/airflow/.local/lib/python3.7/site-packages/airflow/example_dags/example_external_task_marker_dag.py for tasks to queue
[2022-12-04T19:16:12.182+0000] {logging_mixin.py:137} INFO - [2022-12-04T19:16:12.182+0000] {dagbag.py:537} INFO - Filling up the DagBag from /home/airflow/.local/lib/python3.7/site-packages/airflow/example_dags/example_external_task_marker_dag.py
[2022-12-04T19:16:12.195+0000] {processor.py:766} INFO - DAG(s) dict_keys(['example_external_task_marker_child', 'example_external_task_marker_parent']) retrieved from /home/airflow/.local/lib/python3.7/site-packages/airflow/example_dags/example_external_task_marker_dag.py
[2022-12-04T19:16:12.356+0000] {logging_mixin.py:137} INFO - [2022-12-04T19:16:12.356+0000] {dag.py:2585} INFO - Sync 2 DAGs
[2022-12-04T19:16:12.410+0000] {logging_mixin.py:137} INFO - [2022-12-04T19:16:12.410+0000] {dag.py:3340} INFO - Setting next_dagrun for example_external_task_marker_child to None, run_after=None
[2022-12-04T19:16:12.417+0000] {logging_mixin.py:137} INFO - [2022-12-04T19:16:12.416+0000] {dag.py:3340} INFO - Setting next_dagrun for example_external_task_marker_parent to None, run_after=None
[2022-12-04T19:16:12.458+0000] {processor.py:176} INFO - Processing /home/airflow/.local/lib/python3.7/site-packages/airflow/example_dags/example_external_task_marker_dag.py took 0.283 seconds
[2022-12-04T20:04:51.236+0000] {processor.py:154} INFO - Started process (PID=15811) to work on /home/airflow/.local/lib/python3.7/site-packages/airflow/example_dags/example_external_task_marker_dag.py
[2022-12-04T20:04:51.237+0000] {processor.py:756} INFO - Processing file /home/airflow/.local/lib/python3.7/site-packages/airflow/example_dags/example_external_task_marker_dag.py for tasks to queue
[2022-12-04T20:04:51.238+0000] {logging_mixin.py:137} INFO - [2022-12-04T20:04:51.238+0000] {dagbag.py:537} INFO - Filling up the DagBag from /home/airflow/.local/lib/python3.7/site-packages/airflow/example_dags/example_external_task_marker_dag.py
[2022-12-04T20:04:51.249+0000] {processor.py:766} INFO - DAG(s) dict_keys(['example_external_task_marker_parent', 'example_external_task_marker_child']) retrieved from /home/airflow/.local/lib/python3.7/site-packages/airflow/example_dags/example_external_task_marker_dag.py
[2022-12-04T20:04:51.364+0000] {logging_mixin.py:137} INFO - [2022-12-04T20:04:51.364+0000] {dag.py:2585} INFO - Sync 2 DAGs
[2022-12-04T20:04:51.379+0000] {logging_mixin.py:137} INFO - [2022-12-04T20:04:51.378+0000] {dag.py:3340} INFO - Setting next_dagrun for example_external_task_marker_child to None, run_after=None
[2022-12-04T20:04:51.382+0000] {logging_mixin.py:137} INFO - [2022-12-04T20:04:51.381+0000] {dag.py:3340} INFO - Setting next_dagrun for example_external_task_marker_parent to None, run_after=None
[2022-12-04T20:04:51.392+0000] {processor.py:176} INFO - Processing /home/airflow/.local/lib/python3.7/site-packages/airflow/example_dags/example_external_task_marker_dag.py took 0.159 seconds
[2022-12-04T21:26:02.904+0000] {processor.py:154} INFO - Started process (PID=15883) to work on /home/airflow/.local/lib/python3.7/site-packages/airflow/example_dags/example_external_task_marker_dag.py
[2022-12-04T21:26:02.907+0000] {processor.py:756} INFO - Processing file /home/airflow/.local/lib/python3.7/site-packages/airflow/example_dags/example_external_task_marker_dag.py for tasks to queue
[2022-12-04T21:26:02.908+0000] {logging_mixin.py:137} INFO - [2022-12-04T21:26:02.908+0000] {dagbag.py:537} INFO - Filling up the DagBag from /home/airflow/.local/lib/python3.7/site-packages/airflow/example_dags/example_external_task_marker_dag.py
[2022-12-04T21:26:02.918+0000] {processor.py:766} INFO - DAG(s) dict_keys(['example_external_task_marker_child', 'example_external_task_marker_parent']) retrieved from /home/airflow/.local/lib/python3.7/site-packages/airflow/example_dags/example_external_task_marker_dag.py
[2022-12-04T21:26:03.037+0000] {logging_mixin.py:137} INFO - [2022-12-04T21:26:03.037+0000] {dag.py:2585} INFO - Sync 2 DAGs
[2022-12-04T21:26:03.052+0000] {logging_mixin.py:137} INFO - [2022-12-04T21:26:03.052+0000] {dag.py:3340} INFO - Setting next_dagrun for example_external_task_marker_child to None, run_after=None
[2022-12-04T21:26:03.055+0000] {logging_mixin.py:137} INFO - [2022-12-04T21:26:03.055+0000] {dag.py:3340} INFO - Setting next_dagrun for example_external_task_marker_parent to None, run_after=None
[2022-12-04T21:26:03.067+0000] {processor.py:176} INFO - Processing /home/airflow/.local/lib/python3.7/site-packages/airflow/example_dags/example_external_task_marker_dag.py took 0.165 seconds
[2022-12-04T22:34:05.607+0000] {processor.py:154} INFO - Started process (PID=15945) to work on /home/airflow/.local/lib/python3.7/site-packages/airflow/example_dags/example_external_task_marker_dag.py
[2022-12-04T22:34:05.612+0000] {processor.py:756} INFO - Processing file /home/airflow/.local/lib/python3.7/site-packages/airflow/example_dags/example_external_task_marker_dag.py for tasks to queue
[2022-12-04T22:34:05.614+0000] {logging_mixin.py:137} INFO - [2022-12-04T22:34:05.613+0000] {dagbag.py:537} INFO - Filling up the DagBag from /home/airflow/.local/lib/python3.7/site-packages/airflow/example_dags/example_external_task_marker_dag.py
[2022-12-04T22:34:05.649+0000] {processor.py:766} INFO - DAG(s) dict_keys(['example_external_task_marker_parent', 'example_external_task_marker_child']) retrieved from /home/airflow/.local/lib/python3.7/site-packages/airflow/example_dags/example_external_task_marker_dag.py
[2022-12-04T22:34:06.030+0000] {logging_mixin.py:137} INFO - [2022-12-04T22:34:06.030+0000] {dag.py:2585} INFO - Sync 2 DAGs
[2022-12-04T22:34:06.095+0000] {logging_mixin.py:137} INFO - [2022-12-04T22:34:06.095+0000] {dag.py:3340} INFO - Setting next_dagrun for example_external_task_marker_child to None, run_after=None
[2022-12-04T22:34:06.099+0000] {logging_mixin.py:137} INFO - [2022-12-04T22:34:06.099+0000] {dag.py:3340} INFO - Setting next_dagrun for example_external_task_marker_parent to None, run_after=None
[2022-12-04T22:34:06.115+0000] {processor.py:176} INFO - Processing /home/airflow/.local/lib/python3.7/site-packages/airflow/example_dags/example_external_task_marker_dag.py took 0.510 seconds
[2022-12-04T22:52:27.816+0000] {processor.py:154} INFO - Started process (PID=16003) to work on /home/airflow/.local/lib/python3.7/site-packages/airflow/example_dags/example_external_task_marker_dag.py
[2022-12-04T22:52:27.819+0000] {processor.py:756} INFO - Processing file /home/airflow/.local/lib/python3.7/site-packages/airflow/example_dags/example_external_task_marker_dag.py for tasks to queue
[2022-12-04T22:52:27.828+0000] {logging_mixin.py:137} INFO - [2022-12-04T22:52:27.828+0000] {dagbag.py:537} INFO - Filling up the DagBag from /home/airflow/.local/lib/python3.7/site-packages/airflow/example_dags/example_external_task_marker_dag.py
[2022-12-04T22:52:27.857+0000] {processor.py:766} INFO - DAG(s) dict_keys(['example_external_task_marker_child', 'example_external_task_marker_parent']) retrieved from /home/airflow/.local/lib/python3.7/site-packages/airflow/example_dags/example_external_task_marker_dag.py
[2022-12-04T22:52:28.080+0000] {logging_mixin.py:137} INFO - [2022-12-04T22:52:28.080+0000] {dag.py:2585} INFO - Sync 2 DAGs
[2022-12-04T22:52:28.118+0000] {logging_mixin.py:137} INFO - [2022-12-04T22:52:28.118+0000] {dag.py:3340} INFO - Setting next_dagrun for example_external_task_marker_child to None, run_after=None
[2022-12-04T22:52:28.128+0000] {logging_mixin.py:137} INFO - [2022-12-04T22:52:28.128+0000] {dag.py:3340} INFO - Setting next_dagrun for example_external_task_marker_parent to None, run_after=None
[2022-12-04T22:52:28.154+0000] {processor.py:176} INFO - Processing /home/airflow/.local/lib/python3.7/site-packages/airflow/example_dags/example_external_task_marker_dag.py took 0.348 seconds
