[2022-12-04T00:57:35.317+0000] {processor.py:154} INFO - Started process (PID=14906) to work on /home/airflow/.local/lib/python3.7/site-packages/airflow/example_dags/example_branch_day_of_week_operator.py
[2022-12-04T00:57:35.318+0000] {processor.py:756} INFO - Processing file /home/airflow/.local/lib/python3.7/site-packages/airflow/example_dags/example_branch_day_of_week_operator.py for tasks to queue
[2022-12-04T00:57:35.319+0000] {logging_mixin.py:137} INFO - [2022-12-04T00:57:35.319+0000] {dagbag.py:537} INFO - Filling up the DagBag from /home/airflow/.local/lib/python3.7/site-packages/airflow/example_dags/example_branch_day_of_week_operator.py
[2022-12-04T00:57:35.332+0000] {processor.py:766} INFO - DAG(s) dict_keys(['example_weekday_branch_operator']) retrieved from /home/airflow/.local/lib/python3.7/site-packages/airflow/example_dags/example_branch_day_of_week_operator.py
[2022-12-04T00:57:35.360+0000] {logging_mixin.py:137} INFO - [2022-12-04T00:57:35.359+0000] {dag.py:2585} INFO - Sync 1 DAGs
[2022-12-04T00:57:35.377+0000] {logging_mixin.py:137} INFO - [2022-12-04T00:57:35.377+0000] {dag.py:3340} INFO - Setting next_dagrun for example_weekday_branch_operator to 2022-12-03T00:00:00+00:00, run_after=2022-12-04T00:00:00+00:00
[2022-12-04T00:57:35.390+0000] {processor.py:176} INFO - Processing /home/airflow/.local/lib/python3.7/site-packages/airflow/example_dags/example_branch_day_of_week_operator.py took 0.075 seconds
[2022-12-04T02:32:56.048+0000] {processor.py:154} INFO - Started process (PID=14974) to work on /home/airflow/.local/lib/python3.7/site-packages/airflow/example_dags/example_branch_day_of_week_operator.py
[2022-12-04T02:32:56.049+0000] {processor.py:756} INFO - Processing file /home/airflow/.local/lib/python3.7/site-packages/airflow/example_dags/example_branch_day_of_week_operator.py for tasks to queue
[2022-12-04T02:32:56.050+0000] {logging_mixin.py:137} INFO - [2022-12-04T02:32:56.050+0000] {dagbag.py:537} INFO - Filling up the DagBag from /home/airflow/.local/lib/python3.7/site-packages/airflow/example_dags/example_branch_day_of_week_operator.py
[2022-12-04T02:32:56.061+0000] {processor.py:766} INFO - DAG(s) dict_keys(['example_weekday_branch_operator']) retrieved from /home/airflow/.local/lib/python3.7/site-packages/airflow/example_dags/example_branch_day_of_week_operator.py
[2022-12-04T02:32:56.089+0000] {logging_mixin.py:137} INFO - [2022-12-04T02:32:56.089+0000] {dag.py:2585} INFO - Sync 1 DAGs
[2022-12-04T02:32:56.105+0000] {logging_mixin.py:137} INFO - [2022-12-04T02:32:56.105+0000] {dag.py:3340} INFO - Setting next_dagrun for example_weekday_branch_operator to 2022-12-03T00:00:00+00:00, run_after=2022-12-04T00:00:00+00:00
[2022-12-04T02:32:56.120+0000] {processor.py:176} INFO - Processing /home/airflow/.local/lib/python3.7/site-packages/airflow/example_dags/example_branch_day_of_week_operator.py took 0.075 seconds
[2022-12-04T03:55:43.071+0000] {processor.py:154} INFO - Started process (PID=15042) to work on /home/airflow/.local/lib/python3.7/site-packages/airflow/example_dags/example_branch_day_of_week_operator.py
[2022-12-04T03:55:43.073+0000] {processor.py:756} INFO - Processing file /home/airflow/.local/lib/python3.7/site-packages/airflow/example_dags/example_branch_day_of_week_operator.py for tasks to queue
[2022-12-04T03:55:43.074+0000] {logging_mixin.py:137} INFO - [2022-12-04T03:55:43.074+0000] {dagbag.py:537} INFO - Filling up the DagBag from /home/airflow/.local/lib/python3.7/site-packages/airflow/example_dags/example_branch_day_of_week_operator.py
[2022-12-04T03:55:43.085+0000] {processor.py:766} INFO - DAG(s) dict_keys(['example_weekday_branch_operator']) retrieved from /home/airflow/.local/lib/python3.7/site-packages/airflow/example_dags/example_branch_day_of_week_operator.py
[2022-12-04T03:55:43.113+0000] {logging_mixin.py:137} INFO - [2022-12-04T03:55:43.113+0000] {dag.py:2585} INFO - Sync 1 DAGs
[2022-12-04T03:55:43.130+0000] {logging_mixin.py:137} INFO - [2022-12-04T03:55:43.130+0000] {dag.py:3340} INFO - Setting next_dagrun for example_weekday_branch_operator to 2022-12-03T00:00:00+00:00, run_after=2022-12-04T00:00:00+00:00
[2022-12-04T03:55:43.142+0000] {processor.py:176} INFO - Processing /home/airflow/.local/lib/python3.7/site-packages/airflow/example_dags/example_branch_day_of_week_operator.py took 0.072 seconds
[2022-12-04T05:30:18.584+0000] {processor.py:154} INFO - Started process (PID=15110) to work on /home/airflow/.local/lib/python3.7/site-packages/airflow/example_dags/example_branch_day_of_week_operator.py
[2022-12-04T05:30:18.585+0000] {processor.py:756} INFO - Processing file /home/airflow/.local/lib/python3.7/site-packages/airflow/example_dags/example_branch_day_of_week_operator.py for tasks to queue
[2022-12-04T05:30:18.587+0000] {logging_mixin.py:137} INFO - [2022-12-04T05:30:18.587+0000] {dagbag.py:537} INFO - Filling up the DagBag from /home/airflow/.local/lib/python3.7/site-packages/airflow/example_dags/example_branch_day_of_week_operator.py
[2022-12-04T05:30:18.598+0000] {processor.py:766} INFO - DAG(s) dict_keys(['example_weekday_branch_operator']) retrieved from /home/airflow/.local/lib/python3.7/site-packages/airflow/example_dags/example_branch_day_of_week_operator.py
[2022-12-04T05:30:18.627+0000] {logging_mixin.py:137} INFO - [2022-12-04T05:30:18.627+0000] {dag.py:2585} INFO - Sync 1 DAGs
[2022-12-04T05:30:18.643+0000] {logging_mixin.py:137} INFO - [2022-12-04T05:30:18.643+0000] {dag.py:3340} INFO - Setting next_dagrun for example_weekday_branch_operator to 2022-12-03T00:00:00+00:00, run_after=2022-12-04T00:00:00+00:00
[2022-12-04T05:30:18.656+0000] {processor.py:176} INFO - Processing /home/airflow/.local/lib/python3.7/site-packages/airflow/example_dags/example_branch_day_of_week_operator.py took 0.075 seconds
[2022-12-04T06:53:38.653+0000] {processor.py:154} INFO - Started process (PID=15166) to work on /home/airflow/.local/lib/python3.7/site-packages/airflow/example_dags/example_branch_day_of_week_operator.py
[2022-12-04T06:53:38.655+0000] {processor.py:756} INFO - Processing file /home/airflow/.local/lib/python3.7/site-packages/airflow/example_dags/example_branch_day_of_week_operator.py for tasks to queue
[2022-12-04T06:53:38.656+0000] {logging_mixin.py:137} INFO - [2022-12-04T06:53:38.656+0000] {dagbag.py:537} INFO - Filling up the DagBag from /home/airflow/.local/lib/python3.7/site-packages/airflow/example_dags/example_branch_day_of_week_operator.py
[2022-12-04T06:53:38.668+0000] {processor.py:766} INFO - DAG(s) dict_keys(['example_weekday_branch_operator']) retrieved from /home/airflow/.local/lib/python3.7/site-packages/airflow/example_dags/example_branch_day_of_week_operator.py
[2022-12-04T06:53:38.700+0000] {logging_mixin.py:137} INFO - [2022-12-04T06:53:38.700+0000] {dag.py:2585} INFO - Sync 1 DAGs
[2022-12-04T06:53:38.718+0000] {logging_mixin.py:137} INFO - [2022-12-04T06:53:38.717+0000] {dag.py:3340} INFO - Setting next_dagrun for example_weekday_branch_operator to 2022-12-03T00:00:00+00:00, run_after=2022-12-04T00:00:00+00:00
[2022-12-04T06:53:38.730+0000] {processor.py:176} INFO - Processing /home/airflow/.local/lib/python3.7/site-packages/airflow/example_dags/example_branch_day_of_week_operator.py took 0.079 seconds
[2022-12-04T08:30:45.438+0000] {processor.py:154} INFO - Started process (PID=15233) to work on /home/airflow/.local/lib/python3.7/site-packages/airflow/example_dags/example_branch_day_of_week_operator.py
[2022-12-04T08:30:45.439+0000] {processor.py:756} INFO - Processing file /home/airflow/.local/lib/python3.7/site-packages/airflow/example_dags/example_branch_day_of_week_operator.py for tasks to queue
[2022-12-04T08:30:45.441+0000] {logging_mixin.py:137} INFO - [2022-12-04T08:30:45.441+0000] {dagbag.py:537} INFO - Filling up the DagBag from /home/airflow/.local/lib/python3.7/site-packages/airflow/example_dags/example_branch_day_of_week_operator.py
[2022-12-04T08:30:45.451+0000] {processor.py:766} INFO - DAG(s) dict_keys(['example_weekday_branch_operator']) retrieved from /home/airflow/.local/lib/python3.7/site-packages/airflow/example_dags/example_branch_day_of_week_operator.py
[2022-12-04T08:30:45.478+0000] {logging_mixin.py:137} INFO - [2022-12-04T08:30:45.478+0000] {dag.py:2585} INFO - Sync 1 DAGs
[2022-12-04T08:30:45.496+0000] {logging_mixin.py:137} INFO - [2022-12-04T08:30:45.496+0000] {dag.py:3340} INFO - Setting next_dagrun for example_weekday_branch_operator to 2022-12-03T00:00:00+00:00, run_after=2022-12-04T00:00:00+00:00
[2022-12-04T08:30:45.507+0000] {processor.py:176} INFO - Processing /home/airflow/.local/lib/python3.7/site-packages/airflow/example_dags/example_branch_day_of_week_operator.py took 0.072 seconds
[2022-12-04T10:09:30.963+0000] {processor.py:154} INFO - Started process (PID=15300) to work on /home/airflow/.local/lib/python3.7/site-packages/airflow/example_dags/example_branch_day_of_week_operator.py
[2022-12-04T10:09:30.966+0000] {processor.py:756} INFO - Processing file /home/airflow/.local/lib/python3.7/site-packages/airflow/example_dags/example_branch_day_of_week_operator.py for tasks to queue
[2022-12-04T10:09:30.967+0000] {logging_mixin.py:137} INFO - [2022-12-04T10:09:30.967+0000] {dagbag.py:537} INFO - Filling up the DagBag from /home/airflow/.local/lib/python3.7/site-packages/airflow/example_dags/example_branch_day_of_week_operator.py
[2022-12-04T10:09:30.979+0000] {processor.py:766} INFO - DAG(s) dict_keys(['example_weekday_branch_operator']) retrieved from /home/airflow/.local/lib/python3.7/site-packages/airflow/example_dags/example_branch_day_of_week_operator.py
[2022-12-04T10:09:31.008+0000] {logging_mixin.py:137} INFO - [2022-12-04T10:09:31.008+0000] {dag.py:2585} INFO - Sync 1 DAGs
[2022-12-04T10:09:31.024+0000] {logging_mixin.py:137} INFO - [2022-12-04T10:09:31.024+0000] {dag.py:3340} INFO - Setting next_dagrun for example_weekday_branch_operator to 2022-12-03T00:00:00+00:00, run_after=2022-12-04T00:00:00+00:00
[2022-12-04T10:09:31.036+0000] {processor.py:176} INFO - Processing /home/airflow/.local/lib/python3.7/site-packages/airflow/example_dags/example_branch_day_of_week_operator.py took 0.075 seconds
[2022-12-04T11:31:37.059+0000] {processor.py:154} INFO - Started process (PID=15364) to work on /home/airflow/.local/lib/python3.7/site-packages/airflow/example_dags/example_branch_day_of_week_operator.py
[2022-12-04T11:31:37.061+0000] {processor.py:756} INFO - Processing file /home/airflow/.local/lib/python3.7/site-packages/airflow/example_dags/example_branch_day_of_week_operator.py for tasks to queue
[2022-12-04T11:31:37.062+0000] {logging_mixin.py:137} INFO - [2022-12-04T11:31:37.062+0000] {dagbag.py:537} INFO - Filling up the DagBag from /home/airflow/.local/lib/python3.7/site-packages/airflow/example_dags/example_branch_day_of_week_operator.py
[2022-12-04T11:31:37.073+0000] {processor.py:766} INFO - DAG(s) dict_keys(['example_weekday_branch_operator']) retrieved from /home/airflow/.local/lib/python3.7/site-packages/airflow/example_dags/example_branch_day_of_week_operator.py
[2022-12-04T11:31:37.102+0000] {logging_mixin.py:137} INFO - [2022-12-04T11:31:37.102+0000] {dag.py:2585} INFO - Sync 1 DAGs
[2022-12-04T11:31:37.121+0000] {logging_mixin.py:137} INFO - [2022-12-04T11:31:37.121+0000] {dag.py:3340} INFO - Setting next_dagrun for example_weekday_branch_operator to 2022-12-03T00:00:00+00:00, run_after=2022-12-04T00:00:00+00:00
[2022-12-04T11:31:37.134+0000] {processor.py:176} INFO - Processing /home/airflow/.local/lib/python3.7/site-packages/airflow/example_dags/example_branch_day_of_week_operator.py took 0.077 seconds
[2022-12-04T12:30:17.345+0000] {processor.py:154} INFO - Started process (PID=15438) to work on /home/airflow/.local/lib/python3.7/site-packages/airflow/example_dags/example_branch_day_of_week_operator.py
[2022-12-04T12:30:17.347+0000] {processor.py:756} INFO - Processing file /home/airflow/.local/lib/python3.7/site-packages/airflow/example_dags/example_branch_day_of_week_operator.py for tasks to queue
[2022-12-04T12:30:17.349+0000] {logging_mixin.py:137} INFO - [2022-12-04T12:30:17.349+0000] {dagbag.py:537} INFO - Filling up the DagBag from /home/airflow/.local/lib/python3.7/site-packages/airflow/example_dags/example_branch_day_of_week_operator.py
[2022-12-04T12:30:17.359+0000] {processor.py:766} INFO - DAG(s) dict_keys(['example_weekday_branch_operator']) retrieved from /home/airflow/.local/lib/python3.7/site-packages/airflow/example_dags/example_branch_day_of_week_operator.py
[2022-12-04T12:30:17.387+0000] {logging_mixin.py:137} INFO - [2022-12-04T12:30:17.387+0000] {dag.py:2585} INFO - Sync 1 DAGs
[2022-12-04T12:30:17.404+0000] {logging_mixin.py:137} INFO - [2022-12-04T12:30:17.403+0000] {dag.py:3340} INFO - Setting next_dagrun for example_weekday_branch_operator to 2022-12-03T00:00:00+00:00, run_after=2022-12-04T00:00:00+00:00
[2022-12-04T12:30:17.416+0000] {processor.py:176} INFO - Processing /home/airflow/.local/lib/python3.7/site-packages/airflow/example_dags/example_branch_day_of_week_operator.py took 0.073 seconds
[2022-12-04T14:08:57.776+0000] {processor.py:154} INFO - Started process (PID=15494) to work on /home/airflow/.local/lib/python3.7/site-packages/airflow/example_dags/example_branch_day_of_week_operator.py
[2022-12-04T14:08:57.778+0000] {processor.py:756} INFO - Processing file /home/airflow/.local/lib/python3.7/site-packages/airflow/example_dags/example_branch_day_of_week_operator.py for tasks to queue
[2022-12-04T14:08:57.779+0000] {logging_mixin.py:137} INFO - [2022-12-04T14:08:57.779+0000] {dagbag.py:537} INFO - Filling up the DagBag from /home/airflow/.local/lib/python3.7/site-packages/airflow/example_dags/example_branch_day_of_week_operator.py
[2022-12-04T14:08:57.789+0000] {processor.py:766} INFO - DAG(s) dict_keys(['example_weekday_branch_operator']) retrieved from /home/airflow/.local/lib/python3.7/site-packages/airflow/example_dags/example_branch_day_of_week_operator.py
[2022-12-04T14:08:57.816+0000] {logging_mixin.py:137} INFO - [2022-12-04T14:08:57.816+0000] {dag.py:2585} INFO - Sync 1 DAGs
[2022-12-04T14:08:57.834+0000] {logging_mixin.py:137} INFO - [2022-12-04T14:08:57.833+0000] {dag.py:3340} INFO - Setting next_dagrun for example_weekday_branch_operator to 2022-12-03T00:00:00+00:00, run_after=2022-12-04T00:00:00+00:00
[2022-12-04T14:08:57.847+0000] {processor.py:176} INFO - Processing /home/airflow/.local/lib/python3.7/site-packages/airflow/example_dags/example_branch_day_of_week_operator.py took 0.074 seconds
[2022-12-04T15:33:48.587+0000] {processor.py:154} INFO - Started process (PID=15564) to work on /home/airflow/.local/lib/python3.7/site-packages/airflow/example_dags/example_branch_day_of_week_operator.py
[2022-12-04T15:33:48.588+0000] {processor.py:756} INFO - Processing file /home/airflow/.local/lib/python3.7/site-packages/airflow/example_dags/example_branch_day_of_week_operator.py for tasks to queue
[2022-12-04T15:33:48.589+0000] {logging_mixin.py:137} INFO - [2022-12-04T15:33:48.589+0000] {dagbag.py:537} INFO - Filling up the DagBag from /home/airflow/.local/lib/python3.7/site-packages/airflow/example_dags/example_branch_day_of_week_operator.py
[2022-12-04T15:33:48.601+0000] {processor.py:766} INFO - DAG(s) dict_keys(['example_weekday_branch_operator']) retrieved from /home/airflow/.local/lib/python3.7/site-packages/airflow/example_dags/example_branch_day_of_week_operator.py
[2022-12-04T15:33:48.635+0000] {logging_mixin.py:137} INFO - [2022-12-04T15:33:48.635+0000] {dag.py:2585} INFO - Sync 1 DAGs
[2022-12-04T15:33:48.652+0000] {logging_mixin.py:137} INFO - [2022-12-04T15:33:48.651+0000] {dag.py:3340} INFO - Setting next_dagrun for example_weekday_branch_operator to 2022-12-03T00:00:00+00:00, run_after=2022-12-04T00:00:00+00:00
[2022-12-04T15:33:48.664+0000] {processor.py:176} INFO - Processing /home/airflow/.local/lib/python3.7/site-packages/airflow/example_dags/example_branch_day_of_week_operator.py took 0.080 seconds
[2022-12-04T16:56:21.187+0000] {processor.py:154} INFO - Started process (PID=15632) to work on /home/airflow/.local/lib/python3.7/site-packages/airflow/example_dags/example_branch_day_of_week_operator.py
[2022-12-04T16:56:21.188+0000] {processor.py:756} INFO - Processing file /home/airflow/.local/lib/python3.7/site-packages/airflow/example_dags/example_branch_day_of_week_operator.py for tasks to queue
[2022-12-04T16:56:21.189+0000] {logging_mixin.py:137} INFO - [2022-12-04T16:56:21.189+0000] {dagbag.py:537} INFO - Filling up the DagBag from /home/airflow/.local/lib/python3.7/site-packages/airflow/example_dags/example_branch_day_of_week_operator.py
[2022-12-04T16:56:21.200+0000] {processor.py:766} INFO - DAG(s) dict_keys(['example_weekday_branch_operator']) retrieved from /home/airflow/.local/lib/python3.7/site-packages/airflow/example_dags/example_branch_day_of_week_operator.py
[2022-12-04T16:56:21.228+0000] {logging_mixin.py:137} INFO - [2022-12-04T16:56:21.228+0000] {dag.py:2585} INFO - Sync 1 DAGs
[2022-12-04T16:56:21.244+0000] {logging_mixin.py:137} INFO - [2022-12-04T16:56:21.244+0000] {dag.py:3340} INFO - Setting next_dagrun for example_weekday_branch_operator to 2022-12-03T00:00:00+00:00, run_after=2022-12-04T00:00:00+00:00
[2022-12-04T16:56:21.257+0000] {processor.py:176} INFO - Processing /home/airflow/.local/lib/python3.7/site-packages/airflow/example_dags/example_branch_day_of_week_operator.py took 0.073 seconds
[2022-12-04T18:19:34.577+0000] {processor.py:154} INFO - Started process (PID=15702) to work on /home/airflow/.local/lib/python3.7/site-packages/airflow/example_dags/example_branch_day_of_week_operator.py
[2022-12-04T18:19:34.578+0000] {processor.py:756} INFO - Processing file /home/airflow/.local/lib/python3.7/site-packages/airflow/example_dags/example_branch_day_of_week_operator.py for tasks to queue
[2022-12-04T18:19:34.579+0000] {logging_mixin.py:137} INFO - [2022-12-04T18:19:34.579+0000] {dagbag.py:537} INFO - Filling up the DagBag from /home/airflow/.local/lib/python3.7/site-packages/airflow/example_dags/example_branch_day_of_week_operator.py
[2022-12-04T18:19:34.590+0000] {processor.py:766} INFO - DAG(s) dict_keys(['example_weekday_branch_operator']) retrieved from /home/airflow/.local/lib/python3.7/site-packages/airflow/example_dags/example_branch_day_of_week_operator.py
[2022-12-04T18:19:34.616+0000] {logging_mixin.py:137} INFO - [2022-12-04T18:19:34.616+0000] {dag.py:2585} INFO - Sync 1 DAGs
[2022-12-04T18:19:34.633+0000] {logging_mixin.py:137} INFO - [2022-12-04T18:19:34.633+0000] {dag.py:3340} INFO - Setting next_dagrun for example_weekday_branch_operator to 2022-12-03T00:00:00+00:00, run_after=2022-12-04T00:00:00+00:00
[2022-12-04T18:19:34.645+0000] {processor.py:176} INFO - Processing /home/airflow/.local/lib/python3.7/site-packages/airflow/example_dags/example_branch_day_of_week_operator.py took 0.070 seconds
[2022-12-04T19:16:13.875+0000] {processor.py:154} INFO - Started process (PID=15764) to work on /home/airflow/.local/lib/python3.7/site-packages/airflow/example_dags/example_branch_day_of_week_operator.py
[2022-12-04T19:16:13.877+0000] {processor.py:756} INFO - Processing file /home/airflow/.local/lib/python3.7/site-packages/airflow/example_dags/example_branch_day_of_week_operator.py for tasks to queue
[2022-12-04T19:16:13.878+0000] {logging_mixin.py:137} INFO - [2022-12-04T19:16:13.878+0000] {dagbag.py:537} INFO - Filling up the DagBag from /home/airflow/.local/lib/python3.7/site-packages/airflow/example_dags/example_branch_day_of_week_operator.py
[2022-12-04T19:16:13.890+0000] {processor.py:766} INFO - DAG(s) dict_keys(['example_weekday_branch_operator']) retrieved from /home/airflow/.local/lib/python3.7/site-packages/airflow/example_dags/example_branch_day_of_week_operator.py
[2022-12-04T19:16:13.918+0000] {logging_mixin.py:137} INFO - [2022-12-04T19:16:13.918+0000] {dag.py:2585} INFO - Sync 1 DAGs
[2022-12-04T19:16:13.934+0000] {logging_mixin.py:137} INFO - [2022-12-04T19:16:13.934+0000] {dag.py:3340} INFO - Setting next_dagrun for example_weekday_branch_operator to 2022-12-03T00:00:00+00:00, run_after=2022-12-04T00:00:00+00:00
[2022-12-04T19:16:13.948+0000] {processor.py:176} INFO - Processing /home/airflow/.local/lib/python3.7/site-packages/airflow/example_dags/example_branch_day_of_week_operator.py took 0.075 seconds
[2022-12-04T20:04:52.345+0000] {processor.py:154} INFO - Started process (PID=15832) to work on /home/airflow/.local/lib/python3.7/site-packages/airflow/example_dags/example_branch_day_of_week_operator.py
[2022-12-04T20:04:52.347+0000] {processor.py:756} INFO - Processing file /home/airflow/.local/lib/python3.7/site-packages/airflow/example_dags/example_branch_day_of_week_operator.py for tasks to queue
[2022-12-04T20:04:52.349+0000] {logging_mixin.py:137} INFO - [2022-12-04T20:04:52.348+0000] {dagbag.py:537} INFO - Filling up the DagBag from /home/airflow/.local/lib/python3.7/site-packages/airflow/example_dags/example_branch_day_of_week_operator.py
[2022-12-04T20:04:52.360+0000] {processor.py:766} INFO - DAG(s) dict_keys(['example_weekday_branch_operator']) retrieved from /home/airflow/.local/lib/python3.7/site-packages/airflow/example_dags/example_branch_day_of_week_operator.py
[2022-12-04T20:04:52.388+0000] {logging_mixin.py:137} INFO - [2022-12-04T20:04:52.388+0000] {dag.py:2585} INFO - Sync 1 DAGs
[2022-12-04T20:04:52.406+0000] {logging_mixin.py:137} INFO - [2022-12-04T20:04:52.406+0000] {dag.py:3340} INFO - Setting next_dagrun for example_weekday_branch_operator to 2022-12-03T00:00:00+00:00, run_after=2022-12-04T00:00:00+00:00
[2022-12-04T20:04:52.418+0000] {processor.py:176} INFO - Processing /home/airflow/.local/lib/python3.7/site-packages/airflow/example_dags/example_branch_day_of_week_operator.py took 0.075 seconds
[2022-12-04T21:26:04.073+0000] {processor.py:154} INFO - Started process (PID=15904) to work on /home/airflow/.local/lib/python3.7/site-packages/airflow/example_dags/example_branch_day_of_week_operator.py
[2022-12-04T21:26:04.074+0000] {processor.py:756} INFO - Processing file /home/airflow/.local/lib/python3.7/site-packages/airflow/example_dags/example_branch_day_of_week_operator.py for tasks to queue
[2022-12-04T21:26:04.075+0000] {logging_mixin.py:137} INFO - [2022-12-04T21:26:04.075+0000] {dagbag.py:537} INFO - Filling up the DagBag from /home/airflow/.local/lib/python3.7/site-packages/airflow/example_dags/example_branch_day_of_week_operator.py
[2022-12-04T21:26:04.086+0000] {processor.py:766} INFO - DAG(s) dict_keys(['example_weekday_branch_operator']) retrieved from /home/airflow/.local/lib/python3.7/site-packages/airflow/example_dags/example_branch_day_of_week_operator.py
[2022-12-04T21:26:04.115+0000] {logging_mixin.py:137} INFO - [2022-12-04T21:26:04.115+0000] {dag.py:2585} INFO - Sync 1 DAGs
[2022-12-04T21:26:04.131+0000] {logging_mixin.py:137} INFO - [2022-12-04T21:26:04.131+0000] {dag.py:3340} INFO - Setting next_dagrun for example_weekday_branch_operator to 2022-12-03T00:00:00+00:00, run_after=2022-12-04T00:00:00+00:00
[2022-12-04T21:26:04.147+0000] {processor.py:176} INFO - Processing /home/airflow/.local/lib/python3.7/site-packages/airflow/example_dags/example_branch_day_of_week_operator.py took 0.076 seconds
[2022-12-04T22:34:07.400+0000] {processor.py:154} INFO - Started process (PID=15968) to work on /home/airflow/.local/lib/python3.7/site-packages/airflow/example_dags/example_branch_day_of_week_operator.py
[2022-12-04T22:34:07.402+0000] {processor.py:756} INFO - Processing file /home/airflow/.local/lib/python3.7/site-packages/airflow/example_dags/example_branch_day_of_week_operator.py for tasks to queue
[2022-12-04T22:34:07.404+0000] {logging_mixin.py:137} INFO - [2022-12-04T22:34:07.404+0000] {dagbag.py:537} INFO - Filling up the DagBag from /home/airflow/.local/lib/python3.7/site-packages/airflow/example_dags/example_branch_day_of_week_operator.py
[2022-12-04T22:34:07.416+0000] {processor.py:766} INFO - DAG(s) dict_keys(['example_weekday_branch_operator']) retrieved from /home/airflow/.local/lib/python3.7/site-packages/airflow/example_dags/example_branch_day_of_week_operator.py
[2022-12-04T22:34:07.451+0000] {logging_mixin.py:137} INFO - [2022-12-04T22:34:07.451+0000] {dag.py:2585} INFO - Sync 1 DAGs
[2022-12-04T22:34:07.473+0000] {logging_mixin.py:137} INFO - [2022-12-04T22:34:07.473+0000] {dag.py:3340} INFO - Setting next_dagrun for example_weekday_branch_operator to 2022-12-03T00:00:00+00:00, run_after=2022-12-04T00:00:00+00:00
[2022-12-04T22:34:07.494+0000] {processor.py:176} INFO - Processing /home/airflow/.local/lib/python3.7/site-packages/airflow/example_dags/example_branch_day_of_week_operator.py took 0.097 seconds
[2022-12-04T22:52:29.244+0000] {processor.py:154} INFO - Started process (PID=16024) to work on /home/airflow/.local/lib/python3.7/site-packages/airflow/example_dags/example_branch_day_of_week_operator.py
[2022-12-04T22:52:29.246+0000] {processor.py:756} INFO - Processing file /home/airflow/.local/lib/python3.7/site-packages/airflow/example_dags/example_branch_day_of_week_operator.py for tasks to queue
[2022-12-04T22:52:29.247+0000] {logging_mixin.py:137} INFO - [2022-12-04T22:52:29.247+0000] {dagbag.py:537} INFO - Filling up the DagBag from /home/airflow/.local/lib/python3.7/site-packages/airflow/example_dags/example_branch_day_of_week_operator.py
[2022-12-04T22:52:29.260+0000] {processor.py:766} INFO - DAG(s) dict_keys(['example_weekday_branch_operator']) retrieved from /home/airflow/.local/lib/python3.7/site-packages/airflow/example_dags/example_branch_day_of_week_operator.py
[2022-12-04T22:52:29.288+0000] {logging_mixin.py:137} INFO - [2022-12-04T22:52:29.288+0000] {dag.py:2585} INFO - Sync 1 DAGs
[2022-12-04T22:52:29.305+0000] {logging_mixin.py:137} INFO - [2022-12-04T22:52:29.305+0000] {dag.py:3340} INFO - Setting next_dagrun for example_weekday_branch_operator to 2022-12-03T00:00:00+00:00, run_after=2022-12-04T00:00:00+00:00
[2022-12-04T22:52:29.318+0000] {processor.py:176} INFO - Processing /home/airflow/.local/lib/python3.7/site-packages/airflow/example_dags/example_branch_day_of_week_operator.py took 0.076 seconds
