[2022-12-04T00:57:33.354+0000] {processor.py:154} INFO - Started process (PID=14881) to work on /home/airflow/.local/lib/python3.7/site-packages/airflow/example_dags/example_nested_branch_dag.py
[2022-12-04T00:57:33.356+0000] {processor.py:756} INFO - Processing file /home/airflow/.local/lib/python3.7/site-packages/airflow/example_dags/example_nested_branch_dag.py for tasks to queue
[2022-12-04T00:57:33.357+0000] {logging_mixin.py:137} INFO - [2022-12-04T00:57:33.357+0000] {dagbag.py:537} INFO - Filling up the DagBag from /home/airflow/.local/lib/python3.7/site-packages/airflow/example_dags/example_nested_branch_dag.py
[2022-12-04T00:57:33.374+0000] {processor.py:766} INFO - DAG(s) dict_keys(['example_nested_branch_dag']) retrieved from /home/airflow/.local/lib/python3.7/site-packages/airflow/example_dags/example_nested_branch_dag.py
[2022-12-04T00:57:33.402+0000] {logging_mixin.py:137} INFO - [2022-12-04T00:57:33.402+0000] {dag.py:2585} INFO - Sync 1 DAGs
[2022-12-04T00:57:33.419+0000] {logging_mixin.py:137} INFO - [2022-12-04T00:57:33.419+0000] {dag.py:3340} INFO - Setting next_dagrun for example_nested_branch_dag to 2022-12-03T00:00:00+00:00, run_after=2022-12-04T00:00:00+00:00
[2022-12-04T00:57:33.432+0000] {processor.py:176} INFO - Processing /home/airflow/.local/lib/python3.7/site-packages/airflow/example_dags/example_nested_branch_dag.py took 0.080 seconds
[2022-12-04T02:32:54.060+0000] {processor.py:154} INFO - Started process (PID=14949) to work on /home/airflow/.local/lib/python3.7/site-packages/airflow/example_dags/example_nested_branch_dag.py
[2022-12-04T02:32:54.062+0000] {processor.py:756} INFO - Processing file /home/airflow/.local/lib/python3.7/site-packages/airflow/example_dags/example_nested_branch_dag.py for tasks to queue
[2022-12-04T02:32:54.063+0000] {logging_mixin.py:137} INFO - [2022-12-04T02:32:54.063+0000] {dagbag.py:537} INFO - Filling up the DagBag from /home/airflow/.local/lib/python3.7/site-packages/airflow/example_dags/example_nested_branch_dag.py
[2022-12-04T02:32:54.077+0000] {processor.py:766} INFO - DAG(s) dict_keys(['example_nested_branch_dag']) retrieved from /home/airflow/.local/lib/python3.7/site-packages/airflow/example_dags/example_nested_branch_dag.py
[2022-12-04T02:32:54.104+0000] {logging_mixin.py:137} INFO - [2022-12-04T02:32:54.104+0000] {dag.py:2585} INFO - Sync 1 DAGs
[2022-12-04T02:32:54.119+0000] {logging_mixin.py:137} INFO - [2022-12-04T02:32:54.119+0000] {dag.py:3340} INFO - Setting next_dagrun for example_nested_branch_dag to 2022-12-03T00:00:00+00:00, run_after=2022-12-04T00:00:00+00:00
[2022-12-04T02:32:54.131+0000] {processor.py:176} INFO - Processing /home/airflow/.local/lib/python3.7/site-packages/airflow/example_dags/example_nested_branch_dag.py took 0.073 seconds
[2022-12-04T03:55:41.153+0000] {processor.py:154} INFO - Started process (PID=15017) to work on /home/airflow/.local/lib/python3.7/site-packages/airflow/example_dags/example_nested_branch_dag.py
[2022-12-04T03:55:41.156+0000] {processor.py:756} INFO - Processing file /home/airflow/.local/lib/python3.7/site-packages/airflow/example_dags/example_nested_branch_dag.py for tasks to queue
[2022-12-04T03:55:41.158+0000] {logging_mixin.py:137} INFO - [2022-12-04T03:55:41.157+0000] {dagbag.py:537} INFO - Filling up the DagBag from /home/airflow/.local/lib/python3.7/site-packages/airflow/example_dags/example_nested_branch_dag.py
[2022-12-04T03:55:41.183+0000] {processor.py:766} INFO - DAG(s) dict_keys(['example_nested_branch_dag']) retrieved from /home/airflow/.local/lib/python3.7/site-packages/airflow/example_dags/example_nested_branch_dag.py
[2022-12-04T03:55:41.240+0000] {logging_mixin.py:137} INFO - [2022-12-04T03:55:41.240+0000] {dag.py:2585} INFO - Sync 1 DAGs
[2022-12-04T03:55:41.264+0000] {logging_mixin.py:137} INFO - [2022-12-04T03:55:41.264+0000] {dag.py:3340} INFO - Setting next_dagrun for example_nested_branch_dag to 2022-12-03T00:00:00+00:00, run_after=2022-12-04T00:00:00+00:00
[2022-12-04T03:55:41.283+0000] {processor.py:176} INFO - Processing /home/airflow/.local/lib/python3.7/site-packages/airflow/example_dags/example_nested_branch_dag.py took 0.136 seconds
[2022-12-04T05:30:17.125+0000] {processor.py:154} INFO - Started process (PID=15085) to work on /home/airflow/.local/lib/python3.7/site-packages/airflow/example_dags/example_nested_branch_dag.py
[2022-12-04T05:30:17.127+0000] {processor.py:756} INFO - Processing file /home/airflow/.local/lib/python3.7/site-packages/airflow/example_dags/example_nested_branch_dag.py for tasks to queue
[2022-12-04T05:30:17.128+0000] {logging_mixin.py:137} INFO - [2022-12-04T05:30:17.128+0000] {dagbag.py:537} INFO - Filling up the DagBag from /home/airflow/.local/lib/python3.7/site-packages/airflow/example_dags/example_nested_branch_dag.py
[2022-12-04T05:30:17.147+0000] {processor.py:766} INFO - DAG(s) dict_keys(['example_nested_branch_dag']) retrieved from /home/airflow/.local/lib/python3.7/site-packages/airflow/example_dags/example_nested_branch_dag.py
[2022-12-04T05:30:17.180+0000] {logging_mixin.py:137} INFO - [2022-12-04T05:30:17.180+0000] {dag.py:2585} INFO - Sync 1 DAGs
[2022-12-04T05:30:17.202+0000] {logging_mixin.py:137} INFO - [2022-12-04T05:30:17.202+0000] {dag.py:3340} INFO - Setting next_dagrun for example_nested_branch_dag to 2022-12-03T00:00:00+00:00, run_after=2022-12-04T00:00:00+00:00
[2022-12-04T05:30:17.218+0000] {processor.py:176} INFO - Processing /home/airflow/.local/lib/python3.7/site-packages/airflow/example_dags/example_nested_branch_dag.py took 0.096 seconds
[2022-12-04T06:53:37.075+0000] {processor.py:154} INFO - Started process (PID=15141) to work on /home/airflow/.local/lib/python3.7/site-packages/airflow/example_dags/example_nested_branch_dag.py
[2022-12-04T06:53:37.078+0000] {processor.py:756} INFO - Processing file /home/airflow/.local/lib/python3.7/site-packages/airflow/example_dags/example_nested_branch_dag.py for tasks to queue
[2022-12-04T06:53:37.080+0000] {logging_mixin.py:137} INFO - [2022-12-04T06:53:37.080+0000] {dagbag.py:537} INFO - Filling up the DagBag from /home/airflow/.local/lib/python3.7/site-packages/airflow/example_dags/example_nested_branch_dag.py
[2022-12-04T06:53:37.130+0000] {processor.py:766} INFO - DAG(s) dict_keys(['example_nested_branch_dag']) retrieved from /home/airflow/.local/lib/python3.7/site-packages/airflow/example_dags/example_nested_branch_dag.py
[2022-12-04T06:53:37.172+0000] {logging_mixin.py:137} INFO - [2022-12-04T06:53:37.171+0000] {dag.py:2585} INFO - Sync 1 DAGs
[2022-12-04T06:53:37.198+0000] {logging_mixin.py:137} INFO - [2022-12-04T06:53:37.198+0000] {dag.py:3340} INFO - Setting next_dagrun for example_nested_branch_dag to 2022-12-03T00:00:00+00:00, run_after=2022-12-04T00:00:00+00:00
[2022-12-04T06:53:37.214+0000] {processor.py:176} INFO - Processing /home/airflow/.local/lib/python3.7/site-packages/airflow/example_dags/example_nested_branch_dag.py took 0.147 seconds
[2022-12-04T08:30:43.836+0000] {processor.py:154} INFO - Started process (PID=15208) to work on /home/airflow/.local/lib/python3.7/site-packages/airflow/example_dags/example_nested_branch_dag.py
[2022-12-04T08:30:43.840+0000] {processor.py:756} INFO - Processing file /home/airflow/.local/lib/python3.7/site-packages/airflow/example_dags/example_nested_branch_dag.py for tasks to queue
[2022-12-04T08:30:43.842+0000] {logging_mixin.py:137} INFO - [2022-12-04T08:30:43.842+0000] {dagbag.py:537} INFO - Filling up the DagBag from /home/airflow/.local/lib/python3.7/site-packages/airflow/example_dags/example_nested_branch_dag.py
[2022-12-04T08:30:43.899+0000] {processor.py:766} INFO - DAG(s) dict_keys(['example_nested_branch_dag']) retrieved from /home/airflow/.local/lib/python3.7/site-packages/airflow/example_dags/example_nested_branch_dag.py
[2022-12-04T08:30:43.959+0000] {logging_mixin.py:137} INFO - [2022-12-04T08:30:43.959+0000] {dag.py:2585} INFO - Sync 1 DAGs
[2022-12-04T08:30:43.997+0000] {logging_mixin.py:137} INFO - [2022-12-04T08:30:43.997+0000] {dag.py:3340} INFO - Setting next_dagrun for example_nested_branch_dag to 2022-12-03T00:00:00+00:00, run_after=2022-12-04T00:00:00+00:00
[2022-12-04T08:30:44.026+0000] {processor.py:176} INFO - Processing /home/airflow/.local/lib/python3.7/site-packages/airflow/example_dags/example_nested_branch_dag.py took 0.194 seconds
[2022-12-04T10:09:29.547+0000] {processor.py:154} INFO - Started process (PID=15275) to work on /home/airflow/.local/lib/python3.7/site-packages/airflow/example_dags/example_nested_branch_dag.py
[2022-12-04T10:09:29.549+0000] {processor.py:756} INFO - Processing file /home/airflow/.local/lib/python3.7/site-packages/airflow/example_dags/example_nested_branch_dag.py for tasks to queue
[2022-12-04T10:09:29.550+0000] {logging_mixin.py:137} INFO - [2022-12-04T10:09:29.550+0000] {dagbag.py:537} INFO - Filling up the DagBag from /home/airflow/.local/lib/python3.7/site-packages/airflow/example_dags/example_nested_branch_dag.py
[2022-12-04T10:09:29.567+0000] {processor.py:766} INFO - DAG(s) dict_keys(['example_nested_branch_dag']) retrieved from /home/airflow/.local/lib/python3.7/site-packages/airflow/example_dags/example_nested_branch_dag.py
[2022-12-04T10:09:29.595+0000] {logging_mixin.py:137} INFO - [2022-12-04T10:09:29.595+0000] {dag.py:2585} INFO - Sync 1 DAGs
[2022-12-04T10:09:29.611+0000] {logging_mixin.py:137} INFO - [2022-12-04T10:09:29.611+0000] {dag.py:3340} INFO - Setting next_dagrun for example_nested_branch_dag to 2022-12-03T00:00:00+00:00, run_after=2022-12-04T00:00:00+00:00
[2022-12-04T10:09:29.624+0000] {processor.py:176} INFO - Processing /home/airflow/.local/lib/python3.7/site-packages/airflow/example_dags/example_nested_branch_dag.py took 0.080 seconds
[2022-12-04T11:31:34.887+0000] {processor.py:154} INFO - Started process (PID=15339) to work on /home/airflow/.local/lib/python3.7/site-packages/airflow/example_dags/example_nested_branch_dag.py
[2022-12-04T11:31:34.892+0000] {processor.py:756} INFO - Processing file /home/airflow/.local/lib/python3.7/site-packages/airflow/example_dags/example_nested_branch_dag.py for tasks to queue
[2022-12-04T11:31:34.894+0000] {logging_mixin.py:137} INFO - [2022-12-04T11:31:34.893+0000] {dagbag.py:537} INFO - Filling up the DagBag from /home/airflow/.local/lib/python3.7/site-packages/airflow/example_dags/example_nested_branch_dag.py
[2022-12-04T11:31:34.928+0000] {processor.py:766} INFO - DAG(s) dict_keys(['example_nested_branch_dag']) retrieved from /home/airflow/.local/lib/python3.7/site-packages/airflow/example_dags/example_nested_branch_dag.py
[2022-12-04T11:31:35.015+0000] {logging_mixin.py:137} INFO - [2022-12-04T11:31:35.015+0000] {dag.py:2585} INFO - Sync 1 DAGs
[2022-12-04T11:31:35.057+0000] {logging_mixin.py:137} INFO - [2022-12-04T11:31:35.056+0000] {dag.py:3340} INFO - Setting next_dagrun for example_nested_branch_dag to 2022-12-03T00:00:00+00:00, run_after=2022-12-04T00:00:00+00:00
[2022-12-04T11:31:35.091+0000] {processor.py:176} INFO - Processing /home/airflow/.local/lib/python3.7/site-packages/airflow/example_dags/example_nested_branch_dag.py took 0.207 seconds
[2022-12-04T12:30:14.690+0000] {processor.py:154} INFO - Started process (PID=15398) to work on /home/airflow/.local/lib/python3.7/site-packages/airflow/example_dags/example_nested_branch_dag.py
[2022-12-04T12:30:14.695+0000] {processor.py:756} INFO - Processing file /home/airflow/.local/lib/python3.7/site-packages/airflow/example_dags/example_nested_branch_dag.py for tasks to queue
[2022-12-04T12:30:14.698+0000] {logging_mixin.py:137} INFO - [2022-12-04T12:30:14.698+0000] {dagbag.py:537} INFO - Filling up the DagBag from /home/airflow/.local/lib/python3.7/site-packages/airflow/example_dags/example_nested_branch_dag.py
[2022-12-04T12:30:14.779+0000] {processor.py:766} INFO - DAG(s) dict_keys(['example_nested_branch_dag']) retrieved from /home/airflow/.local/lib/python3.7/site-packages/airflow/example_dags/example_nested_branch_dag.py
[2022-12-04T12:30:14.855+0000] {logging_mixin.py:137} INFO - [2022-12-04T12:30:14.855+0000] {dag.py:2585} INFO - Sync 1 DAGs
[2022-12-04T12:30:15.242+0000] {logging_mixin.py:137} INFO - [2022-12-04T12:30:15.242+0000] {dag.py:3340} INFO - Setting next_dagrun for example_nested_branch_dag to 2022-12-03T00:00:00+00:00, run_after=2022-12-04T00:00:00+00:00
[2022-12-04T12:30:15.340+0000] {processor.py:176} INFO - Processing /home/airflow/.local/lib/python3.7/site-packages/airflow/example_dags/example_nested_branch_dag.py took 0.670 seconds
[2022-12-04T14:08:56.414+0000] {processor.py:154} INFO - Started process (PID=15469) to work on /home/airflow/.local/lib/python3.7/site-packages/airflow/example_dags/example_nested_branch_dag.py
[2022-12-04T14:08:56.416+0000] {processor.py:756} INFO - Processing file /home/airflow/.local/lib/python3.7/site-packages/airflow/example_dags/example_nested_branch_dag.py for tasks to queue
[2022-12-04T14:08:56.417+0000] {logging_mixin.py:137} INFO - [2022-12-04T14:08:56.417+0000] {dagbag.py:537} INFO - Filling up the DagBag from /home/airflow/.local/lib/python3.7/site-packages/airflow/example_dags/example_nested_branch_dag.py
[2022-12-04T14:08:56.434+0000] {processor.py:766} INFO - DAG(s) dict_keys(['example_nested_branch_dag']) retrieved from /home/airflow/.local/lib/python3.7/site-packages/airflow/example_dags/example_nested_branch_dag.py
[2022-12-04T14:08:56.461+0000] {logging_mixin.py:137} INFO - [2022-12-04T14:08:56.461+0000] {dag.py:2585} INFO - Sync 1 DAGs
[2022-12-04T14:08:56.477+0000] {logging_mixin.py:137} INFO - [2022-12-04T14:08:56.477+0000] {dag.py:3340} INFO - Setting next_dagrun for example_nested_branch_dag to 2022-12-03T00:00:00+00:00, run_after=2022-12-04T00:00:00+00:00
[2022-12-04T14:08:56.490+0000] {processor.py:176} INFO - Processing /home/airflow/.local/lib/python3.7/site-packages/airflow/example_dags/example_nested_branch_dag.py took 0.079 seconds
[2022-12-04T15:33:46.999+0000] {processor.py:154} INFO - Started process (PID=15539) to work on /home/airflow/.local/lib/python3.7/site-packages/airflow/example_dags/example_nested_branch_dag.py
[2022-12-04T15:33:47.004+0000] {processor.py:756} INFO - Processing file /home/airflow/.local/lib/python3.7/site-packages/airflow/example_dags/example_nested_branch_dag.py for tasks to queue
[2022-12-04T15:33:47.006+0000] {logging_mixin.py:137} INFO - [2022-12-04T15:33:47.006+0000] {dagbag.py:537} INFO - Filling up the DagBag from /home/airflow/.local/lib/python3.7/site-packages/airflow/example_dags/example_nested_branch_dag.py
[2022-12-04T15:33:47.041+0000] {processor.py:766} INFO - DAG(s) dict_keys(['example_nested_branch_dag']) retrieved from /home/airflow/.local/lib/python3.7/site-packages/airflow/example_dags/example_nested_branch_dag.py
[2022-12-04T15:33:47.126+0000] {logging_mixin.py:137} INFO - [2022-12-04T15:33:47.126+0000] {dag.py:2585} INFO - Sync 1 DAGs
[2022-12-04T15:33:47.149+0000] {logging_mixin.py:137} INFO - [2022-12-04T15:33:47.149+0000] {dag.py:3340} INFO - Setting next_dagrun for example_nested_branch_dag to 2022-12-03T00:00:00+00:00, run_after=2022-12-04T00:00:00+00:00
[2022-12-04T15:33:47.164+0000] {processor.py:176} INFO - Processing /home/airflow/.local/lib/python3.7/site-packages/airflow/example_dags/example_nested_branch_dag.py took 0.170 seconds
[2022-12-04T16:56:19.717+0000] {processor.py:154} INFO - Started process (PID=15607) to work on /home/airflow/.local/lib/python3.7/site-packages/airflow/example_dags/example_nested_branch_dag.py
[2022-12-04T16:56:19.719+0000] {processor.py:756} INFO - Processing file /home/airflow/.local/lib/python3.7/site-packages/airflow/example_dags/example_nested_branch_dag.py for tasks to queue
[2022-12-04T16:56:19.720+0000] {logging_mixin.py:137} INFO - [2022-12-04T16:56:19.720+0000] {dagbag.py:537} INFO - Filling up the DagBag from /home/airflow/.local/lib/python3.7/site-packages/airflow/example_dags/example_nested_branch_dag.py
[2022-12-04T16:56:19.736+0000] {processor.py:766} INFO - DAG(s) dict_keys(['example_nested_branch_dag']) retrieved from /home/airflow/.local/lib/python3.7/site-packages/airflow/example_dags/example_nested_branch_dag.py
[2022-12-04T16:56:19.769+0000] {logging_mixin.py:137} INFO - [2022-12-04T16:56:19.769+0000] {dag.py:2585} INFO - Sync 1 DAGs
[2022-12-04T16:56:19.786+0000] {logging_mixin.py:137} INFO - [2022-12-04T16:56:19.786+0000] {dag.py:3340} INFO - Setting next_dagrun for example_nested_branch_dag to 2022-12-03T00:00:00+00:00, run_after=2022-12-04T00:00:00+00:00
[2022-12-04T16:56:19.799+0000] {processor.py:176} INFO - Processing /home/airflow/.local/lib/python3.7/site-packages/airflow/example_dags/example_nested_branch_dag.py took 0.086 seconds
[2022-12-04T18:19:31.497+0000] {processor.py:154} INFO - Started process (PID=15665) to work on /home/airflow/.local/lib/python3.7/site-packages/airflow/example_dags/example_nested_branch_dag.py
[2022-12-04T18:19:31.498+0000] {processor.py:756} INFO - Processing file /home/airflow/.local/lib/python3.7/site-packages/airflow/example_dags/example_nested_branch_dag.py for tasks to queue
[2022-12-04T18:19:31.499+0000] {logging_mixin.py:137} INFO - [2022-12-04T18:19:31.499+0000] {dagbag.py:537} INFO - Filling up the DagBag from /home/airflow/.local/lib/python3.7/site-packages/airflow/example_dags/example_nested_branch_dag.py
[2022-12-04T18:19:31.513+0000] {processor.py:766} INFO - DAG(s) dict_keys(['example_nested_branch_dag']) retrieved from /home/airflow/.local/lib/python3.7/site-packages/airflow/example_dags/example_nested_branch_dag.py
[2022-12-04T18:19:31.538+0000] {logging_mixin.py:137} INFO - [2022-12-04T18:19:31.538+0000] {dag.py:2585} INFO - Sync 1 DAGs
[2022-12-04T18:19:31.553+0000] {logging_mixin.py:137} INFO - [2022-12-04T18:19:31.553+0000] {dag.py:3340} INFO - Setting next_dagrun for example_nested_branch_dag to 2022-12-03T00:00:00+00:00, run_after=2022-12-04T00:00:00+00:00
[2022-12-04T18:19:31.567+0000] {processor.py:176} INFO - Processing /home/airflow/.local/lib/python3.7/site-packages/airflow/example_dags/example_nested_branch_dag.py took 0.072 seconds
[2022-12-04T19:16:11.876+0000] {processor.py:154} INFO - Started process (PID=15739) to work on /home/airflow/.local/lib/python3.7/site-packages/airflow/example_dags/example_nested_branch_dag.py
[2022-12-04T19:16:11.877+0000] {processor.py:756} INFO - Processing file /home/airflow/.local/lib/python3.7/site-packages/airflow/example_dags/example_nested_branch_dag.py for tasks to queue
[2022-12-04T19:16:11.879+0000] {logging_mixin.py:137} INFO - [2022-12-04T19:16:11.878+0000] {dagbag.py:537} INFO - Filling up the DagBag from /home/airflow/.local/lib/python3.7/site-packages/airflow/example_dags/example_nested_branch_dag.py
[2022-12-04T19:16:11.894+0000] {processor.py:766} INFO - DAG(s) dict_keys(['example_nested_branch_dag']) retrieved from /home/airflow/.local/lib/python3.7/site-packages/airflow/example_dags/example_nested_branch_dag.py
[2022-12-04T19:16:11.922+0000] {logging_mixin.py:137} INFO - [2022-12-04T19:16:11.922+0000] {dag.py:2585} INFO - Sync 1 DAGs
[2022-12-04T19:16:11.940+0000] {logging_mixin.py:137} INFO - [2022-12-04T19:16:11.940+0000] {dag.py:3340} INFO - Setting next_dagrun for example_nested_branch_dag to 2022-12-03T00:00:00+00:00, run_after=2022-12-04T00:00:00+00:00
[2022-12-04T19:16:11.952+0000] {processor.py:176} INFO - Processing /home/airflow/.local/lib/python3.7/site-packages/airflow/example_dags/example_nested_branch_dag.py took 0.078 seconds
[2022-12-04T20:04:50.938+0000] {processor.py:154} INFO - Started process (PID=15807) to work on /home/airflow/.local/lib/python3.7/site-packages/airflow/example_dags/example_nested_branch_dag.py
[2022-12-04T20:04:50.939+0000] {processor.py:756} INFO - Processing file /home/airflow/.local/lib/python3.7/site-packages/airflow/example_dags/example_nested_branch_dag.py for tasks to queue
[2022-12-04T20:04:50.941+0000] {logging_mixin.py:137} INFO - [2022-12-04T20:04:50.941+0000] {dagbag.py:537} INFO - Filling up the DagBag from /home/airflow/.local/lib/python3.7/site-packages/airflow/example_dags/example_nested_branch_dag.py
[2022-12-04T20:04:50.957+0000] {processor.py:766} INFO - DAG(s) dict_keys(['example_nested_branch_dag']) retrieved from /home/airflow/.local/lib/python3.7/site-packages/airflow/example_dags/example_nested_branch_dag.py
[2022-12-04T20:04:50.983+0000] {logging_mixin.py:137} INFO - [2022-12-04T20:04:50.983+0000] {dag.py:2585} INFO - Sync 1 DAGs
[2022-12-04T20:04:51.000+0000] {logging_mixin.py:137} INFO - [2022-12-04T20:04:51.000+0000] {dag.py:3340} INFO - Setting next_dagrun for example_nested_branch_dag to 2022-12-03T00:00:00+00:00, run_after=2022-12-04T00:00:00+00:00
[2022-12-04T20:04:51.013+0000] {processor.py:176} INFO - Processing /home/airflow/.local/lib/python3.7/site-packages/airflow/example_dags/example_nested_branch_dag.py took 0.077 seconds
[2022-12-04T21:26:02.577+0000] {processor.py:154} INFO - Started process (PID=15879) to work on /home/airflow/.local/lib/python3.7/site-packages/airflow/example_dags/example_nested_branch_dag.py
[2022-12-04T21:26:02.580+0000] {processor.py:756} INFO - Processing file /home/airflow/.local/lib/python3.7/site-packages/airflow/example_dags/example_nested_branch_dag.py for tasks to queue
[2022-12-04T21:26:02.582+0000] {logging_mixin.py:137} INFO - [2022-12-04T21:26:02.582+0000] {dagbag.py:537} INFO - Filling up the DagBag from /home/airflow/.local/lib/python3.7/site-packages/airflow/example_dags/example_nested_branch_dag.py
[2022-12-04T21:26:02.624+0000] {processor.py:766} INFO - DAG(s) dict_keys(['example_nested_branch_dag']) retrieved from /home/airflow/.local/lib/python3.7/site-packages/airflow/example_dags/example_nested_branch_dag.py
[2022-12-04T21:26:02.689+0000] {logging_mixin.py:137} INFO - [2022-12-04T21:26:02.689+0000] {dag.py:2585} INFO - Sync 1 DAGs
[2022-12-04T21:26:02.727+0000] {logging_mixin.py:137} INFO - [2022-12-04T21:26:02.727+0000] {dag.py:3340} INFO - Setting next_dagrun for example_nested_branch_dag to 2022-12-03T00:00:00+00:00, run_after=2022-12-04T00:00:00+00:00
[2022-12-04T21:26:02.758+0000] {processor.py:176} INFO - Processing /home/airflow/.local/lib/python3.7/site-packages/airflow/example_dags/example_nested_branch_dag.py took 0.190 seconds
[2022-12-04T22:34:05.095+0000] {processor.py:154} INFO - Started process (PID=15935) to work on /home/airflow/.local/lib/python3.7/site-packages/airflow/example_dags/example_nested_branch_dag.py
[2022-12-04T22:34:05.098+0000] {processor.py:756} INFO - Processing file /home/airflow/.local/lib/python3.7/site-packages/airflow/example_dags/example_nested_branch_dag.py for tasks to queue
[2022-12-04T22:34:05.100+0000] {logging_mixin.py:137} INFO - [2022-12-04T22:34:05.100+0000] {dagbag.py:537} INFO - Filling up the DagBag from /home/airflow/.local/lib/python3.7/site-packages/airflow/example_dags/example_nested_branch_dag.py
[2022-12-04T22:34:05.133+0000] {processor.py:766} INFO - DAG(s) dict_keys(['example_nested_branch_dag']) retrieved from /home/airflow/.local/lib/python3.7/site-packages/airflow/example_dags/example_nested_branch_dag.py
[2022-12-04T22:34:05.171+0000] {logging_mixin.py:137} INFO - [2022-12-04T22:34:05.171+0000] {dag.py:2585} INFO - Sync 1 DAGs
[2022-12-04T22:34:05.209+0000] {logging_mixin.py:137} INFO - [2022-12-04T22:34:05.209+0000] {dag.py:3340} INFO - Setting next_dagrun for example_nested_branch_dag to 2022-12-03T00:00:00+00:00, run_after=2022-12-04T00:00:00+00:00
[2022-12-04T22:34:05.241+0000] {processor.py:176} INFO - Processing /home/airflow/.local/lib/python3.7/site-packages/airflow/example_dags/example_nested_branch_dag.py took 0.150 seconds
[2022-12-04T22:52:27.086+0000] {processor.py:154} INFO - Started process (PID=15999) to work on /home/airflow/.local/lib/python3.7/site-packages/airflow/example_dags/example_nested_branch_dag.py
[2022-12-04T22:52:27.098+0000] {processor.py:756} INFO - Processing file /home/airflow/.local/lib/python3.7/site-packages/airflow/example_dags/example_nested_branch_dag.py for tasks to queue
[2022-12-04T22:52:27.099+0000] {logging_mixin.py:137} INFO - [2022-12-04T22:52:27.099+0000] {dagbag.py:537} INFO - Filling up the DagBag from /home/airflow/.local/lib/python3.7/site-packages/airflow/example_dags/example_nested_branch_dag.py
[2022-12-04T22:52:27.149+0000] {processor.py:766} INFO - DAG(s) dict_keys(['example_nested_branch_dag']) retrieved from /home/airflow/.local/lib/python3.7/site-packages/airflow/example_dags/example_nested_branch_dag.py
[2022-12-04T22:52:27.260+0000] {logging_mixin.py:137} INFO - [2022-12-04T22:52:27.260+0000] {dag.py:2585} INFO - Sync 1 DAGs
[2022-12-04T22:52:27.346+0000] {logging_mixin.py:137} INFO - [2022-12-04T22:52:27.345+0000] {dag.py:3340} INFO - Setting next_dagrun for example_nested_branch_dag to 2022-12-03T00:00:00+00:00, run_after=2022-12-04T00:00:00+00:00
[2022-12-04T22:52:27.389+0000] {processor.py:176} INFO - Processing /home/airflow/.local/lib/python3.7/site-packages/airflow/example_dags/example_nested_branch_dag.py took 0.306 seconds
