[2022-12-04T00:57:35.084+0000] {processor.py:154} INFO - Started process (PID=14902) to work on /home/airflow/.local/lib/python3.7/site-packages/airflow/example_dags/example_trigger_target_dag.py
[2022-12-04T00:57:35.086+0000] {processor.py:756} INFO - Processing file /home/airflow/.local/lib/python3.7/site-packages/airflow/example_dags/example_trigger_target_dag.py for tasks to queue
[2022-12-04T00:57:35.088+0000] {logging_mixin.py:137} INFO - [2022-12-04T00:57:35.088+0000] {dagbag.py:537} INFO - Filling up the DagBag from /home/airflow/.local/lib/python3.7/site-packages/airflow/example_dags/example_trigger_target_dag.py
[2022-12-04T00:57:35.103+0000] {processor.py:766} INFO - DAG(s) dict_keys(['example_trigger_target_dag']) retrieved from /home/airflow/.local/lib/python3.7/site-packages/airflow/example_dags/example_trigger_target_dag.py
[2022-12-04T00:57:35.132+0000] {logging_mixin.py:137} INFO - [2022-12-04T00:57:35.132+0000] {dag.py:2585} INFO - Sync 1 DAGs
[2022-12-04T00:57:35.147+0000] {logging_mixin.py:137} INFO - [2022-12-04T00:57:35.147+0000] {dag.py:3340} INFO - Setting next_dagrun for example_trigger_target_dag to None, run_after=None
[2022-12-04T00:57:35.167+0000] {processor.py:176} INFO - Processing /home/airflow/.local/lib/python3.7/site-packages/airflow/example_dags/example_trigger_target_dag.py took 0.085 seconds
[2022-12-04T02:32:55.849+0000] {processor.py:154} INFO - Started process (PID=14970) to work on /home/airflow/.local/lib/python3.7/site-packages/airflow/example_dags/example_trigger_target_dag.py
[2022-12-04T02:32:55.850+0000] {processor.py:756} INFO - Processing file /home/airflow/.local/lib/python3.7/site-packages/airflow/example_dags/example_trigger_target_dag.py for tasks to queue
[2022-12-04T02:32:55.851+0000] {logging_mixin.py:137} INFO - [2022-12-04T02:32:55.851+0000] {dagbag.py:537} INFO - Filling up the DagBag from /home/airflow/.local/lib/python3.7/site-packages/airflow/example_dags/example_trigger_target_dag.py
[2022-12-04T02:32:55.866+0000] {processor.py:766} INFO - DAG(s) dict_keys(['example_trigger_target_dag']) retrieved from /home/airflow/.local/lib/python3.7/site-packages/airflow/example_dags/example_trigger_target_dag.py
[2022-12-04T02:32:55.892+0000] {logging_mixin.py:137} INFO - [2022-12-04T02:32:55.892+0000] {dag.py:2585} INFO - Sync 1 DAGs
[2022-12-04T02:32:55.908+0000] {logging_mixin.py:137} INFO - [2022-12-04T02:32:55.908+0000] {dag.py:3340} INFO - Setting next_dagrun for example_trigger_target_dag to None, run_after=None
[2022-12-04T02:32:55.922+0000] {processor.py:176} INFO - Processing /home/airflow/.local/lib/python3.7/site-packages/airflow/example_dags/example_trigger_target_dag.py took 0.075 seconds
[2022-12-04T03:55:42.824+0000] {processor.py:154} INFO - Started process (PID=15038) to work on /home/airflow/.local/lib/python3.7/site-packages/airflow/example_dags/example_trigger_target_dag.py
[2022-12-04T03:55:42.826+0000] {processor.py:756} INFO - Processing file /home/airflow/.local/lib/python3.7/site-packages/airflow/example_dags/example_trigger_target_dag.py for tasks to queue
[2022-12-04T03:55:42.828+0000] {logging_mixin.py:137} INFO - [2022-12-04T03:55:42.828+0000] {dagbag.py:537} INFO - Filling up the DagBag from /home/airflow/.local/lib/python3.7/site-packages/airflow/example_dags/example_trigger_target_dag.py
[2022-12-04T03:55:42.843+0000] {processor.py:766} INFO - DAG(s) dict_keys(['example_trigger_target_dag']) retrieved from /home/airflow/.local/lib/python3.7/site-packages/airflow/example_dags/example_trigger_target_dag.py
[2022-12-04T03:55:42.885+0000] {logging_mixin.py:137} INFO - [2022-12-04T03:55:42.885+0000] {dag.py:2585} INFO - Sync 1 DAGs
[2022-12-04T03:55:42.906+0000] {logging_mixin.py:137} INFO - [2022-12-04T03:55:42.905+0000] {dag.py:3340} INFO - Setting next_dagrun for example_trigger_target_dag to None, run_after=None
[2022-12-04T03:55:42.923+0000] {processor.py:176} INFO - Processing /home/airflow/.local/lib/python3.7/site-packages/airflow/example_dags/example_trigger_target_dag.py took 0.101 seconds
[2022-12-04T05:30:18.384+0000] {processor.py:154} INFO - Started process (PID=15106) to work on /home/airflow/.local/lib/python3.7/site-packages/airflow/example_dags/example_trigger_target_dag.py
[2022-12-04T05:30:18.386+0000] {processor.py:756} INFO - Processing file /home/airflow/.local/lib/python3.7/site-packages/airflow/example_dags/example_trigger_target_dag.py for tasks to queue
[2022-12-04T05:30:18.387+0000] {logging_mixin.py:137} INFO - [2022-12-04T05:30:18.387+0000] {dagbag.py:537} INFO - Filling up the DagBag from /home/airflow/.local/lib/python3.7/site-packages/airflow/example_dags/example_trigger_target_dag.py
[2022-12-04T05:30:18.401+0000] {processor.py:766} INFO - DAG(s) dict_keys(['example_trigger_target_dag']) retrieved from /home/airflow/.local/lib/python3.7/site-packages/airflow/example_dags/example_trigger_target_dag.py
[2022-12-04T05:30:18.430+0000] {logging_mixin.py:137} INFO - [2022-12-04T05:30:18.430+0000] {dag.py:2585} INFO - Sync 1 DAGs
[2022-12-04T05:30:18.445+0000] {logging_mixin.py:137} INFO - [2022-12-04T05:30:18.445+0000] {dag.py:3340} INFO - Setting next_dagrun for example_trigger_target_dag to None, run_after=None
[2022-12-04T05:30:18.458+0000] {processor.py:176} INFO - Processing /home/airflow/.local/lib/python3.7/site-packages/airflow/example_dags/example_trigger_target_dag.py took 0.077 seconds
[2022-12-04T06:53:38.452+0000] {processor.py:154} INFO - Started process (PID=15162) to work on /home/airflow/.local/lib/python3.7/site-packages/airflow/example_dags/example_trigger_target_dag.py
[2022-12-04T06:53:38.454+0000] {processor.py:756} INFO - Processing file /home/airflow/.local/lib/python3.7/site-packages/airflow/example_dags/example_trigger_target_dag.py for tasks to queue
[2022-12-04T06:53:38.455+0000] {logging_mixin.py:137} INFO - [2022-12-04T06:53:38.454+0000] {dagbag.py:537} INFO - Filling up the DagBag from /home/airflow/.local/lib/python3.7/site-packages/airflow/example_dags/example_trigger_target_dag.py
[2022-12-04T06:53:38.468+0000] {processor.py:766} INFO - DAG(s) dict_keys(['example_trigger_target_dag']) retrieved from /home/airflow/.local/lib/python3.7/site-packages/airflow/example_dags/example_trigger_target_dag.py
[2022-12-04T06:53:38.496+0000] {logging_mixin.py:137} INFO - [2022-12-04T06:53:38.496+0000] {dag.py:2585} INFO - Sync 1 DAGs
[2022-12-04T06:53:38.511+0000] {logging_mixin.py:137} INFO - [2022-12-04T06:53:38.511+0000] {dag.py:3340} INFO - Setting next_dagrun for example_trigger_target_dag to None, run_after=None
[2022-12-04T06:53:38.523+0000] {processor.py:176} INFO - Processing /home/airflow/.local/lib/python3.7/site-packages/airflow/example_dags/example_trigger_target_dag.py took 0.073 seconds
[2022-12-04T08:30:45.234+0000] {processor.py:154} INFO - Started process (PID=15229) to work on /home/airflow/.local/lib/python3.7/site-packages/airflow/example_dags/example_trigger_target_dag.py
[2022-12-04T08:30:45.236+0000] {processor.py:756} INFO - Processing file /home/airflow/.local/lib/python3.7/site-packages/airflow/example_dags/example_trigger_target_dag.py for tasks to queue
[2022-12-04T08:30:45.237+0000] {logging_mixin.py:137} INFO - [2022-12-04T08:30:45.237+0000] {dagbag.py:537} INFO - Filling up the DagBag from /home/airflow/.local/lib/python3.7/site-packages/airflow/example_dags/example_trigger_target_dag.py
[2022-12-04T08:30:45.250+0000] {processor.py:766} INFO - DAG(s) dict_keys(['example_trigger_target_dag']) retrieved from /home/airflow/.local/lib/python3.7/site-packages/airflow/example_dags/example_trigger_target_dag.py
[2022-12-04T08:30:45.277+0000] {logging_mixin.py:137} INFO - [2022-12-04T08:30:45.277+0000] {dag.py:2585} INFO - Sync 1 DAGs
[2022-12-04T08:30:45.296+0000] {logging_mixin.py:137} INFO - [2022-12-04T08:30:45.295+0000] {dag.py:3340} INFO - Setting next_dagrun for example_trigger_target_dag to None, run_after=None
[2022-12-04T08:30:45.307+0000] {processor.py:176} INFO - Processing /home/airflow/.local/lib/python3.7/site-packages/airflow/example_dags/example_trigger_target_dag.py took 0.075 seconds
[2022-12-04T10:09:30.758+0000] {processor.py:154} INFO - Started process (PID=15296) to work on /home/airflow/.local/lib/python3.7/site-packages/airflow/example_dags/example_trigger_target_dag.py
[2022-12-04T10:09:30.761+0000] {processor.py:756} INFO - Processing file /home/airflow/.local/lib/python3.7/site-packages/airflow/example_dags/example_trigger_target_dag.py for tasks to queue
[2022-12-04T10:09:30.762+0000] {logging_mixin.py:137} INFO - [2022-12-04T10:09:30.762+0000] {dagbag.py:537} INFO - Filling up the DagBag from /home/airflow/.local/lib/python3.7/site-packages/airflow/example_dags/example_trigger_target_dag.py
[2022-12-04T10:09:30.776+0000] {processor.py:766} INFO - DAG(s) dict_keys(['example_trigger_target_dag']) retrieved from /home/airflow/.local/lib/python3.7/site-packages/airflow/example_dags/example_trigger_target_dag.py
[2022-12-04T10:09:30.803+0000] {logging_mixin.py:137} INFO - [2022-12-04T10:09:30.803+0000] {dag.py:2585} INFO - Sync 1 DAGs
[2022-12-04T10:09:30.819+0000] {logging_mixin.py:137} INFO - [2022-12-04T10:09:30.818+0000] {dag.py:3340} INFO - Setting next_dagrun for example_trigger_target_dag to None, run_after=None
[2022-12-04T10:09:30.831+0000] {processor.py:176} INFO - Processing /home/airflow/.local/lib/python3.7/site-packages/airflow/example_dags/example_trigger_target_dag.py took 0.075 seconds
[2022-12-04T11:31:36.835+0000] {processor.py:154} INFO - Started process (PID=15360) to work on /home/airflow/.local/lib/python3.7/site-packages/airflow/example_dags/example_trigger_target_dag.py
[2022-12-04T11:31:36.838+0000] {processor.py:756} INFO - Processing file /home/airflow/.local/lib/python3.7/site-packages/airflow/example_dags/example_trigger_target_dag.py for tasks to queue
[2022-12-04T11:31:36.840+0000] {logging_mixin.py:137} INFO - [2022-12-04T11:31:36.840+0000] {dagbag.py:537} INFO - Filling up the DagBag from /home/airflow/.local/lib/python3.7/site-packages/airflow/example_dags/example_trigger_target_dag.py
[2022-12-04T11:31:36.856+0000] {processor.py:766} INFO - DAG(s) dict_keys(['example_trigger_target_dag']) retrieved from /home/airflow/.local/lib/python3.7/site-packages/airflow/example_dags/example_trigger_target_dag.py
[2022-12-04T11:31:36.889+0000] {logging_mixin.py:137} INFO - [2022-12-04T11:31:36.888+0000] {dag.py:2585} INFO - Sync 1 DAGs
[2022-12-04T11:31:36.905+0000] {logging_mixin.py:137} INFO - [2022-12-04T11:31:36.905+0000] {dag.py:3340} INFO - Setting next_dagrun for example_trigger_target_dag to None, run_after=None
[2022-12-04T11:31:36.919+0000] {processor.py:176} INFO - Processing /home/airflow/.local/lib/python3.7/site-packages/airflow/example_dags/example_trigger_target_dag.py took 0.086 seconds
[2022-12-04T12:30:17.113+0000] {processor.py:154} INFO - Started process (PID=15434) to work on /home/airflow/.local/lib/python3.7/site-packages/airflow/example_dags/example_trigger_target_dag.py
[2022-12-04T12:30:17.115+0000] {processor.py:756} INFO - Processing file /home/airflow/.local/lib/python3.7/site-packages/airflow/example_dags/example_trigger_target_dag.py for tasks to queue
[2022-12-04T12:30:17.116+0000] {logging_mixin.py:137} INFO - [2022-12-04T12:30:17.116+0000] {dagbag.py:537} INFO - Filling up the DagBag from /home/airflow/.local/lib/python3.7/site-packages/airflow/example_dags/example_trigger_target_dag.py
[2022-12-04T12:30:17.135+0000] {processor.py:766} INFO - DAG(s) dict_keys(['example_trigger_target_dag']) retrieved from /home/airflow/.local/lib/python3.7/site-packages/airflow/example_dags/example_trigger_target_dag.py
[2022-12-04T12:30:17.164+0000] {logging_mixin.py:137} INFO - [2022-12-04T12:30:17.164+0000] {dag.py:2585} INFO - Sync 1 DAGs
[2022-12-04T12:30:17.181+0000] {logging_mixin.py:137} INFO - [2022-12-04T12:30:17.181+0000] {dag.py:3340} INFO - Setting next_dagrun for example_trigger_target_dag to None, run_after=None
[2022-12-04T12:30:17.196+0000] {processor.py:176} INFO - Processing /home/airflow/.local/lib/python3.7/site-packages/airflow/example_dags/example_trigger_target_dag.py took 0.085 seconds
[2022-12-04T14:08:57.565+0000] {processor.py:154} INFO - Started process (PID=15490) to work on /home/airflow/.local/lib/python3.7/site-packages/airflow/example_dags/example_trigger_target_dag.py
[2022-12-04T14:08:57.568+0000] {processor.py:756} INFO - Processing file /home/airflow/.local/lib/python3.7/site-packages/airflow/example_dags/example_trigger_target_dag.py for tasks to queue
[2022-12-04T14:08:57.569+0000] {logging_mixin.py:137} INFO - [2022-12-04T14:08:57.569+0000] {dagbag.py:537} INFO - Filling up the DagBag from /home/airflow/.local/lib/python3.7/site-packages/airflow/example_dags/example_trigger_target_dag.py
[2022-12-04T14:08:57.582+0000] {processor.py:766} INFO - DAG(s) dict_keys(['example_trigger_target_dag']) retrieved from /home/airflow/.local/lib/python3.7/site-packages/airflow/example_dags/example_trigger_target_dag.py
[2022-12-04T14:08:57.610+0000] {logging_mixin.py:137} INFO - [2022-12-04T14:08:57.609+0000] {dag.py:2585} INFO - Sync 1 DAGs
[2022-12-04T14:08:57.629+0000] {logging_mixin.py:137} INFO - [2022-12-04T14:08:57.629+0000] {dag.py:3340} INFO - Setting next_dagrun for example_trigger_target_dag to None, run_after=None
[2022-12-04T14:08:57.641+0000] {processor.py:176} INFO - Processing /home/airflow/.local/lib/python3.7/site-packages/airflow/example_dags/example_trigger_target_dag.py took 0.078 seconds
[2022-12-04T15:33:48.365+0000] {processor.py:154} INFO - Started process (PID=15560) to work on /home/airflow/.local/lib/python3.7/site-packages/airflow/example_dags/example_trigger_target_dag.py
[2022-12-04T15:33:48.367+0000] {processor.py:756} INFO - Processing file /home/airflow/.local/lib/python3.7/site-packages/airflow/example_dags/example_trigger_target_dag.py for tasks to queue
[2022-12-04T15:33:48.368+0000] {logging_mixin.py:137} INFO - [2022-12-04T15:33:48.368+0000] {dagbag.py:537} INFO - Filling up the DagBag from /home/airflow/.local/lib/python3.7/site-packages/airflow/example_dags/example_trigger_target_dag.py
[2022-12-04T15:33:48.382+0000] {processor.py:766} INFO - DAG(s) dict_keys(['example_trigger_target_dag']) retrieved from /home/airflow/.local/lib/python3.7/site-packages/airflow/example_dags/example_trigger_target_dag.py
[2022-12-04T15:33:48.409+0000] {logging_mixin.py:137} INFO - [2022-12-04T15:33:48.409+0000] {dag.py:2585} INFO - Sync 1 DAGs
[2022-12-04T15:33:48.424+0000] {logging_mixin.py:137} INFO - [2022-12-04T15:33:48.424+0000] {dag.py:3340} INFO - Setting next_dagrun for example_trigger_target_dag to None, run_after=None
[2022-12-04T15:33:48.442+0000] {processor.py:176} INFO - Processing /home/airflow/.local/lib/python3.7/site-packages/airflow/example_dags/example_trigger_target_dag.py took 0.079 seconds
[2022-12-04T16:56:20.985+0000] {processor.py:154} INFO - Started process (PID=15628) to work on /home/airflow/.local/lib/python3.7/site-packages/airflow/example_dags/example_trigger_target_dag.py
[2022-12-04T16:56:20.987+0000] {processor.py:756} INFO - Processing file /home/airflow/.local/lib/python3.7/site-packages/airflow/example_dags/example_trigger_target_dag.py for tasks to queue
[2022-12-04T16:56:20.988+0000] {logging_mixin.py:137} INFO - [2022-12-04T16:56:20.987+0000] {dagbag.py:537} INFO - Filling up the DagBag from /home/airflow/.local/lib/python3.7/site-packages/airflow/example_dags/example_trigger_target_dag.py
[2022-12-04T16:56:21.001+0000] {processor.py:766} INFO - DAG(s) dict_keys(['example_trigger_target_dag']) retrieved from /home/airflow/.local/lib/python3.7/site-packages/airflow/example_dags/example_trigger_target_dag.py
[2022-12-04T16:56:21.028+0000] {logging_mixin.py:137} INFO - [2022-12-04T16:56:21.028+0000] {dag.py:2585} INFO - Sync 1 DAGs
[2022-12-04T16:56:21.044+0000] {logging_mixin.py:137} INFO - [2022-12-04T16:56:21.044+0000] {dag.py:3340} INFO - Setting next_dagrun for example_trigger_target_dag to None, run_after=None
[2022-12-04T16:56:21.056+0000] {processor.py:176} INFO - Processing /home/airflow/.local/lib/python3.7/site-packages/airflow/example_dags/example_trigger_target_dag.py took 0.074 seconds
[2022-12-04T18:19:34.303+0000] {processor.py:154} INFO - Started process (PID=15698) to work on /home/airflow/.local/lib/python3.7/site-packages/airflow/example_dags/example_trigger_target_dag.py
[2022-12-04T18:19:34.307+0000] {processor.py:756} INFO - Processing file /home/airflow/.local/lib/python3.7/site-packages/airflow/example_dags/example_trigger_target_dag.py for tasks to queue
[2022-12-04T18:19:34.310+0000] {logging_mixin.py:137} INFO - [2022-12-04T18:19:34.309+0000] {dagbag.py:537} INFO - Filling up the DagBag from /home/airflow/.local/lib/python3.7/site-packages/airflow/example_dags/example_trigger_target_dag.py
[2022-12-04T18:19:34.327+0000] {processor.py:766} INFO - DAG(s) dict_keys(['example_trigger_target_dag']) retrieved from /home/airflow/.local/lib/python3.7/site-packages/airflow/example_dags/example_trigger_target_dag.py
[2022-12-04T18:19:34.360+0000] {logging_mixin.py:137} INFO - [2022-12-04T18:19:34.360+0000] {dag.py:2585} INFO - Sync 1 DAGs
[2022-12-04T18:19:34.380+0000] {logging_mixin.py:137} INFO - [2022-12-04T18:19:34.379+0000] {dag.py:3340} INFO - Setting next_dagrun for example_trigger_target_dag to None, run_after=None
[2022-12-04T18:19:34.403+0000] {processor.py:176} INFO - Processing /home/airflow/.local/lib/python3.7/site-packages/airflow/example_dags/example_trigger_target_dag.py took 0.102 seconds
[2022-12-04T19:16:13.674+0000] {processor.py:154} INFO - Started process (PID=15760) to work on /home/airflow/.local/lib/python3.7/site-packages/airflow/example_dags/example_trigger_target_dag.py
[2022-12-04T19:16:13.676+0000] {processor.py:756} INFO - Processing file /home/airflow/.local/lib/python3.7/site-packages/airflow/example_dags/example_trigger_target_dag.py for tasks to queue
[2022-12-04T19:16:13.677+0000] {logging_mixin.py:137} INFO - [2022-12-04T19:16:13.677+0000] {dagbag.py:537} INFO - Filling up the DagBag from /home/airflow/.local/lib/python3.7/site-packages/airflow/example_dags/example_trigger_target_dag.py
[2022-12-04T19:16:13.689+0000] {processor.py:766} INFO - DAG(s) dict_keys(['example_trigger_target_dag']) retrieved from /home/airflow/.local/lib/python3.7/site-packages/airflow/example_dags/example_trigger_target_dag.py
[2022-12-04T19:16:13.717+0000] {logging_mixin.py:137} INFO - [2022-12-04T19:16:13.717+0000] {dag.py:2585} INFO - Sync 1 DAGs
[2022-12-04T19:16:13.733+0000] {logging_mixin.py:137} INFO - [2022-12-04T19:16:13.733+0000] {dag.py:3340} INFO - Setting next_dagrun for example_trigger_target_dag to None, run_after=None
[2022-12-04T19:16:13.744+0000] {processor.py:176} INFO - Processing /home/airflow/.local/lib/python3.7/site-packages/airflow/example_dags/example_trigger_target_dag.py took 0.072 seconds
[2022-12-04T20:04:52.136+0000] {processor.py:154} INFO - Started process (PID=15828) to work on /home/airflow/.local/lib/python3.7/site-packages/airflow/example_dags/example_trigger_target_dag.py
[2022-12-04T20:04:52.138+0000] {processor.py:756} INFO - Processing file /home/airflow/.local/lib/python3.7/site-packages/airflow/example_dags/example_trigger_target_dag.py for tasks to queue
[2022-12-04T20:04:52.140+0000] {logging_mixin.py:137} INFO - [2022-12-04T20:04:52.140+0000] {dagbag.py:537} INFO - Filling up the DagBag from /home/airflow/.local/lib/python3.7/site-packages/airflow/example_dags/example_trigger_target_dag.py
[2022-12-04T20:04:52.154+0000] {processor.py:766} INFO - DAG(s) dict_keys(['example_trigger_target_dag']) retrieved from /home/airflow/.local/lib/python3.7/site-packages/airflow/example_dags/example_trigger_target_dag.py
[2022-12-04T20:04:52.182+0000] {logging_mixin.py:137} INFO - [2022-12-04T20:04:52.181+0000] {dag.py:2585} INFO - Sync 1 DAGs
[2022-12-04T20:04:52.197+0000] {logging_mixin.py:137} INFO - [2022-12-04T20:04:52.197+0000] {dag.py:3340} INFO - Setting next_dagrun for example_trigger_target_dag to None, run_after=None
[2022-12-04T20:04:52.210+0000] {processor.py:176} INFO - Processing /home/airflow/.local/lib/python3.7/site-packages/airflow/example_dags/example_trigger_target_dag.py took 0.076 seconds
[2022-12-04T21:26:03.871+0000] {processor.py:154} INFO - Started process (PID=15900) to work on /home/airflow/.local/lib/python3.7/site-packages/airflow/example_dags/example_trigger_target_dag.py
[2022-12-04T21:26:03.872+0000] {processor.py:756} INFO - Processing file /home/airflow/.local/lib/python3.7/site-packages/airflow/example_dags/example_trigger_target_dag.py for tasks to queue
[2022-12-04T21:26:03.874+0000] {logging_mixin.py:137} INFO - [2022-12-04T21:26:03.874+0000] {dagbag.py:537} INFO - Filling up the DagBag from /home/airflow/.local/lib/python3.7/site-packages/airflow/example_dags/example_trigger_target_dag.py
[2022-12-04T21:26:03.889+0000] {processor.py:766} INFO - DAG(s) dict_keys(['example_trigger_target_dag']) retrieved from /home/airflow/.local/lib/python3.7/site-packages/airflow/example_dags/example_trigger_target_dag.py
[2022-12-04T21:26:03.919+0000] {logging_mixin.py:137} INFO - [2022-12-04T21:26:03.919+0000] {dag.py:2585} INFO - Sync 1 DAGs
[2022-12-04T21:26:03.934+0000] {logging_mixin.py:137} INFO - [2022-12-04T21:26:03.933+0000] {dag.py:3340} INFO - Setting next_dagrun for example_trigger_target_dag to None, run_after=None
[2022-12-04T21:26:03.946+0000] {processor.py:176} INFO - Processing /home/airflow/.local/lib/python3.7/site-packages/airflow/example_dags/example_trigger_target_dag.py took 0.078 seconds
[2022-12-04T22:34:07.124+0000] {processor.py:154} INFO - Started process (PID=15964) to work on /home/airflow/.local/lib/python3.7/site-packages/airflow/example_dags/example_trigger_target_dag.py
[2022-12-04T22:34:07.126+0000] {processor.py:756} INFO - Processing file /home/airflow/.local/lib/python3.7/site-packages/airflow/example_dags/example_trigger_target_dag.py for tasks to queue
[2022-12-04T22:34:07.127+0000] {logging_mixin.py:137} INFO - [2022-12-04T22:34:07.127+0000] {dagbag.py:537} INFO - Filling up the DagBag from /home/airflow/.local/lib/python3.7/site-packages/airflow/example_dags/example_trigger_target_dag.py
[2022-12-04T22:34:07.145+0000] {processor.py:766} INFO - DAG(s) dict_keys(['example_trigger_target_dag']) retrieved from /home/airflow/.local/lib/python3.7/site-packages/airflow/example_dags/example_trigger_target_dag.py
[2022-12-04T22:34:07.178+0000] {logging_mixin.py:137} INFO - [2022-12-04T22:34:07.178+0000] {dag.py:2585} INFO - Sync 1 DAGs
[2022-12-04T22:34:07.199+0000] {logging_mixin.py:137} INFO - [2022-12-04T22:34:07.199+0000] {dag.py:3340} INFO - Setting next_dagrun for example_trigger_target_dag to None, run_after=None
[2022-12-04T22:34:07.214+0000] {processor.py:176} INFO - Processing /home/airflow/.local/lib/python3.7/site-packages/airflow/example_dags/example_trigger_target_dag.py took 0.093 seconds
[2022-12-04T22:52:29.006+0000] {processor.py:154} INFO - Started process (PID=16020) to work on /home/airflow/.local/lib/python3.7/site-packages/airflow/example_dags/example_trigger_target_dag.py
[2022-12-04T22:52:29.007+0000] {processor.py:756} INFO - Processing file /home/airflow/.local/lib/python3.7/site-packages/airflow/example_dags/example_trigger_target_dag.py for tasks to queue
[2022-12-04T22:52:29.008+0000] {logging_mixin.py:137} INFO - [2022-12-04T22:52:29.008+0000] {dagbag.py:537} INFO - Filling up the DagBag from /home/airflow/.local/lib/python3.7/site-packages/airflow/example_dags/example_trigger_target_dag.py
[2022-12-04T22:52:29.023+0000] {processor.py:766} INFO - DAG(s) dict_keys(['example_trigger_target_dag']) retrieved from /home/airflow/.local/lib/python3.7/site-packages/airflow/example_dags/example_trigger_target_dag.py
[2022-12-04T22:52:29.052+0000] {logging_mixin.py:137} INFO - [2022-12-04T22:52:29.051+0000] {dag.py:2585} INFO - Sync 1 DAGs
[2022-12-04T22:52:29.070+0000] {logging_mixin.py:137} INFO - [2022-12-04T22:52:29.070+0000] {dag.py:3340} INFO - Setting next_dagrun for example_trigger_target_dag to None, run_after=None
[2022-12-04T22:52:29.082+0000] {processor.py:176} INFO - Processing /home/airflow/.local/lib/python3.7/site-packages/airflow/example_dags/example_trigger_target_dag.py took 0.078 seconds
