[2022-12-04T00:57:34.779+0000] {processor.py:154} INFO - Started process (PID=14898) to work on /home/airflow/.local/lib/python3.7/site-packages/airflow/example_dags/example_skip_dag.py
[2022-12-04T00:57:34.781+0000] {processor.py:756} INFO - Processing file /home/airflow/.local/lib/python3.7/site-packages/airflow/example_dags/example_skip_dag.py for tasks to queue
[2022-12-04T00:57:34.782+0000] {logging_mixin.py:137} INFO - [2022-12-04T00:57:34.782+0000] {dagbag.py:537} INFO - Filling up the DagBag from /home/airflow/.local/lib/python3.7/site-packages/airflow/example_dags/example_skip_dag.py
[2022-12-04T00:57:34.792+0000] {processor.py:766} INFO - DAG(s) dict_keys(['example_skip_dag']) retrieved from /home/airflow/.local/lib/python3.7/site-packages/airflow/example_dags/example_skip_dag.py
[2022-12-04T00:57:34.821+0000] {logging_mixin.py:137} INFO - [2022-12-04T00:57:34.820+0000] {dag.py:2585} INFO - Sync 1 DAGs
[2022-12-04T00:57:34.837+0000] {logging_mixin.py:137} INFO - [2022-12-04T00:57:34.837+0000] {dag.py:3340} INFO - Setting next_dagrun for example_skip_dag to 2022-12-03T00:57:34.837412+00:00, run_after=2022-12-04T00:57:34.837412+00:00
[2022-12-04T00:57:34.850+0000] {processor.py:176} INFO - Processing /home/airflow/.local/lib/python3.7/site-packages/airflow/example_dags/example_skip_dag.py took 0.074 seconds
[2022-12-04T02:32:55.658+0000] {processor.py:154} INFO - Started process (PID=14966) to work on /home/airflow/.local/lib/python3.7/site-packages/airflow/example_dags/example_skip_dag.py
[2022-12-04T02:32:55.660+0000] {processor.py:756} INFO - Processing file /home/airflow/.local/lib/python3.7/site-packages/airflow/example_dags/example_skip_dag.py for tasks to queue
[2022-12-04T02:32:55.661+0000] {logging_mixin.py:137} INFO - [2022-12-04T02:32:55.661+0000] {dagbag.py:537} INFO - Filling up the DagBag from /home/airflow/.local/lib/python3.7/site-packages/airflow/example_dags/example_skip_dag.py
[2022-12-04T02:32:55.671+0000] {processor.py:766} INFO - DAG(s) dict_keys(['example_skip_dag']) retrieved from /home/airflow/.local/lib/python3.7/site-packages/airflow/example_dags/example_skip_dag.py
[2022-12-04T02:32:55.698+0000] {logging_mixin.py:137} INFO - [2022-12-04T02:32:55.698+0000] {dag.py:2585} INFO - Sync 1 DAGs
[2022-12-04T02:32:55.713+0000] {logging_mixin.py:137} INFO - [2022-12-04T02:32:55.713+0000] {dag.py:3340} INFO - Setting next_dagrun for example_skip_dag to 2022-12-03T02:32:55.713365+00:00, run_after=2022-12-04T02:32:55.713365+00:00
[2022-12-04T02:32:55.726+0000] {processor.py:176} INFO - Processing /home/airflow/.local/lib/python3.7/site-packages/airflow/example_dags/example_skip_dag.py took 0.070 seconds
[2022-12-04T03:55:42.320+0000] {processor.py:154} INFO - Started process (PID=15034) to work on /home/airflow/.local/lib/python3.7/site-packages/airflow/example_dags/example_skip_dag.py
[2022-12-04T03:55:42.322+0000] {processor.py:756} INFO - Processing file /home/airflow/.local/lib/python3.7/site-packages/airflow/example_dags/example_skip_dag.py for tasks to queue
[2022-12-04T03:55:42.324+0000] {logging_mixin.py:137} INFO - [2022-12-04T03:55:42.324+0000] {dagbag.py:537} INFO - Filling up the DagBag from /home/airflow/.local/lib/python3.7/site-packages/airflow/example_dags/example_skip_dag.py
[2022-12-04T03:55:42.549+0000] {processor.py:766} INFO - DAG(s) dict_keys(['example_skip_dag']) retrieved from /home/airflow/.local/lib/python3.7/site-packages/airflow/example_dags/example_skip_dag.py
[2022-12-04T03:55:42.602+0000] {logging_mixin.py:137} INFO - [2022-12-04T03:55:42.601+0000] {dag.py:2585} INFO - Sync 1 DAGs
[2022-12-04T03:55:42.620+0000] {logging_mixin.py:137} INFO - [2022-12-04T03:55:42.620+0000] {dag.py:3340} INFO - Setting next_dagrun for example_skip_dag to 2022-12-03T03:55:42.620581+00:00, run_after=2022-12-04T03:55:42.620581+00:00
[2022-12-04T03:55:42.656+0000] {processor.py:176} INFO - Processing /home/airflow/.local/lib/python3.7/site-packages/airflow/example_dags/example_skip_dag.py took 0.339 seconds
[2022-12-04T05:30:18.193+0000] {processor.py:154} INFO - Started process (PID=15102) to work on /home/airflow/.local/lib/python3.7/site-packages/airflow/example_dags/example_skip_dag.py
[2022-12-04T05:30:18.195+0000] {processor.py:756} INFO - Processing file /home/airflow/.local/lib/python3.7/site-packages/airflow/example_dags/example_skip_dag.py for tasks to queue
[2022-12-04T05:30:18.196+0000] {logging_mixin.py:137} INFO - [2022-12-04T05:30:18.196+0000] {dagbag.py:537} INFO - Filling up the DagBag from /home/airflow/.local/lib/python3.7/site-packages/airflow/example_dags/example_skip_dag.py
[2022-12-04T05:30:18.206+0000] {processor.py:766} INFO - DAG(s) dict_keys(['example_skip_dag']) retrieved from /home/airflow/.local/lib/python3.7/site-packages/airflow/example_dags/example_skip_dag.py
[2022-12-04T05:30:18.233+0000] {logging_mixin.py:137} INFO - [2022-12-04T05:30:18.233+0000] {dag.py:2585} INFO - Sync 1 DAGs
[2022-12-04T05:30:18.249+0000] {logging_mixin.py:137} INFO - [2022-12-04T05:30:18.249+0000] {dag.py:3340} INFO - Setting next_dagrun for example_skip_dag to 2022-12-03T05:30:18.249200+00:00, run_after=2022-12-04T05:30:18.249200+00:00
[2022-12-04T05:30:18.262+0000] {processor.py:176} INFO - Processing /home/airflow/.local/lib/python3.7/site-packages/airflow/example_dags/example_skip_dag.py took 0.072 seconds
[2022-12-04T06:53:38.263+0000] {processor.py:154} INFO - Started process (PID=15158) to work on /home/airflow/.local/lib/python3.7/site-packages/airflow/example_dags/example_skip_dag.py
[2022-12-04T06:53:38.265+0000] {processor.py:756} INFO - Processing file /home/airflow/.local/lib/python3.7/site-packages/airflow/example_dags/example_skip_dag.py for tasks to queue
[2022-12-04T06:53:38.266+0000] {logging_mixin.py:137} INFO - [2022-12-04T06:53:38.266+0000] {dagbag.py:537} INFO - Filling up the DagBag from /home/airflow/.local/lib/python3.7/site-packages/airflow/example_dags/example_skip_dag.py
[2022-12-04T06:53:38.276+0000] {processor.py:766} INFO - DAG(s) dict_keys(['example_skip_dag']) retrieved from /home/airflow/.local/lib/python3.7/site-packages/airflow/example_dags/example_skip_dag.py
[2022-12-04T06:53:38.304+0000] {logging_mixin.py:137} INFO - [2022-12-04T06:53:38.304+0000] {dag.py:2585} INFO - Sync 1 DAGs
[2022-12-04T06:53:38.319+0000] {logging_mixin.py:137} INFO - [2022-12-04T06:53:38.319+0000] {dag.py:3340} INFO - Setting next_dagrun for example_skip_dag to 2022-12-03T06:53:38.319338+00:00, run_after=2022-12-04T06:53:38.319338+00:00
[2022-12-04T06:53:38.332+0000] {processor.py:176} INFO - Processing /home/airflow/.local/lib/python3.7/site-packages/airflow/example_dags/example_skip_dag.py took 0.072 seconds
[2022-12-04T08:30:45.040+0000] {processor.py:154} INFO - Started process (PID=15225) to work on /home/airflow/.local/lib/python3.7/site-packages/airflow/example_dags/example_skip_dag.py
[2022-12-04T08:30:45.042+0000] {processor.py:756} INFO - Processing file /home/airflow/.local/lib/python3.7/site-packages/airflow/example_dags/example_skip_dag.py for tasks to queue
[2022-12-04T08:30:45.043+0000] {logging_mixin.py:137} INFO - [2022-12-04T08:30:45.043+0000] {dagbag.py:537} INFO - Filling up the DagBag from /home/airflow/.local/lib/python3.7/site-packages/airflow/example_dags/example_skip_dag.py
[2022-12-04T08:30:45.053+0000] {processor.py:766} INFO - DAG(s) dict_keys(['example_skip_dag']) retrieved from /home/airflow/.local/lib/python3.7/site-packages/airflow/example_dags/example_skip_dag.py
[2022-12-04T08:30:45.079+0000] {logging_mixin.py:137} INFO - [2022-12-04T08:30:45.079+0000] {dag.py:2585} INFO - Sync 1 DAGs
[2022-12-04T08:30:45.095+0000] {logging_mixin.py:137} INFO - [2022-12-04T08:30:45.095+0000] {dag.py:3340} INFO - Setting next_dagrun for example_skip_dag to 2022-12-03T08:30:45.094895+00:00, run_after=2022-12-04T08:30:45.094895+00:00
[2022-12-04T08:30:45.108+0000] {processor.py:176} INFO - Processing /home/airflow/.local/lib/python3.7/site-packages/airflow/example_dags/example_skip_dag.py took 0.071 seconds
[2022-12-04T10:09:30.568+0000] {processor.py:154} INFO - Started process (PID=15292) to work on /home/airflow/.local/lib/python3.7/site-packages/airflow/example_dags/example_skip_dag.py
[2022-12-04T10:09:30.571+0000] {processor.py:756} INFO - Processing file /home/airflow/.local/lib/python3.7/site-packages/airflow/example_dags/example_skip_dag.py for tasks to queue
[2022-12-04T10:09:30.572+0000] {logging_mixin.py:137} INFO - [2022-12-04T10:09:30.572+0000] {dagbag.py:537} INFO - Filling up the DagBag from /home/airflow/.local/lib/python3.7/site-packages/airflow/example_dags/example_skip_dag.py
[2022-12-04T10:09:30.581+0000] {processor.py:766} INFO - DAG(s) dict_keys(['example_skip_dag']) retrieved from /home/airflow/.local/lib/python3.7/site-packages/airflow/example_dags/example_skip_dag.py
[2022-12-04T10:09:30.608+0000] {logging_mixin.py:137} INFO - [2022-12-04T10:09:30.608+0000] {dag.py:2585} INFO - Sync 1 DAGs
[2022-12-04T10:09:30.623+0000] {logging_mixin.py:137} INFO - [2022-12-04T10:09:30.623+0000] {dag.py:3340} INFO - Setting next_dagrun for example_skip_dag to 2022-12-03T10:09:30.622912+00:00, run_after=2022-12-04T10:09:30.622912+00:00
[2022-12-04T10:09:30.636+0000] {processor.py:176} INFO - Processing /home/airflow/.local/lib/python3.7/site-packages/airflow/example_dags/example_skip_dag.py took 0.071 seconds
[2022-12-04T11:31:36.588+0000] {processor.py:154} INFO - Started process (PID=15356) to work on /home/airflow/.local/lib/python3.7/site-packages/airflow/example_dags/example_skip_dag.py
[2022-12-04T11:31:36.590+0000] {processor.py:756} INFO - Processing file /home/airflow/.local/lib/python3.7/site-packages/airflow/example_dags/example_skip_dag.py for tasks to queue
[2022-12-04T11:31:36.592+0000] {logging_mixin.py:137} INFO - [2022-12-04T11:31:36.592+0000] {dagbag.py:537} INFO - Filling up the DagBag from /home/airflow/.local/lib/python3.7/site-packages/airflow/example_dags/example_skip_dag.py
[2022-12-04T11:31:36.601+0000] {processor.py:766} INFO - DAG(s) dict_keys(['example_skip_dag']) retrieved from /home/airflow/.local/lib/python3.7/site-packages/airflow/example_dags/example_skip_dag.py
[2022-12-04T11:31:36.629+0000] {logging_mixin.py:137} INFO - [2022-12-04T11:31:36.628+0000] {dag.py:2585} INFO - Sync 1 DAGs
[2022-12-04T11:31:36.646+0000] {logging_mixin.py:137} INFO - [2022-12-04T11:31:36.646+0000] {dag.py:3340} INFO - Setting next_dagrun for example_skip_dag to 2022-12-03T11:31:36.646583+00:00, run_after=2022-12-04T11:31:36.646583+00:00
[2022-12-04T11:31:36.659+0000] {processor.py:176} INFO - Processing /home/airflow/.local/lib/python3.7/site-packages/airflow/example_dags/example_skip_dag.py took 0.073 seconds
[2022-12-04T12:30:16.907+0000] {processor.py:154} INFO - Started process (PID=15430) to work on /home/airflow/.local/lib/python3.7/site-packages/airflow/example_dags/example_skip_dag.py
[2022-12-04T12:30:16.909+0000] {processor.py:756} INFO - Processing file /home/airflow/.local/lib/python3.7/site-packages/airflow/example_dags/example_skip_dag.py for tasks to queue
[2022-12-04T12:30:16.911+0000] {logging_mixin.py:137} INFO - [2022-12-04T12:30:16.911+0000] {dagbag.py:537} INFO - Filling up the DagBag from /home/airflow/.local/lib/python3.7/site-packages/airflow/example_dags/example_skip_dag.py
[2022-12-04T12:30:16.924+0000] {processor.py:766} INFO - DAG(s) dict_keys(['example_skip_dag']) retrieved from /home/airflow/.local/lib/python3.7/site-packages/airflow/example_dags/example_skip_dag.py
[2022-12-04T12:30:16.952+0000] {logging_mixin.py:137} INFO - [2022-12-04T12:30:16.952+0000] {dag.py:2585} INFO - Sync 1 DAGs
[2022-12-04T12:30:16.968+0000] {logging_mixin.py:137} INFO - [2022-12-04T12:30:16.967+0000] {dag.py:3340} INFO - Setting next_dagrun for example_skip_dag to 2022-12-03T12:30:16.967839+00:00, run_after=2022-12-04T12:30:16.967839+00:00
[2022-12-04T12:30:16.980+0000] {processor.py:176} INFO - Processing /home/airflow/.local/lib/python3.7/site-packages/airflow/example_dags/example_skip_dag.py took 0.076 seconds
[2022-12-04T14:08:57.357+0000] {processor.py:154} INFO - Started process (PID=15486) to work on /home/airflow/.local/lib/python3.7/site-packages/airflow/example_dags/example_skip_dag.py
[2022-12-04T14:08:57.359+0000] {processor.py:756} INFO - Processing file /home/airflow/.local/lib/python3.7/site-packages/airflow/example_dags/example_skip_dag.py for tasks to queue
[2022-12-04T14:08:57.361+0000] {logging_mixin.py:137} INFO - [2022-12-04T14:08:57.361+0000] {dagbag.py:537} INFO - Filling up the DagBag from /home/airflow/.local/lib/python3.7/site-packages/airflow/example_dags/example_skip_dag.py
[2022-12-04T14:08:57.372+0000] {processor.py:766} INFO - DAG(s) dict_keys(['example_skip_dag']) retrieved from /home/airflow/.local/lib/python3.7/site-packages/airflow/example_dags/example_skip_dag.py
[2022-12-04T14:08:57.400+0000] {logging_mixin.py:137} INFO - [2022-12-04T14:08:57.400+0000] {dag.py:2585} INFO - Sync 1 DAGs
[2022-12-04T14:08:57.418+0000] {logging_mixin.py:137} INFO - [2022-12-04T14:08:57.418+0000] {dag.py:3340} INFO - Setting next_dagrun for example_skip_dag to 2022-12-03T14:08:57.418721+00:00, run_after=2022-12-04T14:08:57.418721+00:00
[2022-12-04T14:08:57.433+0000] {processor.py:176} INFO - Processing /home/airflow/.local/lib/python3.7/site-packages/airflow/example_dags/example_skip_dag.py took 0.078 seconds
[2022-12-04T15:33:48.165+0000] {processor.py:154} INFO - Started process (PID=15556) to work on /home/airflow/.local/lib/python3.7/site-packages/airflow/example_dags/example_skip_dag.py
[2022-12-04T15:33:48.166+0000] {processor.py:756} INFO - Processing file /home/airflow/.local/lib/python3.7/site-packages/airflow/example_dags/example_skip_dag.py for tasks to queue
[2022-12-04T15:33:48.168+0000] {logging_mixin.py:137} INFO - [2022-12-04T15:33:48.167+0000] {dagbag.py:537} INFO - Filling up the DagBag from /home/airflow/.local/lib/python3.7/site-packages/airflow/example_dags/example_skip_dag.py
[2022-12-04T15:33:48.178+0000] {processor.py:766} INFO - DAG(s) dict_keys(['example_skip_dag']) retrieved from /home/airflow/.local/lib/python3.7/site-packages/airflow/example_dags/example_skip_dag.py
[2022-12-04T15:33:48.210+0000] {logging_mixin.py:137} INFO - [2022-12-04T15:33:48.210+0000] {dag.py:2585} INFO - Sync 1 DAGs
[2022-12-04T15:33:48.226+0000] {logging_mixin.py:137} INFO - [2022-12-04T15:33:48.226+0000] {dag.py:3340} INFO - Setting next_dagrun for example_skip_dag to 2022-12-03T15:33:48.226138+00:00, run_after=2022-12-04T15:33:48.226138+00:00
[2022-12-04T15:33:48.240+0000] {processor.py:176} INFO - Processing /home/airflow/.local/lib/python3.7/site-packages/airflow/example_dags/example_skip_dag.py took 0.078 seconds
[2022-12-04T16:56:20.795+0000] {processor.py:154} INFO - Started process (PID=15624) to work on /home/airflow/.local/lib/python3.7/site-packages/airflow/example_dags/example_skip_dag.py
[2022-12-04T16:56:20.797+0000] {processor.py:756} INFO - Processing file /home/airflow/.local/lib/python3.7/site-packages/airflow/example_dags/example_skip_dag.py for tasks to queue
[2022-12-04T16:56:20.798+0000] {logging_mixin.py:137} INFO - [2022-12-04T16:56:20.798+0000] {dagbag.py:537} INFO - Filling up the DagBag from /home/airflow/.local/lib/python3.7/site-packages/airflow/example_dags/example_skip_dag.py
[2022-12-04T16:56:20.808+0000] {processor.py:766} INFO - DAG(s) dict_keys(['example_skip_dag']) retrieved from /home/airflow/.local/lib/python3.7/site-packages/airflow/example_dags/example_skip_dag.py
[2022-12-04T16:56:20.835+0000] {logging_mixin.py:137} INFO - [2022-12-04T16:56:20.835+0000] {dag.py:2585} INFO - Sync 1 DAGs
[2022-12-04T16:56:20.853+0000] {logging_mixin.py:137} INFO - [2022-12-04T16:56:20.853+0000] {dag.py:3340} INFO - Setting next_dagrun for example_skip_dag to 2022-12-03T16:56:20.853442+00:00, run_after=2022-12-04T16:56:20.853442+00:00
[2022-12-04T16:56:20.864+0000] {processor.py:176} INFO - Processing /home/airflow/.local/lib/python3.7/site-packages/airflow/example_dags/example_skip_dag.py took 0.071 seconds
[2022-12-04T18:19:33.827+0000] {processor.py:154} INFO - Started process (PID=15694) to work on /home/airflow/.local/lib/python3.7/site-packages/airflow/example_dags/example_skip_dag.py
[2022-12-04T18:19:33.840+0000] {processor.py:756} INFO - Processing file /home/airflow/.local/lib/python3.7/site-packages/airflow/example_dags/example_skip_dag.py for tasks to queue
[2022-12-04T18:19:33.845+0000] {logging_mixin.py:137} INFO - [2022-12-04T18:19:33.844+0000] {dagbag.py:537} INFO - Filling up the DagBag from /home/airflow/.local/lib/python3.7/site-packages/airflow/example_dags/example_skip_dag.py
[2022-12-04T18:19:33.867+0000] {processor.py:766} INFO - DAG(s) dict_keys(['example_skip_dag']) retrieved from /home/airflow/.local/lib/python3.7/site-packages/airflow/example_dags/example_skip_dag.py
[2022-12-04T18:19:33.920+0000] {logging_mixin.py:137} INFO - [2022-12-04T18:19:33.920+0000] {dag.py:2585} INFO - Sync 1 DAGs
[2022-12-04T18:19:33.965+0000] {logging_mixin.py:137} INFO - [2022-12-04T18:19:33.965+0000] {dag.py:3340} INFO - Setting next_dagrun for example_skip_dag to 2022-12-03T18:19:33.965166+00:00, run_after=2022-12-04T18:19:33.965166+00:00
[2022-12-04T18:19:34.015+0000] {processor.py:176} INFO - Processing /home/airflow/.local/lib/python3.7/site-packages/airflow/example_dags/example_skip_dag.py took 0.192 seconds
[2022-12-04T19:16:13.480+0000] {processor.py:154} INFO - Started process (PID=15756) to work on /home/airflow/.local/lib/python3.7/site-packages/airflow/example_dags/example_skip_dag.py
[2022-12-04T19:16:13.482+0000] {processor.py:756} INFO - Processing file /home/airflow/.local/lib/python3.7/site-packages/airflow/example_dags/example_skip_dag.py for tasks to queue
[2022-12-04T19:16:13.483+0000] {logging_mixin.py:137} INFO - [2022-12-04T19:16:13.483+0000] {dagbag.py:537} INFO - Filling up the DagBag from /home/airflow/.local/lib/python3.7/site-packages/airflow/example_dags/example_skip_dag.py
[2022-12-04T19:16:13.492+0000] {processor.py:766} INFO - DAG(s) dict_keys(['example_skip_dag']) retrieved from /home/airflow/.local/lib/python3.7/site-packages/airflow/example_dags/example_skip_dag.py
[2022-12-04T19:16:13.521+0000] {logging_mixin.py:137} INFO - [2022-12-04T19:16:13.520+0000] {dag.py:2585} INFO - Sync 1 DAGs
[2022-12-04T19:16:13.537+0000] {logging_mixin.py:137} INFO - [2022-12-04T19:16:13.537+0000] {dag.py:3340} INFO - Setting next_dagrun for example_skip_dag to 2022-12-03T19:16:13.537375+00:00, run_after=2022-12-04T19:16:13.537375+00:00
[2022-12-04T19:16:13.549+0000] {processor.py:176} INFO - Processing /home/airflow/.local/lib/python3.7/site-packages/airflow/example_dags/example_skip_dag.py took 0.071 seconds
[2022-12-04T20:04:51.939+0000] {processor.py:154} INFO - Started process (PID=15824) to work on /home/airflow/.local/lib/python3.7/site-packages/airflow/example_dags/example_skip_dag.py
[2022-12-04T20:04:51.941+0000] {processor.py:756} INFO - Processing file /home/airflow/.local/lib/python3.7/site-packages/airflow/example_dags/example_skip_dag.py for tasks to queue
[2022-12-04T20:04:51.943+0000] {logging_mixin.py:137} INFO - [2022-12-04T20:04:51.942+0000] {dagbag.py:537} INFO - Filling up the DagBag from /home/airflow/.local/lib/python3.7/site-packages/airflow/example_dags/example_skip_dag.py
[2022-12-04T20:04:51.952+0000] {processor.py:766} INFO - DAG(s) dict_keys(['example_skip_dag']) retrieved from /home/airflow/.local/lib/python3.7/site-packages/airflow/example_dags/example_skip_dag.py
[2022-12-04T20:04:51.980+0000] {logging_mixin.py:137} INFO - [2022-12-04T20:04:51.980+0000] {dag.py:2585} INFO - Sync 1 DAGs
[2022-12-04T20:04:51.997+0000] {logging_mixin.py:137} INFO - [2022-12-04T20:04:51.997+0000] {dag.py:3340} INFO - Setting next_dagrun for example_skip_dag to 2022-12-03T20:04:51.997610+00:00, run_after=2022-12-04T20:04:51.997610+00:00
[2022-12-04T20:04:52.010+0000] {processor.py:176} INFO - Processing /home/airflow/.local/lib/python3.7/site-packages/airflow/example_dags/example_skip_dag.py took 0.074 seconds
[2022-12-04T21:26:03.679+0000] {processor.py:154} INFO - Started process (PID=15896) to work on /home/airflow/.local/lib/python3.7/site-packages/airflow/example_dags/example_skip_dag.py
[2022-12-04T21:26:03.680+0000] {processor.py:756} INFO - Processing file /home/airflow/.local/lib/python3.7/site-packages/airflow/example_dags/example_skip_dag.py for tasks to queue
[2022-12-04T21:26:03.681+0000] {logging_mixin.py:137} INFO - [2022-12-04T21:26:03.681+0000] {dagbag.py:537} INFO - Filling up the DagBag from /home/airflow/.local/lib/python3.7/site-packages/airflow/example_dags/example_skip_dag.py
[2022-12-04T21:26:03.692+0000] {processor.py:766} INFO - DAG(s) dict_keys(['example_skip_dag']) retrieved from /home/airflow/.local/lib/python3.7/site-packages/airflow/example_dags/example_skip_dag.py
[2022-12-04T21:26:03.720+0000] {logging_mixin.py:137} INFO - [2022-12-04T21:26:03.720+0000] {dag.py:2585} INFO - Sync 1 DAGs
[2022-12-04T21:26:03.734+0000] {logging_mixin.py:137} INFO - [2022-12-04T21:26:03.734+0000] {dag.py:3340} INFO - Setting next_dagrun for example_skip_dag to 2022-12-03T21:26:03.734716+00:00, run_after=2022-12-04T21:26:03.734716+00:00
[2022-12-04T21:26:03.747+0000] {processor.py:176} INFO - Processing /home/airflow/.local/lib/python3.7/site-packages/airflow/example_dags/example_skip_dag.py took 0.071 seconds
[2022-12-04T22:34:06.920+0000] {processor.py:154} INFO - Started process (PID=15960) to work on /home/airflow/.local/lib/python3.7/site-packages/airflow/example_dags/example_skip_dag.py
[2022-12-04T22:34:06.922+0000] {processor.py:756} INFO - Processing file /home/airflow/.local/lib/python3.7/site-packages/airflow/example_dags/example_skip_dag.py for tasks to queue
[2022-12-04T22:34:06.923+0000] {logging_mixin.py:137} INFO - [2022-12-04T22:34:06.923+0000] {dagbag.py:537} INFO - Filling up the DagBag from /home/airflow/.local/lib/python3.7/site-packages/airflow/example_dags/example_skip_dag.py
[2022-12-04T22:34:06.933+0000] {processor.py:766} INFO - DAG(s) dict_keys(['example_skip_dag']) retrieved from /home/airflow/.local/lib/python3.7/site-packages/airflow/example_dags/example_skip_dag.py
[2022-12-04T22:34:06.966+0000] {logging_mixin.py:137} INFO - [2022-12-04T22:34:06.966+0000] {dag.py:2585} INFO - Sync 1 DAGs
[2022-12-04T22:34:06.984+0000] {logging_mixin.py:137} INFO - [2022-12-04T22:34:06.983+0000] {dag.py:3340} INFO - Setting next_dagrun for example_skip_dag to 2022-12-03T22:34:06.983720+00:00, run_after=2022-12-04T22:34:06.983720+00:00
[2022-12-04T22:34:06.996+0000] {processor.py:176} INFO - Processing /home/airflow/.local/lib/python3.7/site-packages/airflow/example_dags/example_skip_dag.py took 0.079 seconds
[2022-12-04T22:52:28.801+0000] {processor.py:154} INFO - Started process (PID=16016) to work on /home/airflow/.local/lib/python3.7/site-packages/airflow/example_dags/example_skip_dag.py
[2022-12-04T22:52:28.803+0000] {processor.py:756} INFO - Processing file /home/airflow/.local/lib/python3.7/site-packages/airflow/example_dags/example_skip_dag.py for tasks to queue
[2022-12-04T22:52:28.804+0000] {logging_mixin.py:137} INFO - [2022-12-04T22:52:28.804+0000] {dagbag.py:537} INFO - Filling up the DagBag from /home/airflow/.local/lib/python3.7/site-packages/airflow/example_dags/example_skip_dag.py
[2022-12-04T22:52:28.819+0000] {processor.py:766} INFO - DAG(s) dict_keys(['example_skip_dag']) retrieved from /home/airflow/.local/lib/python3.7/site-packages/airflow/example_dags/example_skip_dag.py
[2022-12-04T22:52:28.850+0000] {logging_mixin.py:137} INFO - [2022-12-04T22:52:28.849+0000] {dag.py:2585} INFO - Sync 1 DAGs
[2022-12-04T22:52:28.866+0000] {logging_mixin.py:137} INFO - [2022-12-04T22:52:28.866+0000] {dag.py:3340} INFO - Setting next_dagrun for example_skip_dag to 2022-12-03T22:52:28.866322+00:00, run_after=2022-12-04T22:52:28.866322+00:00
[2022-12-04T22:52:28.879+0000] {processor.py:176} INFO - Processing /home/airflow/.local/lib/python3.7/site-packages/airflow/example_dags/example_skip_dag.py took 0.080 seconds
