[2022-12-04T00:57:35.213+0000] {processor.py:154} INFO - Started process (PID=14905) to work on /home/airflow/.local/lib/python3.7/site-packages/airflow/example_dags/example_xcomargs.py
[2022-12-04T00:57:35.215+0000] {processor.py:756} INFO - Processing file /home/airflow/.local/lib/python3.7/site-packages/airflow/example_dags/example_xcomargs.py for tasks to queue
[2022-12-04T00:57:35.216+0000] {logging_mixin.py:137} INFO - [2022-12-04T00:57:35.216+0000] {dagbag.py:537} INFO - Filling up the DagBag from /home/airflow/.local/lib/python3.7/site-packages/airflow/example_dags/example_xcomargs.py
[2022-12-04T00:57:35.233+0000] {processor.py:766} INFO - DAG(s) dict_keys(['example_xcom_args', 'example_xcom_args_with_operators']) retrieved from /home/airflow/.local/lib/python3.7/site-packages/airflow/example_dags/example_xcomargs.py
[2022-12-04T00:57:35.264+0000] {logging_mixin.py:137} INFO - [2022-12-04T00:57:35.264+0000] {dag.py:2585} INFO - Sync 2 DAGs
[2022-12-04T00:57:35.280+0000] {logging_mixin.py:137} INFO - [2022-12-04T00:57:35.280+0000] {dag.py:3340} INFO - Setting next_dagrun for example_xcom_args to None, run_after=None
[2022-12-04T00:57:35.284+0000] {logging_mixin.py:137} INFO - [2022-12-04T00:57:35.284+0000] {dag.py:3340} INFO - Setting next_dagrun for example_xcom_args_with_operators to None, run_after=None
[2022-12-04T00:57:35.297+0000] {processor.py:176} INFO - Processing /home/airflow/.local/lib/python3.7/site-packages/airflow/example_dags/example_xcomargs.py took 0.086 seconds
[2022-12-04T02:32:55.974+0000] {processor.py:154} INFO - Started process (PID=14973) to work on /home/airflow/.local/lib/python3.7/site-packages/airflow/example_dags/example_xcomargs.py
[2022-12-04T02:32:55.976+0000] {processor.py:756} INFO - Processing file /home/airflow/.local/lib/python3.7/site-packages/airflow/example_dags/example_xcomargs.py for tasks to queue
[2022-12-04T02:32:55.977+0000] {logging_mixin.py:137} INFO - [2022-12-04T02:32:55.977+0000] {dagbag.py:537} INFO - Filling up the DagBag from /home/airflow/.local/lib/python3.7/site-packages/airflow/example_dags/example_xcomargs.py
[2022-12-04T02:32:55.991+0000] {processor.py:766} INFO - DAG(s) dict_keys(['example_xcom_args_with_operators', 'example_xcom_args']) retrieved from /home/airflow/.local/lib/python3.7/site-packages/airflow/example_dags/example_xcomargs.py
[2022-12-04T02:32:56.020+0000] {logging_mixin.py:137} INFO - [2022-12-04T02:32:56.020+0000] {dag.py:2585} INFO - Sync 2 DAGs
[2022-12-04T02:32:56.036+0000] {logging_mixin.py:137} INFO - [2022-12-04T02:32:56.036+0000] {dag.py:3340} INFO - Setting next_dagrun for example_xcom_args to None, run_after=None
[2022-12-04T02:32:56.039+0000] {logging_mixin.py:137} INFO - [2022-12-04T02:32:56.039+0000] {dag.py:3340} INFO - Setting next_dagrun for example_xcom_args_with_operators to None, run_after=None
[2022-12-04T02:32:56.053+0000] {processor.py:176} INFO - Processing /home/airflow/.local/lib/python3.7/site-packages/airflow/example_dags/example_xcomargs.py took 0.081 seconds
[2022-12-04T03:55:43.017+0000] {processor.py:154} INFO - Started process (PID=15041) to work on /home/airflow/.local/lib/python3.7/site-packages/airflow/example_dags/example_xcomargs.py
[2022-12-04T03:55:43.019+0000] {processor.py:756} INFO - Processing file /home/airflow/.local/lib/python3.7/site-packages/airflow/example_dags/example_xcomargs.py for tasks to queue
[2022-12-04T03:55:43.020+0000] {logging_mixin.py:137} INFO - [2022-12-04T03:55:43.020+0000] {dagbag.py:537} INFO - Filling up the DagBag from /home/airflow/.local/lib/python3.7/site-packages/airflow/example_dags/example_xcomargs.py
[2022-12-04T03:55:43.035+0000] {processor.py:766} INFO - DAG(s) dict_keys(['example_xcom_args', 'example_xcom_args_with_operators']) retrieved from /home/airflow/.local/lib/python3.7/site-packages/airflow/example_dags/example_xcomargs.py
[2022-12-04T03:55:43.067+0000] {logging_mixin.py:137} INFO - [2022-12-04T03:55:43.067+0000] {dag.py:2585} INFO - Sync 2 DAGs
[2022-12-04T03:55:43.082+0000] {logging_mixin.py:137} INFO - [2022-12-04T03:55:43.082+0000] {dag.py:3340} INFO - Setting next_dagrun for example_xcom_args to None, run_after=None
[2022-12-04T03:55:43.086+0000] {logging_mixin.py:137} INFO - [2022-12-04T03:55:43.086+0000] {dag.py:3340} INFO - Setting next_dagrun for example_xcom_args_with_operators to None, run_after=None
[2022-12-04T03:55:43.098+0000] {processor.py:176} INFO - Processing /home/airflow/.local/lib/python3.7/site-packages/airflow/example_dags/example_xcomargs.py took 0.084 seconds
[2022-12-04T05:30:18.520+0000] {processor.py:154} INFO - Started process (PID=15109) to work on /home/airflow/.local/lib/python3.7/site-packages/airflow/example_dags/example_xcomargs.py
[2022-12-04T05:30:18.522+0000] {processor.py:756} INFO - Processing file /home/airflow/.local/lib/python3.7/site-packages/airflow/example_dags/example_xcomargs.py for tasks to queue
[2022-12-04T05:30:18.523+0000] {logging_mixin.py:137} INFO - [2022-12-04T05:30:18.523+0000] {dagbag.py:537} INFO - Filling up the DagBag from /home/airflow/.local/lib/python3.7/site-packages/airflow/example_dags/example_xcomargs.py
[2022-12-04T05:30:18.539+0000] {processor.py:766} INFO - DAG(s) dict_keys(['example_xcom_args_with_operators', 'example_xcom_args']) retrieved from /home/airflow/.local/lib/python3.7/site-packages/airflow/example_dags/example_xcomargs.py
[2022-12-04T05:30:18.568+0000] {logging_mixin.py:137} INFO - [2022-12-04T05:30:18.568+0000] {dag.py:2585} INFO - Sync 2 DAGs
[2022-12-04T05:30:18.586+0000] {logging_mixin.py:137} INFO - [2022-12-04T05:30:18.586+0000] {dag.py:3340} INFO - Setting next_dagrun for example_xcom_args to None, run_after=None
[2022-12-04T05:30:18.589+0000] {logging_mixin.py:137} INFO - [2022-12-04T05:30:18.589+0000] {dag.py:3340} INFO - Setting next_dagrun for example_xcom_args_with_operators to None, run_after=None
[2022-12-04T05:30:18.599+0000] {processor.py:176} INFO - Processing /home/airflow/.local/lib/python3.7/site-packages/airflow/example_dags/example_xcomargs.py took 0.081 seconds
[2022-12-04T06:53:38.579+0000] {processor.py:154} INFO - Started process (PID=15165) to work on /home/airflow/.local/lib/python3.7/site-packages/airflow/example_dags/example_xcomargs.py
[2022-12-04T06:53:38.581+0000] {processor.py:756} INFO - Processing file /home/airflow/.local/lib/python3.7/site-packages/airflow/example_dags/example_xcomargs.py for tasks to queue
[2022-12-04T06:53:38.582+0000] {logging_mixin.py:137} INFO - [2022-12-04T06:53:38.582+0000] {dagbag.py:537} INFO - Filling up the DagBag from /home/airflow/.local/lib/python3.7/site-packages/airflow/example_dags/example_xcomargs.py
[2022-12-04T06:53:38.599+0000] {processor.py:766} INFO - DAG(s) dict_keys(['example_xcom_args_with_operators', 'example_xcom_args']) retrieved from /home/airflow/.local/lib/python3.7/site-packages/airflow/example_dags/example_xcomargs.py
[2022-12-04T06:53:38.629+0000] {logging_mixin.py:137} INFO - [2022-12-04T06:53:38.628+0000] {dag.py:2585} INFO - Sync 2 DAGs
[2022-12-04T06:53:38.644+0000] {logging_mixin.py:137} INFO - [2022-12-04T06:53:38.644+0000] {dag.py:3340} INFO - Setting next_dagrun for example_xcom_args to None, run_after=None
[2022-12-04T06:53:38.647+0000] {logging_mixin.py:137} INFO - [2022-12-04T06:53:38.647+0000] {dag.py:3340} INFO - Setting next_dagrun for example_xcom_args_with_operators to None, run_after=None
[2022-12-04T06:53:38.660+0000] {processor.py:176} INFO - Processing /home/airflow/.local/lib/python3.7/site-packages/airflow/example_dags/example_xcomargs.py took 0.084 seconds
[2022-12-04T08:30:45.392+0000] {processor.py:154} INFO - Started process (PID=15232) to work on /home/airflow/.local/lib/python3.7/site-packages/airflow/example_dags/example_xcomargs.py
[2022-12-04T08:30:45.394+0000] {processor.py:756} INFO - Processing file /home/airflow/.local/lib/python3.7/site-packages/airflow/example_dags/example_xcomargs.py for tasks to queue
[2022-12-04T08:30:45.396+0000] {logging_mixin.py:137} INFO - [2022-12-04T08:30:45.396+0000] {dagbag.py:537} INFO - Filling up the DagBag from /home/airflow/.local/lib/python3.7/site-packages/airflow/example_dags/example_xcomargs.py
[2022-12-04T08:30:45.410+0000] {processor.py:766} INFO - DAG(s) dict_keys(['example_xcom_args_with_operators', 'example_xcom_args']) retrieved from /home/airflow/.local/lib/python3.7/site-packages/airflow/example_dags/example_xcomargs.py
[2022-12-04T08:30:45.442+0000] {logging_mixin.py:137} INFO - [2022-12-04T08:30:45.442+0000] {dag.py:2585} INFO - Sync 2 DAGs
[2022-12-04T08:30:45.457+0000] {logging_mixin.py:137} INFO - [2022-12-04T08:30:45.457+0000] {dag.py:3340} INFO - Setting next_dagrun for example_xcom_args to None, run_after=None
[2022-12-04T08:30:45.461+0000] {logging_mixin.py:137} INFO - [2022-12-04T08:30:45.461+0000] {dag.py:3340} INFO - Setting next_dagrun for example_xcom_args_with_operators to None, run_after=None
[2022-12-04T08:30:45.472+0000] {processor.py:176} INFO - Processing /home/airflow/.local/lib/python3.7/site-packages/airflow/example_dags/example_xcomargs.py took 0.082 seconds
[2022-12-04T10:09:30.884+0000] {processor.py:154} INFO - Started process (PID=15299) to work on /home/airflow/.local/lib/python3.7/site-packages/airflow/example_dags/example_xcomargs.py
[2022-12-04T10:09:30.886+0000] {processor.py:756} INFO - Processing file /home/airflow/.local/lib/python3.7/site-packages/airflow/example_dags/example_xcomargs.py for tasks to queue
[2022-12-04T10:09:30.887+0000] {logging_mixin.py:137} INFO - [2022-12-04T10:09:30.887+0000] {dagbag.py:537} INFO - Filling up the DagBag from /home/airflow/.local/lib/python3.7/site-packages/airflow/example_dags/example_xcomargs.py
[2022-12-04T10:09:30.902+0000] {processor.py:766} INFO - DAG(s) dict_keys(['example_xcom_args', 'example_xcom_args_with_operators']) retrieved from /home/airflow/.local/lib/python3.7/site-packages/airflow/example_dags/example_xcomargs.py
[2022-12-04T10:09:30.931+0000] {logging_mixin.py:137} INFO - [2022-12-04T10:09:30.930+0000] {dag.py:2585} INFO - Sync 2 DAGs
[2022-12-04T10:09:30.947+0000] {logging_mixin.py:137} INFO - [2022-12-04T10:09:30.947+0000] {dag.py:3340} INFO - Setting next_dagrun for example_xcom_args to None, run_after=None
[2022-12-04T10:09:30.950+0000] {logging_mixin.py:137} INFO - [2022-12-04T10:09:30.950+0000] {dag.py:3340} INFO - Setting next_dagrun for example_xcom_args_with_operators to None, run_after=None
[2022-12-04T10:09:30.963+0000] {processor.py:176} INFO - Processing /home/airflow/.local/lib/python3.7/site-packages/airflow/example_dags/example_xcomargs.py took 0.082 seconds
[2022-12-04T11:31:37.015+0000] {processor.py:154} INFO - Started process (PID=15363) to work on /home/airflow/.local/lib/python3.7/site-packages/airflow/example_dags/example_xcomargs.py
[2022-12-04T11:31:37.017+0000] {processor.py:756} INFO - Processing file /home/airflow/.local/lib/python3.7/site-packages/airflow/example_dags/example_xcomargs.py for tasks to queue
[2022-12-04T11:31:37.018+0000] {logging_mixin.py:137} INFO - [2022-12-04T11:31:37.018+0000] {dagbag.py:537} INFO - Filling up the DagBag from /home/airflow/.local/lib/python3.7/site-packages/airflow/example_dags/example_xcomargs.py
[2022-12-04T11:31:37.033+0000] {processor.py:766} INFO - DAG(s) dict_keys(['example_xcom_args', 'example_xcom_args_with_operators']) retrieved from /home/airflow/.local/lib/python3.7/site-packages/airflow/example_dags/example_xcomargs.py
[2022-12-04T11:31:37.067+0000] {logging_mixin.py:137} INFO - [2022-12-04T11:31:37.067+0000] {dag.py:2585} INFO - Sync 2 DAGs
[2022-12-04T11:31:37.081+0000] {logging_mixin.py:137} INFO - [2022-12-04T11:31:37.081+0000] {dag.py:3340} INFO - Setting next_dagrun for example_xcom_args to None, run_after=None
[2022-12-04T11:31:37.084+0000] {logging_mixin.py:137} INFO - [2022-12-04T11:31:37.084+0000] {dag.py:3340} INFO - Setting next_dagrun for example_xcom_args_with_operators to None, run_after=None
[2022-12-04T11:31:37.096+0000] {processor.py:176} INFO - Processing /home/airflow/.local/lib/python3.7/site-packages/airflow/example_dags/example_xcomargs.py took 0.084 seconds
[2022-12-04T12:30:17.243+0000] {processor.py:154} INFO - Started process (PID=15437) to work on /home/airflow/.local/lib/python3.7/site-packages/airflow/example_dags/example_xcomargs.py
[2022-12-04T12:30:17.246+0000] {processor.py:756} INFO - Processing file /home/airflow/.local/lib/python3.7/site-packages/airflow/example_dags/example_xcomargs.py for tasks to queue
[2022-12-04T12:30:17.247+0000] {logging_mixin.py:137} INFO - [2022-12-04T12:30:17.247+0000] {dagbag.py:537} INFO - Filling up the DagBag from /home/airflow/.local/lib/python3.7/site-packages/airflow/example_dags/example_xcomargs.py
[2022-12-04T12:30:17.265+0000] {processor.py:766} INFO - DAG(s) dict_keys(['example_xcom_args_with_operators', 'example_xcom_args']) retrieved from /home/airflow/.local/lib/python3.7/site-packages/airflow/example_dags/example_xcomargs.py
[2022-12-04T12:30:17.294+0000] {logging_mixin.py:137} INFO - [2022-12-04T12:30:17.293+0000] {dag.py:2585} INFO - Sync 2 DAGs
[2022-12-04T12:30:17.308+0000] {logging_mixin.py:137} INFO - [2022-12-04T12:30:17.307+0000] {dag.py:3340} INFO - Setting next_dagrun for example_xcom_args to None, run_after=None
[2022-12-04T12:30:17.311+0000] {logging_mixin.py:137} INFO - [2022-12-04T12:30:17.311+0000] {dag.py:3340} INFO - Setting next_dagrun for example_xcom_args_with_operators to None, run_after=None
[2022-12-04T12:30:17.322+0000] {processor.py:176} INFO - Processing /home/airflow/.local/lib/python3.7/site-packages/airflow/example_dags/example_xcomargs.py took 0.082 seconds
[2022-12-04T14:08:57.733+0000] {processor.py:154} INFO - Started process (PID=15493) to work on /home/airflow/.local/lib/python3.7/site-packages/airflow/example_dags/example_xcomargs.py
[2022-12-04T14:08:57.736+0000] {processor.py:756} INFO - Processing file /home/airflow/.local/lib/python3.7/site-packages/airflow/example_dags/example_xcomargs.py for tasks to queue
[2022-12-04T14:08:57.737+0000] {logging_mixin.py:137} INFO - [2022-12-04T14:08:57.737+0000] {dagbag.py:537} INFO - Filling up the DagBag from /home/airflow/.local/lib/python3.7/site-packages/airflow/example_dags/example_xcomargs.py
[2022-12-04T14:08:57.754+0000] {processor.py:766} INFO - DAG(s) dict_keys(['example_xcom_args', 'example_xcom_args_with_operators']) retrieved from /home/airflow/.local/lib/python3.7/site-packages/airflow/example_dags/example_xcomargs.py
[2022-12-04T14:08:57.787+0000] {logging_mixin.py:137} INFO - [2022-12-04T14:08:57.787+0000] {dag.py:2585} INFO - Sync 2 DAGs
[2022-12-04T14:08:57.804+0000] {logging_mixin.py:137} INFO - [2022-12-04T14:08:57.803+0000] {dag.py:3340} INFO - Setting next_dagrun for example_xcom_args to None, run_after=None
[2022-12-04T14:08:57.807+0000] {logging_mixin.py:137} INFO - [2022-12-04T14:08:57.807+0000] {dag.py:3340} INFO - Setting next_dagrun for example_xcom_args_with_operators to None, run_after=None
[2022-12-04T14:08:57.819+0000] {processor.py:176} INFO - Processing /home/airflow/.local/lib/python3.7/site-packages/airflow/example_dags/example_xcomargs.py took 0.087 seconds
[2022-12-04T15:33:48.508+0000] {processor.py:154} INFO - Started process (PID=15563) to work on /home/airflow/.local/lib/python3.7/site-packages/airflow/example_dags/example_xcomargs.py
[2022-12-04T15:33:48.511+0000] {processor.py:756} INFO - Processing file /home/airflow/.local/lib/python3.7/site-packages/airflow/example_dags/example_xcomargs.py for tasks to queue
[2022-12-04T15:33:48.512+0000] {logging_mixin.py:137} INFO - [2022-12-04T15:33:48.512+0000] {dagbag.py:537} INFO - Filling up the DagBag from /home/airflow/.local/lib/python3.7/site-packages/airflow/example_dags/example_xcomargs.py
[2022-12-04T15:33:48.531+0000] {processor.py:766} INFO - DAG(s) dict_keys(['example_xcom_args_with_operators', 'example_xcom_args']) retrieved from /home/airflow/.local/lib/python3.7/site-packages/airflow/example_dags/example_xcomargs.py
[2022-12-04T15:33:48.560+0000] {logging_mixin.py:137} INFO - [2022-12-04T15:33:48.560+0000] {dag.py:2585} INFO - Sync 2 DAGs
[2022-12-04T15:33:48.576+0000] {logging_mixin.py:137} INFO - [2022-12-04T15:33:48.576+0000] {dag.py:3340} INFO - Setting next_dagrun for example_xcom_args to None, run_after=None
[2022-12-04T15:33:48.579+0000] {logging_mixin.py:137} INFO - [2022-12-04T15:33:48.579+0000] {dag.py:3340} INFO - Setting next_dagrun for example_xcom_args_with_operators to None, run_after=None
[2022-12-04T15:33:48.593+0000] {processor.py:176} INFO - Processing /home/airflow/.local/lib/python3.7/site-packages/airflow/example_dags/example_xcomargs.py took 0.087 seconds
[2022-12-04T16:56:21.142+0000] {processor.py:154} INFO - Started process (PID=15631) to work on /home/airflow/.local/lib/python3.7/site-packages/airflow/example_dags/example_xcomargs.py
[2022-12-04T16:56:21.144+0000] {processor.py:756} INFO - Processing file /home/airflow/.local/lib/python3.7/site-packages/airflow/example_dags/example_xcomargs.py for tasks to queue
[2022-12-04T16:56:21.145+0000] {logging_mixin.py:137} INFO - [2022-12-04T16:56:21.144+0000] {dagbag.py:537} INFO - Filling up the DagBag from /home/airflow/.local/lib/python3.7/site-packages/airflow/example_dags/example_xcomargs.py
[2022-12-04T16:56:21.159+0000] {processor.py:766} INFO - DAG(s) dict_keys(['example_xcom_args_with_operators', 'example_xcom_args']) retrieved from /home/airflow/.local/lib/python3.7/site-packages/airflow/example_dags/example_xcomargs.py
[2022-12-04T16:56:21.194+0000] {logging_mixin.py:137} INFO - [2022-12-04T16:56:21.194+0000] {dag.py:2585} INFO - Sync 2 DAGs
[2022-12-04T16:56:21.208+0000] {logging_mixin.py:137} INFO - [2022-12-04T16:56:21.208+0000] {dag.py:3340} INFO - Setting next_dagrun for example_xcom_args to None, run_after=None
[2022-12-04T16:56:21.212+0000] {logging_mixin.py:137} INFO - [2022-12-04T16:56:21.212+0000] {dag.py:3340} INFO - Setting next_dagrun for example_xcom_args_with_operators to None, run_after=None
[2022-12-04T16:56:21.224+0000] {processor.py:176} INFO - Processing /home/airflow/.local/lib/python3.7/site-packages/airflow/example_dags/example_xcomargs.py took 0.084 seconds
[2022-12-04T18:19:34.571+0000] {processor.py:154} INFO - Started process (PID=15701) to work on /home/airflow/.local/lib/python3.7/site-packages/airflow/example_dags/example_xcomargs.py
[2022-12-04T18:19:34.573+0000] {processor.py:756} INFO - Processing file /home/airflow/.local/lib/python3.7/site-packages/airflow/example_dags/example_xcomargs.py for tasks to queue
[2022-12-04T18:19:34.574+0000] {logging_mixin.py:137} INFO - [2022-12-04T18:19:34.574+0000] {dagbag.py:537} INFO - Filling up the DagBag from /home/airflow/.local/lib/python3.7/site-packages/airflow/example_dags/example_xcomargs.py
[2022-12-04T18:19:34.590+0000] {processor.py:766} INFO - DAG(s) dict_keys(['example_xcom_args', 'example_xcom_args_with_operators']) retrieved from /home/airflow/.local/lib/python3.7/site-packages/airflow/example_dags/example_xcomargs.py
[2022-12-04T18:19:34.619+0000] {logging_mixin.py:137} INFO - [2022-12-04T18:19:34.619+0000] {dag.py:2585} INFO - Sync 2 DAGs
[2022-12-04T18:19:34.632+0000] {logging_mixin.py:137} INFO - [2022-12-04T18:19:34.632+0000] {dag.py:3340} INFO - Setting next_dagrun for example_xcom_args to None, run_after=None
[2022-12-04T18:19:34.636+0000] {logging_mixin.py:137} INFO - [2022-12-04T18:19:34.635+0000] {dag.py:3340} INFO - Setting next_dagrun for example_xcom_args_with_operators to None, run_after=None
[2022-12-04T18:19:34.648+0000] {processor.py:176} INFO - Processing /home/airflow/.local/lib/python3.7/site-packages/airflow/example_dags/example_xcomargs.py took 0.080 seconds
[2022-12-04T19:16:13.832+0000] {processor.py:154} INFO - Started process (PID=15763) to work on /home/airflow/.local/lib/python3.7/site-packages/airflow/example_dags/example_xcomargs.py
[2022-12-04T19:16:13.834+0000] {processor.py:756} INFO - Processing file /home/airflow/.local/lib/python3.7/site-packages/airflow/example_dags/example_xcomargs.py for tasks to queue
[2022-12-04T19:16:13.836+0000] {logging_mixin.py:137} INFO - [2022-12-04T19:16:13.836+0000] {dagbag.py:537} INFO - Filling up the DagBag from /home/airflow/.local/lib/python3.7/site-packages/airflow/example_dags/example_xcomargs.py
[2022-12-04T19:16:13.852+0000] {processor.py:766} INFO - DAG(s) dict_keys(['example_xcom_args_with_operators', 'example_xcom_args']) retrieved from /home/airflow/.local/lib/python3.7/site-packages/airflow/example_dags/example_xcomargs.py
[2022-12-04T19:16:13.883+0000] {logging_mixin.py:137} INFO - [2022-12-04T19:16:13.883+0000] {dag.py:2585} INFO - Sync 2 DAGs
[2022-12-04T19:16:13.900+0000] {logging_mixin.py:137} INFO - [2022-12-04T19:16:13.900+0000] {dag.py:3340} INFO - Setting next_dagrun for example_xcom_args to None, run_after=None
[2022-12-04T19:16:13.904+0000] {logging_mixin.py:137} INFO - [2022-12-04T19:16:13.904+0000] {dag.py:3340} INFO - Setting next_dagrun for example_xcom_args_with_operators to None, run_after=None
[2022-12-04T19:16:13.915+0000] {processor.py:176} INFO - Processing /home/airflow/.local/lib/python3.7/site-packages/airflow/example_dags/example_xcomargs.py took 0.085 seconds
[2022-12-04T20:04:52.304+0000] {processor.py:154} INFO - Started process (PID=15831) to work on /home/airflow/.local/lib/python3.7/site-packages/airflow/example_dags/example_xcomargs.py
[2022-12-04T20:04:52.305+0000] {processor.py:756} INFO - Processing file /home/airflow/.local/lib/python3.7/site-packages/airflow/example_dags/example_xcomargs.py for tasks to queue
[2022-12-04T20:04:52.307+0000] {logging_mixin.py:137} INFO - [2022-12-04T20:04:52.307+0000] {dagbag.py:537} INFO - Filling up the DagBag from /home/airflow/.local/lib/python3.7/site-packages/airflow/example_dags/example_xcomargs.py
[2022-12-04T20:04:52.322+0000] {processor.py:766} INFO - DAG(s) dict_keys(['example_xcom_args', 'example_xcom_args_with_operators']) retrieved from /home/airflow/.local/lib/python3.7/site-packages/airflow/example_dags/example_xcomargs.py
[2022-12-04T20:04:52.353+0000] {logging_mixin.py:137} INFO - [2022-12-04T20:04:52.353+0000] {dag.py:2585} INFO - Sync 2 DAGs
[2022-12-04T20:04:52.369+0000] {logging_mixin.py:137} INFO - [2022-12-04T20:04:52.369+0000] {dag.py:3340} INFO - Setting next_dagrun for example_xcom_args to None, run_after=None
[2022-12-04T20:04:52.372+0000] {logging_mixin.py:137} INFO - [2022-12-04T20:04:52.372+0000] {dag.py:3340} INFO - Setting next_dagrun for example_xcom_args_with_operators to None, run_after=None
[2022-12-04T20:04:52.384+0000] {processor.py:176} INFO - Processing /home/airflow/.local/lib/python3.7/site-packages/airflow/example_dags/example_xcomargs.py took 0.082 seconds
[2022-12-04T21:26:04.003+0000] {processor.py:154} INFO - Started process (PID=15903) to work on /home/airflow/.local/lib/python3.7/site-packages/airflow/example_dags/example_xcomargs.py
[2022-12-04T21:26:04.005+0000] {processor.py:756} INFO - Processing file /home/airflow/.local/lib/python3.7/site-packages/airflow/example_dags/example_xcomargs.py for tasks to queue
[2022-12-04T21:26:04.006+0000] {logging_mixin.py:137} INFO - [2022-12-04T21:26:04.006+0000] {dagbag.py:537} INFO - Filling up the DagBag from /home/airflow/.local/lib/python3.7/site-packages/airflow/example_dags/example_xcomargs.py
[2022-12-04T21:26:04.021+0000] {processor.py:766} INFO - DAG(s) dict_keys(['example_xcom_args', 'example_xcom_args_with_operators']) retrieved from /home/airflow/.local/lib/python3.7/site-packages/airflow/example_dags/example_xcomargs.py
[2022-12-04T21:26:04.049+0000] {logging_mixin.py:137} INFO - [2022-12-04T21:26:04.049+0000] {dag.py:2585} INFO - Sync 2 DAGs
[2022-12-04T21:26:04.065+0000] {logging_mixin.py:137} INFO - [2022-12-04T21:26:04.065+0000] {dag.py:3340} INFO - Setting next_dagrun for example_xcom_args to None, run_after=None
[2022-12-04T21:26:04.070+0000] {logging_mixin.py:137} INFO - [2022-12-04T21:26:04.069+0000] {dag.py:3340} INFO - Setting next_dagrun for example_xcom_args_with_operators to None, run_after=None
[2022-12-04T21:26:04.082+0000] {processor.py:176} INFO - Processing /home/airflow/.local/lib/python3.7/site-packages/airflow/example_dags/example_xcomargs.py took 0.081 seconds
[2022-12-04T22:34:07.331+0000] {processor.py:154} INFO - Started process (PID=15967) to work on /home/airflow/.local/lib/python3.7/site-packages/airflow/example_dags/example_xcomargs.py
[2022-12-04T22:34:07.345+0000] {processor.py:756} INFO - Processing file /home/airflow/.local/lib/python3.7/site-packages/airflow/example_dags/example_xcomargs.py for tasks to queue
[2022-12-04T22:34:07.349+0000] {logging_mixin.py:137} INFO - [2022-12-04T22:34:07.349+0000] {dagbag.py:537} INFO - Filling up the DagBag from /home/airflow/.local/lib/python3.7/site-packages/airflow/example_dags/example_xcomargs.py
[2022-12-04T22:34:07.374+0000] {processor.py:766} INFO - DAG(s) dict_keys(['example_xcom_args_with_operators', 'example_xcom_args']) retrieved from /home/airflow/.local/lib/python3.7/site-packages/airflow/example_dags/example_xcomargs.py
[2022-12-04T22:34:07.412+0000] {logging_mixin.py:137} INFO - [2022-12-04T22:34:07.412+0000] {dag.py:2585} INFO - Sync 2 DAGs
[2022-12-04T22:34:07.433+0000] {logging_mixin.py:137} INFO - [2022-12-04T22:34:07.433+0000] {dag.py:3340} INFO - Setting next_dagrun for example_xcom_args to None, run_after=None
[2022-12-04T22:34:07.437+0000] {logging_mixin.py:137} INFO - [2022-12-04T22:34:07.437+0000] {dag.py:3340} INFO - Setting next_dagrun for example_xcom_args_with_operators to None, run_after=None
[2022-12-04T22:34:07.452+0000] {processor.py:176} INFO - Processing /home/airflow/.local/lib/python3.7/site-packages/airflow/example_dags/example_xcomargs.py took 0.124 seconds
[2022-12-04T22:52:29.125+0000] {processor.py:154} INFO - Started process (PID=16023) to work on /home/airflow/.local/lib/python3.7/site-packages/airflow/example_dags/example_xcomargs.py
[2022-12-04T22:52:29.127+0000] {processor.py:756} INFO - Processing file /home/airflow/.local/lib/python3.7/site-packages/airflow/example_dags/example_xcomargs.py for tasks to queue
[2022-12-04T22:52:29.129+0000] {logging_mixin.py:137} INFO - [2022-12-04T22:52:29.129+0000] {dagbag.py:537} INFO - Filling up the DagBag from /home/airflow/.local/lib/python3.7/site-packages/airflow/example_dags/example_xcomargs.py
[2022-12-04T22:52:29.151+0000] {processor.py:766} INFO - DAG(s) dict_keys(['example_xcom_args', 'example_xcom_args_with_operators']) retrieved from /home/airflow/.local/lib/python3.7/site-packages/airflow/example_dags/example_xcomargs.py
[2022-12-04T22:52:29.198+0000] {logging_mixin.py:137} INFO - [2022-12-04T22:52:29.198+0000] {dag.py:2585} INFO - Sync 2 DAGs
[2022-12-04T22:52:29.218+0000] {logging_mixin.py:137} INFO - [2022-12-04T22:52:29.218+0000] {dag.py:3340} INFO - Setting next_dagrun for example_xcom_args to None, run_after=None
[2022-12-04T22:52:29.222+0000] {logging_mixin.py:137} INFO - [2022-12-04T22:52:29.222+0000] {dag.py:3340} INFO - Setting next_dagrun for example_xcom_args_with_operators to None, run_after=None
[2022-12-04T22:52:29.237+0000] {processor.py:176} INFO - Processing /home/airflow/.local/lib/python3.7/site-packages/airflow/example_dags/example_xcomargs.py took 0.114 seconds
