[2022-12-04T00:57:34.151+0000] {processor.py:154} INFO - Started process (PID=14892) to work on /home/airflow/.local/lib/python3.7/site-packages/airflow/example_dags/example_complex.py
[2022-12-04T00:57:34.154+0000] {processor.py:756} INFO - Processing file /home/airflow/.local/lib/python3.7/site-packages/airflow/example_dags/example_complex.py for tasks to queue
[2022-12-04T00:57:34.156+0000] {logging_mixin.py:137} INFO - [2022-12-04T00:57:34.156+0000] {dagbag.py:537} INFO - Filling up the DagBag from /home/airflow/.local/lib/python3.7/site-packages/airflow/example_dags/example_complex.py
[2022-12-04T00:57:34.164+0000] {logging_mixin.py:137} INFO - [2022-12-04T00:57:34.164+0000] {taskmixin.py:205} WARNING - Dependency <Task(BashOperator): create_entry_group>, delete_entry_group already registered for DAG: example_complex
[2022-12-04T00:57:34.165+0000] {logging_mixin.py:137} INFO - [2022-12-04T00:57:34.165+0000] {taskmixin.py:205} WARNING - Dependency <Task(BashOperator): delete_entry_group>, create_entry_group already registered for DAG: example_complex
[2022-12-04T00:57:34.166+0000] {logging_mixin.py:137} INFO - [2022-12-04T00:57:34.166+0000] {taskmixin.py:205} WARNING - Dependency <Task(BashOperator): create_entry_gcs>, delete_entry already registered for DAG: example_complex
[2022-12-04T00:57:34.167+0000] {logging_mixin.py:137} INFO - [2022-12-04T00:57:34.166+0000] {taskmixin.py:205} WARNING - Dependency <Task(BashOperator): delete_entry>, create_entry_gcs already registered for DAG: example_complex
[2022-12-04T00:57:34.168+0000] {logging_mixin.py:137} INFO - [2022-12-04T00:57:34.168+0000] {taskmixin.py:205} WARNING - Dependency <Task(BashOperator): create_tag>, delete_tag already registered for DAG: example_complex
[2022-12-04T00:57:34.169+0000] {logging_mixin.py:137} INFO - [2022-12-04T00:57:34.169+0000] {taskmixin.py:205} WARNING - Dependency <Task(BashOperator): delete_tag>, create_tag already registered for DAG: example_complex
[2022-12-04T00:57:34.174+0000] {processor.py:766} INFO - DAG(s) dict_keys(['example_complex']) retrieved from /home/airflow/.local/lib/python3.7/site-packages/airflow/example_dags/example_complex.py
[2022-12-04T00:57:34.212+0000] {logging_mixin.py:137} INFO - [2022-12-04T00:57:34.212+0000] {dag.py:2585} INFO - Sync 1 DAGs
[2022-12-04T00:57:34.227+0000] {logging_mixin.py:137} INFO - [2022-12-04T00:57:34.227+0000] {dag.py:3340} INFO - Setting next_dagrun for example_complex to None, run_after=None
[2022-12-04T00:57:34.239+0000] {processor.py:176} INFO - Processing /home/airflow/.local/lib/python3.7/site-packages/airflow/example_dags/example_complex.py took 0.091 seconds
[2022-12-04T02:32:55.145+0000] {processor.py:154} INFO - Started process (PID=14960) to work on /home/airflow/.local/lib/python3.7/site-packages/airflow/example_dags/example_complex.py
[2022-12-04T02:32:55.148+0000] {processor.py:756} INFO - Processing file /home/airflow/.local/lib/python3.7/site-packages/airflow/example_dags/example_complex.py for tasks to queue
[2022-12-04T02:32:55.152+0000] {logging_mixin.py:137} INFO - [2022-12-04T02:32:55.152+0000] {dagbag.py:537} INFO - Filling up the DagBag from /home/airflow/.local/lib/python3.7/site-packages/airflow/example_dags/example_complex.py
[2022-12-04T02:32:55.167+0000] {logging_mixin.py:137} INFO - [2022-12-04T02:32:55.162+0000] {taskmixin.py:205} WARNING - Dependency <Task(BashOperator): create_entry_group>, delete_entry_group already registered for DAG: example_complex
[2022-12-04T02:32:55.169+0000] {logging_mixin.py:137} INFO - [2022-12-04T02:32:55.168+0000] {taskmixin.py:205} WARNING - Dependency <Task(BashOperator): delete_entry_group>, create_entry_group already registered for DAG: example_complex
[2022-12-04T02:32:55.170+0000] {logging_mixin.py:137} INFO - [2022-12-04T02:32:55.170+0000] {taskmixin.py:205} WARNING - Dependency <Task(BashOperator): create_entry_gcs>, delete_entry already registered for DAG: example_complex
[2022-12-04T02:32:55.171+0000] {logging_mixin.py:137} INFO - [2022-12-04T02:32:55.171+0000] {taskmixin.py:205} WARNING - Dependency <Task(BashOperator): delete_entry>, create_entry_gcs already registered for DAG: example_complex
[2022-12-04T02:32:55.173+0000] {logging_mixin.py:137} INFO - [2022-12-04T02:32:55.173+0000] {taskmixin.py:205} WARNING - Dependency <Task(BashOperator): create_tag>, delete_tag already registered for DAG: example_complex
[2022-12-04T02:32:55.174+0000] {logging_mixin.py:137} INFO - [2022-12-04T02:32:55.173+0000] {taskmixin.py:205} WARNING - Dependency <Task(BashOperator): delete_tag>, create_tag already registered for DAG: example_complex
[2022-12-04T02:32:55.181+0000] {processor.py:766} INFO - DAG(s) dict_keys(['example_complex']) retrieved from /home/airflow/.local/lib/python3.7/site-packages/airflow/example_dags/example_complex.py
[2022-12-04T02:32:55.249+0000] {logging_mixin.py:137} INFO - [2022-12-04T02:32:55.248+0000] {dag.py:2585} INFO - Sync 1 DAGs
[2022-12-04T02:32:55.289+0000] {logging_mixin.py:137} INFO - [2022-12-04T02:32:55.289+0000] {dag.py:3340} INFO - Setting next_dagrun for example_complex to None, run_after=None
[2022-12-04T02:32:55.315+0000] {processor.py:176} INFO - Processing /home/airflow/.local/lib/python3.7/site-packages/airflow/example_dags/example_complex.py took 0.175 seconds
[2022-12-04T03:55:41.918+0000] {processor.py:154} INFO - Started process (PID=15028) to work on /home/airflow/.local/lib/python3.7/site-packages/airflow/example_dags/example_complex.py
[2022-12-04T03:55:41.920+0000] {processor.py:756} INFO - Processing file /home/airflow/.local/lib/python3.7/site-packages/airflow/example_dags/example_complex.py for tasks to queue
[2022-12-04T03:55:41.921+0000] {logging_mixin.py:137} INFO - [2022-12-04T03:55:41.921+0000] {dagbag.py:537} INFO - Filling up the DagBag from /home/airflow/.local/lib/python3.7/site-packages/airflow/example_dags/example_complex.py
[2022-12-04T03:55:41.928+0000] {logging_mixin.py:137} INFO - [2022-12-04T03:55:41.928+0000] {taskmixin.py:205} WARNING - Dependency <Task(BashOperator): create_entry_group>, delete_entry_group already registered for DAG: example_complex
[2022-12-04T03:55:41.930+0000] {logging_mixin.py:137} INFO - [2022-12-04T03:55:41.929+0000] {taskmixin.py:205} WARNING - Dependency <Task(BashOperator): delete_entry_group>, create_entry_group already registered for DAG: example_complex
[2022-12-04T03:55:41.931+0000] {logging_mixin.py:137} INFO - [2022-12-04T03:55:41.931+0000] {taskmixin.py:205} WARNING - Dependency <Task(BashOperator): create_entry_gcs>, delete_entry already registered for DAG: example_complex
[2022-12-04T03:55:41.932+0000] {logging_mixin.py:137} INFO - [2022-12-04T03:55:41.932+0000] {taskmixin.py:205} WARNING - Dependency <Task(BashOperator): delete_entry>, create_entry_gcs already registered for DAG: example_complex
[2022-12-04T03:55:41.933+0000] {logging_mixin.py:137} INFO - [2022-12-04T03:55:41.933+0000] {taskmixin.py:205} WARNING - Dependency <Task(BashOperator): create_tag>, delete_tag already registered for DAG: example_complex
[2022-12-04T03:55:41.933+0000] {logging_mixin.py:137} INFO - [2022-12-04T03:55:41.933+0000] {taskmixin.py:205} WARNING - Dependency <Task(BashOperator): delete_tag>, create_tag already registered for DAG: example_complex
[2022-12-04T03:55:41.939+0000] {processor.py:766} INFO - DAG(s) dict_keys(['example_complex']) retrieved from /home/airflow/.local/lib/python3.7/site-packages/airflow/example_dags/example_complex.py
[2022-12-04T03:55:41.969+0000] {logging_mixin.py:137} INFO - [2022-12-04T03:55:41.968+0000] {dag.py:2585} INFO - Sync 1 DAGs
[2022-12-04T03:55:41.983+0000] {logging_mixin.py:137} INFO - [2022-12-04T03:55:41.983+0000] {dag.py:3340} INFO - Setting next_dagrun for example_complex to None, run_after=None
[2022-12-04T03:55:41.996+0000] {processor.py:176} INFO - Processing /home/airflow/.local/lib/python3.7/site-packages/airflow/example_dags/example_complex.py took 0.080 seconds
[2022-12-04T05:30:17.828+0000] {processor.py:154} INFO - Started process (PID=15096) to work on /home/airflow/.local/lib/python3.7/site-packages/airflow/example_dags/example_complex.py
[2022-12-04T05:30:17.830+0000] {processor.py:756} INFO - Processing file /home/airflow/.local/lib/python3.7/site-packages/airflow/example_dags/example_complex.py for tasks to queue
[2022-12-04T05:30:17.832+0000] {logging_mixin.py:137} INFO - [2022-12-04T05:30:17.832+0000] {dagbag.py:537} INFO - Filling up the DagBag from /home/airflow/.local/lib/python3.7/site-packages/airflow/example_dags/example_complex.py
[2022-12-04T05:30:17.839+0000] {logging_mixin.py:137} INFO - [2022-12-04T05:30:17.839+0000] {taskmixin.py:205} WARNING - Dependency <Task(BashOperator): create_entry_group>, delete_entry_group already registered for DAG: example_complex
[2022-12-04T05:30:17.840+0000] {logging_mixin.py:137} INFO - [2022-12-04T05:30:17.840+0000] {taskmixin.py:205} WARNING - Dependency <Task(BashOperator): delete_entry_group>, create_entry_group already registered for DAG: example_complex
[2022-12-04T05:30:17.842+0000] {logging_mixin.py:137} INFO - [2022-12-04T05:30:17.842+0000] {taskmixin.py:205} WARNING - Dependency <Task(BashOperator): create_entry_gcs>, delete_entry already registered for DAG: example_complex
[2022-12-04T05:30:17.843+0000] {logging_mixin.py:137} INFO - [2022-12-04T05:30:17.843+0000] {taskmixin.py:205} WARNING - Dependency <Task(BashOperator): delete_entry>, create_entry_gcs already registered for DAG: example_complex
[2022-12-04T05:30:17.844+0000] {logging_mixin.py:137} INFO - [2022-12-04T05:30:17.844+0000] {taskmixin.py:205} WARNING - Dependency <Task(BashOperator): create_tag>, delete_tag already registered for DAG: example_complex
[2022-12-04T05:30:17.845+0000] {logging_mixin.py:137} INFO - [2022-12-04T05:30:17.845+0000] {taskmixin.py:205} WARNING - Dependency <Task(BashOperator): delete_tag>, create_tag already registered for DAG: example_complex
[2022-12-04T05:30:17.850+0000] {processor.py:766} INFO - DAG(s) dict_keys(['example_complex']) retrieved from /home/airflow/.local/lib/python3.7/site-packages/airflow/example_dags/example_complex.py
[2022-12-04T05:30:17.880+0000] {logging_mixin.py:137} INFO - [2022-12-04T05:30:17.880+0000] {dag.py:2585} INFO - Sync 1 DAGs
[2022-12-04T05:30:17.894+0000] {logging_mixin.py:137} INFO - [2022-12-04T05:30:17.894+0000] {dag.py:3340} INFO - Setting next_dagrun for example_complex to None, run_after=None
[2022-12-04T05:30:17.908+0000] {processor.py:176} INFO - Processing /home/airflow/.local/lib/python3.7/site-packages/airflow/example_dags/example_complex.py took 0.082 seconds
[2022-12-04T06:53:37.910+0000] {processor.py:154} INFO - Started process (PID=15152) to work on /home/airflow/.local/lib/python3.7/site-packages/airflow/example_dags/example_complex.py
[2022-12-04T06:53:37.912+0000] {processor.py:756} INFO - Processing file /home/airflow/.local/lib/python3.7/site-packages/airflow/example_dags/example_complex.py for tasks to queue
[2022-12-04T06:53:37.913+0000] {logging_mixin.py:137} INFO - [2022-12-04T06:53:37.913+0000] {dagbag.py:537} INFO - Filling up the DagBag from /home/airflow/.local/lib/python3.7/site-packages/airflow/example_dags/example_complex.py
[2022-12-04T06:53:37.920+0000] {logging_mixin.py:137} INFO - [2022-12-04T06:53:37.920+0000] {taskmixin.py:205} WARNING - Dependency <Task(BashOperator): create_entry_group>, delete_entry_group already registered for DAG: example_complex
[2022-12-04T06:53:37.921+0000] {logging_mixin.py:137} INFO - [2022-12-04T06:53:37.921+0000] {taskmixin.py:205} WARNING - Dependency <Task(BashOperator): delete_entry_group>, create_entry_group already registered for DAG: example_complex
[2022-12-04T06:53:37.922+0000] {logging_mixin.py:137} INFO - [2022-12-04T06:53:37.922+0000] {taskmixin.py:205} WARNING - Dependency <Task(BashOperator): create_entry_gcs>, delete_entry already registered for DAG: example_complex
[2022-12-04T06:53:37.922+0000] {logging_mixin.py:137} INFO - [2022-12-04T06:53:37.922+0000] {taskmixin.py:205} WARNING - Dependency <Task(BashOperator): delete_entry>, create_entry_gcs already registered for DAG: example_complex
[2022-12-04T06:53:37.923+0000] {logging_mixin.py:137} INFO - [2022-12-04T06:53:37.923+0000] {taskmixin.py:205} WARNING - Dependency <Task(BashOperator): create_tag>, delete_tag already registered for DAG: example_complex
[2022-12-04T06:53:37.925+0000] {logging_mixin.py:137} INFO - [2022-12-04T06:53:37.925+0000] {taskmixin.py:205} WARNING - Dependency <Task(BashOperator): delete_tag>, create_tag already registered for DAG: example_complex
[2022-12-04T06:53:37.930+0000] {processor.py:766} INFO - DAG(s) dict_keys(['example_complex']) retrieved from /home/airflow/.local/lib/python3.7/site-packages/airflow/example_dags/example_complex.py
[2022-12-04T06:53:37.960+0000] {logging_mixin.py:137} INFO - [2022-12-04T06:53:37.960+0000] {dag.py:2585} INFO - Sync 1 DAGs
[2022-12-04T06:53:37.978+0000] {logging_mixin.py:137} INFO - [2022-12-04T06:53:37.978+0000] {dag.py:3340} INFO - Setting next_dagrun for example_complex to None, run_after=None
[2022-12-04T06:53:37.991+0000] {processor.py:176} INFO - Processing /home/airflow/.local/lib/python3.7/site-packages/airflow/example_dags/example_complex.py took 0.083 seconds
[2022-12-04T08:30:44.711+0000] {processor.py:154} INFO - Started process (PID=15219) to work on /home/airflow/.local/lib/python3.7/site-packages/airflow/example_dags/example_complex.py
[2022-12-04T08:30:44.713+0000] {processor.py:756} INFO - Processing file /home/airflow/.local/lib/python3.7/site-packages/airflow/example_dags/example_complex.py for tasks to queue
[2022-12-04T08:30:44.714+0000] {logging_mixin.py:137} INFO - [2022-12-04T08:30:44.714+0000] {dagbag.py:537} INFO - Filling up the DagBag from /home/airflow/.local/lib/python3.7/site-packages/airflow/example_dags/example_complex.py
[2022-12-04T08:30:44.722+0000] {logging_mixin.py:137} INFO - [2022-12-04T08:30:44.722+0000] {taskmixin.py:205} WARNING - Dependency <Task(BashOperator): create_entry_group>, delete_entry_group already registered for DAG: example_complex
[2022-12-04T08:30:44.723+0000] {logging_mixin.py:137} INFO - [2022-12-04T08:30:44.723+0000] {taskmixin.py:205} WARNING - Dependency <Task(BashOperator): delete_entry_group>, create_entry_group already registered for DAG: example_complex
[2022-12-04T08:30:44.723+0000] {logging_mixin.py:137} INFO - [2022-12-04T08:30:44.723+0000] {taskmixin.py:205} WARNING - Dependency <Task(BashOperator): create_entry_gcs>, delete_entry already registered for DAG: example_complex
[2022-12-04T08:30:44.724+0000] {logging_mixin.py:137} INFO - [2022-12-04T08:30:44.724+0000] {taskmixin.py:205} WARNING - Dependency <Task(BashOperator): delete_entry>, create_entry_gcs already registered for DAG: example_complex
[2022-12-04T08:30:44.725+0000] {logging_mixin.py:137} INFO - [2022-12-04T08:30:44.725+0000] {taskmixin.py:205} WARNING - Dependency <Task(BashOperator): create_tag>, delete_tag already registered for DAG: example_complex
[2022-12-04T08:30:44.726+0000] {logging_mixin.py:137} INFO - [2022-12-04T08:30:44.726+0000] {taskmixin.py:205} WARNING - Dependency <Task(BashOperator): delete_tag>, create_tag already registered for DAG: example_complex
[2022-12-04T08:30:44.731+0000] {processor.py:766} INFO - DAG(s) dict_keys(['example_complex']) retrieved from /home/airflow/.local/lib/python3.7/site-packages/airflow/example_dags/example_complex.py
[2022-12-04T08:30:44.763+0000] {logging_mixin.py:137} INFO - [2022-12-04T08:30:44.763+0000] {dag.py:2585} INFO - Sync 1 DAGs
[2022-12-04T08:30:44.778+0000] {logging_mixin.py:137} INFO - [2022-12-04T08:30:44.778+0000] {dag.py:3340} INFO - Setting next_dagrun for example_complex to None, run_after=None
[2022-12-04T08:30:44.791+0000] {processor.py:176} INFO - Processing /home/airflow/.local/lib/python3.7/site-packages/airflow/example_dags/example_complex.py took 0.082 seconds
[2022-12-04T10:09:30.188+0000] {processor.py:154} INFO - Started process (PID=15286) to work on /home/airflow/.local/lib/python3.7/site-packages/airflow/example_dags/example_complex.py
[2022-12-04T10:09:30.190+0000] {processor.py:756} INFO - Processing file /home/airflow/.local/lib/python3.7/site-packages/airflow/example_dags/example_complex.py for tasks to queue
[2022-12-04T10:09:30.191+0000] {logging_mixin.py:137} INFO - [2022-12-04T10:09:30.191+0000] {dagbag.py:537} INFO - Filling up the DagBag from /home/airflow/.local/lib/python3.7/site-packages/airflow/example_dags/example_complex.py
[2022-12-04T10:09:30.200+0000] {logging_mixin.py:137} INFO - [2022-12-04T10:09:30.200+0000] {taskmixin.py:205} WARNING - Dependency <Task(BashOperator): create_entry_group>, delete_entry_group already registered for DAG: example_complex
[2022-12-04T10:09:30.201+0000] {logging_mixin.py:137} INFO - [2022-12-04T10:09:30.201+0000] {taskmixin.py:205} WARNING - Dependency <Task(BashOperator): delete_entry_group>, create_entry_group already registered for DAG: example_complex
[2022-12-04T10:09:30.202+0000] {logging_mixin.py:137} INFO - [2022-12-04T10:09:30.202+0000] {taskmixin.py:205} WARNING - Dependency <Task(BashOperator): create_entry_gcs>, delete_entry already registered for DAG: example_complex
[2022-12-04T10:09:30.203+0000] {logging_mixin.py:137} INFO - [2022-12-04T10:09:30.203+0000] {taskmixin.py:205} WARNING - Dependency <Task(BashOperator): delete_entry>, create_entry_gcs already registered for DAG: example_complex
[2022-12-04T10:09:30.205+0000] {logging_mixin.py:137} INFO - [2022-12-04T10:09:30.205+0000] {taskmixin.py:205} WARNING - Dependency <Task(BashOperator): create_tag>, delete_tag already registered for DAG: example_complex
[2022-12-04T10:09:30.205+0000] {logging_mixin.py:137} INFO - [2022-12-04T10:09:30.205+0000] {taskmixin.py:205} WARNING - Dependency <Task(BashOperator): delete_tag>, create_tag already registered for DAG: example_complex
[2022-12-04T10:09:30.211+0000] {processor.py:766} INFO - DAG(s) dict_keys(['example_complex']) retrieved from /home/airflow/.local/lib/python3.7/site-packages/airflow/example_dags/example_complex.py
[2022-12-04T10:09:30.243+0000] {logging_mixin.py:137} INFO - [2022-12-04T10:09:30.243+0000] {dag.py:2585} INFO - Sync 1 DAGs
[2022-12-04T10:09:30.260+0000] {logging_mixin.py:137} INFO - [2022-12-04T10:09:30.260+0000] {dag.py:3340} INFO - Setting next_dagrun for example_complex to None, run_after=None
[2022-12-04T10:09:30.274+0000] {processor.py:176} INFO - Processing /home/airflow/.local/lib/python3.7/site-packages/airflow/example_dags/example_complex.py took 0.087 seconds
[2022-12-04T11:31:36.223+0000] {processor.py:154} INFO - Started process (PID=15350) to work on /home/airflow/.local/lib/python3.7/site-packages/airflow/example_dags/example_complex.py
[2022-12-04T11:31:36.224+0000] {processor.py:756} INFO - Processing file /home/airflow/.local/lib/python3.7/site-packages/airflow/example_dags/example_complex.py for tasks to queue
[2022-12-04T11:31:36.226+0000] {logging_mixin.py:137} INFO - [2022-12-04T11:31:36.225+0000] {dagbag.py:537} INFO - Filling up the DagBag from /home/airflow/.local/lib/python3.7/site-packages/airflow/example_dags/example_complex.py
[2022-12-04T11:31:36.233+0000] {logging_mixin.py:137} INFO - [2022-12-04T11:31:36.233+0000] {taskmixin.py:205} WARNING - Dependency <Task(BashOperator): create_entry_group>, delete_entry_group already registered for DAG: example_complex
[2022-12-04T11:31:36.234+0000] {logging_mixin.py:137} INFO - [2022-12-04T11:31:36.234+0000] {taskmixin.py:205} WARNING - Dependency <Task(BashOperator): delete_entry_group>, create_entry_group already registered for DAG: example_complex
[2022-12-04T11:31:36.235+0000] {logging_mixin.py:137} INFO - [2022-12-04T11:31:36.235+0000] {taskmixin.py:205} WARNING - Dependency <Task(BashOperator): create_entry_gcs>, delete_entry already registered for DAG: example_complex
[2022-12-04T11:31:36.235+0000] {logging_mixin.py:137} INFO - [2022-12-04T11:31:36.235+0000] {taskmixin.py:205} WARNING - Dependency <Task(BashOperator): delete_entry>, create_entry_gcs already registered for DAG: example_complex
[2022-12-04T11:31:36.236+0000] {logging_mixin.py:137} INFO - [2022-12-04T11:31:36.236+0000] {taskmixin.py:205} WARNING - Dependency <Task(BashOperator): create_tag>, delete_tag already registered for DAG: example_complex
[2022-12-04T11:31:36.237+0000] {logging_mixin.py:137} INFO - [2022-12-04T11:31:36.237+0000] {taskmixin.py:205} WARNING - Dependency <Task(BashOperator): delete_tag>, create_tag already registered for DAG: example_complex
[2022-12-04T11:31:36.244+0000] {processor.py:766} INFO - DAG(s) dict_keys(['example_complex']) retrieved from /home/airflow/.local/lib/python3.7/site-packages/airflow/example_dags/example_complex.py
[2022-12-04T11:31:36.283+0000] {logging_mixin.py:137} INFO - [2022-12-04T11:31:36.283+0000] {dag.py:2585} INFO - Sync 1 DAGs
[2022-12-04T11:31:36.299+0000] {logging_mixin.py:137} INFO - [2022-12-04T11:31:36.299+0000] {dag.py:3340} INFO - Setting next_dagrun for example_complex to None, run_after=None
[2022-12-04T11:31:36.311+0000] {processor.py:176} INFO - Processing /home/airflow/.local/lib/python3.7/site-packages/airflow/example_dags/example_complex.py took 0.091 seconds
[2022-12-04T12:30:16.432+0000] {processor.py:154} INFO - Started process (PID=15424) to work on /home/airflow/.local/lib/python3.7/site-packages/airflow/example_dags/example_complex.py
[2022-12-04T12:30:16.435+0000] {processor.py:756} INFO - Processing file /home/airflow/.local/lib/python3.7/site-packages/airflow/example_dags/example_complex.py for tasks to queue
[2022-12-04T12:30:16.443+0000] {logging_mixin.py:137} INFO - [2022-12-04T12:30:16.443+0000] {dagbag.py:537} INFO - Filling up the DagBag from /home/airflow/.local/lib/python3.7/site-packages/airflow/example_dags/example_complex.py
[2022-12-04T12:30:16.456+0000] {logging_mixin.py:137} INFO - [2022-12-04T12:30:16.456+0000] {taskmixin.py:205} WARNING - Dependency <Task(BashOperator): create_entry_group>, delete_entry_group already registered for DAG: example_complex
[2022-12-04T12:30:16.458+0000] {logging_mixin.py:137} INFO - [2022-12-04T12:30:16.458+0000] {taskmixin.py:205} WARNING - Dependency <Task(BashOperator): delete_entry_group>, create_entry_group already registered for DAG: example_complex
[2022-12-04T12:30:16.460+0000] {logging_mixin.py:137} INFO - [2022-12-04T12:30:16.460+0000] {taskmixin.py:205} WARNING - Dependency <Task(BashOperator): create_entry_gcs>, delete_entry already registered for DAG: example_complex
[2022-12-04T12:30:16.461+0000] {logging_mixin.py:137} INFO - [2022-12-04T12:30:16.461+0000] {taskmixin.py:205} WARNING - Dependency <Task(BashOperator): delete_entry>, create_entry_gcs already registered for DAG: example_complex
[2022-12-04T12:30:16.462+0000] {logging_mixin.py:137} INFO - [2022-12-04T12:30:16.462+0000] {taskmixin.py:205} WARNING - Dependency <Task(BashOperator): create_tag>, delete_tag already registered for DAG: example_complex
[2022-12-04T12:30:16.463+0000] {logging_mixin.py:137} INFO - [2022-12-04T12:30:16.462+0000] {taskmixin.py:205} WARNING - Dependency <Task(BashOperator): delete_tag>, create_tag already registered for DAG: example_complex
[2022-12-04T12:30:16.471+0000] {processor.py:766} INFO - DAG(s) dict_keys(['example_complex']) retrieved from /home/airflow/.local/lib/python3.7/site-packages/airflow/example_dags/example_complex.py
[2022-12-04T12:30:16.516+0000] {logging_mixin.py:137} INFO - [2022-12-04T12:30:16.516+0000] {dag.py:2585} INFO - Sync 1 DAGs
[2022-12-04T12:30:16.540+0000] {logging_mixin.py:137} INFO - [2022-12-04T12:30:16.540+0000] {dag.py:3340} INFO - Setting next_dagrun for example_complex to None, run_after=None
[2022-12-04T12:30:16.558+0000] {processor.py:176} INFO - Processing /home/airflow/.local/lib/python3.7/site-packages/airflow/example_dags/example_complex.py took 0.130 seconds
[2022-12-04T14:08:57.013+0000] {processor.py:154} INFO - Started process (PID=15480) to work on /home/airflow/.local/lib/python3.7/site-packages/airflow/example_dags/example_complex.py
[2022-12-04T14:08:57.014+0000] {processor.py:756} INFO - Processing file /home/airflow/.local/lib/python3.7/site-packages/airflow/example_dags/example_complex.py for tasks to queue
[2022-12-04T14:08:57.016+0000] {logging_mixin.py:137} INFO - [2022-12-04T14:08:57.016+0000] {dagbag.py:537} INFO - Filling up the DagBag from /home/airflow/.local/lib/python3.7/site-packages/airflow/example_dags/example_complex.py
[2022-12-04T14:08:57.022+0000] {logging_mixin.py:137} INFO - [2022-12-04T14:08:57.022+0000] {taskmixin.py:205} WARNING - Dependency <Task(BashOperator): create_entry_group>, delete_entry_group already registered for DAG: example_complex
[2022-12-04T14:08:57.025+0000] {logging_mixin.py:137} INFO - [2022-12-04T14:08:57.025+0000] {taskmixin.py:205} WARNING - Dependency <Task(BashOperator): delete_entry_group>, create_entry_group already registered for DAG: example_complex
[2022-12-04T14:08:57.026+0000] {logging_mixin.py:137} INFO - [2022-12-04T14:08:57.026+0000] {taskmixin.py:205} WARNING - Dependency <Task(BashOperator): create_entry_gcs>, delete_entry already registered for DAG: example_complex
[2022-12-04T14:08:57.027+0000] {logging_mixin.py:137} INFO - [2022-12-04T14:08:57.026+0000] {taskmixin.py:205} WARNING - Dependency <Task(BashOperator): delete_entry>, create_entry_gcs already registered for DAG: example_complex
[2022-12-04T14:08:57.027+0000] {logging_mixin.py:137} INFO - [2022-12-04T14:08:57.027+0000] {taskmixin.py:205} WARNING - Dependency <Task(BashOperator): create_tag>, delete_tag already registered for DAG: example_complex
[2022-12-04T14:08:57.028+0000] {logging_mixin.py:137} INFO - [2022-12-04T14:08:57.028+0000] {taskmixin.py:205} WARNING - Dependency <Task(BashOperator): delete_tag>, create_tag already registered for DAG: example_complex
[2022-12-04T14:08:57.033+0000] {processor.py:766} INFO - DAG(s) dict_keys(['example_complex']) retrieved from /home/airflow/.local/lib/python3.7/site-packages/airflow/example_dags/example_complex.py
[2022-12-04T14:08:57.062+0000] {logging_mixin.py:137} INFO - [2022-12-04T14:08:57.062+0000] {dag.py:2585} INFO - Sync 1 DAGs
[2022-12-04T14:08:57.080+0000] {logging_mixin.py:137} INFO - [2022-12-04T14:08:57.080+0000] {dag.py:3340} INFO - Setting next_dagrun for example_complex to None, run_after=None
[2022-12-04T14:08:57.093+0000] {processor.py:176} INFO - Processing /home/airflow/.local/lib/python3.7/site-packages/airflow/example_dags/example_complex.py took 0.083 seconds
[2022-12-04T15:33:47.749+0000] {processor.py:154} INFO - Started process (PID=15550) to work on /home/airflow/.local/lib/python3.7/site-packages/airflow/example_dags/example_complex.py
[2022-12-04T15:33:47.752+0000] {processor.py:756} INFO - Processing file /home/airflow/.local/lib/python3.7/site-packages/airflow/example_dags/example_complex.py for tasks to queue
[2022-12-04T15:33:47.758+0000] {logging_mixin.py:137} INFO - [2022-12-04T15:33:47.758+0000] {dagbag.py:537} INFO - Filling up the DagBag from /home/airflow/.local/lib/python3.7/site-packages/airflow/example_dags/example_complex.py
[2022-12-04T15:33:47.767+0000] {logging_mixin.py:137} INFO - [2022-12-04T15:33:47.767+0000] {taskmixin.py:205} WARNING - Dependency <Task(BashOperator): create_entry_group>, delete_entry_group already registered for DAG: example_complex
[2022-12-04T15:33:47.769+0000] {logging_mixin.py:137} INFO - [2022-12-04T15:33:47.768+0000] {taskmixin.py:205} WARNING - Dependency <Task(BashOperator): delete_entry_group>, create_entry_group already registered for DAG: example_complex
[2022-12-04T15:33:47.771+0000] {logging_mixin.py:137} INFO - [2022-12-04T15:33:47.771+0000] {taskmixin.py:205} WARNING - Dependency <Task(BashOperator): create_entry_gcs>, delete_entry already registered for DAG: example_complex
[2022-12-04T15:33:47.775+0000] {logging_mixin.py:137} INFO - [2022-12-04T15:33:47.775+0000] {taskmixin.py:205} WARNING - Dependency <Task(BashOperator): delete_entry>, create_entry_gcs already registered for DAG: example_complex
[2022-12-04T15:33:47.776+0000] {logging_mixin.py:137} INFO - [2022-12-04T15:33:47.776+0000] {taskmixin.py:205} WARNING - Dependency <Task(BashOperator): create_tag>, delete_tag already registered for DAG: example_complex
[2022-12-04T15:33:47.777+0000] {logging_mixin.py:137} INFO - [2022-12-04T15:33:47.777+0000] {taskmixin.py:205} WARNING - Dependency <Task(BashOperator): delete_tag>, create_tag already registered for DAG: example_complex
[2022-12-04T15:33:47.783+0000] {processor.py:766} INFO - DAG(s) dict_keys(['example_complex']) retrieved from /home/airflow/.local/lib/python3.7/site-packages/airflow/example_dags/example_complex.py
[2022-12-04T15:33:47.817+0000] {logging_mixin.py:137} INFO - [2022-12-04T15:33:47.817+0000] {dag.py:2585} INFO - Sync 1 DAGs
[2022-12-04T15:33:47.839+0000] {logging_mixin.py:137} INFO - [2022-12-04T15:33:47.839+0000] {dag.py:3340} INFO - Setting next_dagrun for example_complex to None, run_after=None
[2022-12-04T15:33:47.860+0000] {processor.py:176} INFO - Processing /home/airflow/.local/lib/python3.7/site-packages/airflow/example_dags/example_complex.py took 0.115 seconds
[2022-12-04T16:56:20.448+0000] {processor.py:154} INFO - Started process (PID=15618) to work on /home/airflow/.local/lib/python3.7/site-packages/airflow/example_dags/example_complex.py
[2022-12-04T16:56:20.449+0000] {processor.py:756} INFO - Processing file /home/airflow/.local/lib/python3.7/site-packages/airflow/example_dags/example_complex.py for tasks to queue
[2022-12-04T16:56:20.450+0000] {logging_mixin.py:137} INFO - [2022-12-04T16:56:20.450+0000] {dagbag.py:537} INFO - Filling up the DagBag from /home/airflow/.local/lib/python3.7/site-packages/airflow/example_dags/example_complex.py
[2022-12-04T16:56:20.457+0000] {logging_mixin.py:137} INFO - [2022-12-04T16:56:20.457+0000] {taskmixin.py:205} WARNING - Dependency <Task(BashOperator): create_entry_group>, delete_entry_group already registered for DAG: example_complex
[2022-12-04T16:56:20.458+0000] {logging_mixin.py:137} INFO - [2022-12-04T16:56:20.458+0000] {taskmixin.py:205} WARNING - Dependency <Task(BashOperator): delete_entry_group>, create_entry_group already registered for DAG: example_complex
[2022-12-04T16:56:20.459+0000] {logging_mixin.py:137} INFO - [2022-12-04T16:56:20.459+0000] {taskmixin.py:205} WARNING - Dependency <Task(BashOperator): create_entry_gcs>, delete_entry already registered for DAG: example_complex
[2022-12-04T16:56:20.460+0000] {logging_mixin.py:137} INFO - [2022-12-04T16:56:20.460+0000] {taskmixin.py:205} WARNING - Dependency <Task(BashOperator): delete_entry>, create_entry_gcs already registered for DAG: example_complex
[2022-12-04T16:56:20.461+0000] {logging_mixin.py:137} INFO - [2022-12-04T16:56:20.461+0000] {taskmixin.py:205} WARNING - Dependency <Task(BashOperator): create_tag>, delete_tag already registered for DAG: example_complex
[2022-12-04T16:56:20.462+0000] {logging_mixin.py:137} INFO - [2022-12-04T16:56:20.462+0000] {taskmixin.py:205} WARNING - Dependency <Task(BashOperator): delete_tag>, create_tag already registered for DAG: example_complex
[2022-12-04T16:56:20.468+0000] {processor.py:766} INFO - DAG(s) dict_keys(['example_complex']) retrieved from /home/airflow/.local/lib/python3.7/site-packages/airflow/example_dags/example_complex.py
[2022-12-04T16:56:20.499+0000] {logging_mixin.py:137} INFO - [2022-12-04T16:56:20.499+0000] {dag.py:2585} INFO - Sync 1 DAGs
[2022-12-04T16:56:20.517+0000] {logging_mixin.py:137} INFO - [2022-12-04T16:56:20.517+0000] {dag.py:3340} INFO - Setting next_dagrun for example_complex to None, run_after=None
[2022-12-04T16:56:20.530+0000] {processor.py:176} INFO - Processing /home/airflow/.local/lib/python3.7/site-packages/airflow/example_dags/example_complex.py took 0.084 seconds
[2022-12-04T18:19:32.397+0000] {processor.py:154} INFO - Started process (PID=15676) to work on /home/airflow/.local/lib/python3.7/site-packages/airflow/example_dags/example_complex.py
[2022-12-04T18:19:32.401+0000] {processor.py:756} INFO - Processing file /home/airflow/.local/lib/python3.7/site-packages/airflow/example_dags/example_complex.py for tasks to queue
[2022-12-04T18:19:32.403+0000] {logging_mixin.py:137} INFO - [2022-12-04T18:19:32.403+0000] {dagbag.py:537} INFO - Filling up the DagBag from /home/airflow/.local/lib/python3.7/site-packages/airflow/example_dags/example_complex.py
[2022-12-04T18:19:32.414+0000] {logging_mixin.py:137} INFO - [2022-12-04T18:19:32.414+0000] {taskmixin.py:205} WARNING - Dependency <Task(BashOperator): create_entry_group>, delete_entry_group already registered for DAG: example_complex
[2022-12-04T18:19:32.418+0000] {logging_mixin.py:137} INFO - [2022-12-04T18:19:32.418+0000] {taskmixin.py:205} WARNING - Dependency <Task(BashOperator): delete_entry_group>, create_entry_group already registered for DAG: example_complex
[2022-12-04T18:19:32.421+0000] {logging_mixin.py:137} INFO - [2022-12-04T18:19:32.421+0000] {taskmixin.py:205} WARNING - Dependency <Task(BashOperator): create_entry_gcs>, delete_entry already registered for DAG: example_complex
[2022-12-04T18:19:32.423+0000] {logging_mixin.py:137} INFO - [2022-12-04T18:19:32.423+0000] {taskmixin.py:205} WARNING - Dependency <Task(BashOperator): delete_entry>, create_entry_gcs already registered for DAG: example_complex
[2022-12-04T18:19:32.424+0000] {logging_mixin.py:137} INFO - [2022-12-04T18:19:32.424+0000] {taskmixin.py:205} WARNING - Dependency <Task(BashOperator): create_tag>, delete_tag already registered for DAG: example_complex
[2022-12-04T18:19:32.425+0000] {logging_mixin.py:137} INFO - [2022-12-04T18:19:32.425+0000] {taskmixin.py:205} WARNING - Dependency <Task(BashOperator): delete_tag>, create_tag already registered for DAG: example_complex
[2022-12-04T18:19:32.436+0000] {processor.py:766} INFO - DAG(s) dict_keys(['example_complex']) retrieved from /home/airflow/.local/lib/python3.7/site-packages/airflow/example_dags/example_complex.py
[2022-12-04T18:19:32.493+0000] {logging_mixin.py:137} INFO - [2022-12-04T18:19:32.493+0000] {dag.py:2585} INFO - Sync 1 DAGs
[2022-12-04T18:19:32.517+0000] {logging_mixin.py:137} INFO - [2022-12-04T18:19:32.517+0000] {dag.py:3340} INFO - Setting next_dagrun for example_complex to None, run_after=None
[2022-12-04T18:19:32.560+0000] {processor.py:176} INFO - Processing /home/airflow/.local/lib/python3.7/site-packages/airflow/example_dags/example_complex.py took 0.166 seconds
[2022-12-04T19:16:12.989+0000] {processor.py:154} INFO - Started process (PID=15750) to work on /home/airflow/.local/lib/python3.7/site-packages/airflow/example_dags/example_complex.py
[2022-12-04T19:16:12.994+0000] {processor.py:756} INFO - Processing file /home/airflow/.local/lib/python3.7/site-packages/airflow/example_dags/example_complex.py for tasks to queue
[2022-12-04T19:16:12.996+0000] {logging_mixin.py:137} INFO - [2022-12-04T19:16:12.996+0000] {dagbag.py:537} INFO - Filling up the DagBag from /home/airflow/.local/lib/python3.7/site-packages/airflow/example_dags/example_complex.py
[2022-12-04T19:16:13.014+0000] {logging_mixin.py:137} INFO - [2022-12-04T19:16:13.014+0000] {taskmixin.py:205} WARNING - Dependency <Task(BashOperator): create_entry_group>, delete_entry_group already registered for DAG: example_complex
[2022-12-04T19:16:13.017+0000] {logging_mixin.py:137} INFO - [2022-12-04T19:16:13.017+0000] {taskmixin.py:205} WARNING - Dependency <Task(BashOperator): delete_entry_group>, create_entry_group already registered for DAG: example_complex
[2022-12-04T19:16:13.018+0000] {logging_mixin.py:137} INFO - [2022-12-04T19:16:13.018+0000] {taskmixin.py:205} WARNING - Dependency <Task(BashOperator): create_entry_gcs>, delete_entry already registered for DAG: example_complex
[2022-12-04T19:16:13.019+0000] {logging_mixin.py:137} INFO - [2022-12-04T19:16:13.019+0000] {taskmixin.py:205} WARNING - Dependency <Task(BashOperator): delete_entry>, create_entry_gcs already registered for DAG: example_complex
[2022-12-04T19:16:13.020+0000] {logging_mixin.py:137} INFO - [2022-12-04T19:16:13.020+0000] {taskmixin.py:205} WARNING - Dependency <Task(BashOperator): create_tag>, delete_tag already registered for DAG: example_complex
[2022-12-04T19:16:13.022+0000] {logging_mixin.py:137} INFO - [2022-12-04T19:16:13.022+0000] {taskmixin.py:205} WARNING - Dependency <Task(BashOperator): delete_tag>, create_tag already registered for DAG: example_complex
[2022-12-04T19:16:13.030+0000] {processor.py:766} INFO - DAG(s) dict_keys(['example_complex']) retrieved from /home/airflow/.local/lib/python3.7/site-packages/airflow/example_dags/example_complex.py
[2022-12-04T19:16:13.100+0000] {logging_mixin.py:137} INFO - [2022-12-04T19:16:13.100+0000] {dag.py:2585} INFO - Sync 1 DAGs
[2022-12-04T19:16:13.126+0000] {logging_mixin.py:137} INFO - [2022-12-04T19:16:13.126+0000] {dag.py:3340} INFO - Setting next_dagrun for example_complex to None, run_after=None
[2022-12-04T19:16:13.179+0000] {processor.py:176} INFO - Processing /home/airflow/.local/lib/python3.7/site-packages/airflow/example_dags/example_complex.py took 0.194 seconds
[2022-12-04T20:04:51.609+0000] {processor.py:154} INFO - Started process (PID=15818) to work on /home/airflow/.local/lib/python3.7/site-packages/airflow/example_dags/example_complex.py
[2022-12-04T20:04:51.611+0000] {processor.py:756} INFO - Processing file /home/airflow/.local/lib/python3.7/site-packages/airflow/example_dags/example_complex.py for tasks to queue
[2022-12-04T20:04:51.611+0000] {logging_mixin.py:137} INFO - [2022-12-04T20:04:51.611+0000] {dagbag.py:537} INFO - Filling up the DagBag from /home/airflow/.local/lib/python3.7/site-packages/airflow/example_dags/example_complex.py
[2022-12-04T20:04:51.619+0000] {logging_mixin.py:137} INFO - [2022-12-04T20:04:51.619+0000] {taskmixin.py:205} WARNING - Dependency <Task(BashOperator): create_entry_group>, delete_entry_group already registered for DAG: example_complex
[2022-12-04T20:04:51.620+0000] {logging_mixin.py:137} INFO - [2022-12-04T20:04:51.620+0000] {taskmixin.py:205} WARNING - Dependency <Task(BashOperator): delete_entry_group>, create_entry_group already registered for DAG: example_complex
[2022-12-04T20:04:51.621+0000] {logging_mixin.py:137} INFO - [2022-12-04T20:04:51.621+0000] {taskmixin.py:205} WARNING - Dependency <Task(BashOperator): create_entry_gcs>, delete_entry already registered for DAG: example_complex
[2022-12-04T20:04:51.622+0000] {logging_mixin.py:137} INFO - [2022-12-04T20:04:51.622+0000] {taskmixin.py:205} WARNING - Dependency <Task(BashOperator): delete_entry>, create_entry_gcs already registered for DAG: example_complex
[2022-12-04T20:04:51.623+0000] {logging_mixin.py:137} INFO - [2022-12-04T20:04:51.623+0000] {taskmixin.py:205} WARNING - Dependency <Task(BashOperator): create_tag>, delete_tag already registered for DAG: example_complex
[2022-12-04T20:04:51.623+0000] {logging_mixin.py:137} INFO - [2022-12-04T20:04:51.623+0000] {taskmixin.py:205} WARNING - Dependency <Task(BashOperator): delete_tag>, create_tag already registered for DAG: example_complex
[2022-12-04T20:04:51.628+0000] {processor.py:766} INFO - DAG(s) dict_keys(['example_complex']) retrieved from /home/airflow/.local/lib/python3.7/site-packages/airflow/example_dags/example_complex.py
[2022-12-04T20:04:51.657+0000] {logging_mixin.py:137} INFO - [2022-12-04T20:04:51.657+0000] {dag.py:2585} INFO - Sync 1 DAGs
[2022-12-04T20:04:51.673+0000] {logging_mixin.py:137} INFO - [2022-12-04T20:04:51.673+0000] {dag.py:3340} INFO - Setting next_dagrun for example_complex to None, run_after=None
[2022-12-04T20:04:51.685+0000] {processor.py:176} INFO - Processing /home/airflow/.local/lib/python3.7/site-packages/airflow/example_dags/example_complex.py took 0.078 seconds
[2022-12-04T21:26:03.318+0000] {processor.py:154} INFO - Started process (PID=15890) to work on /home/airflow/.local/lib/python3.7/site-packages/airflow/example_dags/example_complex.py
[2022-12-04T21:26:03.320+0000] {processor.py:756} INFO - Processing file /home/airflow/.local/lib/python3.7/site-packages/airflow/example_dags/example_complex.py for tasks to queue
[2022-12-04T21:26:03.321+0000] {logging_mixin.py:137} INFO - [2022-12-04T21:26:03.321+0000] {dagbag.py:537} INFO - Filling up the DagBag from /home/airflow/.local/lib/python3.7/site-packages/airflow/example_dags/example_complex.py
[2022-12-04T21:26:03.328+0000] {logging_mixin.py:137} INFO - [2022-12-04T21:26:03.328+0000] {taskmixin.py:205} WARNING - Dependency <Task(BashOperator): create_entry_group>, delete_entry_group already registered for DAG: example_complex
[2022-12-04T21:26:03.329+0000] {logging_mixin.py:137} INFO - [2022-12-04T21:26:03.329+0000] {taskmixin.py:205} WARNING - Dependency <Task(BashOperator): delete_entry_group>, create_entry_group already registered for DAG: example_complex
[2022-12-04T21:26:03.330+0000] {logging_mixin.py:137} INFO - [2022-12-04T21:26:03.330+0000] {taskmixin.py:205} WARNING - Dependency <Task(BashOperator): create_entry_gcs>, delete_entry already registered for DAG: example_complex
[2022-12-04T21:26:03.332+0000] {logging_mixin.py:137} INFO - [2022-12-04T21:26:03.332+0000] {taskmixin.py:205} WARNING - Dependency <Task(BashOperator): delete_entry>, create_entry_gcs already registered for DAG: example_complex
[2022-12-04T21:26:03.333+0000] {logging_mixin.py:137} INFO - [2022-12-04T21:26:03.332+0000] {taskmixin.py:205} WARNING - Dependency <Task(BashOperator): create_tag>, delete_tag already registered for DAG: example_complex
[2022-12-04T21:26:03.333+0000] {logging_mixin.py:137} INFO - [2022-12-04T21:26:03.333+0000] {taskmixin.py:205} WARNING - Dependency <Task(BashOperator): delete_tag>, create_tag already registered for DAG: example_complex
[2022-12-04T21:26:03.339+0000] {processor.py:766} INFO - DAG(s) dict_keys(['example_complex']) retrieved from /home/airflow/.local/lib/python3.7/site-packages/airflow/example_dags/example_complex.py
[2022-12-04T21:26:03.370+0000] {logging_mixin.py:137} INFO - [2022-12-04T21:26:03.370+0000] {dag.py:2585} INFO - Sync 1 DAGs
[2022-12-04T21:26:03.386+0000] {logging_mixin.py:137} INFO - [2022-12-04T21:26:03.386+0000] {dag.py:3340} INFO - Setting next_dagrun for example_complex to None, run_after=None
[2022-12-04T21:26:03.401+0000] {processor.py:176} INFO - Processing /home/airflow/.local/lib/python3.7/site-packages/airflow/example_dags/example_complex.py took 0.085 seconds
[2022-12-04T22:34:06.467+0000] {processor.py:154} INFO - Started process (PID=15954) to work on /home/airflow/.local/lib/python3.7/site-packages/airflow/example_dags/example_complex.py
[2022-12-04T22:34:06.471+0000] {processor.py:756} INFO - Processing file /home/airflow/.local/lib/python3.7/site-packages/airflow/example_dags/example_complex.py for tasks to queue
[2022-12-04T22:34:06.473+0000] {logging_mixin.py:137} INFO - [2022-12-04T22:34:06.473+0000] {dagbag.py:537} INFO - Filling up the DagBag from /home/airflow/.local/lib/python3.7/site-packages/airflow/example_dags/example_complex.py
[2022-12-04T22:34:06.483+0000] {logging_mixin.py:137} INFO - [2022-12-04T22:34:06.483+0000] {taskmixin.py:205} WARNING - Dependency <Task(BashOperator): create_entry_group>, delete_entry_group already registered for DAG: example_complex
[2022-12-04T22:34:06.485+0000] {logging_mixin.py:137} INFO - [2022-12-04T22:34:06.485+0000] {taskmixin.py:205} WARNING - Dependency <Task(BashOperator): delete_entry_group>, create_entry_group already registered for DAG: example_complex
[2022-12-04T22:34:06.487+0000] {logging_mixin.py:137} INFO - [2022-12-04T22:34:06.486+0000] {taskmixin.py:205} WARNING - Dependency <Task(BashOperator): create_entry_gcs>, delete_entry already registered for DAG: example_complex
[2022-12-04T22:34:06.488+0000] {logging_mixin.py:137} INFO - [2022-12-04T22:34:06.488+0000] {taskmixin.py:205} WARNING - Dependency <Task(BashOperator): delete_entry>, create_entry_gcs already registered for DAG: example_complex
[2022-12-04T22:34:06.489+0000] {logging_mixin.py:137} INFO - [2022-12-04T22:34:06.489+0000] {taskmixin.py:205} WARNING - Dependency <Task(BashOperator): create_tag>, delete_tag already registered for DAG: example_complex
[2022-12-04T22:34:06.491+0000] {logging_mixin.py:137} INFO - [2022-12-04T22:34:06.490+0000] {taskmixin.py:205} WARNING - Dependency <Task(BashOperator): delete_tag>, create_tag already registered for DAG: example_complex
[2022-12-04T22:34:06.497+0000] {processor.py:766} INFO - DAG(s) dict_keys(['example_complex']) retrieved from /home/airflow/.local/lib/python3.7/site-packages/airflow/example_dags/example_complex.py
[2022-12-04T22:34:06.551+0000] {logging_mixin.py:137} INFO - [2022-12-04T22:34:06.551+0000] {dag.py:2585} INFO - Sync 1 DAGs
[2022-12-04T22:34:06.569+0000] {logging_mixin.py:137} INFO - [2022-12-04T22:34:06.569+0000] {dag.py:3340} INFO - Setting next_dagrun for example_complex to None, run_after=None
[2022-12-04T22:34:06.587+0000] {processor.py:176} INFO - Processing /home/airflow/.local/lib/python3.7/site-packages/airflow/example_dags/example_complex.py took 0.123 seconds
[2022-12-04T22:52:28.410+0000] {processor.py:154} INFO - Started process (PID=16010) to work on /home/airflow/.local/lib/python3.7/site-packages/airflow/example_dags/example_complex.py
[2022-12-04T22:52:28.413+0000] {processor.py:756} INFO - Processing file /home/airflow/.local/lib/python3.7/site-packages/airflow/example_dags/example_complex.py for tasks to queue
[2022-12-04T22:52:28.414+0000] {logging_mixin.py:137} INFO - [2022-12-04T22:52:28.414+0000] {dagbag.py:537} INFO - Filling up the DagBag from /home/airflow/.local/lib/python3.7/site-packages/airflow/example_dags/example_complex.py
[2022-12-04T22:52:28.421+0000] {logging_mixin.py:137} INFO - [2022-12-04T22:52:28.421+0000] {taskmixin.py:205} WARNING - Dependency <Task(BashOperator): create_entry_group>, delete_entry_group already registered for DAG: example_complex
[2022-12-04T22:52:28.423+0000] {logging_mixin.py:137} INFO - [2022-12-04T22:52:28.422+0000] {taskmixin.py:205} WARNING - Dependency <Task(BashOperator): delete_entry_group>, create_entry_group already registered for DAG: example_complex
[2022-12-04T22:52:28.424+0000] {logging_mixin.py:137} INFO - [2022-12-04T22:52:28.424+0000] {taskmixin.py:205} WARNING - Dependency <Task(BashOperator): create_entry_gcs>, delete_entry already registered for DAG: example_complex
[2022-12-04T22:52:28.425+0000] {logging_mixin.py:137} INFO - [2022-12-04T22:52:28.424+0000] {taskmixin.py:205} WARNING - Dependency <Task(BashOperator): delete_entry>, create_entry_gcs already registered for DAG: example_complex
[2022-12-04T22:52:28.426+0000] {logging_mixin.py:137} INFO - [2022-12-04T22:52:28.425+0000] {taskmixin.py:205} WARNING - Dependency <Task(BashOperator): create_tag>, delete_tag already registered for DAG: example_complex
[2022-12-04T22:52:28.426+0000] {logging_mixin.py:137} INFO - [2022-12-04T22:52:28.426+0000] {taskmixin.py:205} WARNING - Dependency <Task(BashOperator): delete_tag>, create_tag already registered for DAG: example_complex
[2022-12-04T22:52:28.432+0000] {processor.py:766} INFO - DAG(s) dict_keys(['example_complex']) retrieved from /home/airflow/.local/lib/python3.7/site-packages/airflow/example_dags/example_complex.py
[2022-12-04T22:52:28.462+0000] {logging_mixin.py:137} INFO - [2022-12-04T22:52:28.462+0000] {dag.py:2585} INFO - Sync 1 DAGs
[2022-12-04T22:52:28.477+0000] {logging_mixin.py:137} INFO - [2022-12-04T22:52:28.477+0000] {dag.py:3340} INFO - Setting next_dagrun for example_complex to None, run_after=None
[2022-12-04T22:52:28.490+0000] {processor.py:176} INFO - Processing /home/airflow/.local/lib/python3.7/site-packages/airflow/example_dags/example_complex.py took 0.082 seconds
