[2022-12-04T00:57:33.835+0000] {processor.py:154} INFO - Started process (PID=14887) to work on /home/airflow/.local/lib/python3.7/site-packages/airflow/example_dags/example_latest_only_with_trigger.py
[2022-12-04T00:57:33.837+0000] {processor.py:756} INFO - Processing file /home/airflow/.local/lib/python3.7/site-packages/airflow/example_dags/example_latest_only_with_trigger.py for tasks to queue
[2022-12-04T00:57:33.838+0000] {logging_mixin.py:137} INFO - [2022-12-04T00:57:33.838+0000] {dagbag.py:537} INFO - Filling up the DagBag from /home/airflow/.local/lib/python3.7/site-packages/airflow/example_dags/example_latest_only_with_trigger.py
[2022-12-04T00:57:33.849+0000] {processor.py:766} INFO - DAG(s) dict_keys(['latest_only_with_trigger']) retrieved from /home/airflow/.local/lib/python3.7/site-packages/airflow/example_dags/example_latest_only_with_trigger.py
[2022-12-04T00:57:33.875+0000] {logging_mixin.py:137} INFO - [2022-12-04T00:57:33.875+0000] {dag.py:2585} INFO - Sync 1 DAGs
[2022-12-04T00:57:33.893+0000] {logging_mixin.py:137} INFO - [2022-12-04T00:57:33.893+0000] {dag.py:3340} INFO - Setting next_dagrun for latest_only_with_trigger to 2022-12-03T20:57:33.893288+00:00, run_after=2022-12-04T00:57:33.893288+00:00
[2022-12-04T00:57:33.911+0000] {processor.py:176} INFO - Processing /home/airflow/.local/lib/python3.7/site-packages/airflow/example_dags/example_latest_only_with_trigger.py took 0.078 seconds
[2022-12-04T02:32:54.597+0000] {processor.py:154} INFO - Started process (PID=14955) to work on /home/airflow/.local/lib/python3.7/site-packages/airflow/example_dags/example_latest_only_with_trigger.py
[2022-12-04T02:32:54.603+0000] {processor.py:756} INFO - Processing file /home/airflow/.local/lib/python3.7/site-packages/airflow/example_dags/example_latest_only_with_trigger.py for tasks to queue
[2022-12-04T02:32:54.605+0000] {logging_mixin.py:137} INFO - [2022-12-04T02:32:54.605+0000] {dagbag.py:537} INFO - Filling up the DagBag from /home/airflow/.local/lib/python3.7/site-packages/airflow/example_dags/example_latest_only_with_trigger.py
[2022-12-04T02:32:54.629+0000] {processor.py:766} INFO - DAG(s) dict_keys(['latest_only_with_trigger']) retrieved from /home/airflow/.local/lib/python3.7/site-packages/airflow/example_dags/example_latest_only_with_trigger.py
[2022-12-04T02:32:54.682+0000] {logging_mixin.py:137} INFO - [2022-12-04T02:32:54.682+0000] {dag.py:2585} INFO - Sync 1 DAGs
[2022-12-04T02:32:54.708+0000] {logging_mixin.py:137} INFO - [2022-12-04T02:32:54.708+0000] {dag.py:3340} INFO - Setting next_dagrun for latest_only_with_trigger to 2022-12-03T22:32:54.708101+00:00, run_after=2022-12-04T02:32:54.708101+00:00
[2022-12-04T02:32:54.728+0000] {processor.py:176} INFO - Processing /home/airflow/.local/lib/python3.7/site-packages/airflow/example_dags/example_latest_only_with_trigger.py took 0.139 seconds
[2022-12-04T03:55:41.712+0000] {processor.py:154} INFO - Started process (PID=15023) to work on /home/airflow/.local/lib/python3.7/site-packages/airflow/example_dags/example_latest_only_with_trigger.py
[2022-12-04T03:55:41.714+0000] {processor.py:756} INFO - Processing file /home/airflow/.local/lib/python3.7/site-packages/airflow/example_dags/example_latest_only_with_trigger.py for tasks to queue
[2022-12-04T03:55:41.715+0000] {logging_mixin.py:137} INFO - [2022-12-04T03:55:41.715+0000] {dagbag.py:537} INFO - Filling up the DagBag from /home/airflow/.local/lib/python3.7/site-packages/airflow/example_dags/example_latest_only_with_trigger.py
[2022-12-04T03:55:41.725+0000] {processor.py:766} INFO - DAG(s) dict_keys(['latest_only_with_trigger']) retrieved from /home/airflow/.local/lib/python3.7/site-packages/airflow/example_dags/example_latest_only_with_trigger.py
[2022-12-04T03:55:41.751+0000] {logging_mixin.py:137} INFO - [2022-12-04T03:55:41.751+0000] {dag.py:2585} INFO - Sync 1 DAGs
[2022-12-04T03:55:41.767+0000] {logging_mixin.py:137} INFO - [2022-12-04T03:55:41.767+0000] {dag.py:3340} INFO - Setting next_dagrun for latest_only_with_trigger to 2022-12-03T23:55:41.766929+00:00, run_after=2022-12-04T03:55:41.766929+00:00
[2022-12-04T03:55:41.779+0000] {processor.py:176} INFO - Processing /home/airflow/.local/lib/python3.7/site-packages/airflow/example_dags/example_latest_only_with_trigger.py took 0.068 seconds
[2022-12-04T05:30:17.614+0000] {processor.py:154} INFO - Started process (PID=15091) to work on /home/airflow/.local/lib/python3.7/site-packages/airflow/example_dags/example_latest_only_with_trigger.py
[2022-12-04T05:30:17.615+0000] {processor.py:756} INFO - Processing file /home/airflow/.local/lib/python3.7/site-packages/airflow/example_dags/example_latest_only_with_trigger.py for tasks to queue
[2022-12-04T05:30:17.617+0000] {logging_mixin.py:137} INFO - [2022-12-04T05:30:17.617+0000] {dagbag.py:537} INFO - Filling up the DagBag from /home/airflow/.local/lib/python3.7/site-packages/airflow/example_dags/example_latest_only_with_trigger.py
[2022-12-04T05:30:17.627+0000] {processor.py:766} INFO - DAG(s) dict_keys(['latest_only_with_trigger']) retrieved from /home/airflow/.local/lib/python3.7/site-packages/airflow/example_dags/example_latest_only_with_trigger.py
[2022-12-04T05:30:17.652+0000] {logging_mixin.py:137} INFO - [2022-12-04T05:30:17.652+0000] {dag.py:2585} INFO - Sync 1 DAGs
[2022-12-04T05:30:17.668+0000] {logging_mixin.py:137} INFO - [2022-12-04T05:30:17.668+0000] {dag.py:3340} INFO - Setting next_dagrun for latest_only_with_trigger to 2022-12-04T01:30:17.668375+00:00, run_after=2022-12-04T05:30:17.668375+00:00
[2022-12-04T05:30:17.681+0000] {processor.py:176} INFO - Processing /home/airflow/.local/lib/python3.7/site-packages/airflow/example_dags/example_latest_only_with_trigger.py took 0.069 seconds
[2022-12-04T06:53:37.667+0000] {processor.py:154} INFO - Started process (PID=15147) to work on /home/airflow/.local/lib/python3.7/site-packages/airflow/example_dags/example_latest_only_with_trigger.py
[2022-12-04T06:53:37.668+0000] {processor.py:756} INFO - Processing file /home/airflow/.local/lib/python3.7/site-packages/airflow/example_dags/example_latest_only_with_trigger.py for tasks to queue
[2022-12-04T06:53:37.669+0000] {logging_mixin.py:137} INFO - [2022-12-04T06:53:37.669+0000] {dagbag.py:537} INFO - Filling up the DagBag from /home/airflow/.local/lib/python3.7/site-packages/airflow/example_dags/example_latest_only_with_trigger.py
[2022-12-04T06:53:37.680+0000] {processor.py:766} INFO - DAG(s) dict_keys(['latest_only_with_trigger']) retrieved from /home/airflow/.local/lib/python3.7/site-packages/airflow/example_dags/example_latest_only_with_trigger.py
[2022-12-04T06:53:37.706+0000] {logging_mixin.py:137} INFO - [2022-12-04T06:53:37.706+0000] {dag.py:2585} INFO - Sync 1 DAGs
[2022-12-04T06:53:37.723+0000] {logging_mixin.py:137} INFO - [2022-12-04T06:53:37.723+0000] {dag.py:3340} INFO - Setting next_dagrun for latest_only_with_trigger to 2022-12-04T02:53:37.722930+00:00, run_after=2022-12-04T06:53:37.722930+00:00
[2022-12-04T06:53:37.735+0000] {processor.py:176} INFO - Processing /home/airflow/.local/lib/python3.7/site-packages/airflow/example_dags/example_latest_only_with_trigger.py took 0.071 seconds
[2022-12-04T08:30:44.466+0000] {processor.py:154} INFO - Started process (PID=15214) to work on /home/airflow/.local/lib/python3.7/site-packages/airflow/example_dags/example_latest_only_with_trigger.py
[2022-12-04T08:30:44.468+0000] {processor.py:756} INFO - Processing file /home/airflow/.local/lib/python3.7/site-packages/airflow/example_dags/example_latest_only_with_trigger.py for tasks to queue
[2022-12-04T08:30:44.469+0000] {logging_mixin.py:137} INFO - [2022-12-04T08:30:44.469+0000] {dagbag.py:537} INFO - Filling up the DagBag from /home/airflow/.local/lib/python3.7/site-packages/airflow/example_dags/example_latest_only_with_trigger.py
[2022-12-04T08:30:44.479+0000] {processor.py:766} INFO - DAG(s) dict_keys(['latest_only_with_trigger']) retrieved from /home/airflow/.local/lib/python3.7/site-packages/airflow/example_dags/example_latest_only_with_trigger.py
[2022-12-04T08:30:44.506+0000] {logging_mixin.py:137} INFO - [2022-12-04T08:30:44.506+0000] {dag.py:2585} INFO - Sync 1 DAGs
[2022-12-04T08:30:44.522+0000] {logging_mixin.py:137} INFO - [2022-12-04T08:30:44.522+0000] {dag.py:3340} INFO - Setting next_dagrun for latest_only_with_trigger to 2022-12-04T04:30:44.522175+00:00, run_after=2022-12-04T08:30:44.522175+00:00
[2022-12-04T08:30:44.534+0000] {processor.py:176} INFO - Processing /home/airflow/.local/lib/python3.7/site-packages/airflow/example_dags/example_latest_only_with_trigger.py took 0.070 seconds
[2022-12-04T10:09:29.958+0000] {processor.py:154} INFO - Started process (PID=15281) to work on /home/airflow/.local/lib/python3.7/site-packages/airflow/example_dags/example_latest_only_with_trigger.py
[2022-12-04T10:09:29.960+0000] {processor.py:756} INFO - Processing file /home/airflow/.local/lib/python3.7/site-packages/airflow/example_dags/example_latest_only_with_trigger.py for tasks to queue
[2022-12-04T10:09:29.961+0000] {logging_mixin.py:137} INFO - [2022-12-04T10:09:29.961+0000] {dagbag.py:537} INFO - Filling up the DagBag from /home/airflow/.local/lib/python3.7/site-packages/airflow/example_dags/example_latest_only_with_trigger.py
[2022-12-04T10:09:29.971+0000] {processor.py:766} INFO - DAG(s) dict_keys(['latest_only_with_trigger']) retrieved from /home/airflow/.local/lib/python3.7/site-packages/airflow/example_dags/example_latest_only_with_trigger.py
[2022-12-04T10:09:29.998+0000] {logging_mixin.py:137} INFO - [2022-12-04T10:09:29.998+0000] {dag.py:2585} INFO - Sync 1 DAGs
[2022-12-04T10:09:30.013+0000] {logging_mixin.py:137} INFO - [2022-12-04T10:09:30.013+0000] {dag.py:3340} INFO - Setting next_dagrun for latest_only_with_trigger to 2022-12-04T06:09:30.013267+00:00, run_after=2022-12-04T10:09:30.013267+00:00
[2022-12-04T10:09:30.032+0000] {processor.py:176} INFO - Processing /home/airflow/.local/lib/python3.7/site-packages/airflow/example_dags/example_latest_only_with_trigger.py took 0.076 seconds
[2022-12-04T11:31:35.939+0000] {processor.py:154} INFO - Started process (PID=15345) to work on /home/airflow/.local/lib/python3.7/site-packages/airflow/example_dags/example_latest_only_with_trigger.py
[2022-12-04T11:31:35.942+0000] {processor.py:756} INFO - Processing file /home/airflow/.local/lib/python3.7/site-packages/airflow/example_dags/example_latest_only_with_trigger.py for tasks to queue
[2022-12-04T11:31:35.945+0000] {logging_mixin.py:137} INFO - [2022-12-04T11:31:35.944+0000] {dagbag.py:537} INFO - Filling up the DagBag from /home/airflow/.local/lib/python3.7/site-packages/airflow/example_dags/example_latest_only_with_trigger.py
[2022-12-04T11:31:35.960+0000] {processor.py:766} INFO - DAG(s) dict_keys(['latest_only_with_trigger']) retrieved from /home/airflow/.local/lib/python3.7/site-packages/airflow/example_dags/example_latest_only_with_trigger.py
[2022-12-04T11:31:35.996+0000] {logging_mixin.py:137} INFO - [2022-12-04T11:31:35.996+0000] {dag.py:2585} INFO - Sync 1 DAGs
[2022-12-04T11:31:36.015+0000] {logging_mixin.py:137} INFO - [2022-12-04T11:31:36.015+0000] {dag.py:3340} INFO - Setting next_dagrun for latest_only_with_trigger to 2022-12-04T07:31:36.014967+00:00, run_after=2022-12-04T11:31:36.014967+00:00
[2022-12-04T11:31:36.031+0000] {processor.py:176} INFO - Processing /home/airflow/.local/lib/python3.7/site-packages/airflow/example_dags/example_latest_only_with_trigger.py took 0.094 seconds
[2022-12-04T12:30:15.955+0000] {processor.py:154} INFO - Started process (PID=15419) to work on /home/airflow/.local/lib/python3.7/site-packages/airflow/example_dags/example_latest_only_with_trigger.py
[2022-12-04T12:30:15.959+0000] {processor.py:756} INFO - Processing file /home/airflow/.local/lib/python3.7/site-packages/airflow/example_dags/example_latest_only_with_trigger.py for tasks to queue
[2022-12-04T12:30:15.961+0000] {logging_mixin.py:137} INFO - [2022-12-04T12:30:15.961+0000] {dagbag.py:537} INFO - Filling up the DagBag from /home/airflow/.local/lib/python3.7/site-packages/airflow/example_dags/example_latest_only_with_trigger.py
[2022-12-04T12:30:15.976+0000] {processor.py:766} INFO - DAG(s) dict_keys(['latest_only_with_trigger']) retrieved from /home/airflow/.local/lib/python3.7/site-packages/airflow/example_dags/example_latest_only_with_trigger.py
[2022-12-04T12:30:16.048+0000] {logging_mixin.py:137} INFO - [2022-12-04T12:30:16.048+0000] {dag.py:2585} INFO - Sync 1 DAGs
[2022-12-04T12:30:16.081+0000] {logging_mixin.py:137} INFO - [2022-12-04T12:30:16.081+0000] {dag.py:3340} INFO - Setting next_dagrun for latest_only_with_trigger to 2022-12-04T08:30:16.081544+00:00, run_after=2022-12-04T12:30:16.081544+00:00
[2022-12-04T12:30:16.108+0000] {processor.py:176} INFO - Processing /home/airflow/.local/lib/python3.7/site-packages/airflow/example_dags/example_latest_only_with_trigger.py took 0.157 seconds
[2022-12-04T14:08:56.783+0000] {processor.py:154} INFO - Started process (PID=15475) to work on /home/airflow/.local/lib/python3.7/site-packages/airflow/example_dags/example_latest_only_with_trigger.py
[2022-12-04T14:08:56.785+0000] {processor.py:756} INFO - Processing file /home/airflow/.local/lib/python3.7/site-packages/airflow/example_dags/example_latest_only_with_trigger.py for tasks to queue
[2022-12-04T14:08:56.786+0000] {logging_mixin.py:137} INFO - [2022-12-04T14:08:56.786+0000] {dagbag.py:537} INFO - Filling up the DagBag from /home/airflow/.local/lib/python3.7/site-packages/airflow/example_dags/example_latest_only_with_trigger.py
[2022-12-04T14:08:56.796+0000] {processor.py:766} INFO - DAG(s) dict_keys(['latest_only_with_trigger']) retrieved from /home/airflow/.local/lib/python3.7/site-packages/airflow/example_dags/example_latest_only_with_trigger.py
[2022-12-04T14:08:56.825+0000] {logging_mixin.py:137} INFO - [2022-12-04T14:08:56.825+0000] {dag.py:2585} INFO - Sync 1 DAGs
[2022-12-04T14:08:56.840+0000] {logging_mixin.py:137} INFO - [2022-12-04T14:08:56.839+0000] {dag.py:3340} INFO - Setting next_dagrun for latest_only_with_trigger to 2022-12-04T10:08:56.839785+00:00, run_after=2022-12-04T14:08:56.839785+00:00
[2022-12-04T14:08:56.853+0000] {processor.py:176} INFO - Processing /home/airflow/.local/lib/python3.7/site-packages/airflow/example_dags/example_latest_only_with_trigger.py took 0.072 seconds
[2022-12-04T15:33:47.490+0000] {processor.py:154} INFO - Started process (PID=15545) to work on /home/airflow/.local/lib/python3.7/site-packages/airflow/example_dags/example_latest_only_with_trigger.py
[2022-12-04T15:33:47.498+0000] {processor.py:756} INFO - Processing file /home/airflow/.local/lib/python3.7/site-packages/airflow/example_dags/example_latest_only_with_trigger.py for tasks to queue
[2022-12-04T15:33:47.503+0000] {logging_mixin.py:137} INFO - [2022-12-04T15:33:47.502+0000] {dagbag.py:537} INFO - Filling up the DagBag from /home/airflow/.local/lib/python3.7/site-packages/airflow/example_dags/example_latest_only_with_trigger.py
[2022-12-04T15:33:47.513+0000] {processor.py:766} INFO - DAG(s) dict_keys(['latest_only_with_trigger']) retrieved from /home/airflow/.local/lib/python3.7/site-packages/airflow/example_dags/example_latest_only_with_trigger.py
[2022-12-04T15:33:47.542+0000] {logging_mixin.py:137} INFO - [2022-12-04T15:33:47.542+0000] {dag.py:2585} INFO - Sync 1 DAGs
[2022-12-04T15:33:47.558+0000] {logging_mixin.py:137} INFO - [2022-12-04T15:33:47.558+0000] {dag.py:3340} INFO - Setting next_dagrun for latest_only_with_trigger to 2022-12-04T11:33:47.557868+00:00, run_after=2022-12-04T15:33:47.557868+00:00
[2022-12-04T15:33:47.572+0000] {processor.py:176} INFO - Processing /home/airflow/.local/lib/python3.7/site-packages/airflow/example_dags/example_latest_only_with_trigger.py took 0.084 seconds
[2022-12-04T16:56:20.210+0000] {processor.py:154} INFO - Started process (PID=15613) to work on /home/airflow/.local/lib/python3.7/site-packages/airflow/example_dags/example_latest_only_with_trigger.py
[2022-12-04T16:56:20.212+0000] {processor.py:756} INFO - Processing file /home/airflow/.local/lib/python3.7/site-packages/airflow/example_dags/example_latest_only_with_trigger.py for tasks to queue
[2022-12-04T16:56:20.213+0000] {logging_mixin.py:137} INFO - [2022-12-04T16:56:20.213+0000] {dagbag.py:537} INFO - Filling up the DagBag from /home/airflow/.local/lib/python3.7/site-packages/airflow/example_dags/example_latest_only_with_trigger.py
[2022-12-04T16:56:20.224+0000] {processor.py:766} INFO - DAG(s) dict_keys(['latest_only_with_trigger']) retrieved from /home/airflow/.local/lib/python3.7/site-packages/airflow/example_dags/example_latest_only_with_trigger.py
[2022-12-04T16:56:20.254+0000] {logging_mixin.py:137} INFO - [2022-12-04T16:56:20.254+0000] {dag.py:2585} INFO - Sync 1 DAGs
[2022-12-04T16:56:20.271+0000] {logging_mixin.py:137} INFO - [2022-12-04T16:56:20.270+0000] {dag.py:3340} INFO - Setting next_dagrun for latest_only_with_trigger to 2022-12-04T12:56:20.270836+00:00, run_after=2022-12-04T16:56:20.270836+00:00
[2022-12-04T16:56:20.283+0000] {processor.py:176} INFO - Processing /home/airflow/.local/lib/python3.7/site-packages/airflow/example_dags/example_latest_only_with_trigger.py took 0.075 seconds
[2022-12-04T18:19:31.944+0000] {processor.py:154} INFO - Started process (PID=15671) to work on /home/airflow/.local/lib/python3.7/site-packages/airflow/example_dags/example_latest_only_with_trigger.py
[2022-12-04T18:19:31.948+0000] {processor.py:756} INFO - Processing file /home/airflow/.local/lib/python3.7/site-packages/airflow/example_dags/example_latest_only_with_trigger.py for tasks to queue
[2022-12-04T18:19:31.952+0000] {logging_mixin.py:137} INFO - [2022-12-04T18:19:31.952+0000] {dagbag.py:537} INFO - Filling up the DagBag from /home/airflow/.local/lib/python3.7/site-packages/airflow/example_dags/example_latest_only_with_trigger.py
[2022-12-04T18:19:31.965+0000] {processor.py:766} INFO - DAG(s) dict_keys(['latest_only_with_trigger']) retrieved from /home/airflow/.local/lib/python3.7/site-packages/airflow/example_dags/example_latest_only_with_trigger.py
[2022-12-04T18:19:31.991+0000] {logging_mixin.py:137} INFO - [2022-12-04T18:19:31.991+0000] {dag.py:2585} INFO - Sync 1 DAGs
[2022-12-04T18:19:32.004+0000] {logging_mixin.py:137} INFO - [2022-12-04T18:19:32.004+0000] {dag.py:3340} INFO - Setting next_dagrun for latest_only_with_trigger to 2022-12-04T14:19:32.004517+00:00, run_after=2022-12-04T18:19:32.004517+00:00
[2022-12-04T18:19:32.018+0000] {processor.py:176} INFO - Processing /home/airflow/.local/lib/python3.7/site-packages/airflow/example_dags/example_latest_only_with_trigger.py took 0.076 seconds
[2022-12-04T19:16:12.446+0000] {processor.py:154} INFO - Started process (PID=15745) to work on /home/airflow/.local/lib/python3.7/site-packages/airflow/example_dags/example_latest_only_with_trigger.py
[2022-12-04T19:16:12.450+0000] {processor.py:756} INFO - Processing file /home/airflow/.local/lib/python3.7/site-packages/airflow/example_dags/example_latest_only_with_trigger.py for tasks to queue
[2022-12-04T19:16:12.452+0000] {logging_mixin.py:137} INFO - [2022-12-04T19:16:12.452+0000] {dagbag.py:537} INFO - Filling up the DagBag from /home/airflow/.local/lib/python3.7/site-packages/airflow/example_dags/example_latest_only_with_trigger.py
[2022-12-04T19:16:12.505+0000] {processor.py:766} INFO - DAG(s) dict_keys(['latest_only_with_trigger']) retrieved from /home/airflow/.local/lib/python3.7/site-packages/airflow/example_dags/example_latest_only_with_trigger.py
[2022-12-04T19:16:12.553+0000] {logging_mixin.py:137} INFO - [2022-12-04T19:16:12.553+0000] {dag.py:2585} INFO - Sync 1 DAGs
[2022-12-04T19:16:12.591+0000] {logging_mixin.py:137} INFO - [2022-12-04T19:16:12.591+0000] {dag.py:3340} INFO - Setting next_dagrun for latest_only_with_trigger to 2022-12-04T15:16:12.591021+00:00, run_after=2022-12-04T19:16:12.591021+00:00
[2022-12-04T19:16:12.622+0000] {processor.py:176} INFO - Processing /home/airflow/.local/lib/python3.7/site-packages/airflow/example_dags/example_latest_only_with_trigger.py took 0.183 seconds
[2022-12-04T20:04:51.345+0000] {processor.py:154} INFO - Started process (PID=15813) to work on /home/airflow/.local/lib/python3.7/site-packages/airflow/example_dags/example_latest_only_with_trigger.py
[2022-12-04T20:04:51.347+0000] {processor.py:756} INFO - Processing file /home/airflow/.local/lib/python3.7/site-packages/airflow/example_dags/example_latest_only_with_trigger.py for tasks to queue
[2022-12-04T20:04:51.348+0000] {logging_mixin.py:137} INFO - [2022-12-04T20:04:51.347+0000] {dagbag.py:537} INFO - Filling up the DagBag from /home/airflow/.local/lib/python3.7/site-packages/airflow/example_dags/example_latest_only_with_trigger.py
[2022-12-04T20:04:51.357+0000] {processor.py:766} INFO - DAG(s) dict_keys(['latest_only_with_trigger']) retrieved from /home/airflow/.local/lib/python3.7/site-packages/airflow/example_dags/example_latest_only_with_trigger.py
[2022-12-04T20:04:51.384+0000] {logging_mixin.py:137} INFO - [2022-12-04T20:04:51.384+0000] {dag.py:2585} INFO - Sync 1 DAGs
[2022-12-04T20:04:51.400+0000] {logging_mixin.py:137} INFO - [2022-12-04T20:04:51.400+0000] {dag.py:3340} INFO - Setting next_dagrun for latest_only_with_trigger to 2022-12-04T16:04:51.400682+00:00, run_after=2022-12-04T20:04:51.400682+00:00
[2022-12-04T20:04:51.416+0000] {processor.py:176} INFO - Processing /home/airflow/.local/lib/python3.7/site-packages/airflow/example_dags/example_latest_only_with_trigger.py took 0.073 seconds
[2022-12-04T21:26:03.091+0000] {processor.py:154} INFO - Started process (PID=15885) to work on /home/airflow/.local/lib/python3.7/site-packages/airflow/example_dags/example_latest_only_with_trigger.py
[2022-12-04T21:26:03.093+0000] {processor.py:756} INFO - Processing file /home/airflow/.local/lib/python3.7/site-packages/airflow/example_dags/example_latest_only_with_trigger.py for tasks to queue
[2022-12-04T21:26:03.094+0000] {logging_mixin.py:137} INFO - [2022-12-04T21:26:03.094+0000] {dagbag.py:537} INFO - Filling up the DagBag from /home/airflow/.local/lib/python3.7/site-packages/airflow/example_dags/example_latest_only_with_trigger.py
[2022-12-04T21:26:03.104+0000] {processor.py:766} INFO - DAG(s) dict_keys(['latest_only_with_trigger']) retrieved from /home/airflow/.local/lib/python3.7/site-packages/airflow/example_dags/example_latest_only_with_trigger.py
[2022-12-04T21:26:03.132+0000] {logging_mixin.py:137} INFO - [2022-12-04T21:26:03.132+0000] {dag.py:2585} INFO - Sync 1 DAGs
[2022-12-04T21:26:03.148+0000] {logging_mixin.py:137} INFO - [2022-12-04T21:26:03.148+0000] {dag.py:3340} INFO - Setting next_dagrun for latest_only_with_trigger to 2022-12-04T17:26:03.148121+00:00, run_after=2022-12-04T21:26:03.148121+00:00
[2022-12-04T21:26:03.161+0000] {processor.py:176} INFO - Processing /home/airflow/.local/lib/python3.7/site-packages/airflow/example_dags/example_latest_only_with_trigger.py took 0.072 seconds
[2022-12-04T22:34:06.087+0000] {processor.py:154} INFO - Started process (PID=15949) to work on /home/airflow/.local/lib/python3.7/site-packages/airflow/example_dags/example_latest_only_with_trigger.py
[2022-12-04T22:34:06.089+0000] {processor.py:756} INFO - Processing file /home/airflow/.local/lib/python3.7/site-packages/airflow/example_dags/example_latest_only_with_trigger.py for tasks to queue
[2022-12-04T22:34:06.090+0000] {logging_mixin.py:137} INFO - [2022-12-04T22:34:06.090+0000] {dagbag.py:537} INFO - Filling up the DagBag from /home/airflow/.local/lib/python3.7/site-packages/airflow/example_dags/example_latest_only_with_trigger.py
[2022-12-04T22:34:06.104+0000] {processor.py:766} INFO - DAG(s) dict_keys(['latest_only_with_trigger']) retrieved from /home/airflow/.local/lib/python3.7/site-packages/airflow/example_dags/example_latest_only_with_trigger.py
[2022-12-04T22:34:06.144+0000] {logging_mixin.py:137} INFO - [2022-12-04T22:34:06.143+0000] {dag.py:2585} INFO - Sync 1 DAGs
[2022-12-04T22:34:06.178+0000] {logging_mixin.py:137} INFO - [2022-12-04T22:34:06.178+0000] {dag.py:3340} INFO - Setting next_dagrun for latest_only_with_trigger to 2022-12-04T18:34:06.178599+00:00, run_after=2022-12-04T22:34:06.178599+00:00
[2022-12-04T22:34:06.198+0000] {processor.py:176} INFO - Processing /home/airflow/.local/lib/python3.7/site-packages/airflow/example_dags/example_latest_only_with_trigger.py took 0.115 seconds
[2022-12-04T22:52:28.182+0000] {processor.py:154} INFO - Started process (PID=16005) to work on /home/airflow/.local/lib/python3.7/site-packages/airflow/example_dags/example_latest_only_with_trigger.py
[2022-12-04T22:52:28.184+0000] {processor.py:756} INFO - Processing file /home/airflow/.local/lib/python3.7/site-packages/airflow/example_dags/example_latest_only_with_trigger.py for tasks to queue
[2022-12-04T22:52:28.185+0000] {logging_mixin.py:137} INFO - [2022-12-04T22:52:28.185+0000] {dagbag.py:537} INFO - Filling up the DagBag from /home/airflow/.local/lib/python3.7/site-packages/airflow/example_dags/example_latest_only_with_trigger.py
[2022-12-04T22:52:28.196+0000] {processor.py:766} INFO - DAG(s) dict_keys(['latest_only_with_trigger']) retrieved from /home/airflow/.local/lib/python3.7/site-packages/airflow/example_dags/example_latest_only_with_trigger.py
[2022-12-04T22:52:28.222+0000] {logging_mixin.py:137} INFO - [2022-12-04T22:52:28.222+0000] {dag.py:2585} INFO - Sync 1 DAGs
[2022-12-04T22:52:28.239+0000] {logging_mixin.py:137} INFO - [2022-12-04T22:52:28.239+0000] {dag.py:3340} INFO - Setting next_dagrun for latest_only_with_trigger to 2022-12-04T18:52:28.239174+00:00, run_after=2022-12-04T22:52:28.239174+00:00
[2022-12-04T22:52:28.252+0000] {processor.py:176} INFO - Processing /home/airflow/.local/lib/python3.7/site-packages/airflow/example_dags/example_latest_only_with_trigger.py took 0.072 seconds
