[2022-12-04T00:57:32.688+0000] {processor.py:154} INFO - Started process (PID=14875) to work on /home/airflow/.local/lib/python3.7/site-packages/airflow/example_dags/example_task_group_decorator.py
[2022-12-04T00:57:32.693+0000] {processor.py:756} INFO - Processing file /home/airflow/.local/lib/python3.7/site-packages/airflow/example_dags/example_task_group_decorator.py for tasks to queue
[2022-12-04T00:57:32.704+0000] {logging_mixin.py:137} INFO - [2022-12-04T00:57:32.704+0000] {dagbag.py:537} INFO - Filling up the DagBag from /home/airflow/.local/lib/python3.7/site-packages/airflow/example_dags/example_task_group_decorator.py
[2022-12-04T00:57:32.773+0000] {processor.py:766} INFO - DAG(s) dict_keys(['example_task_group_decorator']) retrieved from /home/airflow/.local/lib/python3.7/site-packages/airflow/example_dags/example_task_group_decorator.py
[2022-12-04T00:57:32.850+0000] {logging_mixin.py:137} INFO - [2022-12-04T00:57:32.850+0000] {dag.py:2585} INFO - Sync 1 DAGs
[2022-12-04T00:57:32.891+0000] {logging_mixin.py:137} INFO - [2022-12-04T00:57:32.891+0000] {dag.py:3340} INFO - Setting next_dagrun for example_task_group_decorator to 2022-12-03T00:57:32.891274+00:00, run_after=2022-12-04T00:57:32.891274+00:00
[2022-12-04T00:57:32.925+0000] {processor.py:176} INFO - Processing /home/airflow/.local/lib/python3.7/site-packages/airflow/example_dags/example_task_group_decorator.py took 0.242 seconds
[2022-12-04T02:32:53.784+0000] {processor.py:154} INFO - Started process (PID=14943) to work on /home/airflow/.local/lib/python3.7/site-packages/airflow/example_dags/example_task_group_decorator.py
[2022-12-04T02:32:53.786+0000] {processor.py:756} INFO - Processing file /home/airflow/.local/lib/python3.7/site-packages/airflow/example_dags/example_task_group_decorator.py for tasks to queue
[2022-12-04T02:32:53.787+0000] {logging_mixin.py:137} INFO - [2022-12-04T02:32:53.787+0000] {dagbag.py:537} INFO - Filling up the DagBag from /home/airflow/.local/lib/python3.7/site-packages/airflow/example_dags/example_task_group_decorator.py
[2022-12-04T02:32:53.804+0000] {processor.py:766} INFO - DAG(s) dict_keys(['example_task_group_decorator']) retrieved from /home/airflow/.local/lib/python3.7/site-packages/airflow/example_dags/example_task_group_decorator.py
[2022-12-04T02:32:53.829+0000] {logging_mixin.py:137} INFO - [2022-12-04T02:32:53.829+0000] {dag.py:2585} INFO - Sync 1 DAGs
[2022-12-04T02:32:53.843+0000] {logging_mixin.py:137} INFO - [2022-12-04T02:32:53.843+0000] {dag.py:3340} INFO - Setting next_dagrun for example_task_group_decorator to 2022-12-03T02:32:53.843730+00:00, run_after=2022-12-04T02:32:53.843730+00:00
[2022-12-04T02:32:53.856+0000] {processor.py:176} INFO - Processing /home/airflow/.local/lib/python3.7/site-packages/airflow/example_dags/example_task_group_decorator.py took 0.074 seconds
[2022-12-04T03:55:40.704+0000] {processor.py:154} INFO - Started process (PID=15011) to work on /home/airflow/.local/lib/python3.7/site-packages/airflow/example_dags/example_task_group_decorator.py
[2022-12-04T03:55:40.706+0000] {processor.py:756} INFO - Processing file /home/airflow/.local/lib/python3.7/site-packages/airflow/example_dags/example_task_group_decorator.py for tasks to queue
[2022-12-04T03:55:40.707+0000] {logging_mixin.py:137} INFO - [2022-12-04T03:55:40.707+0000] {dagbag.py:537} INFO - Filling up the DagBag from /home/airflow/.local/lib/python3.7/site-packages/airflow/example_dags/example_task_group_decorator.py
[2022-12-04T03:55:40.728+0000] {processor.py:766} INFO - DAG(s) dict_keys(['example_task_group_decorator']) retrieved from /home/airflow/.local/lib/python3.7/site-packages/airflow/example_dags/example_task_group_decorator.py
[2022-12-04T03:55:40.755+0000] {logging_mixin.py:137} INFO - [2022-12-04T03:55:40.755+0000] {dag.py:2585} INFO - Sync 1 DAGs
[2022-12-04T03:55:40.769+0000] {logging_mixin.py:137} INFO - [2022-12-04T03:55:40.769+0000] {dag.py:3340} INFO - Setting next_dagrun for example_task_group_decorator to 2022-12-03T03:55:40.769005+00:00, run_after=2022-12-04T03:55:40.769005+00:00
[2022-12-04T03:55:40.781+0000] {processor.py:176} INFO - Processing /home/airflow/.local/lib/python3.7/site-packages/airflow/example_dags/example_task_group_decorator.py took 0.083 seconds
[2022-12-04T05:30:16.643+0000] {processor.py:154} INFO - Started process (PID=15079) to work on /home/airflow/.local/lib/python3.7/site-packages/airflow/example_dags/example_task_group_decorator.py
[2022-12-04T05:30:16.665+0000] {processor.py:756} INFO - Processing file /home/airflow/.local/lib/python3.7/site-packages/airflow/example_dags/example_task_group_decorator.py for tasks to queue
[2022-12-04T05:30:16.673+0000] {logging_mixin.py:137} INFO - [2022-12-04T05:30:16.673+0000] {dagbag.py:537} INFO - Filling up the DagBag from /home/airflow/.local/lib/python3.7/site-packages/airflow/example_dags/example_task_group_decorator.py
[2022-12-04T05:30:16.743+0000] {processor.py:766} INFO - DAG(s) dict_keys(['example_task_group_decorator']) retrieved from /home/airflow/.local/lib/python3.7/site-packages/airflow/example_dags/example_task_group_decorator.py
[2022-12-04T05:30:16.804+0000] {logging_mixin.py:137} INFO - [2022-12-04T05:30:16.803+0000] {dag.py:2585} INFO - Sync 1 DAGs
[2022-12-04T05:30:16.830+0000] {logging_mixin.py:137} INFO - [2022-12-04T05:30:16.829+0000] {dag.py:3340} INFO - Setting next_dagrun for example_task_group_decorator to 2022-12-03T05:30:16.829754+00:00, run_after=2022-12-04T05:30:16.829754+00:00
[2022-12-04T05:30:16.862+0000] {processor.py:176} INFO - Processing /home/airflow/.local/lib/python3.7/site-packages/airflow/example_dags/example_task_group_decorator.py took 0.242 seconds
[2022-12-04T06:53:36.570+0000] {processor.py:154} INFO - Started process (PID=15135) to work on /home/airflow/.local/lib/python3.7/site-packages/airflow/example_dags/example_task_group_decorator.py
[2022-12-04T06:53:36.572+0000] {processor.py:756} INFO - Processing file /home/airflow/.local/lib/python3.7/site-packages/airflow/example_dags/example_task_group_decorator.py for tasks to queue
[2022-12-04T06:53:36.574+0000] {logging_mixin.py:137} INFO - [2022-12-04T06:53:36.574+0000] {dagbag.py:537} INFO - Filling up the DagBag from /home/airflow/.local/lib/python3.7/site-packages/airflow/example_dags/example_task_group_decorator.py
[2022-12-04T06:53:36.598+0000] {processor.py:766} INFO - DAG(s) dict_keys(['example_task_group_decorator']) retrieved from /home/airflow/.local/lib/python3.7/site-packages/airflow/example_dags/example_task_group_decorator.py
[2022-12-04T06:53:36.644+0000] {logging_mixin.py:137} INFO - [2022-12-04T06:53:36.643+0000] {dag.py:2585} INFO - Sync 1 DAGs
[2022-12-04T06:53:36.668+0000] {logging_mixin.py:137} INFO - [2022-12-04T06:53:36.668+0000] {dag.py:3340} INFO - Setting next_dagrun for example_task_group_decorator to 2022-12-03T06:53:36.667961+00:00, run_after=2022-12-04T06:53:36.667961+00:00
[2022-12-04T06:53:36.697+0000] {processor.py:176} INFO - Processing /home/airflow/.local/lib/python3.7/site-packages/airflow/example_dags/example_task_group_decorator.py took 0.131 seconds
[2022-12-04T08:30:43.294+0000] {processor.py:154} INFO - Started process (PID=15202) to work on /home/airflow/.local/lib/python3.7/site-packages/airflow/example_dags/example_task_group_decorator.py
[2022-12-04T08:30:43.301+0000] {processor.py:756} INFO - Processing file /home/airflow/.local/lib/python3.7/site-packages/airflow/example_dags/example_task_group_decorator.py for tasks to queue
[2022-12-04T08:30:43.303+0000] {logging_mixin.py:137} INFO - [2022-12-04T08:30:43.303+0000] {dagbag.py:537} INFO - Filling up the DagBag from /home/airflow/.local/lib/python3.7/site-packages/airflow/example_dags/example_task_group_decorator.py
[2022-12-04T08:30:43.340+0000] {processor.py:766} INFO - DAG(s) dict_keys(['example_task_group_decorator']) retrieved from /home/airflow/.local/lib/python3.7/site-packages/airflow/example_dags/example_task_group_decorator.py
[2022-12-04T08:30:43.395+0000] {logging_mixin.py:137} INFO - [2022-12-04T08:30:43.395+0000] {dag.py:2585} INFO - Sync 1 DAGs
[2022-12-04T08:30:43.425+0000] {logging_mixin.py:137} INFO - [2022-12-04T08:30:43.425+0000] {dag.py:3340} INFO - Setting next_dagrun for example_task_group_decorator to 2022-12-03T08:30:43.424746+00:00, run_after=2022-12-04T08:30:43.424746+00:00
[2022-12-04T08:30:43.452+0000] {processor.py:176} INFO - Processing /home/airflow/.local/lib/python3.7/site-packages/airflow/example_dags/example_task_group_decorator.py took 0.161 seconds
[2022-12-04T10:09:29.083+0000] {processor.py:154} INFO - Started process (PID=15269) to work on /home/airflow/.local/lib/python3.7/site-packages/airflow/example_dags/example_task_group_decorator.py
[2022-12-04T10:09:29.086+0000] {processor.py:756} INFO - Processing file /home/airflow/.local/lib/python3.7/site-packages/airflow/example_dags/example_task_group_decorator.py for tasks to queue
[2022-12-04T10:09:29.087+0000] {logging_mixin.py:137} INFO - [2022-12-04T10:09:29.087+0000] {dagbag.py:537} INFO - Filling up the DagBag from /home/airflow/.local/lib/python3.7/site-packages/airflow/example_dags/example_task_group_decorator.py
[2022-12-04T10:09:29.142+0000] {processor.py:766} INFO - DAG(s) dict_keys(['example_task_group_decorator']) retrieved from /home/airflow/.local/lib/python3.7/site-packages/airflow/example_dags/example_task_group_decorator.py
[2022-12-04T10:09:29.211+0000] {logging_mixin.py:137} INFO - [2022-12-04T10:09:29.211+0000] {dag.py:2585} INFO - Sync 1 DAGs
[2022-12-04T10:09:29.243+0000] {logging_mixin.py:137} INFO - [2022-12-04T10:09:29.243+0000] {dag.py:3340} INFO - Setting next_dagrun for example_task_group_decorator to 2022-12-03T10:09:29.243389+00:00, run_after=2022-12-04T10:09:29.243389+00:00
[2022-12-04T10:09:29.274+0000] {processor.py:176} INFO - Processing /home/airflow/.local/lib/python3.7/site-packages/airflow/example_dags/example_task_group_decorator.py took 0.200 seconds
[2022-12-04T11:31:34.092+0000] {processor.py:154} INFO - Started process (PID=15333) to work on /home/airflow/.local/lib/python3.7/site-packages/airflow/example_dags/example_task_group_decorator.py
[2022-12-04T11:31:34.095+0000] {processor.py:756} INFO - Processing file /home/airflow/.local/lib/python3.7/site-packages/airflow/example_dags/example_task_group_decorator.py for tasks to queue
[2022-12-04T11:31:34.097+0000] {logging_mixin.py:137} INFO - [2022-12-04T11:31:34.097+0000] {dagbag.py:537} INFO - Filling up the DagBag from /home/airflow/.local/lib/python3.7/site-packages/airflow/example_dags/example_task_group_decorator.py
[2022-12-04T11:31:34.139+0000] {processor.py:766} INFO - DAG(s) dict_keys(['example_task_group_decorator']) retrieved from /home/airflow/.local/lib/python3.7/site-packages/airflow/example_dags/example_task_group_decorator.py
[2022-12-04T11:31:34.220+0000] {logging_mixin.py:137} INFO - [2022-12-04T11:31:34.220+0000] {dag.py:2585} INFO - Sync 1 DAGs
[2022-12-04T11:31:34.251+0000] {logging_mixin.py:137} INFO - [2022-12-04T11:31:34.251+0000] {dag.py:3340} INFO - Setting next_dagrun for example_task_group_decorator to 2022-12-03T11:31:34.251513+00:00, run_after=2022-12-04T11:31:34.251513+00:00
[2022-12-04T11:31:34.277+0000] {processor.py:176} INFO - Processing /home/airflow/.local/lib/python3.7/site-packages/airflow/example_dags/example_task_group_decorator.py took 0.189 seconds
[2022-12-04T12:30:13.861+0000] {processor.py:154} INFO - Started process (PID=15392) to work on /home/airflow/.local/lib/python3.7/site-packages/airflow/example_dags/example_task_group_decorator.py
[2022-12-04T12:30:13.870+0000] {processor.py:756} INFO - Processing file /home/airflow/.local/lib/python3.7/site-packages/airflow/example_dags/example_task_group_decorator.py for tasks to queue
[2022-12-04T12:30:13.875+0000] {logging_mixin.py:137} INFO - [2022-12-04T12:30:13.875+0000] {dagbag.py:537} INFO - Filling up the DagBag from /home/airflow/.local/lib/python3.7/site-packages/airflow/example_dags/example_task_group_decorator.py
[2022-12-04T12:30:13.974+0000] {processor.py:766} INFO - DAG(s) dict_keys(['example_task_group_decorator']) retrieved from /home/airflow/.local/lib/python3.7/site-packages/airflow/example_dags/example_task_group_decorator.py
[2022-12-04T12:30:14.097+0000] {logging_mixin.py:137} INFO - [2022-12-04T12:30:14.097+0000] {dag.py:2585} INFO - Sync 1 DAGs
[2022-12-04T12:30:14.147+0000] {logging_mixin.py:137} INFO - [2022-12-04T12:30:14.147+0000] {dag.py:3340} INFO - Setting next_dagrun for example_task_group_decorator to 2022-12-03T12:30:14.147621+00:00, run_after=2022-12-04T12:30:14.147621+00:00
[2022-12-04T12:30:14.176+0000] {processor.py:176} INFO - Processing /home/airflow/.local/lib/python3.7/site-packages/airflow/example_dags/example_task_group_decorator.py took 0.329 seconds
[2022-12-04T14:08:55.768+0000] {processor.py:154} INFO - Started process (PID=15463) to work on /home/airflow/.local/lib/python3.7/site-packages/airflow/example_dags/example_task_group_decorator.py
[2022-12-04T14:08:55.771+0000] {processor.py:756} INFO - Processing file /home/airflow/.local/lib/python3.7/site-packages/airflow/example_dags/example_task_group_decorator.py for tasks to queue
[2022-12-04T14:08:55.772+0000] {logging_mixin.py:137} INFO - [2022-12-04T14:08:55.772+0000] {dagbag.py:537} INFO - Filling up the DagBag from /home/airflow/.local/lib/python3.7/site-packages/airflow/example_dags/example_task_group_decorator.py
[2022-12-04T14:08:55.827+0000] {processor.py:766} INFO - DAG(s) dict_keys(['example_task_group_decorator']) retrieved from /home/airflow/.local/lib/python3.7/site-packages/airflow/example_dags/example_task_group_decorator.py
[2022-12-04T14:08:55.911+0000] {logging_mixin.py:137} INFO - [2022-12-04T14:08:55.911+0000] {dag.py:2585} INFO - Sync 1 DAGs
[2022-12-04T14:08:55.944+0000] {logging_mixin.py:137} INFO - [2022-12-04T14:08:55.944+0000] {dag.py:3340} INFO - Setting next_dagrun for example_task_group_decorator to 2022-12-03T14:08:55.944024+00:00, run_after=2022-12-04T14:08:55.944024+00:00
[2022-12-04T14:08:55.976+0000] {processor.py:176} INFO - Processing /home/airflow/.local/lib/python3.7/site-packages/airflow/example_dags/example_task_group_decorator.py took 0.221 seconds
[2022-12-04T15:33:46.073+0000] {processor.py:154} INFO - Started process (PID=15533) to work on /home/airflow/.local/lib/python3.7/site-packages/airflow/example_dags/example_task_group_decorator.py
[2022-12-04T15:33:46.132+0000] {processor.py:756} INFO - Processing file /home/airflow/.local/lib/python3.7/site-packages/airflow/example_dags/example_task_group_decorator.py for tasks to queue
[2022-12-04T15:33:46.143+0000] {logging_mixin.py:137} INFO - [2022-12-04T15:33:46.142+0000] {dagbag.py:537} INFO - Filling up the DagBag from /home/airflow/.local/lib/python3.7/site-packages/airflow/example_dags/example_task_group_decorator.py
[2022-12-04T15:33:46.228+0000] {processor.py:766} INFO - DAG(s) dict_keys(['example_task_group_decorator']) retrieved from /home/airflow/.local/lib/python3.7/site-packages/airflow/example_dags/example_task_group_decorator.py
[2022-12-04T15:33:46.314+0000] {logging_mixin.py:137} INFO - [2022-12-04T15:33:46.314+0000] {dag.py:2585} INFO - Sync 1 DAGs
[2022-12-04T15:33:46.349+0000] {logging_mixin.py:137} INFO - [2022-12-04T15:33:46.349+0000] {dag.py:3340} INFO - Setting next_dagrun for example_task_group_decorator to 2022-12-03T15:33:46.349446+00:00, run_after=2022-12-04T15:33:46.349446+00:00
[2022-12-04T15:33:46.427+0000] {processor.py:176} INFO - Processing /home/airflow/.local/lib/python3.7/site-packages/airflow/example_dags/example_task_group_decorator.py took 0.377 seconds
[2022-12-04T16:56:18.736+0000] {processor.py:154} INFO - Started process (PID=15601) to work on /home/airflow/.local/lib/python3.7/site-packages/airflow/example_dags/example_task_group_decorator.py
[2022-12-04T16:56:18.739+0000] {processor.py:756} INFO - Processing file /home/airflow/.local/lib/python3.7/site-packages/airflow/example_dags/example_task_group_decorator.py for tasks to queue
[2022-12-04T16:56:18.742+0000] {logging_mixin.py:137} INFO - [2022-12-04T16:56:18.742+0000] {dagbag.py:537} INFO - Filling up the DagBag from /home/airflow/.local/lib/python3.7/site-packages/airflow/example_dags/example_task_group_decorator.py
[2022-12-04T16:56:18.797+0000] {processor.py:766} INFO - DAG(s) dict_keys(['example_task_group_decorator']) retrieved from /home/airflow/.local/lib/python3.7/site-packages/airflow/example_dags/example_task_group_decorator.py
[2022-12-04T16:56:18.876+0000] {logging_mixin.py:137} INFO - [2022-12-04T16:56:18.876+0000] {dag.py:2585} INFO - Sync 1 DAGs
[2022-12-04T16:56:18.917+0000] {logging_mixin.py:137} INFO - [2022-12-04T16:56:18.917+0000] {dag.py:3340} INFO - Setting next_dagrun for example_task_group_decorator to 2022-12-03T16:56:18.916752+00:00, run_after=2022-12-04T16:56:18.916752+00:00
[2022-12-04T16:56:18.945+0000] {processor.py:176} INFO - Processing /home/airflow/.local/lib/python3.7/site-packages/airflow/example_dags/example_task_group_decorator.py took 0.225 seconds
[2022-12-04T18:19:31.217+0000] {processor.py:154} INFO - Started process (PID=15659) to work on /home/airflow/.local/lib/python3.7/site-packages/airflow/example_dags/example_task_group_decorator.py
[2022-12-04T18:19:31.219+0000] {processor.py:756} INFO - Processing file /home/airflow/.local/lib/python3.7/site-packages/airflow/example_dags/example_task_group_decorator.py for tasks to queue
[2022-12-04T18:19:31.220+0000] {logging_mixin.py:137} INFO - [2022-12-04T18:19:31.220+0000] {dagbag.py:537} INFO - Filling up the DagBag from /home/airflow/.local/lib/python3.7/site-packages/airflow/example_dags/example_task_group_decorator.py
[2022-12-04T18:19:31.241+0000] {processor.py:766} INFO - DAG(s) dict_keys(['example_task_group_decorator']) retrieved from /home/airflow/.local/lib/python3.7/site-packages/airflow/example_dags/example_task_group_decorator.py
[2022-12-04T18:19:31.268+0000] {logging_mixin.py:137} INFO - [2022-12-04T18:19:31.268+0000] {dag.py:2585} INFO - Sync 1 DAGs
[2022-12-04T18:19:31.283+0000] {logging_mixin.py:137} INFO - [2022-12-04T18:19:31.282+0000] {dag.py:3340} INFO - Setting next_dagrun for example_task_group_decorator to 2022-12-03T18:19:31.282842+00:00, run_after=2022-12-04T18:19:31.282842+00:00
[2022-12-04T18:19:31.294+0000] {processor.py:176} INFO - Processing /home/airflow/.local/lib/python3.7/site-packages/airflow/example_dags/example_task_group_decorator.py took 0.081 seconds
[2022-12-04T19:16:11.581+0000] {processor.py:154} INFO - Started process (PID=15733) to work on /home/airflow/.local/lib/python3.7/site-packages/airflow/example_dags/example_task_group_decorator.py
[2022-12-04T19:16:11.583+0000] {processor.py:756} INFO - Processing file /home/airflow/.local/lib/python3.7/site-packages/airflow/example_dags/example_task_group_decorator.py for tasks to queue
[2022-12-04T19:16:11.585+0000] {logging_mixin.py:137} INFO - [2022-12-04T19:16:11.585+0000] {dagbag.py:537} INFO - Filling up the DagBag from /home/airflow/.local/lib/python3.7/site-packages/airflow/example_dags/example_task_group_decorator.py
[2022-12-04T19:16:11.607+0000] {processor.py:766} INFO - DAG(s) dict_keys(['example_task_group_decorator']) retrieved from /home/airflow/.local/lib/python3.7/site-packages/airflow/example_dags/example_task_group_decorator.py
[2022-12-04T19:16:11.636+0000] {logging_mixin.py:137} INFO - [2022-12-04T19:16:11.636+0000] {dag.py:2585} INFO - Sync 1 DAGs
[2022-12-04T19:16:11.654+0000] {logging_mixin.py:137} INFO - [2022-12-04T19:16:11.653+0000] {dag.py:3340} INFO - Setting next_dagrun for example_task_group_decorator to 2022-12-03T19:16:11.653778+00:00, run_after=2022-12-04T19:16:11.653778+00:00
[2022-12-04T19:16:11.666+0000] {processor.py:176} INFO - Processing /home/airflow/.local/lib/python3.7/site-packages/airflow/example_dags/example_task_group_decorator.py took 0.090 seconds
[2022-12-04T20:04:50.500+0000] {processor.py:154} INFO - Started process (PID=15801) to work on /home/airflow/.local/lib/python3.7/site-packages/airflow/example_dags/example_task_group_decorator.py
[2022-12-04T20:04:50.504+0000] {processor.py:756} INFO - Processing file /home/airflow/.local/lib/python3.7/site-packages/airflow/example_dags/example_task_group_decorator.py for tasks to queue
[2022-12-04T20:04:50.506+0000] {logging_mixin.py:137} INFO - [2022-12-04T20:04:50.506+0000] {dagbag.py:537} INFO - Filling up the DagBag from /home/airflow/.local/lib/python3.7/site-packages/airflow/example_dags/example_task_group_decorator.py
[2022-12-04T20:04:50.592+0000] {processor.py:766} INFO - DAG(s) dict_keys(['example_task_group_decorator']) retrieved from /home/airflow/.local/lib/python3.7/site-packages/airflow/example_dags/example_task_group_decorator.py
[2022-12-04T20:04:50.667+0000] {logging_mixin.py:137} INFO - [2022-12-04T20:04:50.667+0000] {dag.py:2585} INFO - Sync 1 DAGs
[2022-12-04T20:04:50.695+0000] {logging_mixin.py:137} INFO - [2022-12-04T20:04:50.695+0000] {dag.py:3340} INFO - Setting next_dagrun for example_task_group_decorator to 2022-12-03T20:04:50.694967+00:00, run_after=2022-12-04T20:04:50.694967+00:00
[2022-12-04T20:04:50.711+0000] {processor.py:176} INFO - Processing /home/airflow/.local/lib/python3.7/site-packages/airflow/example_dags/example_task_group_decorator.py took 0.219 seconds
[2022-12-04T21:26:01.829+0000] {processor.py:154} INFO - Started process (PID=15873) to work on /home/airflow/.local/lib/python3.7/site-packages/airflow/example_dags/example_task_group_decorator.py
[2022-12-04T21:26:01.832+0000] {processor.py:756} INFO - Processing file /home/airflow/.local/lib/python3.7/site-packages/airflow/example_dags/example_task_group_decorator.py for tasks to queue
[2022-12-04T21:26:01.835+0000] {logging_mixin.py:137} INFO - [2022-12-04T21:26:01.835+0000] {dagbag.py:537} INFO - Filling up the DagBag from /home/airflow/.local/lib/python3.7/site-packages/airflow/example_dags/example_task_group_decorator.py
[2022-12-04T21:26:01.896+0000] {processor.py:766} INFO - DAG(s) dict_keys(['example_task_group_decorator']) retrieved from /home/airflow/.local/lib/python3.7/site-packages/airflow/example_dags/example_task_group_decorator.py
[2022-12-04T21:26:01.960+0000] {logging_mixin.py:137} INFO - [2022-12-04T21:26:01.960+0000] {dag.py:2585} INFO - Sync 1 DAGs
[2022-12-04T21:26:01.998+0000] {logging_mixin.py:137} INFO - [2022-12-04T21:26:01.998+0000] {dag.py:3340} INFO - Setting next_dagrun for example_task_group_decorator to 2022-12-03T21:26:01.998648+00:00, run_after=2022-12-04T21:26:01.998648+00:00
[2022-12-04T21:26:02.022+0000] {processor.py:176} INFO - Processing /home/airflow/.local/lib/python3.7/site-packages/airflow/example_dags/example_task_group_decorator.py took 0.197 seconds
[2022-12-04T22:34:04.654+0000] {processor.py:154} INFO - Started process (PID=15929) to work on /home/airflow/.local/lib/python3.7/site-packages/airflow/example_dags/example_task_group_decorator.py
[2022-12-04T22:34:04.656+0000] {processor.py:756} INFO - Processing file /home/airflow/.local/lib/python3.7/site-packages/airflow/example_dags/example_task_group_decorator.py for tasks to queue
[2022-12-04T22:34:04.657+0000] {logging_mixin.py:137} INFO - [2022-12-04T22:34:04.657+0000] {dagbag.py:537} INFO - Filling up the DagBag from /home/airflow/.local/lib/python3.7/site-packages/airflow/example_dags/example_task_group_decorator.py
[2022-12-04T22:34:04.678+0000] {processor.py:766} INFO - DAG(s) dict_keys(['example_task_group_decorator']) retrieved from /home/airflow/.local/lib/python3.7/site-packages/airflow/example_dags/example_task_group_decorator.py
[2022-12-04T22:34:04.743+0000] {logging_mixin.py:137} INFO - [2022-12-04T22:34:04.742+0000] {dag.py:2585} INFO - Sync 1 DAGs
[2022-12-04T22:34:04.764+0000] {logging_mixin.py:137} INFO - [2022-12-04T22:34:04.764+0000] {dag.py:3340} INFO - Setting next_dagrun for example_task_group_decorator to 2022-12-03T22:34:04.764121+00:00, run_after=2022-12-04T22:34:04.764121+00:00
[2022-12-04T22:34:04.790+0000] {processor.py:176} INFO - Processing /home/airflow/.local/lib/python3.7/site-packages/airflow/example_dags/example_task_group_decorator.py took 0.139 seconds
[2022-12-04T22:52:26.768+0000] {processor.py:154} INFO - Started process (PID=15993) to work on /home/airflow/.local/lib/python3.7/site-packages/airflow/example_dags/example_task_group_decorator.py
[2022-12-04T22:52:26.770+0000] {processor.py:756} INFO - Processing file /home/airflow/.local/lib/python3.7/site-packages/airflow/example_dags/example_task_group_decorator.py for tasks to queue
[2022-12-04T22:52:26.771+0000] {logging_mixin.py:137} INFO - [2022-12-04T22:52:26.771+0000] {dagbag.py:537} INFO - Filling up the DagBag from /home/airflow/.local/lib/python3.7/site-packages/airflow/example_dags/example_task_group_decorator.py
[2022-12-04T22:52:26.803+0000] {processor.py:766} INFO - DAG(s) dict_keys(['example_task_group_decorator']) retrieved from /home/airflow/.local/lib/python3.7/site-packages/airflow/example_dags/example_task_group_decorator.py
[2022-12-04T22:52:26.838+0000] {logging_mixin.py:137} INFO - [2022-12-04T22:52:26.838+0000] {dag.py:2585} INFO - Sync 1 DAGs
[2022-12-04T22:52:26.855+0000] {logging_mixin.py:137} INFO - [2022-12-04T22:52:26.855+0000] {dag.py:3340} INFO - Setting next_dagrun for example_task_group_decorator to 2022-12-03T22:52:26.855498+00:00, run_after=2022-12-04T22:52:26.855498+00:00
[2022-12-04T22:52:26.872+0000] {processor.py:176} INFO - Processing /home/airflow/.local/lib/python3.7/site-packages/airflow/example_dags/example_task_group_decorator.py took 0.109 seconds
