[2022-12-04T00:57:33.930+0000] {processor.py:154} INFO - Started process (PID=14888) to work on /home/airflow/.local/lib/python3.7/site-packages/airflow/example_dags/example_local_kubernetes_executor.py
[2022-12-04T00:57:33.933+0000] {processor.py:756} INFO - Processing file /home/airflow/.local/lib/python3.7/site-packages/airflow/example_dags/example_local_kubernetes_executor.py for tasks to queue
[2022-12-04T00:57:33.934+0000] {logging_mixin.py:137} INFO - [2022-12-04T00:57:33.934+0000] {dagbag.py:537} INFO - Filling up the DagBag from /home/airflow/.local/lib/python3.7/site-packages/airflow/example_dags/example_local_kubernetes_executor.py
[2022-12-04T00:57:33.952+0000] {processor.py:766} INFO - DAG(s) dict_keys(['example_local_kubernetes_executor']) retrieved from /home/airflow/.local/lib/python3.7/site-packages/airflow/example_dags/example_local_kubernetes_executor.py
[2022-12-04T00:57:33.983+0000] {logging_mixin.py:137} INFO - [2022-12-04T00:57:33.983+0000] {dag.py:2585} INFO - Sync 1 DAGs
[2022-12-04T00:57:34.001+0000] {logging_mixin.py:137} INFO - [2022-12-04T00:57:34.001+0000] {dag.py:3340} INFO - Setting next_dagrun for example_local_kubernetes_executor to None, run_after=None
[2022-12-04T00:57:34.017+0000] {processor.py:176} INFO - Processing /home/airflow/.local/lib/python3.7/site-packages/airflow/example_dags/example_local_kubernetes_executor.py took 0.089 seconds
[2022-12-04T02:32:54.773+0000] {processor.py:154} INFO - Started process (PID=14956) to work on /home/airflow/.local/lib/python3.7/site-packages/airflow/example_dags/example_local_kubernetes_executor.py
[2022-12-04T02:32:54.775+0000] {processor.py:756} INFO - Processing file /home/airflow/.local/lib/python3.7/site-packages/airflow/example_dags/example_local_kubernetes_executor.py for tasks to queue
[2022-12-04T02:32:54.777+0000] {logging_mixin.py:137} INFO - [2022-12-04T02:32:54.777+0000] {dagbag.py:537} INFO - Filling up the DagBag from /home/airflow/.local/lib/python3.7/site-packages/airflow/example_dags/example_local_kubernetes_executor.py
[2022-12-04T02:32:54.808+0000] {processor.py:766} INFO - DAG(s) dict_keys(['example_local_kubernetes_executor']) retrieved from /home/airflow/.local/lib/python3.7/site-packages/airflow/example_dags/example_local_kubernetes_executor.py
[2022-12-04T02:32:54.844+0000] {logging_mixin.py:137} INFO - [2022-12-04T02:32:54.844+0000] {dag.py:2585} INFO - Sync 1 DAGs
[2022-12-04T02:32:54.868+0000] {logging_mixin.py:137} INFO - [2022-12-04T02:32:54.868+0000] {dag.py:3340} INFO - Setting next_dagrun for example_local_kubernetes_executor to None, run_after=None
[2022-12-04T02:32:54.893+0000] {processor.py:176} INFO - Processing /home/airflow/.local/lib/python3.7/site-packages/airflow/example_dags/example_local_kubernetes_executor.py took 0.122 seconds
[2022-12-04T03:55:41.720+0000] {processor.py:154} INFO - Started process (PID=15024) to work on /home/airflow/.local/lib/python3.7/site-packages/airflow/example_dags/example_local_kubernetes_executor.py
[2022-12-04T03:55:41.722+0000] {processor.py:756} INFO - Processing file /home/airflow/.local/lib/python3.7/site-packages/airflow/example_dags/example_local_kubernetes_executor.py for tasks to queue
[2022-12-04T03:55:41.723+0000] {logging_mixin.py:137} INFO - [2022-12-04T03:55:41.723+0000] {dagbag.py:537} INFO - Filling up the DagBag from /home/airflow/.local/lib/python3.7/site-packages/airflow/example_dags/example_local_kubernetes_executor.py
[2022-12-04T03:55:41.738+0000] {processor.py:766} INFO - DAG(s) dict_keys(['example_local_kubernetes_executor']) retrieved from /home/airflow/.local/lib/python3.7/site-packages/airflow/example_dags/example_local_kubernetes_executor.py
[2022-12-04T03:55:41.765+0000] {logging_mixin.py:137} INFO - [2022-12-04T03:55:41.765+0000] {dag.py:2585} INFO - Sync 1 DAGs
[2022-12-04T03:55:41.781+0000] {logging_mixin.py:137} INFO - [2022-12-04T03:55:41.781+0000] {dag.py:3340} INFO - Setting next_dagrun for example_local_kubernetes_executor to None, run_after=None
[2022-12-04T03:55:41.795+0000] {processor.py:176} INFO - Processing /home/airflow/.local/lib/python3.7/site-packages/airflow/example_dags/example_local_kubernetes_executor.py took 0.077 seconds
[2022-12-04T05:30:17.626+0000] {processor.py:154} INFO - Started process (PID=15092) to work on /home/airflow/.local/lib/python3.7/site-packages/airflow/example_dags/example_local_kubernetes_executor.py
[2022-12-04T05:30:17.628+0000] {processor.py:756} INFO - Processing file /home/airflow/.local/lib/python3.7/site-packages/airflow/example_dags/example_local_kubernetes_executor.py for tasks to queue
[2022-12-04T05:30:17.629+0000] {logging_mixin.py:137} INFO - [2022-12-04T05:30:17.629+0000] {dagbag.py:537} INFO - Filling up the DagBag from /home/airflow/.local/lib/python3.7/site-packages/airflow/example_dags/example_local_kubernetes_executor.py
[2022-12-04T05:30:17.644+0000] {processor.py:766} INFO - DAG(s) dict_keys(['example_local_kubernetes_executor']) retrieved from /home/airflow/.local/lib/python3.7/site-packages/airflow/example_dags/example_local_kubernetes_executor.py
[2022-12-04T05:30:17.670+0000] {logging_mixin.py:137} INFO - [2022-12-04T05:30:17.670+0000] {dag.py:2585} INFO - Sync 1 DAGs
[2022-12-04T05:30:17.685+0000] {logging_mixin.py:137} INFO - [2022-12-04T05:30:17.685+0000] {dag.py:3340} INFO - Setting next_dagrun for example_local_kubernetes_executor to None, run_after=None
[2022-12-04T05:30:17.699+0000] {processor.py:176} INFO - Processing /home/airflow/.local/lib/python3.7/site-packages/airflow/example_dags/example_local_kubernetes_executor.py took 0.075 seconds
[2022-12-04T06:53:37.680+0000] {processor.py:154} INFO - Started process (PID=15148) to work on /home/airflow/.local/lib/python3.7/site-packages/airflow/example_dags/example_local_kubernetes_executor.py
[2022-12-04T06:53:37.682+0000] {processor.py:756} INFO - Processing file /home/airflow/.local/lib/python3.7/site-packages/airflow/example_dags/example_local_kubernetes_executor.py for tasks to queue
[2022-12-04T06:53:37.683+0000] {logging_mixin.py:137} INFO - [2022-12-04T06:53:37.683+0000] {dagbag.py:537} INFO - Filling up the DagBag from /home/airflow/.local/lib/python3.7/site-packages/airflow/example_dags/example_local_kubernetes_executor.py
[2022-12-04T06:53:37.698+0000] {processor.py:766} INFO - DAG(s) dict_keys(['example_local_kubernetes_executor']) retrieved from /home/airflow/.local/lib/python3.7/site-packages/airflow/example_dags/example_local_kubernetes_executor.py
[2022-12-04T06:53:37.727+0000] {logging_mixin.py:137} INFO - [2022-12-04T06:53:37.727+0000] {dag.py:2585} INFO - Sync 1 DAGs
[2022-12-04T06:53:37.744+0000] {logging_mixin.py:137} INFO - [2022-12-04T06:53:37.744+0000] {dag.py:3340} INFO - Setting next_dagrun for example_local_kubernetes_executor to None, run_after=None
[2022-12-04T06:53:37.759+0000] {processor.py:176} INFO - Processing /home/airflow/.local/lib/python3.7/site-packages/airflow/example_dags/example_local_kubernetes_executor.py took 0.082 seconds
[2022-12-04T08:30:44.514+0000] {processor.py:154} INFO - Started process (PID=15215) to work on /home/airflow/.local/lib/python3.7/site-packages/airflow/example_dags/example_local_kubernetes_executor.py
[2022-12-04T08:30:44.516+0000] {processor.py:756} INFO - Processing file /home/airflow/.local/lib/python3.7/site-packages/airflow/example_dags/example_local_kubernetes_executor.py for tasks to queue
[2022-12-04T08:30:44.517+0000] {logging_mixin.py:137} INFO - [2022-12-04T08:30:44.517+0000] {dagbag.py:537} INFO - Filling up the DagBag from /home/airflow/.local/lib/python3.7/site-packages/airflow/example_dags/example_local_kubernetes_executor.py
[2022-12-04T08:30:44.532+0000] {processor.py:766} INFO - DAG(s) dict_keys(['example_local_kubernetes_executor']) retrieved from /home/airflow/.local/lib/python3.7/site-packages/airflow/example_dags/example_local_kubernetes_executor.py
[2022-12-04T08:30:44.562+0000] {logging_mixin.py:137} INFO - [2022-12-04T08:30:44.561+0000] {dag.py:2585} INFO - Sync 1 DAGs
[2022-12-04T08:30:44.577+0000] {logging_mixin.py:137} INFO - [2022-12-04T08:30:44.577+0000] {dag.py:3340} INFO - Setting next_dagrun for example_local_kubernetes_executor to None, run_after=None
[2022-12-04T08:30:44.591+0000] {processor.py:176} INFO - Processing /home/airflow/.local/lib/python3.7/site-packages/airflow/example_dags/example_local_kubernetes_executor.py took 0.078 seconds
[2022-12-04T10:09:29.981+0000] {processor.py:154} INFO - Started process (PID=15282) to work on /home/airflow/.local/lib/python3.7/site-packages/airflow/example_dags/example_local_kubernetes_executor.py
[2022-12-04T10:09:29.983+0000] {processor.py:756} INFO - Processing file /home/airflow/.local/lib/python3.7/site-packages/airflow/example_dags/example_local_kubernetes_executor.py for tasks to queue
[2022-12-04T10:09:29.984+0000] {logging_mixin.py:137} INFO - [2022-12-04T10:09:29.984+0000] {dagbag.py:537} INFO - Filling up the DagBag from /home/airflow/.local/lib/python3.7/site-packages/airflow/example_dags/example_local_kubernetes_executor.py
[2022-12-04T10:09:29.998+0000] {processor.py:766} INFO - DAG(s) dict_keys(['example_local_kubernetes_executor']) retrieved from /home/airflow/.local/lib/python3.7/site-packages/airflow/example_dags/example_local_kubernetes_executor.py
[2022-12-04T10:09:30.024+0000] {logging_mixin.py:137} INFO - [2022-12-04T10:09:30.023+0000] {dag.py:2585} INFO - Sync 1 DAGs
[2022-12-04T10:09:30.039+0000] {logging_mixin.py:137} INFO - [2022-12-04T10:09:30.039+0000] {dag.py:3340} INFO - Setting next_dagrun for example_local_kubernetes_executor to None, run_after=None
[2022-12-04T10:09:30.053+0000] {processor.py:176} INFO - Processing /home/airflow/.local/lib/python3.7/site-packages/airflow/example_dags/example_local_kubernetes_executor.py took 0.074 seconds
[2022-12-04T11:31:35.991+0000] {processor.py:154} INFO - Started process (PID=15346) to work on /home/airflow/.local/lib/python3.7/site-packages/airflow/example_dags/example_local_kubernetes_executor.py
[2022-12-04T11:31:35.993+0000] {processor.py:756} INFO - Processing file /home/airflow/.local/lib/python3.7/site-packages/airflow/example_dags/example_local_kubernetes_executor.py for tasks to queue
[2022-12-04T11:31:35.994+0000] {logging_mixin.py:137} INFO - [2022-12-04T11:31:35.994+0000] {dagbag.py:537} INFO - Filling up the DagBag from /home/airflow/.local/lib/python3.7/site-packages/airflow/example_dags/example_local_kubernetes_executor.py
[2022-12-04T11:31:36.011+0000] {processor.py:766} INFO - DAG(s) dict_keys(['example_local_kubernetes_executor']) retrieved from /home/airflow/.local/lib/python3.7/site-packages/airflow/example_dags/example_local_kubernetes_executor.py
[2022-12-04T11:31:36.041+0000] {logging_mixin.py:137} INFO - [2022-12-04T11:31:36.041+0000] {dag.py:2585} INFO - Sync 1 DAGs
[2022-12-04T11:31:36.062+0000] {logging_mixin.py:137} INFO - [2022-12-04T11:31:36.062+0000] {dag.py:3340} INFO - Setting next_dagrun for example_local_kubernetes_executor to None, run_after=None
[2022-12-04T11:31:36.074+0000] {processor.py:176} INFO - Processing /home/airflow/.local/lib/python3.7/site-packages/airflow/example_dags/example_local_kubernetes_executor.py took 0.087 seconds
[2022-12-04T12:30:16.034+0000] {processor.py:154} INFO - Started process (PID=15420) to work on /home/airflow/.local/lib/python3.7/site-packages/airflow/example_dags/example_local_kubernetes_executor.py
[2022-12-04T12:30:16.040+0000] {processor.py:756} INFO - Processing file /home/airflow/.local/lib/python3.7/site-packages/airflow/example_dags/example_local_kubernetes_executor.py for tasks to queue
[2022-12-04T12:30:16.046+0000] {logging_mixin.py:137} INFO - [2022-12-04T12:30:16.046+0000] {dagbag.py:537} INFO - Filling up the DagBag from /home/airflow/.local/lib/python3.7/site-packages/airflow/example_dags/example_local_kubernetes_executor.py
[2022-12-04T12:30:16.068+0000] {processor.py:766} INFO - DAG(s) dict_keys(['example_local_kubernetes_executor']) retrieved from /home/airflow/.local/lib/python3.7/site-packages/airflow/example_dags/example_local_kubernetes_executor.py
[2022-12-04T12:30:16.122+0000] {logging_mixin.py:137} INFO - [2022-12-04T12:30:16.122+0000] {dag.py:2585} INFO - Sync 1 DAGs
[2022-12-04T12:30:16.163+0000] {logging_mixin.py:137} INFO - [2022-12-04T12:30:16.163+0000] {dag.py:3340} INFO - Setting next_dagrun for example_local_kubernetes_executor to None, run_after=None
[2022-12-04T12:30:16.209+0000] {processor.py:176} INFO - Processing /home/airflow/.local/lib/python3.7/site-packages/airflow/example_dags/example_local_kubernetes_executor.py took 0.179 seconds
[2022-12-04T14:08:56.819+0000] {processor.py:154} INFO - Started process (PID=15476) to work on /home/airflow/.local/lib/python3.7/site-packages/airflow/example_dags/example_local_kubernetes_executor.py
[2022-12-04T14:08:56.821+0000] {processor.py:756} INFO - Processing file /home/airflow/.local/lib/python3.7/site-packages/airflow/example_dags/example_local_kubernetes_executor.py for tasks to queue
[2022-12-04T14:08:56.822+0000] {logging_mixin.py:137} INFO - [2022-12-04T14:08:56.822+0000] {dagbag.py:537} INFO - Filling up the DagBag from /home/airflow/.local/lib/python3.7/site-packages/airflow/example_dags/example_local_kubernetes_executor.py
[2022-12-04T14:08:56.837+0000] {processor.py:766} INFO - DAG(s) dict_keys(['example_local_kubernetes_executor']) retrieved from /home/airflow/.local/lib/python3.7/site-packages/airflow/example_dags/example_local_kubernetes_executor.py
[2022-12-04T14:08:56.863+0000] {logging_mixin.py:137} INFO - [2022-12-04T14:08:56.863+0000] {dag.py:2585} INFO - Sync 1 DAGs
[2022-12-04T14:08:56.881+0000] {logging_mixin.py:137} INFO - [2022-12-04T14:08:56.881+0000] {dag.py:3340} INFO - Setting next_dagrun for example_local_kubernetes_executor to None, run_after=None
[2022-12-04T14:08:56.894+0000] {processor.py:176} INFO - Processing /home/airflow/.local/lib/python3.7/site-packages/airflow/example_dags/example_local_kubernetes_executor.py took 0.077 seconds
[2022-12-04T15:33:47.533+0000] {processor.py:154} INFO - Started process (PID=15546) to work on /home/airflow/.local/lib/python3.7/site-packages/airflow/example_dags/example_local_kubernetes_executor.py
[2022-12-04T15:33:47.534+0000] {processor.py:756} INFO - Processing file /home/airflow/.local/lib/python3.7/site-packages/airflow/example_dags/example_local_kubernetes_executor.py for tasks to queue
[2022-12-04T15:33:47.536+0000] {logging_mixin.py:137} INFO - [2022-12-04T15:33:47.536+0000] {dagbag.py:537} INFO - Filling up the DagBag from /home/airflow/.local/lib/python3.7/site-packages/airflow/example_dags/example_local_kubernetes_executor.py
[2022-12-04T15:33:47.550+0000] {processor.py:766} INFO - DAG(s) dict_keys(['example_local_kubernetes_executor']) retrieved from /home/airflow/.local/lib/python3.7/site-packages/airflow/example_dags/example_local_kubernetes_executor.py
[2022-12-04T15:33:47.577+0000] {logging_mixin.py:137} INFO - [2022-12-04T15:33:47.576+0000] {dag.py:2585} INFO - Sync 1 DAGs
[2022-12-04T15:33:47.596+0000] {logging_mixin.py:137} INFO - [2022-12-04T15:33:47.596+0000] {dag.py:3340} INFO - Setting next_dagrun for example_local_kubernetes_executor to None, run_after=None
[2022-12-04T15:33:47.610+0000] {processor.py:176} INFO - Processing /home/airflow/.local/lib/python3.7/site-packages/airflow/example_dags/example_local_kubernetes_executor.py took 0.079 seconds
[2022-12-04T16:56:20.254+0000] {processor.py:154} INFO - Started process (PID=15614) to work on /home/airflow/.local/lib/python3.7/site-packages/airflow/example_dags/example_local_kubernetes_executor.py
[2022-12-04T16:56:20.256+0000] {processor.py:756} INFO - Processing file /home/airflow/.local/lib/python3.7/site-packages/airflow/example_dags/example_local_kubernetes_executor.py for tasks to queue
[2022-12-04T16:56:20.258+0000] {logging_mixin.py:137} INFO - [2022-12-04T16:56:20.257+0000] {dagbag.py:537} INFO - Filling up the DagBag from /home/airflow/.local/lib/python3.7/site-packages/airflow/example_dags/example_local_kubernetes_executor.py
[2022-12-04T16:56:20.271+0000] {processor.py:766} INFO - DAG(s) dict_keys(['example_local_kubernetes_executor']) retrieved from /home/airflow/.local/lib/python3.7/site-packages/airflow/example_dags/example_local_kubernetes_executor.py
[2022-12-04T16:56:20.298+0000] {logging_mixin.py:137} INFO - [2022-12-04T16:56:20.298+0000] {dag.py:2585} INFO - Sync 1 DAGs
[2022-12-04T16:56:20.315+0000] {logging_mixin.py:137} INFO - [2022-12-04T16:56:20.315+0000] {dag.py:3340} INFO - Setting next_dagrun for example_local_kubernetes_executor to None, run_after=None
[2022-12-04T16:56:20.327+0000] {processor.py:176} INFO - Processing /home/airflow/.local/lib/python3.7/site-packages/airflow/example_dags/example_local_kubernetes_executor.py took 0.075 seconds
[2022-12-04T18:19:32.040+0000] {processor.py:154} INFO - Started process (PID=15672) to work on /home/airflow/.local/lib/python3.7/site-packages/airflow/example_dags/example_local_kubernetes_executor.py
[2022-12-04T18:19:32.043+0000] {processor.py:756} INFO - Processing file /home/airflow/.local/lib/python3.7/site-packages/airflow/example_dags/example_local_kubernetes_executor.py for tasks to queue
[2022-12-04T18:19:32.046+0000] {logging_mixin.py:137} INFO - [2022-12-04T18:19:32.046+0000] {dagbag.py:537} INFO - Filling up the DagBag from /home/airflow/.local/lib/python3.7/site-packages/airflow/example_dags/example_local_kubernetes_executor.py
[2022-12-04T18:19:32.064+0000] {processor.py:766} INFO - DAG(s) dict_keys(['example_local_kubernetes_executor']) retrieved from /home/airflow/.local/lib/python3.7/site-packages/airflow/example_dags/example_local_kubernetes_executor.py
[2022-12-04T18:19:32.089+0000] {logging_mixin.py:137} INFO - [2022-12-04T18:19:32.089+0000] {dag.py:2585} INFO - Sync 1 DAGs
[2022-12-04T18:19:32.138+0000] {logging_mixin.py:137} INFO - [2022-12-04T18:19:32.138+0000] {dag.py:3340} INFO - Setting next_dagrun for example_local_kubernetes_executor to None, run_after=None
[2022-12-04T18:19:32.163+0000] {processor.py:176} INFO - Processing /home/airflow/.local/lib/python3.7/site-packages/airflow/example_dags/example_local_kubernetes_executor.py took 0.126 seconds
[2022-12-04T19:16:12.510+0000] {processor.py:154} INFO - Started process (PID=15746) to work on /home/airflow/.local/lib/python3.7/site-packages/airflow/example_dags/example_local_kubernetes_executor.py
[2022-12-04T19:16:12.513+0000] {processor.py:756} INFO - Processing file /home/airflow/.local/lib/python3.7/site-packages/airflow/example_dags/example_local_kubernetes_executor.py for tasks to queue
[2022-12-04T19:16:12.514+0000] {logging_mixin.py:137} INFO - [2022-12-04T19:16:12.514+0000] {dagbag.py:537} INFO - Filling up the DagBag from /home/airflow/.local/lib/python3.7/site-packages/airflow/example_dags/example_local_kubernetes_executor.py
[2022-12-04T19:16:12.553+0000] {processor.py:766} INFO - DAG(s) dict_keys(['example_local_kubernetes_executor']) retrieved from /home/airflow/.local/lib/python3.7/site-packages/airflow/example_dags/example_local_kubernetes_executor.py
[2022-12-04T19:16:12.629+0000] {logging_mixin.py:137} INFO - [2022-12-04T19:16:12.629+0000] {dag.py:2585} INFO - Sync 1 DAGs
[2022-12-04T19:16:12.663+0000] {logging_mixin.py:137} INFO - [2022-12-04T19:16:12.663+0000] {dag.py:3340} INFO - Setting next_dagrun for example_local_kubernetes_executor to None, run_after=None
[2022-12-04T19:16:12.695+0000] {processor.py:176} INFO - Processing /home/airflow/.local/lib/python3.7/site-packages/airflow/example_dags/example_local_kubernetes_executor.py took 0.188 seconds
[2022-12-04T20:04:51.414+0000] {processor.py:154} INFO - Started process (PID=15814) to work on /home/airflow/.local/lib/python3.7/site-packages/airflow/example_dags/example_local_kubernetes_executor.py
[2022-12-04T20:04:51.416+0000] {processor.py:756} INFO - Processing file /home/airflow/.local/lib/python3.7/site-packages/airflow/example_dags/example_local_kubernetes_executor.py for tasks to queue
[2022-12-04T20:04:51.417+0000] {logging_mixin.py:137} INFO - [2022-12-04T20:04:51.417+0000] {dagbag.py:537} INFO - Filling up the DagBag from /home/airflow/.local/lib/python3.7/site-packages/airflow/example_dags/example_local_kubernetes_executor.py
[2022-12-04T20:04:51.433+0000] {processor.py:766} INFO - DAG(s) dict_keys(['example_local_kubernetes_executor']) retrieved from /home/airflow/.local/lib/python3.7/site-packages/airflow/example_dags/example_local_kubernetes_executor.py
[2022-12-04T20:04:51.459+0000] {logging_mixin.py:137} INFO - [2022-12-04T20:04:51.459+0000] {dag.py:2585} INFO - Sync 1 DAGs
[2022-12-04T20:04:51.474+0000] {logging_mixin.py:137} INFO - [2022-12-04T20:04:51.474+0000] {dag.py:3340} INFO - Setting next_dagrun for example_local_kubernetes_executor to None, run_after=None
[2022-12-04T20:04:51.486+0000] {processor.py:176} INFO - Processing /home/airflow/.local/lib/python3.7/site-packages/airflow/example_dags/example_local_kubernetes_executor.py took 0.074 seconds
[2022-12-04T21:26:03.119+0000] {processor.py:154} INFO - Started process (PID=15886) to work on /home/airflow/.local/lib/python3.7/site-packages/airflow/example_dags/example_local_kubernetes_executor.py
[2022-12-04T21:26:03.121+0000] {processor.py:756} INFO - Processing file /home/airflow/.local/lib/python3.7/site-packages/airflow/example_dags/example_local_kubernetes_executor.py for tasks to queue
[2022-12-04T21:26:03.123+0000] {logging_mixin.py:137} INFO - [2022-12-04T21:26:03.123+0000] {dagbag.py:537} INFO - Filling up the DagBag from /home/airflow/.local/lib/python3.7/site-packages/airflow/example_dags/example_local_kubernetes_executor.py
[2022-12-04T21:26:03.138+0000] {processor.py:766} INFO - DAG(s) dict_keys(['example_local_kubernetes_executor']) retrieved from /home/airflow/.local/lib/python3.7/site-packages/airflow/example_dags/example_local_kubernetes_executor.py
[2022-12-04T21:26:03.166+0000] {logging_mixin.py:137} INFO - [2022-12-04T21:26:03.166+0000] {dag.py:2585} INFO - Sync 1 DAGs
[2022-12-04T21:26:03.185+0000] {logging_mixin.py:137} INFO - [2022-12-04T21:26:03.185+0000] {dag.py:3340} INFO - Setting next_dagrun for example_local_kubernetes_executor to None, run_after=None
[2022-12-04T21:26:03.197+0000] {processor.py:176} INFO - Processing /home/airflow/.local/lib/python3.7/site-packages/airflow/example_dags/example_local_kubernetes_executor.py took 0.080 seconds
[2022-12-04T22:34:06.170+0000] {processor.py:154} INFO - Started process (PID=15950) to work on /home/airflow/.local/lib/python3.7/site-packages/airflow/example_dags/example_local_kubernetes_executor.py
[2022-12-04T22:34:06.172+0000] {processor.py:756} INFO - Processing file /home/airflow/.local/lib/python3.7/site-packages/airflow/example_dags/example_local_kubernetes_executor.py for tasks to queue
[2022-12-04T22:34:06.174+0000] {logging_mixin.py:137} INFO - [2022-12-04T22:34:06.174+0000] {dagbag.py:537} INFO - Filling up the DagBag from /home/airflow/.local/lib/python3.7/site-packages/airflow/example_dags/example_local_kubernetes_executor.py
[2022-12-04T22:34:06.196+0000] {processor.py:766} INFO - DAG(s) dict_keys(['example_local_kubernetes_executor']) retrieved from /home/airflow/.local/lib/python3.7/site-packages/airflow/example_dags/example_local_kubernetes_executor.py
[2022-12-04T22:34:06.239+0000] {logging_mixin.py:137} INFO - [2022-12-04T22:34:06.239+0000] {dag.py:2585} INFO - Sync 1 DAGs
[2022-12-04T22:34:06.258+0000] {logging_mixin.py:137} INFO - [2022-12-04T22:34:06.258+0000] {dag.py:3340} INFO - Setting next_dagrun for example_local_kubernetes_executor to None, run_after=None
[2022-12-04T22:34:06.274+0000] {processor.py:176} INFO - Processing /home/airflow/.local/lib/python3.7/site-packages/airflow/example_dags/example_local_kubernetes_executor.py took 0.107 seconds
[2022-12-04T22:52:28.192+0000] {processor.py:154} INFO - Started process (PID=16006) to work on /home/airflow/.local/lib/python3.7/site-packages/airflow/example_dags/example_local_kubernetes_executor.py
[2022-12-04T22:52:28.193+0000] {processor.py:756} INFO - Processing file /home/airflow/.local/lib/python3.7/site-packages/airflow/example_dags/example_local_kubernetes_executor.py for tasks to queue
[2022-12-04T22:52:28.195+0000] {logging_mixin.py:137} INFO - [2022-12-04T22:52:28.195+0000] {dagbag.py:537} INFO - Filling up the DagBag from /home/airflow/.local/lib/python3.7/site-packages/airflow/example_dags/example_local_kubernetes_executor.py
[2022-12-04T22:52:28.210+0000] {processor.py:766} INFO - DAG(s) dict_keys(['example_local_kubernetes_executor']) retrieved from /home/airflow/.local/lib/python3.7/site-packages/airflow/example_dags/example_local_kubernetes_executor.py
[2022-12-04T22:52:28.241+0000] {logging_mixin.py:137} INFO - [2022-12-04T22:52:28.241+0000] {dag.py:2585} INFO - Sync 1 DAGs
[2022-12-04T22:52:28.258+0000] {logging_mixin.py:137} INFO - [2022-12-04T22:52:28.257+0000] {dag.py:3340} INFO - Setting next_dagrun for example_local_kubernetes_executor to None, run_after=None
[2022-12-04T22:52:28.275+0000] {processor.py:176} INFO - Processing /home/airflow/.local/lib/python3.7/site-packages/airflow/example_dags/example_local_kubernetes_executor.py took 0.085 seconds
