[2022-12-04T00:57:34.060+0000] {processor.py:154} INFO - Started process (PID=14891) to work on /home/airflow/.local/lib/python3.7/site-packages/airflow/example_dags/example_datasets.py
[2022-12-04T00:57:34.062+0000] {processor.py:756} INFO - Processing file /home/airflow/.local/lib/python3.7/site-packages/airflow/example_dags/example_datasets.py for tasks to queue
[2022-12-04T00:57:34.063+0000] {logging_mixin.py:137} INFO - [2022-12-04T00:57:34.063+0000] {dagbag.py:537} INFO - Filling up the DagBag from /home/airflow/.local/lib/python3.7/site-packages/airflow/example_dags/example_datasets.py
[2022-12-04T00:57:34.074+0000] {processor.py:766} INFO - DAG(s) dict_keys(['dataset_produces_2', 'dataset_consumes_unknown_never_scheduled', 'dataset_consumes_1_and_2', 'dataset_consumes_1', 'dataset_produces_1', 'dataset_consumes_1_never_scheduled']) retrieved from /home/airflow/.local/lib/python3.7/site-packages/airflow/example_dags/example_datasets.py
[2022-12-04T00:57:34.111+0000] {logging_mixin.py:137} INFO - [2022-12-04T00:57:34.111+0000] {dag.py:2585} INFO - Sync 6 DAGs
[2022-12-04T00:57:34.129+0000] {logging_mixin.py:137} INFO - [2022-12-04T00:57:34.129+0000] {dag.py:3340} INFO - Setting next_dagrun for dataset_consumes_1 to None, run_after=None
[2022-12-04T00:57:34.133+0000] {logging_mixin.py:137} INFO - [2022-12-04T00:57:34.133+0000] {dag.py:3340} INFO - Setting next_dagrun for dataset_consumes_1_and_2 to None, run_after=None
[2022-12-04T00:57:34.135+0000] {logging_mixin.py:137} INFO - [2022-12-04T00:57:34.135+0000] {dag.py:3340} INFO - Setting next_dagrun for dataset_consumes_1_never_scheduled to None, run_after=None
[2022-12-04T00:57:34.136+0000] {logging_mixin.py:137} INFO - [2022-12-04T00:57:34.136+0000] {dag.py:3340} INFO - Setting next_dagrun for dataset_consumes_unknown_never_scheduled to None, run_after=None
[2022-12-04T00:57:34.140+0000] {logging_mixin.py:137} INFO - [2022-12-04T00:57:34.140+0000] {dag.py:3340} INFO - Setting next_dagrun for dataset_produces_1 to 2022-12-03T00:00:00+00:00, run_after=2022-12-04T00:00:00+00:00
[2022-12-04T00:57:34.141+0000] {logging_mixin.py:137} INFO - [2022-12-04T00:57:34.141+0000] {dag.py:3340} INFO - Setting next_dagrun for dataset_produces_2 to None, run_after=None
[2022-12-04T00:57:34.164+0000] {processor.py:176} INFO - Processing /home/airflow/.local/lib/python3.7/site-packages/airflow/example_dags/example_datasets.py took 0.106 seconds
[2022-12-04T02:32:55.131+0000] {processor.py:154} INFO - Started process (PID=14959) to work on /home/airflow/.local/lib/python3.7/site-packages/airflow/example_dags/example_datasets.py
[2022-12-04T02:32:55.137+0000] {processor.py:756} INFO - Processing file /home/airflow/.local/lib/python3.7/site-packages/airflow/example_dags/example_datasets.py for tasks to queue
[2022-12-04T02:32:55.139+0000] {logging_mixin.py:137} INFO - [2022-12-04T02:32:55.139+0000] {dagbag.py:537} INFO - Filling up the DagBag from /home/airflow/.local/lib/python3.7/site-packages/airflow/example_dags/example_datasets.py
[2022-12-04T02:32:55.166+0000] {processor.py:766} INFO - DAG(s) dict_keys(['dataset_consumes_1_never_scheduled', 'dataset_consumes_1_and_2', 'dataset_consumes_1', 'dataset_consumes_unknown_never_scheduled', 'dataset_produces_2', 'dataset_produces_1']) retrieved from /home/airflow/.local/lib/python3.7/site-packages/airflow/example_dags/example_datasets.py
[2022-12-04T02:32:55.231+0000] {logging_mixin.py:137} INFO - [2022-12-04T02:32:55.231+0000] {dag.py:2585} INFO - Sync 6 DAGs
[2022-12-04T02:32:55.273+0000] {logging_mixin.py:137} INFO - [2022-12-04T02:32:55.273+0000] {dag.py:3340} INFO - Setting next_dagrun for dataset_consumes_1 to None, run_after=None
[2022-12-04T02:32:55.279+0000] {logging_mixin.py:137} INFO - [2022-12-04T02:32:55.279+0000] {dag.py:3340} INFO - Setting next_dagrun for dataset_consumes_1_and_2 to None, run_after=None
[2022-12-04T02:32:55.282+0000] {logging_mixin.py:137} INFO - [2022-12-04T02:32:55.282+0000] {dag.py:3340} INFO - Setting next_dagrun for dataset_consumes_1_never_scheduled to None, run_after=None
[2022-12-04T02:32:55.283+0000] {logging_mixin.py:137} INFO - [2022-12-04T02:32:55.283+0000] {dag.py:3340} INFO - Setting next_dagrun for dataset_consumes_unknown_never_scheduled to None, run_after=None
[2022-12-04T02:32:55.288+0000] {logging_mixin.py:137} INFO - [2022-12-04T02:32:55.288+0000] {dag.py:3340} INFO - Setting next_dagrun for dataset_produces_1 to 2022-12-03T00:00:00+00:00, run_after=2022-12-04T00:00:00+00:00
[2022-12-04T02:32:55.290+0000] {logging_mixin.py:137} INFO - [2022-12-04T02:32:55.290+0000] {dag.py:3340} INFO - Setting next_dagrun for dataset_produces_2 to None, run_after=None
[2022-12-04T02:32:55.342+0000] {processor.py:176} INFO - Processing /home/airflow/.local/lib/python3.7/site-packages/airflow/example_dags/example_datasets.py took 0.216 seconds
[2022-12-04T03:55:41.889+0000] {processor.py:154} INFO - Started process (PID=15027) to work on /home/airflow/.local/lib/python3.7/site-packages/airflow/example_dags/example_datasets.py
[2022-12-04T03:55:41.891+0000] {processor.py:756} INFO - Processing file /home/airflow/.local/lib/python3.7/site-packages/airflow/example_dags/example_datasets.py for tasks to queue
[2022-12-04T03:55:41.892+0000] {logging_mixin.py:137} INFO - [2022-12-04T03:55:41.892+0000] {dagbag.py:537} INFO - Filling up the DagBag from /home/airflow/.local/lib/python3.7/site-packages/airflow/example_dags/example_datasets.py
[2022-12-04T03:55:41.903+0000] {processor.py:766} INFO - DAG(s) dict_keys(['dataset_consumes_1_never_scheduled', 'dataset_consumes_unknown_never_scheduled', 'dataset_consumes_1_and_2', 'dataset_consumes_1', 'dataset_produces_2', 'dataset_produces_1']) retrieved from /home/airflow/.local/lib/python3.7/site-packages/airflow/example_dags/example_datasets.py
[2022-12-04T03:55:41.941+0000] {logging_mixin.py:137} INFO - [2022-12-04T03:55:41.941+0000] {dag.py:2585} INFO - Sync 6 DAGs
[2022-12-04T03:55:41.957+0000] {logging_mixin.py:137} INFO - [2022-12-04T03:55:41.957+0000] {dag.py:3340} INFO - Setting next_dagrun for dataset_consumes_1 to None, run_after=None
[2022-12-04T03:55:41.960+0000] {logging_mixin.py:137} INFO - [2022-12-04T03:55:41.960+0000] {dag.py:3340} INFO - Setting next_dagrun for dataset_consumes_1_and_2 to None, run_after=None
[2022-12-04T03:55:41.962+0000] {logging_mixin.py:137} INFO - [2022-12-04T03:55:41.962+0000] {dag.py:3340} INFO - Setting next_dagrun for dataset_consumes_1_never_scheduled to None, run_after=None
[2022-12-04T03:55:41.963+0000] {logging_mixin.py:137} INFO - [2022-12-04T03:55:41.963+0000] {dag.py:3340} INFO - Setting next_dagrun for dataset_consumes_unknown_never_scheduled to None, run_after=None
[2022-12-04T03:55:41.966+0000] {logging_mixin.py:137} INFO - [2022-12-04T03:55:41.966+0000] {dag.py:3340} INFO - Setting next_dagrun for dataset_produces_1 to 2022-12-03T00:00:00+00:00, run_after=2022-12-04T00:00:00+00:00
[2022-12-04T03:55:41.967+0000] {logging_mixin.py:137} INFO - [2022-12-04T03:55:41.967+0000] {dag.py:3340} INFO - Setting next_dagrun for dataset_produces_2 to None, run_after=None
[2022-12-04T03:55:41.984+0000] {processor.py:176} INFO - Processing /home/airflow/.local/lib/python3.7/site-packages/airflow/example_dags/example_datasets.py took 0.098 seconds
[2022-12-04T05:30:17.795+0000] {processor.py:154} INFO - Started process (PID=15095) to work on /home/airflow/.local/lib/python3.7/site-packages/airflow/example_dags/example_datasets.py
[2022-12-04T05:30:17.797+0000] {processor.py:756} INFO - Processing file /home/airflow/.local/lib/python3.7/site-packages/airflow/example_dags/example_datasets.py for tasks to queue
[2022-12-04T05:30:17.798+0000] {logging_mixin.py:137} INFO - [2022-12-04T05:30:17.798+0000] {dagbag.py:537} INFO - Filling up the DagBag from /home/airflow/.local/lib/python3.7/site-packages/airflow/example_dags/example_datasets.py
[2022-12-04T05:30:17.810+0000] {processor.py:766} INFO - DAG(s) dict_keys(['dataset_produces_1', 'dataset_produces_2', 'dataset_consumes_1', 'dataset_consumes_1_and_2', 'dataset_consumes_1_never_scheduled', 'dataset_consumes_unknown_never_scheduled']) retrieved from /home/airflow/.local/lib/python3.7/site-packages/airflow/example_dags/example_datasets.py
[2022-12-04T05:30:17.852+0000] {logging_mixin.py:137} INFO - [2022-12-04T05:30:17.852+0000] {dag.py:2585} INFO - Sync 6 DAGs
[2022-12-04T05:30:17.868+0000] {logging_mixin.py:137} INFO - [2022-12-04T05:30:17.868+0000] {dag.py:3340} INFO - Setting next_dagrun for dataset_consumes_1 to None, run_after=None
[2022-12-04T05:30:17.871+0000] {logging_mixin.py:137} INFO - [2022-12-04T05:30:17.871+0000] {dag.py:3340} INFO - Setting next_dagrun for dataset_consumes_1_and_2 to None, run_after=None
[2022-12-04T05:30:17.873+0000] {logging_mixin.py:137} INFO - [2022-12-04T05:30:17.873+0000] {dag.py:3340} INFO - Setting next_dagrun for dataset_consumes_1_never_scheduled to None, run_after=None
[2022-12-04T05:30:17.874+0000] {logging_mixin.py:137} INFO - [2022-12-04T05:30:17.874+0000] {dag.py:3340} INFO - Setting next_dagrun for dataset_consumes_unknown_never_scheduled to None, run_after=None
[2022-12-04T05:30:17.877+0000] {logging_mixin.py:137} INFO - [2022-12-04T05:30:17.877+0000] {dag.py:3340} INFO - Setting next_dagrun for dataset_produces_1 to 2022-12-03T00:00:00+00:00, run_after=2022-12-04T00:00:00+00:00
[2022-12-04T05:30:17.878+0000] {logging_mixin.py:137} INFO - [2022-12-04T05:30:17.878+0000] {dag.py:3340} INFO - Setting next_dagrun for dataset_produces_2 to None, run_after=None
[2022-12-04T05:30:17.895+0000] {processor.py:176} INFO - Processing /home/airflow/.local/lib/python3.7/site-packages/airflow/example_dags/example_datasets.py took 0.101 seconds
[2022-12-04T06:53:37.869+0000] {processor.py:154} INFO - Started process (PID=15151) to work on /home/airflow/.local/lib/python3.7/site-packages/airflow/example_dags/example_datasets.py
[2022-12-04T06:53:37.871+0000] {processor.py:756} INFO - Processing file /home/airflow/.local/lib/python3.7/site-packages/airflow/example_dags/example_datasets.py for tasks to queue
[2022-12-04T06:53:37.872+0000] {logging_mixin.py:137} INFO - [2022-12-04T06:53:37.872+0000] {dagbag.py:537} INFO - Filling up the DagBag from /home/airflow/.local/lib/python3.7/site-packages/airflow/example_dags/example_datasets.py
[2022-12-04T06:53:37.885+0000] {processor.py:766} INFO - DAG(s) dict_keys(['dataset_consumes_1_and_2', 'dataset_consumes_unknown_never_scheduled', 'dataset_consumes_1_never_scheduled', 'dataset_consumes_1', 'dataset_produces_2', 'dataset_produces_1']) retrieved from /home/airflow/.local/lib/python3.7/site-packages/airflow/example_dags/example_datasets.py
[2022-12-04T06:53:37.920+0000] {logging_mixin.py:137} INFO - [2022-12-04T06:53:37.920+0000] {dag.py:2585} INFO - Sync 6 DAGs
[2022-12-04T06:53:37.936+0000] {logging_mixin.py:137} INFO - [2022-12-04T06:53:37.936+0000] {dag.py:3340} INFO - Setting next_dagrun for dataset_consumes_1 to None, run_after=None
[2022-12-04T06:53:37.940+0000] {logging_mixin.py:137} INFO - [2022-12-04T06:53:37.939+0000] {dag.py:3340} INFO - Setting next_dagrun for dataset_consumes_1_and_2 to None, run_after=None
[2022-12-04T06:53:37.942+0000] {logging_mixin.py:137} INFO - [2022-12-04T06:53:37.942+0000] {dag.py:3340} INFO - Setting next_dagrun for dataset_consumes_1_never_scheduled to None, run_after=None
[2022-12-04T06:53:37.943+0000] {logging_mixin.py:137} INFO - [2022-12-04T06:53:37.943+0000] {dag.py:3340} INFO - Setting next_dagrun for dataset_consumes_unknown_never_scheduled to None, run_after=None
[2022-12-04T06:53:37.946+0000] {logging_mixin.py:137} INFO - [2022-12-04T06:53:37.946+0000] {dag.py:3340} INFO - Setting next_dagrun for dataset_produces_1 to 2022-12-03T00:00:00+00:00, run_after=2022-12-04T00:00:00+00:00
[2022-12-04T06:53:37.949+0000] {logging_mixin.py:137} INFO - [2022-12-04T06:53:37.949+0000] {dag.py:3340} INFO - Setting next_dagrun for dataset_produces_2 to None, run_after=None
[2022-12-04T06:53:37.964+0000] {processor.py:176} INFO - Processing /home/airflow/.local/lib/python3.7/site-packages/airflow/example_dags/example_datasets.py took 0.098 seconds
[2022-12-04T08:30:44.647+0000] {processor.py:154} INFO - Started process (PID=15218) to work on /home/airflow/.local/lib/python3.7/site-packages/airflow/example_dags/example_datasets.py
[2022-12-04T08:30:44.649+0000] {processor.py:756} INFO - Processing file /home/airflow/.local/lib/python3.7/site-packages/airflow/example_dags/example_datasets.py for tasks to queue
[2022-12-04T08:30:44.650+0000] {logging_mixin.py:137} INFO - [2022-12-04T08:30:44.650+0000] {dagbag.py:537} INFO - Filling up the DagBag from /home/airflow/.local/lib/python3.7/site-packages/airflow/example_dags/example_datasets.py
[2022-12-04T08:30:44.661+0000] {processor.py:766} INFO - DAG(s) dict_keys(['dataset_consumes_1', 'dataset_produces_1', 'dataset_consumes_1_never_scheduled', 'dataset_consumes_1_and_2', 'dataset_consumes_unknown_never_scheduled', 'dataset_produces_2']) retrieved from /home/airflow/.local/lib/python3.7/site-packages/airflow/example_dags/example_datasets.py
[2022-12-04T08:30:44.695+0000] {logging_mixin.py:137} INFO - [2022-12-04T08:30:44.695+0000] {dag.py:2585} INFO - Sync 6 DAGs
[2022-12-04T08:30:44.711+0000] {logging_mixin.py:137} INFO - [2022-12-04T08:30:44.711+0000] {dag.py:3340} INFO - Setting next_dagrun for dataset_consumes_1 to None, run_after=None
[2022-12-04T08:30:44.716+0000] {logging_mixin.py:137} INFO - [2022-12-04T08:30:44.715+0000] {dag.py:3340} INFO - Setting next_dagrun for dataset_consumes_1_and_2 to None, run_after=None
[2022-12-04T08:30:44.717+0000] {logging_mixin.py:137} INFO - [2022-12-04T08:30:44.717+0000] {dag.py:3340} INFO - Setting next_dagrun for dataset_consumes_1_never_scheduled to None, run_after=None
[2022-12-04T08:30:44.719+0000] {logging_mixin.py:137} INFO - [2022-12-04T08:30:44.719+0000] {dag.py:3340} INFO - Setting next_dagrun for dataset_consumes_unknown_never_scheduled to None, run_after=None
[2022-12-04T08:30:44.721+0000] {logging_mixin.py:137} INFO - [2022-12-04T08:30:44.721+0000] {dag.py:3340} INFO - Setting next_dagrun for dataset_produces_1 to 2022-12-03T00:00:00+00:00, run_after=2022-12-04T00:00:00+00:00
[2022-12-04T08:30:44.722+0000] {logging_mixin.py:137} INFO - [2022-12-04T08:30:44.722+0000] {dag.py:3340} INFO - Setting next_dagrun for dataset_produces_2 to None, run_after=None
[2022-12-04T08:30:44.738+0000] {processor.py:176} INFO - Processing /home/airflow/.local/lib/python3.7/site-packages/airflow/example_dags/example_datasets.py took 0.093 seconds
[2022-12-04T10:09:30.142+0000] {processor.py:154} INFO - Started process (PID=15285) to work on /home/airflow/.local/lib/python3.7/site-packages/airflow/example_dags/example_datasets.py
[2022-12-04T10:09:30.144+0000] {processor.py:756} INFO - Processing file /home/airflow/.local/lib/python3.7/site-packages/airflow/example_dags/example_datasets.py for tasks to queue
[2022-12-04T10:09:30.145+0000] {logging_mixin.py:137} INFO - [2022-12-04T10:09:30.145+0000] {dagbag.py:537} INFO - Filling up the DagBag from /home/airflow/.local/lib/python3.7/site-packages/airflow/example_dags/example_datasets.py
[2022-12-04T10:09:30.158+0000] {processor.py:766} INFO - DAG(s) dict_keys(['dataset_produces_2', 'dataset_consumes_unknown_never_scheduled', 'dataset_consumes_1', 'dataset_consumes_1_and_2', 'dataset_consumes_1_never_scheduled', 'dataset_produces_1']) retrieved from /home/airflow/.local/lib/python3.7/site-packages/airflow/example_dags/example_datasets.py
[2022-12-04T10:09:30.199+0000] {logging_mixin.py:137} INFO - [2022-12-04T10:09:30.199+0000] {dag.py:2585} INFO - Sync 6 DAGs
[2022-12-04T10:09:30.219+0000] {logging_mixin.py:137} INFO - [2022-12-04T10:09:30.219+0000] {dag.py:3340} INFO - Setting next_dagrun for dataset_consumes_1 to None, run_after=None
[2022-12-04T10:09:30.223+0000] {logging_mixin.py:137} INFO - [2022-12-04T10:09:30.223+0000] {dag.py:3340} INFO - Setting next_dagrun for dataset_consumes_1_and_2 to None, run_after=None
[2022-12-04T10:09:30.225+0000] {logging_mixin.py:137} INFO - [2022-12-04T10:09:30.225+0000] {dag.py:3340} INFO - Setting next_dagrun for dataset_consumes_1_never_scheduled to None, run_after=None
[2022-12-04T10:09:30.227+0000] {logging_mixin.py:137} INFO - [2022-12-04T10:09:30.227+0000] {dag.py:3340} INFO - Setting next_dagrun for dataset_consumes_unknown_never_scheduled to None, run_after=None
[2022-12-04T10:09:30.230+0000] {logging_mixin.py:137} INFO - [2022-12-04T10:09:30.230+0000] {dag.py:3340} INFO - Setting next_dagrun for dataset_produces_1 to 2022-12-03T00:00:00+00:00, run_after=2022-12-04T00:00:00+00:00
[2022-12-04T10:09:30.232+0000] {logging_mixin.py:137} INFO - [2022-12-04T10:09:30.232+0000] {dag.py:3340} INFO - Setting next_dagrun for dataset_produces_2 to None, run_after=None
[2022-12-04T10:09:30.250+0000] {processor.py:176} INFO - Processing /home/airflow/.local/lib/python3.7/site-packages/airflow/example_dags/example_datasets.py took 0.110 seconds
[2022-12-04T11:31:36.147+0000] {processor.py:154} INFO - Started process (PID=15349) to work on /home/airflow/.local/lib/python3.7/site-packages/airflow/example_dags/example_datasets.py
[2022-12-04T11:31:36.149+0000] {processor.py:756} INFO - Processing file /home/airflow/.local/lib/python3.7/site-packages/airflow/example_dags/example_datasets.py for tasks to queue
[2022-12-04T11:31:36.150+0000] {logging_mixin.py:137} INFO - [2022-12-04T11:31:36.150+0000] {dagbag.py:537} INFO - Filling up the DagBag from /home/airflow/.local/lib/python3.7/site-packages/airflow/example_dags/example_datasets.py
[2022-12-04T11:31:36.164+0000] {processor.py:766} INFO - DAG(s) dict_keys(['dataset_produces_1', 'dataset_consumes_unknown_never_scheduled', 'dataset_consumes_1_and_2', 'dataset_produces_2', 'dataset_consumes_1_never_scheduled', 'dataset_consumes_1']) retrieved from /home/airflow/.local/lib/python3.7/site-packages/airflow/example_dags/example_datasets.py
[2022-12-04T11:31:36.209+0000] {logging_mixin.py:137} INFO - [2022-12-04T11:31:36.209+0000] {dag.py:2585} INFO - Sync 6 DAGs
[2022-12-04T11:31:36.227+0000] {logging_mixin.py:137} INFO - [2022-12-04T11:31:36.227+0000] {dag.py:3340} INFO - Setting next_dagrun for dataset_consumes_1 to None, run_after=None
[2022-12-04T11:31:36.230+0000] {logging_mixin.py:137} INFO - [2022-12-04T11:31:36.230+0000] {dag.py:3340} INFO - Setting next_dagrun for dataset_consumes_1_and_2 to None, run_after=None
[2022-12-04T11:31:36.231+0000] {logging_mixin.py:137} INFO - [2022-12-04T11:31:36.231+0000] {dag.py:3340} INFO - Setting next_dagrun for dataset_consumes_1_never_scheduled to None, run_after=None
[2022-12-04T11:31:36.232+0000] {logging_mixin.py:137} INFO - [2022-12-04T11:31:36.232+0000] {dag.py:3340} INFO - Setting next_dagrun for dataset_consumes_unknown_never_scheduled to None, run_after=None
[2022-12-04T11:31:36.234+0000] {logging_mixin.py:137} INFO - [2022-12-04T11:31:36.234+0000] {dag.py:3340} INFO - Setting next_dagrun for dataset_produces_1 to 2022-12-03T00:00:00+00:00, run_after=2022-12-04T00:00:00+00:00
[2022-12-04T11:31:36.236+0000] {logging_mixin.py:137} INFO - [2022-12-04T11:31:36.236+0000] {dag.py:3340} INFO - Setting next_dagrun for dataset_produces_2 to None, run_after=None
[2022-12-04T11:31:36.253+0000] {processor.py:176} INFO - Processing /home/airflow/.local/lib/python3.7/site-packages/airflow/example_dags/example_datasets.py took 0.109 seconds
[2022-12-04T12:30:16.362+0000] {processor.py:154} INFO - Started process (PID=15423) to work on /home/airflow/.local/lib/python3.7/site-packages/airflow/example_dags/example_datasets.py
[2022-12-04T12:30:16.365+0000] {processor.py:756} INFO - Processing file /home/airflow/.local/lib/python3.7/site-packages/airflow/example_dags/example_datasets.py for tasks to queue
[2022-12-04T12:30:16.367+0000] {logging_mixin.py:137} INFO - [2022-12-04T12:30:16.367+0000] {dagbag.py:537} INFO - Filling up the DagBag from /home/airflow/.local/lib/python3.7/site-packages/airflow/example_dags/example_datasets.py
[2022-12-04T12:30:16.394+0000] {processor.py:766} INFO - DAG(s) dict_keys(['dataset_produces_2', 'dataset_consumes_unknown_never_scheduled', 'dataset_produces_1', 'dataset_consumes_1', 'dataset_consumes_1_and_2', 'dataset_consumes_1_never_scheduled']) retrieved from /home/airflow/.local/lib/python3.7/site-packages/airflow/example_dags/example_datasets.py
[2022-12-04T12:30:16.459+0000] {logging_mixin.py:137} INFO - [2022-12-04T12:30:16.459+0000] {dag.py:2585} INFO - Sync 6 DAGs
[2022-12-04T12:30:16.484+0000] {logging_mixin.py:137} INFO - [2022-12-04T12:30:16.483+0000] {dag.py:3340} INFO - Setting next_dagrun for dataset_consumes_1 to None, run_after=None
[2022-12-04T12:30:16.489+0000] {logging_mixin.py:137} INFO - [2022-12-04T12:30:16.489+0000] {dag.py:3340} INFO - Setting next_dagrun for dataset_consumes_1_and_2 to None, run_after=None
[2022-12-04T12:30:16.493+0000] {logging_mixin.py:137} INFO - [2022-12-04T12:30:16.493+0000] {dag.py:3340} INFO - Setting next_dagrun for dataset_consumes_1_never_scheduled to None, run_after=None
[2022-12-04T12:30:16.496+0000] {logging_mixin.py:137} INFO - [2022-12-04T12:30:16.496+0000] {dag.py:3340} INFO - Setting next_dagrun for dataset_consumes_unknown_never_scheduled to None, run_after=None
[2022-12-04T12:30:16.500+0000] {logging_mixin.py:137} INFO - [2022-12-04T12:30:16.500+0000] {dag.py:3340} INFO - Setting next_dagrun for dataset_produces_1 to 2022-12-03T00:00:00+00:00, run_after=2022-12-04T00:00:00+00:00
[2022-12-04T12:30:16.503+0000] {logging_mixin.py:137} INFO - [2022-12-04T12:30:16.503+0000] {dag.py:3340} INFO - Setting next_dagrun for dataset_produces_2 to None, run_after=None
[2022-12-04T12:30:16.537+0000] {processor.py:176} INFO - Processing /home/airflow/.local/lib/python3.7/site-packages/airflow/example_dags/example_datasets.py took 0.182 seconds
[2022-12-04T14:08:56.963+0000] {processor.py:154} INFO - Started process (PID=15479) to work on /home/airflow/.local/lib/python3.7/site-packages/airflow/example_dags/example_datasets.py
[2022-12-04T14:08:56.965+0000] {processor.py:756} INFO - Processing file /home/airflow/.local/lib/python3.7/site-packages/airflow/example_dags/example_datasets.py for tasks to queue
[2022-12-04T14:08:56.966+0000] {logging_mixin.py:137} INFO - [2022-12-04T14:08:56.966+0000] {dagbag.py:537} INFO - Filling up the DagBag from /home/airflow/.local/lib/python3.7/site-packages/airflow/example_dags/example_datasets.py
[2022-12-04T14:08:56.976+0000] {processor.py:766} INFO - DAG(s) dict_keys(['dataset_consumes_1_never_scheduled', 'dataset_consumes_1', 'dataset_produces_1', 'dataset_consumes_unknown_never_scheduled', 'dataset_produces_2', 'dataset_consumes_1_and_2']) retrieved from /home/airflow/.local/lib/python3.7/site-packages/airflow/example_dags/example_datasets.py
[2022-12-04T14:08:57.012+0000] {logging_mixin.py:137} INFO - [2022-12-04T14:08:57.012+0000] {dag.py:2585} INFO - Sync 6 DAGs
[2022-12-04T14:08:57.028+0000] {logging_mixin.py:137} INFO - [2022-12-04T14:08:57.028+0000] {dag.py:3340} INFO - Setting next_dagrun for dataset_consumes_1 to None, run_after=None
[2022-12-04T14:08:57.033+0000] {logging_mixin.py:137} INFO - [2022-12-04T14:08:57.033+0000] {dag.py:3340} INFO - Setting next_dagrun for dataset_consumes_1_and_2 to None, run_after=None
[2022-12-04T14:08:57.035+0000] {logging_mixin.py:137} INFO - [2022-12-04T14:08:57.035+0000] {dag.py:3340} INFO - Setting next_dagrun for dataset_consumes_1_never_scheduled to None, run_after=None
[2022-12-04T14:08:57.037+0000] {logging_mixin.py:137} INFO - [2022-12-04T14:08:57.037+0000] {dag.py:3340} INFO - Setting next_dagrun for dataset_consumes_unknown_never_scheduled to None, run_after=None
[2022-12-04T14:08:57.039+0000] {logging_mixin.py:137} INFO - [2022-12-04T14:08:57.039+0000] {dag.py:3340} INFO - Setting next_dagrun for dataset_produces_1 to 2022-12-03T00:00:00+00:00, run_after=2022-12-04T00:00:00+00:00
[2022-12-04T14:08:57.041+0000] {logging_mixin.py:137} INFO - [2022-12-04T14:08:57.040+0000] {dag.py:3340} INFO - Setting next_dagrun for dataset_produces_2 to None, run_after=None
[2022-12-04T14:08:57.059+0000] {processor.py:176} INFO - Processing /home/airflow/.local/lib/python3.7/site-packages/airflow/example_dags/example_datasets.py took 0.099 seconds
[2022-12-04T15:33:47.704+0000] {processor.py:154} INFO - Started process (PID=15549) to work on /home/airflow/.local/lib/python3.7/site-packages/airflow/example_dags/example_datasets.py
[2022-12-04T15:33:47.706+0000] {processor.py:756} INFO - Processing file /home/airflow/.local/lib/python3.7/site-packages/airflow/example_dags/example_datasets.py for tasks to queue
[2022-12-04T15:33:47.708+0000] {logging_mixin.py:137} INFO - [2022-12-04T15:33:47.708+0000] {dagbag.py:537} INFO - Filling up the DagBag from /home/airflow/.local/lib/python3.7/site-packages/airflow/example_dags/example_datasets.py
[2022-12-04T15:33:47.721+0000] {processor.py:766} INFO - DAG(s) dict_keys(['dataset_consumes_1_and_2', 'dataset_consumes_1_never_scheduled', 'dataset_consumes_unknown_never_scheduled', 'dataset_produces_1', 'dataset_produces_2', 'dataset_consumes_1']) retrieved from /home/airflow/.local/lib/python3.7/site-packages/airflow/example_dags/example_datasets.py
[2022-12-04T15:33:47.770+0000] {logging_mixin.py:137} INFO - [2022-12-04T15:33:47.770+0000] {dag.py:2585} INFO - Sync 6 DAGs
[2022-12-04T15:33:47.789+0000] {logging_mixin.py:137} INFO - [2022-12-04T15:33:47.789+0000] {dag.py:3340} INFO - Setting next_dagrun for dataset_consumes_1 to None, run_after=None
[2022-12-04T15:33:47.792+0000] {logging_mixin.py:137} INFO - [2022-12-04T15:33:47.792+0000] {dag.py:3340} INFO - Setting next_dagrun for dataset_consumes_1_and_2 to None, run_after=None
[2022-12-04T15:33:47.794+0000] {logging_mixin.py:137} INFO - [2022-12-04T15:33:47.794+0000] {dag.py:3340} INFO - Setting next_dagrun for dataset_consumes_1_never_scheduled to None, run_after=None
[2022-12-04T15:33:47.800+0000] {logging_mixin.py:137} INFO - [2022-12-04T15:33:47.800+0000] {dag.py:3340} INFO - Setting next_dagrun for dataset_consumes_unknown_never_scheduled to None, run_after=None
[2022-12-04T15:33:47.802+0000] {logging_mixin.py:137} INFO - [2022-12-04T15:33:47.802+0000] {dag.py:3340} INFO - Setting next_dagrun for dataset_produces_1 to 2022-12-03T00:00:00+00:00, run_after=2022-12-04T00:00:00+00:00
[2022-12-04T15:33:47.804+0000] {logging_mixin.py:137} INFO - [2022-12-04T15:33:47.804+0000] {dag.py:3340} INFO - Setting next_dagrun for dataset_produces_2 to None, run_after=None
[2022-12-04T15:33:47.827+0000] {processor.py:176} INFO - Processing /home/airflow/.local/lib/python3.7/site-packages/airflow/example_dags/example_datasets.py took 0.125 seconds
[2022-12-04T16:56:20.393+0000] {processor.py:154} INFO - Started process (PID=15617) to work on /home/airflow/.local/lib/python3.7/site-packages/airflow/example_dags/example_datasets.py
[2022-12-04T16:56:20.395+0000] {processor.py:756} INFO - Processing file /home/airflow/.local/lib/python3.7/site-packages/airflow/example_dags/example_datasets.py for tasks to queue
[2022-12-04T16:56:20.396+0000] {logging_mixin.py:137} INFO - [2022-12-04T16:56:20.396+0000] {dagbag.py:537} INFO - Filling up the DagBag from /home/airflow/.local/lib/python3.7/site-packages/airflow/example_dags/example_datasets.py
[2022-12-04T16:56:20.406+0000] {processor.py:766} INFO - DAG(s) dict_keys(['dataset_consumes_unknown_never_scheduled', 'dataset_produces_2', 'dataset_produces_1', 'dataset_consumes_1_and_2', 'dataset_consumes_1', 'dataset_consumes_1_never_scheduled']) retrieved from /home/airflow/.local/lib/python3.7/site-packages/airflow/example_dags/example_datasets.py
[2022-12-04T16:56:20.443+0000] {logging_mixin.py:137} INFO - [2022-12-04T16:56:20.443+0000] {dag.py:2585} INFO - Sync 6 DAGs
[2022-12-04T16:56:20.459+0000] {logging_mixin.py:137} INFO - [2022-12-04T16:56:20.459+0000] {dag.py:3340} INFO - Setting next_dagrun for dataset_consumes_1 to None, run_after=None
[2022-12-04T16:56:20.462+0000] {logging_mixin.py:137} INFO - [2022-12-04T16:56:20.462+0000] {dag.py:3340} INFO - Setting next_dagrun for dataset_consumes_1_and_2 to None, run_after=None
[2022-12-04T16:56:20.464+0000] {logging_mixin.py:137} INFO - [2022-12-04T16:56:20.463+0000] {dag.py:3340} INFO - Setting next_dagrun for dataset_consumes_1_never_scheduled to None, run_after=None
[2022-12-04T16:56:20.465+0000] {logging_mixin.py:137} INFO - [2022-12-04T16:56:20.465+0000] {dag.py:3340} INFO - Setting next_dagrun for dataset_consumes_unknown_never_scheduled to None, run_after=None
[2022-12-04T16:56:20.467+0000] {logging_mixin.py:137} INFO - [2022-12-04T16:56:20.467+0000] {dag.py:3340} INFO - Setting next_dagrun for dataset_produces_1 to 2022-12-03T00:00:00+00:00, run_after=2022-12-04T00:00:00+00:00
[2022-12-04T16:56:20.470+0000] {logging_mixin.py:137} INFO - [2022-12-04T16:56:20.470+0000] {dag.py:3340} INFO - Setting next_dagrun for dataset_produces_2 to None, run_after=None
[2022-12-04T16:56:20.487+0000] {processor.py:176} INFO - Processing /home/airflow/.local/lib/python3.7/site-packages/airflow/example_dags/example_datasets.py took 0.097 seconds
[2022-12-04T18:19:32.391+0000] {processor.py:154} INFO - Started process (PID=15675) to work on /home/airflow/.local/lib/python3.7/site-packages/airflow/example_dags/example_datasets.py
[2022-12-04T18:19:32.394+0000] {processor.py:756} INFO - Processing file /home/airflow/.local/lib/python3.7/site-packages/airflow/example_dags/example_datasets.py for tasks to queue
[2022-12-04T18:19:32.396+0000] {logging_mixin.py:137} INFO - [2022-12-04T18:19:32.396+0000] {dagbag.py:537} INFO - Filling up the DagBag from /home/airflow/.local/lib/python3.7/site-packages/airflow/example_dags/example_datasets.py
[2022-12-04T18:19:32.419+0000] {processor.py:766} INFO - DAG(s) dict_keys(['dataset_produces_1', 'dataset_produces_2', 'dataset_consumes_1_and_2', 'dataset_consumes_unknown_never_scheduled', 'dataset_consumes_1_never_scheduled', 'dataset_consumes_1']) retrieved from /home/airflow/.local/lib/python3.7/site-packages/airflow/example_dags/example_datasets.py
[2022-12-04T18:19:32.478+0000] {logging_mixin.py:137} INFO - [2022-12-04T18:19:32.478+0000] {dag.py:2585} INFO - Sync 6 DAGs
[2022-12-04T18:19:32.505+0000] {logging_mixin.py:137} INFO - [2022-12-04T18:19:32.505+0000] {dag.py:3340} INFO - Setting next_dagrun for dataset_consumes_1 to None, run_after=None
[2022-12-04T18:19:32.516+0000] {logging_mixin.py:137} INFO - [2022-12-04T18:19:32.516+0000] {dag.py:3340} INFO - Setting next_dagrun for dataset_consumes_1_and_2 to None, run_after=None
[2022-12-04T18:19:32.520+0000] {logging_mixin.py:137} INFO - [2022-12-04T18:19:32.520+0000] {dag.py:3340} INFO - Setting next_dagrun for dataset_consumes_1_never_scheduled to None, run_after=None
[2022-12-04T18:19:32.524+0000] {logging_mixin.py:137} INFO - [2022-12-04T18:19:32.523+0000] {dag.py:3340} INFO - Setting next_dagrun for dataset_consumes_unknown_never_scheduled to None, run_after=None
[2022-12-04T18:19:32.527+0000] {logging_mixin.py:137} INFO - [2022-12-04T18:19:32.527+0000] {dag.py:3340} INFO - Setting next_dagrun for dataset_produces_1 to 2022-12-03T00:00:00+00:00, run_after=2022-12-04T00:00:00+00:00
[2022-12-04T18:19:32.534+0000] {logging_mixin.py:137} INFO - [2022-12-04T18:19:32.534+0000] {dag.py:3340} INFO - Setting next_dagrun for dataset_produces_2 to None, run_after=None
[2022-12-04T18:19:32.599+0000] {processor.py:176} INFO - Processing /home/airflow/.local/lib/python3.7/site-packages/airflow/example_dags/example_datasets.py took 0.215 seconds
[2022-12-04T19:16:12.890+0000] {processor.py:154} INFO - Started process (PID=15749) to work on /home/airflow/.local/lib/python3.7/site-packages/airflow/example_dags/example_datasets.py
[2022-12-04T19:16:12.894+0000] {processor.py:756} INFO - Processing file /home/airflow/.local/lib/python3.7/site-packages/airflow/example_dags/example_datasets.py for tasks to queue
[2022-12-04T19:16:12.897+0000] {logging_mixin.py:137} INFO - [2022-12-04T19:16:12.897+0000] {dagbag.py:537} INFO - Filling up the DagBag from /home/airflow/.local/lib/python3.7/site-packages/airflow/example_dags/example_datasets.py
[2022-12-04T19:16:12.917+0000] {processor.py:766} INFO - DAG(s) dict_keys(['dataset_consumes_unknown_never_scheduled', 'dataset_produces_2', 'dataset_consumes_1_never_scheduled', 'dataset_consumes_1', 'dataset_consumes_1_and_2', 'dataset_produces_1']) retrieved from /home/airflow/.local/lib/python3.7/site-packages/airflow/example_dags/example_datasets.py
[2022-12-04T19:16:13.018+0000] {logging_mixin.py:137} INFO - [2022-12-04T19:16:13.017+0000] {dag.py:2585} INFO - Sync 6 DAGs
[2022-12-04T19:16:13.052+0000] {logging_mixin.py:137} INFO - [2022-12-04T19:16:13.052+0000] {dag.py:3340} INFO - Setting next_dagrun for dataset_consumes_1 to None, run_after=None
[2022-12-04T19:16:13.059+0000] {logging_mixin.py:137} INFO - [2022-12-04T19:16:13.058+0000] {dag.py:3340} INFO - Setting next_dagrun for dataset_consumes_1_and_2 to None, run_after=None
[2022-12-04T19:16:13.061+0000] {logging_mixin.py:137} INFO - [2022-12-04T19:16:13.061+0000] {dag.py:3340} INFO - Setting next_dagrun for dataset_consumes_1_never_scheduled to None, run_after=None
[2022-12-04T19:16:13.063+0000] {logging_mixin.py:137} INFO - [2022-12-04T19:16:13.063+0000] {dag.py:3340} INFO - Setting next_dagrun for dataset_consumes_unknown_never_scheduled to None, run_after=None
[2022-12-04T19:16:13.065+0000] {logging_mixin.py:137} INFO - [2022-12-04T19:16:13.065+0000] {dag.py:3340} INFO - Setting next_dagrun for dataset_produces_1 to 2022-12-03T00:00:00+00:00, run_after=2022-12-04T00:00:00+00:00
[2022-12-04T19:16:13.067+0000] {logging_mixin.py:137} INFO - [2022-12-04T19:16:13.067+0000] {dag.py:3340} INFO - Setting next_dagrun for dataset_produces_2 to None, run_after=None
[2022-12-04T19:16:13.101+0000] {processor.py:176} INFO - Processing /home/airflow/.local/lib/python3.7/site-packages/airflow/example_dags/example_datasets.py took 0.214 seconds
[2022-12-04T20:04:51.533+0000] {processor.py:154} INFO - Started process (PID=15817) to work on /home/airflow/.local/lib/python3.7/site-packages/airflow/example_dags/example_datasets.py
[2022-12-04T20:04:51.535+0000] {processor.py:756} INFO - Processing file /home/airflow/.local/lib/python3.7/site-packages/airflow/example_dags/example_datasets.py for tasks to queue
[2022-12-04T20:04:51.536+0000] {logging_mixin.py:137} INFO - [2022-12-04T20:04:51.536+0000] {dagbag.py:537} INFO - Filling up the DagBag from /home/airflow/.local/lib/python3.7/site-packages/airflow/example_dags/example_datasets.py
[2022-12-04T20:04:51.548+0000] {processor.py:766} INFO - DAG(s) dict_keys(['dataset_consumes_unknown_never_scheduled', 'dataset_produces_1', 'dataset_consumes_1', 'dataset_produces_2', 'dataset_consumes_1_never_scheduled', 'dataset_consumes_1_and_2']) retrieved from /home/airflow/.local/lib/python3.7/site-packages/airflow/example_dags/example_datasets.py
[2022-12-04T20:04:51.583+0000] {logging_mixin.py:137} INFO - [2022-12-04T20:04:51.583+0000] {dag.py:2585} INFO - Sync 6 DAGs
[2022-12-04T20:04:51.600+0000] {logging_mixin.py:137} INFO - [2022-12-04T20:04:51.600+0000] {dag.py:3340} INFO - Setting next_dagrun for dataset_consumes_1 to None, run_after=None
[2022-12-04T20:04:51.604+0000] {logging_mixin.py:137} INFO - [2022-12-04T20:04:51.604+0000] {dag.py:3340} INFO - Setting next_dagrun for dataset_consumes_1_and_2 to None, run_after=None
[2022-12-04T20:04:51.605+0000] {logging_mixin.py:137} INFO - [2022-12-04T20:04:51.605+0000] {dag.py:3340} INFO - Setting next_dagrun for dataset_consumes_1_never_scheduled to None, run_after=None
[2022-12-04T20:04:51.607+0000] {logging_mixin.py:137} INFO - [2022-12-04T20:04:51.607+0000] {dag.py:3340} INFO - Setting next_dagrun for dataset_consumes_unknown_never_scheduled to None, run_after=None
[2022-12-04T20:04:51.609+0000] {logging_mixin.py:137} INFO - [2022-12-04T20:04:51.609+0000] {dag.py:3340} INFO - Setting next_dagrun for dataset_produces_1 to 2022-12-03T00:00:00+00:00, run_after=2022-12-04T00:00:00+00:00
[2022-12-04T20:04:51.611+0000] {logging_mixin.py:137} INFO - [2022-12-04T20:04:51.611+0000] {dag.py:3340} INFO - Setting next_dagrun for dataset_produces_2 to None, run_after=None
[2022-12-04T20:04:51.627+0000] {processor.py:176} INFO - Processing /home/airflow/.local/lib/python3.7/site-packages/airflow/example_dags/example_datasets.py took 0.096 seconds
[2022-12-04T21:26:03.285+0000] {processor.py:154} INFO - Started process (PID=15889) to work on /home/airflow/.local/lib/python3.7/site-packages/airflow/example_dags/example_datasets.py
[2022-12-04T21:26:03.287+0000] {processor.py:756} INFO - Processing file /home/airflow/.local/lib/python3.7/site-packages/airflow/example_dags/example_datasets.py for tasks to queue
[2022-12-04T21:26:03.288+0000] {logging_mixin.py:137} INFO - [2022-12-04T21:26:03.288+0000] {dagbag.py:537} INFO - Filling up the DagBag from /home/airflow/.local/lib/python3.7/site-packages/airflow/example_dags/example_datasets.py
[2022-12-04T21:26:03.299+0000] {processor.py:766} INFO - DAG(s) dict_keys(['dataset_produces_1', 'dataset_produces_2', 'dataset_consumes_1', 'dataset_consumes_1_and_2', 'dataset_consumes_1_never_scheduled', 'dataset_consumes_unknown_never_scheduled']) retrieved from /home/airflow/.local/lib/python3.7/site-packages/airflow/example_dags/example_datasets.py
[2022-12-04T21:26:03.336+0000] {logging_mixin.py:137} INFO - [2022-12-04T21:26:03.336+0000] {dag.py:2585} INFO - Sync 6 DAGs
[2022-12-04T21:26:03.351+0000] {logging_mixin.py:137} INFO - [2022-12-04T21:26:03.351+0000] {dag.py:3340} INFO - Setting next_dagrun for dataset_consumes_1 to None, run_after=None
[2022-12-04T21:26:03.354+0000] {logging_mixin.py:137} INFO - [2022-12-04T21:26:03.354+0000] {dag.py:3340} INFO - Setting next_dagrun for dataset_consumes_1_and_2 to None, run_after=None
[2022-12-04T21:26:03.356+0000] {logging_mixin.py:137} INFO - [2022-12-04T21:26:03.356+0000] {dag.py:3340} INFO - Setting next_dagrun for dataset_consumes_1_never_scheduled to None, run_after=None
[2022-12-04T21:26:03.357+0000] {logging_mixin.py:137} INFO - [2022-12-04T21:26:03.357+0000] {dag.py:3340} INFO - Setting next_dagrun for dataset_consumes_unknown_never_scheduled to None, run_after=None
[2022-12-04T21:26:03.360+0000] {logging_mixin.py:137} INFO - [2022-12-04T21:26:03.359+0000] {dag.py:3340} INFO - Setting next_dagrun for dataset_produces_1 to 2022-12-03T00:00:00+00:00, run_after=2022-12-04T00:00:00+00:00
[2022-12-04T21:26:03.362+0000] {logging_mixin.py:137} INFO - [2022-12-04T21:26:03.362+0000] {dag.py:3340} INFO - Setting next_dagrun for dataset_produces_2 to None, run_after=None
[2022-12-04T21:26:03.379+0000] {processor.py:176} INFO - Processing /home/airflow/.local/lib/python3.7/site-packages/airflow/example_dags/example_datasets.py took 0.098 seconds
[2022-12-04T22:34:06.359+0000] {processor.py:154} INFO - Started process (PID=15953) to work on /home/airflow/.local/lib/python3.7/site-packages/airflow/example_dags/example_datasets.py
[2022-12-04T22:34:06.363+0000] {processor.py:756} INFO - Processing file /home/airflow/.local/lib/python3.7/site-packages/airflow/example_dags/example_datasets.py for tasks to queue
[2022-12-04T22:34:06.364+0000] {logging_mixin.py:137} INFO - [2022-12-04T22:34:06.364+0000] {dagbag.py:537} INFO - Filling up the DagBag from /home/airflow/.local/lib/python3.7/site-packages/airflow/example_dags/example_datasets.py
[2022-12-04T22:34:06.381+0000] {processor.py:766} INFO - DAG(s) dict_keys(['dataset_consumes_1', 'dataset_consumes_1_never_scheduled', 'dataset_consumes_unknown_never_scheduled', 'dataset_consumes_1_and_2', 'dataset_produces_1', 'dataset_produces_2']) retrieved from /home/airflow/.local/lib/python3.7/site-packages/airflow/example_dags/example_datasets.py
[2022-12-04T22:34:06.431+0000] {logging_mixin.py:137} INFO - [2022-12-04T22:34:06.430+0000] {dag.py:2585} INFO - Sync 6 DAGs
[2022-12-04T22:34:06.451+0000] {logging_mixin.py:137} INFO - [2022-12-04T22:34:06.451+0000] {dag.py:3340} INFO - Setting next_dagrun for dataset_consumes_1 to None, run_after=None
[2022-12-04T22:34:06.456+0000] {logging_mixin.py:137} INFO - [2022-12-04T22:34:06.456+0000] {dag.py:3340} INFO - Setting next_dagrun for dataset_consumes_1_and_2 to None, run_after=None
[2022-12-04T22:34:06.459+0000] {logging_mixin.py:137} INFO - [2022-12-04T22:34:06.459+0000] {dag.py:3340} INFO - Setting next_dagrun for dataset_consumes_1_never_scheduled to None, run_after=None
[2022-12-04T22:34:06.463+0000] {logging_mixin.py:137} INFO - [2022-12-04T22:34:06.463+0000] {dag.py:3340} INFO - Setting next_dagrun for dataset_consumes_unknown_never_scheduled to None, run_after=None
[2022-12-04T22:34:06.470+0000] {logging_mixin.py:137} INFO - [2022-12-04T22:34:06.470+0000] {dag.py:3340} INFO - Setting next_dagrun for dataset_produces_1 to 2022-12-03T00:00:00+00:00, run_after=2022-12-04T00:00:00+00:00
[2022-12-04T22:34:06.473+0000] {logging_mixin.py:137} INFO - [2022-12-04T22:34:06.473+0000] {dag.py:3340} INFO - Setting next_dagrun for dataset_produces_2 to None, run_after=None
[2022-12-04T22:34:06.501+0000] {processor.py:176} INFO - Processing /home/airflow/.local/lib/python3.7/site-packages/airflow/example_dags/example_datasets.py took 0.144 seconds
[2022-12-04T22:52:28.377+0000] {processor.py:154} INFO - Started process (PID=16009) to work on /home/airflow/.local/lib/python3.7/site-packages/airflow/example_dags/example_datasets.py
[2022-12-04T22:52:28.379+0000] {processor.py:756} INFO - Processing file /home/airflow/.local/lib/python3.7/site-packages/airflow/example_dags/example_datasets.py for tasks to queue
[2022-12-04T22:52:28.380+0000] {logging_mixin.py:137} INFO - [2022-12-04T22:52:28.380+0000] {dagbag.py:537} INFO - Filling up the DagBag from /home/airflow/.local/lib/python3.7/site-packages/airflow/example_dags/example_datasets.py
[2022-12-04T22:52:28.392+0000] {processor.py:766} INFO - DAG(s) dict_keys(['dataset_produces_1', 'dataset_produces_2', 'dataset_consumes_1_never_scheduled', 'dataset_consumes_unknown_never_scheduled', 'dataset_consumes_1_and_2', 'dataset_consumes_1']) retrieved from /home/airflow/.local/lib/python3.7/site-packages/airflow/example_dags/example_datasets.py
[2022-12-04T22:52:28.434+0000] {logging_mixin.py:137} INFO - [2022-12-04T22:52:28.434+0000] {dag.py:2585} INFO - Sync 6 DAGs
[2022-12-04T22:52:28.451+0000] {logging_mixin.py:137} INFO - [2022-12-04T22:52:28.451+0000] {dag.py:3340} INFO - Setting next_dagrun for dataset_consumes_1 to None, run_after=None
[2022-12-04T22:52:28.455+0000] {logging_mixin.py:137} INFO - [2022-12-04T22:52:28.455+0000] {dag.py:3340} INFO - Setting next_dagrun for dataset_consumes_1_and_2 to None, run_after=None
[2022-12-04T22:52:28.456+0000] {logging_mixin.py:137} INFO - [2022-12-04T22:52:28.456+0000] {dag.py:3340} INFO - Setting next_dagrun for dataset_consumes_1_never_scheduled to None, run_after=None
[2022-12-04T22:52:28.458+0000] {logging_mixin.py:137} INFO - [2022-12-04T22:52:28.458+0000] {dag.py:3340} INFO - Setting next_dagrun for dataset_consumes_unknown_never_scheduled to None, run_after=None
[2022-12-04T22:52:28.460+0000] {logging_mixin.py:137} INFO - [2022-12-04T22:52:28.460+0000] {dag.py:3340} INFO - Setting next_dagrun for dataset_produces_1 to 2022-12-03T00:00:00+00:00, run_after=2022-12-04T00:00:00+00:00
[2022-12-04T22:52:28.462+0000] {logging_mixin.py:137} INFO - [2022-12-04T22:52:28.462+0000] {dag.py:3340} INFO - Setting next_dagrun for dataset_produces_2 to None, run_after=None
[2022-12-04T22:52:28.478+0000] {processor.py:176} INFO - Processing /home/airflow/.local/lib/python3.7/site-packages/airflow/example_dags/example_datasets.py took 0.104 seconds
