[2022-12-04T00:57:33.247+0000] {processor.py:154} INFO - Started process (PID=14880) to work on /home/airflow/.local/lib/python3.7/site-packages/airflow/example_dags/example_branch_datetime_operator.py
[2022-12-04T00:57:33.249+0000] {processor.py:756} INFO - Processing file /home/airflow/.local/lib/python3.7/site-packages/airflow/example_dags/example_branch_datetime_operator.py for tasks to queue
[2022-12-04T00:57:33.250+0000] {logging_mixin.py:137} INFO - [2022-12-04T00:57:33.250+0000] {dagbag.py:537} INFO - Filling up the DagBag from /home/airflow/.local/lib/python3.7/site-packages/airflow/example_dags/example_branch_datetime_operator.py
[2022-12-04T00:57:33.261+0000] {processor.py:766} INFO - DAG(s) dict_keys(['example_branch_datetime_operator_2', 'example_branch_datetime_operator_3', 'example_branch_datetime_operator']) retrieved from /home/airflow/.local/lib/python3.7/site-packages/airflow/example_dags/example_branch_datetime_operator.py
[2022-12-04T00:57:33.290+0000] {logging_mixin.py:137} INFO - [2022-12-04T00:57:33.290+0000] {dag.py:2585} INFO - Sync 3 DAGs
[2022-12-04T00:57:33.307+0000] {logging_mixin.py:137} INFO - [2022-12-04T00:57:33.307+0000] {dag.py:3340} INFO - Setting next_dagrun for example_branch_datetime_operator to 2022-12-03T00:00:00+00:00, run_after=2022-12-04T00:00:00+00:00
[2022-12-04T00:57:33.311+0000] {logging_mixin.py:137} INFO - [2022-12-04T00:57:33.311+0000] {dag.py:3340} INFO - Setting next_dagrun for example_branch_datetime_operator_2 to 2022-12-03T00:00:00+00:00, run_after=2022-12-04T00:00:00+00:00
[2022-12-04T00:57:33.313+0000] {logging_mixin.py:137} INFO - [2022-12-04T00:57:33.313+0000] {dag.py:3340} INFO - Setting next_dagrun for example_branch_datetime_operator_3 to 2022-12-03T00:00:00+00:00, run_after=2022-12-04T00:00:00+00:00
[2022-12-04T00:57:33.325+0000] {processor.py:176} INFO - Processing /home/airflow/.local/lib/python3.7/site-packages/airflow/example_dags/example_branch_datetime_operator.py took 0.080 seconds
[2022-12-04T02:32:54.053+0000] {processor.py:154} INFO - Started process (PID=14948) to work on /home/airflow/.local/lib/python3.7/site-packages/airflow/example_dags/example_branch_datetime_operator.py
[2022-12-04T02:32:54.055+0000] {processor.py:756} INFO - Processing file /home/airflow/.local/lib/python3.7/site-packages/airflow/example_dags/example_branch_datetime_operator.py for tasks to queue
[2022-12-04T02:32:54.057+0000] {logging_mixin.py:137} INFO - [2022-12-04T02:32:54.057+0000] {dagbag.py:537} INFO - Filling up the DagBag from /home/airflow/.local/lib/python3.7/site-packages/airflow/example_dags/example_branch_datetime_operator.py
[2022-12-04T02:32:54.070+0000] {processor.py:766} INFO - DAG(s) dict_keys(['example_branch_datetime_operator', 'example_branch_datetime_operator_3', 'example_branch_datetime_operator_2']) retrieved from /home/airflow/.local/lib/python3.7/site-packages/airflow/example_dags/example_branch_datetime_operator.py
[2022-12-04T02:32:54.099+0000] {logging_mixin.py:137} INFO - [2022-12-04T02:32:54.099+0000] {dag.py:2585} INFO - Sync 3 DAGs
[2022-12-04T02:32:54.115+0000] {logging_mixin.py:137} INFO - [2022-12-04T02:32:54.115+0000] {dag.py:3340} INFO - Setting next_dagrun for example_branch_datetime_operator to 2022-12-03T00:00:00+00:00, run_after=2022-12-04T00:00:00+00:00
[2022-12-04T02:32:54.119+0000] {logging_mixin.py:137} INFO - [2022-12-04T02:32:54.119+0000] {dag.py:3340} INFO - Setting next_dagrun for example_branch_datetime_operator_2 to 2022-12-03T00:00:00+00:00, run_after=2022-12-04T00:00:00+00:00
[2022-12-04T02:32:54.121+0000] {logging_mixin.py:137} INFO - [2022-12-04T02:32:54.121+0000] {dag.py:3340} INFO - Setting next_dagrun for example_branch_datetime_operator_3 to 2022-12-03T00:00:00+00:00, run_after=2022-12-04T00:00:00+00:00
[2022-12-04T02:32:54.131+0000] {processor.py:176} INFO - Processing /home/airflow/.local/lib/python3.7/site-packages/airflow/example_dags/example_branch_datetime_operator.py took 0.080 seconds
[2022-12-04T03:55:41.123+0000] {processor.py:154} INFO - Started process (PID=15016) to work on /home/airflow/.local/lib/python3.7/site-packages/airflow/example_dags/example_branch_datetime_operator.py
[2022-12-04T03:55:41.127+0000] {processor.py:756} INFO - Processing file /home/airflow/.local/lib/python3.7/site-packages/airflow/example_dags/example_branch_datetime_operator.py for tasks to queue
[2022-12-04T03:55:41.129+0000] {logging_mixin.py:137} INFO - [2022-12-04T03:55:41.129+0000] {dagbag.py:537} INFO - Filling up the DagBag from /home/airflow/.local/lib/python3.7/site-packages/airflow/example_dags/example_branch_datetime_operator.py
[2022-12-04T03:55:41.153+0000] {processor.py:766} INFO - DAG(s) dict_keys(['example_branch_datetime_operator', 'example_branch_datetime_operator_3', 'example_branch_datetime_operator_2']) retrieved from /home/airflow/.local/lib/python3.7/site-packages/airflow/example_dags/example_branch_datetime_operator.py
[2022-12-04T03:55:41.196+0000] {logging_mixin.py:137} INFO - [2022-12-04T03:55:41.196+0000] {dag.py:2585} INFO - Sync 3 DAGs
[2022-12-04T03:55:41.237+0000] {logging_mixin.py:137} INFO - [2022-12-04T03:55:41.237+0000] {dag.py:3340} INFO - Setting next_dagrun for example_branch_datetime_operator to 2022-12-03T00:00:00+00:00, run_after=2022-12-04T00:00:00+00:00
[2022-12-04T03:55:41.245+0000] {logging_mixin.py:137} INFO - [2022-12-04T03:55:41.245+0000] {dag.py:3340} INFO - Setting next_dagrun for example_branch_datetime_operator_2 to 2022-12-03T00:00:00+00:00, run_after=2022-12-04T00:00:00+00:00
[2022-12-04T03:55:41.249+0000] {logging_mixin.py:137} INFO - [2022-12-04T03:55:41.249+0000] {dag.py:3340} INFO - Setting next_dagrun for example_branch_datetime_operator_3 to 2022-12-03T00:00:00+00:00, run_after=2022-12-04T00:00:00+00:00
[2022-12-04T03:55:41.266+0000] {processor.py:176} INFO - Processing /home/airflow/.local/lib/python3.7/site-packages/airflow/example_dags/example_branch_datetime_operator.py took 0.148 seconds
[2022-12-04T05:30:17.117+0000] {processor.py:154} INFO - Started process (PID=15084) to work on /home/airflow/.local/lib/python3.7/site-packages/airflow/example_dags/example_branch_datetime_operator.py
[2022-12-04T05:30:17.119+0000] {processor.py:756} INFO - Processing file /home/airflow/.local/lib/python3.7/site-packages/airflow/example_dags/example_branch_datetime_operator.py for tasks to queue
[2022-12-04T05:30:17.120+0000] {logging_mixin.py:137} INFO - [2022-12-04T05:30:17.120+0000] {dagbag.py:537} INFO - Filling up the DagBag from /home/airflow/.local/lib/python3.7/site-packages/airflow/example_dags/example_branch_datetime_operator.py
[2022-12-04T05:30:17.136+0000] {processor.py:766} INFO - DAG(s) dict_keys(['example_branch_datetime_operator_3', 'example_branch_datetime_operator', 'example_branch_datetime_operator_2']) retrieved from /home/airflow/.local/lib/python3.7/site-packages/airflow/example_dags/example_branch_datetime_operator.py
[2022-12-04T05:30:17.172+0000] {logging_mixin.py:137} INFO - [2022-12-04T05:30:17.172+0000] {dag.py:2585} INFO - Sync 3 DAGs
[2022-12-04T05:30:17.202+0000] {logging_mixin.py:137} INFO - [2022-12-04T05:30:17.201+0000] {dag.py:3340} INFO - Setting next_dagrun for example_branch_datetime_operator to 2022-12-03T00:00:00+00:00, run_after=2022-12-04T00:00:00+00:00
[2022-12-04T05:30:17.207+0000] {logging_mixin.py:137} INFO - [2022-12-04T05:30:17.207+0000] {dag.py:3340} INFO - Setting next_dagrun for example_branch_datetime_operator_2 to 2022-12-03T00:00:00+00:00, run_after=2022-12-04T00:00:00+00:00
[2022-12-04T05:30:17.210+0000] {logging_mixin.py:137} INFO - [2022-12-04T05:30:17.210+0000] {dag.py:3340} INFO - Setting next_dagrun for example_branch_datetime_operator_3 to 2022-12-03T00:00:00+00:00, run_after=2022-12-04T00:00:00+00:00
[2022-12-04T05:30:17.226+0000] {processor.py:176} INFO - Processing /home/airflow/.local/lib/python3.7/site-packages/airflow/example_dags/example_branch_datetime_operator.py took 0.115 seconds
[2022-12-04T06:53:37.084+0000] {processor.py:154} INFO - Started process (PID=15140) to work on /home/airflow/.local/lib/python3.7/site-packages/airflow/example_dags/example_branch_datetime_operator.py
[2022-12-04T06:53:37.089+0000] {processor.py:756} INFO - Processing file /home/airflow/.local/lib/python3.7/site-packages/airflow/example_dags/example_branch_datetime_operator.py for tasks to queue
[2022-12-04T06:53:37.101+0000] {logging_mixin.py:137} INFO - [2022-12-04T06:53:37.101+0000] {dagbag.py:537} INFO - Filling up the DagBag from /home/airflow/.local/lib/python3.7/site-packages/airflow/example_dags/example_branch_datetime_operator.py
[2022-12-04T06:53:37.127+0000] {processor.py:766} INFO - DAG(s) dict_keys(['example_branch_datetime_operator', 'example_branch_datetime_operator_3', 'example_branch_datetime_operator_2']) retrieved from /home/airflow/.local/lib/python3.7/site-packages/airflow/example_dags/example_branch_datetime_operator.py
[2022-12-04T06:53:37.188+0000] {logging_mixin.py:137} INFO - [2022-12-04T06:53:37.188+0000] {dag.py:2585} INFO - Sync 3 DAGs
[2022-12-04T06:53:37.227+0000] {logging_mixin.py:137} INFO - [2022-12-04T06:53:37.227+0000] {dag.py:3340} INFO - Setting next_dagrun for example_branch_datetime_operator to 2022-12-03T00:00:00+00:00, run_after=2022-12-04T00:00:00+00:00
[2022-12-04T06:53:37.232+0000] {logging_mixin.py:137} INFO - [2022-12-04T06:53:37.232+0000] {dag.py:3340} INFO - Setting next_dagrun for example_branch_datetime_operator_2 to 2022-12-03T00:00:00+00:00, run_after=2022-12-04T00:00:00+00:00
[2022-12-04T06:53:37.236+0000] {logging_mixin.py:137} INFO - [2022-12-04T06:53:37.236+0000] {dag.py:3340} INFO - Setting next_dagrun for example_branch_datetime_operator_3 to 2022-12-03T00:00:00+00:00, run_after=2022-12-04T00:00:00+00:00
[2022-12-04T06:53:37.262+0000] {processor.py:176} INFO - Processing /home/airflow/.local/lib/python3.7/site-packages/airflow/example_dags/example_branch_datetime_operator.py took 0.184 seconds
[2022-12-04T08:30:43.724+0000] {processor.py:154} INFO - Started process (PID=15207) to work on /home/airflow/.local/lib/python3.7/site-packages/airflow/example_dags/example_branch_datetime_operator.py
[2022-12-04T08:30:43.727+0000] {processor.py:756} INFO - Processing file /home/airflow/.local/lib/python3.7/site-packages/airflow/example_dags/example_branch_datetime_operator.py for tasks to queue
[2022-12-04T08:30:43.729+0000] {logging_mixin.py:137} INFO - [2022-12-04T08:30:43.729+0000] {dagbag.py:537} INFO - Filling up the DagBag from /home/airflow/.local/lib/python3.7/site-packages/airflow/example_dags/example_branch_datetime_operator.py
[2022-12-04T08:30:43.761+0000] {processor.py:766} INFO - DAG(s) dict_keys(['example_branch_datetime_operator_2', 'example_branch_datetime_operator_3', 'example_branch_datetime_operator']) retrieved from /home/airflow/.local/lib/python3.7/site-packages/airflow/example_dags/example_branch_datetime_operator.py
[2022-12-04T08:30:43.848+0000] {logging_mixin.py:137} INFO - [2022-12-04T08:30:43.847+0000] {dag.py:2585} INFO - Sync 3 DAGs
[2022-12-04T08:30:43.890+0000] {logging_mixin.py:137} INFO - [2022-12-04T08:30:43.889+0000] {dag.py:3340} INFO - Setting next_dagrun for example_branch_datetime_operator to 2022-12-03T00:00:00+00:00, run_after=2022-12-04T00:00:00+00:00
[2022-12-04T08:30:43.906+0000] {logging_mixin.py:137} INFO - [2022-12-04T08:30:43.906+0000] {dag.py:3340} INFO - Setting next_dagrun for example_branch_datetime_operator_2 to 2022-12-03T00:00:00+00:00, run_after=2022-12-04T00:00:00+00:00
[2022-12-04T08:30:43.912+0000] {logging_mixin.py:137} INFO - [2022-12-04T08:30:43.912+0000] {dag.py:3340} INFO - Setting next_dagrun for example_branch_datetime_operator_3 to 2022-12-03T00:00:00+00:00, run_after=2022-12-04T00:00:00+00:00
[2022-12-04T08:30:43.942+0000] {processor.py:176} INFO - Processing /home/airflow/.local/lib/python3.7/site-packages/airflow/example_dags/example_branch_datetime_operator.py took 0.227 seconds
[2022-12-04T10:09:29.528+0000] {processor.py:154} INFO - Started process (PID=15274) to work on /home/airflow/.local/lib/python3.7/site-packages/airflow/example_dags/example_branch_datetime_operator.py
[2022-12-04T10:09:29.529+0000] {processor.py:756} INFO - Processing file /home/airflow/.local/lib/python3.7/site-packages/airflow/example_dags/example_branch_datetime_operator.py for tasks to queue
[2022-12-04T10:09:29.532+0000] {logging_mixin.py:137} INFO - [2022-12-04T10:09:29.532+0000] {dagbag.py:537} INFO - Filling up the DagBag from /home/airflow/.local/lib/python3.7/site-packages/airflow/example_dags/example_branch_datetime_operator.py
[2022-12-04T10:09:29.545+0000] {processor.py:766} INFO - DAG(s) dict_keys(['example_branch_datetime_operator', 'example_branch_datetime_operator_2', 'example_branch_datetime_operator_3']) retrieved from /home/airflow/.local/lib/python3.7/site-packages/airflow/example_dags/example_branch_datetime_operator.py
[2022-12-04T10:09:29.573+0000] {logging_mixin.py:137} INFO - [2022-12-04T10:09:29.573+0000] {dag.py:2585} INFO - Sync 3 DAGs
[2022-12-04T10:09:29.589+0000] {logging_mixin.py:137} INFO - [2022-12-04T10:09:29.589+0000] {dag.py:3340} INFO - Setting next_dagrun for example_branch_datetime_operator to 2022-12-03T00:00:00+00:00, run_after=2022-12-04T00:00:00+00:00
[2022-12-04T10:09:29.593+0000] {logging_mixin.py:137} INFO - [2022-12-04T10:09:29.593+0000] {dag.py:3340} INFO - Setting next_dagrun for example_branch_datetime_operator_2 to 2022-12-03T00:00:00+00:00, run_after=2022-12-04T00:00:00+00:00
[2022-12-04T10:09:29.596+0000] {logging_mixin.py:137} INFO - [2022-12-04T10:09:29.596+0000] {dag.py:3340} INFO - Setting next_dagrun for example_branch_datetime_operator_3 to 2022-12-03T00:00:00+00:00, run_after=2022-12-04T00:00:00+00:00
[2022-12-04T10:09:29.609+0000] {processor.py:176} INFO - Processing /home/airflow/.local/lib/python3.7/site-packages/airflow/example_dags/example_branch_datetime_operator.py took 0.083 seconds
[2022-12-04T11:31:34.827+0000] {processor.py:154} INFO - Started process (PID=15338) to work on /home/airflow/.local/lib/python3.7/site-packages/airflow/example_dags/example_branch_datetime_operator.py
[2022-12-04T11:31:34.830+0000] {processor.py:756} INFO - Processing file /home/airflow/.local/lib/python3.7/site-packages/airflow/example_dags/example_branch_datetime_operator.py for tasks to queue
[2022-12-04T11:31:34.832+0000] {logging_mixin.py:137} INFO - [2022-12-04T11:31:34.832+0000] {dagbag.py:537} INFO - Filling up the DagBag from /home/airflow/.local/lib/python3.7/site-packages/airflow/example_dags/example_branch_datetime_operator.py
[2022-12-04T11:31:34.876+0000] {processor.py:766} INFO - DAG(s) dict_keys(['example_branch_datetime_operator_3', 'example_branch_datetime_operator_2', 'example_branch_datetime_operator']) retrieved from /home/airflow/.local/lib/python3.7/site-packages/airflow/example_dags/example_branch_datetime_operator.py
[2022-12-04T11:31:34.922+0000] {logging_mixin.py:137} INFO - [2022-12-04T11:31:34.922+0000] {dag.py:2585} INFO - Sync 3 DAGs
[2022-12-04T11:31:34.959+0000] {logging_mixin.py:137} INFO - [2022-12-04T11:31:34.958+0000] {dag.py:3340} INFO - Setting next_dagrun for example_branch_datetime_operator to 2022-12-03T00:00:00+00:00, run_after=2022-12-04T00:00:00+00:00
[2022-12-04T11:31:34.967+0000] {logging_mixin.py:137} INFO - [2022-12-04T11:31:34.967+0000] {dag.py:3340} INFO - Setting next_dagrun for example_branch_datetime_operator_2 to 2022-12-03T00:00:00+00:00, run_after=2022-12-04T00:00:00+00:00
[2022-12-04T11:31:34.973+0000] {logging_mixin.py:137} INFO - [2022-12-04T11:31:34.973+0000] {dag.py:3340} INFO - Setting next_dagrun for example_branch_datetime_operator_3 to 2022-12-03T00:00:00+00:00, run_after=2022-12-04T00:00:00+00:00
[2022-12-04T11:31:35.006+0000] {processor.py:176} INFO - Processing /home/airflow/.local/lib/python3.7/site-packages/airflow/example_dags/example_branch_datetime_operator.py took 0.185 seconds
[2022-12-04T12:30:14.581+0000] {processor.py:154} INFO - Started process (PID=15397) to work on /home/airflow/.local/lib/python3.7/site-packages/airflow/example_dags/example_branch_datetime_operator.py
[2022-12-04T12:30:14.588+0000] {processor.py:756} INFO - Processing file /home/airflow/.local/lib/python3.7/site-packages/airflow/example_dags/example_branch_datetime_operator.py for tasks to queue
[2022-12-04T12:30:14.590+0000] {logging_mixin.py:137} INFO - [2022-12-04T12:30:14.590+0000] {dagbag.py:537} INFO - Filling up the DagBag from /home/airflow/.local/lib/python3.7/site-packages/airflow/example_dags/example_branch_datetime_operator.py
[2022-12-04T12:30:14.614+0000] {processor.py:766} INFO - DAG(s) dict_keys(['example_branch_datetime_operator', 'example_branch_datetime_operator_2', 'example_branch_datetime_operator_3']) retrieved from /home/airflow/.local/lib/python3.7/site-packages/airflow/example_dags/example_branch_datetime_operator.py
[2022-12-04T12:30:14.763+0000] {logging_mixin.py:137} INFO - [2022-12-04T12:30:14.763+0000] {dag.py:2585} INFO - Sync 3 DAGs
[2022-12-04T12:30:14.801+0000] {logging_mixin.py:137} INFO - [2022-12-04T12:30:14.801+0000] {dag.py:3340} INFO - Setting next_dagrun for example_branch_datetime_operator to 2022-12-03T00:00:00+00:00, run_after=2022-12-04T00:00:00+00:00
[2022-12-04T12:30:14.811+0000] {logging_mixin.py:137} INFO - [2022-12-04T12:30:14.810+0000] {dag.py:3340} INFO - Setting next_dagrun for example_branch_datetime_operator_2 to 2022-12-03T00:00:00+00:00, run_after=2022-12-04T00:00:00+00:00
[2022-12-04T12:30:14.816+0000] {logging_mixin.py:137} INFO - [2022-12-04T12:30:14.816+0000] {dag.py:3340} INFO - Setting next_dagrun for example_branch_datetime_operator_3 to 2022-12-03T00:00:00+00:00, run_after=2022-12-04T00:00:00+00:00
[2022-12-04T12:30:14.837+0000] {processor.py:176} INFO - Processing /home/airflow/.local/lib/python3.7/site-packages/airflow/example_dags/example_branch_datetime_operator.py took 0.259 seconds
[2022-12-04T14:08:56.319+0000] {processor.py:154} INFO - Started process (PID=15468) to work on /home/airflow/.local/lib/python3.7/site-packages/airflow/example_dags/example_branch_datetime_operator.py
[2022-12-04T14:08:56.320+0000] {processor.py:756} INFO - Processing file /home/airflow/.local/lib/python3.7/site-packages/airflow/example_dags/example_branch_datetime_operator.py for tasks to queue
[2022-12-04T14:08:56.321+0000] {logging_mixin.py:137} INFO - [2022-12-04T14:08:56.321+0000] {dagbag.py:537} INFO - Filling up the DagBag from /home/airflow/.local/lib/python3.7/site-packages/airflow/example_dags/example_branch_datetime_operator.py
[2022-12-04T14:08:56.332+0000] {processor.py:766} INFO - DAG(s) dict_keys(['example_branch_datetime_operator_3', 'example_branch_datetime_operator_2', 'example_branch_datetime_operator']) retrieved from /home/airflow/.local/lib/python3.7/site-packages/airflow/example_dags/example_branch_datetime_operator.py
[2022-12-04T14:08:56.362+0000] {logging_mixin.py:137} INFO - [2022-12-04T14:08:56.362+0000] {dag.py:2585} INFO - Sync 3 DAGs
[2022-12-04T14:08:56.377+0000] {logging_mixin.py:137} INFO - [2022-12-04T14:08:56.377+0000] {dag.py:3340} INFO - Setting next_dagrun for example_branch_datetime_operator to 2022-12-03T00:00:00+00:00, run_after=2022-12-04T00:00:00+00:00
[2022-12-04T14:08:56.380+0000] {logging_mixin.py:137} INFO - [2022-12-04T14:08:56.380+0000] {dag.py:3340} INFO - Setting next_dagrun for example_branch_datetime_operator_2 to 2022-12-03T00:00:00+00:00, run_after=2022-12-04T00:00:00+00:00
[2022-12-04T14:08:56.382+0000] {logging_mixin.py:137} INFO - [2022-12-04T14:08:56.382+0000] {dag.py:3340} INFO - Setting next_dagrun for example_branch_datetime_operator_3 to 2022-12-03T00:00:00+00:00, run_after=2022-12-04T00:00:00+00:00
[2022-12-04T14:08:56.393+0000] {processor.py:176} INFO - Processing /home/airflow/.local/lib/python3.7/site-packages/airflow/example_dags/example_branch_datetime_operator.py took 0.077 seconds
[2022-12-04T15:33:46.808+0000] {processor.py:154} INFO - Started process (PID=15538) to work on /home/airflow/.local/lib/python3.7/site-packages/airflow/example_dags/example_branch_datetime_operator.py
[2022-12-04T15:33:46.812+0000] {processor.py:756} INFO - Processing file /home/airflow/.local/lib/python3.7/site-packages/airflow/example_dags/example_branch_datetime_operator.py for tasks to queue
[2022-12-04T15:33:46.817+0000] {logging_mixin.py:137} INFO - [2022-12-04T15:33:46.817+0000] {dagbag.py:537} INFO - Filling up the DagBag from /home/airflow/.local/lib/python3.7/site-packages/airflow/example_dags/example_branch_datetime_operator.py
[2022-12-04T15:33:46.855+0000] {processor.py:766} INFO - DAG(s) dict_keys(['example_branch_datetime_operator', 'example_branch_datetime_operator_3', 'example_branch_datetime_operator_2']) retrieved from /home/airflow/.local/lib/python3.7/site-packages/airflow/example_dags/example_branch_datetime_operator.py
[2022-12-04T15:33:46.929+0000] {logging_mixin.py:137} INFO - [2022-12-04T15:33:46.929+0000] {dag.py:2585} INFO - Sync 3 DAGs
[2022-12-04T15:33:46.960+0000] {logging_mixin.py:137} INFO - [2022-12-04T15:33:46.960+0000] {dag.py:3340} INFO - Setting next_dagrun for example_branch_datetime_operator to 2022-12-03T00:00:00+00:00, run_after=2022-12-04T00:00:00+00:00
[2022-12-04T15:33:46.968+0000] {logging_mixin.py:137} INFO - [2022-12-04T15:33:46.967+0000] {dag.py:3340} INFO - Setting next_dagrun for example_branch_datetime_operator_2 to 2022-12-03T00:00:00+00:00, run_after=2022-12-04T00:00:00+00:00
[2022-12-04T15:33:46.971+0000] {logging_mixin.py:137} INFO - [2022-12-04T15:33:46.971+0000] {dag.py:3340} INFO - Setting next_dagrun for example_branch_datetime_operator_3 to 2022-12-03T00:00:00+00:00, run_after=2022-12-04T00:00:00+00:00
[2022-12-04T15:33:47.007+0000] {processor.py:176} INFO - Processing /home/airflow/.local/lib/python3.7/site-packages/airflow/example_dags/example_branch_datetime_operator.py took 0.211 seconds
[2022-12-04T16:56:19.713+0000] {processor.py:154} INFO - Started process (PID=15606) to work on /home/airflow/.local/lib/python3.7/site-packages/airflow/example_dags/example_branch_datetime_operator.py
[2022-12-04T16:56:19.714+0000] {processor.py:756} INFO - Processing file /home/airflow/.local/lib/python3.7/site-packages/airflow/example_dags/example_branch_datetime_operator.py for tasks to queue
[2022-12-04T16:56:19.716+0000] {logging_mixin.py:137} INFO - [2022-12-04T16:56:19.715+0000] {dagbag.py:537} INFO - Filling up the DagBag from /home/airflow/.local/lib/python3.7/site-packages/airflow/example_dags/example_branch_datetime_operator.py
[2022-12-04T16:56:19.729+0000] {processor.py:766} INFO - DAG(s) dict_keys(['example_branch_datetime_operator_2', 'example_branch_datetime_operator_3', 'example_branch_datetime_operator']) retrieved from /home/airflow/.local/lib/python3.7/site-packages/airflow/example_dags/example_branch_datetime_operator.py
[2022-12-04T16:56:19.764+0000] {logging_mixin.py:137} INFO - [2022-12-04T16:56:19.764+0000] {dag.py:2585} INFO - Sync 3 DAGs
[2022-12-04T16:56:19.782+0000] {logging_mixin.py:137} INFO - [2022-12-04T16:56:19.782+0000] {dag.py:3340} INFO - Setting next_dagrun for example_branch_datetime_operator to 2022-12-03T00:00:00+00:00, run_after=2022-12-04T00:00:00+00:00
[2022-12-04T16:56:19.786+0000] {logging_mixin.py:137} INFO - [2022-12-04T16:56:19.786+0000] {dag.py:3340} INFO - Setting next_dagrun for example_branch_datetime_operator_2 to 2022-12-03T00:00:00+00:00, run_after=2022-12-04T00:00:00+00:00
[2022-12-04T16:56:19.789+0000] {logging_mixin.py:137} INFO - [2022-12-04T16:56:19.788+0000] {dag.py:3340} INFO - Setting next_dagrun for example_branch_datetime_operator_3 to 2022-12-03T00:00:00+00:00, run_after=2022-12-04T00:00:00+00:00
[2022-12-04T16:56:19.799+0000] {processor.py:176} INFO - Processing /home/airflow/.local/lib/python3.7/site-packages/airflow/example_dags/example_branch_datetime_operator.py took 0.089 seconds
[2022-12-04T18:19:31.494+0000] {processor.py:154} INFO - Started process (PID=15664) to work on /home/airflow/.local/lib/python3.7/site-packages/airflow/example_dags/example_branch_datetime_operator.py
[2022-12-04T18:19:31.496+0000] {processor.py:756} INFO - Processing file /home/airflow/.local/lib/python3.7/site-packages/airflow/example_dags/example_branch_datetime_operator.py for tasks to queue
[2022-12-04T18:19:31.497+0000] {logging_mixin.py:137} INFO - [2022-12-04T18:19:31.497+0000] {dagbag.py:537} INFO - Filling up the DagBag from /home/airflow/.local/lib/python3.7/site-packages/airflow/example_dags/example_branch_datetime_operator.py
[2022-12-04T18:19:31.509+0000] {processor.py:766} INFO - DAG(s) dict_keys(['example_branch_datetime_operator_3', 'example_branch_datetime_operator', 'example_branch_datetime_operator_2']) retrieved from /home/airflow/.local/lib/python3.7/site-packages/airflow/example_dags/example_branch_datetime_operator.py
[2022-12-04T18:19:31.543+0000] {logging_mixin.py:137} INFO - [2022-12-04T18:19:31.542+0000] {dag.py:2585} INFO - Sync 3 DAGs
[2022-12-04T18:19:31.558+0000] {logging_mixin.py:137} INFO - [2022-12-04T18:19:31.558+0000] {dag.py:3340} INFO - Setting next_dagrun for example_branch_datetime_operator to 2022-12-03T00:00:00+00:00, run_after=2022-12-04T00:00:00+00:00
[2022-12-04T18:19:31.562+0000] {logging_mixin.py:137} INFO - [2022-12-04T18:19:31.562+0000] {dag.py:3340} INFO - Setting next_dagrun for example_branch_datetime_operator_2 to 2022-12-03T00:00:00+00:00, run_after=2022-12-04T00:00:00+00:00
[2022-12-04T18:19:31.564+0000] {logging_mixin.py:137} INFO - [2022-12-04T18:19:31.564+0000] {dag.py:3340} INFO - Setting next_dagrun for example_branch_datetime_operator_3 to 2022-12-03T00:00:00+00:00, run_after=2022-12-04T00:00:00+00:00
[2022-12-04T18:19:31.576+0000] {processor.py:176} INFO - Processing /home/airflow/.local/lib/python3.7/site-packages/airflow/example_dags/example_branch_datetime_operator.py took 0.084 seconds
[2022-12-04T19:16:11.784+0000] {processor.py:154} INFO - Started process (PID=15738) to work on /home/airflow/.local/lib/python3.7/site-packages/airflow/example_dags/example_branch_datetime_operator.py
[2022-12-04T19:16:11.785+0000] {processor.py:756} INFO - Processing file /home/airflow/.local/lib/python3.7/site-packages/airflow/example_dags/example_branch_datetime_operator.py for tasks to queue
[2022-12-04T19:16:11.786+0000] {logging_mixin.py:137} INFO - [2022-12-04T19:16:11.786+0000] {dagbag.py:537} INFO - Filling up the DagBag from /home/airflow/.local/lib/python3.7/site-packages/airflow/example_dags/example_branch_datetime_operator.py
[2022-12-04T19:16:11.797+0000] {processor.py:766} INFO - DAG(s) dict_keys(['example_branch_datetime_operator_3', 'example_branch_datetime_operator', 'example_branch_datetime_operator_2']) retrieved from /home/airflow/.local/lib/python3.7/site-packages/airflow/example_dags/example_branch_datetime_operator.py
[2022-12-04T19:16:11.829+0000] {logging_mixin.py:137} INFO - [2022-12-04T19:16:11.829+0000] {dag.py:2585} INFO - Sync 3 DAGs
[2022-12-04T19:16:11.844+0000] {logging_mixin.py:137} INFO - [2022-12-04T19:16:11.844+0000] {dag.py:3340} INFO - Setting next_dagrun for example_branch_datetime_operator to 2022-12-03T00:00:00+00:00, run_after=2022-12-04T00:00:00+00:00
[2022-12-04T19:16:11.847+0000] {logging_mixin.py:137} INFO - [2022-12-04T19:16:11.847+0000] {dag.py:3340} INFO - Setting next_dagrun for example_branch_datetime_operator_2 to 2022-12-03T00:00:00+00:00, run_after=2022-12-04T00:00:00+00:00
[2022-12-04T19:16:11.850+0000] {logging_mixin.py:137} INFO - [2022-12-04T19:16:11.850+0000] {dag.py:3340} INFO - Setting next_dagrun for example_branch_datetime_operator_3 to 2022-12-03T00:00:00+00:00, run_after=2022-12-04T00:00:00+00:00
[2022-12-04T19:16:11.861+0000] {processor.py:176} INFO - Processing /home/airflow/.local/lib/python3.7/site-packages/airflow/example_dags/example_branch_datetime_operator.py took 0.080 seconds
[2022-12-04T20:04:50.848+0000] {processor.py:154} INFO - Started process (PID=15806) to work on /home/airflow/.local/lib/python3.7/site-packages/airflow/example_dags/example_branch_datetime_operator.py
[2022-12-04T20:04:50.850+0000] {processor.py:756} INFO - Processing file /home/airflow/.local/lib/python3.7/site-packages/airflow/example_dags/example_branch_datetime_operator.py for tasks to queue
[2022-12-04T20:04:50.851+0000] {logging_mixin.py:137} INFO - [2022-12-04T20:04:50.851+0000] {dagbag.py:537} INFO - Filling up the DagBag from /home/airflow/.local/lib/python3.7/site-packages/airflow/example_dags/example_branch_datetime_operator.py
[2022-12-04T20:04:50.864+0000] {processor.py:766} INFO - DAG(s) dict_keys(['example_branch_datetime_operator', 'example_branch_datetime_operator_2', 'example_branch_datetime_operator_3']) retrieved from /home/airflow/.local/lib/python3.7/site-packages/airflow/example_dags/example_branch_datetime_operator.py
[2022-12-04T20:04:50.895+0000] {logging_mixin.py:137} INFO - [2022-12-04T20:04:50.894+0000] {dag.py:2585} INFO - Sync 3 DAGs
[2022-12-04T20:04:50.911+0000] {logging_mixin.py:137} INFO - [2022-12-04T20:04:50.911+0000] {dag.py:3340} INFO - Setting next_dagrun for example_branch_datetime_operator to 2022-12-03T00:00:00+00:00, run_after=2022-12-04T00:00:00+00:00
[2022-12-04T20:04:50.915+0000] {logging_mixin.py:137} INFO - [2022-12-04T20:04:50.915+0000] {dag.py:3340} INFO - Setting next_dagrun for example_branch_datetime_operator_2 to 2022-12-03T00:00:00+00:00, run_after=2022-12-04T00:00:00+00:00
[2022-12-04T20:04:50.917+0000] {logging_mixin.py:137} INFO - [2022-12-04T20:04:50.917+0000] {dag.py:3340} INFO - Setting next_dagrun for example_branch_datetime_operator_3 to 2022-12-03T00:00:00+00:00, run_after=2022-12-04T00:00:00+00:00
[2022-12-04T20:04:50.929+0000] {processor.py:176} INFO - Processing /home/airflow/.local/lib/python3.7/site-packages/airflow/example_dags/example_branch_datetime_operator.py took 0.082 seconds
[2022-12-04T21:26:02.374+0000] {processor.py:154} INFO - Started process (PID=15878) to work on /home/airflow/.local/lib/python3.7/site-packages/airflow/example_dags/example_branch_datetime_operator.py
[2022-12-04T21:26:02.377+0000] {processor.py:756} INFO - Processing file /home/airflow/.local/lib/python3.7/site-packages/airflow/example_dags/example_branch_datetime_operator.py for tasks to queue
[2022-12-04T21:26:02.379+0000] {logging_mixin.py:137} INFO - [2022-12-04T21:26:02.379+0000] {dagbag.py:537} INFO - Filling up the DagBag from /home/airflow/.local/lib/python3.7/site-packages/airflow/example_dags/example_branch_datetime_operator.py
[2022-12-04T21:26:02.403+0000] {processor.py:766} INFO - DAG(s) dict_keys(['example_branch_datetime_operator', 'example_branch_datetime_operator_2', 'example_branch_datetime_operator_3']) retrieved from /home/airflow/.local/lib/python3.7/site-packages/airflow/example_dags/example_branch_datetime_operator.py
[2022-12-04T21:26:02.503+0000] {logging_mixin.py:137} INFO - [2022-12-04T21:26:02.503+0000] {dag.py:2585} INFO - Sync 3 DAGs
[2022-12-04T21:26:02.563+0000] {logging_mixin.py:137} INFO - [2022-12-04T21:26:02.562+0000] {dag.py:3340} INFO - Setting next_dagrun for example_branch_datetime_operator to 2022-12-03T00:00:00+00:00, run_after=2022-12-04T00:00:00+00:00
[2022-12-04T21:26:02.574+0000] {logging_mixin.py:137} INFO - [2022-12-04T21:26:02.574+0000] {dag.py:3340} INFO - Setting next_dagrun for example_branch_datetime_operator_2 to 2022-12-03T00:00:00+00:00, run_after=2022-12-04T00:00:00+00:00
[2022-12-04T21:26:02.577+0000] {logging_mixin.py:137} INFO - [2022-12-04T21:26:02.577+0000] {dag.py:3340} INFO - Setting next_dagrun for example_branch_datetime_operator_3 to 2022-12-03T00:00:00+00:00, run_after=2022-12-04T00:00:00+00:00
[2022-12-04T21:26:02.606+0000] {processor.py:176} INFO - Processing /home/airflow/.local/lib/python3.7/site-packages/airflow/example_dags/example_branch_datetime_operator.py took 0.237 seconds
[2022-12-04T22:34:04.908+0000] {processor.py:154} INFO - Started process (PID=15934) to work on /home/airflow/.local/lib/python3.7/site-packages/airflow/example_dags/example_branch_datetime_operator.py
[2022-12-04T22:34:04.910+0000] {processor.py:756} INFO - Processing file /home/airflow/.local/lib/python3.7/site-packages/airflow/example_dags/example_branch_datetime_operator.py for tasks to queue
[2022-12-04T22:34:04.912+0000] {logging_mixin.py:137} INFO - [2022-12-04T22:34:04.912+0000] {dagbag.py:537} INFO - Filling up the DagBag from /home/airflow/.local/lib/python3.7/site-packages/airflow/example_dags/example_branch_datetime_operator.py
[2022-12-04T22:34:04.961+0000] {processor.py:766} INFO - DAG(s) dict_keys(['example_branch_datetime_operator_3', 'example_branch_datetime_operator_2', 'example_branch_datetime_operator']) retrieved from /home/airflow/.local/lib/python3.7/site-packages/airflow/example_dags/example_branch_datetime_operator.py
[2022-12-04T22:34:05.036+0000] {logging_mixin.py:137} INFO - [2022-12-04T22:34:05.036+0000] {dag.py:2585} INFO - Sync 3 DAGs
[2022-12-04T22:34:05.075+0000] {logging_mixin.py:137} INFO - [2022-12-04T22:34:05.075+0000] {dag.py:3340} INFO - Setting next_dagrun for example_branch_datetime_operator to 2022-12-03T00:00:00+00:00, run_after=2022-12-04T00:00:00+00:00
[2022-12-04T22:34:05.087+0000] {logging_mixin.py:137} INFO - [2022-12-04T22:34:05.086+0000] {dag.py:3340} INFO - Setting next_dagrun for example_branch_datetime_operator_2 to 2022-12-03T00:00:00+00:00, run_after=2022-12-04T00:00:00+00:00
[2022-12-04T22:34:05.092+0000] {logging_mixin.py:137} INFO - [2022-12-04T22:34:05.092+0000] {dag.py:3340} INFO - Setting next_dagrun for example_branch_datetime_operator_3 to 2022-12-03T00:00:00+00:00, run_after=2022-12-04T00:00:00+00:00
[2022-12-04T22:34:05.117+0000] {processor.py:176} INFO - Processing /home/airflow/.local/lib/python3.7/site-packages/airflow/example_dags/example_branch_datetime_operator.py took 0.211 seconds
[2022-12-04T22:52:27.072+0000] {processor.py:154} INFO - Started process (PID=15998) to work on /home/airflow/.local/lib/python3.7/site-packages/airflow/example_dags/example_branch_datetime_operator.py
[2022-12-04T22:52:27.073+0000] {processor.py:756} INFO - Processing file /home/airflow/.local/lib/python3.7/site-packages/airflow/example_dags/example_branch_datetime_operator.py for tasks to queue
[2022-12-04T22:52:27.074+0000] {logging_mixin.py:137} INFO - [2022-12-04T22:52:27.074+0000] {dagbag.py:537} INFO - Filling up the DagBag from /home/airflow/.local/lib/python3.7/site-packages/airflow/example_dags/example_branch_datetime_operator.py
[2022-12-04T22:52:27.091+0000] {processor.py:766} INFO - DAG(s) dict_keys(['example_branch_datetime_operator_2', 'example_branch_datetime_operator', 'example_branch_datetime_operator_3']) retrieved from /home/airflow/.local/lib/python3.7/site-packages/airflow/example_dags/example_branch_datetime_operator.py
[2022-12-04T22:52:27.145+0000] {logging_mixin.py:137} INFO - [2022-12-04T22:52:27.144+0000] {dag.py:2585} INFO - Sync 3 DAGs
[2022-12-04T22:52:27.182+0000] {logging_mixin.py:137} INFO - [2022-12-04T22:52:27.182+0000] {dag.py:3340} INFO - Setting next_dagrun for example_branch_datetime_operator to 2022-12-03T00:00:00+00:00, run_after=2022-12-04T00:00:00+00:00
[2022-12-04T22:52:27.191+0000] {logging_mixin.py:137} INFO - [2022-12-04T22:52:27.191+0000] {dag.py:3340} INFO - Setting next_dagrun for example_branch_datetime_operator_2 to 2022-12-03T00:00:00+00:00, run_after=2022-12-04T00:00:00+00:00
[2022-12-04T22:52:27.204+0000] {logging_mixin.py:137} INFO - [2022-12-04T22:52:27.204+0000] {dag.py:3340} INFO - Setting next_dagrun for example_branch_datetime_operator_3 to 2022-12-03T00:00:00+00:00, run_after=2022-12-04T00:00:00+00:00
[2022-12-04T22:52:27.226+0000] {processor.py:176} INFO - Processing /home/airflow/.local/lib/python3.7/site-packages/airflow/example_dags/example_branch_datetime_operator.py took 0.156 seconds
