[2022-12-04T00:57:34.047+0000] {processor.py:154} INFO - Started process (PID=14890) to work on /home/airflow/.local/lib/python3.7/site-packages/airflow/example_dags/example_sla_dag.py
[2022-12-04T00:57:34.048+0000] {processor.py:756} INFO - Processing file /home/airflow/.local/lib/python3.7/site-packages/airflow/example_dags/example_sla_dag.py for tasks to queue
[2022-12-04T00:57:34.050+0000] {logging_mixin.py:137} INFO - [2022-12-04T00:57:34.050+0000] {dagbag.py:537} INFO - Filling up the DagBag from /home/airflow/.local/lib/python3.7/site-packages/airflow/example_dags/example_sla_dag.py
[2022-12-04T00:57:34.065+0000] {processor.py:766} INFO - DAG(s) dict_keys(['example_sla_dag']) retrieved from /home/airflow/.local/lib/python3.7/site-packages/airflow/example_dags/example_sla_dag.py
[2022-12-04T00:57:34.092+0000] {logging_mixin.py:137} INFO - [2022-12-04T00:57:34.092+0000] {dag.py:2585} INFO - Sync 1 DAGs
[2022-12-04T00:57:34.109+0000] {logging_mixin.py:137} INFO - [2022-12-04T00:57:34.109+0000] {dag.py:3340} INFO - Setting next_dagrun for example_sla_dag to 2022-12-04T00:54:00+00:00, run_after=2022-12-04T00:56:00+00:00
[2022-12-04T00:57:34.121+0000] {processor.py:176} INFO - Processing /home/airflow/.local/lib/python3.7/site-packages/airflow/example_dags/example_sla_dag.py took 0.077 seconds
[2022-12-04T02:32:54.953+0000] {processor.py:154} INFO - Started process (PID=14958) to work on /home/airflow/.local/lib/python3.7/site-packages/airflow/example_dags/example_sla_dag.py
[2022-12-04T02:32:54.958+0000] {processor.py:756} INFO - Processing file /home/airflow/.local/lib/python3.7/site-packages/airflow/example_dags/example_sla_dag.py for tasks to queue
[2022-12-04T02:32:54.960+0000] {logging_mixin.py:137} INFO - [2022-12-04T02:32:54.960+0000] {dagbag.py:537} INFO - Filling up the DagBag from /home/airflow/.local/lib/python3.7/site-packages/airflow/example_dags/example_sla_dag.py
[2022-12-04T02:32:54.995+0000] {processor.py:766} INFO - DAG(s) dict_keys(['example_sla_dag']) retrieved from /home/airflow/.local/lib/python3.7/site-packages/airflow/example_dags/example_sla_dag.py
[2022-12-04T02:32:55.049+0000] {logging_mixin.py:137} INFO - [2022-12-04T02:32:55.049+0000] {dag.py:2585} INFO - Sync 1 DAGs
[2022-12-04T02:32:55.074+0000] {logging_mixin.py:137} INFO - [2022-12-04T02:32:55.074+0000] {dag.py:3340} INFO - Setting next_dagrun for example_sla_dag to 2022-12-04T02:30:00+00:00, run_after=2022-12-04T02:32:00+00:00
[2022-12-04T02:32:55.094+0000] {processor.py:176} INFO - Processing /home/airflow/.local/lib/python3.7/site-packages/airflow/example_dags/example_sla_dag.py took 0.149 seconds
[2022-12-04T03:55:41.819+0000] {processor.py:154} INFO - Started process (PID=15026) to work on /home/airflow/.local/lib/python3.7/site-packages/airflow/example_dags/example_sla_dag.py
[2022-12-04T03:55:41.821+0000] {processor.py:756} INFO - Processing file /home/airflow/.local/lib/python3.7/site-packages/airflow/example_dags/example_sla_dag.py for tasks to queue
[2022-12-04T03:55:41.822+0000] {logging_mixin.py:137} INFO - [2022-12-04T03:55:41.822+0000] {dagbag.py:537} INFO - Filling up the DagBag from /home/airflow/.local/lib/python3.7/site-packages/airflow/example_dags/example_sla_dag.py
[2022-12-04T03:55:41.836+0000] {processor.py:766} INFO - DAG(s) dict_keys(['example_sla_dag']) retrieved from /home/airflow/.local/lib/python3.7/site-packages/airflow/example_dags/example_sla_dag.py
[2022-12-04T03:55:41.863+0000] {logging_mixin.py:137} INFO - [2022-12-04T03:55:41.863+0000] {dag.py:2585} INFO - Sync 1 DAGs
[2022-12-04T03:55:41.882+0000] {logging_mixin.py:137} INFO - [2022-12-04T03:55:41.882+0000] {dag.py:3340} INFO - Setting next_dagrun for example_sla_dag to 2022-12-04T03:52:00+00:00, run_after=2022-12-04T03:54:00+00:00
[2022-12-04T03:55:41.895+0000] {processor.py:176} INFO - Processing /home/airflow/.local/lib/python3.7/site-packages/airflow/example_dags/example_sla_dag.py took 0.079 seconds
[2022-12-04T05:30:17.725+0000] {processor.py:154} INFO - Started process (PID=15094) to work on /home/airflow/.local/lib/python3.7/site-packages/airflow/example_dags/example_sla_dag.py
[2022-12-04T05:30:17.727+0000] {processor.py:756} INFO - Processing file /home/airflow/.local/lib/python3.7/site-packages/airflow/example_dags/example_sla_dag.py for tasks to queue
[2022-12-04T05:30:17.729+0000] {logging_mixin.py:137} INFO - [2022-12-04T05:30:17.728+0000] {dagbag.py:537} INFO - Filling up the DagBag from /home/airflow/.local/lib/python3.7/site-packages/airflow/example_dags/example_sla_dag.py
[2022-12-04T05:30:17.743+0000] {processor.py:766} INFO - DAG(s) dict_keys(['example_sla_dag']) retrieved from /home/airflow/.local/lib/python3.7/site-packages/airflow/example_dags/example_sla_dag.py
[2022-12-04T05:30:17.771+0000] {logging_mixin.py:137} INFO - [2022-12-04T05:30:17.771+0000] {dag.py:2585} INFO - Sync 1 DAGs
[2022-12-04T05:30:17.790+0000] {logging_mixin.py:137} INFO - [2022-12-04T05:30:17.790+0000] {dag.py:3340} INFO - Setting next_dagrun for example_sla_dag to 2022-12-04T05:28:00+00:00, run_after=2022-12-04T05:30:00+00:00
[2022-12-04T05:30:17.803+0000] {processor.py:176} INFO - Processing /home/airflow/.local/lib/python3.7/site-packages/airflow/example_dags/example_sla_dag.py took 0.080 seconds
[2022-12-04T06:53:37.789+0000] {processor.py:154} INFO - Started process (PID=15150) to work on /home/airflow/.local/lib/python3.7/site-packages/airflow/example_dags/example_sla_dag.py
[2022-12-04T06:53:37.792+0000] {processor.py:756} INFO - Processing file /home/airflow/.local/lib/python3.7/site-packages/airflow/example_dags/example_sla_dag.py for tasks to queue
[2022-12-04T06:53:37.793+0000] {logging_mixin.py:137} INFO - [2022-12-04T06:53:37.793+0000] {dagbag.py:537} INFO - Filling up the DagBag from /home/airflow/.local/lib/python3.7/site-packages/airflow/example_dags/example_sla_dag.py
[2022-12-04T06:53:37.811+0000] {processor.py:766} INFO - DAG(s) dict_keys(['example_sla_dag']) retrieved from /home/airflow/.local/lib/python3.7/site-packages/airflow/example_dags/example_sla_dag.py
[2022-12-04T06:53:37.845+0000] {logging_mixin.py:137} INFO - [2022-12-04T06:53:37.844+0000] {dag.py:2585} INFO - Sync 1 DAGs
[2022-12-04T06:53:37.870+0000] {logging_mixin.py:137} INFO - [2022-12-04T06:53:37.869+0000] {dag.py:3340} INFO - Setting next_dagrun for example_sla_dag to 2022-12-04T06:50:00+00:00, run_after=2022-12-04T06:52:00+00:00
[2022-12-04T06:53:37.886+0000] {processor.py:176} INFO - Processing /home/airflow/.local/lib/python3.7/site-packages/airflow/example_dags/example_sla_dag.py took 0.101 seconds
[2022-12-04T08:30:44.613+0000] {processor.py:154} INFO - Started process (PID=15217) to work on /home/airflow/.local/lib/python3.7/site-packages/airflow/example_dags/example_sla_dag.py
[2022-12-04T08:30:44.615+0000] {processor.py:756} INFO - Processing file /home/airflow/.local/lib/python3.7/site-packages/airflow/example_dags/example_sla_dag.py for tasks to queue
[2022-12-04T08:30:44.616+0000] {logging_mixin.py:137} INFO - [2022-12-04T08:30:44.616+0000] {dagbag.py:537} INFO - Filling up the DagBag from /home/airflow/.local/lib/python3.7/site-packages/airflow/example_dags/example_sla_dag.py
[2022-12-04T08:30:44.630+0000] {processor.py:766} INFO - DAG(s) dict_keys(['example_sla_dag']) retrieved from /home/airflow/.local/lib/python3.7/site-packages/airflow/example_dags/example_sla_dag.py
[2022-12-04T08:30:44.658+0000] {logging_mixin.py:137} INFO - [2022-12-04T08:30:44.658+0000] {dag.py:2585} INFO - Sync 1 DAGs
[2022-12-04T08:30:44.676+0000] {logging_mixin.py:137} INFO - [2022-12-04T08:30:44.676+0000] {dag.py:3340} INFO - Setting next_dagrun for example_sla_dag to 2022-12-04T08:28:00+00:00, run_after=2022-12-04T08:30:00+00:00
[2022-12-04T08:30:44.689+0000] {processor.py:176} INFO - Processing /home/airflow/.local/lib/python3.7/site-packages/airflow/example_dags/example_sla_dag.py took 0.077 seconds
[2022-12-04T10:09:30.077+0000] {processor.py:154} INFO - Started process (PID=15284) to work on /home/airflow/.local/lib/python3.7/site-packages/airflow/example_dags/example_sla_dag.py
[2022-12-04T10:09:30.079+0000] {processor.py:756} INFO - Processing file /home/airflow/.local/lib/python3.7/site-packages/airflow/example_dags/example_sla_dag.py for tasks to queue
[2022-12-04T10:09:30.081+0000] {logging_mixin.py:137} INFO - [2022-12-04T10:09:30.081+0000] {dagbag.py:537} INFO - Filling up the DagBag from /home/airflow/.local/lib/python3.7/site-packages/airflow/example_dags/example_sla_dag.py
[2022-12-04T10:09:30.096+0000] {processor.py:766} INFO - DAG(s) dict_keys(['example_sla_dag']) retrieved from /home/airflow/.local/lib/python3.7/site-packages/airflow/example_dags/example_sla_dag.py
[2022-12-04T10:09:30.122+0000] {logging_mixin.py:137} INFO - [2022-12-04T10:09:30.122+0000] {dag.py:2585} INFO - Sync 1 DAGs
[2022-12-04T10:09:30.142+0000] {logging_mixin.py:137} INFO - [2022-12-04T10:09:30.142+0000] {dag.py:3340} INFO - Setting next_dagrun for example_sla_dag to 2022-12-04T10:06:00+00:00, run_after=2022-12-04T10:08:00+00:00
[2022-12-04T10:09:30.154+0000] {processor.py:176} INFO - Processing /home/airflow/.local/lib/python3.7/site-packages/airflow/example_dags/example_sla_dag.py took 0.080 seconds
[2022-12-04T11:31:36.099+0000] {processor.py:154} INFO - Started process (PID=15348) to work on /home/airflow/.local/lib/python3.7/site-packages/airflow/example_dags/example_sla_dag.py
[2022-12-04T11:31:36.101+0000] {processor.py:756} INFO - Processing file /home/airflow/.local/lib/python3.7/site-packages/airflow/example_dags/example_sla_dag.py for tasks to queue
[2022-12-04T11:31:36.103+0000] {logging_mixin.py:137} INFO - [2022-12-04T11:31:36.103+0000] {dagbag.py:537} INFO - Filling up the DagBag from /home/airflow/.local/lib/python3.7/site-packages/airflow/example_dags/example_sla_dag.py
[2022-12-04T11:31:36.119+0000] {processor.py:766} INFO - DAG(s) dict_keys(['example_sla_dag']) retrieved from /home/airflow/.local/lib/python3.7/site-packages/airflow/example_dags/example_sla_dag.py
[2022-12-04T11:31:36.147+0000] {logging_mixin.py:137} INFO - [2022-12-04T11:31:36.146+0000] {dag.py:2585} INFO - Sync 1 DAGs
[2022-12-04T11:31:36.170+0000] {logging_mixin.py:137} INFO - [2022-12-04T11:31:36.170+0000] {dag.py:3340} INFO - Setting next_dagrun for example_sla_dag to 2022-12-04T11:28:00+00:00, run_after=2022-12-04T11:30:00+00:00
[2022-12-04T11:31:36.187+0000] {processor.py:176} INFO - Processing /home/airflow/.local/lib/python3.7/site-packages/airflow/example_dags/example_sla_dag.py took 0.091 seconds
[2022-12-04T12:30:16.255+0000] {processor.py:154} INFO - Started process (PID=15422) to work on /home/airflow/.local/lib/python3.7/site-packages/airflow/example_dags/example_sla_dag.py
[2022-12-04T12:30:16.257+0000] {processor.py:756} INFO - Processing file /home/airflow/.local/lib/python3.7/site-packages/airflow/example_dags/example_sla_dag.py for tasks to queue
[2022-12-04T12:30:16.259+0000] {logging_mixin.py:137} INFO - [2022-12-04T12:30:16.259+0000] {dagbag.py:537} INFO - Filling up the DagBag from /home/airflow/.local/lib/python3.7/site-packages/airflow/example_dags/example_sla_dag.py
[2022-12-04T12:30:16.281+0000] {processor.py:766} INFO - DAG(s) dict_keys(['example_sla_dag']) retrieved from /home/airflow/.local/lib/python3.7/site-packages/airflow/example_dags/example_sla_dag.py
[2022-12-04T12:30:16.334+0000] {logging_mixin.py:137} INFO - [2022-12-04T12:30:16.334+0000] {dag.py:2585} INFO - Sync 1 DAGs
[2022-12-04T12:30:16.368+0000] {logging_mixin.py:137} INFO - [2022-12-04T12:30:16.368+0000] {dag.py:3340} INFO - Setting next_dagrun for example_sla_dag to 2022-12-04T12:28:00+00:00, run_after=2022-12-04T12:30:00+00:00
[2022-12-04T12:30:16.389+0000] {processor.py:176} INFO - Processing /home/airflow/.local/lib/python3.7/site-packages/airflow/example_dags/example_sla_dag.py took 0.136 seconds
[2022-12-04T14:08:56.917+0000] {processor.py:154} INFO - Started process (PID=15478) to work on /home/airflow/.local/lib/python3.7/site-packages/airflow/example_dags/example_sla_dag.py
[2022-12-04T14:08:56.919+0000] {processor.py:756} INFO - Processing file /home/airflow/.local/lib/python3.7/site-packages/airflow/example_dags/example_sla_dag.py for tasks to queue
[2022-12-04T14:08:56.920+0000] {logging_mixin.py:137} INFO - [2022-12-04T14:08:56.920+0000] {dagbag.py:537} INFO - Filling up the DagBag from /home/airflow/.local/lib/python3.7/site-packages/airflow/example_dags/example_sla_dag.py
[2022-12-04T14:08:56.935+0000] {processor.py:766} INFO - DAG(s) dict_keys(['example_sla_dag']) retrieved from /home/airflow/.local/lib/python3.7/site-packages/airflow/example_dags/example_sla_dag.py
[2022-12-04T14:08:56.961+0000] {logging_mixin.py:137} INFO - [2022-12-04T14:08:56.961+0000] {dag.py:2585} INFO - Sync 1 DAGs
[2022-12-04T14:08:56.977+0000] {logging_mixin.py:137} INFO - [2022-12-04T14:08:56.977+0000] {dag.py:3340} INFO - Setting next_dagrun for example_sla_dag to 2022-12-04T14:06:00+00:00, run_after=2022-12-04T14:08:00+00:00
[2022-12-04T14:08:56.990+0000] {processor.py:176} INFO - Processing /home/airflow/.local/lib/python3.7/site-packages/airflow/example_dags/example_sla_dag.py took 0.076 seconds
[2022-12-04T15:33:47.637+0000] {processor.py:154} INFO - Started process (PID=15548) to work on /home/airflow/.local/lib/python3.7/site-packages/airflow/example_dags/example_sla_dag.py
[2022-12-04T15:33:47.639+0000] {processor.py:756} INFO - Processing file /home/airflow/.local/lib/python3.7/site-packages/airflow/example_dags/example_sla_dag.py for tasks to queue
[2022-12-04T15:33:47.640+0000] {logging_mixin.py:137} INFO - [2022-12-04T15:33:47.640+0000] {dagbag.py:537} INFO - Filling up the DagBag from /home/airflow/.local/lib/python3.7/site-packages/airflow/example_dags/example_sla_dag.py
[2022-12-04T15:33:47.654+0000] {processor.py:766} INFO - DAG(s) dict_keys(['example_sla_dag']) retrieved from /home/airflow/.local/lib/python3.7/site-packages/airflow/example_dags/example_sla_dag.py
[2022-12-04T15:33:47.683+0000] {logging_mixin.py:137} INFO - [2022-12-04T15:33:47.683+0000] {dag.py:2585} INFO - Sync 1 DAGs
[2022-12-04T15:33:47.707+0000] {logging_mixin.py:137} INFO - [2022-12-04T15:33:47.707+0000] {dag.py:3340} INFO - Setting next_dagrun for example_sla_dag to 2022-12-04T15:30:00+00:00, run_after=2022-12-04T15:32:00+00:00
[2022-12-04T15:33:47.719+0000] {processor.py:176} INFO - Processing /home/airflow/.local/lib/python3.7/site-packages/airflow/example_dags/example_sla_dag.py took 0.085 seconds
[2022-12-04T16:56:20.348+0000] {processor.py:154} INFO - Started process (PID=15616) to work on /home/airflow/.local/lib/python3.7/site-packages/airflow/example_dags/example_sla_dag.py
[2022-12-04T16:56:20.350+0000] {processor.py:756} INFO - Processing file /home/airflow/.local/lib/python3.7/site-packages/airflow/example_dags/example_sla_dag.py for tasks to queue
[2022-12-04T16:56:20.351+0000] {logging_mixin.py:137} INFO - [2022-12-04T16:56:20.351+0000] {dagbag.py:537} INFO - Filling up the DagBag from /home/airflow/.local/lib/python3.7/site-packages/airflow/example_dags/example_sla_dag.py
[2022-12-04T16:56:20.365+0000] {processor.py:766} INFO - DAG(s) dict_keys(['example_sla_dag']) retrieved from /home/airflow/.local/lib/python3.7/site-packages/airflow/example_dags/example_sla_dag.py
[2022-12-04T16:56:20.392+0000] {logging_mixin.py:137} INFO - [2022-12-04T16:56:20.392+0000] {dag.py:2585} INFO - Sync 1 DAGs
[2022-12-04T16:56:20.409+0000] {logging_mixin.py:137} INFO - [2022-12-04T16:56:20.409+0000] {dag.py:3340} INFO - Setting next_dagrun for example_sla_dag to 2022-12-04T16:54:00+00:00, run_after=2022-12-04T16:56:00+00:00
[2022-12-04T16:56:20.421+0000] {processor.py:176} INFO - Processing /home/airflow/.local/lib/python3.7/site-packages/airflow/example_dags/example_sla_dag.py took 0.075 seconds
[2022-12-04T18:19:32.205+0000] {processor.py:154} INFO - Started process (PID=15674) to work on /home/airflow/.local/lib/python3.7/site-packages/airflow/example_dags/example_sla_dag.py
[2022-12-04T18:19:32.207+0000] {processor.py:756} INFO - Processing file /home/airflow/.local/lib/python3.7/site-packages/airflow/example_dags/example_sla_dag.py for tasks to queue
[2022-12-04T18:19:32.209+0000] {logging_mixin.py:137} INFO - [2022-12-04T18:19:32.209+0000] {dagbag.py:537} INFO - Filling up the DagBag from /home/airflow/.local/lib/python3.7/site-packages/airflow/example_dags/example_sla_dag.py
[2022-12-04T18:19:32.241+0000] {processor.py:766} INFO - DAG(s) dict_keys(['example_sla_dag']) retrieved from /home/airflow/.local/lib/python3.7/site-packages/airflow/example_dags/example_sla_dag.py
[2022-12-04T18:19:32.311+0000] {logging_mixin.py:137} INFO - [2022-12-04T18:19:32.311+0000] {dag.py:2585} INFO - Sync 1 DAGs
[2022-12-04T18:19:32.338+0000] {logging_mixin.py:137} INFO - [2022-12-04T18:19:32.338+0000] {dag.py:3340} INFO - Setting next_dagrun for example_sla_dag to 2022-12-04T18:16:00+00:00, run_after=2022-12-04T18:18:00+00:00
[2022-12-04T18:19:32.354+0000] {processor.py:176} INFO - Processing /home/airflow/.local/lib/python3.7/site-packages/airflow/example_dags/example_sla_dag.py took 0.153 seconds
[2022-12-04T19:16:12.738+0000] {processor.py:154} INFO - Started process (PID=15748) to work on /home/airflow/.local/lib/python3.7/site-packages/airflow/example_dags/example_sla_dag.py
[2022-12-04T19:16:12.742+0000] {processor.py:756} INFO - Processing file /home/airflow/.local/lib/python3.7/site-packages/airflow/example_dags/example_sla_dag.py for tasks to queue
[2022-12-04T19:16:12.745+0000] {logging_mixin.py:137} INFO - [2022-12-04T19:16:12.745+0000] {dagbag.py:537} INFO - Filling up the DagBag from /home/airflow/.local/lib/python3.7/site-packages/airflow/example_dags/example_sla_dag.py
[2022-12-04T19:16:12.779+0000] {processor.py:766} INFO - DAG(s) dict_keys(['example_sla_dag']) retrieved from /home/airflow/.local/lib/python3.7/site-packages/airflow/example_dags/example_sla_dag.py
[2022-12-04T19:16:12.850+0000] {logging_mixin.py:137} INFO - [2022-12-04T19:16:12.850+0000] {dag.py:2585} INFO - Sync 1 DAGs
[2022-12-04T19:16:12.888+0000] {logging_mixin.py:137} INFO - [2022-12-04T19:16:12.888+0000] {dag.py:3340} INFO - Setting next_dagrun for example_sla_dag to 2022-12-04T19:14:00+00:00, run_after=2022-12-04T19:16:00+00:00
[2022-12-04T19:16:12.948+0000] {processor.py:176} INFO - Processing /home/airflow/.local/lib/python3.7/site-packages/airflow/example_dags/example_sla_dag.py took 0.213 seconds
[2022-12-04T20:04:51.508+0000] {processor.py:154} INFO - Started process (PID=15816) to work on /home/airflow/.local/lib/python3.7/site-packages/airflow/example_dags/example_sla_dag.py
[2022-12-04T20:04:51.510+0000] {processor.py:756} INFO - Processing file /home/airflow/.local/lib/python3.7/site-packages/airflow/example_dags/example_sla_dag.py for tasks to queue
[2022-12-04T20:04:51.511+0000] {logging_mixin.py:137} INFO - [2022-12-04T20:04:51.511+0000] {dagbag.py:537} INFO - Filling up the DagBag from /home/airflow/.local/lib/python3.7/site-packages/airflow/example_dags/example_sla_dag.py
[2022-12-04T20:04:51.529+0000] {processor.py:766} INFO - DAG(s) dict_keys(['example_sla_dag']) retrieved from /home/airflow/.local/lib/python3.7/site-packages/airflow/example_dags/example_sla_dag.py
[2022-12-04T20:04:51.556+0000] {logging_mixin.py:137} INFO - [2022-12-04T20:04:51.556+0000] {dag.py:2585} INFO - Sync 1 DAGs
[2022-12-04T20:04:51.574+0000] {logging_mixin.py:137} INFO - [2022-12-04T20:04:51.574+0000] {dag.py:3340} INFO - Setting next_dagrun for example_sla_dag to 2022-12-04T20:02:00+00:00, run_after=2022-12-04T20:04:00+00:00
[2022-12-04T20:04:51.586+0000] {processor.py:176} INFO - Processing /home/airflow/.local/lib/python3.7/site-packages/airflow/example_dags/example_sla_dag.py took 0.080 seconds
[2022-12-04T21:26:03.219+0000] {processor.py:154} INFO - Started process (PID=15888) to work on /home/airflow/.local/lib/python3.7/site-packages/airflow/example_dags/example_sla_dag.py
[2022-12-04T21:26:03.221+0000] {processor.py:756} INFO - Processing file /home/airflow/.local/lib/python3.7/site-packages/airflow/example_dags/example_sla_dag.py for tasks to queue
[2022-12-04T21:26:03.223+0000] {logging_mixin.py:137} INFO - [2022-12-04T21:26:03.223+0000] {dagbag.py:537} INFO - Filling up the DagBag from /home/airflow/.local/lib/python3.7/site-packages/airflow/example_dags/example_sla_dag.py
[2022-12-04T21:26:03.236+0000] {processor.py:766} INFO - DAG(s) dict_keys(['example_sla_dag']) retrieved from /home/airflow/.local/lib/python3.7/site-packages/airflow/example_dags/example_sla_dag.py
[2022-12-04T21:26:03.264+0000] {logging_mixin.py:137} INFO - [2022-12-04T21:26:03.264+0000] {dag.py:2585} INFO - Sync 1 DAGs
[2022-12-04T21:26:03.282+0000] {logging_mixin.py:137} INFO - [2022-12-04T21:26:03.282+0000] {dag.py:3340} INFO - Setting next_dagrun for example_sla_dag to 2022-12-04T21:24:00+00:00, run_after=2022-12-04T21:26:00+00:00
[2022-12-04T21:26:03.294+0000] {processor.py:176} INFO - Processing /home/airflow/.local/lib/python3.7/site-packages/airflow/example_dags/example_sla_dag.py took 0.077 seconds
[2022-12-04T22:34:06.317+0000] {processor.py:154} INFO - Started process (PID=15952) to work on /home/airflow/.local/lib/python3.7/site-packages/airflow/example_dags/example_sla_dag.py
[2022-12-04T22:34:06.318+0000] {processor.py:756} INFO - Processing file /home/airflow/.local/lib/python3.7/site-packages/airflow/example_dags/example_sla_dag.py for tasks to queue
[2022-12-04T22:34:06.320+0000] {logging_mixin.py:137} INFO - [2022-12-04T22:34:06.320+0000] {dagbag.py:537} INFO - Filling up the DagBag from /home/airflow/.local/lib/python3.7/site-packages/airflow/example_dags/example_sla_dag.py
[2022-12-04T22:34:06.338+0000] {processor.py:766} INFO - DAG(s) dict_keys(['example_sla_dag']) retrieved from /home/airflow/.local/lib/python3.7/site-packages/airflow/example_dags/example_sla_dag.py
[2022-12-04T22:34:06.375+0000] {logging_mixin.py:137} INFO - [2022-12-04T22:34:06.374+0000] {dag.py:2585} INFO - Sync 1 DAGs
[2022-12-04T22:34:06.400+0000] {logging_mixin.py:137} INFO - [2022-12-04T22:34:06.400+0000] {dag.py:3340} INFO - Setting next_dagrun for example_sla_dag to 2022-12-04T22:32:00+00:00, run_after=2022-12-04T22:34:00+00:00
[2022-12-04T22:34:06.423+0000] {processor.py:176} INFO - Processing /home/airflow/.local/lib/python3.7/site-packages/airflow/example_dags/example_sla_dag.py took 0.110 seconds
[2022-12-04T22:52:28.302+0000] {processor.py:154} INFO - Started process (PID=16008) to work on /home/airflow/.local/lib/python3.7/site-packages/airflow/example_dags/example_sla_dag.py
[2022-12-04T22:52:28.303+0000] {processor.py:756} INFO - Processing file /home/airflow/.local/lib/python3.7/site-packages/airflow/example_dags/example_sla_dag.py for tasks to queue
[2022-12-04T22:52:28.305+0000] {logging_mixin.py:137} INFO - [2022-12-04T22:52:28.305+0000] {dagbag.py:537} INFO - Filling up the DagBag from /home/airflow/.local/lib/python3.7/site-packages/airflow/example_dags/example_sla_dag.py
[2022-12-04T22:52:28.321+0000] {processor.py:766} INFO - DAG(s) dict_keys(['example_sla_dag']) retrieved from /home/airflow/.local/lib/python3.7/site-packages/airflow/example_dags/example_sla_dag.py
[2022-12-04T22:52:28.349+0000] {logging_mixin.py:137} INFO - [2022-12-04T22:52:28.349+0000] {dag.py:2585} INFO - Sync 1 DAGs
[2022-12-04T22:52:28.370+0000] {logging_mixin.py:137} INFO - [2022-12-04T22:52:28.370+0000] {dag.py:3340} INFO - Setting next_dagrun for example_sla_dag to 2022-12-04T22:50:00+00:00, run_after=2022-12-04T22:52:00+00:00
[2022-12-04T22:52:28.384+0000] {processor.py:176} INFO - Processing /home/airflow/.local/lib/python3.7/site-packages/airflow/example_dags/example_sla_dag.py took 0.086 seconds
