[2022-12-04T00:57:33.726+0000] {processor.py:154} INFO - Started process (PID=14886) to work on /home/airflow/.local/lib/python3.7/site-packages/airflow/example_dags/example_branch_python_dop_operator_3.py
[2022-12-04T00:57:33.728+0000] {processor.py:756} INFO - Processing file /home/airflow/.local/lib/python3.7/site-packages/airflow/example_dags/example_branch_python_dop_operator_3.py for tasks to queue
[2022-12-04T00:57:33.730+0000] {logging_mixin.py:137} INFO - [2022-12-04T00:57:33.730+0000] {dagbag.py:537} INFO - Filling up the DagBag from /home/airflow/.local/lib/python3.7/site-packages/airflow/example_dags/example_branch_python_dop_operator_3.py
[2022-12-04T00:57:33.747+0000] {processor.py:766} INFO - DAG(s) dict_keys(['example_branch_dop_operator_v3']) retrieved from /home/airflow/.local/lib/python3.7/site-packages/airflow/example_dags/example_branch_python_dop_operator_3.py
[2022-12-04T00:57:33.776+0000] {logging_mixin.py:137} INFO - [2022-12-04T00:57:33.776+0000] {dag.py:2585} INFO - Sync 1 DAGs
[2022-12-04T00:57:33.795+0000] {logging_mixin.py:137} INFO - [2022-12-04T00:57:33.795+0000] {dag.py:3340} INFO - Setting next_dagrun for example_branch_dop_operator_v3 to 2022-12-04T00:56:00+00:00, run_after=2022-12-04T00:57:00+00:00
[2022-12-04T00:57:33.808+0000] {processor.py:176} INFO - Processing /home/airflow/.local/lib/python3.7/site-packages/airflow/example_dags/example_branch_python_dop_operator_3.py took 0.084 seconds
[2022-12-04T02:32:54.399+0000] {processor.py:154} INFO - Started process (PID=14954) to work on /home/airflow/.local/lib/python3.7/site-packages/airflow/example_dags/example_branch_python_dop_operator_3.py
[2022-12-04T02:32:54.403+0000] {processor.py:756} INFO - Processing file /home/airflow/.local/lib/python3.7/site-packages/airflow/example_dags/example_branch_python_dop_operator_3.py for tasks to queue
[2022-12-04T02:32:54.404+0000] {logging_mixin.py:137} INFO - [2022-12-04T02:32:54.404+0000] {dagbag.py:537} INFO - Filling up the DagBag from /home/airflow/.local/lib/python3.7/site-packages/airflow/example_dags/example_branch_python_dop_operator_3.py
[2022-12-04T02:32:54.428+0000] {processor.py:766} INFO - DAG(s) dict_keys(['example_branch_dop_operator_v3']) retrieved from /home/airflow/.local/lib/python3.7/site-packages/airflow/example_dags/example_branch_python_dop_operator_3.py
[2022-12-04T02:32:54.477+0000] {logging_mixin.py:137} INFO - [2022-12-04T02:32:54.477+0000] {dag.py:2585} INFO - Sync 1 DAGs
[2022-12-04T02:32:54.506+0000] {logging_mixin.py:137} INFO - [2022-12-04T02:32:54.506+0000] {dag.py:3340} INFO - Setting next_dagrun for example_branch_dop_operator_v3 to 2022-12-04T02:31:00+00:00, run_after=2022-12-04T02:32:00+00:00
[2022-12-04T02:32:54.545+0000] {processor.py:176} INFO - Processing /home/airflow/.local/lib/python3.7/site-packages/airflow/example_dags/example_branch_python_dop_operator_3.py took 0.149 seconds
[2022-12-04T03:55:41.617+0000] {processor.py:154} INFO - Started process (PID=15022) to work on /home/airflow/.local/lib/python3.7/site-packages/airflow/example_dags/example_branch_python_dop_operator_3.py
[2022-12-04T03:55:41.619+0000] {processor.py:756} INFO - Processing file /home/airflow/.local/lib/python3.7/site-packages/airflow/example_dags/example_branch_python_dop_operator_3.py for tasks to queue
[2022-12-04T03:55:41.620+0000] {logging_mixin.py:137} INFO - [2022-12-04T03:55:41.620+0000] {dagbag.py:537} INFO - Filling up the DagBag from /home/airflow/.local/lib/python3.7/site-packages/airflow/example_dags/example_branch_python_dop_operator_3.py
[2022-12-04T03:55:41.634+0000] {processor.py:766} INFO - DAG(s) dict_keys(['example_branch_dop_operator_v3']) retrieved from /home/airflow/.local/lib/python3.7/site-packages/airflow/example_dags/example_branch_python_dop_operator_3.py
[2022-12-04T03:55:41.661+0000] {logging_mixin.py:137} INFO - [2022-12-04T03:55:41.660+0000] {dag.py:2585} INFO - Sync 1 DAGs
[2022-12-04T03:55:41.678+0000] {logging_mixin.py:137} INFO - [2022-12-04T03:55:41.677+0000] {dag.py:3340} INFO - Setting next_dagrun for example_branch_dop_operator_v3 to 2022-12-04T03:54:00+00:00, run_after=2022-12-04T03:55:00+00:00
[2022-12-04T03:55:41.691+0000] {processor.py:176} INFO - Processing /home/airflow/.local/lib/python3.7/site-packages/airflow/example_dags/example_branch_python_dop_operator_3.py took 0.075 seconds
[2022-12-04T05:30:17.518+0000] {processor.py:154} INFO - Started process (PID=15090) to work on /home/airflow/.local/lib/python3.7/site-packages/airflow/example_dags/example_branch_python_dop_operator_3.py
[2022-12-04T05:30:17.520+0000] {processor.py:756} INFO - Processing file /home/airflow/.local/lib/python3.7/site-packages/airflow/example_dags/example_branch_python_dop_operator_3.py for tasks to queue
[2022-12-04T05:30:17.521+0000] {logging_mixin.py:137} INFO - [2022-12-04T05:30:17.521+0000] {dagbag.py:537} INFO - Filling up the DagBag from /home/airflow/.local/lib/python3.7/site-packages/airflow/example_dags/example_branch_python_dop_operator_3.py
[2022-12-04T05:30:17.535+0000] {processor.py:766} INFO - DAG(s) dict_keys(['example_branch_dop_operator_v3']) retrieved from /home/airflow/.local/lib/python3.7/site-packages/airflow/example_dags/example_branch_python_dop_operator_3.py
[2022-12-04T05:30:17.560+0000] {logging_mixin.py:137} INFO - [2022-12-04T05:30:17.560+0000] {dag.py:2585} INFO - Sync 1 DAGs
[2022-12-04T05:30:17.578+0000] {logging_mixin.py:137} INFO - [2022-12-04T05:30:17.578+0000] {dag.py:3340} INFO - Setting next_dagrun for example_branch_dop_operator_v3 to 2022-12-04T05:29:00+00:00, run_after=2022-12-04T05:30:00+00:00
[2022-12-04T05:30:17.590+0000] {processor.py:176} INFO - Processing /home/airflow/.local/lib/python3.7/site-packages/airflow/example_dags/example_branch_python_dop_operator_3.py took 0.074 seconds
[2022-12-04T06:53:37.571+0000] {processor.py:154} INFO - Started process (PID=15146) to work on /home/airflow/.local/lib/python3.7/site-packages/airflow/example_dags/example_branch_python_dop_operator_3.py
[2022-12-04T06:53:37.572+0000] {processor.py:756} INFO - Processing file /home/airflow/.local/lib/python3.7/site-packages/airflow/example_dags/example_branch_python_dop_operator_3.py for tasks to queue
[2022-12-04T06:53:37.573+0000] {logging_mixin.py:137} INFO - [2022-12-04T06:53:37.573+0000] {dagbag.py:537} INFO - Filling up the DagBag from /home/airflow/.local/lib/python3.7/site-packages/airflow/example_dags/example_branch_python_dop_operator_3.py
[2022-12-04T06:53:37.588+0000] {processor.py:766} INFO - DAG(s) dict_keys(['example_branch_dop_operator_v3']) retrieved from /home/airflow/.local/lib/python3.7/site-packages/airflow/example_dags/example_branch_python_dop_operator_3.py
[2022-12-04T06:53:37.620+0000] {logging_mixin.py:137} INFO - [2022-12-04T06:53:37.620+0000] {dag.py:2585} INFO - Sync 1 DAGs
[2022-12-04T06:53:37.638+0000] {logging_mixin.py:137} INFO - [2022-12-04T06:53:37.638+0000] {dag.py:3340} INFO - Setting next_dagrun for example_branch_dop_operator_v3 to 2022-12-04T06:52:00+00:00, run_after=2022-12-04T06:53:00+00:00
[2022-12-04T06:53:37.654+0000] {processor.py:176} INFO - Processing /home/airflow/.local/lib/python3.7/site-packages/airflow/example_dags/example_branch_python_dop_operator_3.py took 0.086 seconds
[2022-12-04T08:30:44.414+0000] {processor.py:154} INFO - Started process (PID=15213) to work on /home/airflow/.local/lib/python3.7/site-packages/airflow/example_dags/example_branch_python_dop_operator_3.py
[2022-12-04T08:30:44.416+0000] {processor.py:756} INFO - Processing file /home/airflow/.local/lib/python3.7/site-packages/airflow/example_dags/example_branch_python_dop_operator_3.py for tasks to queue
[2022-12-04T08:30:44.418+0000] {logging_mixin.py:137} INFO - [2022-12-04T08:30:44.418+0000] {dagbag.py:537} INFO - Filling up the DagBag from /home/airflow/.local/lib/python3.7/site-packages/airflow/example_dags/example_branch_python_dop_operator_3.py
[2022-12-04T08:30:44.434+0000] {processor.py:766} INFO - DAG(s) dict_keys(['example_branch_dop_operator_v3']) retrieved from /home/airflow/.local/lib/python3.7/site-packages/airflow/example_dags/example_branch_python_dop_operator_3.py
[2022-12-04T08:30:44.461+0000] {logging_mixin.py:137} INFO - [2022-12-04T08:30:44.461+0000] {dag.py:2585} INFO - Sync 1 DAGs
[2022-12-04T08:30:44.479+0000] {logging_mixin.py:137} INFO - [2022-12-04T08:30:44.479+0000] {dag.py:3340} INFO - Setting next_dagrun for example_branch_dop_operator_v3 to 2022-12-04T08:29:00+00:00, run_after=2022-12-04T08:30:00+00:00
[2022-12-04T08:30:44.492+0000] {processor.py:176} INFO - Processing /home/airflow/.local/lib/python3.7/site-packages/airflow/example_dags/example_branch_python_dop_operator_3.py took 0.079 seconds
[2022-12-04T10:09:29.864+0000] {processor.py:154} INFO - Started process (PID=15280) to work on /home/airflow/.local/lib/python3.7/site-packages/airflow/example_dags/example_branch_python_dop_operator_3.py
[2022-12-04T10:09:29.866+0000] {processor.py:756} INFO - Processing file /home/airflow/.local/lib/python3.7/site-packages/airflow/example_dags/example_branch_python_dop_operator_3.py for tasks to queue
[2022-12-04T10:09:29.867+0000] {logging_mixin.py:137} INFO - [2022-12-04T10:09:29.867+0000] {dagbag.py:537} INFO - Filling up the DagBag from /home/airflow/.local/lib/python3.7/site-packages/airflow/example_dags/example_branch_python_dop_operator_3.py
[2022-12-04T10:09:29.881+0000] {processor.py:766} INFO - DAG(s) dict_keys(['example_branch_dop_operator_v3']) retrieved from /home/airflow/.local/lib/python3.7/site-packages/airflow/example_dags/example_branch_python_dop_operator_3.py
[2022-12-04T10:09:29.907+0000] {logging_mixin.py:137} INFO - [2022-12-04T10:09:29.907+0000] {dag.py:2585} INFO - Sync 1 DAGs
[2022-12-04T10:09:29.924+0000] {logging_mixin.py:137} INFO - [2022-12-04T10:09:29.924+0000] {dag.py:3340} INFO - Setting next_dagrun for example_branch_dop_operator_v3 to 2022-12-04T10:08:00+00:00, run_after=2022-12-04T10:09:00+00:00
[2022-12-04T10:09:29.937+0000] {processor.py:176} INFO - Processing /home/airflow/.local/lib/python3.7/site-packages/airflow/example_dags/example_branch_python_dop_operator_3.py took 0.075 seconds
[2022-12-04T11:31:35.870+0000] {processor.py:154} INFO - Started process (PID=15344) to work on /home/airflow/.local/lib/python3.7/site-packages/airflow/example_dags/example_branch_python_dop_operator_3.py
[2022-12-04T11:31:35.872+0000] {processor.py:756} INFO - Processing file /home/airflow/.local/lib/python3.7/site-packages/airflow/example_dags/example_branch_python_dop_operator_3.py for tasks to queue
[2022-12-04T11:31:35.873+0000] {logging_mixin.py:137} INFO - [2022-12-04T11:31:35.873+0000] {dagbag.py:537} INFO - Filling up the DagBag from /home/airflow/.local/lib/python3.7/site-packages/airflow/example_dags/example_branch_python_dop_operator_3.py
[2022-12-04T11:31:35.891+0000] {processor.py:766} INFO - DAG(s) dict_keys(['example_branch_dop_operator_v3']) retrieved from /home/airflow/.local/lib/python3.7/site-packages/airflow/example_dags/example_branch_python_dop_operator_3.py
[2022-12-04T11:31:35.921+0000] {logging_mixin.py:137} INFO - [2022-12-04T11:31:35.921+0000] {dag.py:2585} INFO - Sync 1 DAGs
[2022-12-04T11:31:35.941+0000] {logging_mixin.py:137} INFO - [2022-12-04T11:31:35.941+0000] {dag.py:3340} INFO - Setting next_dagrun for example_branch_dop_operator_v3 to 2022-12-04T11:30:00+00:00, run_after=2022-12-04T11:31:00+00:00
[2022-12-04T11:31:35.957+0000] {processor.py:176} INFO - Processing /home/airflow/.local/lib/python3.7/site-packages/airflow/example_dags/example_branch_python_dop_operator_3.py took 0.089 seconds
[2022-12-04T12:30:15.796+0000] {processor.py:154} INFO - Started process (PID=15418) to work on /home/airflow/.local/lib/python3.7/site-packages/airflow/example_dags/example_branch_python_dop_operator_3.py
[2022-12-04T12:30:15.798+0000] {processor.py:756} INFO - Processing file /home/airflow/.local/lib/python3.7/site-packages/airflow/example_dags/example_branch_python_dop_operator_3.py for tasks to queue
[2022-12-04T12:30:15.800+0000] {logging_mixin.py:137} INFO - [2022-12-04T12:30:15.800+0000] {dagbag.py:537} INFO - Filling up the DagBag from /home/airflow/.local/lib/python3.7/site-packages/airflow/example_dags/example_branch_python_dop_operator_3.py
[2022-12-04T12:30:15.827+0000] {processor.py:766} INFO - DAG(s) dict_keys(['example_branch_dop_operator_v3']) retrieved from /home/airflow/.local/lib/python3.7/site-packages/airflow/example_dags/example_branch_python_dop_operator_3.py
[2022-12-04T12:30:15.890+0000] {logging_mixin.py:137} INFO - [2022-12-04T12:30:15.890+0000] {dag.py:2585} INFO - Sync 1 DAGs
[2022-12-04T12:30:15.933+0000] {logging_mixin.py:137} INFO - [2022-12-04T12:30:15.933+0000] {dag.py:3340} INFO - Setting next_dagrun for example_branch_dop_operator_v3 to 2022-12-04T12:29:00+00:00, run_after=2022-12-04T12:30:00+00:00
[2022-12-04T12:30:15.972+0000] {processor.py:176} INFO - Processing /home/airflow/.local/lib/python3.7/site-packages/airflow/example_dags/example_branch_python_dop_operator_3.py took 0.179 seconds
[2022-12-04T14:08:56.718+0000] {processor.py:154} INFO - Started process (PID=15474) to work on /home/airflow/.local/lib/python3.7/site-packages/airflow/example_dags/example_branch_python_dop_operator_3.py
[2022-12-04T14:08:56.720+0000] {processor.py:756} INFO - Processing file /home/airflow/.local/lib/python3.7/site-packages/airflow/example_dags/example_branch_python_dop_operator_3.py for tasks to queue
[2022-12-04T14:08:56.721+0000] {logging_mixin.py:137} INFO - [2022-12-04T14:08:56.721+0000] {dagbag.py:537} INFO - Filling up the DagBag from /home/airflow/.local/lib/python3.7/site-packages/airflow/example_dags/example_branch_python_dop_operator_3.py
[2022-12-04T14:08:56.735+0000] {processor.py:766} INFO - DAG(s) dict_keys(['example_branch_dop_operator_v3']) retrieved from /home/airflow/.local/lib/python3.7/site-packages/airflow/example_dags/example_branch_python_dop_operator_3.py
[2022-12-04T14:08:56.762+0000] {logging_mixin.py:137} INFO - [2022-12-04T14:08:56.762+0000] {dag.py:2585} INFO - Sync 1 DAGs
[2022-12-04T14:08:56.782+0000] {logging_mixin.py:137} INFO - [2022-12-04T14:08:56.782+0000] {dag.py:3340} INFO - Setting next_dagrun for example_branch_dop_operator_v3 to 2022-12-04T14:07:00+00:00, run_after=2022-12-04T14:08:00+00:00
[2022-12-04T14:08:56.795+0000] {processor.py:176} INFO - Processing /home/airflow/.local/lib/python3.7/site-packages/airflow/example_dags/example_branch_python_dop_operator_3.py took 0.080 seconds
[2022-12-04T15:33:47.422+0000] {processor.py:154} INFO - Started process (PID=15544) to work on /home/airflow/.local/lib/python3.7/site-packages/airflow/example_dags/example_branch_python_dop_operator_3.py
[2022-12-04T15:33:47.426+0000] {processor.py:756} INFO - Processing file /home/airflow/.local/lib/python3.7/site-packages/airflow/example_dags/example_branch_python_dop_operator_3.py for tasks to queue
[2022-12-04T15:33:47.427+0000] {logging_mixin.py:137} INFO - [2022-12-04T15:33:47.427+0000] {dagbag.py:537} INFO - Filling up the DagBag from /home/airflow/.local/lib/python3.7/site-packages/airflow/example_dags/example_branch_python_dop_operator_3.py
[2022-12-04T15:33:47.443+0000] {processor.py:766} INFO - DAG(s) dict_keys(['example_branch_dop_operator_v3']) retrieved from /home/airflow/.local/lib/python3.7/site-packages/airflow/example_dags/example_branch_python_dop_operator_3.py
[2022-12-04T15:33:47.471+0000] {logging_mixin.py:137} INFO - [2022-12-04T15:33:47.471+0000] {dag.py:2585} INFO - Sync 1 DAGs
[2022-12-04T15:33:47.492+0000] {logging_mixin.py:137} INFO - [2022-12-04T15:33:47.492+0000] {dag.py:3340} INFO - Setting next_dagrun for example_branch_dop_operator_v3 to 2022-12-04T15:32:00+00:00, run_after=2022-12-04T15:33:00+00:00
[2022-12-04T15:33:47.509+0000] {processor.py:176} INFO - Processing /home/airflow/.local/lib/python3.7/site-packages/airflow/example_dags/example_branch_python_dop_operator_3.py took 0.090 seconds
[2022-12-04T16:56:20.118+0000] {processor.py:154} INFO - Started process (PID=15612) to work on /home/airflow/.local/lib/python3.7/site-packages/airflow/example_dags/example_branch_python_dop_operator_3.py
[2022-12-04T16:56:20.121+0000] {processor.py:756} INFO - Processing file /home/airflow/.local/lib/python3.7/site-packages/airflow/example_dags/example_branch_python_dop_operator_3.py for tasks to queue
[2022-12-04T16:56:20.122+0000] {logging_mixin.py:137} INFO - [2022-12-04T16:56:20.122+0000] {dagbag.py:537} INFO - Filling up the DagBag from /home/airflow/.local/lib/python3.7/site-packages/airflow/example_dags/example_branch_python_dop_operator_3.py
[2022-12-04T16:56:20.137+0000] {processor.py:766} INFO - DAG(s) dict_keys(['example_branch_dop_operator_v3']) retrieved from /home/airflow/.local/lib/python3.7/site-packages/airflow/example_dags/example_branch_python_dop_operator_3.py
[2022-12-04T16:56:20.162+0000] {logging_mixin.py:137} INFO - [2022-12-04T16:56:20.161+0000] {dag.py:2585} INFO - Sync 1 DAGs
[2022-12-04T16:56:20.178+0000] {logging_mixin.py:137} INFO - [2022-12-04T16:56:20.178+0000] {dag.py:3340} INFO - Setting next_dagrun for example_branch_dop_operator_v3 to 2022-12-04T16:55:00+00:00, run_after=2022-12-04T16:56:00+00:00
[2022-12-04T16:56:20.189+0000] {processor.py:176} INFO - Processing /home/airflow/.local/lib/python3.7/site-packages/airflow/example_dags/example_branch_python_dop_operator_3.py took 0.073 seconds
[2022-12-04T18:19:31.831+0000] {processor.py:154} INFO - Started process (PID=15670) to work on /home/airflow/.local/lib/python3.7/site-packages/airflow/example_dags/example_branch_python_dop_operator_3.py
[2022-12-04T18:19:31.835+0000] {processor.py:756} INFO - Processing file /home/airflow/.local/lib/python3.7/site-packages/airflow/example_dags/example_branch_python_dop_operator_3.py for tasks to queue
[2022-12-04T18:19:31.839+0000] {logging_mixin.py:137} INFO - [2022-12-04T18:19:31.839+0000] {dagbag.py:537} INFO - Filling up the DagBag from /home/airflow/.local/lib/python3.7/site-packages/airflow/example_dags/example_branch_python_dop_operator_3.py
[2022-12-04T18:19:31.856+0000] {processor.py:766} INFO - DAG(s) dict_keys(['example_branch_dop_operator_v3']) retrieved from /home/airflow/.local/lib/python3.7/site-packages/airflow/example_dags/example_branch_python_dop_operator_3.py
[2022-12-04T18:19:31.887+0000] {logging_mixin.py:137} INFO - [2022-12-04T18:19:31.886+0000] {dag.py:2585} INFO - Sync 1 DAGs
[2022-12-04T18:19:31.905+0000] {logging_mixin.py:137} INFO - [2022-12-04T18:19:31.905+0000] {dag.py:3340} INFO - Setting next_dagrun for example_branch_dop_operator_v3 to 2022-12-04T18:18:00+00:00, run_after=2022-12-04T18:19:00+00:00
[2022-12-04T18:19:31.921+0000] {processor.py:176} INFO - Processing /home/airflow/.local/lib/python3.7/site-packages/airflow/example_dags/example_branch_python_dop_operator_3.py took 0.091 seconds
[2022-12-04T19:16:12.179+0000] {processor.py:154} INFO - Started process (PID=15744) to work on /home/airflow/.local/lib/python3.7/site-packages/airflow/example_dags/example_branch_python_dop_operator_3.py
[2022-12-04T19:16:12.181+0000] {processor.py:756} INFO - Processing file /home/airflow/.local/lib/python3.7/site-packages/airflow/example_dags/example_branch_python_dop_operator_3.py for tasks to queue
[2022-12-04T19:16:12.182+0000] {logging_mixin.py:137} INFO - [2022-12-04T19:16:12.182+0000] {dagbag.py:537} INFO - Filling up the DagBag from /home/airflow/.local/lib/python3.7/site-packages/airflow/example_dags/example_branch_python_dop_operator_3.py
[2022-12-04T19:16:12.230+0000] {processor.py:766} INFO - DAG(s) dict_keys(['example_branch_dop_operator_v3']) retrieved from /home/airflow/.local/lib/python3.7/site-packages/airflow/example_dags/example_branch_python_dop_operator_3.py
[2022-12-04T19:16:12.299+0000] {logging_mixin.py:137} INFO - [2022-12-04T19:16:12.299+0000] {dag.py:2585} INFO - Sync 1 DAGs
[2022-12-04T19:16:12.356+0000] {logging_mixin.py:137} INFO - [2022-12-04T19:16:12.356+0000] {dag.py:3340} INFO - Setting next_dagrun for example_branch_dop_operator_v3 to 2022-12-04T19:15:00+00:00, run_after=2022-12-04T19:16:00+00:00
[2022-12-04T19:16:12.400+0000] {processor.py:176} INFO - Processing /home/airflow/.local/lib/python3.7/site-packages/airflow/example_dags/example_branch_python_dop_operator_3.py took 0.223 seconds
[2022-12-04T20:04:51.241+0000] {processor.py:154} INFO - Started process (PID=15812) to work on /home/airflow/.local/lib/python3.7/site-packages/airflow/example_dags/example_branch_python_dop_operator_3.py
[2022-12-04T20:04:51.243+0000] {processor.py:756} INFO - Processing file /home/airflow/.local/lib/python3.7/site-packages/airflow/example_dags/example_branch_python_dop_operator_3.py for tasks to queue
[2022-12-04T20:04:51.244+0000] {logging_mixin.py:137} INFO - [2022-12-04T20:04:51.244+0000] {dagbag.py:537} INFO - Filling up the DagBag from /home/airflow/.local/lib/python3.7/site-packages/airflow/example_dags/example_branch_python_dop_operator_3.py
[2022-12-04T20:04:51.260+0000] {processor.py:766} INFO - DAG(s) dict_keys(['example_branch_dop_operator_v3']) retrieved from /home/airflow/.local/lib/python3.7/site-packages/airflow/example_dags/example_branch_python_dop_operator_3.py
[2022-12-04T20:04:51.290+0000] {logging_mixin.py:137} INFO - [2022-12-04T20:04:51.290+0000] {dag.py:2585} INFO - Sync 1 DAGs
[2022-12-04T20:04:51.310+0000] {logging_mixin.py:137} INFO - [2022-12-04T20:04:51.310+0000] {dag.py:3340} INFO - Setting next_dagrun for example_branch_dop_operator_v3 to 2022-12-04T20:03:00+00:00, run_after=2022-12-04T20:04:00+00:00
[2022-12-04T20:04:51.323+0000] {processor.py:176} INFO - Processing /home/airflow/.local/lib/python3.7/site-packages/airflow/example_dags/example_branch_python_dop_operator_3.py took 0.084 seconds
[2022-12-04T21:26:03.019+0000] {processor.py:154} INFO - Started process (PID=15884) to work on /home/airflow/.local/lib/python3.7/site-packages/airflow/example_dags/example_branch_python_dop_operator_3.py
[2022-12-04T21:26:03.021+0000] {processor.py:756} INFO - Processing file /home/airflow/.local/lib/python3.7/site-packages/airflow/example_dags/example_branch_python_dop_operator_3.py for tasks to queue
[2022-12-04T21:26:03.022+0000] {logging_mixin.py:137} INFO - [2022-12-04T21:26:03.022+0000] {dagbag.py:537} INFO - Filling up the DagBag from /home/airflow/.local/lib/python3.7/site-packages/airflow/example_dags/example_branch_python_dop_operator_3.py
[2022-12-04T21:26:03.036+0000] {processor.py:766} INFO - DAG(s) dict_keys(['example_branch_dop_operator_v3']) retrieved from /home/airflow/.local/lib/python3.7/site-packages/airflow/example_dags/example_branch_python_dop_operator_3.py
[2022-12-04T21:26:03.063+0000] {logging_mixin.py:137} INFO - [2022-12-04T21:26:03.063+0000] {dag.py:2585} INFO - Sync 1 DAGs
[2022-12-04T21:26:03.082+0000] {logging_mixin.py:137} INFO - [2022-12-04T21:26:03.082+0000] {dag.py:3340} INFO - Setting next_dagrun for example_branch_dop_operator_v3 to 2022-12-04T21:25:00+00:00, run_after=2022-12-04T21:26:00+00:00
[2022-12-04T21:26:03.095+0000] {processor.py:176} INFO - Processing /home/airflow/.local/lib/python3.7/site-packages/airflow/example_dags/example_branch_python_dop_operator_3.py took 0.079 seconds
[2022-12-04T22:34:05.866+0000] {processor.py:154} INFO - Started process (PID=15948) to work on /home/airflow/.local/lib/python3.7/site-packages/airflow/example_dags/example_branch_python_dop_operator_3.py
[2022-12-04T22:34:05.869+0000] {processor.py:756} INFO - Processing file /home/airflow/.local/lib/python3.7/site-packages/airflow/example_dags/example_branch_python_dop_operator_3.py for tasks to queue
[2022-12-04T22:34:05.870+0000] {logging_mixin.py:137} INFO - [2022-12-04T22:34:05.870+0000] {dagbag.py:537} INFO - Filling up the DagBag from /home/airflow/.local/lib/python3.7/site-packages/airflow/example_dags/example_branch_python_dop_operator_3.py
[2022-12-04T22:34:05.906+0000] {processor.py:766} INFO - DAG(s) dict_keys(['example_branch_dop_operator_v3']) retrieved from /home/airflow/.local/lib/python3.7/site-packages/airflow/example_dags/example_branch_python_dop_operator_3.py
[2022-12-04T22:34:05.968+0000] {logging_mixin.py:137} INFO - [2022-12-04T22:34:05.968+0000] {dag.py:2585} INFO - Sync 1 DAGs
[2022-12-04T22:34:05.988+0000] {logging_mixin.py:137} INFO - [2022-12-04T22:34:05.988+0000] {dag.py:3340} INFO - Setting next_dagrun for example_branch_dop_operator_v3 to 2022-12-04T22:33:00+00:00, run_after=2022-12-04T22:34:00+00:00
[2022-12-04T22:34:06.003+0000] {processor.py:176} INFO - Processing /home/airflow/.local/lib/python3.7/site-packages/airflow/example_dags/example_branch_python_dop_operator_3.py took 0.140 seconds
[2022-12-04T22:52:28.003+0000] {processor.py:154} INFO - Started process (PID=16004) to work on /home/airflow/.local/lib/python3.7/site-packages/airflow/example_dags/example_branch_python_dop_operator_3.py
[2022-12-04T22:52:28.008+0000] {processor.py:756} INFO - Processing file /home/airflow/.local/lib/python3.7/site-packages/airflow/example_dags/example_branch_python_dop_operator_3.py for tasks to queue
[2022-12-04T22:52:28.011+0000] {logging_mixin.py:137} INFO - [2022-12-04T22:52:28.011+0000] {dagbag.py:537} INFO - Filling up the DagBag from /home/airflow/.local/lib/python3.7/site-packages/airflow/example_dags/example_branch_python_dop_operator_3.py
[2022-12-04T22:52:28.056+0000] {processor.py:766} INFO - DAG(s) dict_keys(['example_branch_dop_operator_v3']) retrieved from /home/airflow/.local/lib/python3.7/site-packages/airflow/example_dags/example_branch_python_dop_operator_3.py
[2022-12-04T22:52:28.120+0000] {logging_mixin.py:137} INFO - [2022-12-04T22:52:28.119+0000] {dag.py:2585} INFO - Sync 1 DAGs
[2022-12-04T22:52:28.150+0000] {logging_mixin.py:137} INFO - [2022-12-04T22:52:28.150+0000] {dag.py:3340} INFO - Setting next_dagrun for example_branch_dop_operator_v3 to 2022-12-04T22:51:00+00:00, run_after=2022-12-04T22:52:00+00:00
[2022-12-04T22:52:28.166+0000] {processor.py:176} INFO - Processing /home/airflow/.local/lib/python3.7/site-packages/airflow/example_dags/example_branch_python_dop_operator_3.py took 0.169 seconds
