[2022-12-04T00:57:35.422+0000] {processor.py:154} INFO - Started process (PID=14908) to work on /home/airflow/.local/lib/python3.7/site-packages/airflow/example_dags/example_xcom.py
[2022-12-04T00:57:35.426+0000] {processor.py:756} INFO - Processing file /home/airflow/.local/lib/python3.7/site-packages/airflow/example_dags/example_xcom.py for tasks to queue
[2022-12-04T00:57:35.430+0000] {logging_mixin.py:137} INFO - [2022-12-04T00:57:35.430+0000] {dagbag.py:537} INFO - Filling up the DagBag from /home/airflow/.local/lib/python3.7/site-packages/airflow/example_dags/example_xcom.py
[2022-12-04T00:57:35.449+0000] {processor.py:766} INFO - DAG(s) dict_keys(['example_xcom']) retrieved from /home/airflow/.local/lib/python3.7/site-packages/airflow/example_dags/example_xcom.py
[2022-12-04T00:57:35.487+0000] {logging_mixin.py:137} INFO - [2022-12-04T00:57:35.487+0000] {dag.py:2585} INFO - Sync 1 DAGs
[2022-12-04T00:57:35.505+0000] {logging_mixin.py:137} INFO - [2022-12-04T00:57:35.505+0000] {dag.py:3340} INFO - Setting next_dagrun for example_xcom to 2021-01-01T00:00:00+00:00, run_after=2021-01-01T00:00:00+00:00
[2022-12-04T00:57:35.525+0000] {processor.py:176} INFO - Processing /home/airflow/.local/lib/python3.7/site-packages/airflow/example_dags/example_xcom.py took 0.106 seconds
[2022-12-04T02:32:56.144+0000] {processor.py:154} INFO - Started process (PID=14976) to work on /home/airflow/.local/lib/python3.7/site-packages/airflow/example_dags/example_xcom.py
[2022-12-04T02:32:56.145+0000] {processor.py:756} INFO - Processing file /home/airflow/.local/lib/python3.7/site-packages/airflow/example_dags/example_xcom.py for tasks to queue
[2022-12-04T02:32:56.147+0000] {logging_mixin.py:137} INFO - [2022-12-04T02:32:56.147+0000] {dagbag.py:537} INFO - Filling up the DagBag from /home/airflow/.local/lib/python3.7/site-packages/airflow/example_dags/example_xcom.py
[2022-12-04T02:32:56.162+0000] {processor.py:766} INFO - DAG(s) dict_keys(['example_xcom']) retrieved from /home/airflow/.local/lib/python3.7/site-packages/airflow/example_dags/example_xcom.py
[2022-12-04T02:32:56.194+0000] {logging_mixin.py:137} INFO - [2022-12-04T02:32:56.194+0000] {dag.py:2585} INFO - Sync 1 DAGs
[2022-12-04T02:32:56.210+0000] {logging_mixin.py:137} INFO - [2022-12-04T02:32:56.210+0000] {dag.py:3340} INFO - Setting next_dagrun for example_xcom to 2021-01-01T00:00:00+00:00, run_after=2021-01-01T00:00:00+00:00
[2022-12-04T02:32:56.223+0000] {processor.py:176} INFO - Processing /home/airflow/.local/lib/python3.7/site-packages/airflow/example_dags/example_xcom.py took 0.082 seconds
[2022-12-04T03:55:43.169+0000] {processor.py:154} INFO - Started process (PID=15044) to work on /home/airflow/.local/lib/python3.7/site-packages/airflow/example_dags/example_xcom.py
[2022-12-04T03:55:43.170+0000] {processor.py:756} INFO - Processing file /home/airflow/.local/lib/python3.7/site-packages/airflow/example_dags/example_xcom.py for tasks to queue
[2022-12-04T03:55:43.171+0000] {logging_mixin.py:137} INFO - [2022-12-04T03:55:43.171+0000] {dagbag.py:537} INFO - Filling up the DagBag from /home/airflow/.local/lib/python3.7/site-packages/airflow/example_dags/example_xcom.py
[2022-12-04T03:55:43.186+0000] {processor.py:766} INFO - DAG(s) dict_keys(['example_xcom']) retrieved from /home/airflow/.local/lib/python3.7/site-packages/airflow/example_dags/example_xcom.py
[2022-12-04T03:55:43.213+0000] {logging_mixin.py:137} INFO - [2022-12-04T03:55:43.213+0000] {dag.py:2585} INFO - Sync 1 DAGs
[2022-12-04T03:55:43.232+0000] {logging_mixin.py:137} INFO - [2022-12-04T03:55:43.232+0000] {dag.py:3340} INFO - Setting next_dagrun for example_xcom to 2021-01-01T00:00:00+00:00, run_after=2021-01-01T00:00:00+00:00
[2022-12-04T03:55:43.248+0000] {processor.py:176} INFO - Processing /home/airflow/.local/lib/python3.7/site-packages/airflow/example_dags/example_xcom.py took 0.082 seconds
[2022-12-04T05:30:18.679+0000] {processor.py:154} INFO - Started process (PID=15112) to work on /home/airflow/.local/lib/python3.7/site-packages/airflow/example_dags/example_xcom.py
[2022-12-04T05:30:18.681+0000] {processor.py:756} INFO - Processing file /home/airflow/.local/lib/python3.7/site-packages/airflow/example_dags/example_xcom.py for tasks to queue
[2022-12-04T05:30:18.683+0000] {logging_mixin.py:137} INFO - [2022-12-04T05:30:18.683+0000] {dagbag.py:537} INFO - Filling up the DagBag from /home/airflow/.local/lib/python3.7/site-packages/airflow/example_dags/example_xcom.py
[2022-12-04T05:30:18.698+0000] {processor.py:766} INFO - DAG(s) dict_keys(['example_xcom']) retrieved from /home/airflow/.local/lib/python3.7/site-packages/airflow/example_dags/example_xcom.py
[2022-12-04T05:30:18.725+0000] {logging_mixin.py:137} INFO - [2022-12-04T05:30:18.725+0000] {dag.py:2585} INFO - Sync 1 DAGs
[2022-12-04T05:30:18.741+0000] {logging_mixin.py:137} INFO - [2022-12-04T05:30:18.741+0000] {dag.py:3340} INFO - Setting next_dagrun for example_xcom to 2021-01-01T00:00:00+00:00, run_after=2021-01-01T00:00:00+00:00
[2022-12-04T05:30:18.754+0000] {processor.py:176} INFO - Processing /home/airflow/.local/lib/python3.7/site-packages/airflow/example_dags/example_xcom.py took 0.077 seconds
[2022-12-04T06:53:38.752+0000] {processor.py:154} INFO - Started process (PID=15168) to work on /home/airflow/.local/lib/python3.7/site-packages/airflow/example_dags/example_xcom.py
[2022-12-04T06:53:38.754+0000] {processor.py:756} INFO - Processing file /home/airflow/.local/lib/python3.7/site-packages/airflow/example_dags/example_xcom.py for tasks to queue
[2022-12-04T06:53:38.755+0000] {logging_mixin.py:137} INFO - [2022-12-04T06:53:38.755+0000] {dagbag.py:537} INFO - Filling up the DagBag from /home/airflow/.local/lib/python3.7/site-packages/airflow/example_dags/example_xcom.py
[2022-12-04T06:53:38.770+0000] {processor.py:766} INFO - DAG(s) dict_keys(['example_xcom']) retrieved from /home/airflow/.local/lib/python3.7/site-packages/airflow/example_dags/example_xcom.py
[2022-12-04T06:53:38.800+0000] {logging_mixin.py:137} INFO - [2022-12-04T06:53:38.800+0000] {dag.py:2585} INFO - Sync 1 DAGs
[2022-12-04T06:53:38.815+0000] {logging_mixin.py:137} INFO - [2022-12-04T06:53:38.815+0000] {dag.py:3340} INFO - Setting next_dagrun for example_xcom to 2021-01-01T00:00:00+00:00, run_after=2021-01-01T00:00:00+00:00
[2022-12-04T06:53:38.830+0000] {processor.py:176} INFO - Processing /home/airflow/.local/lib/python3.7/site-packages/airflow/example_dags/example_xcom.py took 0.080 seconds
[2022-12-04T08:30:45.530+0000] {processor.py:154} INFO - Started process (PID=15235) to work on /home/airflow/.local/lib/python3.7/site-packages/airflow/example_dags/example_xcom.py
[2022-12-04T08:30:45.532+0000] {processor.py:756} INFO - Processing file /home/airflow/.local/lib/python3.7/site-packages/airflow/example_dags/example_xcom.py for tasks to queue
[2022-12-04T08:30:45.533+0000] {logging_mixin.py:137} INFO - [2022-12-04T08:30:45.533+0000] {dagbag.py:537} INFO - Filling up the DagBag from /home/airflow/.local/lib/python3.7/site-packages/airflow/example_dags/example_xcom.py
[2022-12-04T08:30:45.547+0000] {processor.py:766} INFO - DAG(s) dict_keys(['example_xcom']) retrieved from /home/airflow/.local/lib/python3.7/site-packages/airflow/example_dags/example_xcom.py
[2022-12-04T08:30:45.574+0000] {logging_mixin.py:137} INFO - [2022-12-04T08:30:45.574+0000] {dag.py:2585} INFO - Sync 1 DAGs
[2022-12-04T08:30:45.590+0000] {logging_mixin.py:137} INFO - [2022-12-04T08:30:45.589+0000] {dag.py:3340} INFO - Setting next_dagrun for example_xcom to 2021-01-01T00:00:00+00:00, run_after=2021-01-01T00:00:00+00:00
[2022-12-04T08:30:45.603+0000] {processor.py:176} INFO - Processing /home/airflow/.local/lib/python3.7/site-packages/airflow/example_dags/example_xcom.py took 0.076 seconds
[2022-12-04T10:09:31.058+0000] {processor.py:154} INFO - Started process (PID=15302) to work on /home/airflow/.local/lib/python3.7/site-packages/airflow/example_dags/example_xcom.py
[2022-12-04T10:09:31.059+0000] {processor.py:756} INFO - Processing file /home/airflow/.local/lib/python3.7/site-packages/airflow/example_dags/example_xcom.py for tasks to queue
[2022-12-04T10:09:31.060+0000] {logging_mixin.py:137} INFO - [2022-12-04T10:09:31.060+0000] {dagbag.py:537} INFO - Filling up the DagBag from /home/airflow/.local/lib/python3.7/site-packages/airflow/example_dags/example_xcom.py
[2022-12-04T10:09:31.077+0000] {processor.py:766} INFO - DAG(s) dict_keys(['example_xcom']) retrieved from /home/airflow/.local/lib/python3.7/site-packages/airflow/example_dags/example_xcom.py
[2022-12-04T10:09:31.106+0000] {logging_mixin.py:137} INFO - [2022-12-04T10:09:31.106+0000] {dag.py:2585} INFO - Sync 1 DAGs
[2022-12-04T10:09:31.126+0000] {logging_mixin.py:137} INFO - [2022-12-04T10:09:31.126+0000] {dag.py:3340} INFO - Setting next_dagrun for example_xcom to 2021-01-01T00:00:00+00:00, run_after=2021-01-01T00:00:00+00:00
[2022-12-04T10:09:31.139+0000] {processor.py:176} INFO - Processing /home/airflow/.local/lib/python3.7/site-packages/airflow/example_dags/example_xcom.py took 0.083 seconds
[2022-12-04T11:31:37.167+0000] {processor.py:154} INFO - Started process (PID=15366) to work on /home/airflow/.local/lib/python3.7/site-packages/airflow/example_dags/example_xcom.py
[2022-12-04T11:31:37.171+0000] {processor.py:756} INFO - Processing file /home/airflow/.local/lib/python3.7/site-packages/airflow/example_dags/example_xcom.py for tasks to queue
[2022-12-04T11:31:37.172+0000] {logging_mixin.py:137} INFO - [2022-12-04T11:31:37.172+0000] {dagbag.py:537} INFO - Filling up the DagBag from /home/airflow/.local/lib/python3.7/site-packages/airflow/example_dags/example_xcom.py
[2022-12-04T11:31:37.190+0000] {processor.py:766} INFO - DAG(s) dict_keys(['example_xcom']) retrieved from /home/airflow/.local/lib/python3.7/site-packages/airflow/example_dags/example_xcom.py
[2022-12-04T11:31:37.223+0000] {logging_mixin.py:137} INFO - [2022-12-04T11:31:37.223+0000] {dag.py:2585} INFO - Sync 1 DAGs
[2022-12-04T11:31:37.241+0000] {logging_mixin.py:137} INFO - [2022-12-04T11:31:37.241+0000] {dag.py:3340} INFO - Setting next_dagrun for example_xcom to 2021-01-01T00:00:00+00:00, run_after=2021-01-01T00:00:00+00:00
[2022-12-04T11:31:37.257+0000] {processor.py:176} INFO - Processing /home/airflow/.local/lib/python3.7/site-packages/airflow/example_dags/example_xcom.py took 0.094 seconds
[2022-12-04T12:30:17.443+0000] {processor.py:154} INFO - Started process (PID=15440) to work on /home/airflow/.local/lib/python3.7/site-packages/airflow/example_dags/example_xcom.py
[2022-12-04T12:30:17.444+0000] {processor.py:756} INFO - Processing file /home/airflow/.local/lib/python3.7/site-packages/airflow/example_dags/example_xcom.py for tasks to queue
[2022-12-04T12:30:17.446+0000] {logging_mixin.py:137} INFO - [2022-12-04T12:30:17.446+0000] {dagbag.py:537} INFO - Filling up the DagBag from /home/airflow/.local/lib/python3.7/site-packages/airflow/example_dags/example_xcom.py
[2022-12-04T12:30:17.460+0000] {processor.py:766} INFO - DAG(s) dict_keys(['example_xcom']) retrieved from /home/airflow/.local/lib/python3.7/site-packages/airflow/example_dags/example_xcom.py
[2022-12-04T12:30:17.488+0000] {logging_mixin.py:137} INFO - [2022-12-04T12:30:17.488+0000] {dag.py:2585} INFO - Sync 1 DAGs
[2022-12-04T12:30:17.503+0000] {logging_mixin.py:137} INFO - [2022-12-04T12:30:17.503+0000] {dag.py:3340} INFO - Setting next_dagrun for example_xcom to 2021-01-01T00:00:00+00:00, run_after=2021-01-01T00:00:00+00:00
[2022-12-04T12:30:17.516+0000] {processor.py:176} INFO - Processing /home/airflow/.local/lib/python3.7/site-packages/airflow/example_dags/example_xcom.py took 0.076 seconds
[2022-12-04T14:08:57.870+0000] {processor.py:154} INFO - Started process (PID=15496) to work on /home/airflow/.local/lib/python3.7/site-packages/airflow/example_dags/example_xcom.py
[2022-12-04T14:08:57.872+0000] {processor.py:756} INFO - Processing file /home/airflow/.local/lib/python3.7/site-packages/airflow/example_dags/example_xcom.py for tasks to queue
[2022-12-04T14:08:57.873+0000] {logging_mixin.py:137} INFO - [2022-12-04T14:08:57.873+0000] {dagbag.py:537} INFO - Filling up the DagBag from /home/airflow/.local/lib/python3.7/site-packages/airflow/example_dags/example_xcom.py
[2022-12-04T14:08:57.888+0000] {processor.py:766} INFO - DAG(s) dict_keys(['example_xcom']) retrieved from /home/airflow/.local/lib/python3.7/site-packages/airflow/example_dags/example_xcom.py
[2022-12-04T14:08:57.918+0000] {logging_mixin.py:137} INFO - [2022-12-04T14:08:57.918+0000] {dag.py:2585} INFO - Sync 1 DAGs
[2022-12-04T14:08:57.941+0000] {logging_mixin.py:137} INFO - [2022-12-04T14:08:57.941+0000] {dag.py:3340} INFO - Setting next_dagrun for example_xcom to 2021-01-01T00:00:00+00:00, run_after=2021-01-01T00:00:00+00:00
[2022-12-04T14:08:57.956+0000] {processor.py:176} INFO - Processing /home/airflow/.local/lib/python3.7/site-packages/airflow/example_dags/example_xcom.py took 0.089 seconds
[2022-12-04T15:33:48.685+0000] {processor.py:154} INFO - Started process (PID=15566) to work on /home/airflow/.local/lib/python3.7/site-packages/airflow/example_dags/example_xcom.py
[2022-12-04T15:33:48.687+0000] {processor.py:756} INFO - Processing file /home/airflow/.local/lib/python3.7/site-packages/airflow/example_dags/example_xcom.py for tasks to queue
[2022-12-04T15:33:48.688+0000] {logging_mixin.py:137} INFO - [2022-12-04T15:33:48.688+0000] {dagbag.py:537} INFO - Filling up the DagBag from /home/airflow/.local/lib/python3.7/site-packages/airflow/example_dags/example_xcom.py
[2022-12-04T15:33:48.702+0000] {processor.py:766} INFO - DAG(s) dict_keys(['example_xcom']) retrieved from /home/airflow/.local/lib/python3.7/site-packages/airflow/example_dags/example_xcom.py
[2022-12-04T15:33:48.731+0000] {logging_mixin.py:137} INFO - [2022-12-04T15:33:48.731+0000] {dag.py:2585} INFO - Sync 1 DAGs
[2022-12-04T15:33:48.748+0000] {logging_mixin.py:137} INFO - [2022-12-04T15:33:48.748+0000] {dag.py:3340} INFO - Setting next_dagrun for example_xcom to 2021-01-01T00:00:00+00:00, run_after=2021-01-01T00:00:00+00:00
[2022-12-04T15:33:48.763+0000] {processor.py:176} INFO - Processing /home/airflow/.local/lib/python3.7/site-packages/airflow/example_dags/example_xcom.py took 0.079 seconds
[2022-12-04T16:56:21.284+0000] {processor.py:154} INFO - Started process (PID=15634) to work on /home/airflow/.local/lib/python3.7/site-packages/airflow/example_dags/example_xcom.py
[2022-12-04T16:56:21.286+0000] {processor.py:756} INFO - Processing file /home/airflow/.local/lib/python3.7/site-packages/airflow/example_dags/example_xcom.py for tasks to queue
[2022-12-04T16:56:21.287+0000] {logging_mixin.py:137} INFO - [2022-12-04T16:56:21.287+0000] {dagbag.py:537} INFO - Filling up the DagBag from /home/airflow/.local/lib/python3.7/site-packages/airflow/example_dags/example_xcom.py
[2022-12-04T16:56:21.303+0000] {processor.py:766} INFO - DAG(s) dict_keys(['example_xcom']) retrieved from /home/airflow/.local/lib/python3.7/site-packages/airflow/example_dags/example_xcom.py
[2022-12-04T16:56:21.332+0000] {logging_mixin.py:137} INFO - [2022-12-04T16:56:21.332+0000] {dag.py:2585} INFO - Sync 1 DAGs
[2022-12-04T16:56:21.355+0000] {logging_mixin.py:137} INFO - [2022-12-04T16:56:21.355+0000] {dag.py:3340} INFO - Setting next_dagrun for example_xcom to 2021-01-01T00:00:00+00:00, run_after=2021-01-01T00:00:00+00:00
[2022-12-04T16:56:21.374+0000] {processor.py:176} INFO - Processing /home/airflow/.local/lib/python3.7/site-packages/airflow/example_dags/example_xcom.py took 0.093 seconds
[2022-12-04T18:19:34.760+0000] {processor.py:154} INFO - Started process (PID=15704) to work on /home/airflow/.local/lib/python3.7/site-packages/airflow/example_dags/example_xcom.py
[2022-12-04T18:19:34.761+0000] {processor.py:756} INFO - Processing file /home/airflow/.local/lib/python3.7/site-packages/airflow/example_dags/example_xcom.py for tasks to queue
[2022-12-04T18:19:34.762+0000] {logging_mixin.py:137} INFO - [2022-12-04T18:19:34.762+0000] {dagbag.py:537} INFO - Filling up the DagBag from /home/airflow/.local/lib/python3.7/site-packages/airflow/example_dags/example_xcom.py
[2022-12-04T18:19:34.778+0000] {processor.py:766} INFO - DAG(s) dict_keys(['example_xcom']) retrieved from /home/airflow/.local/lib/python3.7/site-packages/airflow/example_dags/example_xcom.py
[2022-12-04T18:19:34.807+0000] {logging_mixin.py:137} INFO - [2022-12-04T18:19:34.806+0000] {dag.py:2585} INFO - Sync 1 DAGs
[2022-12-04T18:19:34.823+0000] {logging_mixin.py:137} INFO - [2022-12-04T18:19:34.822+0000] {dag.py:3340} INFO - Setting next_dagrun for example_xcom to 2021-01-01T00:00:00+00:00, run_after=2021-01-01T00:00:00+00:00
[2022-12-04T18:19:34.835+0000] {processor.py:176} INFO - Processing /home/airflow/.local/lib/python3.7/site-packages/airflow/example_dags/example_xcom.py took 0.078 seconds
[2022-12-04T19:16:13.971+0000] {processor.py:154} INFO - Started process (PID=15766) to work on /home/airflow/.local/lib/python3.7/site-packages/airflow/example_dags/example_xcom.py
[2022-12-04T19:16:13.973+0000] {processor.py:756} INFO - Processing file /home/airflow/.local/lib/python3.7/site-packages/airflow/example_dags/example_xcom.py for tasks to queue
[2022-12-04T19:16:13.974+0000] {logging_mixin.py:137} INFO - [2022-12-04T19:16:13.974+0000] {dagbag.py:537} INFO - Filling up the DagBag from /home/airflow/.local/lib/python3.7/site-packages/airflow/example_dags/example_xcom.py
[2022-12-04T19:16:13.989+0000] {processor.py:766} INFO - DAG(s) dict_keys(['example_xcom']) retrieved from /home/airflow/.local/lib/python3.7/site-packages/airflow/example_dags/example_xcom.py
[2022-12-04T19:16:14.018+0000] {logging_mixin.py:137} INFO - [2022-12-04T19:16:14.018+0000] {dag.py:2585} INFO - Sync 1 DAGs
[2022-12-04T19:16:14.038+0000] {logging_mixin.py:137} INFO - [2022-12-04T19:16:14.038+0000] {dag.py:3340} INFO - Setting next_dagrun for example_xcom to 2021-01-01T00:00:00+00:00, run_after=2021-01-01T00:00:00+00:00
[2022-12-04T19:16:14.054+0000] {processor.py:176} INFO - Processing /home/airflow/.local/lib/python3.7/site-packages/airflow/example_dags/example_xcom.py took 0.086 seconds
[2022-12-04T20:04:52.442+0000] {processor.py:154} INFO - Started process (PID=15834) to work on /home/airflow/.local/lib/python3.7/site-packages/airflow/example_dags/example_xcom.py
[2022-12-04T20:04:52.443+0000] {processor.py:756} INFO - Processing file /home/airflow/.local/lib/python3.7/site-packages/airflow/example_dags/example_xcom.py for tasks to queue
[2022-12-04T20:04:52.444+0000] {logging_mixin.py:137} INFO - [2022-12-04T20:04:52.444+0000] {dagbag.py:537} INFO - Filling up the DagBag from /home/airflow/.local/lib/python3.7/site-packages/airflow/example_dags/example_xcom.py
[2022-12-04T20:04:52.459+0000] {processor.py:766} INFO - DAG(s) dict_keys(['example_xcom']) retrieved from /home/airflow/.local/lib/python3.7/site-packages/airflow/example_dags/example_xcom.py
[2022-12-04T20:04:52.487+0000] {logging_mixin.py:137} INFO - [2022-12-04T20:04:52.487+0000] {dag.py:2585} INFO - Sync 1 DAGs
[2022-12-04T20:04:52.502+0000] {logging_mixin.py:137} INFO - [2022-12-04T20:04:52.502+0000] {dag.py:3340} INFO - Setting next_dagrun for example_xcom to 2021-01-01T00:00:00+00:00, run_after=2021-01-01T00:00:00+00:00
[2022-12-04T20:04:52.518+0000] {processor.py:176} INFO - Processing /home/airflow/.local/lib/python3.7/site-packages/airflow/example_dags/example_xcom.py took 0.079 seconds
[2022-12-04T21:26:04.169+0000] {processor.py:154} INFO - Started process (PID=15906) to work on /home/airflow/.local/lib/python3.7/site-packages/airflow/example_dags/example_xcom.py
[2022-12-04T21:26:04.170+0000] {processor.py:756} INFO - Processing file /home/airflow/.local/lib/python3.7/site-packages/airflow/example_dags/example_xcom.py for tasks to queue
[2022-12-04T21:26:04.172+0000] {logging_mixin.py:137} INFO - [2022-12-04T21:26:04.171+0000] {dagbag.py:537} INFO - Filling up the DagBag from /home/airflow/.local/lib/python3.7/site-packages/airflow/example_dags/example_xcom.py
[2022-12-04T21:26:04.186+0000] {processor.py:766} INFO - DAG(s) dict_keys(['example_xcom']) retrieved from /home/airflow/.local/lib/python3.7/site-packages/airflow/example_dags/example_xcom.py
[2022-12-04T21:26:04.216+0000] {logging_mixin.py:137} INFO - [2022-12-04T21:26:04.216+0000] {dag.py:2585} INFO - Sync 1 DAGs
[2022-12-04T21:26:04.233+0000] {logging_mixin.py:137} INFO - [2022-12-04T21:26:04.233+0000] {dag.py:3340} INFO - Setting next_dagrun for example_xcom to 2021-01-01T00:00:00+00:00, run_after=2021-01-01T00:00:00+00:00
[2022-12-04T21:26:04.247+0000] {processor.py:176} INFO - Processing /home/airflow/.local/lib/python3.7/site-packages/airflow/example_dags/example_xcom.py took 0.080 seconds
[2022-12-04T22:34:07.524+0000] {processor.py:154} INFO - Started process (PID=15970) to work on /home/airflow/.local/lib/python3.7/site-packages/airflow/example_dags/example_xcom.py
[2022-12-04T22:34:07.526+0000] {processor.py:756} INFO - Processing file /home/airflow/.local/lib/python3.7/site-packages/airflow/example_dags/example_xcom.py for tasks to queue
[2022-12-04T22:34:07.528+0000] {logging_mixin.py:137} INFO - [2022-12-04T22:34:07.528+0000] {dagbag.py:537} INFO - Filling up the DagBag from /home/airflow/.local/lib/python3.7/site-packages/airflow/example_dags/example_xcom.py
[2022-12-04T22:34:07.546+0000] {processor.py:766} INFO - DAG(s) dict_keys(['example_xcom']) retrieved from /home/airflow/.local/lib/python3.7/site-packages/airflow/example_dags/example_xcom.py
[2022-12-04T22:34:07.580+0000] {logging_mixin.py:137} INFO - [2022-12-04T22:34:07.580+0000] {dag.py:2585} INFO - Sync 1 DAGs
[2022-12-04T22:34:07.600+0000] {logging_mixin.py:137} INFO - [2022-12-04T22:34:07.600+0000] {dag.py:3340} INFO - Setting next_dagrun for example_xcom to 2021-01-01T00:00:00+00:00, run_after=2021-01-01T00:00:00+00:00
[2022-12-04T22:34:07.617+0000] {processor.py:176} INFO - Processing /home/airflow/.local/lib/python3.7/site-packages/airflow/example_dags/example_xcom.py took 0.096 seconds
[2022-12-04T22:52:29.343+0000] {processor.py:154} INFO - Started process (PID=16026) to work on /home/airflow/.local/lib/python3.7/site-packages/airflow/example_dags/example_xcom.py
[2022-12-04T22:52:29.345+0000] {processor.py:756} INFO - Processing file /home/airflow/.local/lib/python3.7/site-packages/airflow/example_dags/example_xcom.py for tasks to queue
[2022-12-04T22:52:29.346+0000] {logging_mixin.py:137} INFO - [2022-12-04T22:52:29.346+0000] {dagbag.py:537} INFO - Filling up the DagBag from /home/airflow/.local/lib/python3.7/site-packages/airflow/example_dags/example_xcom.py
[2022-12-04T22:52:29.361+0000] {processor.py:766} INFO - DAG(s) dict_keys(['example_xcom']) retrieved from /home/airflow/.local/lib/python3.7/site-packages/airflow/example_dags/example_xcom.py
[2022-12-04T22:52:29.395+0000] {logging_mixin.py:137} INFO - [2022-12-04T22:52:29.395+0000] {dag.py:2585} INFO - Sync 1 DAGs
[2022-12-04T22:52:29.414+0000] {logging_mixin.py:137} INFO - [2022-12-04T22:52:29.413+0000] {dag.py:3340} INFO - Setting next_dagrun for example_xcom to 2021-01-01T00:00:00+00:00, run_after=2021-01-01T00:00:00+00:00
[2022-12-04T22:52:29.427+0000] {processor.py:176} INFO - Processing /home/airflow/.local/lib/python3.7/site-packages/airflow/example_dags/example_xcom.py took 0.087 seconds
