[2022-12-04T00:57:34.403+0000] {processor.py:154} INFO - Started process (PID=14896) to work on /home/airflow/.local/lib/python3.7/site-packages/airflow/example_dags/example_branch_operator_decorator.py
[2022-12-04T00:57:34.409+0000] {processor.py:756} INFO - Processing file /home/airflow/.local/lib/python3.7/site-packages/airflow/example_dags/example_branch_operator_decorator.py for tasks to queue
[2022-12-04T00:57:34.410+0000] {logging_mixin.py:137} INFO - [2022-12-04T00:57:34.410+0000] {dagbag.py:537} INFO - Filling up the DagBag from /home/airflow/.local/lib/python3.7/site-packages/airflow/example_dags/example_branch_operator_decorator.py
[2022-12-04T00:57:34.427+0000] {processor.py:766} INFO - DAG(s) dict_keys(['example_branch_python_operator_decorator']) retrieved from /home/airflow/.local/lib/python3.7/site-packages/airflow/example_dags/example_branch_operator_decorator.py
[2022-12-04T00:57:34.667+0000] {logging_mixin.py:137} INFO - [2022-12-04T00:57:34.666+0000] {dag.py:2585} INFO - Sync 1 DAGs
[2022-12-04T00:57:34.687+0000] {logging_mixin.py:137} INFO - [2022-12-04T00:57:34.687+0000] {dag.py:3340} INFO - Setting next_dagrun for example_branch_python_operator_decorator to 2022-12-03T00:00:00+00:00, run_after=2022-12-04T00:00:00+00:00
[2022-12-04T00:57:34.722+0000] {processor.py:176} INFO - Processing /home/airflow/.local/lib/python3.7/site-packages/airflow/example_dags/example_branch_operator_decorator.py took 0.322 seconds
[2022-12-04T02:32:55.562+0000] {processor.py:154} INFO - Started process (PID=14964) to work on /home/airflow/.local/lib/python3.7/site-packages/airflow/example_dags/example_branch_operator_decorator.py
[2022-12-04T02:32:55.564+0000] {processor.py:756} INFO - Processing file /home/airflow/.local/lib/python3.7/site-packages/airflow/example_dags/example_branch_operator_decorator.py for tasks to queue
[2022-12-04T02:32:55.565+0000] {logging_mixin.py:137} INFO - [2022-12-04T02:32:55.565+0000] {dagbag.py:537} INFO - Filling up the DagBag from /home/airflow/.local/lib/python3.7/site-packages/airflow/example_dags/example_branch_operator_decorator.py
[2022-12-04T02:32:55.581+0000] {processor.py:766} INFO - DAG(s) dict_keys(['example_branch_python_operator_decorator']) retrieved from /home/airflow/.local/lib/python3.7/site-packages/airflow/example_dags/example_branch_operator_decorator.py
[2022-12-04T02:32:55.607+0000] {logging_mixin.py:137} INFO - [2022-12-04T02:32:55.607+0000] {dag.py:2585} INFO - Sync 1 DAGs
[2022-12-04T02:32:55.623+0000] {logging_mixin.py:137} INFO - [2022-12-04T02:32:55.623+0000] {dag.py:3340} INFO - Setting next_dagrun for example_branch_python_operator_decorator to 2022-12-03T00:00:00+00:00, run_after=2022-12-04T00:00:00+00:00
[2022-12-04T02:32:55.636+0000] {processor.py:176} INFO - Processing /home/airflow/.local/lib/python3.7/site-packages/airflow/example_dags/example_branch_operator_decorator.py took 0.076 seconds
[2022-12-04T03:55:42.197+0000] {processor.py:154} INFO - Started process (PID=15032) to work on /home/airflow/.local/lib/python3.7/site-packages/airflow/example_dags/example_branch_operator_decorator.py
[2022-12-04T03:55:42.199+0000] {processor.py:756} INFO - Processing file /home/airflow/.local/lib/python3.7/site-packages/airflow/example_dags/example_branch_operator_decorator.py for tasks to queue
[2022-12-04T03:55:42.201+0000] {logging_mixin.py:137} INFO - [2022-12-04T03:55:42.201+0000] {dagbag.py:537} INFO - Filling up the DagBag from /home/airflow/.local/lib/python3.7/site-packages/airflow/example_dags/example_branch_operator_decorator.py
[2022-12-04T03:55:42.219+0000] {processor.py:766} INFO - DAG(s) dict_keys(['example_branch_python_operator_decorator']) retrieved from /home/airflow/.local/lib/python3.7/site-packages/airflow/example_dags/example_branch_operator_decorator.py
[2022-12-04T03:55:42.251+0000] {logging_mixin.py:137} INFO - [2022-12-04T03:55:42.251+0000] {dag.py:2585} INFO - Sync 1 DAGs
[2022-12-04T03:55:42.268+0000] {logging_mixin.py:137} INFO - [2022-12-04T03:55:42.268+0000] {dag.py:3340} INFO - Setting next_dagrun for example_branch_python_operator_decorator to 2022-12-03T00:00:00+00:00, run_after=2022-12-04T00:00:00+00:00
[2022-12-04T03:55:42.290+0000] {processor.py:176} INFO - Processing /home/airflow/.local/lib/python3.7/site-packages/airflow/example_dags/example_branch_operator_decorator.py took 0.095 seconds
[2022-12-04T05:30:18.097+0000] {processor.py:154} INFO - Started process (PID=15100) to work on /home/airflow/.local/lib/python3.7/site-packages/airflow/example_dags/example_branch_operator_decorator.py
[2022-12-04T05:30:18.098+0000] {processor.py:756} INFO - Processing file /home/airflow/.local/lib/python3.7/site-packages/airflow/example_dags/example_branch_operator_decorator.py for tasks to queue
[2022-12-04T05:30:18.100+0000] {logging_mixin.py:137} INFO - [2022-12-04T05:30:18.099+0000] {dagbag.py:537} INFO - Filling up the DagBag from /home/airflow/.local/lib/python3.7/site-packages/airflow/example_dags/example_branch_operator_decorator.py
[2022-12-04T05:30:18.116+0000] {processor.py:766} INFO - DAG(s) dict_keys(['example_branch_python_operator_decorator']) retrieved from /home/airflow/.local/lib/python3.7/site-packages/airflow/example_dags/example_branch_operator_decorator.py
[2022-12-04T05:30:18.141+0000] {logging_mixin.py:137} INFO - [2022-12-04T05:30:18.141+0000] {dag.py:2585} INFO - Sync 1 DAGs
[2022-12-04T05:30:18.158+0000] {logging_mixin.py:137} INFO - [2022-12-04T05:30:18.158+0000] {dag.py:3340} INFO - Setting next_dagrun for example_branch_python_operator_decorator to 2022-12-03T00:00:00+00:00, run_after=2022-12-04T00:00:00+00:00
[2022-12-04T05:30:18.171+0000] {processor.py:176} INFO - Processing /home/airflow/.local/lib/python3.7/site-packages/airflow/example_dags/example_branch_operator_decorator.py took 0.077 seconds
[2022-12-04T06:53:38.162+0000] {processor.py:154} INFO - Started process (PID=15156) to work on /home/airflow/.local/lib/python3.7/site-packages/airflow/example_dags/example_branch_operator_decorator.py
[2022-12-04T06:53:38.164+0000] {processor.py:756} INFO - Processing file /home/airflow/.local/lib/python3.7/site-packages/airflow/example_dags/example_branch_operator_decorator.py for tasks to queue
[2022-12-04T06:53:38.165+0000] {logging_mixin.py:137} INFO - [2022-12-04T06:53:38.165+0000] {dagbag.py:537} INFO - Filling up the DagBag from /home/airflow/.local/lib/python3.7/site-packages/airflow/example_dags/example_branch_operator_decorator.py
[2022-12-04T06:53:38.181+0000] {processor.py:766} INFO - DAG(s) dict_keys(['example_branch_python_operator_decorator']) retrieved from /home/airflow/.local/lib/python3.7/site-packages/airflow/example_dags/example_branch_operator_decorator.py
[2022-12-04T06:53:38.211+0000] {logging_mixin.py:137} INFO - [2022-12-04T06:53:38.211+0000] {dag.py:2585} INFO - Sync 1 DAGs
[2022-12-04T06:53:38.226+0000] {logging_mixin.py:137} INFO - [2022-12-04T06:53:38.226+0000] {dag.py:3340} INFO - Setting next_dagrun for example_branch_python_operator_decorator to 2022-12-03T00:00:00+00:00, run_after=2022-12-04T00:00:00+00:00
[2022-12-04T06:53:38.239+0000] {processor.py:176} INFO - Processing /home/airflow/.local/lib/python3.7/site-packages/airflow/example_dags/example_branch_operator_decorator.py took 0.079 seconds
[2022-12-04T08:30:44.943+0000] {processor.py:154} INFO - Started process (PID=15223) to work on /home/airflow/.local/lib/python3.7/site-packages/airflow/example_dags/example_branch_operator_decorator.py
[2022-12-04T08:30:44.944+0000] {processor.py:756} INFO - Processing file /home/airflow/.local/lib/python3.7/site-packages/airflow/example_dags/example_branch_operator_decorator.py for tasks to queue
[2022-12-04T08:30:44.945+0000] {logging_mixin.py:137} INFO - [2022-12-04T08:30:44.945+0000] {dagbag.py:537} INFO - Filling up the DagBag from /home/airflow/.local/lib/python3.7/site-packages/airflow/example_dags/example_branch_operator_decorator.py
[2022-12-04T08:30:44.961+0000] {processor.py:766} INFO - DAG(s) dict_keys(['example_branch_python_operator_decorator']) retrieved from /home/airflow/.local/lib/python3.7/site-packages/airflow/example_dags/example_branch_operator_decorator.py
[2022-12-04T08:30:44.990+0000] {logging_mixin.py:137} INFO - [2022-12-04T08:30:44.990+0000] {dag.py:2585} INFO - Sync 1 DAGs
[2022-12-04T08:30:45.007+0000] {logging_mixin.py:137} INFO - [2022-12-04T08:30:45.007+0000] {dag.py:3340} INFO - Setting next_dagrun for example_branch_python_operator_decorator to 2022-12-03T00:00:00+00:00, run_after=2022-12-04T00:00:00+00:00
[2022-12-04T08:30:45.017+0000] {processor.py:176} INFO - Processing /home/airflow/.local/lib/python3.7/site-packages/airflow/example_dags/example_branch_operator_decorator.py took 0.078 seconds
[2022-12-04T10:09:30.458+0000] {processor.py:154} INFO - Started process (PID=15290) to work on /home/airflow/.local/lib/python3.7/site-packages/airflow/example_dags/example_branch_operator_decorator.py
[2022-12-04T10:09:30.460+0000] {processor.py:756} INFO - Processing file /home/airflow/.local/lib/python3.7/site-packages/airflow/example_dags/example_branch_operator_decorator.py for tasks to queue
[2022-12-04T10:09:30.461+0000] {logging_mixin.py:137} INFO - [2022-12-04T10:09:30.461+0000] {dagbag.py:537} INFO - Filling up the DagBag from /home/airflow/.local/lib/python3.7/site-packages/airflow/example_dags/example_branch_operator_decorator.py
[2022-12-04T10:09:30.480+0000] {processor.py:766} INFO - DAG(s) dict_keys(['example_branch_python_operator_decorator']) retrieved from /home/airflow/.local/lib/python3.7/site-packages/airflow/example_dags/example_branch_operator_decorator.py
[2022-12-04T10:09:30.514+0000] {logging_mixin.py:137} INFO - [2022-12-04T10:09:30.514+0000] {dag.py:2585} INFO - Sync 1 DAGs
[2022-12-04T10:09:30.531+0000] {logging_mixin.py:137} INFO - [2022-12-04T10:09:30.531+0000] {dag.py:3340} INFO - Setting next_dagrun for example_branch_python_operator_decorator to 2022-12-03T00:00:00+00:00, run_after=2022-12-04T00:00:00+00:00
[2022-12-04T10:09:30.544+0000] {processor.py:176} INFO - Processing /home/airflow/.local/lib/python3.7/site-packages/airflow/example_dags/example_branch_operator_decorator.py took 0.089 seconds
[2022-12-04T11:31:36.483+0000] {processor.py:154} INFO - Started process (PID=15354) to work on /home/airflow/.local/lib/python3.7/site-packages/airflow/example_dags/example_branch_operator_decorator.py
[2022-12-04T11:31:36.485+0000] {processor.py:756} INFO - Processing file /home/airflow/.local/lib/python3.7/site-packages/airflow/example_dags/example_branch_operator_decorator.py for tasks to queue
[2022-12-04T11:31:36.487+0000] {logging_mixin.py:137} INFO - [2022-12-04T11:31:36.487+0000] {dagbag.py:537} INFO - Filling up the DagBag from /home/airflow/.local/lib/python3.7/site-packages/airflow/example_dags/example_branch_operator_decorator.py
[2022-12-04T11:31:36.502+0000] {processor.py:766} INFO - DAG(s) dict_keys(['example_branch_python_operator_decorator']) retrieved from /home/airflow/.local/lib/python3.7/site-packages/airflow/example_dags/example_branch_operator_decorator.py
[2022-12-04T11:31:36.532+0000] {logging_mixin.py:137} INFO - [2022-12-04T11:31:36.532+0000] {dag.py:2585} INFO - Sync 1 DAGs
[2022-12-04T11:31:36.553+0000] {logging_mixin.py:137} INFO - [2022-12-04T11:31:36.552+0000] {dag.py:3340} INFO - Setting next_dagrun for example_branch_python_operator_decorator to 2022-12-03T00:00:00+00:00, run_after=2022-12-04T00:00:00+00:00
[2022-12-04T11:31:36.566+0000] {processor.py:176} INFO - Processing /home/airflow/.local/lib/python3.7/site-packages/airflow/example_dags/example_branch_operator_decorator.py took 0.085 seconds
[2022-12-04T12:30:16.786+0000] {processor.py:154} INFO - Started process (PID=15428) to work on /home/airflow/.local/lib/python3.7/site-packages/airflow/example_dags/example_branch_operator_decorator.py
[2022-12-04T12:30:16.790+0000] {processor.py:756} INFO - Processing file /home/airflow/.local/lib/python3.7/site-packages/airflow/example_dags/example_branch_operator_decorator.py for tasks to queue
[2022-12-04T12:30:16.792+0000] {logging_mixin.py:137} INFO - [2022-12-04T12:30:16.792+0000] {dagbag.py:537} INFO - Filling up the DagBag from /home/airflow/.local/lib/python3.7/site-packages/airflow/example_dags/example_branch_operator_decorator.py
[2022-12-04T12:30:16.813+0000] {processor.py:766} INFO - DAG(s) dict_keys(['example_branch_python_operator_decorator']) retrieved from /home/airflow/.local/lib/python3.7/site-packages/airflow/example_dags/example_branch_operator_decorator.py
[2022-12-04T12:30:16.843+0000] {logging_mixin.py:137} INFO - [2022-12-04T12:30:16.843+0000] {dag.py:2585} INFO - Sync 1 DAGs
[2022-12-04T12:30:16.861+0000] {logging_mixin.py:137} INFO - [2022-12-04T12:30:16.861+0000] {dag.py:3340} INFO - Setting next_dagrun for example_branch_python_operator_decorator to 2022-12-03T00:00:00+00:00, run_after=2022-12-04T00:00:00+00:00
[2022-12-04T12:30:16.875+0000] {processor.py:176} INFO - Processing /home/airflow/.local/lib/python3.7/site-packages/airflow/example_dags/example_branch_operator_decorator.py took 0.092 seconds
[2022-12-04T14:08:57.260+0000] {processor.py:154} INFO - Started process (PID=15484) to work on /home/airflow/.local/lib/python3.7/site-packages/airflow/example_dags/example_branch_operator_decorator.py
[2022-12-04T14:08:57.261+0000] {processor.py:756} INFO - Processing file /home/airflow/.local/lib/python3.7/site-packages/airflow/example_dags/example_branch_operator_decorator.py for tasks to queue
[2022-12-04T14:08:57.262+0000] {logging_mixin.py:137} INFO - [2022-12-04T14:08:57.262+0000] {dagbag.py:537} INFO - Filling up the DagBag from /home/airflow/.local/lib/python3.7/site-packages/airflow/example_dags/example_branch_operator_decorator.py
[2022-12-04T14:08:57.278+0000] {processor.py:766} INFO - DAG(s) dict_keys(['example_branch_python_operator_decorator']) retrieved from /home/airflow/.local/lib/python3.7/site-packages/airflow/example_dags/example_branch_operator_decorator.py
[2022-12-04T14:08:57.305+0000] {logging_mixin.py:137} INFO - [2022-12-04T14:08:57.305+0000] {dag.py:2585} INFO - Sync 1 DAGs
[2022-12-04T14:08:57.322+0000] {logging_mixin.py:137} INFO - [2022-12-04T14:08:57.322+0000] {dag.py:3340} INFO - Setting next_dagrun for example_branch_python_operator_decorator to 2022-12-03T00:00:00+00:00, run_after=2022-12-04T00:00:00+00:00
[2022-12-04T14:08:57.334+0000] {processor.py:176} INFO - Processing /home/airflow/.local/lib/python3.7/site-packages/airflow/example_dags/example_branch_operator_decorator.py took 0.076 seconds
[2022-12-04T15:33:48.062+0000] {processor.py:154} INFO - Started process (PID=15554) to work on /home/airflow/.local/lib/python3.7/site-packages/airflow/example_dags/example_branch_operator_decorator.py
[2022-12-04T15:33:48.064+0000] {processor.py:756} INFO - Processing file /home/airflow/.local/lib/python3.7/site-packages/airflow/example_dags/example_branch_operator_decorator.py for tasks to queue
[2022-12-04T15:33:48.065+0000] {logging_mixin.py:137} INFO - [2022-12-04T15:33:48.065+0000] {dagbag.py:537} INFO - Filling up the DagBag from /home/airflow/.local/lib/python3.7/site-packages/airflow/example_dags/example_branch_operator_decorator.py
[2022-12-04T15:33:48.080+0000] {processor.py:766} INFO - DAG(s) dict_keys(['example_branch_python_operator_decorator']) retrieved from /home/airflow/.local/lib/python3.7/site-packages/airflow/example_dags/example_branch_operator_decorator.py
[2022-12-04T15:33:48.110+0000] {logging_mixin.py:137} INFO - [2022-12-04T15:33:48.110+0000] {dag.py:2585} INFO - Sync 1 DAGs
[2022-12-04T15:33:48.125+0000] {logging_mixin.py:137} INFO - [2022-12-04T15:33:48.125+0000] {dag.py:3340} INFO - Setting next_dagrun for example_branch_python_operator_decorator to 2022-12-03T00:00:00+00:00, run_after=2022-12-04T00:00:00+00:00
[2022-12-04T15:33:48.138+0000] {processor.py:176} INFO - Processing /home/airflow/.local/lib/python3.7/site-packages/airflow/example_dags/example_branch_operator_decorator.py took 0.079 seconds
[2022-12-04T16:56:20.695+0000] {processor.py:154} INFO - Started process (PID=15622) to work on /home/airflow/.local/lib/python3.7/site-packages/airflow/example_dags/example_branch_operator_decorator.py
[2022-12-04T16:56:20.697+0000] {processor.py:756} INFO - Processing file /home/airflow/.local/lib/python3.7/site-packages/airflow/example_dags/example_branch_operator_decorator.py for tasks to queue
[2022-12-04T16:56:20.699+0000] {logging_mixin.py:137} INFO - [2022-12-04T16:56:20.699+0000] {dagbag.py:537} INFO - Filling up the DagBag from /home/airflow/.local/lib/python3.7/site-packages/airflow/example_dags/example_branch_operator_decorator.py
[2022-12-04T16:56:20.715+0000] {processor.py:766} INFO - DAG(s) dict_keys(['example_branch_python_operator_decorator']) retrieved from /home/airflow/.local/lib/python3.7/site-packages/airflow/example_dags/example_branch_operator_decorator.py
[2022-12-04T16:56:20.743+0000] {logging_mixin.py:137} INFO - [2022-12-04T16:56:20.743+0000] {dag.py:2585} INFO - Sync 1 DAGs
[2022-12-04T16:56:20.759+0000] {logging_mixin.py:137} INFO - [2022-12-04T16:56:20.758+0000] {dag.py:3340} INFO - Setting next_dagrun for example_branch_python_operator_decorator to 2022-12-03T00:00:00+00:00, run_after=2022-12-04T00:00:00+00:00
[2022-12-04T16:56:20.771+0000] {processor.py:176} INFO - Processing /home/airflow/.local/lib/python3.7/site-packages/airflow/example_dags/example_branch_operator_decorator.py took 0.078 seconds
[2022-12-04T18:19:33.181+0000] {processor.py:154} INFO - Started process (PID=15690) to work on /home/airflow/.local/lib/python3.7/site-packages/airflow/example_dags/example_branch_operator_decorator.py
[2022-12-04T18:19:33.189+0000] {processor.py:756} INFO - Processing file /home/airflow/.local/lib/python3.7/site-packages/airflow/example_dags/example_branch_operator_decorator.py for tasks to queue
[2022-12-04T18:19:33.191+0000] {logging_mixin.py:137} INFO - [2022-12-04T18:19:33.191+0000] {dagbag.py:537} INFO - Filling up the DagBag from /home/airflow/.local/lib/python3.7/site-packages/airflow/example_dags/example_branch_operator_decorator.py
[2022-12-04T18:19:33.241+0000] {processor.py:766} INFO - DAG(s) dict_keys(['example_branch_python_operator_decorator']) retrieved from /home/airflow/.local/lib/python3.7/site-packages/airflow/example_dags/example_branch_operator_decorator.py
[2022-12-04T18:19:33.295+0000] {logging_mixin.py:137} INFO - [2022-12-04T18:19:33.294+0000] {dag.py:2585} INFO - Sync 1 DAGs
[2022-12-04T18:19:33.345+0000] {logging_mixin.py:137} INFO - [2022-12-04T18:19:33.345+0000] {dag.py:3340} INFO - Setting next_dagrun for example_branch_python_operator_decorator to 2022-12-03T00:00:00+00:00, run_after=2022-12-04T00:00:00+00:00
[2022-12-04T18:19:33.787+0000] {processor.py:176} INFO - Processing /home/airflow/.local/lib/python3.7/site-packages/airflow/example_dags/example_branch_operator_decorator.py took 0.615 seconds
[2022-12-04T19:16:13.382+0000] {processor.py:154} INFO - Started process (PID=15754) to work on /home/airflow/.local/lib/python3.7/site-packages/airflow/example_dags/example_branch_operator_decorator.py
[2022-12-04T19:16:13.384+0000] {processor.py:756} INFO - Processing file /home/airflow/.local/lib/python3.7/site-packages/airflow/example_dags/example_branch_operator_decorator.py for tasks to queue
[2022-12-04T19:16:13.385+0000] {logging_mixin.py:137} INFO - [2022-12-04T19:16:13.385+0000] {dagbag.py:537} INFO - Filling up the DagBag from /home/airflow/.local/lib/python3.7/site-packages/airflow/example_dags/example_branch_operator_decorator.py
[2022-12-04T19:16:13.400+0000] {processor.py:766} INFO - DAG(s) dict_keys(['example_branch_python_operator_decorator']) retrieved from /home/airflow/.local/lib/python3.7/site-packages/airflow/example_dags/example_branch_operator_decorator.py
[2022-12-04T19:16:13.427+0000] {logging_mixin.py:137} INFO - [2022-12-04T19:16:13.427+0000] {dag.py:2585} INFO - Sync 1 DAGs
[2022-12-04T19:16:13.444+0000] {logging_mixin.py:137} INFO - [2022-12-04T19:16:13.444+0000] {dag.py:3340} INFO - Setting next_dagrun for example_branch_python_operator_decorator to 2022-12-03T00:00:00+00:00, run_after=2022-12-04T00:00:00+00:00
[2022-12-04T19:16:13.456+0000] {processor.py:176} INFO - Processing /home/airflow/.local/lib/python3.7/site-packages/airflow/example_dags/example_branch_operator_decorator.py took 0.077 seconds
[2022-12-04T20:04:51.842+0000] {processor.py:154} INFO - Started process (PID=15822) to work on /home/airflow/.local/lib/python3.7/site-packages/airflow/example_dags/example_branch_operator_decorator.py
[2022-12-04T20:04:51.845+0000] {processor.py:756} INFO - Processing file /home/airflow/.local/lib/python3.7/site-packages/airflow/example_dags/example_branch_operator_decorator.py for tasks to queue
[2022-12-04T20:04:51.845+0000] {logging_mixin.py:137} INFO - [2022-12-04T20:04:51.845+0000] {dagbag.py:537} INFO - Filling up the DagBag from /home/airflow/.local/lib/python3.7/site-packages/airflow/example_dags/example_branch_operator_decorator.py
[2022-12-04T20:04:51.860+0000] {processor.py:766} INFO - DAG(s) dict_keys(['example_branch_python_operator_decorator']) retrieved from /home/airflow/.local/lib/python3.7/site-packages/airflow/example_dags/example_branch_operator_decorator.py
[2022-12-04T20:04:51.889+0000] {logging_mixin.py:137} INFO - [2022-12-04T20:04:51.889+0000] {dag.py:2585} INFO - Sync 1 DAGs
[2022-12-04T20:04:51.905+0000] {logging_mixin.py:137} INFO - [2022-12-04T20:04:51.905+0000] {dag.py:3340} INFO - Setting next_dagrun for example_branch_python_operator_decorator to 2022-12-03T00:00:00+00:00, run_after=2022-12-04T00:00:00+00:00
[2022-12-04T20:04:51.917+0000] {processor.py:176} INFO - Processing /home/airflow/.local/lib/python3.7/site-packages/airflow/example_dags/example_branch_operator_decorator.py took 0.077 seconds
[2022-12-04T21:26:03.580+0000] {processor.py:154} INFO - Started process (PID=15894) to work on /home/airflow/.local/lib/python3.7/site-packages/airflow/example_dags/example_branch_operator_decorator.py
[2022-12-04T21:26:03.583+0000] {processor.py:756} INFO - Processing file /home/airflow/.local/lib/python3.7/site-packages/airflow/example_dags/example_branch_operator_decorator.py for tasks to queue
[2022-12-04T21:26:03.584+0000] {logging_mixin.py:137} INFO - [2022-12-04T21:26:03.584+0000] {dagbag.py:537} INFO - Filling up the DagBag from /home/airflow/.local/lib/python3.7/site-packages/airflow/example_dags/example_branch_operator_decorator.py
[2022-12-04T21:26:03.600+0000] {processor.py:766} INFO - DAG(s) dict_keys(['example_branch_python_operator_decorator']) retrieved from /home/airflow/.local/lib/python3.7/site-packages/airflow/example_dags/example_branch_operator_decorator.py
[2022-12-04T21:26:03.629+0000] {logging_mixin.py:137} INFO - [2022-12-04T21:26:03.629+0000] {dag.py:2585} INFO - Sync 1 DAGs
[2022-12-04T21:26:03.644+0000] {logging_mixin.py:137} INFO - [2022-12-04T21:26:03.644+0000] {dag.py:3340} INFO - Setting next_dagrun for example_branch_python_operator_decorator to 2022-12-03T00:00:00+00:00, run_after=2022-12-04T00:00:00+00:00
[2022-12-04T21:26:03.657+0000] {processor.py:176} INFO - Processing /home/airflow/.local/lib/python3.7/site-packages/airflow/example_dags/example_branch_operator_decorator.py took 0.079 seconds
[2022-12-04T22:34:06.797+0000] {processor.py:154} INFO - Started process (PID=15958) to work on /home/airflow/.local/lib/python3.7/site-packages/airflow/example_dags/example_branch_operator_decorator.py
[2022-12-04T22:34:06.801+0000] {processor.py:756} INFO - Processing file /home/airflow/.local/lib/python3.7/site-packages/airflow/example_dags/example_branch_operator_decorator.py for tasks to queue
[2022-12-04T22:34:06.803+0000] {logging_mixin.py:137} INFO - [2022-12-04T22:34:06.803+0000] {dagbag.py:537} INFO - Filling up the DagBag from /home/airflow/.local/lib/python3.7/site-packages/airflow/example_dags/example_branch_operator_decorator.py
[2022-12-04T22:34:06.820+0000] {processor.py:766} INFO - DAG(s) dict_keys(['example_branch_python_operator_decorator']) retrieved from /home/airflow/.local/lib/python3.7/site-packages/airflow/example_dags/example_branch_operator_decorator.py
[2022-12-04T22:34:06.856+0000] {logging_mixin.py:137} INFO - [2022-12-04T22:34:06.856+0000] {dag.py:2585} INFO - Sync 1 DAGs
[2022-12-04T22:34:06.878+0000] {logging_mixin.py:137} INFO - [2022-12-04T22:34:06.878+0000] {dag.py:3340} INFO - Setting next_dagrun for example_branch_python_operator_decorator to 2022-12-03T00:00:00+00:00, run_after=2022-12-04T00:00:00+00:00
[2022-12-04T22:34:06.892+0000] {processor.py:176} INFO - Processing /home/airflow/.local/lib/python3.7/site-packages/airflow/example_dags/example_branch_operator_decorator.py took 0.098 seconds
[2022-12-04T22:52:28.698+0000] {processor.py:154} INFO - Started process (PID=16014) to work on /home/airflow/.local/lib/python3.7/site-packages/airflow/example_dags/example_branch_operator_decorator.py
[2022-12-04T22:52:28.699+0000] {processor.py:756} INFO - Processing file /home/airflow/.local/lib/python3.7/site-packages/airflow/example_dags/example_branch_operator_decorator.py for tasks to queue
[2022-12-04T22:52:28.701+0000] {logging_mixin.py:137} INFO - [2022-12-04T22:52:28.701+0000] {dagbag.py:537} INFO - Filling up the DagBag from /home/airflow/.local/lib/python3.7/site-packages/airflow/example_dags/example_branch_operator_decorator.py
[2022-12-04T22:52:28.717+0000] {processor.py:766} INFO - DAG(s) dict_keys(['example_branch_python_operator_decorator']) retrieved from /home/airflow/.local/lib/python3.7/site-packages/airflow/example_dags/example_branch_operator_decorator.py
[2022-12-04T22:52:28.746+0000] {logging_mixin.py:137} INFO - [2022-12-04T22:52:28.746+0000] {dag.py:2585} INFO - Sync 1 DAGs
[2022-12-04T22:52:28.764+0000] {logging_mixin.py:137} INFO - [2022-12-04T22:52:28.764+0000] {dag.py:3340} INFO - Setting next_dagrun for example_branch_python_operator_decorator to 2022-12-03T00:00:00+00:00, run_after=2022-12-04T00:00:00+00:00
[2022-12-04T22:52:28.776+0000] {processor.py:176} INFO - Processing /home/airflow/.local/lib/python3.7/site-packages/airflow/example_dags/example_branch_operator_decorator.py took 0.081 seconds
