[2022-12-04T00:57:33.459+0000] {processor.py:154} INFO - Started process (PID=14883) to work on /home/airflow/.local/lib/python3.7/site-packages/airflow/example_dags/example_task_group.py
[2022-12-04T00:57:33.465+0000] {processor.py:756} INFO - Processing file /home/airflow/.local/lib/python3.7/site-packages/airflow/example_dags/example_task_group.py for tasks to queue
[2022-12-04T00:57:33.467+0000] {logging_mixin.py:137} INFO - [2022-12-04T00:57:33.466+0000] {dagbag.py:537} INFO - Filling up the DagBag from /home/airflow/.local/lib/python3.7/site-packages/airflow/example_dags/example_task_group.py
[2022-12-04T00:57:33.479+0000] {processor.py:766} INFO - DAG(s) dict_keys(['example_task_group']) retrieved from /home/airflow/.local/lib/python3.7/site-packages/airflow/example_dags/example_task_group.py
[2022-12-04T00:57:33.508+0000] {logging_mixin.py:137} INFO - [2022-12-04T00:57:33.508+0000] {dag.py:2585} INFO - Sync 1 DAGs
[2022-12-04T00:57:33.526+0000] {logging_mixin.py:137} INFO - [2022-12-04T00:57:33.526+0000] {dag.py:3340} INFO - Setting next_dagrun for example_task_group to 2022-12-03T00:57:33.526448+00:00, run_after=2022-12-04T00:57:33.526448+00:00
[2022-12-04T00:57:33.540+0000] {processor.py:176} INFO - Processing /home/airflow/.local/lib/python3.7/site-packages/airflow/example_dags/example_task_group.py took 0.084 seconds
[2022-12-04T02:32:54.155+0000] {processor.py:154} INFO - Started process (PID=14951) to work on /home/airflow/.local/lib/python3.7/site-packages/airflow/example_dags/example_task_group.py
[2022-12-04T02:32:54.156+0000] {processor.py:756} INFO - Processing file /home/airflow/.local/lib/python3.7/site-packages/airflow/example_dags/example_task_group.py for tasks to queue
[2022-12-04T02:32:54.157+0000] {logging_mixin.py:137} INFO - [2022-12-04T02:32:54.157+0000] {dagbag.py:537} INFO - Filling up the DagBag from /home/airflow/.local/lib/python3.7/site-packages/airflow/example_dags/example_task_group.py
[2022-12-04T02:32:54.166+0000] {processor.py:766} INFO - DAG(s) dict_keys(['example_task_group']) retrieved from /home/airflow/.local/lib/python3.7/site-packages/airflow/example_dags/example_task_group.py
[2022-12-04T02:32:54.191+0000] {logging_mixin.py:137} INFO - [2022-12-04T02:32:54.191+0000] {dag.py:2585} INFO - Sync 1 DAGs
[2022-12-04T02:32:54.205+0000] {logging_mixin.py:137} INFO - [2022-12-04T02:32:54.205+0000] {dag.py:3340} INFO - Setting next_dagrun for example_task_group to 2022-12-03T02:32:54.205679+00:00, run_after=2022-12-04T02:32:54.205679+00:00
[2022-12-04T02:32:54.217+0000] {processor.py:176} INFO - Processing /home/airflow/.local/lib/python3.7/site-packages/airflow/example_dags/example_task_group.py took 0.064 seconds
[2022-12-04T03:55:41.317+0000] {processor.py:154} INFO - Started process (PID=15019) to work on /home/airflow/.local/lib/python3.7/site-packages/airflow/example_dags/example_task_group.py
[2022-12-04T03:55:41.320+0000] {processor.py:756} INFO - Processing file /home/airflow/.local/lib/python3.7/site-packages/airflow/example_dags/example_task_group.py for tasks to queue
[2022-12-04T03:55:41.322+0000] {logging_mixin.py:137} INFO - [2022-12-04T03:55:41.322+0000] {dagbag.py:537} INFO - Filling up the DagBag from /home/airflow/.local/lib/python3.7/site-packages/airflow/example_dags/example_task_group.py
[2022-12-04T03:55:41.338+0000] {processor.py:766} INFO - DAG(s) dict_keys(['example_task_group']) retrieved from /home/airflow/.local/lib/python3.7/site-packages/airflow/example_dags/example_task_group.py
[2022-12-04T03:55:41.372+0000] {logging_mixin.py:137} INFO - [2022-12-04T03:55:41.372+0000] {dag.py:2585} INFO - Sync 1 DAGs
[2022-12-04T03:55:41.396+0000] {logging_mixin.py:137} INFO - [2022-12-04T03:55:41.396+0000] {dag.py:3340} INFO - Setting next_dagrun for example_task_group to 2022-12-03T03:55:41.396530+00:00, run_after=2022-12-04T03:55:41.396530+00:00
[2022-12-04T03:55:41.418+0000] {processor.py:176} INFO - Processing /home/airflow/.local/lib/python3.7/site-packages/airflow/example_dags/example_task_group.py took 0.107 seconds
[2022-12-04T05:30:17.262+0000] {processor.py:154} INFO - Started process (PID=15087) to work on /home/airflow/.local/lib/python3.7/site-packages/airflow/example_dags/example_task_group.py
[2022-12-04T05:30:17.265+0000] {processor.py:756} INFO - Processing file /home/airflow/.local/lib/python3.7/site-packages/airflow/example_dags/example_task_group.py for tasks to queue
[2022-12-04T05:30:17.266+0000] {logging_mixin.py:137} INFO - [2022-12-04T05:30:17.266+0000] {dagbag.py:537} INFO - Filling up the DagBag from /home/airflow/.local/lib/python3.7/site-packages/airflow/example_dags/example_task_group.py
[2022-12-04T05:30:17.279+0000] {processor.py:766} INFO - DAG(s) dict_keys(['example_task_group']) retrieved from /home/airflow/.local/lib/python3.7/site-packages/airflow/example_dags/example_task_group.py
[2022-12-04T05:30:17.314+0000] {logging_mixin.py:137} INFO - [2022-12-04T05:30:17.314+0000] {dag.py:2585} INFO - Sync 1 DAGs
[2022-12-04T05:30:17.333+0000] {logging_mixin.py:137} INFO - [2022-12-04T05:30:17.333+0000] {dag.py:3340} INFO - Setting next_dagrun for example_task_group to 2022-12-03T05:30:17.333643+00:00, run_after=2022-12-04T05:30:17.333643+00:00
[2022-12-04T05:30:17.347+0000] {processor.py:176} INFO - Processing /home/airflow/.local/lib/python3.7/site-packages/airflow/example_dags/example_task_group.py took 0.087 seconds
[2022-12-04T06:53:37.311+0000] {processor.py:154} INFO - Started process (PID=15143) to work on /home/airflow/.local/lib/python3.7/site-packages/airflow/example_dags/example_task_group.py
[2022-12-04T06:53:37.315+0000] {processor.py:756} INFO - Processing file /home/airflow/.local/lib/python3.7/site-packages/airflow/example_dags/example_task_group.py for tasks to queue
[2022-12-04T06:53:37.316+0000] {logging_mixin.py:137} INFO - [2022-12-04T06:53:37.316+0000] {dagbag.py:537} INFO - Filling up the DagBag from /home/airflow/.local/lib/python3.7/site-packages/airflow/example_dags/example_task_group.py
[2022-12-04T06:53:37.345+0000] {processor.py:766} INFO - DAG(s) dict_keys(['example_task_group']) retrieved from /home/airflow/.local/lib/python3.7/site-packages/airflow/example_dags/example_task_group.py
[2022-12-04T06:53:37.373+0000] {logging_mixin.py:137} INFO - [2022-12-04T06:53:37.373+0000] {dag.py:2585} INFO - Sync 1 DAGs
[2022-12-04T06:53:37.390+0000] {logging_mixin.py:137} INFO - [2022-12-04T06:53:37.389+0000] {dag.py:3340} INFO - Setting next_dagrun for example_task_group to 2022-12-03T06:53:37.389808+00:00, run_after=2022-12-04T06:53:37.389808+00:00
[2022-12-04T06:53:37.408+0000] {processor.py:176} INFO - Processing /home/airflow/.local/lib/python3.7/site-packages/airflow/example_dags/example_task_group.py took 0.103 seconds
[2022-12-04T08:30:44.065+0000] {processor.py:154} INFO - Started process (PID=15210) to work on /home/airflow/.local/lib/python3.7/site-packages/airflow/example_dags/example_task_group.py
[2022-12-04T08:30:44.068+0000] {processor.py:756} INFO - Processing file /home/airflow/.local/lib/python3.7/site-packages/airflow/example_dags/example_task_group.py for tasks to queue
[2022-12-04T08:30:44.070+0000] {logging_mixin.py:137} INFO - [2022-12-04T08:30:44.070+0000] {dagbag.py:537} INFO - Filling up the DagBag from /home/airflow/.local/lib/python3.7/site-packages/airflow/example_dags/example_task_group.py
[2022-12-04T08:30:44.116+0000] {processor.py:766} INFO - DAG(s) dict_keys(['example_task_group']) retrieved from /home/airflow/.local/lib/python3.7/site-packages/airflow/example_dags/example_task_group.py
[2022-12-04T08:30:44.171+0000] {logging_mixin.py:137} INFO - [2022-12-04T08:30:44.171+0000] {dag.py:2585} INFO - Sync 1 DAGs
[2022-12-04T08:30:44.219+0000] {logging_mixin.py:137} INFO - [2022-12-04T08:30:44.219+0000] {dag.py:3340} INFO - Setting next_dagrun for example_task_group to 2022-12-03T08:30:44.219234+00:00, run_after=2022-12-04T08:30:44.219234+00:00
[2022-12-04T08:30:44.250+0000] {processor.py:176} INFO - Processing /home/airflow/.local/lib/python3.7/site-packages/airflow/example_dags/example_task_group.py took 0.189 seconds
[2022-12-04T10:09:29.647+0000] {processor.py:154} INFO - Started process (PID=15277) to work on /home/airflow/.local/lib/python3.7/site-packages/airflow/example_dags/example_task_group.py
[2022-12-04T10:09:29.650+0000] {processor.py:756} INFO - Processing file /home/airflow/.local/lib/python3.7/site-packages/airflow/example_dags/example_task_group.py for tasks to queue
[2022-12-04T10:09:29.651+0000] {logging_mixin.py:137} INFO - [2022-12-04T10:09:29.651+0000] {dagbag.py:537} INFO - Filling up the DagBag from /home/airflow/.local/lib/python3.7/site-packages/airflow/example_dags/example_task_group.py
[2022-12-04T10:09:29.661+0000] {processor.py:766} INFO - DAG(s) dict_keys(['example_task_group']) retrieved from /home/airflow/.local/lib/python3.7/site-packages/airflow/example_dags/example_task_group.py
[2022-12-04T10:09:29.688+0000] {logging_mixin.py:137} INFO - [2022-12-04T10:09:29.688+0000] {dag.py:2585} INFO - Sync 1 DAGs
[2022-12-04T10:09:29.704+0000] {logging_mixin.py:137} INFO - [2022-12-04T10:09:29.704+0000] {dag.py:3340} INFO - Setting next_dagrun for example_task_group to 2022-12-03T10:09:29.704443+00:00, run_after=2022-12-04T10:09:29.704443+00:00
[2022-12-04T10:09:29.717+0000] {processor.py:176} INFO - Processing /home/airflow/.local/lib/python3.7/site-packages/airflow/example_dags/example_task_group.py took 0.072 seconds
[2022-12-04T11:31:35.502+0000] {processor.py:154} INFO - Started process (PID=15341) to work on /home/airflow/.local/lib/python3.7/site-packages/airflow/example_dags/example_task_group.py
[2022-12-04T11:31:35.557+0000] {processor.py:756} INFO - Processing file /home/airflow/.local/lib/python3.7/site-packages/airflow/example_dags/example_task_group.py for tasks to queue
[2022-12-04T11:31:35.573+0000] {logging_mixin.py:137} INFO - [2022-12-04T11:31:35.572+0000] {dagbag.py:537} INFO - Filling up the DagBag from /home/airflow/.local/lib/python3.7/site-packages/airflow/example_dags/example_task_group.py
[2022-12-04T11:31:35.588+0000] {processor.py:766} INFO - DAG(s) dict_keys(['example_task_group']) retrieved from /home/airflow/.local/lib/python3.7/site-packages/airflow/example_dags/example_task_group.py
[2022-12-04T11:31:35.630+0000] {logging_mixin.py:137} INFO - [2022-12-04T11:31:35.630+0000] {dag.py:2585} INFO - Sync 1 DAGs
[2022-12-04T11:31:35.648+0000] {logging_mixin.py:137} INFO - [2022-12-04T11:31:35.648+0000] {dag.py:3340} INFO - Setting next_dagrun for example_task_group to 2022-12-03T11:31:35.648347+00:00, run_after=2022-12-04T11:31:35.648347+00:00
[2022-12-04T11:31:35.662+0000] {processor.py:176} INFO - Processing /home/airflow/.local/lib/python3.7/site-packages/airflow/example_dags/example_task_group.py took 0.169 seconds
[2022-12-04T12:30:15.418+0000] {processor.py:154} INFO - Started process (PID=15403) to work on /home/airflow/.local/lib/python3.7/site-packages/airflow/example_dags/example_task_group.py
[2022-12-04T12:30:15.427+0000] {processor.py:756} INFO - Processing file /home/airflow/.local/lib/python3.7/site-packages/airflow/example_dags/example_task_group.py for tasks to queue
[2022-12-04T12:30:15.429+0000] {logging_mixin.py:137} INFO - [2022-12-04T12:30:15.429+0000] {dagbag.py:537} INFO - Filling up the DagBag from /home/airflow/.local/lib/python3.7/site-packages/airflow/example_dags/example_task_group.py
[2022-12-04T12:30:15.450+0000] {processor.py:766} INFO - DAG(s) dict_keys(['example_task_group']) retrieved from /home/airflow/.local/lib/python3.7/site-packages/airflow/example_dags/example_task_group.py
[2022-12-04T12:30:15.518+0000] {logging_mixin.py:137} INFO - [2022-12-04T12:30:15.518+0000] {dag.py:2585} INFO - Sync 1 DAGs
[2022-12-04T12:30:15.549+0000] {logging_mixin.py:137} INFO - [2022-12-04T12:30:15.549+0000] {dag.py:3340} INFO - Setting next_dagrun for example_task_group to 2022-12-03T12:30:15.548755+00:00, run_after=2022-12-04T12:30:15.548755+00:00
[2022-12-04T12:30:15.572+0000] {processor.py:176} INFO - Processing /home/airflow/.local/lib/python3.7/site-packages/airflow/example_dags/example_task_group.py took 0.159 seconds
[2022-12-04T14:08:56.515+0000] {processor.py:154} INFO - Started process (PID=15471) to work on /home/airflow/.local/lib/python3.7/site-packages/airflow/example_dags/example_task_group.py
[2022-12-04T14:08:56.519+0000] {processor.py:756} INFO - Processing file /home/airflow/.local/lib/python3.7/site-packages/airflow/example_dags/example_task_group.py for tasks to queue
[2022-12-04T14:08:56.520+0000] {logging_mixin.py:137} INFO - [2022-12-04T14:08:56.520+0000] {dagbag.py:537} INFO - Filling up the DagBag from /home/airflow/.local/lib/python3.7/site-packages/airflow/example_dags/example_task_group.py
[2022-12-04T14:08:56.532+0000] {processor.py:766} INFO - DAG(s) dict_keys(['example_task_group']) retrieved from /home/airflow/.local/lib/python3.7/site-packages/airflow/example_dags/example_task_group.py
[2022-12-04T14:08:56.559+0000] {logging_mixin.py:137} INFO - [2022-12-04T14:08:56.559+0000] {dag.py:2585} INFO - Sync 1 DAGs
[2022-12-04T14:08:56.574+0000] {logging_mixin.py:137} INFO - [2022-12-04T14:08:56.574+0000] {dag.py:3340} INFO - Setting next_dagrun for example_task_group to 2022-12-03T14:08:56.574544+00:00, run_after=2022-12-04T14:08:56.574544+00:00
[2022-12-04T14:08:56.586+0000] {processor.py:176} INFO - Processing /home/airflow/.local/lib/python3.7/site-packages/airflow/example_dags/example_task_group.py took 0.074 seconds
[2022-12-04T15:33:47.188+0000] {processor.py:154} INFO - Started process (PID=15541) to work on /home/airflow/.local/lib/python3.7/site-packages/airflow/example_dags/example_task_group.py
[2022-12-04T15:33:47.189+0000] {processor.py:756} INFO - Processing file /home/airflow/.local/lib/python3.7/site-packages/airflow/example_dags/example_task_group.py for tasks to queue
[2022-12-04T15:33:47.191+0000] {logging_mixin.py:137} INFO - [2022-12-04T15:33:47.190+0000] {dagbag.py:537} INFO - Filling up the DagBag from /home/airflow/.local/lib/python3.7/site-packages/airflow/example_dags/example_task_group.py
[2022-12-04T15:33:47.201+0000] {processor.py:766} INFO - DAG(s) dict_keys(['example_task_group']) retrieved from /home/airflow/.local/lib/python3.7/site-packages/airflow/example_dags/example_task_group.py
[2022-12-04T15:33:47.231+0000] {logging_mixin.py:137} INFO - [2022-12-04T15:33:47.230+0000] {dag.py:2585} INFO - Sync 1 DAGs
[2022-12-04T15:33:47.247+0000] {logging_mixin.py:137} INFO - [2022-12-04T15:33:47.247+0000] {dag.py:3340} INFO - Setting next_dagrun for example_task_group to 2022-12-03T15:33:47.247292+00:00, run_after=2022-12-04T15:33:47.247292+00:00
[2022-12-04T15:33:47.265+0000] {processor.py:176} INFO - Processing /home/airflow/.local/lib/python3.7/site-packages/airflow/example_dags/example_task_group.py took 0.080 seconds
[2022-12-04T16:56:19.984+0000] {processor.py:154} INFO - Started process (PID=15609) to work on /home/airflow/.local/lib/python3.7/site-packages/airflow/example_dags/example_task_group.py
[2022-12-04T16:56:19.985+0000] {processor.py:756} INFO - Processing file /home/airflow/.local/lib/python3.7/site-packages/airflow/example_dags/example_task_group.py for tasks to queue
[2022-12-04T16:56:19.986+0000] {logging_mixin.py:137} INFO - [2022-12-04T16:56:19.986+0000] {dagbag.py:537} INFO - Filling up the DagBag from /home/airflow/.local/lib/python3.7/site-packages/airflow/example_dags/example_task_group.py
[2022-12-04T16:56:19.998+0000] {processor.py:766} INFO - DAG(s) dict_keys(['example_task_group']) retrieved from /home/airflow/.local/lib/python3.7/site-packages/airflow/example_dags/example_task_group.py
[2022-12-04T16:56:20.026+0000] {logging_mixin.py:137} INFO - [2022-12-04T16:56:20.025+0000] {dag.py:2585} INFO - Sync 1 DAGs
[2022-12-04T16:56:20.040+0000] {logging_mixin.py:137} INFO - [2022-12-04T16:56:20.040+0000] {dag.py:3340} INFO - Setting next_dagrun for example_task_group to 2022-12-03T16:56:20.040626+00:00, run_after=2022-12-04T16:56:20.040626+00:00
[2022-12-04T16:56:20.052+0000] {processor.py:176} INFO - Processing /home/airflow/.local/lib/python3.7/site-packages/airflow/example_dags/example_task_group.py took 0.071 seconds
[2022-12-04T18:19:31.598+0000] {processor.py:154} INFO - Started process (PID=15667) to work on /home/airflow/.local/lib/python3.7/site-packages/airflow/example_dags/example_task_group.py
[2022-12-04T18:19:31.600+0000] {processor.py:756} INFO - Processing file /home/airflow/.local/lib/python3.7/site-packages/airflow/example_dags/example_task_group.py for tasks to queue
[2022-12-04T18:19:31.601+0000] {logging_mixin.py:137} INFO - [2022-12-04T18:19:31.601+0000] {dagbag.py:537} INFO - Filling up the DagBag from /home/airflow/.local/lib/python3.7/site-packages/airflow/example_dags/example_task_group.py
[2022-12-04T18:19:31.611+0000] {processor.py:766} INFO - DAG(s) dict_keys(['example_task_group']) retrieved from /home/airflow/.local/lib/python3.7/site-packages/airflow/example_dags/example_task_group.py
[2022-12-04T18:19:31.639+0000] {logging_mixin.py:137} INFO - [2022-12-04T18:19:31.639+0000] {dag.py:2585} INFO - Sync 1 DAGs
[2022-12-04T18:19:31.653+0000] {logging_mixin.py:137} INFO - [2022-12-04T18:19:31.653+0000] {dag.py:3340} INFO - Setting next_dagrun for example_task_group to 2022-12-03T18:19:31.653410+00:00, run_after=2022-12-04T18:19:31.653410+00:00
[2022-12-04T18:19:31.666+0000] {processor.py:176} INFO - Processing /home/airflow/.local/lib/python3.7/site-packages/airflow/example_dags/example_task_group.py took 0.070 seconds
[2022-12-04T19:16:11.973+0000] {processor.py:154} INFO - Started process (PID=15741) to work on /home/airflow/.local/lib/python3.7/site-packages/airflow/example_dags/example_task_group.py
[2022-12-04T19:16:11.975+0000] {processor.py:756} INFO - Processing file /home/airflow/.local/lib/python3.7/site-packages/airflow/example_dags/example_task_group.py for tasks to queue
[2022-12-04T19:16:11.976+0000] {logging_mixin.py:137} INFO - [2022-12-04T19:16:11.976+0000] {dagbag.py:537} INFO - Filling up the DagBag from /home/airflow/.local/lib/python3.7/site-packages/airflow/example_dags/example_task_group.py
[2022-12-04T19:16:11.986+0000] {processor.py:766} INFO - DAG(s) dict_keys(['example_task_group']) retrieved from /home/airflow/.local/lib/python3.7/site-packages/airflow/example_dags/example_task_group.py
[2022-12-04T19:16:12.013+0000] {logging_mixin.py:137} INFO - [2022-12-04T19:16:12.013+0000] {dag.py:2585} INFO - Sync 1 DAGs
[2022-12-04T19:16:12.028+0000] {logging_mixin.py:137} INFO - [2022-12-04T19:16:12.028+0000] {dag.py:3340} INFO - Setting next_dagrun for example_task_group to 2022-12-03T19:16:12.027892+00:00, run_after=2022-12-04T19:16:12.027892+00:00
[2022-12-04T19:16:12.042+0000] {processor.py:176} INFO - Processing /home/airflow/.local/lib/python3.7/site-packages/airflow/example_dags/example_task_group.py took 0.071 seconds
[2022-12-04T20:04:51.034+0000] {processor.py:154} INFO - Started process (PID=15809) to work on /home/airflow/.local/lib/python3.7/site-packages/airflow/example_dags/example_task_group.py
[2022-12-04T20:04:51.036+0000] {processor.py:756} INFO - Processing file /home/airflow/.local/lib/python3.7/site-packages/airflow/example_dags/example_task_group.py for tasks to queue
[2022-12-04T20:04:51.037+0000] {logging_mixin.py:137} INFO - [2022-12-04T20:04:51.037+0000] {dagbag.py:537} INFO - Filling up the DagBag from /home/airflow/.local/lib/python3.7/site-packages/airflow/example_dags/example_task_group.py
[2022-12-04T20:04:51.048+0000] {processor.py:766} INFO - DAG(s) dict_keys(['example_task_group']) retrieved from /home/airflow/.local/lib/python3.7/site-packages/airflow/example_dags/example_task_group.py
[2022-12-04T20:04:51.075+0000] {logging_mixin.py:137} INFO - [2022-12-04T20:04:51.075+0000] {dag.py:2585} INFO - Sync 1 DAGs
[2022-12-04T20:04:51.091+0000] {logging_mixin.py:137} INFO - [2022-12-04T20:04:51.091+0000] {dag.py:3340} INFO - Setting next_dagrun for example_task_group to 2022-12-03T20:04:51.091459+00:00, run_after=2022-12-04T20:04:51.091459+00:00
[2022-12-04T20:04:51.104+0000] {processor.py:176} INFO - Processing /home/airflow/.local/lib/python3.7/site-packages/airflow/example_dags/example_task_group.py took 0.071 seconds
[2022-12-04T21:26:02.790+0000] {processor.py:154} INFO - Started process (PID=15881) to work on /home/airflow/.local/lib/python3.7/site-packages/airflow/example_dags/example_task_group.py
[2022-12-04T21:26:02.793+0000] {processor.py:756} INFO - Processing file /home/airflow/.local/lib/python3.7/site-packages/airflow/example_dags/example_task_group.py for tasks to queue
[2022-12-04T21:26:02.795+0000] {logging_mixin.py:137} INFO - [2022-12-04T21:26:02.795+0000] {dagbag.py:537} INFO - Filling up the DagBag from /home/airflow/.local/lib/python3.7/site-packages/airflow/example_dags/example_task_group.py
[2022-12-04T21:26:02.806+0000] {processor.py:766} INFO - DAG(s) dict_keys(['example_task_group']) retrieved from /home/airflow/.local/lib/python3.7/site-packages/airflow/example_dags/example_task_group.py
[2022-12-04T21:26:02.839+0000] {logging_mixin.py:137} INFO - [2022-12-04T21:26:02.839+0000] {dag.py:2585} INFO - Sync 1 DAGs
[2022-12-04T21:26:02.856+0000] {logging_mixin.py:137} INFO - [2022-12-04T21:26:02.856+0000] {dag.py:3340} INFO - Setting next_dagrun for example_task_group to 2022-12-03T21:26:02.855989+00:00, run_after=2022-12-04T21:26:02.855989+00:00
[2022-12-04T21:26:02.868+0000] {processor.py:176} INFO - Processing /home/airflow/.local/lib/python3.7/site-packages/airflow/example_dags/example_task_group.py took 0.080 seconds
[2022-12-04T22:34:05.287+0000] {processor.py:154} INFO - Started process (PID=15937) to work on /home/airflow/.local/lib/python3.7/site-packages/airflow/example_dags/example_task_group.py
[2022-12-04T22:34:05.291+0000] {processor.py:756} INFO - Processing file /home/airflow/.local/lib/python3.7/site-packages/airflow/example_dags/example_task_group.py for tasks to queue
[2022-12-04T22:34:05.292+0000] {logging_mixin.py:137} INFO - [2022-12-04T22:34:05.292+0000] {dagbag.py:537} INFO - Filling up the DagBag from /home/airflow/.local/lib/python3.7/site-packages/airflow/example_dags/example_task_group.py
[2022-12-04T22:34:05.311+0000] {processor.py:766} INFO - DAG(s) dict_keys(['example_task_group']) retrieved from /home/airflow/.local/lib/python3.7/site-packages/airflow/example_dags/example_task_group.py
[2022-12-04T22:34:05.392+0000] {logging_mixin.py:137} INFO - [2022-12-04T22:34:05.392+0000] {dag.py:2585} INFO - Sync 1 DAGs
[2022-12-04T22:34:05.433+0000] {logging_mixin.py:137} INFO - [2022-12-04T22:34:05.433+0000] {dag.py:3340} INFO - Setting next_dagrun for example_task_group to 2022-12-03T22:34:05.433184+00:00, run_after=2022-12-04T22:34:05.433184+00:00
[2022-12-04T22:34:05.466+0000] {processor.py:176} INFO - Processing /home/airflow/.local/lib/python3.7/site-packages/airflow/example_dags/example_task_group.py took 0.182 seconds
[2022-12-04T22:52:27.448+0000] {processor.py:154} INFO - Started process (PID=16001) to work on /home/airflow/.local/lib/python3.7/site-packages/airflow/example_dags/example_task_group.py
[2022-12-04T22:52:27.451+0000] {processor.py:756} INFO - Processing file /home/airflow/.local/lib/python3.7/site-packages/airflow/example_dags/example_task_group.py for tasks to queue
[2022-12-04T22:52:27.453+0000] {logging_mixin.py:137} INFO - [2022-12-04T22:52:27.453+0000] {dagbag.py:537} INFO - Filling up the DagBag from /home/airflow/.local/lib/python3.7/site-packages/airflow/example_dags/example_task_group.py
[2022-12-04T22:52:27.474+0000] {processor.py:766} INFO - DAG(s) dict_keys(['example_task_group']) retrieved from /home/airflow/.local/lib/python3.7/site-packages/airflow/example_dags/example_task_group.py
[2022-12-04T22:52:27.521+0000] {logging_mixin.py:137} INFO - [2022-12-04T22:52:27.521+0000] {dag.py:2585} INFO - Sync 1 DAGs
[2022-12-04T22:52:27.587+0000] {logging_mixin.py:137} INFO - [2022-12-04T22:52:27.586+0000] {dag.py:3340} INFO - Setting next_dagrun for example_task_group to 2022-12-03T22:52:27.586551+00:00, run_after=2022-12-04T22:52:27.586551+00:00
[2022-12-04T22:52:27.625+0000] {processor.py:176} INFO - Processing /home/airflow/.local/lib/python3.7/site-packages/airflow/example_dags/example_task_group.py took 0.181 seconds
