[2022-12-04T00:57:33.355+0000] {processor.py:154} INFO - Started process (PID=14882) to work on /home/airflow/.local/lib/python3.7/site-packages/airflow/example_dags/example_time_delta_sensor_async.py
[2022-12-04T00:57:33.356+0000] {processor.py:756} INFO - Processing file /home/airflow/.local/lib/python3.7/site-packages/airflow/example_dags/example_time_delta_sensor_async.py for tasks to queue
[2022-12-04T00:57:33.357+0000] {logging_mixin.py:137} INFO - [2022-12-04T00:57:33.357+0000] {dagbag.py:537} INFO - Filling up the DagBag from /home/airflow/.local/lib/python3.7/site-packages/airflow/example_dags/example_time_delta_sensor_async.py
[2022-12-04T00:57:33.367+0000] {processor.py:766} INFO - DAG(s) dict_keys(['example_time_delta_sensor_async']) retrieved from /home/airflow/.local/lib/python3.7/site-packages/airflow/example_dags/example_time_delta_sensor_async.py
[2022-12-04T00:57:33.516+0000] {logging_mixin.py:137} INFO - [2022-12-04T00:57:33.516+0000] {dag.py:2585} INFO - Sync 1 DAGs
[2022-12-04T00:57:33.534+0000] {logging_mixin.py:137} INFO - [2022-12-04T00:57:33.534+0000] {dag.py:3340} INFO - Setting next_dagrun for example_time_delta_sensor_async to None, run_after=None
[2022-12-04T00:57:33.548+0000] {processor.py:176} INFO - Processing /home/airflow/.local/lib/python3.7/site-packages/airflow/example_dags/example_time_delta_sensor_async.py took 0.195 seconds
[2022-12-04T02:32:54.151+0000] {processor.py:154} INFO - Started process (PID=14950) to work on /home/airflow/.local/lib/python3.7/site-packages/airflow/example_dags/example_time_delta_sensor_async.py
[2022-12-04T02:32:54.153+0000] {processor.py:756} INFO - Processing file /home/airflow/.local/lib/python3.7/site-packages/airflow/example_dags/example_time_delta_sensor_async.py for tasks to queue
[2022-12-04T02:32:54.154+0000] {logging_mixin.py:137} INFO - [2022-12-04T02:32:54.154+0000] {dagbag.py:537} INFO - Filling up the DagBag from /home/airflow/.local/lib/python3.7/site-packages/airflow/example_dags/example_time_delta_sensor_async.py
[2022-12-04T02:32:54.163+0000] {processor.py:766} INFO - DAG(s) dict_keys(['example_time_delta_sensor_async']) retrieved from /home/airflow/.local/lib/python3.7/site-packages/airflow/example_dags/example_time_delta_sensor_async.py
[2022-12-04T02:32:54.268+0000] {logging_mixin.py:137} INFO - [2022-12-04T02:32:54.268+0000] {dag.py:2585} INFO - Sync 1 DAGs
[2022-12-04T02:32:54.283+0000] {logging_mixin.py:137} INFO - [2022-12-04T02:32:54.283+0000] {dag.py:3340} INFO - Setting next_dagrun for example_time_delta_sensor_async to None, run_after=None
[2022-12-04T02:32:54.296+0000] {processor.py:176} INFO - Processing /home/airflow/.local/lib/python3.7/site-packages/airflow/example_dags/example_time_delta_sensor_async.py took 0.147 seconds
[2022-12-04T03:55:41.303+0000] {processor.py:154} INFO - Started process (PID=15018) to work on /home/airflow/.local/lib/python3.7/site-packages/airflow/example_dags/example_time_delta_sensor_async.py
[2022-12-04T03:55:41.305+0000] {processor.py:756} INFO - Processing file /home/airflow/.local/lib/python3.7/site-packages/airflow/example_dags/example_time_delta_sensor_async.py for tasks to queue
[2022-12-04T03:55:41.307+0000] {logging_mixin.py:137} INFO - [2022-12-04T03:55:41.307+0000] {dagbag.py:537} INFO - Filling up the DagBag from /home/airflow/.local/lib/python3.7/site-packages/airflow/example_dags/example_time_delta_sensor_async.py
[2022-12-04T03:55:41.325+0000] {processor.py:766} INFO - DAG(s) dict_keys(['example_time_delta_sensor_async']) retrieved from /home/airflow/.local/lib/python3.7/site-packages/airflow/example_dags/example_time_delta_sensor_async.py
[2022-12-04T03:55:41.452+0000] {logging_mixin.py:137} INFO - [2022-12-04T03:55:41.452+0000] {dag.py:2585} INFO - Sync 1 DAGs
[2022-12-04T03:55:41.475+0000] {logging_mixin.py:137} INFO - [2022-12-04T03:55:41.475+0000] {dag.py:3340} INFO - Setting next_dagrun for example_time_delta_sensor_async to None, run_after=None
[2022-12-04T03:55:41.493+0000] {processor.py:176} INFO - Processing /home/airflow/.local/lib/python3.7/site-packages/airflow/example_dags/example_time_delta_sensor_async.py took 0.193 seconds
[2022-12-04T05:30:17.251+0000] {processor.py:154} INFO - Started process (PID=15086) to work on /home/airflow/.local/lib/python3.7/site-packages/airflow/example_dags/example_time_delta_sensor_async.py
[2022-12-04T05:30:17.253+0000] {processor.py:756} INFO - Processing file /home/airflow/.local/lib/python3.7/site-packages/airflow/example_dags/example_time_delta_sensor_async.py for tasks to queue
[2022-12-04T05:30:17.254+0000] {logging_mixin.py:137} INFO - [2022-12-04T05:30:17.254+0000] {dagbag.py:537} INFO - Filling up the DagBag from /home/airflow/.local/lib/python3.7/site-packages/airflow/example_dags/example_time_delta_sensor_async.py
[2022-12-04T05:30:17.265+0000] {processor.py:766} INFO - DAG(s) dict_keys(['example_time_delta_sensor_async']) retrieved from /home/airflow/.local/lib/python3.7/site-packages/airflow/example_dags/example_time_delta_sensor_async.py
[2022-12-04T05:30:17.390+0000] {logging_mixin.py:137} INFO - [2022-12-04T05:30:17.390+0000] {dag.py:2585} INFO - Sync 1 DAGs
[2022-12-04T05:30:17.410+0000] {logging_mixin.py:137} INFO - [2022-12-04T05:30:17.410+0000] {dag.py:3340} INFO - Setting next_dagrun for example_time_delta_sensor_async to None, run_after=None
[2022-12-04T05:30:17.425+0000] {processor.py:176} INFO - Processing /home/airflow/.local/lib/python3.7/site-packages/airflow/example_dags/example_time_delta_sensor_async.py took 0.177 seconds
[2022-12-04T06:53:37.260+0000] {processor.py:154} INFO - Started process (PID=15142) to work on /home/airflow/.local/lib/python3.7/site-packages/airflow/example_dags/example_time_delta_sensor_async.py
[2022-12-04T06:53:37.263+0000] {processor.py:756} INFO - Processing file /home/airflow/.local/lib/python3.7/site-packages/airflow/example_dags/example_time_delta_sensor_async.py for tasks to queue
[2022-12-04T06:53:37.264+0000] {logging_mixin.py:137} INFO - [2022-12-04T06:53:37.264+0000] {dagbag.py:537} INFO - Filling up the DagBag from /home/airflow/.local/lib/python3.7/site-packages/airflow/example_dags/example_time_delta_sensor_async.py
[2022-12-04T06:53:37.282+0000] {processor.py:766} INFO - DAG(s) dict_keys(['example_time_delta_sensor_async']) retrieved from /home/airflow/.local/lib/python3.7/site-packages/airflow/example_dags/example_time_delta_sensor_async.py
[2022-12-04T06:53:37.426+0000] {logging_mixin.py:137} INFO - [2022-12-04T06:53:37.426+0000] {dag.py:2585} INFO - Sync 1 DAGs
[2022-12-04T06:53:37.443+0000] {logging_mixin.py:137} INFO - [2022-12-04T06:53:37.443+0000] {dag.py:3340} INFO - Setting next_dagrun for example_time_delta_sensor_async to None, run_after=None
[2022-12-04T06:53:37.455+0000] {processor.py:176} INFO - Processing /home/airflow/.local/lib/python3.7/site-packages/airflow/example_dags/example_time_delta_sensor_async.py took 0.200 seconds
[2022-12-04T08:30:43.994+0000] {processor.py:154} INFO - Started process (PID=15209) to work on /home/airflow/.local/lib/python3.7/site-packages/airflow/example_dags/example_time_delta_sensor_async.py
[2022-12-04T08:30:43.996+0000] {processor.py:756} INFO - Processing file /home/airflow/.local/lib/python3.7/site-packages/airflow/example_dags/example_time_delta_sensor_async.py for tasks to queue
[2022-12-04T08:30:43.998+0000] {logging_mixin.py:137} INFO - [2022-12-04T08:30:43.998+0000] {dagbag.py:537} INFO - Filling up the DagBag from /home/airflow/.local/lib/python3.7/site-packages/airflow/example_dags/example_time_delta_sensor_async.py
[2022-12-04T08:30:44.016+0000] {processor.py:766} INFO - DAG(s) dict_keys(['example_time_delta_sensor_async']) retrieved from /home/airflow/.local/lib/python3.7/site-packages/airflow/example_dags/example_time_delta_sensor_async.py
[2022-12-04T08:30:44.204+0000] {logging_mixin.py:137} INFO - [2022-12-04T08:30:44.204+0000] {dag.py:2585} INFO - Sync 1 DAGs
[2022-12-04T08:30:44.235+0000] {logging_mixin.py:137} INFO - [2022-12-04T08:30:44.235+0000] {dag.py:3340} INFO - Setting next_dagrun for example_time_delta_sensor_async to None, run_after=None
[2022-12-04T08:30:44.265+0000] {processor.py:176} INFO - Processing /home/airflow/.local/lib/python3.7/site-packages/airflow/example_dags/example_time_delta_sensor_async.py took 0.280 seconds
[2022-12-04T10:09:29.632+0000] {processor.py:154} INFO - Started process (PID=15276) to work on /home/airflow/.local/lib/python3.7/site-packages/airflow/example_dags/example_time_delta_sensor_async.py
[2022-12-04T10:09:29.634+0000] {processor.py:756} INFO - Processing file /home/airflow/.local/lib/python3.7/site-packages/airflow/example_dags/example_time_delta_sensor_async.py for tasks to queue
[2022-12-04T10:09:29.635+0000] {logging_mixin.py:137} INFO - [2022-12-04T10:09:29.635+0000] {dagbag.py:537} INFO - Filling up the DagBag from /home/airflow/.local/lib/python3.7/site-packages/airflow/example_dags/example_time_delta_sensor_async.py
[2022-12-04T10:09:29.646+0000] {processor.py:766} INFO - DAG(s) dict_keys(['example_time_delta_sensor_async']) retrieved from /home/airflow/.local/lib/python3.7/site-packages/airflow/example_dags/example_time_delta_sensor_async.py
[2022-12-04T10:09:29.762+0000] {logging_mixin.py:137} INFO - [2022-12-04T10:09:29.762+0000] {dag.py:2585} INFO - Sync 1 DAGs
[2022-12-04T10:09:29.778+0000] {logging_mixin.py:137} INFO - [2022-12-04T10:09:29.778+0000] {dag.py:3340} INFO - Setting next_dagrun for example_time_delta_sensor_async to None, run_after=None
[2022-12-04T10:09:29.789+0000] {processor.py:176} INFO - Processing /home/airflow/.local/lib/python3.7/site-packages/airflow/example_dags/example_time_delta_sensor_async.py took 0.159 seconds
[2022-12-04T11:31:35.055+0000] {processor.py:154} INFO - Started process (PID=15340) to work on /home/airflow/.local/lib/python3.7/site-packages/airflow/example_dags/example_time_delta_sensor_async.py
[2022-12-04T11:31:35.058+0000] {processor.py:756} INFO - Processing file /home/airflow/.local/lib/python3.7/site-packages/airflow/example_dags/example_time_delta_sensor_async.py for tasks to queue
[2022-12-04T11:31:35.061+0000] {logging_mixin.py:137} INFO - [2022-12-04T11:31:35.061+0000] {dagbag.py:537} INFO - Filling up the DagBag from /home/airflow/.local/lib/python3.7/site-packages/airflow/example_dags/example_time_delta_sensor_async.py
[2022-12-04T11:31:35.088+0000] {processor.py:766} INFO - DAG(s) dict_keys(['example_time_delta_sensor_async']) retrieved from /home/airflow/.local/lib/python3.7/site-packages/airflow/example_dags/example_time_delta_sensor_async.py
[2022-12-04T11:31:35.654+0000] {logging_mixin.py:137} INFO - [2022-12-04T11:31:35.654+0000] {dag.py:2585} INFO - Sync 1 DAGs
[2022-12-04T11:31:35.674+0000] {logging_mixin.py:137} INFO - [2022-12-04T11:31:35.674+0000] {dag.py:3340} INFO - Setting next_dagrun for example_time_delta_sensor_async to None, run_after=None
[2022-12-04T11:31:35.693+0000] {processor.py:176} INFO - Processing /home/airflow/.local/lib/python3.7/site-packages/airflow/example_dags/example_time_delta_sensor_async.py took 0.642 seconds
[2022-12-04T12:30:14.876+0000] {processor.py:154} INFO - Started process (PID=15399) to work on /home/airflow/.local/lib/python3.7/site-packages/airflow/example_dags/example_time_delta_sensor_async.py
[2022-12-04T12:30:15.222+0000] {processor.py:756} INFO - Processing file /home/airflow/.local/lib/python3.7/site-packages/airflow/example_dags/example_time_delta_sensor_async.py for tasks to queue
[2022-12-04T12:30:15.230+0000] {logging_mixin.py:137} INFO - [2022-12-04T12:30:15.230+0000] {dagbag.py:537} INFO - Filling up the DagBag from /home/airflow/.local/lib/python3.7/site-packages/airflow/example_dags/example_time_delta_sensor_async.py
[2022-12-04T12:30:15.252+0000] {processor.py:766} INFO - DAG(s) dict_keys(['example_time_delta_sensor_async']) retrieved from /home/airflow/.local/lib/python3.7/site-packages/airflow/example_dags/example_time_delta_sensor_async.py
[2022-12-04T12:30:15.462+0000] {logging_mixin.py:137} INFO - [2022-12-04T12:30:15.462+0000] {dag.py:2585} INFO - Sync 1 DAGs
[2022-12-04T12:30:15.498+0000] {logging_mixin.py:137} INFO - [2022-12-04T12:30:15.498+0000] {dag.py:3340} INFO - Setting next_dagrun for example_time_delta_sensor_async to None, run_after=None
[2022-12-04T12:30:15.528+0000] {processor.py:176} INFO - Processing /home/airflow/.local/lib/python3.7/site-packages/airflow/example_dags/example_time_delta_sensor_async.py took 0.655 seconds
[2022-12-04T14:08:56.418+0000] {processor.py:154} INFO - Started process (PID=15470) to work on /home/airflow/.local/lib/python3.7/site-packages/airflow/example_dags/example_time_delta_sensor_async.py
[2022-12-04T14:08:56.420+0000] {processor.py:756} INFO - Processing file /home/airflow/.local/lib/python3.7/site-packages/airflow/example_dags/example_time_delta_sensor_async.py for tasks to queue
[2022-12-04T14:08:56.421+0000] {logging_mixin.py:137} INFO - [2022-12-04T14:08:56.421+0000] {dagbag.py:537} INFO - Filling up the DagBag from /home/airflow/.local/lib/python3.7/site-packages/airflow/example_dags/example_time_delta_sensor_async.py
[2022-12-04T14:08:56.429+0000] {processor.py:766} INFO - DAG(s) dict_keys(['example_time_delta_sensor_async']) retrieved from /home/airflow/.local/lib/python3.7/site-packages/airflow/example_dags/example_time_delta_sensor_async.py
[2022-12-04T14:08:56.551+0000] {logging_mixin.py:137} INFO - [2022-12-04T14:08:56.551+0000] {dag.py:2585} INFO - Sync 1 DAGs
[2022-12-04T14:08:56.566+0000] {logging_mixin.py:137} INFO - [2022-12-04T14:08:56.566+0000] {dag.py:3340} INFO - Setting next_dagrun for example_time_delta_sensor_async to None, run_after=None
[2022-12-04T14:08:56.580+0000] {processor.py:176} INFO - Processing /home/airflow/.local/lib/python3.7/site-packages/airflow/example_dags/example_time_delta_sensor_async.py took 0.164 seconds
[2022-12-04T15:33:47.053+0000] {processor.py:154} INFO - Started process (PID=15540) to work on /home/airflow/.local/lib/python3.7/site-packages/airflow/example_dags/example_time_delta_sensor_async.py
[2022-12-04T15:33:47.058+0000] {processor.py:756} INFO - Processing file /home/airflow/.local/lib/python3.7/site-packages/airflow/example_dags/example_time_delta_sensor_async.py for tasks to queue
[2022-12-04T15:33:47.060+0000] {logging_mixin.py:137} INFO - [2022-12-04T15:33:47.060+0000] {dagbag.py:537} INFO - Filling up the DagBag from /home/airflow/.local/lib/python3.7/site-packages/airflow/example_dags/example_time_delta_sensor_async.py
[2022-12-04T15:33:47.085+0000] {processor.py:766} INFO - DAG(s) dict_keys(['example_time_delta_sensor_async']) retrieved from /home/airflow/.local/lib/python3.7/site-packages/airflow/example_dags/example_time_delta_sensor_async.py
[2022-12-04T15:33:47.223+0000] {logging_mixin.py:137} INFO - [2022-12-04T15:33:47.223+0000] {dag.py:2585} INFO - Sync 1 DAGs
[2022-12-04T15:33:47.240+0000] {logging_mixin.py:137} INFO - [2022-12-04T15:33:47.240+0000] {dag.py:3340} INFO - Setting next_dagrun for example_time_delta_sensor_async to None, run_after=None
[2022-12-04T15:33:47.252+0000] {processor.py:176} INFO - Processing /home/airflow/.local/lib/python3.7/site-packages/airflow/example_dags/example_time_delta_sensor_async.py took 0.204 seconds
[2022-12-04T16:56:19.822+0000] {processor.py:154} INFO - Started process (PID=15608) to work on /home/airflow/.local/lib/python3.7/site-packages/airflow/example_dags/example_time_delta_sensor_async.py
[2022-12-04T16:56:19.824+0000] {processor.py:756} INFO - Processing file /home/airflow/.local/lib/python3.7/site-packages/airflow/example_dags/example_time_delta_sensor_async.py for tasks to queue
[2022-12-04T16:56:19.825+0000] {logging_mixin.py:137} INFO - [2022-12-04T16:56:19.825+0000] {dagbag.py:537} INFO - Filling up the DagBag from /home/airflow/.local/lib/python3.7/site-packages/airflow/example_dags/example_time_delta_sensor_async.py
[2022-12-04T16:56:19.835+0000] {processor.py:766} INFO - DAG(s) dict_keys(['example_time_delta_sensor_async']) retrieved from /home/airflow/.local/lib/python3.7/site-packages/airflow/example_dags/example_time_delta_sensor_async.py
[2022-12-04T16:56:19.937+0000] {logging_mixin.py:137} INFO - [2022-12-04T16:56:19.937+0000] {dag.py:2585} INFO - Sync 1 DAGs
[2022-12-04T16:56:19.952+0000] {logging_mixin.py:137} INFO - [2022-12-04T16:56:19.952+0000] {dag.py:3340} INFO - Setting next_dagrun for example_time_delta_sensor_async to None, run_after=None
[2022-12-04T16:56:19.963+0000] {processor.py:176} INFO - Processing /home/airflow/.local/lib/python3.7/site-packages/airflow/example_dags/example_time_delta_sensor_async.py took 0.143 seconds
[2022-12-04T18:19:31.590+0000] {processor.py:154} INFO - Started process (PID=15666) to work on /home/airflow/.local/lib/python3.7/site-packages/airflow/example_dags/example_time_delta_sensor_async.py
[2022-12-04T18:19:31.592+0000] {processor.py:756} INFO - Processing file /home/airflow/.local/lib/python3.7/site-packages/airflow/example_dags/example_time_delta_sensor_async.py for tasks to queue
[2022-12-04T18:19:31.594+0000] {logging_mixin.py:137} INFO - [2022-12-04T18:19:31.594+0000] {dagbag.py:537} INFO - Filling up the DagBag from /home/airflow/.local/lib/python3.7/site-packages/airflow/example_dags/example_time_delta_sensor_async.py
[2022-12-04T18:19:31.603+0000] {processor.py:766} INFO - DAG(s) dict_keys(['example_time_delta_sensor_async']) retrieved from /home/airflow/.local/lib/python3.7/site-packages/airflow/example_dags/example_time_delta_sensor_async.py
[2022-12-04T18:19:31.707+0000] {logging_mixin.py:137} INFO - [2022-12-04T18:19:31.707+0000] {dag.py:2585} INFO - Sync 1 DAGs
[2022-12-04T18:19:31.722+0000] {logging_mixin.py:137} INFO - [2022-12-04T18:19:31.721+0000] {dag.py:3340} INFO - Setting next_dagrun for example_time_delta_sensor_async to None, run_after=None
[2022-12-04T18:19:31.733+0000] {processor.py:176} INFO - Processing /home/airflow/.local/lib/python3.7/site-packages/airflow/example_dags/example_time_delta_sensor_async.py took 0.145 seconds
[2022-12-04T19:16:11.884+0000] {processor.py:154} INFO - Started process (PID=15740) to work on /home/airflow/.local/lib/python3.7/site-packages/airflow/example_dags/example_time_delta_sensor_async.py
[2022-12-04T19:16:11.886+0000] {processor.py:756} INFO - Processing file /home/airflow/.local/lib/python3.7/site-packages/airflow/example_dags/example_time_delta_sensor_async.py for tasks to queue
[2022-12-04T19:16:11.887+0000] {logging_mixin.py:137} INFO - [2022-12-04T19:16:11.887+0000] {dagbag.py:537} INFO - Filling up the DagBag from /home/airflow/.local/lib/python3.7/site-packages/airflow/example_dags/example_time_delta_sensor_async.py
[2022-12-04T19:16:11.895+0000] {processor.py:766} INFO - DAG(s) dict_keys(['example_time_delta_sensor_async']) retrieved from /home/airflow/.local/lib/python3.7/site-packages/airflow/example_dags/example_time_delta_sensor_async.py
[2022-12-04T19:16:12.018+0000] {logging_mixin.py:137} INFO - [2022-12-04T19:16:12.018+0000] {dag.py:2585} INFO - Sync 1 DAGs
[2022-12-04T19:16:12.033+0000] {logging_mixin.py:137} INFO - [2022-12-04T19:16:12.033+0000] {dag.py:3340} INFO - Setting next_dagrun for example_time_delta_sensor_async to None, run_after=None
[2022-12-04T19:16:12.046+0000] {processor.py:176} INFO - Processing /home/airflow/.local/lib/python3.7/site-packages/airflow/example_dags/example_time_delta_sensor_async.py took 0.164 seconds
[2022-12-04T20:04:50.953+0000] {processor.py:154} INFO - Started process (PID=15808) to work on /home/airflow/.local/lib/python3.7/site-packages/airflow/example_dags/example_time_delta_sensor_async.py
[2022-12-04T20:04:50.954+0000] {processor.py:756} INFO - Processing file /home/airflow/.local/lib/python3.7/site-packages/airflow/example_dags/example_time_delta_sensor_async.py for tasks to queue
[2022-12-04T20:04:50.955+0000] {logging_mixin.py:137} INFO - [2022-12-04T20:04:50.955+0000] {dagbag.py:537} INFO - Filling up the DagBag from /home/airflow/.local/lib/python3.7/site-packages/airflow/example_dags/example_time_delta_sensor_async.py
[2022-12-04T20:04:50.963+0000] {processor.py:766} INFO - DAG(s) dict_keys(['example_time_delta_sensor_async']) retrieved from /home/airflow/.local/lib/python3.7/site-packages/airflow/example_dags/example_time_delta_sensor_async.py
[2022-12-04T20:04:51.079+0000] {logging_mixin.py:137} INFO - [2022-12-04T20:04:51.079+0000] {dag.py:2585} INFO - Sync 1 DAGs
[2022-12-04T20:04:51.092+0000] {logging_mixin.py:137} INFO - [2022-12-04T20:04:51.092+0000] {dag.py:3340} INFO - Setting next_dagrun for example_time_delta_sensor_async to None, run_after=None
[2022-12-04T20:04:51.104+0000] {processor.py:176} INFO - Processing /home/airflow/.local/lib/python3.7/site-packages/airflow/example_dags/example_time_delta_sensor_async.py took 0.153 seconds
[2022-12-04T21:26:02.647+0000] {processor.py:154} INFO - Started process (PID=15880) to work on /home/airflow/.local/lib/python3.7/site-packages/airflow/example_dags/example_time_delta_sensor_async.py
[2022-12-04T21:26:02.650+0000] {processor.py:756} INFO - Processing file /home/airflow/.local/lib/python3.7/site-packages/airflow/example_dags/example_time_delta_sensor_async.py for tasks to queue
[2022-12-04T21:26:02.652+0000] {logging_mixin.py:137} INFO - [2022-12-04T21:26:02.652+0000] {dagbag.py:537} INFO - Filling up the DagBag from /home/airflow/.local/lib/python3.7/site-packages/airflow/example_dags/example_time_delta_sensor_async.py
[2022-12-04T21:26:02.673+0000] {processor.py:766} INFO - DAG(s) dict_keys(['example_time_delta_sensor_async']) retrieved from /home/airflow/.local/lib/python3.7/site-packages/airflow/example_dags/example_time_delta_sensor_async.py
[2022-12-04T21:26:02.848+0000] {logging_mixin.py:137} INFO - [2022-12-04T21:26:02.848+0000] {dag.py:2585} INFO - Sync 1 DAGs
[2022-12-04T21:26:02.864+0000] {logging_mixin.py:137} INFO - [2022-12-04T21:26:02.863+0000] {dag.py:3340} INFO - Setting next_dagrun for example_time_delta_sensor_async to None, run_after=None
[2022-12-04T21:26:02.881+0000] {processor.py:176} INFO - Processing /home/airflow/.local/lib/python3.7/site-packages/airflow/example_dags/example_time_delta_sensor_async.py took 0.242 seconds
[2022-12-04T22:34:05.167+0000] {processor.py:154} INFO - Started process (PID=15936) to work on /home/airflow/.local/lib/python3.7/site-packages/airflow/example_dags/example_time_delta_sensor_async.py
[2022-12-04T22:34:05.171+0000] {processor.py:756} INFO - Processing file /home/airflow/.local/lib/python3.7/site-packages/airflow/example_dags/example_time_delta_sensor_async.py for tasks to queue
[2022-12-04T22:34:05.174+0000] {logging_mixin.py:137} INFO - [2022-12-04T22:34:05.174+0000] {dagbag.py:537} INFO - Filling up the DagBag from /home/airflow/.local/lib/python3.7/site-packages/airflow/example_dags/example_time_delta_sensor_async.py
[2022-12-04T22:34:05.195+0000] {processor.py:766} INFO - DAG(s) dict_keys(['example_time_delta_sensor_async']) retrieved from /home/airflow/.local/lib/python3.7/site-packages/airflow/example_dags/example_time_delta_sensor_async.py
[2022-12-04T22:34:05.485+0000] {logging_mixin.py:137} INFO - [2022-12-04T22:34:05.484+0000] {dag.py:2585} INFO - Sync 1 DAGs
[2022-12-04T22:34:05.517+0000] {logging_mixin.py:137} INFO - [2022-12-04T22:34:05.516+0000] {dag.py:3340} INFO - Setting next_dagrun for example_time_delta_sensor_async to None, run_after=None
[2022-12-04T22:34:05.561+0000] {processor.py:176} INFO - Processing /home/airflow/.local/lib/python3.7/site-packages/airflow/example_dags/example_time_delta_sensor_async.py took 0.398 seconds
[2022-12-04T22:52:27.285+0000] {processor.py:154} INFO - Started process (PID=16000) to work on /home/airflow/.local/lib/python3.7/site-packages/airflow/example_dags/example_time_delta_sensor_async.py
[2022-12-04T22:52:27.293+0000] {processor.py:756} INFO - Processing file /home/airflow/.local/lib/python3.7/site-packages/airflow/example_dags/example_time_delta_sensor_async.py for tasks to queue
[2022-12-04T22:52:27.297+0000] {logging_mixin.py:137} INFO - [2022-12-04T22:52:27.296+0000] {dagbag.py:537} INFO - Filling up the DagBag from /home/airflow/.local/lib/python3.7/site-packages/airflow/example_dags/example_time_delta_sensor_async.py
[2022-12-04T22:52:27.341+0000] {processor.py:766} INFO - DAG(s) dict_keys(['example_time_delta_sensor_async']) retrieved from /home/airflow/.local/lib/python3.7/site-packages/airflow/example_dags/example_time_delta_sensor_async.py
[2022-12-04T22:52:27.649+0000] {logging_mixin.py:137} INFO - [2022-12-04T22:52:27.649+0000] {dag.py:2585} INFO - Sync 1 DAGs
[2022-12-04T22:52:27.688+0000] {logging_mixin.py:137} INFO - [2022-12-04T22:52:27.688+0000] {dag.py:3340} INFO - Setting next_dagrun for example_time_delta_sensor_async to None, run_after=None
[2022-12-04T22:52:27.745+0000] {processor.py:176} INFO - Processing /home/airflow/.local/lib/python3.7/site-packages/airflow/example_dags/example_time_delta_sensor_async.py took 0.471 seconds
