[2022-12-04T00:57:35.196+0000] {processor.py:154} INFO - Started process (PID=14904) to work on /home/airflow/.local/lib/python3.7/site-packages/airflow/example_dags/example_python_operator.py
[2022-12-04T00:57:35.200+0000] {processor.py:756} INFO - Processing file /home/airflow/.local/lib/python3.7/site-packages/airflow/example_dags/example_python_operator.py for tasks to queue
[2022-12-04T00:57:35.202+0000] {logging_mixin.py:137} INFO - [2022-12-04T00:57:35.202+0000] {dagbag.py:537} INFO - Filling up the DagBag from /home/airflow/.local/lib/python3.7/site-packages/airflow/example_dags/example_python_operator.py
[2022-12-04T00:57:35.216+0000] {logging_mixin.py:137} INFO - [2022-12-04T00:57:35.216+0000] {taskmixin.py:205} WARNING - Dependency <Task(_PythonDecoratedOperator): print_the_context>, log_sql_query already registered for DAG: example_python_operator
[2022-12-04T00:57:35.217+0000] {logging_mixin.py:137} INFO - [2022-12-04T00:57:35.217+0000] {taskmixin.py:205} WARNING - Dependency <Task(_PythonDecoratedOperator): log_sql_query>, print_the_context already registered for DAG: example_python_operator
[2022-12-04T00:57:35.218+0000] {logging_mixin.py:137} INFO - [2022-12-04T00:57:35.218+0000] {taskmixin.py:205} WARNING - Dependency <Task(_PythonDecoratedOperator): print_the_context>, log_sql_query already registered for DAG: example_python_operator
[2022-12-04T00:57:35.219+0000] {logging_mixin.py:137} INFO - [2022-12-04T00:57:35.219+0000] {taskmixin.py:205} WARNING - Dependency <Task(_PythonDecoratedOperator): log_sql_query>, print_the_context already registered for DAG: example_python_operator
[2022-12-04T00:57:35.220+0000] {logging_mixin.py:137} INFO - [2022-12-04T00:57:35.220+0000] {taskmixin.py:205} WARNING - Dependency <Task(_PythonDecoratedOperator): print_the_context>, log_sql_query already registered for DAG: example_python_operator
[2022-12-04T00:57:35.221+0000] {logging_mixin.py:137} INFO - [2022-12-04T00:57:35.221+0000] {taskmixin.py:205} WARNING - Dependency <Task(_PythonDecoratedOperator): log_sql_query>, print_the_context already registered for DAG: example_python_operator
[2022-12-04T00:57:35.222+0000] {logging_mixin.py:137} INFO - [2022-12-04T00:57:35.221+0000] {taskmixin.py:205} WARNING - Dependency <Task(_PythonDecoratedOperator): print_the_context>, log_sql_query already registered for DAG: example_python_operator
[2022-12-04T00:57:35.222+0000] {logging_mixin.py:137} INFO - [2022-12-04T00:57:35.222+0000] {taskmixin.py:205} WARNING - Dependency <Task(_PythonDecoratedOperator): log_sql_query>, print_the_context already registered for DAG: example_python_operator
[2022-12-04T00:57:35.227+0000] {processor.py:766} INFO - DAG(s) dict_keys(['example_python_operator']) retrieved from /home/airflow/.local/lib/python3.7/site-packages/airflow/example_dags/example_python_operator.py
[2022-12-04T00:57:35.258+0000] {logging_mixin.py:137} INFO - [2022-12-04T00:57:35.258+0000] {dag.py:2585} INFO - Sync 1 DAGs
[2022-12-04T00:57:35.275+0000] {logging_mixin.py:137} INFO - [2022-12-04T00:57:35.275+0000] {dag.py:3340} INFO - Setting next_dagrun for example_python_operator to None, run_after=None
[2022-12-04T00:57:35.289+0000] {processor.py:176} INFO - Processing /home/airflow/.local/lib/python3.7/site-packages/airflow/example_dags/example_python_operator.py took 0.095 seconds
[2022-12-04T02:32:55.944+0000] {processor.py:154} INFO - Started process (PID=14972) to work on /home/airflow/.local/lib/python3.7/site-packages/airflow/example_dags/example_python_operator.py
[2022-12-04T02:32:55.946+0000] {processor.py:756} INFO - Processing file /home/airflow/.local/lib/python3.7/site-packages/airflow/example_dags/example_python_operator.py for tasks to queue
[2022-12-04T02:32:55.947+0000] {logging_mixin.py:137} INFO - [2022-12-04T02:32:55.947+0000] {dagbag.py:537} INFO - Filling up the DagBag from /home/airflow/.local/lib/python3.7/site-packages/airflow/example_dags/example_python_operator.py
[2022-12-04T02:32:55.958+0000] {logging_mixin.py:137} INFO - [2022-12-04T02:32:55.958+0000] {taskmixin.py:205} WARNING - Dependency <Task(_PythonDecoratedOperator): print_the_context>, log_sql_query already registered for DAG: example_python_operator
[2022-12-04T02:32:55.960+0000] {logging_mixin.py:137} INFO - [2022-12-04T02:32:55.960+0000] {taskmixin.py:205} WARNING - Dependency <Task(_PythonDecoratedOperator): log_sql_query>, print_the_context already registered for DAG: example_python_operator
[2022-12-04T02:32:55.961+0000] {logging_mixin.py:137} INFO - [2022-12-04T02:32:55.961+0000] {taskmixin.py:205} WARNING - Dependency <Task(_PythonDecoratedOperator): print_the_context>, log_sql_query already registered for DAG: example_python_operator
[2022-12-04T02:32:55.962+0000] {logging_mixin.py:137} INFO - [2022-12-04T02:32:55.962+0000] {taskmixin.py:205} WARNING - Dependency <Task(_PythonDecoratedOperator): log_sql_query>, print_the_context already registered for DAG: example_python_operator
[2022-12-04T02:32:55.963+0000] {logging_mixin.py:137} INFO - [2022-12-04T02:32:55.963+0000] {taskmixin.py:205} WARNING - Dependency <Task(_PythonDecoratedOperator): print_the_context>, log_sql_query already registered for DAG: example_python_operator
[2022-12-04T02:32:55.964+0000] {logging_mixin.py:137} INFO - [2022-12-04T02:32:55.964+0000] {taskmixin.py:205} WARNING - Dependency <Task(_PythonDecoratedOperator): log_sql_query>, print_the_context already registered for DAG: example_python_operator
[2022-12-04T02:32:55.965+0000] {logging_mixin.py:137} INFO - [2022-12-04T02:32:55.965+0000] {taskmixin.py:205} WARNING - Dependency <Task(_PythonDecoratedOperator): print_the_context>, log_sql_query already registered for DAG: example_python_operator
[2022-12-04T02:32:55.966+0000] {logging_mixin.py:137} INFO - [2022-12-04T02:32:55.965+0000] {taskmixin.py:205} WARNING - Dependency <Task(_PythonDecoratedOperator): log_sql_query>, print_the_context already registered for DAG: example_python_operator
[2022-12-04T02:32:55.971+0000] {processor.py:766} INFO - DAG(s) dict_keys(['example_python_operator']) retrieved from /home/airflow/.local/lib/python3.7/site-packages/airflow/example_dags/example_python_operator.py
[2022-12-04T02:32:55.998+0000] {logging_mixin.py:137} INFO - [2022-12-04T02:32:55.998+0000] {dag.py:2585} INFO - Sync 1 DAGs
[2022-12-04T02:32:56.013+0000] {logging_mixin.py:137} INFO - [2022-12-04T02:32:56.013+0000] {dag.py:3340} INFO - Setting next_dagrun for example_python_operator to None, run_after=None
[2022-12-04T02:32:56.024+0000] {processor.py:176} INFO - Processing /home/airflow/.local/lib/python3.7/site-packages/airflow/example_dags/example_python_operator.py took 0.083 seconds
[2022-12-04T03:55:42.952+0000] {processor.py:154} INFO - Started process (PID=15040) to work on /home/airflow/.local/lib/python3.7/site-packages/airflow/example_dags/example_python_operator.py
[2022-12-04T03:55:42.954+0000] {processor.py:756} INFO - Processing file /home/airflow/.local/lib/python3.7/site-packages/airflow/example_dags/example_python_operator.py for tasks to queue
[2022-12-04T03:55:42.955+0000] {logging_mixin.py:137} INFO - [2022-12-04T03:55:42.955+0000] {dagbag.py:537} INFO - Filling up the DagBag from /home/airflow/.local/lib/python3.7/site-packages/airflow/example_dags/example_python_operator.py
[2022-12-04T03:55:42.968+0000] {logging_mixin.py:137} INFO - [2022-12-04T03:55:42.967+0000] {taskmixin.py:205} WARNING - Dependency <Task(_PythonDecoratedOperator): print_the_context>, log_sql_query already registered for DAG: example_python_operator
[2022-12-04T03:55:42.969+0000] {logging_mixin.py:137} INFO - [2022-12-04T03:55:42.969+0000] {taskmixin.py:205} WARNING - Dependency <Task(_PythonDecoratedOperator): log_sql_query>, print_the_context already registered for DAG: example_python_operator
[2022-12-04T03:55:42.971+0000] {logging_mixin.py:137} INFO - [2022-12-04T03:55:42.971+0000] {taskmixin.py:205} WARNING - Dependency <Task(_PythonDecoratedOperator): print_the_context>, log_sql_query already registered for DAG: example_python_operator
[2022-12-04T03:55:42.972+0000] {logging_mixin.py:137} INFO - [2022-12-04T03:55:42.972+0000] {taskmixin.py:205} WARNING - Dependency <Task(_PythonDecoratedOperator): log_sql_query>, print_the_context already registered for DAG: example_python_operator
[2022-12-04T03:55:42.975+0000] {logging_mixin.py:137} INFO - [2022-12-04T03:55:42.975+0000] {taskmixin.py:205} WARNING - Dependency <Task(_PythonDecoratedOperator): print_the_context>, log_sql_query already registered for DAG: example_python_operator
[2022-12-04T03:55:42.977+0000] {logging_mixin.py:137} INFO - [2022-12-04T03:55:42.977+0000] {taskmixin.py:205} WARNING - Dependency <Task(_PythonDecoratedOperator): log_sql_query>, print_the_context already registered for DAG: example_python_operator
[2022-12-04T03:55:42.978+0000] {logging_mixin.py:137} INFO - [2022-12-04T03:55:42.978+0000] {taskmixin.py:205} WARNING - Dependency <Task(_PythonDecoratedOperator): print_the_context>, log_sql_query already registered for DAG: example_python_operator
[2022-12-04T03:55:42.979+0000] {logging_mixin.py:137} INFO - [2022-12-04T03:55:42.979+0000] {taskmixin.py:205} WARNING - Dependency <Task(_PythonDecoratedOperator): log_sql_query>, print_the_context already registered for DAG: example_python_operator
[2022-12-04T03:55:42.986+0000] {processor.py:766} INFO - DAG(s) dict_keys(['example_python_operator']) retrieved from /home/airflow/.local/lib/python3.7/site-packages/airflow/example_dags/example_python_operator.py
[2022-12-04T03:55:43.019+0000] {logging_mixin.py:137} INFO - [2022-12-04T03:55:43.019+0000] {dag.py:2585} INFO - Sync 1 DAGs
[2022-12-04T03:55:43.034+0000] {logging_mixin.py:137} INFO - [2022-12-04T03:55:43.034+0000] {dag.py:3340} INFO - Setting next_dagrun for example_python_operator to None, run_after=None
[2022-12-04T03:55:43.049+0000] {processor.py:176} INFO - Processing /home/airflow/.local/lib/python3.7/site-packages/airflow/example_dags/example_python_operator.py took 0.100 seconds
[2022-12-04T05:30:18.481+0000] {processor.py:154} INFO - Started process (PID=15108) to work on /home/airflow/.local/lib/python3.7/site-packages/airflow/example_dags/example_python_operator.py
[2022-12-04T05:30:18.483+0000] {processor.py:756} INFO - Processing file /home/airflow/.local/lib/python3.7/site-packages/airflow/example_dags/example_python_operator.py for tasks to queue
[2022-12-04T05:30:18.484+0000] {logging_mixin.py:137} INFO - [2022-12-04T05:30:18.484+0000] {dagbag.py:537} INFO - Filling up the DagBag from /home/airflow/.local/lib/python3.7/site-packages/airflow/example_dags/example_python_operator.py
[2022-12-04T05:30:18.494+0000] {logging_mixin.py:137} INFO - [2022-12-04T05:30:18.494+0000] {taskmixin.py:205} WARNING - Dependency <Task(_PythonDecoratedOperator): print_the_context>, log_sql_query already registered for DAG: example_python_operator
[2022-12-04T05:30:18.495+0000] {logging_mixin.py:137} INFO - [2022-12-04T05:30:18.495+0000] {taskmixin.py:205} WARNING - Dependency <Task(_PythonDecoratedOperator): log_sql_query>, print_the_context already registered for DAG: example_python_operator
[2022-12-04T05:30:18.496+0000] {logging_mixin.py:137} INFO - [2022-12-04T05:30:18.496+0000] {taskmixin.py:205} WARNING - Dependency <Task(_PythonDecoratedOperator): print_the_context>, log_sql_query already registered for DAG: example_python_operator
[2022-12-04T05:30:18.497+0000] {logging_mixin.py:137} INFO - [2022-12-04T05:30:18.497+0000] {taskmixin.py:205} WARNING - Dependency <Task(_PythonDecoratedOperator): log_sql_query>, print_the_context already registered for DAG: example_python_operator
[2022-12-04T05:30:18.498+0000] {logging_mixin.py:137} INFO - [2022-12-04T05:30:18.498+0000] {taskmixin.py:205} WARNING - Dependency <Task(_PythonDecoratedOperator): print_the_context>, log_sql_query already registered for DAG: example_python_operator
[2022-12-04T05:30:18.499+0000] {logging_mixin.py:137} INFO - [2022-12-04T05:30:18.499+0000] {taskmixin.py:205} WARNING - Dependency <Task(_PythonDecoratedOperator): log_sql_query>, print_the_context already registered for DAG: example_python_operator
[2022-12-04T05:30:18.500+0000] {logging_mixin.py:137} INFO - [2022-12-04T05:30:18.500+0000] {taskmixin.py:205} WARNING - Dependency <Task(_PythonDecoratedOperator): print_the_context>, log_sql_query already registered for DAG: example_python_operator
[2022-12-04T05:30:18.502+0000] {logging_mixin.py:137} INFO - [2022-12-04T05:30:18.502+0000] {taskmixin.py:205} WARNING - Dependency <Task(_PythonDecoratedOperator): log_sql_query>, print_the_context already registered for DAG: example_python_operator
[2022-12-04T05:30:18.508+0000] {processor.py:766} INFO - DAG(s) dict_keys(['example_python_operator']) retrieved from /home/airflow/.local/lib/python3.7/site-packages/airflow/example_dags/example_python_operator.py
[2022-12-04T05:30:18.534+0000] {logging_mixin.py:137} INFO - [2022-12-04T05:30:18.534+0000] {dag.py:2585} INFO - Sync 1 DAGs
[2022-12-04T05:30:18.550+0000] {logging_mixin.py:137} INFO - [2022-12-04T05:30:18.550+0000] {dag.py:3340} INFO - Setting next_dagrun for example_python_operator to None, run_after=None
[2022-12-04T05:30:18.562+0000] {processor.py:176} INFO - Processing /home/airflow/.local/lib/python3.7/site-packages/airflow/example_dags/example_python_operator.py took 0.083 seconds
[2022-12-04T06:53:38.545+0000] {processor.py:154} INFO - Started process (PID=15164) to work on /home/airflow/.local/lib/python3.7/site-packages/airflow/example_dags/example_python_operator.py
[2022-12-04T06:53:38.547+0000] {processor.py:756} INFO - Processing file /home/airflow/.local/lib/python3.7/site-packages/airflow/example_dags/example_python_operator.py for tasks to queue
[2022-12-04T06:53:38.549+0000] {logging_mixin.py:137} INFO - [2022-12-04T06:53:38.548+0000] {dagbag.py:537} INFO - Filling up the DagBag from /home/airflow/.local/lib/python3.7/site-packages/airflow/example_dags/example_python_operator.py
[2022-12-04T06:53:38.559+0000] {logging_mixin.py:137} INFO - [2022-12-04T06:53:38.559+0000] {taskmixin.py:205} WARNING - Dependency <Task(_PythonDecoratedOperator): print_the_context>, log_sql_query already registered for DAG: example_python_operator
[2022-12-04T06:53:38.561+0000] {logging_mixin.py:137} INFO - [2022-12-04T06:53:38.561+0000] {taskmixin.py:205} WARNING - Dependency <Task(_PythonDecoratedOperator): log_sql_query>, print_the_context already registered for DAG: example_python_operator
[2022-12-04T06:53:38.563+0000] {logging_mixin.py:137} INFO - [2022-12-04T06:53:38.563+0000] {taskmixin.py:205} WARNING - Dependency <Task(_PythonDecoratedOperator): print_the_context>, log_sql_query already registered for DAG: example_python_operator
[2022-12-04T06:53:38.564+0000] {logging_mixin.py:137} INFO - [2022-12-04T06:53:38.564+0000] {taskmixin.py:205} WARNING - Dependency <Task(_PythonDecoratedOperator): log_sql_query>, print_the_context already registered for DAG: example_python_operator
[2022-12-04T06:53:38.565+0000] {logging_mixin.py:137} INFO - [2022-12-04T06:53:38.565+0000] {taskmixin.py:205} WARNING - Dependency <Task(_PythonDecoratedOperator): print_the_context>, log_sql_query already registered for DAG: example_python_operator
[2022-12-04T06:53:38.566+0000] {logging_mixin.py:137} INFO - [2022-12-04T06:53:38.566+0000] {taskmixin.py:205} WARNING - Dependency <Task(_PythonDecoratedOperator): log_sql_query>, print_the_context already registered for DAG: example_python_operator
[2022-12-04T06:53:38.567+0000] {logging_mixin.py:137} INFO - [2022-12-04T06:53:38.567+0000] {taskmixin.py:205} WARNING - Dependency <Task(_PythonDecoratedOperator): print_the_context>, log_sql_query already registered for DAG: example_python_operator
[2022-12-04T06:53:38.568+0000] {logging_mixin.py:137} INFO - [2022-12-04T06:53:38.568+0000] {taskmixin.py:205} WARNING - Dependency <Task(_PythonDecoratedOperator): log_sql_query>, print_the_context already registered for DAG: example_python_operator
[2022-12-04T06:53:38.573+0000] {processor.py:766} INFO - DAG(s) dict_keys(['example_python_operator']) retrieved from /home/airflow/.local/lib/python3.7/site-packages/airflow/example_dags/example_python_operator.py
[2022-12-04T06:53:38.601+0000] {logging_mixin.py:137} INFO - [2022-12-04T06:53:38.601+0000] {dag.py:2585} INFO - Sync 1 DAGs
[2022-12-04T06:53:38.616+0000] {logging_mixin.py:137} INFO - [2022-12-04T06:53:38.616+0000] {dag.py:3340} INFO - Setting next_dagrun for example_python_operator to None, run_after=None
[2022-12-04T06:53:38.630+0000] {processor.py:176} INFO - Processing /home/airflow/.local/lib/python3.7/site-packages/airflow/example_dags/example_python_operator.py took 0.087 seconds
[2022-12-04T08:30:45.330+0000] {processor.py:154} INFO - Started process (PID=15231) to work on /home/airflow/.local/lib/python3.7/site-packages/airflow/example_dags/example_python_operator.py
[2022-12-04T08:30:45.332+0000] {processor.py:756} INFO - Processing file /home/airflow/.local/lib/python3.7/site-packages/airflow/example_dags/example_python_operator.py for tasks to queue
[2022-12-04T08:30:45.333+0000] {logging_mixin.py:137} INFO - [2022-12-04T08:30:45.333+0000] {dagbag.py:537} INFO - Filling up the DagBag from /home/airflow/.local/lib/python3.7/site-packages/airflow/example_dags/example_python_operator.py
[2022-12-04T08:30:45.343+0000] {logging_mixin.py:137} INFO - [2022-12-04T08:30:45.343+0000] {taskmixin.py:205} WARNING - Dependency <Task(_PythonDecoratedOperator): print_the_context>, log_sql_query already registered for DAG: example_python_operator
[2022-12-04T08:30:45.344+0000] {logging_mixin.py:137} INFO - [2022-12-04T08:30:45.344+0000] {taskmixin.py:205} WARNING - Dependency <Task(_PythonDecoratedOperator): log_sql_query>, print_the_context already registered for DAG: example_python_operator
[2022-12-04T08:30:45.345+0000] {logging_mixin.py:137} INFO - [2022-12-04T08:30:45.345+0000] {taskmixin.py:205} WARNING - Dependency <Task(_PythonDecoratedOperator): print_the_context>, log_sql_query already registered for DAG: example_python_operator
[2022-12-04T08:30:45.346+0000] {logging_mixin.py:137} INFO - [2022-12-04T08:30:45.346+0000] {taskmixin.py:205} WARNING - Dependency <Task(_PythonDecoratedOperator): log_sql_query>, print_the_context already registered for DAG: example_python_operator
[2022-12-04T08:30:45.347+0000] {logging_mixin.py:137} INFO - [2022-12-04T08:30:45.347+0000] {taskmixin.py:205} WARNING - Dependency <Task(_PythonDecoratedOperator): print_the_context>, log_sql_query already registered for DAG: example_python_operator
[2022-12-04T08:30:45.348+0000] {logging_mixin.py:137} INFO - [2022-12-04T08:30:45.348+0000] {taskmixin.py:205} WARNING - Dependency <Task(_PythonDecoratedOperator): log_sql_query>, print_the_context already registered for DAG: example_python_operator
[2022-12-04T08:30:45.349+0000] {logging_mixin.py:137} INFO - [2022-12-04T08:30:45.349+0000] {taskmixin.py:205} WARNING - Dependency <Task(_PythonDecoratedOperator): print_the_context>, log_sql_query already registered for DAG: example_python_operator
[2022-12-04T08:30:45.350+0000] {logging_mixin.py:137} INFO - [2022-12-04T08:30:45.350+0000] {taskmixin.py:205} WARNING - Dependency <Task(_PythonDecoratedOperator): log_sql_query>, print_the_context already registered for DAG: example_python_operator
[2022-12-04T08:30:45.355+0000] {processor.py:766} INFO - DAG(s) dict_keys(['example_python_operator']) retrieved from /home/airflow/.local/lib/python3.7/site-packages/airflow/example_dags/example_python_operator.py
[2022-12-04T08:30:45.384+0000] {logging_mixin.py:137} INFO - [2022-12-04T08:30:45.384+0000] {dag.py:2585} INFO - Sync 1 DAGs
[2022-12-04T08:30:45.402+0000] {logging_mixin.py:137} INFO - [2022-12-04T08:30:45.402+0000] {dag.py:3340} INFO - Setting next_dagrun for example_python_operator to None, run_after=None
[2022-12-04T08:30:45.414+0000] {processor.py:176} INFO - Processing /home/airflow/.local/lib/python3.7/site-packages/airflow/example_dags/example_python_operator.py took 0.087 seconds
[2022-12-04T10:09:30.853+0000] {processor.py:154} INFO - Started process (PID=15298) to work on /home/airflow/.local/lib/python3.7/site-packages/airflow/example_dags/example_python_operator.py
[2022-12-04T10:09:30.855+0000] {processor.py:756} INFO - Processing file /home/airflow/.local/lib/python3.7/site-packages/airflow/example_dags/example_python_operator.py for tasks to queue
[2022-12-04T10:09:30.856+0000] {logging_mixin.py:137} INFO - [2022-12-04T10:09:30.856+0000] {dagbag.py:537} INFO - Filling up the DagBag from /home/airflow/.local/lib/python3.7/site-packages/airflow/example_dags/example_python_operator.py
[2022-12-04T10:09:30.868+0000] {logging_mixin.py:137} INFO - [2022-12-04T10:09:30.867+0000] {taskmixin.py:205} WARNING - Dependency <Task(_PythonDecoratedOperator): print_the_context>, log_sql_query already registered for DAG: example_python_operator
[2022-12-04T10:09:30.869+0000] {logging_mixin.py:137} INFO - [2022-12-04T10:09:30.869+0000] {taskmixin.py:205} WARNING - Dependency <Task(_PythonDecoratedOperator): log_sql_query>, print_the_context already registered for DAG: example_python_operator
[2022-12-04T10:09:30.870+0000] {logging_mixin.py:137} INFO - [2022-12-04T10:09:30.870+0000] {taskmixin.py:205} WARNING - Dependency <Task(_PythonDecoratedOperator): print_the_context>, log_sql_query already registered for DAG: example_python_operator
[2022-12-04T10:09:30.872+0000] {logging_mixin.py:137} INFO - [2022-12-04T10:09:30.871+0000] {taskmixin.py:205} WARNING - Dependency <Task(_PythonDecoratedOperator): log_sql_query>, print_the_context already registered for DAG: example_python_operator
[2022-12-04T10:09:30.873+0000] {logging_mixin.py:137} INFO - [2022-12-04T10:09:30.873+0000] {taskmixin.py:205} WARNING - Dependency <Task(_PythonDecoratedOperator): print_the_context>, log_sql_query already registered for DAG: example_python_operator
[2022-12-04T10:09:30.874+0000] {logging_mixin.py:137} INFO - [2022-12-04T10:09:30.874+0000] {taskmixin.py:205} WARNING - Dependency <Task(_PythonDecoratedOperator): log_sql_query>, print_the_context already registered for DAG: example_python_operator
[2022-12-04T10:09:30.875+0000] {logging_mixin.py:137} INFO - [2022-12-04T10:09:30.875+0000] {taskmixin.py:205} WARNING - Dependency <Task(_PythonDecoratedOperator): print_the_context>, log_sql_query already registered for DAG: example_python_operator
[2022-12-04T10:09:30.876+0000] {logging_mixin.py:137} INFO - [2022-12-04T10:09:30.875+0000] {taskmixin.py:205} WARNING - Dependency <Task(_PythonDecoratedOperator): log_sql_query>, print_the_context already registered for DAG: example_python_operator
[2022-12-04T10:09:30.884+0000] {processor.py:766} INFO - DAG(s) dict_keys(['example_python_operator']) retrieved from /home/airflow/.local/lib/python3.7/site-packages/airflow/example_dags/example_python_operator.py
[2022-12-04T10:09:30.912+0000] {logging_mixin.py:137} INFO - [2022-12-04T10:09:30.912+0000] {dag.py:2585} INFO - Sync 1 DAGs
[2022-12-04T10:09:30.928+0000] {logging_mixin.py:137} INFO - [2022-12-04T10:09:30.928+0000] {dag.py:3340} INFO - Setting next_dagrun for example_python_operator to None, run_after=None
[2022-12-04T10:09:30.940+0000] {processor.py:176} INFO - Processing /home/airflow/.local/lib/python3.7/site-packages/airflow/example_dags/example_python_operator.py took 0.090 seconds
[2022-12-04T11:31:36.945+0000] {processor.py:154} INFO - Started process (PID=15362) to work on /home/airflow/.local/lib/python3.7/site-packages/airflow/example_dags/example_python_operator.py
[2022-12-04T11:31:36.947+0000] {processor.py:756} INFO - Processing file /home/airflow/.local/lib/python3.7/site-packages/airflow/example_dags/example_python_operator.py for tasks to queue
[2022-12-04T11:31:36.949+0000] {logging_mixin.py:137} INFO - [2022-12-04T11:31:36.949+0000] {dagbag.py:537} INFO - Filling up the DagBag from /home/airflow/.local/lib/python3.7/site-packages/airflow/example_dags/example_python_operator.py
[2022-12-04T11:31:36.960+0000] {logging_mixin.py:137} INFO - [2022-12-04T11:31:36.960+0000] {taskmixin.py:205} WARNING - Dependency <Task(_PythonDecoratedOperator): print_the_context>, log_sql_query already registered for DAG: example_python_operator
[2022-12-04T11:31:36.961+0000] {logging_mixin.py:137} INFO - [2022-12-04T11:31:36.961+0000] {taskmixin.py:205} WARNING - Dependency <Task(_PythonDecoratedOperator): log_sql_query>, print_the_context already registered for DAG: example_python_operator
[2022-12-04T11:31:36.962+0000] {logging_mixin.py:137} INFO - [2022-12-04T11:31:36.962+0000] {taskmixin.py:205} WARNING - Dependency <Task(_PythonDecoratedOperator): print_the_context>, log_sql_query already registered for DAG: example_python_operator
[2022-12-04T11:31:36.964+0000] {logging_mixin.py:137} INFO - [2022-12-04T11:31:36.964+0000] {taskmixin.py:205} WARNING - Dependency <Task(_PythonDecoratedOperator): log_sql_query>, print_the_context already registered for DAG: example_python_operator
[2022-12-04T11:31:36.965+0000] {logging_mixin.py:137} INFO - [2022-12-04T11:31:36.965+0000] {taskmixin.py:205} WARNING - Dependency <Task(_PythonDecoratedOperator): print_the_context>, log_sql_query already registered for DAG: example_python_operator
[2022-12-04T11:31:36.968+0000] {logging_mixin.py:137} INFO - [2022-12-04T11:31:36.968+0000] {taskmixin.py:205} WARNING - Dependency <Task(_PythonDecoratedOperator): log_sql_query>, print_the_context already registered for DAG: example_python_operator
[2022-12-04T11:31:36.970+0000] {logging_mixin.py:137} INFO - [2022-12-04T11:31:36.970+0000] {taskmixin.py:205} WARNING - Dependency <Task(_PythonDecoratedOperator): print_the_context>, log_sql_query already registered for DAG: example_python_operator
[2022-12-04T11:31:36.971+0000] {logging_mixin.py:137} INFO - [2022-12-04T11:31:36.970+0000] {taskmixin.py:205} WARNING - Dependency <Task(_PythonDecoratedOperator): log_sql_query>, print_the_context already registered for DAG: example_python_operator
[2022-12-04T11:31:36.976+0000] {processor.py:766} INFO - DAG(s) dict_keys(['example_python_operator']) retrieved from /home/airflow/.local/lib/python3.7/site-packages/airflow/example_dags/example_python_operator.py
[2022-12-04T11:31:37.005+0000] {logging_mixin.py:137} INFO - [2022-12-04T11:31:37.005+0000] {dag.py:2585} INFO - Sync 1 DAGs
[2022-12-04T11:31:37.023+0000] {logging_mixin.py:137} INFO - [2022-12-04T11:31:37.022+0000] {dag.py:3340} INFO - Setting next_dagrun for example_python_operator to None, run_after=None
[2022-12-04T11:31:37.034+0000] {processor.py:176} INFO - Processing /home/airflow/.local/lib/python3.7/site-packages/airflow/example_dags/example_python_operator.py took 0.092 seconds
[2022-12-04T12:30:17.228+0000] {processor.py:154} INFO - Started process (PID=15436) to work on /home/airflow/.local/lib/python3.7/site-packages/airflow/example_dags/example_python_operator.py
[2022-12-04T12:30:17.230+0000] {processor.py:756} INFO - Processing file /home/airflow/.local/lib/python3.7/site-packages/airflow/example_dags/example_python_operator.py for tasks to queue
[2022-12-04T12:30:17.231+0000] {logging_mixin.py:137} INFO - [2022-12-04T12:30:17.231+0000] {dagbag.py:537} INFO - Filling up the DagBag from /home/airflow/.local/lib/python3.7/site-packages/airflow/example_dags/example_python_operator.py
[2022-12-04T12:30:17.248+0000] {logging_mixin.py:137} INFO - [2022-12-04T12:30:17.248+0000] {taskmixin.py:205} WARNING - Dependency <Task(_PythonDecoratedOperator): print_the_context>, log_sql_query already registered for DAG: example_python_operator
[2022-12-04T12:30:17.249+0000] {logging_mixin.py:137} INFO - [2022-12-04T12:30:17.249+0000] {taskmixin.py:205} WARNING - Dependency <Task(_PythonDecoratedOperator): log_sql_query>, print_the_context already registered for DAG: example_python_operator
[2022-12-04T12:30:17.250+0000] {logging_mixin.py:137} INFO - [2022-12-04T12:30:17.250+0000] {taskmixin.py:205} WARNING - Dependency <Task(_PythonDecoratedOperator): print_the_context>, log_sql_query already registered for DAG: example_python_operator
[2022-12-04T12:30:17.251+0000] {logging_mixin.py:137} INFO - [2022-12-04T12:30:17.251+0000] {taskmixin.py:205} WARNING - Dependency <Task(_PythonDecoratedOperator): log_sql_query>, print_the_context already registered for DAG: example_python_operator
[2022-12-04T12:30:17.252+0000] {logging_mixin.py:137} INFO - [2022-12-04T12:30:17.252+0000] {taskmixin.py:205} WARNING - Dependency <Task(_PythonDecoratedOperator): print_the_context>, log_sql_query already registered for DAG: example_python_operator
[2022-12-04T12:30:17.253+0000] {logging_mixin.py:137} INFO - [2022-12-04T12:30:17.253+0000] {taskmixin.py:205} WARNING - Dependency <Task(_PythonDecoratedOperator): log_sql_query>, print_the_context already registered for DAG: example_python_operator
[2022-12-04T12:30:17.255+0000] {logging_mixin.py:137} INFO - [2022-12-04T12:30:17.255+0000] {taskmixin.py:205} WARNING - Dependency <Task(_PythonDecoratedOperator): print_the_context>, log_sql_query already registered for DAG: example_python_operator
[2022-12-04T12:30:17.256+0000] {logging_mixin.py:137} INFO - [2022-12-04T12:30:17.256+0000] {taskmixin.py:205} WARNING - Dependency <Task(_PythonDecoratedOperator): log_sql_query>, print_the_context already registered for DAG: example_python_operator
[2022-12-04T12:30:17.262+0000] {processor.py:766} INFO - DAG(s) dict_keys(['example_python_operator']) retrieved from /home/airflow/.local/lib/python3.7/site-packages/airflow/example_dags/example_python_operator.py
[2022-12-04T12:30:17.291+0000] {logging_mixin.py:137} INFO - [2022-12-04T12:30:17.291+0000] {dag.py:2585} INFO - Sync 1 DAGs
[2022-12-04T12:30:17.307+0000] {logging_mixin.py:137} INFO - [2022-12-04T12:30:17.307+0000] {dag.py:3340} INFO - Setting next_dagrun for example_python_operator to None, run_after=None
[2022-12-04T12:30:17.321+0000] {processor.py:176} INFO - Processing /home/airflow/.local/lib/python3.7/site-packages/airflow/example_dags/example_python_operator.py took 0.097 seconds
[2022-12-04T14:08:57.668+0000] {processor.py:154} INFO - Started process (PID=15492) to work on /home/airflow/.local/lib/python3.7/site-packages/airflow/example_dags/example_python_operator.py
[2022-12-04T14:08:57.670+0000] {processor.py:756} INFO - Processing file /home/airflow/.local/lib/python3.7/site-packages/airflow/example_dags/example_python_operator.py for tasks to queue
[2022-12-04T14:08:57.671+0000] {logging_mixin.py:137} INFO - [2022-12-04T14:08:57.670+0000] {dagbag.py:537} INFO - Filling up the DagBag from /home/airflow/.local/lib/python3.7/site-packages/airflow/example_dags/example_python_operator.py
[2022-12-04T14:08:57.681+0000] {logging_mixin.py:137} INFO - [2022-12-04T14:08:57.681+0000] {taskmixin.py:205} WARNING - Dependency <Task(_PythonDecoratedOperator): print_the_context>, log_sql_query already registered for DAG: example_python_operator
[2022-12-04T14:08:57.682+0000] {logging_mixin.py:137} INFO - [2022-12-04T14:08:57.682+0000] {taskmixin.py:205} WARNING - Dependency <Task(_PythonDecoratedOperator): log_sql_query>, print_the_context already registered for DAG: example_python_operator
[2022-12-04T14:08:57.683+0000] {logging_mixin.py:137} INFO - [2022-12-04T14:08:57.683+0000] {taskmixin.py:205} WARNING - Dependency <Task(_PythonDecoratedOperator): print_the_context>, log_sql_query already registered for DAG: example_python_operator
[2022-12-04T14:08:57.684+0000] {logging_mixin.py:137} INFO - [2022-12-04T14:08:57.684+0000] {taskmixin.py:205} WARNING - Dependency <Task(_PythonDecoratedOperator): log_sql_query>, print_the_context already registered for DAG: example_python_operator
[2022-12-04T14:08:57.685+0000] {logging_mixin.py:137} INFO - [2022-12-04T14:08:57.685+0000] {taskmixin.py:205} WARNING - Dependency <Task(_PythonDecoratedOperator): print_the_context>, log_sql_query already registered for DAG: example_python_operator
[2022-12-04T14:08:57.686+0000] {logging_mixin.py:137} INFO - [2022-12-04T14:08:57.686+0000] {taskmixin.py:205} WARNING - Dependency <Task(_PythonDecoratedOperator): log_sql_query>, print_the_context already registered for DAG: example_python_operator
[2022-12-04T14:08:57.687+0000] {logging_mixin.py:137} INFO - [2022-12-04T14:08:57.687+0000] {taskmixin.py:205} WARNING - Dependency <Task(_PythonDecoratedOperator): print_the_context>, log_sql_query already registered for DAG: example_python_operator
[2022-12-04T14:08:57.688+0000] {logging_mixin.py:137} INFO - [2022-12-04T14:08:57.688+0000] {taskmixin.py:205} WARNING - Dependency <Task(_PythonDecoratedOperator): log_sql_query>, print_the_context already registered for DAG: example_python_operator
[2022-12-04T14:08:57.694+0000] {processor.py:766} INFO - DAG(s) dict_keys(['example_python_operator']) retrieved from /home/airflow/.local/lib/python3.7/site-packages/airflow/example_dags/example_python_operator.py
[2022-12-04T14:08:57.723+0000] {logging_mixin.py:137} INFO - [2022-12-04T14:08:57.723+0000] {dag.py:2585} INFO - Sync 1 DAGs
[2022-12-04T14:08:57.739+0000] {logging_mixin.py:137} INFO - [2022-12-04T14:08:57.739+0000] {dag.py:3340} INFO - Setting next_dagrun for example_python_operator to None, run_after=None
[2022-12-04T14:08:57.752+0000] {processor.py:176} INFO - Processing /home/airflow/.local/lib/python3.7/site-packages/airflow/example_dags/example_python_operator.py took 0.086 seconds
[2022-12-04T15:33:48.470+0000] {processor.py:154} INFO - Started process (PID=15562) to work on /home/airflow/.local/lib/python3.7/site-packages/airflow/example_dags/example_python_operator.py
[2022-12-04T15:33:48.472+0000] {processor.py:756} INFO - Processing file /home/airflow/.local/lib/python3.7/site-packages/airflow/example_dags/example_python_operator.py for tasks to queue
[2022-12-04T15:33:48.473+0000] {logging_mixin.py:137} INFO - [2022-12-04T15:33:48.473+0000] {dagbag.py:537} INFO - Filling up the DagBag from /home/airflow/.local/lib/python3.7/site-packages/airflow/example_dags/example_python_operator.py
[2022-12-04T15:33:48.484+0000] {logging_mixin.py:137} INFO - [2022-12-04T15:33:48.484+0000] {taskmixin.py:205} WARNING - Dependency <Task(_PythonDecoratedOperator): print_the_context>, log_sql_query already registered for DAG: example_python_operator
[2022-12-04T15:33:48.486+0000] {logging_mixin.py:137} INFO - [2022-12-04T15:33:48.486+0000] {taskmixin.py:205} WARNING - Dependency <Task(_PythonDecoratedOperator): log_sql_query>, print_the_context already registered for DAG: example_python_operator
[2022-12-04T15:33:48.488+0000] {logging_mixin.py:137} INFO - [2022-12-04T15:33:48.488+0000] {taskmixin.py:205} WARNING - Dependency <Task(_PythonDecoratedOperator): print_the_context>, log_sql_query already registered for DAG: example_python_operator
[2022-12-04T15:33:48.489+0000] {logging_mixin.py:137} INFO - [2022-12-04T15:33:48.489+0000] {taskmixin.py:205} WARNING - Dependency <Task(_PythonDecoratedOperator): log_sql_query>, print_the_context already registered for DAG: example_python_operator
[2022-12-04T15:33:48.490+0000] {logging_mixin.py:137} INFO - [2022-12-04T15:33:48.490+0000] {taskmixin.py:205} WARNING - Dependency <Task(_PythonDecoratedOperator): print_the_context>, log_sql_query already registered for DAG: example_python_operator
[2022-12-04T15:33:48.491+0000] {logging_mixin.py:137} INFO - [2022-12-04T15:33:48.491+0000] {taskmixin.py:205} WARNING - Dependency <Task(_PythonDecoratedOperator): log_sql_query>, print_the_context already registered for DAG: example_python_operator
[2022-12-04T15:33:48.493+0000] {logging_mixin.py:137} INFO - [2022-12-04T15:33:48.492+0000] {taskmixin.py:205} WARNING - Dependency <Task(_PythonDecoratedOperator): print_the_context>, log_sql_query already registered for DAG: example_python_operator
[2022-12-04T15:33:48.493+0000] {logging_mixin.py:137} INFO - [2022-12-04T15:33:48.493+0000] {taskmixin.py:205} WARNING - Dependency <Task(_PythonDecoratedOperator): log_sql_query>, print_the_context already registered for DAG: example_python_operator
[2022-12-04T15:33:48.500+0000] {processor.py:766} INFO - DAG(s) dict_keys(['example_python_operator']) retrieved from /home/airflow/.local/lib/python3.7/site-packages/airflow/example_dags/example_python_operator.py
[2022-12-04T15:33:48.536+0000] {logging_mixin.py:137} INFO - [2022-12-04T15:33:48.536+0000] {dag.py:2585} INFO - Sync 1 DAGs
[2022-12-04T15:33:48.552+0000] {logging_mixin.py:137} INFO - [2022-12-04T15:33:48.552+0000] {dag.py:3340} INFO - Setting next_dagrun for example_python_operator to None, run_after=None
[2022-12-04T15:33:48.565+0000] {processor.py:176} INFO - Processing /home/airflow/.local/lib/python3.7/site-packages/airflow/example_dags/example_python_operator.py took 0.097 seconds
[2022-12-04T16:56:21.079+0000] {processor.py:154} INFO - Started process (PID=15630) to work on /home/airflow/.local/lib/python3.7/site-packages/airflow/example_dags/example_python_operator.py
[2022-12-04T16:56:21.082+0000] {processor.py:756} INFO - Processing file /home/airflow/.local/lib/python3.7/site-packages/airflow/example_dags/example_python_operator.py for tasks to queue
[2022-12-04T16:56:21.083+0000] {logging_mixin.py:137} INFO - [2022-12-04T16:56:21.083+0000] {dagbag.py:537} INFO - Filling up the DagBag from /home/airflow/.local/lib/python3.7/site-packages/airflow/example_dags/example_python_operator.py
[2022-12-04T16:56:21.094+0000] {logging_mixin.py:137} INFO - [2022-12-04T16:56:21.094+0000] {taskmixin.py:205} WARNING - Dependency <Task(_PythonDecoratedOperator): print_the_context>, log_sql_query already registered for DAG: example_python_operator
[2022-12-04T16:56:21.095+0000] {logging_mixin.py:137} INFO - [2022-12-04T16:56:21.095+0000] {taskmixin.py:205} WARNING - Dependency <Task(_PythonDecoratedOperator): log_sql_query>, print_the_context already registered for DAG: example_python_operator
[2022-12-04T16:56:21.097+0000] {logging_mixin.py:137} INFO - [2022-12-04T16:56:21.096+0000] {taskmixin.py:205} WARNING - Dependency <Task(_PythonDecoratedOperator): print_the_context>, log_sql_query already registered for DAG: example_python_operator
[2022-12-04T16:56:21.097+0000] {logging_mixin.py:137} INFO - [2022-12-04T16:56:21.097+0000] {taskmixin.py:205} WARNING - Dependency <Task(_PythonDecoratedOperator): log_sql_query>, print_the_context already registered for DAG: example_python_operator
[2022-12-04T16:56:21.099+0000] {logging_mixin.py:137} INFO - [2022-12-04T16:56:21.099+0000] {taskmixin.py:205} WARNING - Dependency <Task(_PythonDecoratedOperator): print_the_context>, log_sql_query already registered for DAG: example_python_operator
[2022-12-04T16:56:21.100+0000] {logging_mixin.py:137} INFO - [2022-12-04T16:56:21.100+0000] {taskmixin.py:205} WARNING - Dependency <Task(_PythonDecoratedOperator): log_sql_query>, print_the_context already registered for DAG: example_python_operator
[2022-12-04T16:56:21.101+0000] {logging_mixin.py:137} INFO - [2022-12-04T16:56:21.101+0000] {taskmixin.py:205} WARNING - Dependency <Task(_PythonDecoratedOperator): print_the_context>, log_sql_query already registered for DAG: example_python_operator
[2022-12-04T16:56:21.102+0000] {logging_mixin.py:137} INFO - [2022-12-04T16:56:21.102+0000] {taskmixin.py:205} WARNING - Dependency <Task(_PythonDecoratedOperator): log_sql_query>, print_the_context already registered for DAG: example_python_operator
[2022-12-04T16:56:21.107+0000] {processor.py:766} INFO - DAG(s) dict_keys(['example_python_operator']) retrieved from /home/airflow/.local/lib/python3.7/site-packages/airflow/example_dags/example_python_operator.py
[2022-12-04T16:56:21.137+0000] {logging_mixin.py:137} INFO - [2022-12-04T16:56:21.137+0000] {dag.py:2585} INFO - Sync 1 DAGs
[2022-12-04T16:56:21.152+0000] {logging_mixin.py:137} INFO - [2022-12-04T16:56:21.152+0000] {dag.py:3340} INFO - Setting next_dagrun for example_python_operator to None, run_after=None
[2022-12-04T16:56:21.163+0000] {processor.py:176} INFO - Processing /home/airflow/.local/lib/python3.7/site-packages/airflow/example_dags/example_python_operator.py took 0.086 seconds
[2022-12-04T18:19:34.433+0000] {processor.py:154} INFO - Started process (PID=15700) to work on /home/airflow/.local/lib/python3.7/site-packages/airflow/example_dags/example_python_operator.py
[2022-12-04T18:19:34.436+0000] {processor.py:756} INFO - Processing file /home/airflow/.local/lib/python3.7/site-packages/airflow/example_dags/example_python_operator.py for tasks to queue
[2022-12-04T18:19:34.438+0000] {logging_mixin.py:137} INFO - [2022-12-04T18:19:34.438+0000] {dagbag.py:537} INFO - Filling up the DagBag from /home/airflow/.local/lib/python3.7/site-packages/airflow/example_dags/example_python_operator.py
[2022-12-04T18:19:34.453+0000] {logging_mixin.py:137} INFO - [2022-12-04T18:19:34.453+0000] {taskmixin.py:205} WARNING - Dependency <Task(_PythonDecoratedOperator): print_the_context>, log_sql_query already registered for DAG: example_python_operator
[2022-12-04T18:19:34.455+0000] {logging_mixin.py:137} INFO - [2022-12-04T18:19:34.455+0000] {taskmixin.py:205} WARNING - Dependency <Task(_PythonDecoratedOperator): log_sql_query>, print_the_context already registered for DAG: example_python_operator
[2022-12-04T18:19:34.457+0000] {logging_mixin.py:137} INFO - [2022-12-04T18:19:34.457+0000] {taskmixin.py:205} WARNING - Dependency <Task(_PythonDecoratedOperator): print_the_context>, log_sql_query already registered for DAG: example_python_operator
[2022-12-04T18:19:34.458+0000] {logging_mixin.py:137} INFO - [2022-12-04T18:19:34.458+0000] {taskmixin.py:205} WARNING - Dependency <Task(_PythonDecoratedOperator): log_sql_query>, print_the_context already registered for DAG: example_python_operator
[2022-12-04T18:19:34.459+0000] {logging_mixin.py:137} INFO - [2022-12-04T18:19:34.459+0000] {taskmixin.py:205} WARNING - Dependency <Task(_PythonDecoratedOperator): print_the_context>, log_sql_query already registered for DAG: example_python_operator
[2022-12-04T18:19:34.461+0000] {logging_mixin.py:137} INFO - [2022-12-04T18:19:34.460+0000] {taskmixin.py:205} WARNING - Dependency <Task(_PythonDecoratedOperator): log_sql_query>, print_the_context already registered for DAG: example_python_operator
[2022-12-04T18:19:34.462+0000] {logging_mixin.py:137} INFO - [2022-12-04T18:19:34.462+0000] {taskmixin.py:205} WARNING - Dependency <Task(_PythonDecoratedOperator): print_the_context>, log_sql_query already registered for DAG: example_python_operator
[2022-12-04T18:19:34.463+0000] {logging_mixin.py:137} INFO - [2022-12-04T18:19:34.463+0000] {taskmixin.py:205} WARNING - Dependency <Task(_PythonDecoratedOperator): log_sql_query>, print_the_context already registered for DAG: example_python_operator
[2022-12-04T18:19:34.471+0000] {processor.py:766} INFO - DAG(s) dict_keys(['example_python_operator']) retrieved from /home/airflow/.local/lib/python3.7/site-packages/airflow/example_dags/example_python_operator.py
[2022-12-04T18:19:34.508+0000] {logging_mixin.py:137} INFO - [2022-12-04T18:19:34.508+0000] {dag.py:2585} INFO - Sync 1 DAGs
[2022-12-04T18:19:34.528+0000] {logging_mixin.py:137} INFO - [2022-12-04T18:19:34.528+0000] {dag.py:3340} INFO - Setting next_dagrun for example_python_operator to None, run_after=None
[2022-12-04T18:19:34.549+0000] {processor.py:176} INFO - Processing /home/airflow/.local/lib/python3.7/site-packages/airflow/example_dags/example_python_operator.py took 0.120 seconds
[2022-12-04T19:16:13.767+0000] {processor.py:154} INFO - Started process (PID=15762) to work on /home/airflow/.local/lib/python3.7/site-packages/airflow/example_dags/example_python_operator.py
[2022-12-04T19:16:13.769+0000] {processor.py:756} INFO - Processing file /home/airflow/.local/lib/python3.7/site-packages/airflow/example_dags/example_python_operator.py for tasks to queue
[2022-12-04T19:16:13.770+0000] {logging_mixin.py:137} INFO - [2022-12-04T19:16:13.770+0000] {dagbag.py:537} INFO - Filling up the DagBag from /home/airflow/.local/lib/python3.7/site-packages/airflow/example_dags/example_python_operator.py
[2022-12-04T19:16:13.781+0000] {logging_mixin.py:137} INFO - [2022-12-04T19:16:13.781+0000] {taskmixin.py:205} WARNING - Dependency <Task(_PythonDecoratedOperator): print_the_context>, log_sql_query already registered for DAG: example_python_operator
[2022-12-04T19:16:13.782+0000] {logging_mixin.py:137} INFO - [2022-12-04T19:16:13.782+0000] {taskmixin.py:205} WARNING - Dependency <Task(_PythonDecoratedOperator): log_sql_query>, print_the_context already registered for DAG: example_python_operator
[2022-12-04T19:16:13.783+0000] {logging_mixin.py:137} INFO - [2022-12-04T19:16:13.783+0000] {taskmixin.py:205} WARNING - Dependency <Task(_PythonDecoratedOperator): print_the_context>, log_sql_query already registered for DAG: example_python_operator
[2022-12-04T19:16:13.784+0000] {logging_mixin.py:137} INFO - [2022-12-04T19:16:13.784+0000] {taskmixin.py:205} WARNING - Dependency <Task(_PythonDecoratedOperator): log_sql_query>, print_the_context already registered for DAG: example_python_operator
[2022-12-04T19:16:13.785+0000] {logging_mixin.py:137} INFO - [2022-12-04T19:16:13.785+0000] {taskmixin.py:205} WARNING - Dependency <Task(_PythonDecoratedOperator): print_the_context>, log_sql_query already registered for DAG: example_python_operator
[2022-12-04T19:16:13.787+0000] {logging_mixin.py:137} INFO - [2022-12-04T19:16:13.787+0000] {taskmixin.py:205} WARNING - Dependency <Task(_PythonDecoratedOperator): log_sql_query>, print_the_context already registered for DAG: example_python_operator
[2022-12-04T19:16:13.788+0000] {logging_mixin.py:137} INFO - [2022-12-04T19:16:13.788+0000] {taskmixin.py:205} WARNING - Dependency <Task(_PythonDecoratedOperator): print_the_context>, log_sql_query already registered for DAG: example_python_operator
[2022-12-04T19:16:13.789+0000] {logging_mixin.py:137} INFO - [2022-12-04T19:16:13.788+0000] {taskmixin.py:205} WARNING - Dependency <Task(_PythonDecoratedOperator): log_sql_query>, print_the_context already registered for DAG: example_python_operator
[2022-12-04T19:16:13.794+0000] {processor.py:766} INFO - DAG(s) dict_keys(['example_python_operator']) retrieved from /home/airflow/.local/lib/python3.7/site-packages/airflow/example_dags/example_python_operator.py
[2022-12-04T19:16:13.822+0000] {logging_mixin.py:137} INFO - [2022-12-04T19:16:13.822+0000] {dag.py:2585} INFO - Sync 1 DAGs
[2022-12-04T19:16:13.840+0000] {logging_mixin.py:137} INFO - [2022-12-04T19:16:13.840+0000] {dag.py:3340} INFO - Setting next_dagrun for example_python_operator to None, run_after=None
[2022-12-04T19:16:13.852+0000] {processor.py:176} INFO - Processing /home/airflow/.local/lib/python3.7/site-packages/airflow/example_dags/example_python_operator.py took 0.087 seconds
[2022-12-04T20:04:52.234+0000] {processor.py:154} INFO - Started process (PID=15830) to work on /home/airflow/.local/lib/python3.7/site-packages/airflow/example_dags/example_python_operator.py
[2022-12-04T20:04:52.236+0000] {processor.py:756} INFO - Processing file /home/airflow/.local/lib/python3.7/site-packages/airflow/example_dags/example_python_operator.py for tasks to queue
[2022-12-04T20:04:52.237+0000] {logging_mixin.py:137} INFO - [2022-12-04T20:04:52.237+0000] {dagbag.py:537} INFO - Filling up the DagBag from /home/airflow/.local/lib/python3.7/site-packages/airflow/example_dags/example_python_operator.py
[2022-12-04T20:04:52.248+0000] {logging_mixin.py:137} INFO - [2022-12-04T20:04:52.248+0000] {taskmixin.py:205} WARNING - Dependency <Task(_PythonDecoratedOperator): print_the_context>, log_sql_query already registered for DAG: example_python_operator
[2022-12-04T20:04:52.249+0000] {logging_mixin.py:137} INFO - [2022-12-04T20:04:52.249+0000] {taskmixin.py:205} WARNING - Dependency <Task(_PythonDecoratedOperator): log_sql_query>, print_the_context already registered for DAG: example_python_operator
[2022-12-04T20:04:52.251+0000] {logging_mixin.py:137} INFO - [2022-12-04T20:04:52.251+0000] {taskmixin.py:205} WARNING - Dependency <Task(_PythonDecoratedOperator): print_the_context>, log_sql_query already registered for DAG: example_python_operator
[2022-12-04T20:04:52.252+0000] {logging_mixin.py:137} INFO - [2022-12-04T20:04:52.252+0000] {taskmixin.py:205} WARNING - Dependency <Task(_PythonDecoratedOperator): log_sql_query>, print_the_context already registered for DAG: example_python_operator
[2022-12-04T20:04:52.253+0000] {logging_mixin.py:137} INFO - [2022-12-04T20:04:52.253+0000] {taskmixin.py:205} WARNING - Dependency <Task(_PythonDecoratedOperator): print_the_context>, log_sql_query already registered for DAG: example_python_operator
[2022-12-04T20:04:52.254+0000] {logging_mixin.py:137} INFO - [2022-12-04T20:04:52.254+0000] {taskmixin.py:205} WARNING - Dependency <Task(_PythonDecoratedOperator): log_sql_query>, print_the_context already registered for DAG: example_python_operator
[2022-12-04T20:04:52.255+0000] {logging_mixin.py:137} INFO - [2022-12-04T20:04:52.255+0000] {taskmixin.py:205} WARNING - Dependency <Task(_PythonDecoratedOperator): print_the_context>, log_sql_query already registered for DAG: example_python_operator
[2022-12-04T20:04:52.256+0000] {logging_mixin.py:137} INFO - [2022-12-04T20:04:52.256+0000] {taskmixin.py:205} WARNING - Dependency <Task(_PythonDecoratedOperator): log_sql_query>, print_the_context already registered for DAG: example_python_operator
[2022-12-04T20:04:52.262+0000] {processor.py:766} INFO - DAG(s) dict_keys(['example_python_operator']) retrieved from /home/airflow/.local/lib/python3.7/site-packages/airflow/example_dags/example_python_operator.py
[2022-12-04T20:04:52.292+0000] {logging_mixin.py:137} INFO - [2022-12-04T20:04:52.292+0000] {dag.py:2585} INFO - Sync 1 DAGs
[2022-12-04T20:04:52.308+0000] {logging_mixin.py:137} INFO - [2022-12-04T20:04:52.308+0000] {dag.py:3340} INFO - Setting next_dagrun for example_python_operator to None, run_after=None
[2022-12-04T20:04:52.319+0000] {processor.py:176} INFO - Processing /home/airflow/.local/lib/python3.7/site-packages/airflow/example_dags/example_python_operator.py took 0.087 seconds
[2022-12-04T21:26:03.967+0000] {processor.py:154} INFO - Started process (PID=15902) to work on /home/airflow/.local/lib/python3.7/site-packages/airflow/example_dags/example_python_operator.py
[2022-12-04T21:26:03.969+0000] {processor.py:756} INFO - Processing file /home/airflow/.local/lib/python3.7/site-packages/airflow/example_dags/example_python_operator.py for tasks to queue
[2022-12-04T21:26:03.971+0000] {logging_mixin.py:137} INFO - [2022-12-04T21:26:03.970+0000] {dagbag.py:537} INFO - Filling up the DagBag from /home/airflow/.local/lib/python3.7/site-packages/airflow/example_dags/example_python_operator.py
[2022-12-04T21:26:03.981+0000] {logging_mixin.py:137} INFO - [2022-12-04T21:26:03.981+0000] {taskmixin.py:205} WARNING - Dependency <Task(_PythonDecoratedOperator): print_the_context>, log_sql_query already registered for DAG: example_python_operator
[2022-12-04T21:26:03.982+0000] {logging_mixin.py:137} INFO - [2022-12-04T21:26:03.982+0000] {taskmixin.py:205} WARNING - Dependency <Task(_PythonDecoratedOperator): log_sql_query>, print_the_context already registered for DAG: example_python_operator
[2022-12-04T21:26:03.983+0000] {logging_mixin.py:137} INFO - [2022-12-04T21:26:03.983+0000] {taskmixin.py:205} WARNING - Dependency <Task(_PythonDecoratedOperator): print_the_context>, log_sql_query already registered for DAG: example_python_operator
[2022-12-04T21:26:03.983+0000] {logging_mixin.py:137} INFO - [2022-12-04T21:26:03.983+0000] {taskmixin.py:205} WARNING - Dependency <Task(_PythonDecoratedOperator): log_sql_query>, print_the_context already registered for DAG: example_python_operator
[2022-12-04T21:26:03.985+0000] {logging_mixin.py:137} INFO - [2022-12-04T21:26:03.985+0000] {taskmixin.py:205} WARNING - Dependency <Task(_PythonDecoratedOperator): print_the_context>, log_sql_query already registered for DAG: example_python_operator
[2022-12-04T21:26:03.986+0000] {logging_mixin.py:137} INFO - [2022-12-04T21:26:03.986+0000] {taskmixin.py:205} WARNING - Dependency <Task(_PythonDecoratedOperator): log_sql_query>, print_the_context already registered for DAG: example_python_operator
[2022-12-04T21:26:03.987+0000] {logging_mixin.py:137} INFO - [2022-12-04T21:26:03.987+0000] {taskmixin.py:205} WARNING - Dependency <Task(_PythonDecoratedOperator): print_the_context>, log_sql_query already registered for DAG: example_python_operator
[2022-12-04T21:26:03.988+0000] {logging_mixin.py:137} INFO - [2022-12-04T21:26:03.988+0000] {taskmixin.py:205} WARNING - Dependency <Task(_PythonDecoratedOperator): log_sql_query>, print_the_context already registered for DAG: example_python_operator
[2022-12-04T21:26:03.993+0000] {processor.py:766} INFO - DAG(s) dict_keys(['example_python_operator']) retrieved from /home/airflow/.local/lib/python3.7/site-packages/airflow/example_dags/example_python_operator.py
[2022-12-04T21:26:04.021+0000] {logging_mixin.py:137} INFO - [2022-12-04T21:26:04.021+0000] {dag.py:2585} INFO - Sync 1 DAGs
[2022-12-04T21:26:04.037+0000] {logging_mixin.py:137} INFO - [2022-12-04T21:26:04.036+0000] {dag.py:3340} INFO - Setting next_dagrun for example_python_operator to None, run_after=None
[2022-12-04T21:26:04.049+0000] {processor.py:176} INFO - Processing /home/airflow/.local/lib/python3.7/site-packages/airflow/example_dags/example_python_operator.py took 0.083 seconds
[2022-12-04T22:34:07.243+0000] {processor.py:154} INFO - Started process (PID=15966) to work on /home/airflow/.local/lib/python3.7/site-packages/airflow/example_dags/example_python_operator.py
[2022-12-04T22:34:07.246+0000] {processor.py:756} INFO - Processing file /home/airflow/.local/lib/python3.7/site-packages/airflow/example_dags/example_python_operator.py for tasks to queue
[2022-12-04T22:34:07.247+0000] {logging_mixin.py:137} INFO - [2022-12-04T22:34:07.247+0000] {dagbag.py:537} INFO - Filling up the DagBag from /home/airflow/.local/lib/python3.7/site-packages/airflow/example_dags/example_python_operator.py
[2022-12-04T22:34:07.258+0000] {logging_mixin.py:137} INFO - [2022-12-04T22:34:07.258+0000] {taskmixin.py:205} WARNING - Dependency <Task(_PythonDecoratedOperator): print_the_context>, log_sql_query already registered for DAG: example_python_operator
[2022-12-04T22:34:07.260+0000] {logging_mixin.py:137} INFO - [2022-12-04T22:34:07.260+0000] {taskmixin.py:205} WARNING - Dependency <Task(_PythonDecoratedOperator): log_sql_query>, print_the_context already registered for DAG: example_python_operator
[2022-12-04T22:34:07.262+0000] {logging_mixin.py:137} INFO - [2022-12-04T22:34:07.262+0000] {taskmixin.py:205} WARNING - Dependency <Task(_PythonDecoratedOperator): print_the_context>, log_sql_query already registered for DAG: example_python_operator
[2022-12-04T22:34:07.264+0000] {logging_mixin.py:137} INFO - [2022-12-04T22:34:07.264+0000] {taskmixin.py:205} WARNING - Dependency <Task(_PythonDecoratedOperator): log_sql_query>, print_the_context already registered for DAG: example_python_operator
[2022-12-04T22:34:07.266+0000] {logging_mixin.py:137} INFO - [2022-12-04T22:34:07.266+0000] {taskmixin.py:205} WARNING - Dependency <Task(_PythonDecoratedOperator): print_the_context>, log_sql_query already registered for DAG: example_python_operator
[2022-12-04T22:34:07.267+0000] {logging_mixin.py:137} INFO - [2022-12-04T22:34:07.267+0000] {taskmixin.py:205} WARNING - Dependency <Task(_PythonDecoratedOperator): log_sql_query>, print_the_context already registered for DAG: example_python_operator
[2022-12-04T22:34:07.268+0000] {logging_mixin.py:137} INFO - [2022-12-04T22:34:07.268+0000] {taskmixin.py:205} WARNING - Dependency <Task(_PythonDecoratedOperator): print_the_context>, log_sql_query already registered for DAG: example_python_operator
[2022-12-04T22:34:07.269+0000] {logging_mixin.py:137} INFO - [2022-12-04T22:34:07.269+0000] {taskmixin.py:205} WARNING - Dependency <Task(_PythonDecoratedOperator): log_sql_query>, print_the_context already registered for DAG: example_python_operator
[2022-12-04T22:34:07.276+0000] {processor.py:766} INFO - DAG(s) dict_keys(['example_python_operator']) retrieved from /home/airflow/.local/lib/python3.7/site-packages/airflow/example_dags/example_python_operator.py
[2022-12-04T22:34:07.312+0000] {logging_mixin.py:137} INFO - [2022-12-04T22:34:07.312+0000] {dag.py:2585} INFO - Sync 1 DAGs
[2022-12-04T22:34:07.333+0000] {logging_mixin.py:137} INFO - [2022-12-04T22:34:07.332+0000] {dag.py:3340} INFO - Setting next_dagrun for example_python_operator to None, run_after=None
[2022-12-04T22:34:07.371+0000] {processor.py:176} INFO - Processing /home/airflow/.local/lib/python3.7/site-packages/airflow/example_dags/example_python_operator.py took 0.130 seconds
[2022-12-04T22:52:29.111+0000] {processor.py:154} INFO - Started process (PID=16022) to work on /home/airflow/.local/lib/python3.7/site-packages/airflow/example_dags/example_python_operator.py
[2022-12-04T22:52:29.113+0000] {processor.py:756} INFO - Processing file /home/airflow/.local/lib/python3.7/site-packages/airflow/example_dags/example_python_operator.py for tasks to queue
[2022-12-04T22:52:29.115+0000] {logging_mixin.py:137} INFO - [2022-12-04T22:52:29.114+0000] {dagbag.py:537} INFO - Filling up the DagBag from /home/airflow/.local/lib/python3.7/site-packages/airflow/example_dags/example_python_operator.py
[2022-12-04T22:52:29.129+0000] {logging_mixin.py:137} INFO - [2022-12-04T22:52:29.129+0000] {taskmixin.py:205} WARNING - Dependency <Task(_PythonDecoratedOperator): print_the_context>, log_sql_query already registered for DAG: example_python_operator
[2022-12-04T22:52:29.130+0000] {logging_mixin.py:137} INFO - [2022-12-04T22:52:29.130+0000] {taskmixin.py:205} WARNING - Dependency <Task(_PythonDecoratedOperator): log_sql_query>, print_the_context already registered for DAG: example_python_operator
[2022-12-04T22:52:29.131+0000] {logging_mixin.py:137} INFO - [2022-12-04T22:52:29.131+0000] {taskmixin.py:205} WARNING - Dependency <Task(_PythonDecoratedOperator): print_the_context>, log_sql_query already registered for DAG: example_python_operator
[2022-12-04T22:52:29.131+0000] {logging_mixin.py:137} INFO - [2022-12-04T22:52:29.131+0000] {taskmixin.py:205} WARNING - Dependency <Task(_PythonDecoratedOperator): log_sql_query>, print_the_context already registered for DAG: example_python_operator
[2022-12-04T22:52:29.133+0000] {logging_mixin.py:137} INFO - [2022-12-04T22:52:29.132+0000] {taskmixin.py:205} WARNING - Dependency <Task(_PythonDecoratedOperator): print_the_context>, log_sql_query already registered for DAG: example_python_operator
[2022-12-04T22:52:29.133+0000] {logging_mixin.py:137} INFO - [2022-12-04T22:52:29.133+0000] {taskmixin.py:205} WARNING - Dependency <Task(_PythonDecoratedOperator): log_sql_query>, print_the_context already registered for DAG: example_python_operator
[2022-12-04T22:52:29.134+0000] {logging_mixin.py:137} INFO - [2022-12-04T22:52:29.134+0000] {taskmixin.py:205} WARNING - Dependency <Task(_PythonDecoratedOperator): print_the_context>, log_sql_query already registered for DAG: example_python_operator
[2022-12-04T22:52:29.135+0000] {logging_mixin.py:137} INFO - [2022-12-04T22:52:29.135+0000] {taskmixin.py:205} WARNING - Dependency <Task(_PythonDecoratedOperator): log_sql_query>, print_the_context already registered for DAG: example_python_operator
[2022-12-04T22:52:29.141+0000] {processor.py:766} INFO - DAG(s) dict_keys(['example_python_operator']) retrieved from /home/airflow/.local/lib/python3.7/site-packages/airflow/example_dags/example_python_operator.py
[2022-12-04T22:52:29.179+0000] {logging_mixin.py:137} INFO - [2022-12-04T22:52:29.179+0000] {dag.py:2585} INFO - Sync 1 DAGs
[2022-12-04T22:52:29.204+0000] {logging_mixin.py:137} INFO - [2022-12-04T22:52:29.203+0000] {dag.py:3340} INFO - Setting next_dagrun for example_python_operator to None, run_after=None
[2022-12-04T22:52:29.218+0000] {processor.py:176} INFO - Processing /home/airflow/.local/lib/python3.7/site-packages/airflow/example_dags/example_python_operator.py took 0.111 seconds
