[2022-12-04T00:57:34.299+0000] {processor.py:154} INFO - Started process (PID=14895) to work on /home/airflow/.local/lib/python3.7/site-packages/airflow/example_dags/example_latest_only.py
[2022-12-04T00:57:34.301+0000] {processor.py:756} INFO - Processing file /home/airflow/.local/lib/python3.7/site-packages/airflow/example_dags/example_latest_only.py for tasks to queue
[2022-12-04T00:57:34.302+0000] {logging_mixin.py:137} INFO - [2022-12-04T00:57:34.302+0000] {dagbag.py:537} INFO - Filling up the DagBag from /home/airflow/.local/lib/python3.7/site-packages/airflow/example_dags/example_latest_only.py
[2022-12-04T00:57:34.312+0000] {processor.py:766} INFO - DAG(s) dict_keys(['latest_only']) retrieved from /home/airflow/.local/lib/python3.7/site-packages/airflow/example_dags/example_latest_only.py
[2022-12-04T00:57:34.337+0000] {logging_mixin.py:137} INFO - [2022-12-04T00:57:34.337+0000] {dag.py:2585} INFO - Sync 1 DAGs
[2022-12-04T00:57:34.354+0000] {logging_mixin.py:137} INFO - [2022-12-04T00:57:34.354+0000] {dag.py:3340} INFO - Setting next_dagrun for latest_only to 2022-12-03T20:57:34.354554+00:00, run_after=2022-12-04T00:57:34.354554+00:00
[2022-12-04T00:57:34.369+0000] {processor.py:176} INFO - Processing /home/airflow/.local/lib/python3.7/site-packages/airflow/example_dags/example_latest_only.py took 0.073 seconds
[2022-12-04T02:32:55.461+0000] {processor.py:154} INFO - Started process (PID=14963) to work on /home/airflow/.local/lib/python3.7/site-packages/airflow/example_dags/example_latest_only.py
[2022-12-04T02:32:55.463+0000] {processor.py:756} INFO - Processing file /home/airflow/.local/lib/python3.7/site-packages/airflow/example_dags/example_latest_only.py for tasks to queue
[2022-12-04T02:32:55.465+0000] {logging_mixin.py:137} INFO - [2022-12-04T02:32:55.464+0000] {dagbag.py:537} INFO - Filling up the DagBag from /home/airflow/.local/lib/python3.7/site-packages/airflow/example_dags/example_latest_only.py
[2022-12-04T02:32:55.478+0000] {processor.py:766} INFO - DAG(s) dict_keys(['latest_only']) retrieved from /home/airflow/.local/lib/python3.7/site-packages/airflow/example_dags/example_latest_only.py
[2022-12-04T02:32:55.508+0000] {logging_mixin.py:137} INFO - [2022-12-04T02:32:55.508+0000] {dag.py:2585} INFO - Sync 1 DAGs
[2022-12-04T02:32:55.525+0000] {logging_mixin.py:137} INFO - [2022-12-04T02:32:55.525+0000] {dag.py:3340} INFO - Setting next_dagrun for latest_only to 2022-12-03T22:32:55.525122+00:00, run_after=2022-12-04T02:32:55.525122+00:00
[2022-12-04T02:32:55.539+0000] {processor.py:176} INFO - Processing /home/airflow/.local/lib/python3.7/site-packages/airflow/example_dags/example_latest_only.py took 0.081 seconds
[2022-12-04T03:55:42.098+0000] {processor.py:154} INFO - Started process (PID=15031) to work on /home/airflow/.local/lib/python3.7/site-packages/airflow/example_dags/example_latest_only.py
[2022-12-04T03:55:42.100+0000] {processor.py:756} INFO - Processing file /home/airflow/.local/lib/python3.7/site-packages/airflow/example_dags/example_latest_only.py for tasks to queue
[2022-12-04T03:55:42.101+0000] {logging_mixin.py:137} INFO - [2022-12-04T03:55:42.101+0000] {dagbag.py:537} INFO - Filling up the DagBag from /home/airflow/.local/lib/python3.7/site-packages/airflow/example_dags/example_latest_only.py
[2022-12-04T03:55:42.111+0000] {processor.py:766} INFO - DAG(s) dict_keys(['latest_only']) retrieved from /home/airflow/.local/lib/python3.7/site-packages/airflow/example_dags/example_latest_only.py
[2022-12-04T03:55:42.141+0000] {logging_mixin.py:137} INFO - [2022-12-04T03:55:42.141+0000] {dag.py:2585} INFO - Sync 1 DAGs
[2022-12-04T03:55:42.158+0000] {logging_mixin.py:137} INFO - [2022-12-04T03:55:42.157+0000] {dag.py:3340} INFO - Setting next_dagrun for latest_only to 2022-12-03T23:55:42.157773+00:00, run_after=2022-12-04T03:55:42.157773+00:00
[2022-12-04T03:55:42.171+0000] {processor.py:176} INFO - Processing /home/airflow/.local/lib/python3.7/site-packages/airflow/example_dags/example_latest_only.py took 0.076 seconds
[2022-12-04T05:30:18.008+0000] {processor.py:154} INFO - Started process (PID=15099) to work on /home/airflow/.local/lib/python3.7/site-packages/airflow/example_dags/example_latest_only.py
[2022-12-04T05:30:18.011+0000] {processor.py:756} INFO - Processing file /home/airflow/.local/lib/python3.7/site-packages/airflow/example_dags/example_latest_only.py for tasks to queue
[2022-12-04T05:30:18.012+0000] {logging_mixin.py:137} INFO - [2022-12-04T05:30:18.012+0000] {dagbag.py:537} INFO - Filling up the DagBag from /home/airflow/.local/lib/python3.7/site-packages/airflow/example_dags/example_latest_only.py
[2022-12-04T05:30:18.021+0000] {processor.py:766} INFO - DAG(s) dict_keys(['latest_only']) retrieved from /home/airflow/.local/lib/python3.7/site-packages/airflow/example_dags/example_latest_only.py
[2022-12-04T05:30:18.048+0000] {logging_mixin.py:137} INFO - [2022-12-04T05:30:18.047+0000] {dag.py:2585} INFO - Sync 1 DAGs
[2022-12-04T05:30:18.064+0000] {logging_mixin.py:137} INFO - [2022-12-04T05:30:18.064+0000] {dag.py:3340} INFO - Setting next_dagrun for latest_only to 2022-12-04T01:30:18.063893+00:00, run_after=2022-12-04T05:30:18.063893+00:00
[2022-12-04T05:30:18.076+0000] {processor.py:176} INFO - Processing /home/airflow/.local/lib/python3.7/site-packages/airflow/example_dags/example_latest_only.py took 0.070 seconds
[2022-12-04T06:53:38.076+0000] {processor.py:154} INFO - Started process (PID=15155) to work on /home/airflow/.local/lib/python3.7/site-packages/airflow/example_dags/example_latest_only.py
[2022-12-04T06:53:38.077+0000] {processor.py:756} INFO - Processing file /home/airflow/.local/lib/python3.7/site-packages/airflow/example_dags/example_latest_only.py for tasks to queue
[2022-12-04T06:53:38.079+0000] {logging_mixin.py:137} INFO - [2022-12-04T06:53:38.079+0000] {dagbag.py:537} INFO - Filling up the DagBag from /home/airflow/.local/lib/python3.7/site-packages/airflow/example_dags/example_latest_only.py
[2022-12-04T06:53:38.087+0000] {processor.py:766} INFO - DAG(s) dict_keys(['latest_only']) retrieved from /home/airflow/.local/lib/python3.7/site-packages/airflow/example_dags/example_latest_only.py
[2022-12-04T06:53:38.112+0000] {logging_mixin.py:137} INFO - [2022-12-04T06:53:38.112+0000] {dag.py:2585} INFO - Sync 1 DAGs
[2022-12-04T06:53:38.127+0000] {logging_mixin.py:137} INFO - [2022-12-04T06:53:38.127+0000] {dag.py:3340} INFO - Setting next_dagrun for latest_only to 2022-12-04T02:53:38.127738+00:00, run_after=2022-12-04T06:53:38.127738+00:00
[2022-12-04T06:53:38.141+0000] {processor.py:176} INFO - Processing /home/airflow/.local/lib/python3.7/site-packages/airflow/example_dags/example_latest_only.py took 0.067 seconds
[2022-12-04T08:30:44.858+0000] {processor.py:154} INFO - Started process (PID=15222) to work on /home/airflow/.local/lib/python3.7/site-packages/airflow/example_dags/example_latest_only.py
[2022-12-04T08:30:44.860+0000] {processor.py:756} INFO - Processing file /home/airflow/.local/lib/python3.7/site-packages/airflow/example_dags/example_latest_only.py for tasks to queue
[2022-12-04T08:30:44.861+0000] {logging_mixin.py:137} INFO - [2022-12-04T08:30:44.861+0000] {dagbag.py:537} INFO - Filling up the DagBag from /home/airflow/.local/lib/python3.7/site-packages/airflow/example_dags/example_latest_only.py
[2022-12-04T08:30:44.869+0000] {processor.py:766} INFO - DAG(s) dict_keys(['latest_only']) retrieved from /home/airflow/.local/lib/python3.7/site-packages/airflow/example_dags/example_latest_only.py
[2022-12-04T08:30:44.895+0000] {logging_mixin.py:137} INFO - [2022-12-04T08:30:44.895+0000] {dag.py:2585} INFO - Sync 1 DAGs
[2022-12-04T08:30:44.909+0000] {logging_mixin.py:137} INFO - [2022-12-04T08:30:44.909+0000] {dag.py:3340} INFO - Setting next_dagrun for latest_only to 2022-12-04T04:30:44.909213+00:00, run_after=2022-12-04T08:30:44.909213+00:00
[2022-12-04T08:30:44.920+0000] {processor.py:176} INFO - Processing /home/airflow/.local/lib/python3.7/site-packages/airflow/example_dags/example_latest_only.py took 0.065 seconds
[2022-12-04T10:09:30.366+0000] {processor.py:154} INFO - Started process (PID=15289) to work on /home/airflow/.local/lib/python3.7/site-packages/airflow/example_dags/example_latest_only.py
[2022-12-04T10:09:30.368+0000] {processor.py:756} INFO - Processing file /home/airflow/.local/lib/python3.7/site-packages/airflow/example_dags/example_latest_only.py for tasks to queue
[2022-12-04T10:09:30.370+0000] {logging_mixin.py:137} INFO - [2022-12-04T10:09:30.370+0000] {dagbag.py:537} INFO - Filling up the DagBag from /home/airflow/.local/lib/python3.7/site-packages/airflow/example_dags/example_latest_only.py
[2022-12-04T10:09:30.379+0000] {processor.py:766} INFO - DAG(s) dict_keys(['latest_only']) retrieved from /home/airflow/.local/lib/python3.7/site-packages/airflow/example_dags/example_latest_only.py
[2022-12-04T10:09:30.404+0000] {logging_mixin.py:137} INFO - [2022-12-04T10:09:30.403+0000] {dag.py:2585} INFO - Sync 1 DAGs
[2022-12-04T10:09:30.419+0000] {logging_mixin.py:137} INFO - [2022-12-04T10:09:30.419+0000] {dag.py:3340} INFO - Setting next_dagrun for latest_only to 2022-12-04T06:09:30.418845+00:00, run_after=2022-12-04T10:09:30.418845+00:00
[2022-12-04T10:09:30.432+0000] {processor.py:176} INFO - Processing /home/airflow/.local/lib/python3.7/site-packages/airflow/example_dags/example_latest_only.py took 0.068 seconds
[2022-12-04T11:31:36.392+0000] {processor.py:154} INFO - Started process (PID=15353) to work on /home/airflow/.local/lib/python3.7/site-packages/airflow/example_dags/example_latest_only.py
[2022-12-04T11:31:36.395+0000] {processor.py:756} INFO - Processing file /home/airflow/.local/lib/python3.7/site-packages/airflow/example_dags/example_latest_only.py for tasks to queue
[2022-12-04T11:31:36.396+0000] {logging_mixin.py:137} INFO - [2022-12-04T11:31:36.396+0000] {dagbag.py:537} INFO - Filling up the DagBag from /home/airflow/.local/lib/python3.7/site-packages/airflow/example_dags/example_latest_only.py
[2022-12-04T11:31:36.405+0000] {processor.py:766} INFO - DAG(s) dict_keys(['latest_only']) retrieved from /home/airflow/.local/lib/python3.7/site-packages/airflow/example_dags/example_latest_only.py
[2022-12-04T11:31:36.432+0000] {logging_mixin.py:137} INFO - [2022-12-04T11:31:36.432+0000] {dag.py:2585} INFO - Sync 1 DAGs
[2022-12-04T11:31:36.448+0000] {logging_mixin.py:137} INFO - [2022-12-04T11:31:36.448+0000] {dag.py:3340} INFO - Setting next_dagrun for latest_only to 2022-12-04T07:31:36.448130+00:00, run_after=2022-12-04T11:31:36.448130+00:00
[2022-12-04T11:31:36.461+0000] {processor.py:176} INFO - Processing /home/airflow/.local/lib/python3.7/site-packages/airflow/example_dags/example_latest_only.py took 0.072 seconds
[2022-12-04T12:30:16.685+0000] {processor.py:154} INFO - Started process (PID=15427) to work on /home/airflow/.local/lib/python3.7/site-packages/airflow/example_dags/example_latest_only.py
[2022-12-04T12:30:16.687+0000] {processor.py:756} INFO - Processing file /home/airflow/.local/lib/python3.7/site-packages/airflow/example_dags/example_latest_only.py for tasks to queue
[2022-12-04T12:30:16.688+0000] {logging_mixin.py:137} INFO - [2022-12-04T12:30:16.688+0000] {dagbag.py:537} INFO - Filling up the DagBag from /home/airflow/.local/lib/python3.7/site-packages/airflow/example_dags/example_latest_only.py
[2022-12-04T12:30:16.697+0000] {processor.py:766} INFO - DAG(s) dict_keys(['latest_only']) retrieved from /home/airflow/.local/lib/python3.7/site-packages/airflow/example_dags/example_latest_only.py
[2022-12-04T12:30:16.725+0000] {logging_mixin.py:137} INFO - [2022-12-04T12:30:16.724+0000] {dag.py:2585} INFO - Sync 1 DAGs
[2022-12-04T12:30:16.741+0000] {logging_mixin.py:137} INFO - [2022-12-04T12:30:16.741+0000] {dag.py:3340} INFO - Setting next_dagrun for latest_only to 2022-12-04T08:30:16.741112+00:00, run_after=2022-12-04T12:30:16.741112+00:00
[2022-12-04T12:30:16.756+0000] {processor.py:176} INFO - Processing /home/airflow/.local/lib/python3.7/site-packages/airflow/example_dags/example_latest_only.py took 0.074 seconds
[2022-12-04T14:08:57.175+0000] {processor.py:154} INFO - Started process (PID=15483) to work on /home/airflow/.local/lib/python3.7/site-packages/airflow/example_dags/example_latest_only.py
[2022-12-04T14:08:57.177+0000] {processor.py:756} INFO - Processing file /home/airflow/.local/lib/python3.7/site-packages/airflow/example_dags/example_latest_only.py for tasks to queue
[2022-12-04T14:08:57.179+0000] {logging_mixin.py:137} INFO - [2022-12-04T14:08:57.179+0000] {dagbag.py:537} INFO - Filling up the DagBag from /home/airflow/.local/lib/python3.7/site-packages/airflow/example_dags/example_latest_only.py
[2022-12-04T14:08:57.188+0000] {processor.py:766} INFO - DAG(s) dict_keys(['latest_only']) retrieved from /home/airflow/.local/lib/python3.7/site-packages/airflow/example_dags/example_latest_only.py
[2022-12-04T14:08:57.213+0000] {logging_mixin.py:137} INFO - [2022-12-04T14:08:57.213+0000] {dag.py:2585} INFO - Sync 1 DAGs
[2022-12-04T14:08:57.227+0000] {logging_mixin.py:137} INFO - [2022-12-04T14:08:57.227+0000] {dag.py:3340} INFO - Setting next_dagrun for latest_only to 2022-12-04T10:08:57.227271+00:00, run_after=2022-12-04T14:08:57.227271+00:00
[2022-12-04T14:08:57.239+0000] {processor.py:176} INFO - Processing /home/airflow/.local/lib/python3.7/site-packages/airflow/example_dags/example_latest_only.py took 0.066 seconds
[2022-12-04T15:33:47.976+0000] {processor.py:154} INFO - Started process (PID=15553) to work on /home/airflow/.local/lib/python3.7/site-packages/airflow/example_dags/example_latest_only.py
[2022-12-04T15:33:47.978+0000] {processor.py:756} INFO - Processing file /home/airflow/.local/lib/python3.7/site-packages/airflow/example_dags/example_latest_only.py for tasks to queue
[2022-12-04T15:33:47.979+0000] {logging_mixin.py:137} INFO - [2022-12-04T15:33:47.979+0000] {dagbag.py:537} INFO - Filling up the DagBag from /home/airflow/.local/lib/python3.7/site-packages/airflow/example_dags/example_latest_only.py
[2022-12-04T15:33:47.987+0000] {processor.py:766} INFO - DAG(s) dict_keys(['latest_only']) retrieved from /home/airflow/.local/lib/python3.7/site-packages/airflow/example_dags/example_latest_only.py
[2022-12-04T15:33:48.012+0000] {logging_mixin.py:137} INFO - [2022-12-04T15:33:48.012+0000] {dag.py:2585} INFO - Sync 1 DAGs
[2022-12-04T15:33:48.028+0000] {logging_mixin.py:137} INFO - [2022-12-04T15:33:48.028+0000] {dag.py:3340} INFO - Setting next_dagrun for latest_only to 2022-12-04T11:33:48.028244+00:00, run_after=2022-12-04T15:33:48.028244+00:00
[2022-12-04T15:33:48.041+0000] {processor.py:176} INFO - Processing /home/airflow/.local/lib/python3.7/site-packages/airflow/example_dags/example_latest_only.py took 0.067 seconds
[2022-12-04T16:56:20.607+0000] {processor.py:154} INFO - Started process (PID=15621) to work on /home/airflow/.local/lib/python3.7/site-packages/airflow/example_dags/example_latest_only.py
[2022-12-04T16:56:20.609+0000] {processor.py:756} INFO - Processing file /home/airflow/.local/lib/python3.7/site-packages/airflow/example_dags/example_latest_only.py for tasks to queue
[2022-12-04T16:56:20.610+0000] {logging_mixin.py:137} INFO - [2022-12-04T16:56:20.610+0000] {dagbag.py:537} INFO - Filling up the DagBag from /home/airflow/.local/lib/python3.7/site-packages/airflow/example_dags/example_latest_only.py
[2022-12-04T16:56:20.620+0000] {processor.py:766} INFO - DAG(s) dict_keys(['latest_only']) retrieved from /home/airflow/.local/lib/python3.7/site-packages/airflow/example_dags/example_latest_only.py
[2022-12-04T16:56:20.646+0000] {logging_mixin.py:137} INFO - [2022-12-04T16:56:20.646+0000] {dag.py:2585} INFO - Sync 1 DAGs
[2022-12-04T16:56:20.661+0000] {logging_mixin.py:137} INFO - [2022-12-04T16:56:20.661+0000] {dag.py:3340} INFO - Setting next_dagrun for latest_only to 2022-12-04T12:56:20.661086+00:00, run_after=2022-12-04T16:56:20.661086+00:00
[2022-12-04T16:56:20.672+0000] {processor.py:176} INFO - Processing /home/airflow/.local/lib/python3.7/site-packages/airflow/example_dags/example_latest_only.py took 0.068 seconds
[2022-12-04T18:19:32.867+0000] {processor.py:154} INFO - Started process (PID=15689) to work on /home/airflow/.local/lib/python3.7/site-packages/airflow/example_dags/example_latest_only.py
[2022-12-04T18:19:32.877+0000] {processor.py:756} INFO - Processing file /home/airflow/.local/lib/python3.7/site-packages/airflow/example_dags/example_latest_only.py for tasks to queue
[2022-12-04T18:19:32.882+0000] {logging_mixin.py:137} INFO - [2022-12-04T18:19:32.882+0000] {dagbag.py:537} INFO - Filling up the DagBag from /home/airflow/.local/lib/python3.7/site-packages/airflow/example_dags/example_latest_only.py
[2022-12-04T18:19:32.940+0000] {processor.py:766} INFO - DAG(s) dict_keys(['latest_only']) retrieved from /home/airflow/.local/lib/python3.7/site-packages/airflow/example_dags/example_latest_only.py
[2022-12-04T18:19:33.029+0000] {logging_mixin.py:137} INFO - [2022-12-04T18:19:33.029+0000] {dag.py:2585} INFO - Sync 1 DAGs
[2022-12-04T18:19:33.080+0000] {logging_mixin.py:137} INFO - [2022-12-04T18:19:33.080+0000] {dag.py:3340} INFO - Setting next_dagrun for latest_only to 2022-12-04T14:19:33.080177+00:00, run_after=2022-12-04T18:19:33.080177+00:00
[2022-12-04T18:19:33.114+0000] {processor.py:176} INFO - Processing /home/airflow/.local/lib/python3.7/site-packages/airflow/example_dags/example_latest_only.py took 0.252 seconds
[2022-12-04T19:16:13.291+0000] {processor.py:154} INFO - Started process (PID=15753) to work on /home/airflow/.local/lib/python3.7/site-packages/airflow/example_dags/example_latest_only.py
[2022-12-04T19:16:13.292+0000] {processor.py:756} INFO - Processing file /home/airflow/.local/lib/python3.7/site-packages/airflow/example_dags/example_latest_only.py for tasks to queue
[2022-12-04T19:16:13.293+0000] {logging_mixin.py:137} INFO - [2022-12-04T19:16:13.293+0000] {dagbag.py:537} INFO - Filling up the DagBag from /home/airflow/.local/lib/python3.7/site-packages/airflow/example_dags/example_latest_only.py
[2022-12-04T19:16:13.303+0000] {processor.py:766} INFO - DAG(s) dict_keys(['latest_only']) retrieved from /home/airflow/.local/lib/python3.7/site-packages/airflow/example_dags/example_latest_only.py
[2022-12-04T19:16:13.332+0000] {logging_mixin.py:137} INFO - [2022-12-04T19:16:13.332+0000] {dag.py:2585} INFO - Sync 1 DAGs
[2022-12-04T19:16:13.347+0000] {logging_mixin.py:137} INFO - [2022-12-04T19:16:13.347+0000] {dag.py:3340} INFO - Setting next_dagrun for latest_only to 2022-12-04T15:16:13.346873+00:00, run_after=2022-12-04T19:16:13.346873+00:00
[2022-12-04T19:16:13.359+0000] {processor.py:176} INFO - Processing /home/airflow/.local/lib/python3.7/site-packages/airflow/example_dags/example_latest_only.py took 0.071 seconds
[2022-12-04T20:04:51.741+0000] {processor.py:154} INFO - Started process (PID=15821) to work on /home/airflow/.local/lib/python3.7/site-packages/airflow/example_dags/example_latest_only.py
[2022-12-04T20:04:51.743+0000] {processor.py:756} INFO - Processing file /home/airflow/.local/lib/python3.7/site-packages/airflow/example_dags/example_latest_only.py for tasks to queue
[2022-12-04T20:04:51.744+0000] {logging_mixin.py:137} INFO - [2022-12-04T20:04:51.744+0000] {dagbag.py:537} INFO - Filling up the DagBag from /home/airflow/.local/lib/python3.7/site-packages/airflow/example_dags/example_latest_only.py
[2022-12-04T20:04:51.754+0000] {processor.py:766} INFO - DAG(s) dict_keys(['latest_only']) retrieved from /home/airflow/.local/lib/python3.7/site-packages/airflow/example_dags/example_latest_only.py
[2022-12-04T20:04:51.783+0000] {logging_mixin.py:137} INFO - [2022-12-04T20:04:51.783+0000] {dag.py:2585} INFO - Sync 1 DAGs
[2022-12-04T20:04:51.802+0000] {logging_mixin.py:137} INFO - [2022-12-04T20:04:51.802+0000] {dag.py:3340} INFO - Setting next_dagrun for latest_only to 2022-12-04T16:04:51.802626+00:00, run_after=2022-12-04T20:04:51.802626+00:00
[2022-12-04T20:04:51.820+0000] {processor.py:176} INFO - Processing /home/airflow/.local/lib/python3.7/site-packages/airflow/example_dags/example_latest_only.py took 0.082 seconds
[2022-12-04T21:26:03.491+0000] {processor.py:154} INFO - Started process (PID=15893) to work on /home/airflow/.local/lib/python3.7/site-packages/airflow/example_dags/example_latest_only.py
[2022-12-04T21:26:03.492+0000] {processor.py:756} INFO - Processing file /home/airflow/.local/lib/python3.7/site-packages/airflow/example_dags/example_latest_only.py for tasks to queue
[2022-12-04T21:26:03.494+0000] {logging_mixin.py:137} INFO - [2022-12-04T21:26:03.494+0000] {dagbag.py:537} INFO - Filling up the DagBag from /home/airflow/.local/lib/python3.7/site-packages/airflow/example_dags/example_latest_only.py
[2022-12-04T21:26:03.503+0000] {processor.py:766} INFO - DAG(s) dict_keys(['latest_only']) retrieved from /home/airflow/.local/lib/python3.7/site-packages/airflow/example_dags/example_latest_only.py
[2022-12-04T21:26:03.529+0000] {logging_mixin.py:137} INFO - [2022-12-04T21:26:03.529+0000] {dag.py:2585} INFO - Sync 1 DAGs
[2022-12-04T21:26:03.543+0000] {logging_mixin.py:137} INFO - [2022-12-04T21:26:03.543+0000] {dag.py:3340} INFO - Setting next_dagrun for latest_only to 2022-12-04T17:26:03.543358+00:00, run_after=2022-12-04T21:26:03.543358+00:00
[2022-12-04T21:26:03.557+0000] {processor.py:176} INFO - Processing /home/airflow/.local/lib/python3.7/site-packages/airflow/example_dags/example_latest_only.py took 0.068 seconds
[2022-12-04T22:34:06.660+0000] {processor.py:154} INFO - Started process (PID=15957) to work on /home/airflow/.local/lib/python3.7/site-packages/airflow/example_dags/example_latest_only.py
[2022-12-04T22:34:06.661+0000] {processor.py:756} INFO - Processing file /home/airflow/.local/lib/python3.7/site-packages/airflow/example_dags/example_latest_only.py for tasks to queue
[2022-12-04T22:34:06.663+0000] {logging_mixin.py:137} INFO - [2022-12-04T22:34:06.662+0000] {dagbag.py:537} INFO - Filling up the DagBag from /home/airflow/.local/lib/python3.7/site-packages/airflow/example_dags/example_latest_only.py
[2022-12-04T22:34:06.674+0000] {processor.py:766} INFO - DAG(s) dict_keys(['latest_only']) retrieved from /home/airflow/.local/lib/python3.7/site-packages/airflow/example_dags/example_latest_only.py
[2022-12-04T22:34:06.701+0000] {logging_mixin.py:137} INFO - [2022-12-04T22:34:06.700+0000] {dag.py:2585} INFO - Sync 1 DAGs
[2022-12-04T22:34:06.717+0000] {logging_mixin.py:137} INFO - [2022-12-04T22:34:06.716+0000] {dag.py:3340} INFO - Setting next_dagrun for latest_only to 2022-12-04T18:34:06.716840+00:00, run_after=2022-12-04T22:34:06.716840+00:00
[2022-12-04T22:34:06.738+0000] {processor.py:176} INFO - Processing /home/airflow/.local/lib/python3.7/site-packages/airflow/example_dags/example_latest_only.py took 0.082 seconds
[2022-12-04T22:52:28.599+0000] {processor.py:154} INFO - Started process (PID=16013) to work on /home/airflow/.local/lib/python3.7/site-packages/airflow/example_dags/example_latest_only.py
[2022-12-04T22:52:28.601+0000] {processor.py:756} INFO - Processing file /home/airflow/.local/lib/python3.7/site-packages/airflow/example_dags/example_latest_only.py for tasks to queue
[2022-12-04T22:52:28.602+0000] {logging_mixin.py:137} INFO - [2022-12-04T22:52:28.602+0000] {dagbag.py:537} INFO - Filling up the DagBag from /home/airflow/.local/lib/python3.7/site-packages/airflow/example_dags/example_latest_only.py
[2022-12-04T22:52:28.612+0000] {processor.py:766} INFO - DAG(s) dict_keys(['latest_only']) retrieved from /home/airflow/.local/lib/python3.7/site-packages/airflow/example_dags/example_latest_only.py
[2022-12-04T22:52:28.638+0000] {logging_mixin.py:137} INFO - [2022-12-04T22:52:28.638+0000] {dag.py:2585} INFO - Sync 1 DAGs
[2022-12-04T22:52:28.656+0000] {logging_mixin.py:137} INFO - [2022-12-04T22:52:28.656+0000] {dag.py:3340} INFO - Setting next_dagrun for latest_only to 2022-12-04T18:52:28.656068+00:00, run_after=2022-12-04T22:52:28.656068+00:00
[2022-12-04T22:52:28.670+0000] {processor.py:176} INFO - Processing /home/airflow/.local/lib/python3.7/site-packages/airflow/example_dags/example_latest_only.py took 0.073 seconds
