[2022-12-04T00:57:34.265+0000] {processor.py:154} INFO - Started process (PID=14894) to work on /home/airflow/.local/lib/python3.7/site-packages/airflow/example_dags/example_subdag_operator.py
[2022-12-04T00:57:34.267+0000] {processor.py:756} INFO - Processing file /home/airflow/.local/lib/python3.7/site-packages/airflow/example_dags/example_subdag_operator.py for tasks to queue
[2022-12-04T00:57:34.269+0000] {logging_mixin.py:137} INFO - [2022-12-04T00:57:34.269+0000] {dagbag.py:537} INFO - Filling up the DagBag from /home/airflow/.local/lib/python3.7/site-packages/airflow/example_dags/example_subdag_operator.py
[2022-12-04T00:57:34.303+0000] {processor.py:766} INFO - DAG(s) dict_keys(['example_subdag_operator.section-1', 'example_subdag_operator.section-2', 'example_subdag_operator']) retrieved from /home/airflow/.local/lib/python3.7/site-packages/airflow/example_dags/example_subdag_operator.py
[2022-12-04T00:57:34.417+0000] {logging_mixin.py:137} INFO - [2022-12-04T00:57:34.417+0000] {dag.py:2585} INFO - Sync 3 DAGs
[2022-12-04T00:57:34.615+0000] {logging_mixin.py:137} INFO - [2022-12-04T00:57:34.615+0000] {dag.py:3340} INFO - Setting next_dagrun for example_subdag_operator to 2022-01-01T00:00:00+00:00, run_after=2022-01-01T00:00:00+00:00
[2022-12-04T00:57:34.622+0000] {logging_mixin.py:137} INFO - [2022-12-04T00:57:34.622+0000] {dag.py:3340} INFO - Setting next_dagrun for example_subdag_operator.section-1 to None, run_after=None
[2022-12-04T00:57:34.628+0000] {logging_mixin.py:137} INFO - [2022-12-04T00:57:34.628+0000] {dag.py:3340} INFO - Setting next_dagrun for example_subdag_operator.section-2 to None, run_after=None
[2022-12-04T00:57:34.645+0000] {logging_mixin.py:137} INFO - [2022-12-04T00:57:34.644+0000] {dag.py:2585} INFO - Sync 2 DAGs
[2022-12-04T00:57:34.655+0000] {logging_mixin.py:137} INFO - [2022-12-04T00:57:34.654+0000] {dag.py:3340} INFO - Setting next_dagrun for example_subdag_operator.section-1 to None, run_after=None
[2022-12-04T00:57:34.657+0000] {logging_mixin.py:137} INFO - [2022-12-04T00:57:34.657+0000] {dag.py:3340} INFO - Setting next_dagrun for example_subdag_operator.section-2 to None, run_after=None
[2022-12-04T00:57:34.722+0000] {processor.py:176} INFO - Processing /home/airflow/.local/lib/python3.7/site-packages/airflow/example_dags/example_subdag_operator.py took 0.459 seconds
[2022-12-04T02:32:55.378+0000] {processor.py:154} INFO - Started process (PID=14962) to work on /home/airflow/.local/lib/python3.7/site-packages/airflow/example_dags/example_subdag_operator.py
[2022-12-04T02:32:55.380+0000] {processor.py:756} INFO - Processing file /home/airflow/.local/lib/python3.7/site-packages/airflow/example_dags/example_subdag_operator.py for tasks to queue
[2022-12-04T02:32:55.382+0000] {logging_mixin.py:137} INFO - [2022-12-04T02:32:55.382+0000] {dagbag.py:537} INFO - Filling up the DagBag from /home/airflow/.local/lib/python3.7/site-packages/airflow/example_dags/example_subdag_operator.py
[2022-12-04T02:32:55.406+0000] {processor.py:766} INFO - DAG(s) dict_keys(['example_subdag_operator.section-1', 'example_subdag_operator.section-2', 'example_subdag_operator']) retrieved from /home/airflow/.local/lib/python3.7/site-packages/airflow/example_dags/example_subdag_operator.py
[2022-12-04T02:32:55.516+0000] {logging_mixin.py:137} INFO - [2022-12-04T02:32:55.516+0000] {dag.py:2585} INFO - Sync 3 DAGs
[2022-12-04T02:32:55.531+0000] {logging_mixin.py:137} INFO - [2022-12-04T02:32:55.531+0000] {dag.py:3340} INFO - Setting next_dagrun for example_subdag_operator to 2022-01-01T00:00:00+00:00, run_after=2022-01-01T00:00:00+00:00
[2022-12-04T02:32:55.534+0000] {logging_mixin.py:137} INFO - [2022-12-04T02:32:55.534+0000] {dag.py:3340} INFO - Setting next_dagrun for example_subdag_operator.section-1 to None, run_after=None
[2022-12-04T02:32:55.536+0000] {logging_mixin.py:137} INFO - [2022-12-04T02:32:55.536+0000] {dag.py:3340} INFO - Setting next_dagrun for example_subdag_operator.section-2 to None, run_after=None
[2022-12-04T02:32:55.542+0000] {logging_mixin.py:137} INFO - [2022-12-04T02:32:55.542+0000] {dag.py:2585} INFO - Sync 2 DAGs
[2022-12-04T02:32:55.547+0000] {logging_mixin.py:137} INFO - [2022-12-04T02:32:55.547+0000] {dag.py:3340} INFO - Setting next_dagrun for example_subdag_operator.section-1 to None, run_after=None
[2022-12-04T02:32:55.550+0000] {logging_mixin.py:137} INFO - [2022-12-04T02:32:55.550+0000] {dag.py:3340} INFO - Setting next_dagrun for example_subdag_operator.section-2 to None, run_after=None
[2022-12-04T02:32:55.559+0000] {processor.py:176} INFO - Processing /home/airflow/.local/lib/python3.7/site-packages/airflow/example_dags/example_subdag_operator.py took 0.182 seconds
[2022-12-04T03:55:42.020+0000] {processor.py:154} INFO - Started process (PID=15030) to work on /home/airflow/.local/lib/python3.7/site-packages/airflow/example_dags/example_subdag_operator.py
[2022-12-04T03:55:42.022+0000] {processor.py:756} INFO - Processing file /home/airflow/.local/lib/python3.7/site-packages/airflow/example_dags/example_subdag_operator.py for tasks to queue
[2022-12-04T03:55:42.023+0000] {logging_mixin.py:137} INFO - [2022-12-04T03:55:42.023+0000] {dagbag.py:537} INFO - Filling up the DagBag from /home/airflow/.local/lib/python3.7/site-packages/airflow/example_dags/example_subdag_operator.py
[2022-12-04T03:55:42.045+0000] {processor.py:766} INFO - DAG(s) dict_keys(['example_subdag_operator.section-1', 'example_subdag_operator.section-2', 'example_subdag_operator']) retrieved from /home/airflow/.local/lib/python3.7/site-packages/airflow/example_dags/example_subdag_operator.py
[2022-12-04T03:55:42.147+0000] {logging_mixin.py:137} INFO - [2022-12-04T03:55:42.147+0000] {dag.py:2585} INFO - Sync 3 DAGs
[2022-12-04T03:55:42.163+0000] {logging_mixin.py:137} INFO - [2022-12-04T03:55:42.163+0000] {dag.py:3340} INFO - Setting next_dagrun for example_subdag_operator to 2022-01-01T00:00:00+00:00, run_after=2022-01-01T00:00:00+00:00
[2022-12-04T03:55:42.167+0000] {logging_mixin.py:137} INFO - [2022-12-04T03:55:42.167+0000] {dag.py:3340} INFO - Setting next_dagrun for example_subdag_operator.section-1 to None, run_after=None
[2022-12-04T03:55:42.169+0000] {logging_mixin.py:137} INFO - [2022-12-04T03:55:42.168+0000] {dag.py:3340} INFO - Setting next_dagrun for example_subdag_operator.section-2 to None, run_after=None
[2022-12-04T03:55:42.174+0000] {logging_mixin.py:137} INFO - [2022-12-04T03:55:42.174+0000] {dag.py:2585} INFO - Sync 2 DAGs
[2022-12-04T03:55:42.178+0000] {logging_mixin.py:137} INFO - [2022-12-04T03:55:42.178+0000] {dag.py:3340} INFO - Setting next_dagrun for example_subdag_operator.section-1 to None, run_after=None
[2022-12-04T03:55:42.179+0000] {logging_mixin.py:137} INFO - [2022-12-04T03:55:42.179+0000] {dag.py:3340} INFO - Setting next_dagrun for example_subdag_operator.section-2 to None, run_after=None
[2022-12-04T03:55:42.188+0000] {processor.py:176} INFO - Processing /home/airflow/.local/lib/python3.7/site-packages/airflow/example_dags/example_subdag_operator.py took 0.171 seconds
[2022-12-04T05:30:17.932+0000] {processor.py:154} INFO - Started process (PID=15098) to work on /home/airflow/.local/lib/python3.7/site-packages/airflow/example_dags/example_subdag_operator.py
[2022-12-04T05:30:17.934+0000] {processor.py:756} INFO - Processing file /home/airflow/.local/lib/python3.7/site-packages/airflow/example_dags/example_subdag_operator.py for tasks to queue
[2022-12-04T05:30:17.935+0000] {logging_mixin.py:137} INFO - [2022-12-04T05:30:17.935+0000] {dagbag.py:537} INFO - Filling up the DagBag from /home/airflow/.local/lib/python3.7/site-packages/airflow/example_dags/example_subdag_operator.py
[2022-12-04T05:30:17.956+0000] {processor.py:766} INFO - DAG(s) dict_keys(['example_subdag_operator.section-1', 'example_subdag_operator.section-2', 'example_subdag_operator']) retrieved from /home/airflow/.local/lib/python3.7/site-packages/airflow/example_dags/example_subdag_operator.py
[2022-12-04T05:30:18.055+0000] {logging_mixin.py:137} INFO - [2022-12-04T05:30:18.054+0000] {dag.py:2585} INFO - Sync 3 DAGs
[2022-12-04T05:30:18.069+0000] {logging_mixin.py:137} INFO - [2022-12-04T05:30:18.069+0000] {dag.py:3340} INFO - Setting next_dagrun for example_subdag_operator to 2022-01-01T00:00:00+00:00, run_after=2022-01-01T00:00:00+00:00
[2022-12-04T05:30:18.073+0000] {logging_mixin.py:137} INFO - [2022-12-04T05:30:18.073+0000] {dag.py:3340} INFO - Setting next_dagrun for example_subdag_operator.section-1 to None, run_after=None
[2022-12-04T05:30:18.075+0000] {logging_mixin.py:137} INFO - [2022-12-04T05:30:18.075+0000] {dag.py:3340} INFO - Setting next_dagrun for example_subdag_operator.section-2 to None, run_after=None
[2022-12-04T05:30:18.080+0000] {logging_mixin.py:137} INFO - [2022-12-04T05:30:18.080+0000] {dag.py:2585} INFO - Sync 2 DAGs
[2022-12-04T05:30:18.086+0000] {logging_mixin.py:137} INFO - [2022-12-04T05:30:18.086+0000] {dag.py:3340} INFO - Setting next_dagrun for example_subdag_operator.section-1 to None, run_after=None
[2022-12-04T05:30:18.087+0000] {logging_mixin.py:137} INFO - [2022-12-04T05:30:18.087+0000] {dag.py:3340} INFO - Setting next_dagrun for example_subdag_operator.section-2 to None, run_after=None
[2022-12-04T05:30:18.095+0000] {processor.py:176} INFO - Processing /home/airflow/.local/lib/python3.7/site-packages/airflow/example_dags/example_subdag_operator.py took 0.165 seconds
[2022-12-04T06:53:38.013+0000] {processor.py:154} INFO - Started process (PID=15154) to work on /home/airflow/.local/lib/python3.7/site-packages/airflow/example_dags/example_subdag_operator.py
[2022-12-04T06:53:38.015+0000] {processor.py:756} INFO - Processing file /home/airflow/.local/lib/python3.7/site-packages/airflow/example_dags/example_subdag_operator.py for tasks to queue
[2022-12-04T06:53:38.016+0000] {logging_mixin.py:137} INFO - [2022-12-04T06:53:38.016+0000] {dagbag.py:537} INFO - Filling up the DagBag from /home/airflow/.local/lib/python3.7/site-packages/airflow/example_dags/example_subdag_operator.py
[2022-12-04T06:53:38.039+0000] {processor.py:766} INFO - DAG(s) dict_keys(['example_subdag_operator.section-1', 'example_subdag_operator.section-2', 'example_subdag_operator']) retrieved from /home/airflow/.local/lib/python3.7/site-packages/airflow/example_dags/example_subdag_operator.py
[2022-12-04T06:53:38.138+0000] {logging_mixin.py:137} INFO - [2022-12-04T06:53:38.138+0000] {dag.py:2585} INFO - Sync 3 DAGs
[2022-12-04T06:53:38.154+0000] {logging_mixin.py:137} INFO - [2022-12-04T06:53:38.154+0000] {dag.py:3340} INFO - Setting next_dagrun for example_subdag_operator to 2022-01-01T00:00:00+00:00, run_after=2022-01-01T00:00:00+00:00
[2022-12-04T06:53:38.157+0000] {logging_mixin.py:137} INFO - [2022-12-04T06:53:38.157+0000] {dag.py:3340} INFO - Setting next_dagrun for example_subdag_operator.section-1 to None, run_after=None
[2022-12-04T06:53:38.158+0000] {logging_mixin.py:137} INFO - [2022-12-04T06:53:38.158+0000] {dag.py:3340} INFO - Setting next_dagrun for example_subdag_operator.section-2 to None, run_after=None
[2022-12-04T06:53:38.164+0000] {logging_mixin.py:137} INFO - [2022-12-04T06:53:38.164+0000] {dag.py:2585} INFO - Sync 2 DAGs
[2022-12-04T06:53:38.168+0000] {logging_mixin.py:137} INFO - [2022-12-04T06:53:38.168+0000] {dag.py:3340} INFO - Setting next_dagrun for example_subdag_operator.section-1 to None, run_after=None
[2022-12-04T06:53:38.169+0000] {logging_mixin.py:137} INFO - [2022-12-04T06:53:38.169+0000] {dag.py:3340} INFO - Setting next_dagrun for example_subdag_operator.section-2 to None, run_after=None
[2022-12-04T06:53:38.175+0000] {processor.py:176} INFO - Processing /home/airflow/.local/lib/python3.7/site-packages/airflow/example_dags/example_subdag_operator.py took 0.165 seconds
[2022-12-04T08:30:44.814+0000] {processor.py:154} INFO - Started process (PID=15221) to work on /home/airflow/.local/lib/python3.7/site-packages/airflow/example_dags/example_subdag_operator.py
[2022-12-04T08:30:44.815+0000] {processor.py:756} INFO - Processing file /home/airflow/.local/lib/python3.7/site-packages/airflow/example_dags/example_subdag_operator.py for tasks to queue
[2022-12-04T08:30:44.816+0000] {logging_mixin.py:137} INFO - [2022-12-04T08:30:44.816+0000] {dagbag.py:537} INFO - Filling up the DagBag from /home/airflow/.local/lib/python3.7/site-packages/airflow/example_dags/example_subdag_operator.py
[2022-12-04T08:30:44.840+0000] {processor.py:766} INFO - DAG(s) dict_keys(['example_subdag_operator.section-1', 'example_subdag_operator.section-2', 'example_subdag_operator']) retrieved from /home/airflow/.local/lib/python3.7/site-packages/airflow/example_dags/example_subdag_operator.py
[2022-12-04T08:30:44.940+0000] {logging_mixin.py:137} INFO - [2022-12-04T08:30:44.940+0000] {dag.py:2585} INFO - Sync 3 DAGs
[2022-12-04T08:30:44.955+0000] {logging_mixin.py:137} INFO - [2022-12-04T08:30:44.955+0000] {dag.py:3340} INFO - Setting next_dagrun for example_subdag_operator to 2022-01-01T00:00:00+00:00, run_after=2022-01-01T00:00:00+00:00
[2022-12-04T08:30:44.958+0000] {logging_mixin.py:137} INFO - [2022-12-04T08:30:44.958+0000] {dag.py:3340} INFO - Setting next_dagrun for example_subdag_operator.section-1 to None, run_after=None
[2022-12-04T08:30:44.960+0000] {logging_mixin.py:137} INFO - [2022-12-04T08:30:44.960+0000] {dag.py:3340} INFO - Setting next_dagrun for example_subdag_operator.section-2 to None, run_after=None
[2022-12-04T08:30:44.966+0000] {logging_mixin.py:137} INFO - [2022-12-04T08:30:44.966+0000] {dag.py:2585} INFO - Sync 2 DAGs
[2022-12-04T08:30:44.971+0000] {logging_mixin.py:137} INFO - [2022-12-04T08:30:44.971+0000] {dag.py:3340} INFO - Setting next_dagrun for example_subdag_operator.section-1 to None, run_after=None
[2022-12-04T08:30:44.972+0000] {logging_mixin.py:137} INFO - [2022-12-04T08:30:44.972+0000] {dag.py:3340} INFO - Setting next_dagrun for example_subdag_operator.section-2 to None, run_after=None
[2022-12-04T08:30:44.981+0000] {processor.py:176} INFO - Processing /home/airflow/.local/lib/python3.7/site-packages/airflow/example_dags/example_subdag_operator.py took 0.169 seconds
[2022-12-04T10:09:30.298+0000] {processor.py:154} INFO - Started process (PID=15288) to work on /home/airflow/.local/lib/python3.7/site-packages/airflow/example_dags/example_subdag_operator.py
[2022-12-04T10:09:30.300+0000] {processor.py:756} INFO - Processing file /home/airflow/.local/lib/python3.7/site-packages/airflow/example_dags/example_subdag_operator.py for tasks to queue
[2022-12-04T10:09:30.301+0000] {logging_mixin.py:137} INFO - [2022-12-04T10:09:30.301+0000] {dagbag.py:537} INFO - Filling up the DagBag from /home/airflow/.local/lib/python3.7/site-packages/airflow/example_dags/example_subdag_operator.py
[2022-12-04T10:09:30.324+0000] {processor.py:766} INFO - DAG(s) dict_keys(['example_subdag_operator.section-1', 'example_subdag_operator.section-2', 'example_subdag_operator']) retrieved from /home/airflow/.local/lib/python3.7/site-packages/airflow/example_dags/example_subdag_operator.py
[2022-12-04T10:09:30.433+0000] {logging_mixin.py:137} INFO - [2022-12-04T10:09:30.433+0000] {dag.py:2585} INFO - Sync 3 DAGs
[2022-12-04T10:09:30.451+0000] {logging_mixin.py:137} INFO - [2022-12-04T10:09:30.451+0000] {dag.py:3340} INFO - Setting next_dagrun for example_subdag_operator to 2022-01-01T00:00:00+00:00, run_after=2022-01-01T00:00:00+00:00
[2022-12-04T10:09:30.454+0000] {logging_mixin.py:137} INFO - [2022-12-04T10:09:30.454+0000] {dag.py:3340} INFO - Setting next_dagrun for example_subdag_operator.section-1 to None, run_after=None
[2022-12-04T10:09:30.455+0000] {logging_mixin.py:137} INFO - [2022-12-04T10:09:30.455+0000] {dag.py:3340} INFO - Setting next_dagrun for example_subdag_operator.section-2 to None, run_after=None
[2022-12-04T10:09:30.461+0000] {logging_mixin.py:137} INFO - [2022-12-04T10:09:30.461+0000] {dag.py:2585} INFO - Sync 2 DAGs
[2022-12-04T10:09:30.465+0000] {logging_mixin.py:137} INFO - [2022-12-04T10:09:30.465+0000] {dag.py:3340} INFO - Setting next_dagrun for example_subdag_operator.section-1 to None, run_after=None
[2022-12-04T10:09:30.466+0000] {logging_mixin.py:137} INFO - [2022-12-04T10:09:30.466+0000] {dag.py:3340} INFO - Setting next_dagrun for example_subdag_operator.section-2 to None, run_after=None
[2022-12-04T10:09:30.473+0000] {processor.py:176} INFO - Processing /home/airflow/.local/lib/python3.7/site-packages/airflow/example_dags/example_subdag_operator.py took 0.177 seconds
[2022-12-04T11:31:36.334+0000] {processor.py:154} INFO - Started process (PID=15352) to work on /home/airflow/.local/lib/python3.7/site-packages/airflow/example_dags/example_subdag_operator.py
[2022-12-04T11:31:36.336+0000] {processor.py:756} INFO - Processing file /home/airflow/.local/lib/python3.7/site-packages/airflow/example_dags/example_subdag_operator.py for tasks to queue
[2022-12-04T11:31:36.337+0000] {logging_mixin.py:137} INFO - [2022-12-04T11:31:36.337+0000] {dagbag.py:537} INFO - Filling up the DagBag from /home/airflow/.local/lib/python3.7/site-packages/airflow/example_dags/example_subdag_operator.py
[2022-12-04T11:31:36.363+0000] {processor.py:766} INFO - DAG(s) dict_keys(['example_subdag_operator.section-1', 'example_subdag_operator.section-2', 'example_subdag_operator']) retrieved from /home/airflow/.local/lib/python3.7/site-packages/airflow/example_dags/example_subdag_operator.py
[2022-12-04T11:31:36.479+0000] {logging_mixin.py:137} INFO - [2022-12-04T11:31:36.479+0000] {dag.py:2585} INFO - Sync 3 DAGs
[2022-12-04T11:31:36.495+0000] {logging_mixin.py:137} INFO - [2022-12-04T11:31:36.494+0000] {dag.py:3340} INFO - Setting next_dagrun for example_subdag_operator to 2022-01-01T00:00:00+00:00, run_after=2022-01-01T00:00:00+00:00
[2022-12-04T11:31:36.497+0000] {logging_mixin.py:137} INFO - [2022-12-04T11:31:36.497+0000] {dag.py:3340} INFO - Setting next_dagrun for example_subdag_operator.section-1 to None, run_after=None
[2022-12-04T11:31:36.499+0000] {logging_mixin.py:137} INFO - [2022-12-04T11:31:36.499+0000] {dag.py:3340} INFO - Setting next_dagrun for example_subdag_operator.section-2 to None, run_after=None
[2022-12-04T11:31:36.504+0000] {logging_mixin.py:137} INFO - [2022-12-04T11:31:36.504+0000] {dag.py:2585} INFO - Sync 2 DAGs
[2022-12-04T11:31:36.508+0000] {logging_mixin.py:137} INFO - [2022-12-04T11:31:36.508+0000] {dag.py:3340} INFO - Setting next_dagrun for example_subdag_operator.section-1 to None, run_after=None
[2022-12-04T11:31:36.510+0000] {logging_mixin.py:137} INFO - [2022-12-04T11:31:36.510+0000] {dag.py:3340} INFO - Setting next_dagrun for example_subdag_operator.section-2 to None, run_after=None
[2022-12-04T11:31:36.519+0000] {processor.py:176} INFO - Processing /home/airflow/.local/lib/python3.7/site-packages/airflow/example_dags/example_subdag_operator.py took 0.187 seconds
[2022-12-04T12:30:16.591+0000] {processor.py:154} INFO - Started process (PID=15426) to work on /home/airflow/.local/lib/python3.7/site-packages/airflow/example_dags/example_subdag_operator.py
[2022-12-04T12:30:16.593+0000] {processor.py:756} INFO - Processing file /home/airflow/.local/lib/python3.7/site-packages/airflow/example_dags/example_subdag_operator.py for tasks to queue
[2022-12-04T12:30:16.594+0000] {logging_mixin.py:137} INFO - [2022-12-04T12:30:16.594+0000] {dagbag.py:537} INFO - Filling up the DagBag from /home/airflow/.local/lib/python3.7/site-packages/airflow/example_dags/example_subdag_operator.py
[2022-12-04T12:30:16.621+0000] {processor.py:766} INFO - DAG(s) dict_keys(['example_subdag_operator.section-1', 'example_subdag_operator.section-2', 'example_subdag_operator']) retrieved from /home/airflow/.local/lib/python3.7/site-packages/airflow/example_dags/example_subdag_operator.py
[2022-12-04T12:30:16.730+0000] {logging_mixin.py:137} INFO - [2022-12-04T12:30:16.730+0000] {dag.py:2585} INFO - Sync 3 DAGs
[2022-12-04T12:30:16.746+0000] {logging_mixin.py:137} INFO - [2022-12-04T12:30:16.746+0000] {dag.py:3340} INFO - Setting next_dagrun for example_subdag_operator to 2022-01-01T00:00:00+00:00, run_after=2022-01-01T00:00:00+00:00
[2022-12-04T12:30:16.749+0000] {logging_mixin.py:137} INFO - [2022-12-04T12:30:16.749+0000] {dag.py:3340} INFO - Setting next_dagrun for example_subdag_operator.section-1 to None, run_after=None
[2022-12-04T12:30:16.751+0000] {logging_mixin.py:137} INFO - [2022-12-04T12:30:16.751+0000] {dag.py:3340} INFO - Setting next_dagrun for example_subdag_operator.section-2 to None, run_after=None
[2022-12-04T12:30:16.756+0000] {logging_mixin.py:137} INFO - [2022-12-04T12:30:16.756+0000] {dag.py:2585} INFO - Sync 2 DAGs
[2022-12-04T12:30:16.761+0000] {logging_mixin.py:137} INFO - [2022-12-04T12:30:16.761+0000] {dag.py:3340} INFO - Setting next_dagrun for example_subdag_operator.section-1 to None, run_after=None
[2022-12-04T12:30:16.763+0000] {logging_mixin.py:137} INFO - [2022-12-04T12:30:16.763+0000] {dag.py:3340} INFO - Setting next_dagrun for example_subdag_operator.section-2 to None, run_after=None
[2022-12-04T12:30:16.774+0000] {processor.py:176} INFO - Processing /home/airflow/.local/lib/python3.7/site-packages/airflow/example_dags/example_subdag_operator.py took 0.185 seconds
[2022-12-04T14:08:57.119+0000] {processor.py:154} INFO - Started process (PID=15482) to work on /home/airflow/.local/lib/python3.7/site-packages/airflow/example_dags/example_subdag_operator.py
[2022-12-04T14:08:57.120+0000] {processor.py:756} INFO - Processing file /home/airflow/.local/lib/python3.7/site-packages/airflow/example_dags/example_subdag_operator.py for tasks to queue
[2022-12-04T14:08:57.122+0000] {logging_mixin.py:137} INFO - [2022-12-04T14:08:57.122+0000] {dagbag.py:537} INFO - Filling up the DagBag from /home/airflow/.local/lib/python3.7/site-packages/airflow/example_dags/example_subdag_operator.py
[2022-12-04T14:08:57.145+0000] {processor.py:766} INFO - DAG(s) dict_keys(['example_subdag_operator.section-1', 'example_subdag_operator.section-2', 'example_subdag_operator']) retrieved from /home/airflow/.local/lib/python3.7/site-packages/airflow/example_dags/example_subdag_operator.py
[2022-12-04T14:08:57.251+0000] {logging_mixin.py:137} INFO - [2022-12-04T14:08:57.251+0000] {dag.py:2585} INFO - Sync 3 DAGs
[2022-12-04T14:08:57.269+0000] {logging_mixin.py:137} INFO - [2022-12-04T14:08:57.269+0000] {dag.py:3340} INFO - Setting next_dagrun for example_subdag_operator to 2022-01-01T00:00:00+00:00, run_after=2022-01-01T00:00:00+00:00
[2022-12-04T14:08:57.272+0000] {logging_mixin.py:137} INFO - [2022-12-04T14:08:57.272+0000] {dag.py:3340} INFO - Setting next_dagrun for example_subdag_operator.section-1 to None, run_after=None
[2022-12-04T14:08:57.273+0000] {logging_mixin.py:137} INFO - [2022-12-04T14:08:57.273+0000] {dag.py:3340} INFO - Setting next_dagrun for example_subdag_operator.section-2 to None, run_after=None
[2022-12-04T14:08:57.278+0000] {logging_mixin.py:137} INFO - [2022-12-04T14:08:57.278+0000] {dag.py:2585} INFO - Sync 2 DAGs
[2022-12-04T14:08:57.282+0000] {logging_mixin.py:137} INFO - [2022-12-04T14:08:57.282+0000] {dag.py:3340} INFO - Setting next_dagrun for example_subdag_operator.section-1 to None, run_after=None
[2022-12-04T14:08:57.284+0000] {logging_mixin.py:137} INFO - [2022-12-04T14:08:57.284+0000] {dag.py:3340} INFO - Setting next_dagrun for example_subdag_operator.section-2 to None, run_after=None
[2022-12-04T14:08:57.292+0000] {processor.py:176} INFO - Processing /home/airflow/.local/lib/python3.7/site-packages/airflow/example_dags/example_subdag_operator.py took 0.176 seconds
[2022-12-04T15:33:47.899+0000] {processor.py:154} INFO - Started process (PID=15552) to work on /home/airflow/.local/lib/python3.7/site-packages/airflow/example_dags/example_subdag_operator.py
[2022-12-04T15:33:47.902+0000] {processor.py:756} INFO - Processing file /home/airflow/.local/lib/python3.7/site-packages/airflow/example_dags/example_subdag_operator.py for tasks to queue
[2022-12-04T15:33:47.903+0000] {logging_mixin.py:137} INFO - [2022-12-04T15:33:47.903+0000] {dagbag.py:537} INFO - Filling up the DagBag from /home/airflow/.local/lib/python3.7/site-packages/airflow/example_dags/example_subdag_operator.py
[2022-12-04T15:33:47.928+0000] {processor.py:766} INFO - DAG(s) dict_keys(['example_subdag_operator.section-1', 'example_subdag_operator.section-2', 'example_subdag_operator']) retrieved from /home/airflow/.local/lib/python3.7/site-packages/airflow/example_dags/example_subdag_operator.py
[2022-12-04T15:33:48.039+0000] {logging_mixin.py:137} INFO - [2022-12-04T15:33:48.039+0000] {dag.py:2585} INFO - Sync 3 DAGs
[2022-12-04T15:33:48.055+0000] {logging_mixin.py:137} INFO - [2022-12-04T15:33:48.054+0000] {dag.py:3340} INFO - Setting next_dagrun for example_subdag_operator to 2022-01-01T00:00:00+00:00, run_after=2022-01-01T00:00:00+00:00
[2022-12-04T15:33:48.060+0000] {logging_mixin.py:137} INFO - [2022-12-04T15:33:48.060+0000] {dag.py:3340} INFO - Setting next_dagrun for example_subdag_operator.section-1 to None, run_after=None
[2022-12-04T15:33:48.063+0000] {logging_mixin.py:137} INFO - [2022-12-04T15:33:48.063+0000] {dag.py:3340} INFO - Setting next_dagrun for example_subdag_operator.section-2 to None, run_after=None
[2022-12-04T15:33:48.068+0000] {logging_mixin.py:137} INFO - [2022-12-04T15:33:48.068+0000] {dag.py:2585} INFO - Sync 2 DAGs
[2022-12-04T15:33:48.072+0000] {logging_mixin.py:137} INFO - [2022-12-04T15:33:48.072+0000] {dag.py:3340} INFO - Setting next_dagrun for example_subdag_operator.section-1 to None, run_after=None
[2022-12-04T15:33:48.073+0000] {logging_mixin.py:137} INFO - [2022-12-04T15:33:48.073+0000] {dag.py:3340} INFO - Setting next_dagrun for example_subdag_operator.section-2 to None, run_after=None
[2022-12-04T15:33:48.080+0000] {processor.py:176} INFO - Processing /home/airflow/.local/lib/python3.7/site-packages/airflow/example_dags/example_subdag_operator.py took 0.184 seconds
[2022-12-04T16:56:20.553+0000] {processor.py:154} INFO - Started process (PID=15620) to work on /home/airflow/.local/lib/python3.7/site-packages/airflow/example_dags/example_subdag_operator.py
[2022-12-04T16:56:20.555+0000] {processor.py:756} INFO - Processing file /home/airflow/.local/lib/python3.7/site-packages/airflow/example_dags/example_subdag_operator.py for tasks to queue
[2022-12-04T16:56:20.556+0000] {logging_mixin.py:137} INFO - [2022-12-04T16:56:20.556+0000] {dagbag.py:537} INFO - Filling up the DagBag from /home/airflow/.local/lib/python3.7/site-packages/airflow/example_dags/example_subdag_operator.py
[2022-12-04T16:56:20.580+0000] {processor.py:766} INFO - DAG(s) dict_keys(['example_subdag_operator.section-1', 'example_subdag_operator.section-2', 'example_subdag_operator']) retrieved from /home/airflow/.local/lib/python3.7/site-packages/airflow/example_dags/example_subdag_operator.py
[2022-12-04T16:56:20.682+0000] {logging_mixin.py:137} INFO - [2022-12-04T16:56:20.682+0000] {dag.py:2585} INFO - Sync 3 DAGs
[2022-12-04T16:56:20.699+0000] {logging_mixin.py:137} INFO - [2022-12-04T16:56:20.699+0000] {dag.py:3340} INFO - Setting next_dagrun for example_subdag_operator to 2022-01-01T00:00:00+00:00, run_after=2022-01-01T00:00:00+00:00
[2022-12-04T16:56:20.702+0000] {logging_mixin.py:137} INFO - [2022-12-04T16:56:20.702+0000] {dag.py:3340} INFO - Setting next_dagrun for example_subdag_operator.section-1 to None, run_after=None
[2022-12-04T16:56:20.704+0000] {logging_mixin.py:137} INFO - [2022-12-04T16:56:20.704+0000] {dag.py:3340} INFO - Setting next_dagrun for example_subdag_operator.section-2 to None, run_after=None
[2022-12-04T16:56:20.709+0000] {logging_mixin.py:137} INFO - [2022-12-04T16:56:20.709+0000] {dag.py:2585} INFO - Sync 2 DAGs
[2022-12-04T16:56:20.713+0000] {logging_mixin.py:137} INFO - [2022-12-04T16:56:20.713+0000] {dag.py:3340} INFO - Setting next_dagrun for example_subdag_operator.section-1 to None, run_after=None
[2022-12-04T16:56:20.714+0000] {logging_mixin.py:137} INFO - [2022-12-04T16:56:20.714+0000] {dag.py:3340} INFO - Setting next_dagrun for example_subdag_operator.section-2 to None, run_after=None
[2022-12-04T16:56:20.722+0000] {processor.py:176} INFO - Processing /home/airflow/.local/lib/python3.7/site-packages/airflow/example_dags/example_subdag_operator.py took 0.171 seconds
[2022-12-04T18:19:32.670+0000] {processor.py:154} INFO - Started process (PID=15687) to work on /home/airflow/.local/lib/python3.7/site-packages/airflow/example_dags/example_subdag_operator.py
[2022-12-04T18:19:32.674+0000] {processor.py:756} INFO - Processing file /home/airflow/.local/lib/python3.7/site-packages/airflow/example_dags/example_subdag_operator.py for tasks to queue
[2022-12-04T18:19:32.677+0000] {logging_mixin.py:137} INFO - [2022-12-04T18:19:32.677+0000] {dagbag.py:537} INFO - Filling up the DagBag from /home/airflow/.local/lib/python3.7/site-packages/airflow/example_dags/example_subdag_operator.py
[2022-12-04T18:19:32.803+0000] {processor.py:766} INFO - DAG(s) dict_keys(['example_subdag_operator.section-1', 'example_subdag_operator.section-2', 'example_subdag_operator']) retrieved from /home/airflow/.local/lib/python3.7/site-packages/airflow/example_dags/example_subdag_operator.py
[2022-12-04T18:19:33.099+0000] {logging_mixin.py:137} INFO - [2022-12-04T18:19:33.098+0000] {dag.py:2585} INFO - Sync 3 DAGs
[2022-12-04T18:19:33.137+0000] {logging_mixin.py:137} INFO - [2022-12-04T18:19:33.137+0000] {dag.py:3340} INFO - Setting next_dagrun for example_subdag_operator to 2022-01-01T00:00:00+00:00, run_after=2022-01-01T00:00:00+00:00
[2022-12-04T18:19:33.143+0000] {logging_mixin.py:137} INFO - [2022-12-04T18:19:33.143+0000] {dag.py:3340} INFO - Setting next_dagrun for example_subdag_operator.section-1 to None, run_after=None
[2022-12-04T18:19:33.146+0000] {logging_mixin.py:137} INFO - [2022-12-04T18:19:33.145+0000] {dag.py:3340} INFO - Setting next_dagrun for example_subdag_operator.section-2 to None, run_after=None
[2022-12-04T18:19:33.162+0000] {logging_mixin.py:137} INFO - [2022-12-04T18:19:33.162+0000] {dag.py:2585} INFO - Sync 2 DAGs
[2022-12-04T18:19:33.180+0000] {logging_mixin.py:137} INFO - [2022-12-04T18:19:33.180+0000] {dag.py:3340} INFO - Setting next_dagrun for example_subdag_operator.section-1 to None, run_after=None
[2022-12-04T18:19:33.182+0000] {logging_mixin.py:137} INFO - [2022-12-04T18:19:33.182+0000] {dag.py:3340} INFO - Setting next_dagrun for example_subdag_operator.section-2 to None, run_after=None
[2022-12-04T18:19:33.213+0000] {processor.py:176} INFO - Processing /home/airflow/.local/lib/python3.7/site-packages/airflow/example_dags/example_subdag_operator.py took 0.552 seconds
[2022-12-04T19:16:13.234+0000] {processor.py:154} INFO - Started process (PID=15752) to work on /home/airflow/.local/lib/python3.7/site-packages/airflow/example_dags/example_subdag_operator.py
[2022-12-04T19:16:13.236+0000] {processor.py:756} INFO - Processing file /home/airflow/.local/lib/python3.7/site-packages/airflow/example_dags/example_subdag_operator.py for tasks to queue
[2022-12-04T19:16:13.237+0000] {logging_mixin.py:137} INFO - [2022-12-04T19:16:13.237+0000] {dagbag.py:537} INFO - Filling up the DagBag from /home/airflow/.local/lib/python3.7/site-packages/airflow/example_dags/example_subdag_operator.py
[2022-12-04T19:16:13.264+0000] {processor.py:766} INFO - DAG(s) dict_keys(['example_subdag_operator.section-1', 'example_subdag_operator.section-2', 'example_subdag_operator']) retrieved from /home/airflow/.local/lib/python3.7/site-packages/airflow/example_dags/example_subdag_operator.py
[2022-12-04T19:16:13.365+0000] {logging_mixin.py:137} INFO - [2022-12-04T19:16:13.365+0000] {dag.py:2585} INFO - Sync 3 DAGs
[2022-12-04T19:16:13.386+0000] {logging_mixin.py:137} INFO - [2022-12-04T19:16:13.385+0000] {dag.py:3340} INFO - Setting next_dagrun for example_subdag_operator to 2022-01-01T00:00:00+00:00, run_after=2022-01-01T00:00:00+00:00
[2022-12-04T19:16:13.388+0000] {logging_mixin.py:137} INFO - [2022-12-04T19:16:13.388+0000] {dag.py:3340} INFO - Setting next_dagrun for example_subdag_operator.section-1 to None, run_after=None
[2022-12-04T19:16:13.390+0000] {logging_mixin.py:137} INFO - [2022-12-04T19:16:13.390+0000] {dag.py:3340} INFO - Setting next_dagrun for example_subdag_operator.section-2 to None, run_after=None
[2022-12-04T19:16:13.394+0000] {logging_mixin.py:137} INFO - [2022-12-04T19:16:13.394+0000] {dag.py:2585} INFO - Sync 2 DAGs
[2022-12-04T19:16:13.398+0000] {logging_mixin.py:137} INFO - [2022-12-04T19:16:13.398+0000] {dag.py:3340} INFO - Setting next_dagrun for example_subdag_operator.section-1 to None, run_after=None
[2022-12-04T19:16:13.400+0000] {logging_mixin.py:137} INFO - [2022-12-04T19:16:13.399+0000] {dag.py:3340} INFO - Setting next_dagrun for example_subdag_operator.section-2 to None, run_after=None
[2022-12-04T19:16:13.407+0000] {processor.py:176} INFO - Processing /home/airflow/.local/lib/python3.7/site-packages/airflow/example_dags/example_subdag_operator.py took 0.176 seconds
[2022-12-04T20:04:51.707+0000] {processor.py:154} INFO - Started process (PID=15820) to work on /home/airflow/.local/lib/python3.7/site-packages/airflow/example_dags/example_subdag_operator.py
[2022-12-04T20:04:51.709+0000] {processor.py:756} INFO - Processing file /home/airflow/.local/lib/python3.7/site-packages/airflow/example_dags/example_subdag_operator.py for tasks to queue
[2022-12-04T20:04:51.710+0000] {logging_mixin.py:137} INFO - [2022-12-04T20:04:51.710+0000] {dagbag.py:537} INFO - Filling up the DagBag from /home/airflow/.local/lib/python3.7/site-packages/airflow/example_dags/example_subdag_operator.py
[2022-12-04T20:04:51.735+0000] {processor.py:766} INFO - DAG(s) dict_keys(['example_subdag_operator.section-1', 'example_subdag_operator.section-2', 'example_subdag_operator']) retrieved from /home/airflow/.local/lib/python3.7/site-packages/airflow/example_dags/example_subdag_operator.py
[2022-12-04T20:04:51.843+0000] {logging_mixin.py:137} INFO - [2022-12-04T20:04:51.843+0000] {dag.py:2585} INFO - Sync 3 DAGs
[2022-12-04T20:04:51.858+0000] {logging_mixin.py:137} INFO - [2022-12-04T20:04:51.858+0000] {dag.py:3340} INFO - Setting next_dagrun for example_subdag_operator to 2022-01-01T00:00:00+00:00, run_after=2022-01-01T00:00:00+00:00
[2022-12-04T20:04:51.861+0000] {logging_mixin.py:137} INFO - [2022-12-04T20:04:51.861+0000] {dag.py:3340} INFO - Setting next_dagrun for example_subdag_operator.section-1 to None, run_after=None
[2022-12-04T20:04:51.863+0000] {logging_mixin.py:137} INFO - [2022-12-04T20:04:51.863+0000] {dag.py:3340} INFO - Setting next_dagrun for example_subdag_operator.section-2 to None, run_after=None
[2022-12-04T20:04:51.869+0000] {logging_mixin.py:137} INFO - [2022-12-04T20:04:51.869+0000] {dag.py:2585} INFO - Sync 2 DAGs
[2022-12-04T20:04:51.874+0000] {logging_mixin.py:137} INFO - [2022-12-04T20:04:51.874+0000] {dag.py:3340} INFO - Setting next_dagrun for example_subdag_operator.section-1 to None, run_after=None
[2022-12-04T20:04:51.876+0000] {logging_mixin.py:137} INFO - [2022-12-04T20:04:51.876+0000] {dag.py:3340} INFO - Setting next_dagrun for example_subdag_operator.section-2 to None, run_after=None
[2022-12-04T20:04:51.884+0000] {processor.py:176} INFO - Processing /home/airflow/.local/lib/python3.7/site-packages/airflow/example_dags/example_subdag_operator.py took 0.179 seconds
[2022-12-04T21:26:03.426+0000] {processor.py:154} INFO - Started process (PID=15892) to work on /home/airflow/.local/lib/python3.7/site-packages/airflow/example_dags/example_subdag_operator.py
[2022-12-04T21:26:03.428+0000] {processor.py:756} INFO - Processing file /home/airflow/.local/lib/python3.7/site-packages/airflow/example_dags/example_subdag_operator.py for tasks to queue
[2022-12-04T21:26:03.429+0000] {logging_mixin.py:137} INFO - [2022-12-04T21:26:03.429+0000] {dagbag.py:537} INFO - Filling up the DagBag from /home/airflow/.local/lib/python3.7/site-packages/airflow/example_dags/example_subdag_operator.py
[2022-12-04T21:26:03.451+0000] {processor.py:766} INFO - DAG(s) dict_keys(['example_subdag_operator.section-1', 'example_subdag_operator.section-2', 'example_subdag_operator']) retrieved from /home/airflow/.local/lib/python3.7/site-packages/airflow/example_dags/example_subdag_operator.py
[2022-12-04T21:26:03.547+0000] {logging_mixin.py:137} INFO - [2022-12-04T21:26:03.547+0000] {dag.py:2585} INFO - Sync 3 DAGs
[2022-12-04T21:26:03.562+0000] {logging_mixin.py:137} INFO - [2022-12-04T21:26:03.562+0000] {dag.py:3340} INFO - Setting next_dagrun for example_subdag_operator to 2022-01-01T00:00:00+00:00, run_after=2022-01-01T00:00:00+00:00
[2022-12-04T21:26:03.566+0000] {logging_mixin.py:137} INFO - [2022-12-04T21:26:03.566+0000] {dag.py:3340} INFO - Setting next_dagrun for example_subdag_operator.section-1 to None, run_after=None
[2022-12-04T21:26:03.568+0000] {logging_mixin.py:137} INFO - [2022-12-04T21:26:03.568+0000] {dag.py:3340} INFO - Setting next_dagrun for example_subdag_operator.section-2 to None, run_after=None
[2022-12-04T21:26:03.574+0000] {logging_mixin.py:137} INFO - [2022-12-04T21:26:03.574+0000] {dag.py:2585} INFO - Sync 2 DAGs
[2022-12-04T21:26:03.580+0000] {logging_mixin.py:137} INFO - [2022-12-04T21:26:03.580+0000] {dag.py:3340} INFO - Setting next_dagrun for example_subdag_operator.section-1 to None, run_after=None
[2022-12-04T21:26:03.581+0000] {logging_mixin.py:137} INFO - [2022-12-04T21:26:03.581+0000] {dag.py:3340} INFO - Setting next_dagrun for example_subdag_operator.section-2 to None, run_after=None
[2022-12-04T21:26:03.590+0000] {processor.py:176} INFO - Processing /home/airflow/.local/lib/python3.7/site-packages/airflow/example_dags/example_subdag_operator.py took 0.167 seconds
[2022-12-04T22:34:06.621+0000] {processor.py:154} INFO - Started process (PID=15956) to work on /home/airflow/.local/lib/python3.7/site-packages/airflow/example_dags/example_subdag_operator.py
[2022-12-04T22:34:06.623+0000] {processor.py:756} INFO - Processing file /home/airflow/.local/lib/python3.7/site-packages/airflow/example_dags/example_subdag_operator.py for tasks to queue
[2022-12-04T22:34:06.624+0000] {logging_mixin.py:137} INFO - [2022-12-04T22:34:06.624+0000] {dagbag.py:537} INFO - Filling up the DagBag from /home/airflow/.local/lib/python3.7/site-packages/airflow/example_dags/example_subdag_operator.py
[2022-12-04T22:34:06.659+0000] {processor.py:766} INFO - DAG(s) dict_keys(['example_subdag_operator.section-1', 'example_subdag_operator.section-2', 'example_subdag_operator']) retrieved from /home/airflow/.local/lib/python3.7/site-packages/airflow/example_dags/example_subdag_operator.py
[2022-12-04T22:34:06.802+0000] {logging_mixin.py:137} INFO - [2022-12-04T22:34:06.802+0000] {dag.py:2585} INFO - Sync 3 DAGs
[2022-12-04T22:34:06.818+0000] {logging_mixin.py:137} INFO - [2022-12-04T22:34:06.818+0000] {dag.py:3340} INFO - Setting next_dagrun for example_subdag_operator to 2022-01-01T00:00:00+00:00, run_after=2022-01-01T00:00:00+00:00
[2022-12-04T22:34:06.823+0000] {logging_mixin.py:137} INFO - [2022-12-04T22:34:06.823+0000] {dag.py:3340} INFO - Setting next_dagrun for example_subdag_operator.section-1 to None, run_after=None
[2022-12-04T22:34:06.829+0000] {logging_mixin.py:137} INFO - [2022-12-04T22:34:06.829+0000] {dag.py:3340} INFO - Setting next_dagrun for example_subdag_operator.section-2 to None, run_after=None
[2022-12-04T22:34:06.835+0000] {logging_mixin.py:137} INFO - [2022-12-04T22:34:06.835+0000] {dag.py:2585} INFO - Sync 2 DAGs
[2022-12-04T22:34:06.840+0000] {logging_mixin.py:137} INFO - [2022-12-04T22:34:06.840+0000] {dag.py:3340} INFO - Setting next_dagrun for example_subdag_operator.section-1 to None, run_after=None
[2022-12-04T22:34:06.841+0000] {logging_mixin.py:137} INFO - [2022-12-04T22:34:06.841+0000] {dag.py:3340} INFO - Setting next_dagrun for example_subdag_operator.section-2 to None, run_after=None
[2022-12-04T22:34:06.851+0000] {processor.py:176} INFO - Processing /home/airflow/.local/lib/python3.7/site-packages/airflow/example_dags/example_subdag_operator.py took 0.235 seconds
[2022-12-04T22:52:28.515+0000] {processor.py:154} INFO - Started process (PID=16012) to work on /home/airflow/.local/lib/python3.7/site-packages/airflow/example_dags/example_subdag_operator.py
[2022-12-04T22:52:28.517+0000] {processor.py:756} INFO - Processing file /home/airflow/.local/lib/python3.7/site-packages/airflow/example_dags/example_subdag_operator.py for tasks to queue
[2022-12-04T22:52:28.519+0000] {logging_mixin.py:137} INFO - [2022-12-04T22:52:28.518+0000] {dagbag.py:537} INFO - Filling up the DagBag from /home/airflow/.local/lib/python3.7/site-packages/airflow/example_dags/example_subdag_operator.py
[2022-12-04T22:52:28.540+0000] {processor.py:766} INFO - DAG(s) dict_keys(['example_subdag_operator.section-1', 'example_subdag_operator.section-2', 'example_subdag_operator']) retrieved from /home/airflow/.local/lib/python3.7/site-packages/airflow/example_dags/example_subdag_operator.py
[2022-12-04T22:52:28.644+0000] {logging_mixin.py:137} INFO - [2022-12-04T22:52:28.644+0000] {dag.py:2585} INFO - Sync 3 DAGs
[2022-12-04T22:52:28.660+0000] {logging_mixin.py:137} INFO - [2022-12-04T22:52:28.660+0000] {dag.py:3340} INFO - Setting next_dagrun for example_subdag_operator to 2022-01-01T00:00:00+00:00, run_after=2022-01-01T00:00:00+00:00
[2022-12-04T22:52:28.662+0000] {logging_mixin.py:137} INFO - [2022-12-04T22:52:28.662+0000] {dag.py:3340} INFO - Setting next_dagrun for example_subdag_operator.section-1 to None, run_after=None
[2022-12-04T22:52:28.664+0000] {logging_mixin.py:137} INFO - [2022-12-04T22:52:28.664+0000] {dag.py:3340} INFO - Setting next_dagrun for example_subdag_operator.section-2 to None, run_after=None
[2022-12-04T22:52:28.670+0000] {logging_mixin.py:137} INFO - [2022-12-04T22:52:28.670+0000] {dag.py:2585} INFO - Sync 2 DAGs
[2022-12-04T22:52:28.674+0000] {logging_mixin.py:137} INFO - [2022-12-04T22:52:28.674+0000] {dag.py:3340} INFO - Setting next_dagrun for example_subdag_operator.section-1 to None, run_after=None
[2022-12-04T22:52:28.675+0000] {logging_mixin.py:137} INFO - [2022-12-04T22:52:28.675+0000] {dag.py:3340} INFO - Setting next_dagrun for example_subdag_operator.section-2 to None, run_after=None
[2022-12-04T22:52:28.684+0000] {processor.py:176} INFO - Processing /home/airflow/.local/lib/python3.7/site-packages/airflow/example_dags/example_subdag_operator.py took 0.171 seconds
