[2022-12-04T00:57:34.980+0000] {processor.py:154} INFO - Started process (PID=14900) to work on /home/airflow/.local/lib/python3.7/site-packages/airflow/example_dags/example_bash_operator.py
[2022-12-04T00:57:34.982+0000] {processor.py:756} INFO - Processing file /home/airflow/.local/lib/python3.7/site-packages/airflow/example_dags/example_bash_operator.py for tasks to queue
[2022-12-04T00:57:34.983+0000] {logging_mixin.py:137} INFO - [2022-12-04T00:57:34.983+0000] {dagbag.py:537} INFO - Filling up the DagBag from /home/airflow/.local/lib/python3.7/site-packages/airflow/example_dags/example_bash_operator.py
[2022-12-04T00:57:34.999+0000] {processor.py:766} INFO - DAG(s) dict_keys(['example_bash_operator']) retrieved from /home/airflow/.local/lib/python3.7/site-packages/airflow/example_dags/example_bash_operator.py
[2022-12-04T00:57:35.033+0000] {logging_mixin.py:137} INFO - [2022-12-04T00:57:35.033+0000] {dag.py:2585} INFO - Sync 1 DAGs
[2022-12-04T00:57:35.050+0000] {logging_mixin.py:137} INFO - [2022-12-04T00:57:35.050+0000] {dag.py:3340} INFO - Setting next_dagrun for example_bash_operator to 2022-12-03T00:00:00+00:00, run_after=2022-12-04T00:00:00+00:00
[2022-12-04T00:57:35.065+0000] {processor.py:176} INFO - Processing /home/airflow/.local/lib/python3.7/site-packages/airflow/example_dags/example_bash_operator.py took 0.089 seconds
[2022-12-04T02:32:55.749+0000] {processor.py:154} INFO - Started process (PID=14968) to work on /home/airflow/.local/lib/python3.7/site-packages/airflow/example_dags/example_bash_operator.py
[2022-12-04T02:32:55.750+0000] {processor.py:756} INFO - Processing file /home/airflow/.local/lib/python3.7/site-packages/airflow/example_dags/example_bash_operator.py for tasks to queue
[2022-12-04T02:32:55.752+0000] {logging_mixin.py:137} INFO - [2022-12-04T02:32:55.752+0000] {dagbag.py:537} INFO - Filling up the DagBag from /home/airflow/.local/lib/python3.7/site-packages/airflow/example_dags/example_bash_operator.py
[2022-12-04T02:32:55.765+0000] {processor.py:766} INFO - DAG(s) dict_keys(['example_bash_operator']) retrieved from /home/airflow/.local/lib/python3.7/site-packages/airflow/example_dags/example_bash_operator.py
[2022-12-04T02:32:55.797+0000] {logging_mixin.py:137} INFO - [2022-12-04T02:32:55.797+0000] {dag.py:2585} INFO - Sync 1 DAGs
[2022-12-04T02:32:55.814+0000] {logging_mixin.py:137} INFO - [2022-12-04T02:32:55.813+0000] {dag.py:3340} INFO - Setting next_dagrun for example_bash_operator to 2022-12-03T00:00:00+00:00, run_after=2022-12-04T00:00:00+00:00
[2022-12-04T02:32:55.826+0000] {processor.py:176} INFO - Processing /home/airflow/.local/lib/python3.7/site-packages/airflow/example_dags/example_bash_operator.py took 0.081 seconds
[2022-12-04T03:55:42.695+0000] {processor.py:154} INFO - Started process (PID=15036) to work on /home/airflow/.local/lib/python3.7/site-packages/airflow/example_dags/example_bash_operator.py
[2022-12-04T03:55:42.697+0000] {processor.py:756} INFO - Processing file /home/airflow/.local/lib/python3.7/site-packages/airflow/example_dags/example_bash_operator.py for tasks to queue
[2022-12-04T03:55:42.699+0000] {logging_mixin.py:137} INFO - [2022-12-04T03:55:42.699+0000] {dagbag.py:537} INFO - Filling up the DagBag from /home/airflow/.local/lib/python3.7/site-packages/airflow/example_dags/example_bash_operator.py
[2022-12-04T03:55:42.716+0000] {processor.py:766} INFO - DAG(s) dict_keys(['example_bash_operator']) retrieved from /home/airflow/.local/lib/python3.7/site-packages/airflow/example_dags/example_bash_operator.py
[2022-12-04T03:55:42.752+0000] {logging_mixin.py:137} INFO - [2022-12-04T03:55:42.752+0000] {dag.py:2585} INFO - Sync 1 DAGs
[2022-12-04T03:55:42.778+0000] {logging_mixin.py:137} INFO - [2022-12-04T03:55:42.777+0000] {dag.py:3340} INFO - Setting next_dagrun for example_bash_operator to 2022-12-03T00:00:00+00:00, run_after=2022-12-04T00:00:00+00:00
[2022-12-04T03:55:42.796+0000] {processor.py:176} INFO - Processing /home/airflow/.local/lib/python3.7/site-packages/airflow/example_dags/example_bash_operator.py took 0.103 seconds
[2022-12-04T05:30:18.285+0000] {processor.py:154} INFO - Started process (PID=15104) to work on /home/airflow/.local/lib/python3.7/site-packages/airflow/example_dags/example_bash_operator.py
[2022-12-04T05:30:18.287+0000] {processor.py:756} INFO - Processing file /home/airflow/.local/lib/python3.7/site-packages/airflow/example_dags/example_bash_operator.py for tasks to queue
[2022-12-04T05:30:18.288+0000] {logging_mixin.py:137} INFO - [2022-12-04T05:30:18.288+0000] {dagbag.py:537} INFO - Filling up the DagBag from /home/airflow/.local/lib/python3.7/site-packages/airflow/example_dags/example_bash_operator.py
[2022-12-04T05:30:18.301+0000] {processor.py:766} INFO - DAG(s) dict_keys(['example_bash_operator']) retrieved from /home/airflow/.local/lib/python3.7/site-packages/airflow/example_dags/example_bash_operator.py
[2022-12-04T05:30:18.331+0000] {logging_mixin.py:137} INFO - [2022-12-04T05:30:18.331+0000] {dag.py:2585} INFO - Sync 1 DAGs
[2022-12-04T05:30:18.348+0000] {logging_mixin.py:137} INFO - [2022-12-04T05:30:18.348+0000] {dag.py:3340} INFO - Setting next_dagrun for example_bash_operator to 2022-12-03T00:00:00+00:00, run_after=2022-12-04T00:00:00+00:00
[2022-12-04T05:30:18.361+0000] {processor.py:176} INFO - Processing /home/airflow/.local/lib/python3.7/site-packages/airflow/example_dags/example_bash_operator.py took 0.079 seconds
[2022-12-04T06:53:38.355+0000] {processor.py:154} INFO - Started process (PID=15160) to work on /home/airflow/.local/lib/python3.7/site-packages/airflow/example_dags/example_bash_operator.py
[2022-12-04T06:53:38.357+0000] {processor.py:756} INFO - Processing file /home/airflow/.local/lib/python3.7/site-packages/airflow/example_dags/example_bash_operator.py for tasks to queue
[2022-12-04T06:53:38.358+0000] {logging_mixin.py:137} INFO - [2022-12-04T06:53:38.358+0000] {dagbag.py:537} INFO - Filling up the DagBag from /home/airflow/.local/lib/python3.7/site-packages/airflow/example_dags/example_bash_operator.py
[2022-12-04T06:53:38.373+0000] {processor.py:766} INFO - DAG(s) dict_keys(['example_bash_operator']) retrieved from /home/airflow/.local/lib/python3.7/site-packages/airflow/example_dags/example_bash_operator.py
[2022-12-04T06:53:38.402+0000] {logging_mixin.py:137} INFO - [2022-12-04T06:53:38.402+0000] {dag.py:2585} INFO - Sync 1 DAGs
[2022-12-04T06:53:38.418+0000] {logging_mixin.py:137} INFO - [2022-12-04T06:53:38.418+0000] {dag.py:3340} INFO - Setting next_dagrun for example_bash_operator to 2022-12-03T00:00:00+00:00, run_after=2022-12-04T00:00:00+00:00
[2022-12-04T06:53:38.430+0000] {processor.py:176} INFO - Processing /home/airflow/.local/lib/python3.7/site-packages/airflow/example_dags/example_bash_operator.py took 0.077 seconds
[2022-12-04T08:30:45.131+0000] {processor.py:154} INFO - Started process (PID=15227) to work on /home/airflow/.local/lib/python3.7/site-packages/airflow/example_dags/example_bash_operator.py
[2022-12-04T08:30:45.132+0000] {processor.py:756} INFO - Processing file /home/airflow/.local/lib/python3.7/site-packages/airflow/example_dags/example_bash_operator.py for tasks to queue
[2022-12-04T08:30:45.134+0000] {logging_mixin.py:137} INFO - [2022-12-04T08:30:45.134+0000] {dagbag.py:537} INFO - Filling up the DagBag from /home/airflow/.local/lib/python3.7/site-packages/airflow/example_dags/example_bash_operator.py
[2022-12-04T08:30:45.148+0000] {processor.py:766} INFO - DAG(s) dict_keys(['example_bash_operator']) retrieved from /home/airflow/.local/lib/python3.7/site-packages/airflow/example_dags/example_bash_operator.py
[2022-12-04T08:30:45.178+0000] {logging_mixin.py:137} INFO - [2022-12-04T08:30:45.178+0000] {dag.py:2585} INFO - Sync 1 DAGs
[2022-12-04T08:30:45.194+0000] {logging_mixin.py:137} INFO - [2022-12-04T08:30:45.194+0000] {dag.py:3340} INFO - Setting next_dagrun for example_bash_operator to 2022-12-03T00:00:00+00:00, run_after=2022-12-04T00:00:00+00:00
[2022-12-04T08:30:45.208+0000] {processor.py:176} INFO - Processing /home/airflow/.local/lib/python3.7/site-packages/airflow/example_dags/example_bash_operator.py took 0.079 seconds
[2022-12-04T10:09:30.659+0000] {processor.py:154} INFO - Started process (PID=15294) to work on /home/airflow/.local/lib/python3.7/site-packages/airflow/example_dags/example_bash_operator.py
[2022-12-04T10:09:30.662+0000] {processor.py:756} INFO - Processing file /home/airflow/.local/lib/python3.7/site-packages/airflow/example_dags/example_bash_operator.py for tasks to queue
[2022-12-04T10:09:30.663+0000] {logging_mixin.py:137} INFO - [2022-12-04T10:09:30.663+0000] {dagbag.py:537} INFO - Filling up the DagBag from /home/airflow/.local/lib/python3.7/site-packages/airflow/example_dags/example_bash_operator.py
[2022-12-04T10:09:30.677+0000] {processor.py:766} INFO - DAG(s) dict_keys(['example_bash_operator']) retrieved from /home/airflow/.local/lib/python3.7/site-packages/airflow/example_dags/example_bash_operator.py
[2022-12-04T10:09:30.707+0000] {logging_mixin.py:137} INFO - [2022-12-04T10:09:30.707+0000] {dag.py:2585} INFO - Sync 1 DAGs
[2022-12-04T10:09:30.724+0000] {logging_mixin.py:137} INFO - [2022-12-04T10:09:30.724+0000] {dag.py:3340} INFO - Setting next_dagrun for example_bash_operator to 2022-12-03T00:00:00+00:00, run_after=2022-12-04T00:00:00+00:00
[2022-12-04T10:09:30.737+0000] {processor.py:176} INFO - Processing /home/airflow/.local/lib/python3.7/site-packages/airflow/example_dags/example_bash_operator.py took 0.080 seconds
[2022-12-04T11:31:36.684+0000] {processor.py:154} INFO - Started process (PID=15358) to work on /home/airflow/.local/lib/python3.7/site-packages/airflow/example_dags/example_bash_operator.py
[2022-12-04T11:31:36.686+0000] {processor.py:756} INFO - Processing file /home/airflow/.local/lib/python3.7/site-packages/airflow/example_dags/example_bash_operator.py for tasks to queue
[2022-12-04T11:31:36.687+0000] {logging_mixin.py:137} INFO - [2022-12-04T11:31:36.687+0000] {dagbag.py:537} INFO - Filling up the DagBag from /home/airflow/.local/lib/python3.7/site-packages/airflow/example_dags/example_bash_operator.py
[2022-12-04T11:31:36.703+0000] {processor.py:766} INFO - DAG(s) dict_keys(['example_bash_operator']) retrieved from /home/airflow/.local/lib/python3.7/site-packages/airflow/example_dags/example_bash_operator.py
[2022-12-04T11:31:36.742+0000] {logging_mixin.py:137} INFO - [2022-12-04T11:31:36.741+0000] {dag.py:2585} INFO - Sync 1 DAGs
[2022-12-04T11:31:36.778+0000] {logging_mixin.py:137} INFO - [2022-12-04T11:31:36.778+0000] {dag.py:3340} INFO - Setting next_dagrun for example_bash_operator to 2022-12-03T00:00:00+00:00, run_after=2022-12-04T00:00:00+00:00
[2022-12-04T11:31:36.798+0000] {processor.py:176} INFO - Processing /home/airflow/.local/lib/python3.7/site-packages/airflow/example_dags/example_bash_operator.py took 0.117 seconds
[2022-12-04T12:30:17.005+0000] {processor.py:154} INFO - Started process (PID=15432) to work on /home/airflow/.local/lib/python3.7/site-packages/airflow/example_dags/example_bash_operator.py
[2022-12-04T12:30:17.006+0000] {processor.py:756} INFO - Processing file /home/airflow/.local/lib/python3.7/site-packages/airflow/example_dags/example_bash_operator.py for tasks to queue
[2022-12-04T12:30:17.008+0000] {logging_mixin.py:137} INFO - [2022-12-04T12:30:17.008+0000] {dagbag.py:537} INFO - Filling up the DagBag from /home/airflow/.local/lib/python3.7/site-packages/airflow/example_dags/example_bash_operator.py
[2022-12-04T12:30:17.024+0000] {processor.py:766} INFO - DAG(s) dict_keys(['example_bash_operator']) retrieved from /home/airflow/.local/lib/python3.7/site-packages/airflow/example_dags/example_bash_operator.py
[2022-12-04T12:30:17.057+0000] {logging_mixin.py:137} INFO - [2022-12-04T12:30:17.057+0000] {dag.py:2585} INFO - Sync 1 DAGs
[2022-12-04T12:30:17.075+0000] {logging_mixin.py:137} INFO - [2022-12-04T12:30:17.074+0000] {dag.py:3340} INFO - Setting next_dagrun for example_bash_operator to 2022-12-03T00:00:00+00:00, run_after=2022-12-04T00:00:00+00:00
[2022-12-04T12:30:17.087+0000] {processor.py:176} INFO - Processing /home/airflow/.local/lib/python3.7/site-packages/airflow/example_dags/example_bash_operator.py took 0.085 seconds
[2022-12-04T14:08:57.457+0000] {processor.py:154} INFO - Started process (PID=15488) to work on /home/airflow/.local/lib/python3.7/site-packages/airflow/example_dags/example_bash_operator.py
[2022-12-04T14:08:57.460+0000] {processor.py:756} INFO - Processing file /home/airflow/.local/lib/python3.7/site-packages/airflow/example_dags/example_bash_operator.py for tasks to queue
[2022-12-04T14:08:57.462+0000] {logging_mixin.py:137} INFO - [2022-12-04T14:08:57.461+0000] {dagbag.py:537} INFO - Filling up the DagBag from /home/airflow/.local/lib/python3.7/site-packages/airflow/example_dags/example_bash_operator.py
[2022-12-04T14:08:57.479+0000] {processor.py:766} INFO - DAG(s) dict_keys(['example_bash_operator']) retrieved from /home/airflow/.local/lib/python3.7/site-packages/airflow/example_dags/example_bash_operator.py
[2022-12-04T14:08:57.512+0000] {logging_mixin.py:137} INFO - [2022-12-04T14:08:57.512+0000] {dag.py:2585} INFO - Sync 1 DAGs
[2022-12-04T14:08:57.529+0000] {logging_mixin.py:137} INFO - [2022-12-04T14:08:57.529+0000] {dag.py:3340} INFO - Setting next_dagrun for example_bash_operator to 2022-12-03T00:00:00+00:00, run_after=2022-12-04T00:00:00+00:00
[2022-12-04T14:08:57.542+0000] {processor.py:176} INFO - Processing /home/airflow/.local/lib/python3.7/site-packages/airflow/example_dags/example_bash_operator.py took 0.088 seconds
[2022-12-04T15:33:48.262+0000] {processor.py:154} INFO - Started process (PID=15558) to work on /home/airflow/.local/lib/python3.7/site-packages/airflow/example_dags/example_bash_operator.py
[2022-12-04T15:33:48.263+0000] {processor.py:756} INFO - Processing file /home/airflow/.local/lib/python3.7/site-packages/airflow/example_dags/example_bash_operator.py for tasks to queue
[2022-12-04T15:33:48.265+0000] {logging_mixin.py:137} INFO - [2022-12-04T15:33:48.265+0000] {dagbag.py:537} INFO - Filling up the DagBag from /home/airflow/.local/lib/python3.7/site-packages/airflow/example_dags/example_bash_operator.py
[2022-12-04T15:33:48.280+0000] {processor.py:766} INFO - DAG(s) dict_keys(['example_bash_operator']) retrieved from /home/airflow/.local/lib/python3.7/site-packages/airflow/example_dags/example_bash_operator.py
[2022-12-04T15:33:48.313+0000] {logging_mixin.py:137} INFO - [2022-12-04T15:33:48.313+0000] {dag.py:2585} INFO - Sync 1 DAGs
[2022-12-04T15:33:48.330+0000] {logging_mixin.py:137} INFO - [2022-12-04T15:33:48.330+0000] {dag.py:3340} INFO - Setting next_dagrun for example_bash_operator to 2022-12-03T00:00:00+00:00, run_after=2022-12-04T00:00:00+00:00
[2022-12-04T15:33:48.343+0000] {processor.py:176} INFO - Processing /home/airflow/.local/lib/python3.7/site-packages/airflow/example_dags/example_bash_operator.py took 0.083 seconds
[2022-12-04T16:56:20.886+0000] {processor.py:154} INFO - Started process (PID=15626) to work on /home/airflow/.local/lib/python3.7/site-packages/airflow/example_dags/example_bash_operator.py
[2022-12-04T16:56:20.888+0000] {processor.py:756} INFO - Processing file /home/airflow/.local/lib/python3.7/site-packages/airflow/example_dags/example_bash_operator.py for tasks to queue
[2022-12-04T16:56:20.889+0000] {logging_mixin.py:137} INFO - [2022-12-04T16:56:20.889+0000] {dagbag.py:537} INFO - Filling up the DagBag from /home/airflow/.local/lib/python3.7/site-packages/airflow/example_dags/example_bash_operator.py
[2022-12-04T16:56:20.903+0000] {processor.py:766} INFO - DAG(s) dict_keys(['example_bash_operator']) retrieved from /home/airflow/.local/lib/python3.7/site-packages/airflow/example_dags/example_bash_operator.py
[2022-12-04T16:56:20.934+0000] {logging_mixin.py:137} INFO - [2022-12-04T16:56:20.934+0000] {dag.py:2585} INFO - Sync 1 DAGs
[2022-12-04T16:56:20.950+0000] {logging_mixin.py:137} INFO - [2022-12-04T16:56:20.949+0000] {dag.py:3340} INFO - Setting next_dagrun for example_bash_operator to 2022-12-03T00:00:00+00:00, run_after=2022-12-04T00:00:00+00:00
[2022-12-04T16:56:20.961+0000] {processor.py:176} INFO - Processing /home/airflow/.local/lib/python3.7/site-packages/airflow/example_dags/example_bash_operator.py took 0.077 seconds
[2022-12-04T18:19:34.092+0000] {processor.py:154} INFO - Started process (PID=15696) to work on /home/airflow/.local/lib/python3.7/site-packages/airflow/example_dags/example_bash_operator.py
[2022-12-04T18:19:34.098+0000] {processor.py:756} INFO - Processing file /home/airflow/.local/lib/python3.7/site-packages/airflow/example_dags/example_bash_operator.py for tasks to queue
[2022-12-04T18:19:34.101+0000] {logging_mixin.py:137} INFO - [2022-12-04T18:19:34.101+0000] {dagbag.py:537} INFO - Filling up the DagBag from /home/airflow/.local/lib/python3.7/site-packages/airflow/example_dags/example_bash_operator.py
[2022-12-04T18:19:34.147+0000] {processor.py:766} INFO - DAG(s) dict_keys(['example_bash_operator']) retrieved from /home/airflow/.local/lib/python3.7/site-packages/airflow/example_dags/example_bash_operator.py
[2022-12-04T18:19:34.205+0000] {logging_mixin.py:137} INFO - [2022-12-04T18:19:34.205+0000] {dag.py:2585} INFO - Sync 1 DAGs
[2022-12-04T18:19:34.252+0000] {logging_mixin.py:137} INFO - [2022-12-04T18:19:34.252+0000] {dag.py:3340} INFO - Setting next_dagrun for example_bash_operator to 2022-12-03T00:00:00+00:00, run_after=2022-12-04T00:00:00+00:00
[2022-12-04T18:19:34.270+0000] {processor.py:176} INFO - Processing /home/airflow/.local/lib/python3.7/site-packages/airflow/example_dags/example_bash_operator.py took 0.183 seconds
[2022-12-04T19:16:13.572+0000] {processor.py:154} INFO - Started process (PID=15758) to work on /home/airflow/.local/lib/python3.7/site-packages/airflow/example_dags/example_bash_operator.py
[2022-12-04T19:16:13.574+0000] {processor.py:756} INFO - Processing file /home/airflow/.local/lib/python3.7/site-packages/airflow/example_dags/example_bash_operator.py for tasks to queue
[2022-12-04T19:16:13.576+0000] {logging_mixin.py:137} INFO - [2022-12-04T19:16:13.576+0000] {dagbag.py:537} INFO - Filling up the DagBag from /home/airflow/.local/lib/python3.7/site-packages/airflow/example_dags/example_bash_operator.py
[2022-12-04T19:16:13.591+0000] {processor.py:766} INFO - DAG(s) dict_keys(['example_bash_operator']) retrieved from /home/airflow/.local/lib/python3.7/site-packages/airflow/example_dags/example_bash_operator.py
[2022-12-04T19:16:13.620+0000] {logging_mixin.py:137} INFO - [2022-12-04T19:16:13.620+0000] {dag.py:2585} INFO - Sync 1 DAGs
[2022-12-04T19:16:13.637+0000] {logging_mixin.py:137} INFO - [2022-12-04T19:16:13.637+0000] {dag.py:3340} INFO - Setting next_dagrun for example_bash_operator to 2022-12-03T00:00:00+00:00, run_after=2022-12-04T00:00:00+00:00
[2022-12-04T19:16:13.650+0000] {processor.py:176} INFO - Processing /home/airflow/.local/lib/python3.7/site-packages/airflow/example_dags/example_bash_operator.py took 0.079 seconds
[2022-12-04T20:04:52.033+0000] {processor.py:154} INFO - Started process (PID=15826) to work on /home/airflow/.local/lib/python3.7/site-packages/airflow/example_dags/example_bash_operator.py
[2022-12-04T20:04:52.034+0000] {processor.py:756} INFO - Processing file /home/airflow/.local/lib/python3.7/site-packages/airflow/example_dags/example_bash_operator.py for tasks to queue
[2022-12-04T20:04:52.035+0000] {logging_mixin.py:137} INFO - [2022-12-04T20:04:52.035+0000] {dagbag.py:537} INFO - Filling up the DagBag from /home/airflow/.local/lib/python3.7/site-packages/airflow/example_dags/example_bash_operator.py
[2022-12-04T20:04:52.049+0000] {processor.py:766} INFO - DAG(s) dict_keys(['example_bash_operator']) retrieved from /home/airflow/.local/lib/python3.7/site-packages/airflow/example_dags/example_bash_operator.py
[2022-12-04T20:04:52.080+0000] {logging_mixin.py:137} INFO - [2022-12-04T20:04:52.080+0000] {dag.py:2585} INFO - Sync 1 DAGs
[2022-12-04T20:04:52.098+0000] {logging_mixin.py:137} INFO - [2022-12-04T20:04:52.098+0000] {dag.py:3340} INFO - Setting next_dagrun for example_bash_operator to 2022-12-03T00:00:00+00:00, run_after=2022-12-04T00:00:00+00:00
[2022-12-04T20:04:52.113+0000] {processor.py:176} INFO - Processing /home/airflow/.local/lib/python3.7/site-packages/airflow/example_dags/example_bash_operator.py took 0.082 seconds
[2022-12-04T21:26:03.769+0000] {processor.py:154} INFO - Started process (PID=15898) to work on /home/airflow/.local/lib/python3.7/site-packages/airflow/example_dags/example_bash_operator.py
[2022-12-04T21:26:03.771+0000] {processor.py:756} INFO - Processing file /home/airflow/.local/lib/python3.7/site-packages/airflow/example_dags/example_bash_operator.py for tasks to queue
[2022-12-04T21:26:03.771+0000] {logging_mixin.py:137} INFO - [2022-12-04T21:26:03.771+0000] {dagbag.py:537} INFO - Filling up the DagBag from /home/airflow/.local/lib/python3.7/site-packages/airflow/example_dags/example_bash_operator.py
[2022-12-04T21:26:03.786+0000] {processor.py:766} INFO - DAG(s) dict_keys(['example_bash_operator']) retrieved from /home/airflow/.local/lib/python3.7/site-packages/airflow/example_dags/example_bash_operator.py
[2022-12-04T21:26:03.816+0000] {logging_mixin.py:137} INFO - [2022-12-04T21:26:03.816+0000] {dag.py:2585} INFO - Sync 1 DAGs
[2022-12-04T21:26:03.834+0000] {logging_mixin.py:137} INFO - [2022-12-04T21:26:03.834+0000] {dag.py:3340} INFO - Setting next_dagrun for example_bash_operator to 2022-12-03T00:00:00+00:00, run_after=2022-12-04T00:00:00+00:00
[2022-12-04T21:26:03.847+0000] {processor.py:176} INFO - Processing /home/airflow/.local/lib/python3.7/site-packages/airflow/example_dags/example_bash_operator.py took 0.081 seconds
[2022-12-04T22:34:07.020+0000] {processor.py:154} INFO - Started process (PID=15962) to work on /home/airflow/.local/lib/python3.7/site-packages/airflow/example_dags/example_bash_operator.py
[2022-12-04T22:34:07.022+0000] {processor.py:756} INFO - Processing file /home/airflow/.local/lib/python3.7/site-packages/airflow/example_dags/example_bash_operator.py for tasks to queue
[2022-12-04T22:34:07.023+0000] {logging_mixin.py:137} INFO - [2022-12-04T22:34:07.023+0000] {dagbag.py:537} INFO - Filling up the DagBag from /home/airflow/.local/lib/python3.7/site-packages/airflow/example_dags/example_bash_operator.py
[2022-12-04T22:34:07.038+0000] {processor.py:766} INFO - DAG(s) dict_keys(['example_bash_operator']) retrieved from /home/airflow/.local/lib/python3.7/site-packages/airflow/example_dags/example_bash_operator.py
[2022-12-04T22:34:07.068+0000] {logging_mixin.py:137} INFO - [2022-12-04T22:34:07.067+0000] {dag.py:2585} INFO - Sync 1 DAGs
[2022-12-04T22:34:07.086+0000] {logging_mixin.py:137} INFO - [2022-12-04T22:34:07.086+0000] {dag.py:3340} INFO - Setting next_dagrun for example_bash_operator to 2022-12-03T00:00:00+00:00, run_after=2022-12-04T00:00:00+00:00
[2022-12-04T22:34:07.098+0000] {processor.py:176} INFO - Processing /home/airflow/.local/lib/python3.7/site-packages/airflow/example_dags/example_bash_operator.py took 0.080 seconds
[2022-12-04T22:52:28.905+0000] {processor.py:154} INFO - Started process (PID=16018) to work on /home/airflow/.local/lib/python3.7/site-packages/airflow/example_dags/example_bash_operator.py
[2022-12-04T22:52:28.907+0000] {processor.py:756} INFO - Processing file /home/airflow/.local/lib/python3.7/site-packages/airflow/example_dags/example_bash_operator.py for tasks to queue
[2022-12-04T22:52:28.908+0000] {logging_mixin.py:137} INFO - [2022-12-04T22:52:28.908+0000] {dagbag.py:537} INFO - Filling up the DagBag from /home/airflow/.local/lib/python3.7/site-packages/airflow/example_dags/example_bash_operator.py
[2022-12-04T22:52:28.924+0000] {processor.py:766} INFO - DAG(s) dict_keys(['example_bash_operator']) retrieved from /home/airflow/.local/lib/python3.7/site-packages/airflow/example_dags/example_bash_operator.py
[2022-12-04T22:52:28.953+0000] {logging_mixin.py:137} INFO - [2022-12-04T22:52:28.953+0000] {dag.py:2585} INFO - Sync 1 DAGs
[2022-12-04T22:52:28.970+0000] {logging_mixin.py:137} INFO - [2022-12-04T22:52:28.970+0000] {dag.py:3340} INFO - Setting next_dagrun for example_bash_operator to 2022-12-03T00:00:00+00:00, run_after=2022-12-04T00:00:00+00:00
[2022-12-04T22:52:28.982+0000] {processor.py:176} INFO - Processing /home/airflow/.local/lib/python3.7/site-packages/airflow/example_dags/example_bash_operator.py took 0.080 seconds
