[2022-12-04T00:57:33.131+0000] {processor.py:154} INFO - Started process (PID=14878) to work on /home/airflow/.local/lib/python3.7/site-packages/airflow/example_dags/tutorial.py
[2022-12-04T00:57:33.133+0000] {processor.py:756} INFO - Processing file /home/airflow/.local/lib/python3.7/site-packages/airflow/example_dags/tutorial.py for tasks to queue
[2022-12-04T00:57:33.134+0000] {logging_mixin.py:137} INFO - [2022-12-04T00:57:33.134+0000] {dagbag.py:537} INFO - Filling up the DagBag from /home/airflow/.local/lib/python3.7/site-packages/airflow/example_dags/tutorial.py
[2022-12-04T00:57:33.149+0000] {processor.py:766} INFO - DAG(s) dict_keys(['tutorial']) retrieved from /home/airflow/.local/lib/python3.7/site-packages/airflow/example_dags/tutorial.py
[2022-12-04T00:57:33.180+0000] {logging_mixin.py:137} INFO - [2022-12-04T00:57:33.179+0000] {dag.py:2585} INFO - Sync 1 DAGs
[2022-12-04T00:57:33.198+0000] {logging_mixin.py:137} INFO - [2022-12-04T00:57:33.198+0000] {dag.py:3340} INFO - Setting next_dagrun for tutorial to 2022-12-03T00:57:33.198577+00:00, run_after=2022-12-04T00:57:33.198577+00:00
[2022-12-04T00:57:33.217+0000] {processor.py:176} INFO - Processing /home/airflow/.local/lib/python3.7/site-packages/airflow/example_dags/tutorial.py took 0.089 seconds
[2022-12-04T02:32:53.878+0000] {processor.py:154} INFO - Started process (PID=14946) to work on /home/airflow/.local/lib/python3.7/site-packages/airflow/example_dags/tutorial.py
[2022-12-04T02:32:53.880+0000] {processor.py:756} INFO - Processing file /home/airflow/.local/lib/python3.7/site-packages/airflow/example_dags/tutorial.py for tasks to queue
[2022-12-04T02:32:53.881+0000] {logging_mixin.py:137} INFO - [2022-12-04T02:32:53.881+0000] {dagbag.py:537} INFO - Filling up the DagBag from /home/airflow/.local/lib/python3.7/site-packages/airflow/example_dags/tutorial.py
[2022-12-04T02:32:53.891+0000] {processor.py:766} INFO - DAG(s) dict_keys(['tutorial']) retrieved from /home/airflow/.local/lib/python3.7/site-packages/airflow/example_dags/tutorial.py
[2022-12-04T02:32:53.917+0000] {logging_mixin.py:137} INFO - [2022-12-04T02:32:53.917+0000] {dag.py:2585} INFO - Sync 1 DAGs
[2022-12-04T02:32:53.932+0000] {logging_mixin.py:137} INFO - [2022-12-04T02:32:53.932+0000] {dag.py:3340} INFO - Setting next_dagrun for tutorial to 2022-12-03T02:32:53.932708+00:00, run_after=2022-12-04T02:32:53.932708+00:00
[2022-12-04T02:32:53.943+0000] {processor.py:176} INFO - Processing /home/airflow/.local/lib/python3.7/site-packages/airflow/example_dags/tutorial.py took 0.067 seconds
[2022-12-04T03:55:40.948+0000] {processor.py:154} INFO - Started process (PID=15014) to work on /home/airflow/.local/lib/python3.7/site-packages/airflow/example_dags/tutorial.py
[2022-12-04T03:55:40.950+0000] {processor.py:756} INFO - Processing file /home/airflow/.local/lib/python3.7/site-packages/airflow/example_dags/tutorial.py for tasks to queue
[2022-12-04T03:55:40.952+0000] {logging_mixin.py:137} INFO - [2022-12-04T03:55:40.952+0000] {dagbag.py:537} INFO - Filling up the DagBag from /home/airflow/.local/lib/python3.7/site-packages/airflow/example_dags/tutorial.py
[2022-12-04T03:55:40.976+0000] {processor.py:766} INFO - DAG(s) dict_keys(['tutorial']) retrieved from /home/airflow/.local/lib/python3.7/site-packages/airflow/example_dags/tutorial.py
[2022-12-04T03:55:41.022+0000] {logging_mixin.py:137} INFO - [2022-12-04T03:55:41.021+0000] {dag.py:2585} INFO - Sync 1 DAGs
[2022-12-04T03:55:41.048+0000] {logging_mixin.py:137} INFO - [2022-12-04T03:55:41.048+0000] {dag.py:3340} INFO - Setting next_dagrun for tutorial to 2022-12-03T03:55:41.047809+00:00, run_after=2022-12-04T03:55:41.047809+00:00
[2022-12-04T03:55:41.069+0000] {processor.py:176} INFO - Processing /home/airflow/.local/lib/python3.7/site-packages/airflow/example_dags/tutorial.py took 0.125 seconds
[2022-12-04T05:30:17.001+0000] {processor.py:154} INFO - Started process (PID=15082) to work on /home/airflow/.local/lib/python3.7/site-packages/airflow/example_dags/tutorial.py
[2022-12-04T05:30:17.003+0000] {processor.py:756} INFO - Processing file /home/airflow/.local/lib/python3.7/site-packages/airflow/example_dags/tutorial.py for tasks to queue
[2022-12-04T05:30:17.005+0000] {logging_mixin.py:137} INFO - [2022-12-04T05:30:17.005+0000] {dagbag.py:537} INFO - Filling up the DagBag from /home/airflow/.local/lib/python3.7/site-packages/airflow/example_dags/tutorial.py
[2022-12-04T05:30:17.016+0000] {processor.py:766} INFO - DAG(s) dict_keys(['tutorial']) retrieved from /home/airflow/.local/lib/python3.7/site-packages/airflow/example_dags/tutorial.py
[2022-12-04T05:30:17.045+0000] {logging_mixin.py:137} INFO - [2022-12-04T05:30:17.045+0000] {dag.py:2585} INFO - Sync 1 DAGs
[2022-12-04T05:30:17.066+0000] {logging_mixin.py:137} INFO - [2022-12-04T05:30:17.066+0000] {dag.py:3340} INFO - Setting next_dagrun for tutorial to 2022-12-03T05:30:17.066014+00:00, run_after=2022-12-04T05:30:17.066014+00:00
[2022-12-04T05:30:17.084+0000] {processor.py:176} INFO - Processing /home/airflow/.local/lib/python3.7/site-packages/airflow/example_dags/tutorial.py took 0.086 seconds
[2022-12-04T06:53:36.733+0000] {processor.py:154} INFO - Started process (PID=15138) to work on /home/airflow/.local/lib/python3.7/site-packages/airflow/example_dags/tutorial.py
[2022-12-04T06:53:36.736+0000] {processor.py:756} INFO - Processing file /home/airflow/.local/lib/python3.7/site-packages/airflow/example_dags/tutorial.py for tasks to queue
[2022-12-04T06:53:36.737+0000] {logging_mixin.py:137} INFO - [2022-12-04T06:53:36.737+0000] {dagbag.py:537} INFO - Filling up the DagBag from /home/airflow/.local/lib/python3.7/site-packages/airflow/example_dags/tutorial.py
[2022-12-04T06:53:36.752+0000] {processor.py:766} INFO - DAG(s) dict_keys(['tutorial']) retrieved from /home/airflow/.local/lib/python3.7/site-packages/airflow/example_dags/tutorial.py
[2022-12-04T06:53:36.795+0000] {logging_mixin.py:137} INFO - [2022-12-04T06:53:36.795+0000] {dag.py:2585} INFO - Sync 1 DAGs
[2022-12-04T06:53:36.830+0000] {logging_mixin.py:137} INFO - [2022-12-04T06:53:36.830+0000] {dag.py:3340} INFO - Setting next_dagrun for tutorial to 2022-12-03T06:53:36.829911+00:00, run_after=2022-12-04T06:53:36.829911+00:00
[2022-12-04T06:53:36.867+0000] {processor.py:176} INFO - Processing /home/airflow/.local/lib/python3.7/site-packages/airflow/example_dags/tutorial.py took 0.138 seconds
[2022-12-04T08:30:43.503+0000] {processor.py:154} INFO - Started process (PID=15205) to work on /home/airflow/.local/lib/python3.7/site-packages/airflow/example_dags/tutorial.py
[2022-12-04T08:30:43.505+0000] {processor.py:756} INFO - Processing file /home/airflow/.local/lib/python3.7/site-packages/airflow/example_dags/tutorial.py for tasks to queue
[2022-12-04T08:30:43.507+0000] {logging_mixin.py:137} INFO - [2022-12-04T08:30:43.507+0000] {dagbag.py:537} INFO - Filling up the DagBag from /home/airflow/.local/lib/python3.7/site-packages/airflow/example_dags/tutorial.py
[2022-12-04T08:30:43.531+0000] {processor.py:766} INFO - DAG(s) dict_keys(['tutorial']) retrieved from /home/airflow/.local/lib/python3.7/site-packages/airflow/example_dags/tutorial.py
[2022-12-04T08:30:43.600+0000] {logging_mixin.py:137} INFO - [2022-12-04T08:30:43.600+0000] {dag.py:2585} INFO - Sync 1 DAGs
[2022-12-04T08:30:43.637+0000] {logging_mixin.py:137} INFO - [2022-12-04T08:30:43.637+0000] {dag.py:3340} INFO - Setting next_dagrun for tutorial to 2022-12-03T08:30:43.636551+00:00, run_after=2022-12-04T08:30:43.636551+00:00
[2022-12-04T08:30:43.674+0000] {processor.py:176} INFO - Processing /home/airflow/.local/lib/python3.7/site-packages/airflow/example_dags/tutorial.py took 0.174 seconds
[2022-12-04T10:09:29.425+0000] {processor.py:154} INFO - Started process (PID=15272) to work on /home/airflow/.local/lib/python3.7/site-packages/airflow/example_dags/tutorial.py
[2022-12-04T10:09:29.427+0000] {processor.py:756} INFO - Processing file /home/airflow/.local/lib/python3.7/site-packages/airflow/example_dags/tutorial.py for tasks to queue
[2022-12-04T10:09:29.429+0000] {logging_mixin.py:137} INFO - [2022-12-04T10:09:29.429+0000] {dagbag.py:537} INFO - Filling up the DagBag from /home/airflow/.local/lib/python3.7/site-packages/airflow/example_dags/tutorial.py
[2022-12-04T10:09:29.441+0000] {processor.py:766} INFO - DAG(s) dict_keys(['tutorial']) retrieved from /home/airflow/.local/lib/python3.7/site-packages/airflow/example_dags/tutorial.py
[2022-12-04T10:09:29.475+0000] {logging_mixin.py:137} INFO - [2022-12-04T10:09:29.475+0000] {dag.py:2585} INFO - Sync 1 DAGs
[2022-12-04T10:09:29.491+0000] {logging_mixin.py:137} INFO - [2022-12-04T10:09:29.491+0000] {dag.py:3340} INFO - Setting next_dagrun for tutorial to 2022-12-03T10:09:29.491364+00:00, run_after=2022-12-04T10:09:29.491364+00:00
[2022-12-04T10:09:29.504+0000] {processor.py:176} INFO - Processing /home/airflow/.local/lib/python3.7/site-packages/airflow/example_dags/tutorial.py took 0.082 seconds
[2022-12-04T11:31:34.557+0000] {processor.py:154} INFO - Started process (PID=15336) to work on /home/airflow/.local/lib/python3.7/site-packages/airflow/example_dags/tutorial.py
[2022-12-04T11:31:34.559+0000] {processor.py:756} INFO - Processing file /home/airflow/.local/lib/python3.7/site-packages/airflow/example_dags/tutorial.py for tasks to queue
[2022-12-04T11:31:34.562+0000] {logging_mixin.py:137} INFO - [2022-12-04T11:31:34.562+0000] {dagbag.py:537} INFO - Filling up the DagBag from /home/airflow/.local/lib/python3.7/site-packages/airflow/example_dags/tutorial.py
[2022-12-04T11:31:34.601+0000] {processor.py:766} INFO - DAG(s) dict_keys(['tutorial']) retrieved from /home/airflow/.local/lib/python3.7/site-packages/airflow/example_dags/tutorial.py
[2022-12-04T11:31:34.713+0000] {logging_mixin.py:137} INFO - [2022-12-04T11:31:34.712+0000] {dag.py:2585} INFO - Sync 1 DAGs
[2022-12-04T11:31:34.746+0000] {logging_mixin.py:137} INFO - [2022-12-04T11:31:34.746+0000] {dag.py:3340} INFO - Setting next_dagrun for tutorial to 2022-12-03T11:31:34.746223+00:00, run_after=2022-12-04T11:31:34.746223+00:00
[2022-12-04T11:31:34.784+0000] {processor.py:176} INFO - Processing /home/airflow/.local/lib/python3.7/site-packages/airflow/example_dags/tutorial.py took 0.231 seconds
[2022-12-04T12:30:14.378+0000] {processor.py:154} INFO - Started process (PID=15395) to work on /home/airflow/.local/lib/python3.7/site-packages/airflow/example_dags/tutorial.py
[2022-12-04T12:30:14.381+0000] {processor.py:756} INFO - Processing file /home/airflow/.local/lib/python3.7/site-packages/airflow/example_dags/tutorial.py for tasks to queue
[2022-12-04T12:30:14.383+0000] {logging_mixin.py:137} INFO - [2022-12-04T12:30:14.383+0000] {dagbag.py:537} INFO - Filling up the DagBag from /home/airflow/.local/lib/python3.7/site-packages/airflow/example_dags/tutorial.py
[2022-12-04T12:30:14.412+0000] {processor.py:766} INFO - DAG(s) dict_keys(['tutorial']) retrieved from /home/airflow/.local/lib/python3.7/site-packages/airflow/example_dags/tutorial.py
[2022-12-04T12:30:14.479+0000] {logging_mixin.py:137} INFO - [2022-12-04T12:30:14.479+0000] {dag.py:2585} INFO - Sync 1 DAGs
[2022-12-04T12:30:14.515+0000] {logging_mixin.py:137} INFO - [2022-12-04T12:30:14.514+0000] {dag.py:3340} INFO - Setting next_dagrun for tutorial to 2022-12-03T12:30:14.514756+00:00, run_after=2022-12-04T12:30:14.514756+00:00
[2022-12-04T12:30:14.547+0000] {processor.py:176} INFO - Processing /home/airflow/.local/lib/python3.7/site-packages/airflow/example_dags/tutorial.py took 0.173 seconds
[2022-12-04T14:08:56.203+0000] {processor.py:154} INFO - Started process (PID=15466) to work on /home/airflow/.local/lib/python3.7/site-packages/airflow/example_dags/tutorial.py
[2022-12-04T14:08:56.206+0000] {processor.py:756} INFO - Processing file /home/airflow/.local/lib/python3.7/site-packages/airflow/example_dags/tutorial.py for tasks to queue
[2022-12-04T14:08:56.208+0000] {logging_mixin.py:137} INFO - [2022-12-04T14:08:56.208+0000] {dagbag.py:537} INFO - Filling up the DagBag from /home/airflow/.local/lib/python3.7/site-packages/airflow/example_dags/tutorial.py
[2022-12-04T14:08:56.223+0000] {processor.py:766} INFO - DAG(s) dict_keys(['tutorial']) retrieved from /home/airflow/.local/lib/python3.7/site-packages/airflow/example_dags/tutorial.py
[2022-12-04T14:08:56.263+0000] {logging_mixin.py:137} INFO - [2022-12-04T14:08:56.263+0000] {dag.py:2585} INFO - Sync 1 DAGs
[2022-12-04T14:08:56.282+0000] {logging_mixin.py:137} INFO - [2022-12-04T14:08:56.282+0000] {dag.py:3340} INFO - Setting next_dagrun for tutorial to 2022-12-03T14:08:56.282308+00:00, run_after=2022-12-04T14:08:56.282308+00:00
[2022-12-04T14:08:56.295+0000] {processor.py:176} INFO - Processing /home/airflow/.local/lib/python3.7/site-packages/airflow/example_dags/tutorial.py took 0.097 seconds
[2022-12-04T15:33:46.542+0000] {processor.py:154} INFO - Started process (PID=15536) to work on /home/airflow/.local/lib/python3.7/site-packages/airflow/example_dags/tutorial.py
[2022-12-04T15:33:46.552+0000] {processor.py:756} INFO - Processing file /home/airflow/.local/lib/python3.7/site-packages/airflow/example_dags/tutorial.py for tasks to queue
[2022-12-04T15:33:46.555+0000] {logging_mixin.py:137} INFO - [2022-12-04T15:33:46.555+0000] {dagbag.py:537} INFO - Filling up the DagBag from /home/airflow/.local/lib/python3.7/site-packages/airflow/example_dags/tutorial.py
[2022-12-04T15:33:46.585+0000] {processor.py:766} INFO - DAG(s) dict_keys(['tutorial']) retrieved from /home/airflow/.local/lib/python3.7/site-packages/airflow/example_dags/tutorial.py
[2022-12-04T15:33:46.656+0000] {logging_mixin.py:137} INFO - [2022-12-04T15:33:46.656+0000] {dag.py:2585} INFO - Sync 1 DAGs
[2022-12-04T15:33:46.698+0000] {logging_mixin.py:137} INFO - [2022-12-04T15:33:46.698+0000] {dag.py:3340} INFO - Setting next_dagrun for tutorial to 2022-12-03T15:33:46.698219+00:00, run_after=2022-12-04T15:33:46.698219+00:00
[2022-12-04T15:33:46.726+0000] {processor.py:176} INFO - Processing /home/airflow/.local/lib/python3.7/site-packages/airflow/example_dags/tutorial.py took 0.198 seconds
[2022-12-04T16:56:18.999+0000] {processor.py:154} INFO - Started process (PID=15604) to work on /home/airflow/.local/lib/python3.7/site-packages/airflow/example_dags/tutorial.py
[2022-12-04T16:56:19.002+0000] {processor.py:756} INFO - Processing file /home/airflow/.local/lib/python3.7/site-packages/airflow/example_dags/tutorial.py for tasks to queue
[2022-12-04T16:56:19.003+0000] {logging_mixin.py:137} INFO - [2022-12-04T16:56:19.003+0000] {dagbag.py:537} INFO - Filling up the DagBag from /home/airflow/.local/lib/python3.7/site-packages/airflow/example_dags/tutorial.py
[2022-12-04T16:56:19.057+0000] {processor.py:766} INFO - DAG(s) dict_keys(['tutorial']) retrieved from /home/airflow/.local/lib/python3.7/site-packages/airflow/example_dags/tutorial.py
[2022-12-04T16:56:19.438+0000] {logging_mixin.py:137} INFO - [2022-12-04T16:56:19.438+0000] {dag.py:2585} INFO - Sync 1 DAGs
[2022-12-04T16:56:19.486+0000] {logging_mixin.py:137} INFO - [2022-12-04T16:56:19.486+0000] {dag.py:3340} INFO - Setting next_dagrun for tutorial to 2022-12-03T16:56:19.485993+00:00, run_after=2022-12-04T16:56:19.485993+00:00
[2022-12-04T16:56:19.536+0000] {processor.py:176} INFO - Processing /home/airflow/.local/lib/python3.7/site-packages/airflow/example_dags/tutorial.py took 0.540 seconds
[2022-12-04T18:19:31.317+0000] {processor.py:154} INFO - Started process (PID=15662) to work on /home/airflow/.local/lib/python3.7/site-packages/airflow/example_dags/tutorial.py
[2022-12-04T18:19:31.319+0000] {processor.py:756} INFO - Processing file /home/airflow/.local/lib/python3.7/site-packages/airflow/example_dags/tutorial.py for tasks to queue
[2022-12-04T18:19:31.320+0000] {logging_mixin.py:137} INFO - [2022-12-04T18:19:31.319+0000] {dagbag.py:537} INFO - Filling up the DagBag from /home/airflow/.local/lib/python3.7/site-packages/airflow/example_dags/tutorial.py
[2022-12-04T18:19:31.329+0000] {processor.py:766} INFO - DAG(s) dict_keys(['tutorial']) retrieved from /home/airflow/.local/lib/python3.7/site-packages/airflow/example_dags/tutorial.py
[2022-12-04T18:19:31.356+0000] {logging_mixin.py:137} INFO - [2022-12-04T18:19:31.356+0000] {dag.py:2585} INFO - Sync 1 DAGs
[2022-12-04T18:19:31.372+0000] {logging_mixin.py:137} INFO - [2022-12-04T18:19:31.372+0000] {dag.py:3340} INFO - Setting next_dagrun for tutorial to 2022-12-03T18:19:31.372349+00:00, run_after=2022-12-04T18:19:31.372349+00:00
[2022-12-04T18:19:31.386+0000] {processor.py:176} INFO - Processing /home/airflow/.local/lib/python3.7/site-packages/airflow/example_dags/tutorial.py took 0.071 seconds
[2022-12-04T19:16:11.694+0000] {processor.py:154} INFO - Started process (PID=15736) to work on /home/airflow/.local/lib/python3.7/site-packages/airflow/example_dags/tutorial.py
[2022-12-04T19:16:11.695+0000] {processor.py:756} INFO - Processing file /home/airflow/.local/lib/python3.7/site-packages/airflow/example_dags/tutorial.py for tasks to queue
[2022-12-04T19:16:11.696+0000] {logging_mixin.py:137} INFO - [2022-12-04T19:16:11.696+0000] {dagbag.py:537} INFO - Filling up the DagBag from /home/airflow/.local/lib/python3.7/site-packages/airflow/example_dags/tutorial.py
[2022-12-04T19:16:11.705+0000] {processor.py:766} INFO - DAG(s) dict_keys(['tutorial']) retrieved from /home/airflow/.local/lib/python3.7/site-packages/airflow/example_dags/tutorial.py
[2022-12-04T19:16:11.730+0000] {logging_mixin.py:137} INFO - [2022-12-04T19:16:11.730+0000] {dag.py:2585} INFO - Sync 1 DAGs
[2022-12-04T19:16:11.744+0000] {logging_mixin.py:137} INFO - [2022-12-04T19:16:11.744+0000] {dag.py:3340} INFO - Setting next_dagrun for tutorial to 2022-12-03T19:16:11.744774+00:00, run_after=2022-12-04T19:16:11.744774+00:00
[2022-12-04T19:16:11.757+0000] {processor.py:176} INFO - Processing /home/airflow/.local/lib/python3.7/site-packages/airflow/example_dags/tutorial.py took 0.066 seconds
[2022-12-04T20:04:50.742+0000] {processor.py:154} INFO - Started process (PID=15804) to work on /home/airflow/.local/lib/python3.7/site-packages/airflow/example_dags/tutorial.py
[2022-12-04T20:04:50.745+0000] {processor.py:756} INFO - Processing file /home/airflow/.local/lib/python3.7/site-packages/airflow/example_dags/tutorial.py for tasks to queue
[2022-12-04T20:04:50.748+0000] {logging_mixin.py:137} INFO - [2022-12-04T20:04:50.748+0000] {dagbag.py:537} INFO - Filling up the DagBag from /home/airflow/.local/lib/python3.7/site-packages/airflow/example_dags/tutorial.py
[2022-12-04T20:04:50.759+0000] {processor.py:766} INFO - DAG(s) dict_keys(['tutorial']) retrieved from /home/airflow/.local/lib/python3.7/site-packages/airflow/example_dags/tutorial.py
[2022-12-04T20:04:50.786+0000] {logging_mixin.py:137} INFO - [2022-12-04T20:04:50.786+0000] {dag.py:2585} INFO - Sync 1 DAGs
[2022-12-04T20:04:50.807+0000] {logging_mixin.py:137} INFO - [2022-12-04T20:04:50.807+0000] {dag.py:3340} INFO - Setting next_dagrun for tutorial to 2022-12-03T20:04:50.807196+00:00, run_after=2022-12-04T20:04:50.807196+00:00
[2022-12-04T20:04:50.824+0000] {processor.py:176} INFO - Processing /home/airflow/.local/lib/python3.7/site-packages/airflow/example_dags/tutorial.py took 0.085 seconds
[2022-12-04T21:26:02.108+0000] {processor.py:154} INFO - Started process (PID=15876) to work on /home/airflow/.local/lib/python3.7/site-packages/airflow/example_dags/tutorial.py
[2022-12-04T21:26:02.114+0000] {processor.py:756} INFO - Processing file /home/airflow/.local/lib/python3.7/site-packages/airflow/example_dags/tutorial.py for tasks to queue
[2022-12-04T21:26:02.115+0000] {logging_mixin.py:137} INFO - [2022-12-04T21:26:02.115+0000] {dagbag.py:537} INFO - Filling up the DagBag from /home/airflow/.local/lib/python3.7/site-packages/airflow/example_dags/tutorial.py
[2022-12-04T21:26:02.156+0000] {processor.py:766} INFO - DAG(s) dict_keys(['tutorial']) retrieved from /home/airflow/.local/lib/python3.7/site-packages/airflow/example_dags/tutorial.py
[2022-12-04T21:26:02.265+0000] {logging_mixin.py:137} INFO - [2022-12-04T21:26:02.264+0000] {dag.py:2585} INFO - Sync 1 DAGs
[2022-12-04T21:26:02.296+0000] {logging_mixin.py:137} INFO - [2022-12-04T21:26:02.295+0000] {dag.py:3340} INFO - Setting next_dagrun for tutorial to 2022-12-03T21:26:02.295717+00:00, run_after=2022-12-04T21:26:02.295717+00:00
[2022-12-04T21:26:02.331+0000] {processor.py:176} INFO - Processing /home/airflow/.local/lib/python3.7/site-packages/airflow/example_dags/tutorial.py took 0.226 seconds
[2022-12-04T22:34:04.814+0000] {processor.py:154} INFO - Started process (PID=15932) to work on /home/airflow/.local/lib/python3.7/site-packages/airflow/example_dags/tutorial.py
[2022-12-04T22:34:04.816+0000] {processor.py:756} INFO - Processing file /home/airflow/.local/lib/python3.7/site-packages/airflow/example_dags/tutorial.py for tasks to queue
[2022-12-04T22:34:04.817+0000] {logging_mixin.py:137} INFO - [2022-12-04T22:34:04.817+0000] {dagbag.py:537} INFO - Filling up the DagBag from /home/airflow/.local/lib/python3.7/site-packages/airflow/example_dags/tutorial.py
[2022-12-04T22:34:04.827+0000] {processor.py:766} INFO - DAG(s) dict_keys(['tutorial']) retrieved from /home/airflow/.local/lib/python3.7/site-packages/airflow/example_dags/tutorial.py
[2022-12-04T22:34:04.853+0000] {logging_mixin.py:137} INFO - [2022-12-04T22:34:04.853+0000] {dag.py:2585} INFO - Sync 1 DAGs
[2022-12-04T22:34:04.868+0000] {logging_mixin.py:137} INFO - [2022-12-04T22:34:04.867+0000] {dag.py:3340} INFO - Setting next_dagrun for tutorial to 2022-12-03T22:34:04.867800+00:00, run_after=2022-12-04T22:34:04.867800+00:00
[2022-12-04T22:34:04.880+0000] {processor.py:176} INFO - Processing /home/airflow/.local/lib/python3.7/site-packages/airflow/example_dags/tutorial.py took 0.068 seconds
[2022-12-04T22:52:26.983+0000] {processor.py:154} INFO - Started process (PID=15996) to work on /home/airflow/.local/lib/python3.7/site-packages/airflow/example_dags/tutorial.py
[2022-12-04T22:52:26.984+0000] {processor.py:756} INFO - Processing file /home/airflow/.local/lib/python3.7/site-packages/airflow/example_dags/tutorial.py for tasks to queue
[2022-12-04T22:52:26.986+0000] {logging_mixin.py:137} INFO - [2022-12-04T22:52:26.985+0000] {dagbag.py:537} INFO - Filling up the DagBag from /home/airflow/.local/lib/python3.7/site-packages/airflow/example_dags/tutorial.py
[2022-12-04T22:52:26.996+0000] {processor.py:766} INFO - DAG(s) dict_keys(['tutorial']) retrieved from /home/airflow/.local/lib/python3.7/site-packages/airflow/example_dags/tutorial.py
[2022-12-04T22:52:27.021+0000] {logging_mixin.py:137} INFO - [2022-12-04T22:52:27.021+0000] {dag.py:2585} INFO - Sync 1 DAGs
[2022-12-04T22:52:27.038+0000] {logging_mixin.py:137} INFO - [2022-12-04T22:52:27.037+0000] {dag.py:3340} INFO - Setting next_dagrun for tutorial to 2022-12-03T22:52:27.037764+00:00, run_after=2022-12-04T22:52:27.037764+00:00
[2022-12-04T22:52:27.050+0000] {processor.py:176} INFO - Processing /home/airflow/.local/lib/python3.7/site-packages/airflow/example_dags/tutorial.py took 0.070 seconds
