[2022-12-04T00:57:32.967+0000] {processor.py:154} INFO - Started process (PID=14877) to work on /home/airflow/.local/lib/python3.7/site-packages/airflow/example_dags/tutorial_taskflow_api_virtualenv.py
[2022-12-04T00:57:32.973+0000] {processor.py:756} INFO - Processing file /home/airflow/.local/lib/python3.7/site-packages/airflow/example_dags/tutorial_taskflow_api_virtualenv.py for tasks to queue
[2022-12-04T00:57:32.975+0000] {logging_mixin.py:137} INFO - [2022-12-04T00:57:32.975+0000] {dagbag.py:537} INFO - Filling up the DagBag from /home/airflow/.local/lib/python3.7/site-packages/airflow/example_dags/tutorial_taskflow_api_virtualenv.py
[2022-12-04T00:57:33.011+0000] {processor.py:766} INFO - DAG(s) dict_keys(['tutorial_taskflow_api_virtualenv']) retrieved from /home/airflow/.local/lib/python3.7/site-packages/airflow/example_dags/tutorial_taskflow_api_virtualenv.py
[2022-12-04T00:57:33.068+0000] {logging_mixin.py:137} INFO - [2022-12-04T00:57:33.068+0000] {dag.py:2585} INFO - Sync 1 DAGs
[2022-12-04T00:57:33.089+0000] {logging_mixin.py:137} INFO - [2022-12-04T00:57:33.089+0000] {dag.py:3340} INFO - Setting next_dagrun for tutorial_taskflow_api_virtualenv to None, run_after=None
[2022-12-04T00:57:33.102+0000] {processor.py:176} INFO - Processing /home/airflow/.local/lib/python3.7/site-packages/airflow/example_dags/tutorial_taskflow_api_virtualenv.py took 0.141 seconds
[2022-12-04T02:32:53.877+0000] {processor.py:154} INFO - Started process (PID=14945) to work on /home/airflow/.local/lib/python3.7/site-packages/airflow/example_dags/tutorial_taskflow_api_virtualenv.py
[2022-12-04T02:32:53.880+0000] {processor.py:756} INFO - Processing file /home/airflow/.local/lib/python3.7/site-packages/airflow/example_dags/tutorial_taskflow_api_virtualenv.py for tasks to queue
[2022-12-04T02:32:53.881+0000] {logging_mixin.py:137} INFO - [2022-12-04T02:32:53.881+0000] {dagbag.py:537} INFO - Filling up the DagBag from /home/airflow/.local/lib/python3.7/site-packages/airflow/example_dags/tutorial_taskflow_api_virtualenv.py
[2022-12-04T02:32:53.893+0000] {processor.py:766} INFO - DAG(s) dict_keys(['tutorial_taskflow_api_virtualenv']) retrieved from /home/airflow/.local/lib/python3.7/site-packages/airflow/example_dags/tutorial_taskflow_api_virtualenv.py
[2022-12-04T02:32:53.919+0000] {logging_mixin.py:137} INFO - [2022-12-04T02:32:53.919+0000] {dag.py:2585} INFO - Sync 1 DAGs
[2022-12-04T02:32:53.932+0000] {logging_mixin.py:137} INFO - [2022-12-04T02:32:53.932+0000] {dag.py:3340} INFO - Setting next_dagrun for tutorial_taskflow_api_virtualenv to None, run_after=None
[2022-12-04T02:32:53.943+0000] {processor.py:176} INFO - Processing /home/airflow/.local/lib/python3.7/site-packages/airflow/example_dags/tutorial_taskflow_api_virtualenv.py took 0.069 seconds
[2022-12-04T03:55:40.803+0000] {processor.py:154} INFO - Started process (PID=15013) to work on /home/airflow/.local/lib/python3.7/site-packages/airflow/example_dags/tutorial_taskflow_api_virtualenv.py
[2022-12-04T03:55:40.809+0000] {processor.py:756} INFO - Processing file /home/airflow/.local/lib/python3.7/site-packages/airflow/example_dags/tutorial_taskflow_api_virtualenv.py for tasks to queue
[2022-12-04T03:55:40.811+0000] {logging_mixin.py:137} INFO - [2022-12-04T03:55:40.811+0000] {dagbag.py:537} INFO - Filling up the DagBag from /home/airflow/.local/lib/python3.7/site-packages/airflow/example_dags/tutorial_taskflow_api_virtualenv.py
[2022-12-04T03:55:40.832+0000] {processor.py:766} INFO - DAG(s) dict_keys(['tutorial_taskflow_api_virtualenv']) retrieved from /home/airflow/.local/lib/python3.7/site-packages/airflow/example_dags/tutorial_taskflow_api_virtualenv.py
[2022-12-04T03:55:40.878+0000] {logging_mixin.py:137} INFO - [2022-12-04T03:55:40.878+0000] {dag.py:2585} INFO - Sync 1 DAGs
[2022-12-04T03:55:40.903+0000] {logging_mixin.py:137} INFO - [2022-12-04T03:55:40.902+0000] {dag.py:3340} INFO - Setting next_dagrun for tutorial_taskflow_api_virtualenv to None, run_after=None
[2022-12-04T03:55:40.919+0000] {processor.py:176} INFO - Processing /home/airflow/.local/lib/python3.7/site-packages/airflow/example_dags/tutorial_taskflow_api_virtualenv.py took 0.118 seconds
[2022-12-04T05:30:16.900+0000] {processor.py:154} INFO - Started process (PID=15081) to work on /home/airflow/.local/lib/python3.7/site-packages/airflow/example_dags/tutorial_taskflow_api_virtualenv.py
[2022-12-04T05:30:16.902+0000] {processor.py:756} INFO - Processing file /home/airflow/.local/lib/python3.7/site-packages/airflow/example_dags/tutorial_taskflow_api_virtualenv.py for tasks to queue
[2022-12-04T05:30:16.904+0000] {logging_mixin.py:137} INFO - [2022-12-04T05:30:16.903+0000] {dagbag.py:537} INFO - Filling up the DagBag from /home/airflow/.local/lib/python3.7/site-packages/airflow/example_dags/tutorial_taskflow_api_virtualenv.py
[2022-12-04T05:30:16.917+0000] {processor.py:766} INFO - DAG(s) dict_keys(['tutorial_taskflow_api_virtualenv']) retrieved from /home/airflow/.local/lib/python3.7/site-packages/airflow/example_dags/tutorial_taskflow_api_virtualenv.py
[2022-12-04T05:30:16.947+0000] {logging_mixin.py:137} INFO - [2022-12-04T05:30:16.947+0000] {dag.py:2585} INFO - Sync 1 DAGs
[2022-12-04T05:30:16.965+0000] {logging_mixin.py:137} INFO - [2022-12-04T05:30:16.965+0000] {dag.py:3340} INFO - Setting next_dagrun for tutorial_taskflow_api_virtualenv to None, run_after=None
[2022-12-04T05:30:16.977+0000] {processor.py:176} INFO - Processing /home/airflow/.local/lib/python3.7/site-packages/airflow/example_dags/tutorial_taskflow_api_virtualenv.py took 0.080 seconds
[2022-12-04T06:53:36.721+0000] {processor.py:154} INFO - Started process (PID=15137) to work on /home/airflow/.local/lib/python3.7/site-packages/airflow/example_dags/tutorial_taskflow_api_virtualenv.py
[2022-12-04T06:53:36.724+0000] {processor.py:756} INFO - Processing file /home/airflow/.local/lib/python3.7/site-packages/airflow/example_dags/tutorial_taskflow_api_virtualenv.py for tasks to queue
[2022-12-04T06:53:36.728+0000] {logging_mixin.py:137} INFO - [2022-12-04T06:53:36.727+0000] {dagbag.py:537} INFO - Filling up the DagBag from /home/airflow/.local/lib/python3.7/site-packages/airflow/example_dags/tutorial_taskflow_api_virtualenv.py
[2022-12-04T06:53:36.751+0000] {processor.py:766} INFO - DAG(s) dict_keys(['tutorial_taskflow_api_virtualenv']) retrieved from /home/airflow/.local/lib/python3.7/site-packages/airflow/example_dags/tutorial_taskflow_api_virtualenv.py
[2022-12-04T06:53:36.804+0000] {logging_mixin.py:137} INFO - [2022-12-04T06:53:36.804+0000] {dag.py:2585} INFO - Sync 1 DAGs
[2022-12-04T06:53:36.834+0000] {logging_mixin.py:137} INFO - [2022-12-04T06:53:36.834+0000] {dag.py:3340} INFO - Setting next_dagrun for tutorial_taskflow_api_virtualenv to None, run_after=None
[2022-12-04T06:53:36.864+0000] {processor.py:176} INFO - Processing /home/airflow/.local/lib/python3.7/site-packages/airflow/example_dags/tutorial_taskflow_api_virtualenv.py took 0.146 seconds
[2022-12-04T08:30:43.454+0000] {processor.py:154} INFO - Started process (PID=15204) to work on /home/airflow/.local/lib/python3.7/site-packages/airflow/example_dags/tutorial_taskflow_api_virtualenv.py
[2022-12-04T08:30:43.458+0000] {processor.py:756} INFO - Processing file /home/airflow/.local/lib/python3.7/site-packages/airflow/example_dags/tutorial_taskflow_api_virtualenv.py for tasks to queue
[2022-12-04T08:30:43.460+0000] {logging_mixin.py:137} INFO - [2022-12-04T08:30:43.460+0000] {dagbag.py:537} INFO - Filling up the DagBag from /home/airflow/.local/lib/python3.7/site-packages/airflow/example_dags/tutorial_taskflow_api_virtualenv.py
[2022-12-04T08:30:43.492+0000] {processor.py:766} INFO - DAG(s) dict_keys(['tutorial_taskflow_api_virtualenv']) retrieved from /home/airflow/.local/lib/python3.7/site-packages/airflow/example_dags/tutorial_taskflow_api_virtualenv.py
[2022-12-04T08:30:43.549+0000] {logging_mixin.py:137} INFO - [2022-12-04T08:30:43.549+0000] {dag.py:2585} INFO - Sync 1 DAGs
[2022-12-04T08:30:43.575+0000] {logging_mixin.py:137} INFO - [2022-12-04T08:30:43.575+0000] {dag.py:3340} INFO - Setting next_dagrun for tutorial_taskflow_api_virtualenv to None, run_after=None
[2022-12-04T08:30:43.601+0000] {processor.py:176} INFO - Processing /home/airflow/.local/lib/python3.7/site-packages/airflow/example_dags/tutorial_taskflow_api_virtualenv.py took 0.150 seconds
[2022-12-04T10:09:29.307+0000] {processor.py:154} INFO - Started process (PID=15271) to work on /home/airflow/.local/lib/python3.7/site-packages/airflow/example_dags/tutorial_taskflow_api_virtualenv.py
[2022-12-04T10:09:29.311+0000] {processor.py:756} INFO - Processing file /home/airflow/.local/lib/python3.7/site-packages/airflow/example_dags/tutorial_taskflow_api_virtualenv.py for tasks to queue
[2022-12-04T10:09:29.313+0000] {logging_mixin.py:137} INFO - [2022-12-04T10:09:29.313+0000] {dagbag.py:537} INFO - Filling up the DagBag from /home/airflow/.local/lib/python3.7/site-packages/airflow/example_dags/tutorial_taskflow_api_virtualenv.py
[2022-12-04T10:09:29.334+0000] {processor.py:766} INFO - DAG(s) dict_keys(['tutorial_taskflow_api_virtualenv']) retrieved from /home/airflow/.local/lib/python3.7/site-packages/airflow/example_dags/tutorial_taskflow_api_virtualenv.py
[2022-12-04T10:09:29.374+0000] {logging_mixin.py:137} INFO - [2022-12-04T10:09:29.374+0000] {dag.py:2585} INFO - Sync 1 DAGs
[2022-12-04T10:09:29.388+0000] {logging_mixin.py:137} INFO - [2022-12-04T10:09:29.388+0000] {dag.py:3340} INFO - Setting next_dagrun for tutorial_taskflow_api_virtualenv to None, run_after=None
[2022-12-04T10:09:29.398+0000] {processor.py:176} INFO - Processing /home/airflow/.local/lib/python3.7/site-packages/airflow/example_dags/tutorial_taskflow_api_virtualenv.py took 0.094 seconds
[2022-12-04T11:31:34.316+0000] {processor.py:154} INFO - Started process (PID=15335) to work on /home/airflow/.local/lib/python3.7/site-packages/airflow/example_dags/tutorial_taskflow_api_virtualenv.py
[2022-12-04T11:31:34.321+0000] {processor.py:756} INFO - Processing file /home/airflow/.local/lib/python3.7/site-packages/airflow/example_dags/tutorial_taskflow_api_virtualenv.py for tasks to queue
[2022-12-04T11:31:34.323+0000] {logging_mixin.py:137} INFO - [2022-12-04T11:31:34.323+0000] {dagbag.py:537} INFO - Filling up the DagBag from /home/airflow/.local/lib/python3.7/site-packages/airflow/example_dags/tutorial_taskflow_api_virtualenv.py
[2022-12-04T11:31:34.366+0000] {processor.py:766} INFO - DAG(s) dict_keys(['tutorial_taskflow_api_virtualenv']) retrieved from /home/airflow/.local/lib/python3.7/site-packages/airflow/example_dags/tutorial_taskflow_api_virtualenv.py
[2022-12-04T11:31:34.441+0000] {logging_mixin.py:137} INFO - [2022-12-04T11:31:34.441+0000] {dag.py:2585} INFO - Sync 1 DAGs
[2022-12-04T11:31:34.483+0000] {logging_mixin.py:137} INFO - [2022-12-04T11:31:34.483+0000] {dag.py:3340} INFO - Setting next_dagrun for tutorial_taskflow_api_virtualenv to None, run_after=None
[2022-12-04T11:31:34.514+0000] {processor.py:176} INFO - Processing /home/airflow/.local/lib/python3.7/site-packages/airflow/example_dags/tutorial_taskflow_api_virtualenv.py took 0.203 seconds
[2022-12-04T12:30:14.210+0000] {processor.py:154} INFO - Started process (PID=15394) to work on /home/airflow/.local/lib/python3.7/site-packages/airflow/example_dags/tutorial_taskflow_api_virtualenv.py
[2022-12-04T12:30:14.216+0000] {processor.py:756} INFO - Processing file /home/airflow/.local/lib/python3.7/site-packages/airflow/example_dags/tutorial_taskflow_api_virtualenv.py for tasks to queue
[2022-12-04T12:30:14.219+0000] {logging_mixin.py:137} INFO - [2022-12-04T12:30:14.219+0000] {dagbag.py:537} INFO - Filling up the DagBag from /home/airflow/.local/lib/python3.7/site-packages/airflow/example_dags/tutorial_taskflow_api_virtualenv.py
[2022-12-04T12:30:14.249+0000] {processor.py:766} INFO - DAG(s) dict_keys(['tutorial_taskflow_api_virtualenv']) retrieved from /home/airflow/.local/lib/python3.7/site-packages/airflow/example_dags/tutorial_taskflow_api_virtualenv.py
[2022-12-04T12:30:14.300+0000] {logging_mixin.py:137} INFO - [2022-12-04T12:30:14.299+0000] {dag.py:2585} INFO - Sync 1 DAGs
[2022-12-04T12:30:14.326+0000] {logging_mixin.py:137} INFO - [2022-12-04T12:30:14.326+0000] {dag.py:3340} INFO - Setting next_dagrun for tutorial_taskflow_api_virtualenv to None, run_after=None
[2022-12-04T12:30:14.348+0000] {processor.py:176} INFO - Processing /home/airflow/.local/lib/python3.7/site-packages/airflow/example_dags/tutorial_taskflow_api_virtualenv.py took 0.141 seconds
[2022-12-04T14:08:56.021+0000] {processor.py:154} INFO - Started process (PID=15465) to work on /home/airflow/.local/lib/python3.7/site-packages/airflow/example_dags/tutorial_taskflow_api_virtualenv.py
[2022-12-04T14:08:56.024+0000] {processor.py:756} INFO - Processing file /home/airflow/.local/lib/python3.7/site-packages/airflow/example_dags/tutorial_taskflow_api_virtualenv.py for tasks to queue
[2022-12-04T14:08:56.026+0000] {logging_mixin.py:137} INFO - [2022-12-04T14:08:56.026+0000] {dagbag.py:537} INFO - Filling up the DagBag from /home/airflow/.local/lib/python3.7/site-packages/airflow/example_dags/tutorial_taskflow_api_virtualenv.py
[2022-12-04T14:08:56.069+0000] {processor.py:766} INFO - DAG(s) dict_keys(['tutorial_taskflow_api_virtualenv']) retrieved from /home/airflow/.local/lib/python3.7/site-packages/airflow/example_dags/tutorial_taskflow_api_virtualenv.py
[2022-12-04T14:08:56.116+0000] {logging_mixin.py:137} INFO - [2022-12-04T14:08:56.116+0000] {dag.py:2585} INFO - Sync 1 DAGs
[2022-12-04T14:08:56.139+0000] {logging_mixin.py:137} INFO - [2022-12-04T14:08:56.139+0000] {dag.py:3340} INFO - Setting next_dagrun for tutorial_taskflow_api_virtualenv to None, run_after=None
[2022-12-04T14:08:56.161+0000] {processor.py:176} INFO - Processing /home/airflow/.local/lib/python3.7/site-packages/airflow/example_dags/tutorial_taskflow_api_virtualenv.py took 0.153 seconds
[2022-12-04T15:33:46.483+0000] {processor.py:154} INFO - Started process (PID=15535) to work on /home/airflow/.local/lib/python3.7/site-packages/airflow/example_dags/tutorial_taskflow_api_virtualenv.py
[2022-12-04T15:33:46.488+0000] {processor.py:756} INFO - Processing file /home/airflow/.local/lib/python3.7/site-packages/airflow/example_dags/tutorial_taskflow_api_virtualenv.py for tasks to queue
[2022-12-04T15:33:46.493+0000] {logging_mixin.py:137} INFO - [2022-12-04T15:33:46.493+0000] {dagbag.py:537} INFO - Filling up the DagBag from /home/airflow/.local/lib/python3.7/site-packages/airflow/example_dags/tutorial_taskflow_api_virtualenv.py
[2022-12-04T15:33:46.565+0000] {processor.py:766} INFO - DAG(s) dict_keys(['tutorial_taskflow_api_virtualenv']) retrieved from /home/airflow/.local/lib/python3.7/site-packages/airflow/example_dags/tutorial_taskflow_api_virtualenv.py
[2022-12-04T15:33:46.630+0000] {logging_mixin.py:137} INFO - [2022-12-04T15:33:46.630+0000] {dag.py:2585} INFO - Sync 1 DAGs
[2022-12-04T15:33:46.666+0000] {logging_mixin.py:137} INFO - [2022-12-04T15:33:46.666+0000] {dag.py:3340} INFO - Setting next_dagrun for tutorial_taskflow_api_virtualenv to None, run_after=None
[2022-12-04T15:33:46.696+0000] {processor.py:176} INFO - Processing /home/airflow/.local/lib/python3.7/site-packages/airflow/example_dags/tutorial_taskflow_api_virtualenv.py took 0.228 seconds
[2022-12-04T16:56:18.976+0000] {processor.py:154} INFO - Started process (PID=15603) to work on /home/airflow/.local/lib/python3.7/site-packages/airflow/example_dags/tutorial_taskflow_api_virtualenv.py
[2022-12-04T16:56:18.978+0000] {processor.py:756} INFO - Processing file /home/airflow/.local/lib/python3.7/site-packages/airflow/example_dags/tutorial_taskflow_api_virtualenv.py for tasks to queue
[2022-12-04T16:56:18.980+0000] {logging_mixin.py:137} INFO - [2022-12-04T16:56:18.980+0000] {dagbag.py:537} INFO - Filling up the DagBag from /home/airflow/.local/lib/python3.7/site-packages/airflow/example_dags/tutorial_taskflow_api_virtualenv.py
[2022-12-04T16:56:19.043+0000] {processor.py:766} INFO - DAG(s) dict_keys(['tutorial_taskflow_api_virtualenv']) retrieved from /home/airflow/.local/lib/python3.7/site-packages/airflow/example_dags/tutorial_taskflow_api_virtualenv.py
[2022-12-04T16:56:19.103+0000] {logging_mixin.py:137} INFO - [2022-12-04T16:56:19.103+0000] {dag.py:2585} INFO - Sync 1 DAGs
[2022-12-04T16:56:19.477+0000] {logging_mixin.py:137} INFO - [2022-12-04T16:56:19.477+0000] {dag.py:3340} INFO - Setting next_dagrun for tutorial_taskflow_api_virtualenv to None, run_after=None
[2022-12-04T16:56:19.536+0000] {processor.py:176} INFO - Processing /home/airflow/.local/lib/python3.7/site-packages/airflow/example_dags/tutorial_taskflow_api_virtualenv.py took 0.569 seconds
[2022-12-04T18:19:31.315+0000] {processor.py:154} INFO - Started process (PID=15661) to work on /home/airflow/.local/lib/python3.7/site-packages/airflow/example_dags/tutorial_taskflow_api_virtualenv.py
[2022-12-04T18:19:31.317+0000] {processor.py:756} INFO - Processing file /home/airflow/.local/lib/python3.7/site-packages/airflow/example_dags/tutorial_taskflow_api_virtualenv.py for tasks to queue
[2022-12-04T18:19:31.318+0000] {logging_mixin.py:137} INFO - [2022-12-04T18:19:31.318+0000] {dagbag.py:537} INFO - Filling up the DagBag from /home/airflow/.local/lib/python3.7/site-packages/airflow/example_dags/tutorial_taskflow_api_virtualenv.py
[2022-12-04T18:19:31.331+0000] {processor.py:766} INFO - DAG(s) dict_keys(['tutorial_taskflow_api_virtualenv']) retrieved from /home/airflow/.local/lib/python3.7/site-packages/airflow/example_dags/tutorial_taskflow_api_virtualenv.py
[2022-12-04T18:19:31.356+0000] {logging_mixin.py:137} INFO - [2022-12-04T18:19:31.356+0000] {dag.py:2585} INFO - Sync 1 DAGs
[2022-12-04T18:19:31.376+0000] {logging_mixin.py:137} INFO - [2022-12-04T18:19:31.376+0000] {dag.py:3340} INFO - Setting next_dagrun for tutorial_taskflow_api_virtualenv to None, run_after=None
[2022-12-04T18:19:31.387+0000] {processor.py:176} INFO - Processing /home/airflow/.local/lib/python3.7/site-packages/airflow/example_dags/tutorial_taskflow_api_virtualenv.py took 0.075 seconds
[2022-12-04T19:16:11.687+0000] {processor.py:154} INFO - Started process (PID=15735) to work on /home/airflow/.local/lib/python3.7/site-packages/airflow/example_dags/tutorial_taskflow_api_virtualenv.py
[2022-12-04T19:16:11.689+0000] {processor.py:756} INFO - Processing file /home/airflow/.local/lib/python3.7/site-packages/airflow/example_dags/tutorial_taskflow_api_virtualenv.py for tasks to queue
[2022-12-04T19:16:11.690+0000] {logging_mixin.py:137} INFO - [2022-12-04T19:16:11.690+0000] {dagbag.py:537} INFO - Filling up the DagBag from /home/airflow/.local/lib/python3.7/site-packages/airflow/example_dags/tutorial_taskflow_api_virtualenv.py
[2022-12-04T19:16:11.704+0000] {processor.py:766} INFO - DAG(s) dict_keys(['tutorial_taskflow_api_virtualenv']) retrieved from /home/airflow/.local/lib/python3.7/site-packages/airflow/example_dags/tutorial_taskflow_api_virtualenv.py
[2022-12-04T19:16:11.730+0000] {logging_mixin.py:137} INFO - [2022-12-04T19:16:11.730+0000] {dag.py:2585} INFO - Sync 1 DAGs
[2022-12-04T19:16:11.745+0000] {logging_mixin.py:137} INFO - [2022-12-04T19:16:11.745+0000] {dag.py:3340} INFO - Setting next_dagrun for tutorial_taskflow_api_virtualenv to None, run_after=None
[2022-12-04T19:16:11.757+0000] {processor.py:176} INFO - Processing /home/airflow/.local/lib/python3.7/site-packages/airflow/example_dags/tutorial_taskflow_api_virtualenv.py took 0.072 seconds
[2022-12-04T20:04:50.729+0000] {processor.py:154} INFO - Started process (PID=15803) to work on /home/airflow/.local/lib/python3.7/site-packages/airflow/example_dags/tutorial_taskflow_api_virtualenv.py
[2022-12-04T20:04:50.731+0000] {processor.py:756} INFO - Processing file /home/airflow/.local/lib/python3.7/site-packages/airflow/example_dags/tutorial_taskflow_api_virtualenv.py for tasks to queue
[2022-12-04T20:04:50.732+0000] {logging_mixin.py:137} INFO - [2022-12-04T20:04:50.732+0000] {dagbag.py:537} INFO - Filling up the DagBag from /home/airflow/.local/lib/python3.7/site-packages/airflow/example_dags/tutorial_taskflow_api_virtualenv.py
[2022-12-04T20:04:50.748+0000] {processor.py:766} INFO - DAG(s) dict_keys(['tutorial_taskflow_api_virtualenv']) retrieved from /home/airflow/.local/lib/python3.7/site-packages/airflow/example_dags/tutorial_taskflow_api_virtualenv.py
[2022-12-04T20:04:50.777+0000] {logging_mixin.py:137} INFO - [2022-12-04T20:04:50.777+0000] {dag.py:2585} INFO - Sync 1 DAGs
[2022-12-04T20:04:50.794+0000] {logging_mixin.py:137} INFO - [2022-12-04T20:04:50.794+0000] {dag.py:3340} INFO - Setting next_dagrun for tutorial_taskflow_api_virtualenv to None, run_after=None
[2022-12-04T20:04:50.812+0000] {processor.py:176} INFO - Processing /home/airflow/.local/lib/python3.7/site-packages/airflow/example_dags/tutorial_taskflow_api_virtualenv.py took 0.085 seconds
[2022-12-04T21:26:02.088+0000] {processor.py:154} INFO - Started process (PID=15875) to work on /home/airflow/.local/lib/python3.7/site-packages/airflow/example_dags/tutorial_taskflow_api_virtualenv.py
[2022-12-04T21:26:02.091+0000] {processor.py:756} INFO - Processing file /home/airflow/.local/lib/python3.7/site-packages/airflow/example_dags/tutorial_taskflow_api_virtualenv.py for tasks to queue
[2022-12-04T21:26:02.096+0000] {logging_mixin.py:137} INFO - [2022-12-04T21:26:02.093+0000] {dagbag.py:537} INFO - Filling up the DagBag from /home/airflow/.local/lib/python3.7/site-packages/airflow/example_dags/tutorial_taskflow_api_virtualenv.py
[2022-12-04T21:26:02.146+0000] {processor.py:766} INFO - DAG(s) dict_keys(['tutorial_taskflow_api_virtualenv']) retrieved from /home/airflow/.local/lib/python3.7/site-packages/airflow/example_dags/tutorial_taskflow_api_virtualenv.py
[2022-12-04T21:26:02.212+0000] {logging_mixin.py:137} INFO - [2022-12-04T21:26:02.212+0000] {dag.py:2585} INFO - Sync 1 DAGs
[2022-12-04T21:26:02.237+0000] {logging_mixin.py:137} INFO - [2022-12-04T21:26:02.237+0000] {dag.py:3340} INFO - Setting next_dagrun for tutorial_taskflow_api_virtualenv to None, run_after=None
[2022-12-04T21:26:02.255+0000] {processor.py:176} INFO - Processing /home/airflow/.local/lib/python3.7/site-packages/airflow/example_dags/tutorial_taskflow_api_virtualenv.py took 0.169 seconds
[2022-12-04T22:34:04.803+0000] {processor.py:154} INFO - Started process (PID=15931) to work on /home/airflow/.local/lib/python3.7/site-packages/airflow/example_dags/tutorial_taskflow_api_virtualenv.py
[2022-12-04T22:34:04.805+0000] {processor.py:756} INFO - Processing file /home/airflow/.local/lib/python3.7/site-packages/airflow/example_dags/tutorial_taskflow_api_virtualenv.py for tasks to queue
[2022-12-04T22:34:04.806+0000] {logging_mixin.py:137} INFO - [2022-12-04T22:34:04.806+0000] {dagbag.py:537} INFO - Filling up the DagBag from /home/airflow/.local/lib/python3.7/site-packages/airflow/example_dags/tutorial_taskflow_api_virtualenv.py
[2022-12-04T22:34:04.821+0000] {processor.py:766} INFO - DAG(s) dict_keys(['tutorial_taskflow_api_virtualenv']) retrieved from /home/airflow/.local/lib/python3.7/site-packages/airflow/example_dags/tutorial_taskflow_api_virtualenv.py
[2022-12-04T22:34:04.848+0000] {logging_mixin.py:137} INFO - [2022-12-04T22:34:04.848+0000] {dag.py:2585} INFO - Sync 1 DAGs
[2022-12-04T22:34:04.862+0000] {logging_mixin.py:137} INFO - [2022-12-04T22:34:04.862+0000] {dag.py:3340} INFO - Setting next_dagrun for tutorial_taskflow_api_virtualenv to None, run_after=None
[2022-12-04T22:34:04.875+0000] {processor.py:176} INFO - Processing /home/airflow/.local/lib/python3.7/site-packages/airflow/example_dags/tutorial_taskflow_api_virtualenv.py took 0.074 seconds
[2022-12-04T22:52:26.894+0000] {processor.py:154} INFO - Started process (PID=15995) to work on /home/airflow/.local/lib/python3.7/site-packages/airflow/example_dags/tutorial_taskflow_api_virtualenv.py
[2022-12-04T22:52:26.896+0000] {processor.py:756} INFO - Processing file /home/airflow/.local/lib/python3.7/site-packages/airflow/example_dags/tutorial_taskflow_api_virtualenv.py for tasks to queue
[2022-12-04T22:52:26.897+0000] {logging_mixin.py:137} INFO - [2022-12-04T22:52:26.897+0000] {dagbag.py:537} INFO - Filling up the DagBag from /home/airflow/.local/lib/python3.7/site-packages/airflow/example_dags/tutorial_taskflow_api_virtualenv.py
[2022-12-04T22:52:26.910+0000] {processor.py:766} INFO - DAG(s) dict_keys(['tutorial_taskflow_api_virtualenv']) retrieved from /home/airflow/.local/lib/python3.7/site-packages/airflow/example_dags/tutorial_taskflow_api_virtualenv.py
[2022-12-04T22:52:26.936+0000] {logging_mixin.py:137} INFO - [2022-12-04T22:52:26.936+0000] {dag.py:2585} INFO - Sync 1 DAGs
[2022-12-04T22:52:26.950+0000] {logging_mixin.py:137} INFO - [2022-12-04T22:52:26.950+0000] {dag.py:3340} INFO - Setting next_dagrun for tutorial_taskflow_api_virtualenv to None, run_after=None
[2022-12-04T22:52:26.961+0000] {processor.py:176} INFO - Processing /home/airflow/.local/lib/python3.7/site-packages/airflow/example_dags/tutorial_taskflow_api_virtualenv.py took 0.069 seconds
