[2022-12-04T00:57:34.195+0000] {processor.py:154} INFO - Started process (PID=14893) to work on /home/airflow/.local/lib/python3.7/site-packages/airflow/example_dags/tutorial_dag.py
[2022-12-04T00:57:34.197+0000] {processor.py:756} INFO - Processing file /home/airflow/.local/lib/python3.7/site-packages/airflow/example_dags/tutorial_dag.py for tasks to queue
[2022-12-04T00:57:34.198+0000] {logging_mixin.py:137} INFO - [2022-12-04T00:57:34.198+0000] {dagbag.py:537} INFO - Filling up the DagBag from /home/airflow/.local/lib/python3.7/site-packages/airflow/example_dags/tutorial_dag.py
[2022-12-04T00:57:34.208+0000] {processor.py:766} INFO - DAG(s) dict_keys(['tutorial_dag']) retrieved from /home/airflow/.local/lib/python3.7/site-packages/airflow/example_dags/tutorial_dag.py
[2022-12-04T00:57:34.234+0000] {logging_mixin.py:137} INFO - [2022-12-04T00:57:34.234+0000] {dag.py:2585} INFO - Sync 1 DAGs
[2022-12-04T00:57:34.252+0000] {logging_mixin.py:137} INFO - [2022-12-04T00:57:34.251+0000] {dag.py:3340} INFO - Setting next_dagrun for tutorial_dag to None, run_after=None
[2022-12-04T00:57:34.267+0000] {processor.py:176} INFO - Processing /home/airflow/.local/lib/python3.7/site-packages/airflow/example_dags/tutorial_dag.py took 0.074 seconds
[2022-12-04T02:32:55.356+0000] {processor.py:154} INFO - Started process (PID=14961) to work on /home/airflow/.local/lib/python3.7/site-packages/airflow/example_dags/tutorial_dag.py
[2022-12-04T02:32:55.358+0000] {processor.py:756} INFO - Processing file /home/airflow/.local/lib/python3.7/site-packages/airflow/example_dags/tutorial_dag.py for tasks to queue
[2022-12-04T02:32:55.359+0000] {logging_mixin.py:137} INFO - [2022-12-04T02:32:55.359+0000] {dagbag.py:537} INFO - Filling up the DagBag from /home/airflow/.local/lib/python3.7/site-packages/airflow/example_dags/tutorial_dag.py
[2022-12-04T02:32:55.374+0000] {processor.py:766} INFO - DAG(s) dict_keys(['tutorial_dag']) retrieved from /home/airflow/.local/lib/python3.7/site-packages/airflow/example_dags/tutorial_dag.py
[2022-12-04T02:32:55.403+0000] {logging_mixin.py:137} INFO - [2022-12-04T02:32:55.403+0000] {dag.py:2585} INFO - Sync 1 DAGs
[2022-12-04T02:32:55.419+0000] {logging_mixin.py:137} INFO - [2022-12-04T02:32:55.419+0000] {dag.py:3340} INFO - Setting next_dagrun for tutorial_dag to None, run_after=None
[2022-12-04T02:32:55.434+0000] {processor.py:176} INFO - Processing /home/airflow/.local/lib/python3.7/site-packages/airflow/example_dags/tutorial_dag.py took 0.082 seconds
[2022-12-04T03:55:42.008+0000] {processor.py:154} INFO - Started process (PID=15029) to work on /home/airflow/.local/lib/python3.7/site-packages/airflow/example_dags/tutorial_dag.py
[2022-12-04T03:55:42.009+0000] {processor.py:756} INFO - Processing file /home/airflow/.local/lib/python3.7/site-packages/airflow/example_dags/tutorial_dag.py for tasks to queue
[2022-12-04T03:55:42.010+0000] {logging_mixin.py:137} INFO - [2022-12-04T03:55:42.010+0000] {dagbag.py:537} INFO - Filling up the DagBag from /home/airflow/.local/lib/python3.7/site-packages/airflow/example_dags/tutorial_dag.py
[2022-12-04T03:55:42.020+0000] {processor.py:766} INFO - DAG(s) dict_keys(['tutorial_dag']) retrieved from /home/airflow/.local/lib/python3.7/site-packages/airflow/example_dags/tutorial_dag.py
[2022-12-04T03:55:42.048+0000] {logging_mixin.py:137} INFO - [2022-12-04T03:55:42.048+0000] {dag.py:2585} INFO - Sync 1 DAGs
[2022-12-04T03:55:42.063+0000] {logging_mixin.py:137} INFO - [2022-12-04T03:55:42.063+0000] {dag.py:3340} INFO - Setting next_dagrun for tutorial_dag to None, run_after=None
[2022-12-04T03:55:42.074+0000] {processor.py:176} INFO - Processing /home/airflow/.local/lib/python3.7/site-packages/airflow/example_dags/tutorial_dag.py took 0.069 seconds
[2022-12-04T05:30:17.919+0000] {processor.py:154} INFO - Started process (PID=15097) to work on /home/airflow/.local/lib/python3.7/site-packages/airflow/example_dags/tutorial_dag.py
[2022-12-04T05:30:17.920+0000] {processor.py:756} INFO - Processing file /home/airflow/.local/lib/python3.7/site-packages/airflow/example_dags/tutorial_dag.py for tasks to queue
[2022-12-04T05:30:17.922+0000] {logging_mixin.py:137} INFO - [2022-12-04T05:30:17.922+0000] {dagbag.py:537} INFO - Filling up the DagBag from /home/airflow/.local/lib/python3.7/site-packages/airflow/example_dags/tutorial_dag.py
[2022-12-04T05:30:17.932+0000] {processor.py:766} INFO - DAG(s) dict_keys(['tutorial_dag']) retrieved from /home/airflow/.local/lib/python3.7/site-packages/airflow/example_dags/tutorial_dag.py
[2022-12-04T05:30:17.959+0000] {logging_mixin.py:137} INFO - [2022-12-04T05:30:17.959+0000] {dag.py:2585} INFO - Sync 1 DAGs
[2022-12-04T05:30:17.975+0000] {logging_mixin.py:137} INFO - [2022-12-04T05:30:17.975+0000] {dag.py:3340} INFO - Setting next_dagrun for tutorial_dag to None, run_after=None
[2022-12-04T05:30:17.986+0000] {processor.py:176} INFO - Processing /home/airflow/.local/lib/python3.7/site-packages/airflow/example_dags/tutorial_dag.py took 0.069 seconds
[2022-12-04T06:53:37.987+0000] {processor.py:154} INFO - Started process (PID=15153) to work on /home/airflow/.local/lib/python3.7/site-packages/airflow/example_dags/tutorial_dag.py
[2022-12-04T06:53:37.988+0000] {processor.py:756} INFO - Processing file /home/airflow/.local/lib/python3.7/site-packages/airflow/example_dags/tutorial_dag.py for tasks to queue
[2022-12-04T06:53:37.989+0000] {logging_mixin.py:137} INFO - [2022-12-04T06:53:37.989+0000] {dagbag.py:537} INFO - Filling up the DagBag from /home/airflow/.local/lib/python3.7/site-packages/airflow/example_dags/tutorial_dag.py
[2022-12-04T06:53:38.000+0000] {processor.py:766} INFO - DAG(s) dict_keys(['tutorial_dag']) retrieved from /home/airflow/.local/lib/python3.7/site-packages/airflow/example_dags/tutorial_dag.py
[2022-12-04T06:53:38.027+0000] {logging_mixin.py:137} INFO - [2022-12-04T06:53:38.027+0000] {dag.py:2585} INFO - Sync 1 DAGs
[2022-12-04T06:53:38.043+0000] {logging_mixin.py:137} INFO - [2022-12-04T06:53:38.043+0000] {dag.py:3340} INFO - Setting next_dagrun for tutorial_dag to None, run_after=None
[2022-12-04T06:53:38.054+0000] {processor.py:176} INFO - Processing /home/airflow/.local/lib/python3.7/site-packages/airflow/example_dags/tutorial_dag.py took 0.070 seconds
[2022-12-04T08:30:44.760+0000] {processor.py:154} INFO - Started process (PID=15220) to work on /home/airflow/.local/lib/python3.7/site-packages/airflow/example_dags/tutorial_dag.py
[2022-12-04T08:30:44.762+0000] {processor.py:756} INFO - Processing file /home/airflow/.local/lib/python3.7/site-packages/airflow/example_dags/tutorial_dag.py for tasks to queue
[2022-12-04T08:30:44.764+0000] {logging_mixin.py:137} INFO - [2022-12-04T08:30:44.764+0000] {dagbag.py:537} INFO - Filling up the DagBag from /home/airflow/.local/lib/python3.7/site-packages/airflow/example_dags/tutorial_dag.py
[2022-12-04T08:30:44.773+0000] {processor.py:766} INFO - DAG(s) dict_keys(['tutorial_dag']) retrieved from /home/airflow/.local/lib/python3.7/site-packages/airflow/example_dags/tutorial_dag.py
[2022-12-04T08:30:44.802+0000] {logging_mixin.py:137} INFO - [2022-12-04T08:30:44.801+0000] {dag.py:2585} INFO - Sync 1 DAGs
[2022-12-04T08:30:44.821+0000] {logging_mixin.py:137} INFO - [2022-12-04T08:30:44.821+0000] {dag.py:3340} INFO - Setting next_dagrun for tutorial_dag to None, run_after=None
[2022-12-04T08:30:44.835+0000] {processor.py:176} INFO - Processing /home/airflow/.local/lib/python3.7/site-packages/airflow/example_dags/tutorial_dag.py took 0.077 seconds
[2022-12-04T10:09:30.273+0000] {processor.py:154} INFO - Started process (PID=15287) to work on /home/airflow/.local/lib/python3.7/site-packages/airflow/example_dags/tutorial_dag.py
[2022-12-04T10:09:30.275+0000] {processor.py:756} INFO - Processing file /home/airflow/.local/lib/python3.7/site-packages/airflow/example_dags/tutorial_dag.py for tasks to queue
[2022-12-04T10:09:30.276+0000] {logging_mixin.py:137} INFO - [2022-12-04T10:09:30.276+0000] {dagbag.py:537} INFO - Filling up the DagBag from /home/airflow/.local/lib/python3.7/site-packages/airflow/example_dags/tutorial_dag.py
[2022-12-04T10:09:30.286+0000] {processor.py:766} INFO - DAG(s) dict_keys(['tutorial_dag']) retrieved from /home/airflow/.local/lib/python3.7/site-packages/airflow/example_dags/tutorial_dag.py
[2022-12-04T10:09:30.315+0000] {logging_mixin.py:137} INFO - [2022-12-04T10:09:30.314+0000] {dag.py:2585} INFO - Sync 1 DAGs
[2022-12-04T10:09:30.330+0000] {logging_mixin.py:137} INFO - [2022-12-04T10:09:30.330+0000] {dag.py:3340} INFO - Setting next_dagrun for tutorial_dag to None, run_after=None
[2022-12-04T10:09:30.343+0000] {processor.py:176} INFO - Processing /home/airflow/.local/lib/python3.7/site-packages/airflow/example_dags/tutorial_dag.py took 0.073 seconds
[2022-12-04T11:31:36.287+0000] {processor.py:154} INFO - Started process (PID=15351) to work on /home/airflow/.local/lib/python3.7/site-packages/airflow/example_dags/tutorial_dag.py
[2022-12-04T11:31:36.289+0000] {processor.py:756} INFO - Processing file /home/airflow/.local/lib/python3.7/site-packages/airflow/example_dags/tutorial_dag.py for tasks to queue
[2022-12-04T11:31:36.290+0000] {logging_mixin.py:137} INFO - [2022-12-04T11:31:36.290+0000] {dagbag.py:537} INFO - Filling up the DagBag from /home/airflow/.local/lib/python3.7/site-packages/airflow/example_dags/tutorial_dag.py
[2022-12-04T11:31:36.299+0000] {processor.py:766} INFO - DAG(s) dict_keys(['tutorial_dag']) retrieved from /home/airflow/.local/lib/python3.7/site-packages/airflow/example_dags/tutorial_dag.py
[2022-12-04T11:31:36.333+0000] {logging_mixin.py:137} INFO - [2022-12-04T11:31:36.333+0000] {dag.py:2585} INFO - Sync 1 DAGs
[2022-12-04T11:31:36.351+0000] {logging_mixin.py:137} INFO - [2022-12-04T11:31:36.350+0000] {dag.py:3340} INFO - Setting next_dagrun for tutorial_dag to None, run_after=None
[2022-12-04T11:31:36.368+0000] {processor.py:176} INFO - Processing /home/airflow/.local/lib/python3.7/site-packages/airflow/example_dags/tutorial_dag.py took 0.083 seconds
[2022-12-04T12:30:16.573+0000] {processor.py:154} INFO - Started process (PID=15425) to work on /home/airflow/.local/lib/python3.7/site-packages/airflow/example_dags/tutorial_dag.py
[2022-12-04T12:30:16.576+0000] {processor.py:756} INFO - Processing file /home/airflow/.local/lib/python3.7/site-packages/airflow/example_dags/tutorial_dag.py for tasks to queue
[2022-12-04T12:30:16.577+0000] {logging_mixin.py:137} INFO - [2022-12-04T12:30:16.577+0000] {dagbag.py:537} INFO - Filling up the DagBag from /home/airflow/.local/lib/python3.7/site-packages/airflow/example_dags/tutorial_dag.py
[2022-12-04T12:30:16.592+0000] {processor.py:766} INFO - DAG(s) dict_keys(['tutorial_dag']) retrieved from /home/airflow/.local/lib/python3.7/site-packages/airflow/example_dags/tutorial_dag.py
[2022-12-04T12:30:16.622+0000] {logging_mixin.py:137} INFO - [2022-12-04T12:30:16.622+0000] {dag.py:2585} INFO - Sync 1 DAGs
[2022-12-04T12:30:16.641+0000] {logging_mixin.py:137} INFO - [2022-12-04T12:30:16.641+0000] {dag.py:3340} INFO - Setting next_dagrun for tutorial_dag to None, run_after=None
[2022-12-04T12:30:16.659+0000] {processor.py:176} INFO - Processing /home/airflow/.local/lib/python3.7/site-packages/airflow/example_dags/tutorial_dag.py took 0.088 seconds
[2022-12-04T14:08:57.084+0000] {processor.py:154} INFO - Started process (PID=15481) to work on /home/airflow/.local/lib/python3.7/site-packages/airflow/example_dags/tutorial_dag.py
[2022-12-04T14:08:57.086+0000] {processor.py:756} INFO - Processing file /home/airflow/.local/lib/python3.7/site-packages/airflow/example_dags/tutorial_dag.py for tasks to queue
[2022-12-04T14:08:57.087+0000] {logging_mixin.py:137} INFO - [2022-12-04T14:08:57.087+0000] {dagbag.py:537} INFO - Filling up the DagBag from /home/airflow/.local/lib/python3.7/site-packages/airflow/example_dags/tutorial_dag.py
[2022-12-04T14:08:57.096+0000] {processor.py:766} INFO - DAG(s) dict_keys(['tutorial_dag']) retrieved from /home/airflow/.local/lib/python3.7/site-packages/airflow/example_dags/tutorial_dag.py
[2022-12-04T14:08:57.125+0000] {logging_mixin.py:137} INFO - [2022-12-04T14:08:57.125+0000] {dag.py:2585} INFO - Sync 1 DAGs
[2022-12-04T14:08:57.140+0000] {logging_mixin.py:137} INFO - [2022-12-04T14:08:57.140+0000] {dag.py:3340} INFO - Setting next_dagrun for tutorial_dag to None, run_after=None
[2022-12-04T14:08:57.153+0000] {processor.py:176} INFO - Processing /home/airflow/.local/lib/python3.7/site-packages/airflow/example_dags/tutorial_dag.py took 0.071 seconds
[2022-12-04T15:33:47.855+0000] {processor.py:154} INFO - Started process (PID=15551) to work on /home/airflow/.local/lib/python3.7/site-packages/airflow/example_dags/tutorial_dag.py
[2022-12-04T15:33:47.857+0000] {processor.py:756} INFO - Processing file /home/airflow/.local/lib/python3.7/site-packages/airflow/example_dags/tutorial_dag.py for tasks to queue
[2022-12-04T15:33:47.859+0000] {logging_mixin.py:137} INFO - [2022-12-04T15:33:47.859+0000] {dagbag.py:537} INFO - Filling up the DagBag from /home/airflow/.local/lib/python3.7/site-packages/airflow/example_dags/tutorial_dag.py
[2022-12-04T15:33:47.879+0000] {processor.py:766} INFO - DAG(s) dict_keys(['tutorial_dag']) retrieved from /home/airflow/.local/lib/python3.7/site-packages/airflow/example_dags/tutorial_dag.py
[2022-12-04T15:33:47.918+0000] {logging_mixin.py:137} INFO - [2022-12-04T15:33:47.918+0000] {dag.py:2585} INFO - Sync 1 DAGs
[2022-12-04T15:33:47.936+0000] {logging_mixin.py:137} INFO - [2022-12-04T15:33:47.936+0000] {dag.py:3340} INFO - Setting next_dagrun for tutorial_dag to None, run_after=None
[2022-12-04T15:33:47.953+0000] {processor.py:176} INFO - Processing /home/airflow/.local/lib/python3.7/site-packages/airflow/example_dags/tutorial_dag.py took 0.100 seconds
[2022-12-04T16:56:20.509+0000] {processor.py:154} INFO - Started process (PID=15619) to work on /home/airflow/.local/lib/python3.7/site-packages/airflow/example_dags/tutorial_dag.py
[2022-12-04T16:56:20.511+0000] {processor.py:756} INFO - Processing file /home/airflow/.local/lib/python3.7/site-packages/airflow/example_dags/tutorial_dag.py for tasks to queue
[2022-12-04T16:56:20.512+0000] {logging_mixin.py:137} INFO - [2022-12-04T16:56:20.512+0000] {dagbag.py:537} INFO - Filling up the DagBag from /home/airflow/.local/lib/python3.7/site-packages/airflow/example_dags/tutorial_dag.py
[2022-12-04T16:56:20.520+0000] {processor.py:766} INFO - DAG(s) dict_keys(['tutorial_dag']) retrieved from /home/airflow/.local/lib/python3.7/site-packages/airflow/example_dags/tutorial_dag.py
[2022-12-04T16:56:20.548+0000] {logging_mixin.py:137} INFO - [2022-12-04T16:56:20.548+0000] {dag.py:2585} INFO - Sync 1 DAGs
[2022-12-04T16:56:20.564+0000] {logging_mixin.py:137} INFO - [2022-12-04T16:56:20.564+0000] {dag.py:3340} INFO - Setting next_dagrun for tutorial_dag to None, run_after=None
[2022-12-04T16:56:20.578+0000] {processor.py:176} INFO - Processing /home/airflow/.local/lib/python3.7/site-packages/airflow/example_dags/tutorial_dag.py took 0.071 seconds
[2022-12-04T18:19:32.597+0000] {processor.py:154} INFO - Started process (PID=15677) to work on /home/airflow/.local/lib/python3.7/site-packages/airflow/example_dags/tutorial_dag.py
[2022-12-04T18:19:32.601+0000] {processor.py:756} INFO - Processing file /home/airflow/.local/lib/python3.7/site-packages/airflow/example_dags/tutorial_dag.py for tasks to queue
[2022-12-04T18:19:32.603+0000] {logging_mixin.py:137} INFO - [2022-12-04T18:19:32.603+0000] {dagbag.py:537} INFO - Filling up the DagBag from /home/airflow/.local/lib/python3.7/site-packages/airflow/example_dags/tutorial_dag.py
[2022-12-04T18:19:32.625+0000] {processor.py:766} INFO - DAG(s) dict_keys(['tutorial_dag']) retrieved from /home/airflow/.local/lib/python3.7/site-packages/airflow/example_dags/tutorial_dag.py
[2022-12-04T18:19:32.747+0000] {logging_mixin.py:137} INFO - [2022-12-04T18:19:32.747+0000] {dag.py:2585} INFO - Sync 1 DAGs
[2022-12-04T18:19:32.785+0000] {logging_mixin.py:137} INFO - [2022-12-04T18:19:32.785+0000] {dag.py:3340} INFO - Setting next_dagrun for tutorial_dag to None, run_after=None
[2022-12-04T18:19:32.819+0000] {processor.py:176} INFO - Processing /home/airflow/.local/lib/python3.7/site-packages/airflow/example_dags/tutorial_dag.py took 0.226 seconds
[2022-12-04T19:16:13.141+0000] {processor.py:154} INFO - Started process (PID=15751) to work on /home/airflow/.local/lib/python3.7/site-packages/airflow/example_dags/tutorial_dag.py
[2022-12-04T19:16:13.147+0000] {processor.py:756} INFO - Processing file /home/airflow/.local/lib/python3.7/site-packages/airflow/example_dags/tutorial_dag.py for tasks to queue
[2022-12-04T19:16:13.149+0000] {logging_mixin.py:137} INFO - [2022-12-04T19:16:13.149+0000] {dagbag.py:537} INFO - Filling up the DagBag from /home/airflow/.local/lib/python3.7/site-packages/airflow/example_dags/tutorial_dag.py
[2022-12-04T19:16:13.174+0000] {processor.py:766} INFO - DAG(s) dict_keys(['tutorial_dag']) retrieved from /home/airflow/.local/lib/python3.7/site-packages/airflow/example_dags/tutorial_dag.py
[2022-12-04T19:16:13.237+0000] {logging_mixin.py:137} INFO - [2022-12-04T19:16:13.237+0000] {dag.py:2585} INFO - Sync 1 DAGs
[2022-12-04T19:16:13.255+0000] {logging_mixin.py:137} INFO - [2022-12-04T19:16:13.254+0000] {dag.py:3340} INFO - Setting next_dagrun for tutorial_dag to None, run_after=None
[2022-12-04T19:16:13.269+0000] {processor.py:176} INFO - Processing /home/airflow/.local/lib/python3.7/site-packages/airflow/example_dags/tutorial_dag.py took 0.132 seconds
[2022-12-04T20:04:51.650+0000] {processor.py:154} INFO - Started process (PID=15819) to work on /home/airflow/.local/lib/python3.7/site-packages/airflow/example_dags/tutorial_dag.py
[2022-12-04T20:04:51.651+0000] {processor.py:756} INFO - Processing file /home/airflow/.local/lib/python3.7/site-packages/airflow/example_dags/tutorial_dag.py for tasks to queue
[2022-12-04T20:04:51.652+0000] {logging_mixin.py:137} INFO - [2022-12-04T20:04:51.652+0000] {dagbag.py:537} INFO - Filling up the DagBag from /home/airflow/.local/lib/python3.7/site-packages/airflow/example_dags/tutorial_dag.py
[2022-12-04T20:04:51.661+0000] {processor.py:766} INFO - DAG(s) dict_keys(['tutorial_dag']) retrieved from /home/airflow/.local/lib/python3.7/site-packages/airflow/example_dags/tutorial_dag.py
[2022-12-04T20:04:51.687+0000] {logging_mixin.py:137} INFO - [2022-12-04T20:04:51.687+0000] {dag.py:2585} INFO - Sync 1 DAGs
[2022-12-04T20:04:51.705+0000] {logging_mixin.py:137} INFO - [2022-12-04T20:04:51.705+0000] {dag.py:3340} INFO - Setting next_dagrun for tutorial_dag to None, run_after=None
[2022-12-04T20:04:51.718+0000] {processor.py:176} INFO - Processing /home/airflow/.local/lib/python3.7/site-packages/airflow/example_dags/tutorial_dag.py took 0.070 seconds
[2022-12-04T21:26:03.401+0000] {processor.py:154} INFO - Started process (PID=15891) to work on /home/airflow/.local/lib/python3.7/site-packages/airflow/example_dags/tutorial_dag.py
[2022-12-04T21:26:03.403+0000] {processor.py:756} INFO - Processing file /home/airflow/.local/lib/python3.7/site-packages/airflow/example_dags/tutorial_dag.py for tasks to queue
[2022-12-04T21:26:03.404+0000] {logging_mixin.py:137} INFO - [2022-12-04T21:26:03.404+0000] {dagbag.py:537} INFO - Filling up the DagBag from /home/airflow/.local/lib/python3.7/site-packages/airflow/example_dags/tutorial_dag.py
[2022-12-04T21:26:03.413+0000] {processor.py:766} INFO - DAG(s) dict_keys(['tutorial_dag']) retrieved from /home/airflow/.local/lib/python3.7/site-packages/airflow/example_dags/tutorial_dag.py
[2022-12-04T21:26:03.442+0000] {logging_mixin.py:137} INFO - [2022-12-04T21:26:03.441+0000] {dag.py:2585} INFO - Sync 1 DAGs
[2022-12-04T21:26:03.456+0000] {logging_mixin.py:137} INFO - [2022-12-04T21:26:03.456+0000] {dag.py:3340} INFO - Setting next_dagrun for tutorial_dag to None, run_after=None
[2022-12-04T21:26:03.469+0000] {processor.py:176} INFO - Processing /home/airflow/.local/lib/python3.7/site-packages/airflow/example_dags/tutorial_dag.py took 0.071 seconds
[2022-12-04T22:34:06.544+0000] {processor.py:154} INFO - Started process (PID=15955) to work on /home/airflow/.local/lib/python3.7/site-packages/airflow/example_dags/tutorial_dag.py
[2022-12-04T22:34:06.546+0000] {processor.py:756} INFO - Processing file /home/airflow/.local/lib/python3.7/site-packages/airflow/example_dags/tutorial_dag.py for tasks to queue
[2022-12-04T22:34:06.548+0000] {logging_mixin.py:137} INFO - [2022-12-04T22:34:06.547+0000] {dagbag.py:537} INFO - Filling up the DagBag from /home/airflow/.local/lib/python3.7/site-packages/airflow/example_dags/tutorial_dag.py
[2022-12-04T22:34:06.561+0000] {processor.py:766} INFO - DAG(s) dict_keys(['tutorial_dag']) retrieved from /home/airflow/.local/lib/python3.7/site-packages/airflow/example_dags/tutorial_dag.py
[2022-12-04T22:34:06.596+0000] {logging_mixin.py:137} INFO - [2022-12-04T22:34:06.596+0000] {dag.py:2585} INFO - Sync 1 DAGs
[2022-12-04T22:34:06.615+0000] {logging_mixin.py:137} INFO - [2022-12-04T22:34:06.615+0000] {dag.py:3340} INFO - Setting next_dagrun for tutorial_dag to None, run_after=None
[2022-12-04T22:34:06.631+0000] {processor.py:176} INFO - Processing /home/airflow/.local/lib/python3.7/site-packages/airflow/example_dags/tutorial_dag.py took 0.093 seconds
[2022-12-04T22:52:28.504+0000] {processor.py:154} INFO - Started process (PID=16011) to work on /home/airflow/.local/lib/python3.7/site-packages/airflow/example_dags/tutorial_dag.py
[2022-12-04T22:52:28.505+0000] {processor.py:756} INFO - Processing file /home/airflow/.local/lib/python3.7/site-packages/airflow/example_dags/tutorial_dag.py for tasks to queue
[2022-12-04T22:52:28.506+0000] {logging_mixin.py:137} INFO - [2022-12-04T22:52:28.506+0000] {dagbag.py:537} INFO - Filling up the DagBag from /home/airflow/.local/lib/python3.7/site-packages/airflow/example_dags/tutorial_dag.py
[2022-12-04T22:52:28.516+0000] {processor.py:766} INFO - DAG(s) dict_keys(['tutorial_dag']) retrieved from /home/airflow/.local/lib/python3.7/site-packages/airflow/example_dags/tutorial_dag.py
[2022-12-04T22:52:28.542+0000] {logging_mixin.py:137} INFO - [2022-12-04T22:52:28.542+0000] {dag.py:2585} INFO - Sync 1 DAGs
[2022-12-04T22:52:28.562+0000] {logging_mixin.py:137} INFO - [2022-12-04T22:52:28.562+0000] {dag.py:3340} INFO - Setting next_dagrun for tutorial_dag to None, run_after=None
[2022-12-04T22:52:28.574+0000] {processor.py:176} INFO - Processing /home/airflow/.local/lib/python3.7/site-packages/airflow/example_dags/tutorial_dag.py took 0.072 seconds
