[2022-12-10T01:13:55.826+0000] {processor.py:154} INFO - Started process (PID=47940) to work on /home/airflow/.local/lib/python3.7/site-packages/airflow/example_dags/example_time_delta_sensor_async.py
[2022-12-10T01:13:55.829+0000] {processor.py:756} INFO - Processing file /home/airflow/.local/lib/python3.7/site-packages/airflow/example_dags/example_time_delta_sensor_async.py for tasks to queue
[2022-12-10T01:13:55.831+0000] {logging_mixin.py:137} INFO - [2022-12-10T01:13:55.831+0000] {dagbag.py:537} INFO - Filling up the DagBag from /home/airflow/.local/lib/python3.7/site-packages/airflow/example_dags/example_time_delta_sensor_async.py
[2022-12-10T01:13:55.854+0000] {processor.py:766} INFO - DAG(s) dict_keys(['example_time_delta_sensor_async']) retrieved from /home/airflow/.local/lib/python3.7/site-packages/airflow/example_dags/example_time_delta_sensor_async.py
[2022-12-10T01:13:56.022+0000] {logging_mixin.py:137} INFO - [2022-12-10T01:13:56.022+0000] {dag.py:2585} INFO - Sync 1 DAGs
[2022-12-10T01:13:56.063+0000] {logging_mixin.py:137} INFO - [2022-12-10T01:13:56.063+0000] {dag.py:3340} INFO - Setting next_dagrun for example_time_delta_sensor_async to None, run_after=None
[2022-12-10T01:13:56.081+0000] {processor.py:176} INFO - Processing /home/airflow/.local/lib/python3.7/site-packages/airflow/example_dags/example_time_delta_sensor_async.py took 0.259 seconds
[2022-12-10T02:35:29.517+0000] {processor.py:154} INFO - Started process (PID=47997) to work on /home/airflow/.local/lib/python3.7/site-packages/airflow/example_dags/example_time_delta_sensor_async.py
[2022-12-10T02:35:29.520+0000] {processor.py:756} INFO - Processing file /home/airflow/.local/lib/python3.7/site-packages/airflow/example_dags/example_time_delta_sensor_async.py for tasks to queue
[2022-12-10T02:35:29.521+0000] {logging_mixin.py:137} INFO - [2022-12-10T02:35:29.521+0000] {dagbag.py:537} INFO - Filling up the DagBag from /home/airflow/.local/lib/python3.7/site-packages/airflow/example_dags/example_time_delta_sensor_async.py
[2022-12-10T02:35:29.531+0000] {processor.py:766} INFO - DAG(s) dict_keys(['example_time_delta_sensor_async']) retrieved from /home/airflow/.local/lib/python3.7/site-packages/airflow/example_dags/example_time_delta_sensor_async.py
[2022-12-10T02:35:29.681+0000] {logging_mixin.py:137} INFO - [2022-12-10T02:35:29.681+0000] {dag.py:2585} INFO - Sync 1 DAGs
[2022-12-10T02:35:29.702+0000] {logging_mixin.py:137} INFO - [2022-12-10T02:35:29.702+0000] {dag.py:3340} INFO - Setting next_dagrun for example_time_delta_sensor_async to None, run_after=None
[2022-12-10T02:35:29.715+0000] {processor.py:176} INFO - Processing /home/airflow/.local/lib/python3.7/site-packages/airflow/example_dags/example_time_delta_sensor_async.py took 0.200 seconds
[2022-12-10T03:43:49.528+0000] {processor.py:154} INFO - Started process (PID=48062) to work on /home/airflow/.local/lib/python3.7/site-packages/airflow/example_dags/example_time_delta_sensor_async.py
[2022-12-10T03:43:49.530+0000] {processor.py:756} INFO - Processing file /home/airflow/.local/lib/python3.7/site-packages/airflow/example_dags/example_time_delta_sensor_async.py for tasks to queue
[2022-12-10T03:43:49.531+0000] {logging_mixin.py:137} INFO - [2022-12-10T03:43:49.531+0000] {dagbag.py:537} INFO - Filling up the DagBag from /home/airflow/.local/lib/python3.7/site-packages/airflow/example_dags/example_time_delta_sensor_async.py
[2022-12-10T03:43:49.541+0000] {processor.py:766} INFO - DAG(s) dict_keys(['example_time_delta_sensor_async']) retrieved from /home/airflow/.local/lib/python3.7/site-packages/airflow/example_dags/example_time_delta_sensor_async.py
[2022-12-10T03:43:49.744+0000] {logging_mixin.py:137} INFO - [2022-12-10T03:43:49.743+0000] {dag.py:2585} INFO - Sync 1 DAGs
[2022-12-10T03:43:49.764+0000] {logging_mixin.py:137} INFO - [2022-12-10T03:43:49.764+0000] {dag.py:3340} INFO - Setting next_dagrun for example_time_delta_sensor_async to None, run_after=None
[2022-12-10T03:43:49.789+0000] {processor.py:176} INFO - Processing /home/airflow/.local/lib/python3.7/site-packages/airflow/example_dags/example_time_delta_sensor_async.py took 0.263 seconds
[2022-12-10T04:16:19.129+0000] {processor.py:154} INFO - Started process (PID=48129) to work on /home/airflow/.local/lib/python3.7/site-packages/airflow/example_dags/example_time_delta_sensor_async.py
[2022-12-10T04:16:19.158+0000] {processor.py:756} INFO - Processing file /home/airflow/.local/lib/python3.7/site-packages/airflow/example_dags/example_time_delta_sensor_async.py for tasks to queue
[2022-12-10T04:16:19.171+0000] {logging_mixin.py:137} INFO - [2022-12-10T04:16:19.171+0000] {dagbag.py:537} INFO - Filling up the DagBag from /home/airflow/.local/lib/python3.7/site-packages/airflow/example_dags/example_time_delta_sensor_async.py
[2022-12-10T04:16:19.194+0000] {processor.py:766} INFO - DAG(s) dict_keys(['example_time_delta_sensor_async']) retrieved from /home/airflow/.local/lib/python3.7/site-packages/airflow/example_dags/example_time_delta_sensor_async.py
[2022-12-10T04:16:19.369+0000] {logging_mixin.py:137} INFO - [2022-12-10T04:16:19.369+0000] {dag.py:2585} INFO - Sync 1 DAGs
[2022-12-10T04:16:19.387+0000] {logging_mixin.py:137} INFO - [2022-12-10T04:16:19.387+0000] {dag.py:3340} INFO - Setting next_dagrun for example_time_delta_sensor_async to None, run_after=None
[2022-12-10T04:16:19.406+0000] {processor.py:176} INFO - Processing /home/airflow/.local/lib/python3.7/site-packages/airflow/example_dags/example_time_delta_sensor_async.py took 0.283 seconds
[2022-12-10T05:54:53.101+0000] {processor.py:154} INFO - Started process (PID=48188) to work on /home/airflow/.local/lib/python3.7/site-packages/airflow/example_dags/example_time_delta_sensor_async.py
[2022-12-10T05:54:53.105+0000] {processor.py:756} INFO - Processing file /home/airflow/.local/lib/python3.7/site-packages/airflow/example_dags/example_time_delta_sensor_async.py for tasks to queue
[2022-12-10T05:54:53.109+0000] {logging_mixin.py:137} INFO - [2022-12-10T05:54:53.109+0000] {dagbag.py:537} INFO - Filling up the DagBag from /home/airflow/.local/lib/python3.7/site-packages/airflow/example_dags/example_time_delta_sensor_async.py
[2022-12-10T05:54:53.136+0000] {processor.py:766} INFO - DAG(s) dict_keys(['example_time_delta_sensor_async']) retrieved from /home/airflow/.local/lib/python3.7/site-packages/airflow/example_dags/example_time_delta_sensor_async.py
[2022-12-10T05:54:53.298+0000] {logging_mixin.py:137} INFO - [2022-12-10T05:54:53.298+0000] {dag.py:2585} INFO - Sync 1 DAGs
[2022-12-10T05:54:53.315+0000] {logging_mixin.py:137} INFO - [2022-12-10T05:54:53.315+0000] {dag.py:3340} INFO - Setting next_dagrun for example_time_delta_sensor_async to None, run_after=None
[2022-12-10T05:54:53.330+0000] {processor.py:176} INFO - Processing /home/airflow/.local/lib/python3.7/site-packages/airflow/example_dags/example_time_delta_sensor_async.py took 0.232 seconds
[2022-12-10T07:18:15.836+0000] {processor.py:154} INFO - Started process (PID=48256) to work on /home/airflow/.local/lib/python3.7/site-packages/airflow/example_dags/example_time_delta_sensor_async.py
[2022-12-10T07:18:15.838+0000] {processor.py:756} INFO - Processing file /home/airflow/.local/lib/python3.7/site-packages/airflow/example_dags/example_time_delta_sensor_async.py for tasks to queue
[2022-12-10T07:18:15.839+0000] {logging_mixin.py:137} INFO - [2022-12-10T07:18:15.839+0000] {dagbag.py:537} INFO - Filling up the DagBag from /home/airflow/.local/lib/python3.7/site-packages/airflow/example_dags/example_time_delta_sensor_async.py
[2022-12-10T07:18:15.847+0000] {processor.py:766} INFO - DAG(s) dict_keys(['example_time_delta_sensor_async']) retrieved from /home/airflow/.local/lib/python3.7/site-packages/airflow/example_dags/example_time_delta_sensor_async.py
[2022-12-10T07:18:15.968+0000] {logging_mixin.py:137} INFO - [2022-12-10T07:18:15.968+0000] {dag.py:2585} INFO - Sync 1 DAGs
[2022-12-10T07:18:15.982+0000] {logging_mixin.py:137} INFO - [2022-12-10T07:18:15.982+0000] {dag.py:3340} INFO - Setting next_dagrun for example_time_delta_sensor_async to None, run_after=None
[2022-12-10T07:18:15.993+0000] {processor.py:176} INFO - Processing /home/airflow/.local/lib/python3.7/site-packages/airflow/example_dags/example_time_delta_sensor_async.py took 0.159 seconds
[2022-12-10T08:58:57.400+0000] {processor.py:154} INFO - Started process (PID=48324) to work on /home/airflow/.local/lib/python3.7/site-packages/airflow/example_dags/example_time_delta_sensor_async.py
[2022-12-10T08:58:57.401+0000] {processor.py:756} INFO - Processing file /home/airflow/.local/lib/python3.7/site-packages/airflow/example_dags/example_time_delta_sensor_async.py for tasks to queue
[2022-12-10T08:58:57.402+0000] {logging_mixin.py:137} INFO - [2022-12-10T08:58:57.402+0000] {dagbag.py:537} INFO - Filling up the DagBag from /home/airflow/.local/lib/python3.7/site-packages/airflow/example_dags/example_time_delta_sensor_async.py
[2022-12-10T08:58:57.411+0000] {processor.py:766} INFO - DAG(s) dict_keys(['example_time_delta_sensor_async']) retrieved from /home/airflow/.local/lib/python3.7/site-packages/airflow/example_dags/example_time_delta_sensor_async.py
[2022-12-10T08:58:57.557+0000] {logging_mixin.py:137} INFO - [2022-12-10T08:58:57.557+0000] {dag.py:2585} INFO - Sync 1 DAGs
[2022-12-10T08:58:57.572+0000] {logging_mixin.py:137} INFO - [2022-12-10T08:58:57.572+0000] {dag.py:3340} INFO - Setting next_dagrun for example_time_delta_sensor_async to None, run_after=None
[2022-12-10T08:58:57.584+0000] {processor.py:176} INFO - Processing /home/airflow/.local/lib/python3.7/site-packages/airflow/example_dags/example_time_delta_sensor_async.py took 0.186 seconds
[2022-12-10T10:34:17.051+0000] {processor.py:154} INFO - Started process (PID=48391) to work on /home/airflow/.local/lib/python3.7/site-packages/airflow/example_dags/example_time_delta_sensor_async.py
[2022-12-10T10:34:17.053+0000] {processor.py:756} INFO - Processing file /home/airflow/.local/lib/python3.7/site-packages/airflow/example_dags/example_time_delta_sensor_async.py for tasks to queue
[2022-12-10T10:34:17.055+0000] {logging_mixin.py:137} INFO - [2022-12-10T10:34:17.055+0000] {dagbag.py:537} INFO - Filling up the DagBag from /home/airflow/.local/lib/python3.7/site-packages/airflow/example_dags/example_time_delta_sensor_async.py
[2022-12-10T10:34:17.069+0000] {processor.py:766} INFO - DAG(s) dict_keys(['example_time_delta_sensor_async']) retrieved from /home/airflow/.local/lib/python3.7/site-packages/airflow/example_dags/example_time_delta_sensor_async.py
[2022-12-10T10:34:17.233+0000] {logging_mixin.py:137} INFO - [2022-12-10T10:34:17.233+0000] {dag.py:2585} INFO - Sync 1 DAGs
[2022-12-10T10:34:17.251+0000] {logging_mixin.py:137} INFO - [2022-12-10T10:34:17.251+0000] {dag.py:3340} INFO - Setting next_dagrun for example_time_delta_sensor_async to None, run_after=None
[2022-12-10T10:34:17.267+0000] {processor.py:176} INFO - Processing /home/airflow/.local/lib/python3.7/site-packages/airflow/example_dags/example_time_delta_sensor_async.py took 0.219 seconds
[2022-12-10T11:57:24.137+0000] {processor.py:154} INFO - Started process (PID=48459) to work on /home/airflow/.local/lib/python3.7/site-packages/airflow/example_dags/example_time_delta_sensor_async.py
[2022-12-10T11:57:24.140+0000] {processor.py:756} INFO - Processing file /home/airflow/.local/lib/python3.7/site-packages/airflow/example_dags/example_time_delta_sensor_async.py for tasks to queue
[2022-12-10T11:57:24.142+0000] {logging_mixin.py:137} INFO - [2022-12-10T11:57:24.141+0000] {dagbag.py:537} INFO - Filling up the DagBag from /home/airflow/.local/lib/python3.7/site-packages/airflow/example_dags/example_time_delta_sensor_async.py
[2022-12-10T11:57:24.153+0000] {processor.py:766} INFO - DAG(s) dict_keys(['example_time_delta_sensor_async']) retrieved from /home/airflow/.local/lib/python3.7/site-packages/airflow/example_dags/example_time_delta_sensor_async.py
[2022-12-10T11:57:24.291+0000] {logging_mixin.py:137} INFO - [2022-12-10T11:57:24.291+0000] {dag.py:2585} INFO - Sync 1 DAGs
[2022-12-10T11:57:24.310+0000] {logging_mixin.py:137} INFO - [2022-12-10T11:57:24.310+0000] {dag.py:3340} INFO - Setting next_dagrun for example_time_delta_sensor_async to None, run_after=None
[2022-12-10T11:57:24.323+0000] {processor.py:176} INFO - Processing /home/airflow/.local/lib/python3.7/site-packages/airflow/example_dags/example_time_delta_sensor_async.py took 0.188 seconds
[2022-12-10T13:36:24.604+0000] {processor.py:154} INFO - Started process (PID=48523) to work on /home/airflow/.local/lib/python3.7/site-packages/airflow/example_dags/example_time_delta_sensor_async.py
[2022-12-10T13:36:24.608+0000] {processor.py:756} INFO - Processing file /home/airflow/.local/lib/python3.7/site-packages/airflow/example_dags/example_time_delta_sensor_async.py for tasks to queue
[2022-12-10T13:36:24.614+0000] {logging_mixin.py:137} INFO - [2022-12-10T13:36:24.614+0000] {dagbag.py:537} INFO - Filling up the DagBag from /home/airflow/.local/lib/python3.7/site-packages/airflow/example_dags/example_time_delta_sensor_async.py
[2022-12-10T13:36:24.630+0000] {processor.py:766} INFO - DAG(s) dict_keys(['example_time_delta_sensor_async']) retrieved from /home/airflow/.local/lib/python3.7/site-packages/airflow/example_dags/example_time_delta_sensor_async.py
[2022-12-10T13:36:24.823+0000] {logging_mixin.py:137} INFO - [2022-12-10T13:36:24.823+0000] {dag.py:2585} INFO - Sync 1 DAGs
[2022-12-10T13:36:24.843+0000] {logging_mixin.py:137} INFO - [2022-12-10T13:36:24.843+0000] {dag.py:3340} INFO - Setting next_dagrun for example_time_delta_sensor_async to None, run_after=None
[2022-12-10T13:36:24.859+0000] {processor.py:176} INFO - Processing /home/airflow/.local/lib/python3.7/site-packages/airflow/example_dags/example_time_delta_sensor_async.py took 0.259 seconds
[2022-12-10T15:01:34.331+0000] {processor.py:154} INFO - Started process (PID=48583) to work on /home/airflow/.local/lib/python3.7/site-packages/airflow/example_dags/example_time_delta_sensor_async.py
[2022-12-10T15:01:34.334+0000] {processor.py:756} INFO - Processing file /home/airflow/.local/lib/python3.7/site-packages/airflow/example_dags/example_time_delta_sensor_async.py for tasks to queue
[2022-12-10T15:01:34.335+0000] {logging_mixin.py:137} INFO - [2022-12-10T15:01:34.335+0000] {dagbag.py:537} INFO - Filling up the DagBag from /home/airflow/.local/lib/python3.7/site-packages/airflow/example_dags/example_time_delta_sensor_async.py
[2022-12-10T15:01:34.344+0000] {processor.py:766} INFO - DAG(s) dict_keys(['example_time_delta_sensor_async']) retrieved from /home/airflow/.local/lib/python3.7/site-packages/airflow/example_dags/example_time_delta_sensor_async.py
[2022-12-10T15:01:34.488+0000] {logging_mixin.py:137} INFO - [2022-12-10T15:01:34.488+0000] {dag.py:2585} INFO - Sync 1 DAGs
[2022-12-10T15:01:34.507+0000] {logging_mixin.py:137} INFO - [2022-12-10T15:01:34.507+0000] {dag.py:3340} INFO - Setting next_dagrun for example_time_delta_sensor_async to None, run_after=None
[2022-12-10T15:01:34.519+0000] {processor.py:176} INFO - Processing /home/airflow/.local/lib/python3.7/site-packages/airflow/example_dags/example_time_delta_sensor_async.py took 0.190 seconds
[2022-12-10T16:44:40.433+0000] {processor.py:154} INFO - Started process (PID=48653) to work on /home/airflow/.local/lib/python3.7/site-packages/airflow/example_dags/example_time_delta_sensor_async.py
[2022-12-10T16:44:40.435+0000] {processor.py:756} INFO - Processing file /home/airflow/.local/lib/python3.7/site-packages/airflow/example_dags/example_time_delta_sensor_async.py for tasks to queue
[2022-12-10T16:44:40.436+0000] {logging_mixin.py:137} INFO - [2022-12-10T16:44:40.436+0000] {dagbag.py:537} INFO - Filling up the DagBag from /home/airflow/.local/lib/python3.7/site-packages/airflow/example_dags/example_time_delta_sensor_async.py
[2022-12-10T16:44:40.449+0000] {processor.py:766} INFO - DAG(s) dict_keys(['example_time_delta_sensor_async']) retrieved from /home/airflow/.local/lib/python3.7/site-packages/airflow/example_dags/example_time_delta_sensor_async.py
[2022-12-10T16:44:40.616+0000] {logging_mixin.py:137} INFO - [2022-12-10T16:44:40.616+0000] {dag.py:2585} INFO - Sync 1 DAGs
[2022-12-10T16:44:40.651+0000] {logging_mixin.py:137} INFO - [2022-12-10T16:44:40.651+0000] {dag.py:3340} INFO - Setting next_dagrun for example_time_delta_sensor_async to None, run_after=None
[2022-12-10T16:44:40.673+0000] {processor.py:176} INFO - Processing /home/airflow/.local/lib/python3.7/site-packages/airflow/example_dags/example_time_delta_sensor_async.py took 0.242 seconds
[2022-12-10T18:09:51.672+0000] {processor.py:154} INFO - Started process (PID=48720) to work on /home/airflow/.local/lib/python3.7/site-packages/airflow/example_dags/example_time_delta_sensor_async.py
[2022-12-10T18:09:51.674+0000] {processor.py:756} INFO - Processing file /home/airflow/.local/lib/python3.7/site-packages/airflow/example_dags/example_time_delta_sensor_async.py for tasks to queue
[2022-12-10T18:09:51.677+0000] {logging_mixin.py:137} INFO - [2022-12-10T18:09:51.677+0000] {dagbag.py:537} INFO - Filling up the DagBag from /home/airflow/.local/lib/python3.7/site-packages/airflow/example_dags/example_time_delta_sensor_async.py
[2022-12-10T18:09:51.687+0000] {processor.py:766} INFO - DAG(s) dict_keys(['example_time_delta_sensor_async']) retrieved from /home/airflow/.local/lib/python3.7/site-packages/airflow/example_dags/example_time_delta_sensor_async.py
[2022-12-10T18:09:51.834+0000] {logging_mixin.py:137} INFO - [2022-12-10T18:09:51.834+0000] {dag.py:2585} INFO - Sync 1 DAGs
[2022-12-10T18:09:51.853+0000] {logging_mixin.py:137} INFO - [2022-12-10T18:09:51.853+0000] {dag.py:3340} INFO - Setting next_dagrun for example_time_delta_sensor_async to None, run_after=None
[2022-12-10T18:09:51.869+0000] {processor.py:176} INFO - Processing /home/airflow/.local/lib/python3.7/site-packages/airflow/example_dags/example_time_delta_sensor_async.py took 0.201 seconds
[2022-12-10T19:51:56.141+0000] {processor.py:154} INFO - Started process (PID=48785) to work on /home/airflow/.local/lib/python3.7/site-packages/airflow/example_dags/example_time_delta_sensor_async.py
[2022-12-10T19:51:56.144+0000] {processor.py:756} INFO - Processing file /home/airflow/.local/lib/python3.7/site-packages/airflow/example_dags/example_time_delta_sensor_async.py for tasks to queue
[2022-12-10T19:51:56.146+0000] {logging_mixin.py:137} INFO - [2022-12-10T19:51:56.145+0000] {dagbag.py:537} INFO - Filling up the DagBag from /home/airflow/.local/lib/python3.7/site-packages/airflow/example_dags/example_time_delta_sensor_async.py
[2022-12-10T19:51:56.158+0000] {processor.py:766} INFO - DAG(s) dict_keys(['example_time_delta_sensor_async']) retrieved from /home/airflow/.local/lib/python3.7/site-packages/airflow/example_dags/example_time_delta_sensor_async.py
[2022-12-10T19:51:56.333+0000] {logging_mixin.py:137} INFO - [2022-12-10T19:51:56.333+0000] {dag.py:2585} INFO - Sync 1 DAGs
[2022-12-10T19:51:56.357+0000] {logging_mixin.py:137} INFO - [2022-12-10T19:51:56.357+0000] {dag.py:3340} INFO - Setting next_dagrun for example_time_delta_sensor_async to None, run_after=None
[2022-12-10T19:51:56.378+0000] {processor.py:176} INFO - Processing /home/airflow/.local/lib/python3.7/site-packages/airflow/example_dags/example_time_delta_sensor_async.py took 0.240 seconds
[2022-12-10T21:32:05.491+0000] {processor.py:154} INFO - Started process (PID=48843) to work on /home/airflow/.local/lib/python3.7/site-packages/airflow/example_dags/example_time_delta_sensor_async.py
[2022-12-10T21:32:05.492+0000] {processor.py:756} INFO - Processing file /home/airflow/.local/lib/python3.7/site-packages/airflow/example_dags/example_time_delta_sensor_async.py for tasks to queue
[2022-12-10T21:32:05.494+0000] {logging_mixin.py:137} INFO - [2022-12-10T21:32:05.494+0000] {dagbag.py:537} INFO - Filling up the DagBag from /home/airflow/.local/lib/python3.7/site-packages/airflow/example_dags/example_time_delta_sensor_async.py
[2022-12-10T21:32:05.505+0000] {processor.py:766} INFO - DAG(s) dict_keys(['example_time_delta_sensor_async']) retrieved from /home/airflow/.local/lib/python3.7/site-packages/airflow/example_dags/example_time_delta_sensor_async.py
[2022-12-10T21:32:05.645+0000] {logging_mixin.py:137} INFO - [2022-12-10T21:32:05.645+0000] {dag.py:2585} INFO - Sync 1 DAGs
[2022-12-10T21:32:05.663+0000] {logging_mixin.py:137} INFO - [2022-12-10T21:32:05.663+0000] {dag.py:3340} INFO - Setting next_dagrun for example_time_delta_sensor_async to None, run_after=None
[2022-12-10T21:32:05.676+0000] {processor.py:176} INFO - Processing /home/airflow/.local/lib/python3.7/site-packages/airflow/example_dags/example_time_delta_sensor_async.py took 0.189 seconds
[2022-12-10T22:56:10.288+0000] {processor.py:154} INFO - Started process (PID=48911) to work on /home/airflow/.local/lib/python3.7/site-packages/airflow/example_dags/example_time_delta_sensor_async.py
[2022-12-10T22:56:10.290+0000] {processor.py:756} INFO - Processing file /home/airflow/.local/lib/python3.7/site-packages/airflow/example_dags/example_time_delta_sensor_async.py for tasks to queue
[2022-12-10T22:56:10.291+0000] {logging_mixin.py:137} INFO - [2022-12-10T22:56:10.291+0000] {dagbag.py:537} INFO - Filling up the DagBag from /home/airflow/.local/lib/python3.7/site-packages/airflow/example_dags/example_time_delta_sensor_async.py
[2022-12-10T22:56:10.303+0000] {processor.py:766} INFO - DAG(s) dict_keys(['example_time_delta_sensor_async']) retrieved from /home/airflow/.local/lib/python3.7/site-packages/airflow/example_dags/example_time_delta_sensor_async.py
[2022-12-10T22:56:10.424+0000] {logging_mixin.py:137} INFO - [2022-12-10T22:56:10.424+0000] {dag.py:2585} INFO - Sync 1 DAGs
[2022-12-10T22:56:10.438+0000] {logging_mixin.py:137} INFO - [2022-12-10T22:56:10.438+0000] {dag.py:3340} INFO - Setting next_dagrun for example_time_delta_sensor_async to None, run_after=None
[2022-12-10T22:56:10.452+0000] {processor.py:176} INFO - Processing /home/airflow/.local/lib/python3.7/site-packages/airflow/example_dags/example_time_delta_sensor_async.py took 0.166 seconds
[2022-12-10T23:54:29.150+0000] {processor.py:154} INFO - Started process (PID=48978) to work on /home/airflow/.local/lib/python3.7/site-packages/airflow/example_dags/example_time_delta_sensor_async.py
[2022-12-10T23:54:29.151+0000] {processor.py:756} INFO - Processing file /home/airflow/.local/lib/python3.7/site-packages/airflow/example_dags/example_time_delta_sensor_async.py for tasks to queue
[2022-12-10T23:54:29.153+0000] {logging_mixin.py:137} INFO - [2022-12-10T23:54:29.153+0000] {dagbag.py:537} INFO - Filling up the DagBag from /home/airflow/.local/lib/python3.7/site-packages/airflow/example_dags/example_time_delta_sensor_async.py
[2022-12-10T23:54:29.162+0000] {processor.py:766} INFO - DAG(s) dict_keys(['example_time_delta_sensor_async']) retrieved from /home/airflow/.local/lib/python3.7/site-packages/airflow/example_dags/example_time_delta_sensor_async.py
[2022-12-10T23:54:29.290+0000] {logging_mixin.py:137} INFO - [2022-12-10T23:54:29.290+0000] {dag.py:2585} INFO - Sync 1 DAGs
[2022-12-10T23:54:29.305+0000] {logging_mixin.py:137} INFO - [2022-12-10T23:54:29.305+0000] {dag.py:3340} INFO - Setting next_dagrun for example_time_delta_sensor_async to None, run_after=None
[2022-12-10T23:54:29.317+0000] {processor.py:176} INFO - Processing /home/airflow/.local/lib/python3.7/site-packages/airflow/example_dags/example_time_delta_sensor_async.py took 0.169 seconds
