[2022-12-10T01:13:56.410+0000] {processor.py:154} INFO - Started process (PID=47945) to work on /home/airflow/.local/lib/python3.7/site-packages/airflow/example_dags/example_latest_only_with_trigger.py
[2022-12-10T01:13:56.412+0000] {processor.py:756} INFO - Processing file /home/airflow/.local/lib/python3.7/site-packages/airflow/example_dags/example_latest_only_with_trigger.py for tasks to queue
[2022-12-10T01:13:56.415+0000] {logging_mixin.py:137} INFO - [2022-12-10T01:13:56.415+0000] {dagbag.py:537} INFO - Filling up the DagBag from /home/airflow/.local/lib/python3.7/site-packages/airflow/example_dags/example_latest_only_with_trigger.py
[2022-12-10T01:13:56.433+0000] {processor.py:766} INFO - DAG(s) dict_keys(['latest_only_with_trigger']) retrieved from /home/airflow/.local/lib/python3.7/site-packages/airflow/example_dags/example_latest_only_with_trigger.py
[2022-12-10T01:13:56.482+0000] {logging_mixin.py:137} INFO - [2022-12-10T01:13:56.482+0000] {dag.py:2585} INFO - Sync 1 DAGs
[2022-12-10T01:13:56.507+0000] {logging_mixin.py:137} INFO - [2022-12-10T01:13:56.507+0000] {dag.py:3340} INFO - Setting next_dagrun for latest_only_with_trigger to 2022-12-09T21:13:56.506898+00:00, run_after=2022-12-10T01:13:56.506898+00:00
[2022-12-10T01:13:56.526+0000] {processor.py:176} INFO - Processing /home/airflow/.local/lib/python3.7/site-packages/airflow/example_dags/example_latest_only_with_trigger.py took 0.119 seconds
[2022-12-10T02:35:29.936+0000] {processor.py:154} INFO - Started process (PID=48002) to work on /home/airflow/.local/lib/python3.7/site-packages/airflow/example_dags/example_latest_only_with_trigger.py
[2022-12-10T02:35:29.938+0000] {processor.py:756} INFO - Processing file /home/airflow/.local/lib/python3.7/site-packages/airflow/example_dags/example_latest_only_with_trigger.py for tasks to queue
[2022-12-10T02:35:29.939+0000] {logging_mixin.py:137} INFO - [2022-12-10T02:35:29.939+0000] {dagbag.py:537} INFO - Filling up the DagBag from /home/airflow/.local/lib/python3.7/site-packages/airflow/example_dags/example_latest_only_with_trigger.py
[2022-12-10T02:35:29.949+0000] {processor.py:766} INFO - DAG(s) dict_keys(['latest_only_with_trigger']) retrieved from /home/airflow/.local/lib/python3.7/site-packages/airflow/example_dags/example_latest_only_with_trigger.py
[2022-12-10T02:35:29.976+0000] {logging_mixin.py:137} INFO - [2022-12-10T02:35:29.976+0000] {dag.py:2585} INFO - Sync 1 DAGs
[2022-12-10T02:35:29.994+0000] {logging_mixin.py:137} INFO - [2022-12-10T02:35:29.994+0000] {dag.py:3340} INFO - Setting next_dagrun for latest_only_with_trigger to 2022-12-09T22:35:29.994682+00:00, run_after=2022-12-10T02:35:29.994682+00:00
[2022-12-10T02:35:30.008+0000] {processor.py:176} INFO - Processing /home/airflow/.local/lib/python3.7/site-packages/airflow/example_dags/example_latest_only_with_trigger.py took 0.074 seconds
[2022-12-10T03:43:50.376+0000] {processor.py:154} INFO - Started process (PID=48067) to work on /home/airflow/.local/lib/python3.7/site-packages/airflow/example_dags/example_latest_only_with_trigger.py
[2022-12-10T03:43:50.379+0000] {processor.py:756} INFO - Processing file /home/airflow/.local/lib/python3.7/site-packages/airflow/example_dags/example_latest_only_with_trigger.py for tasks to queue
[2022-12-10T03:43:50.381+0000] {logging_mixin.py:137} INFO - [2022-12-10T03:43:50.381+0000] {dagbag.py:537} INFO - Filling up the DagBag from /home/airflow/.local/lib/python3.7/site-packages/airflow/example_dags/example_latest_only_with_trigger.py
[2022-12-10T03:43:50.404+0000] {processor.py:766} INFO - DAG(s) dict_keys(['latest_only_with_trigger']) retrieved from /home/airflow/.local/lib/python3.7/site-packages/airflow/example_dags/example_latest_only_with_trigger.py
[2022-12-10T03:43:50.462+0000] {logging_mixin.py:137} INFO - [2022-12-10T03:43:50.462+0000] {dag.py:2585} INFO - Sync 1 DAGs
[2022-12-10T03:43:50.483+0000] {logging_mixin.py:137} INFO - [2022-12-10T03:43:50.483+0000] {dag.py:3340} INFO - Setting next_dagrun for latest_only_with_trigger to 2022-12-09T23:43:50.483317+00:00, run_after=2022-12-10T03:43:50.483317+00:00
[2022-12-10T03:43:50.507+0000] {processor.py:176} INFO - Processing /home/airflow/.local/lib/python3.7/site-packages/airflow/example_dags/example_latest_only_with_trigger.py took 0.135 seconds
[2022-12-10T04:16:19.592+0000] {processor.py:154} INFO - Started process (PID=48134) to work on /home/airflow/.local/lib/python3.7/site-packages/airflow/example_dags/example_latest_only_with_trigger.py
[2022-12-10T04:16:19.594+0000] {processor.py:756} INFO - Processing file /home/airflow/.local/lib/python3.7/site-packages/airflow/example_dags/example_latest_only_with_trigger.py for tasks to queue
[2022-12-10T04:16:19.596+0000] {logging_mixin.py:137} INFO - [2022-12-10T04:16:19.596+0000] {dagbag.py:537} INFO - Filling up the DagBag from /home/airflow/.local/lib/python3.7/site-packages/airflow/example_dags/example_latest_only_with_trigger.py
[2022-12-10T04:16:19.608+0000] {processor.py:766} INFO - DAG(s) dict_keys(['latest_only_with_trigger']) retrieved from /home/airflow/.local/lib/python3.7/site-packages/airflow/example_dags/example_latest_only_with_trigger.py
[2022-12-10T04:16:19.645+0000] {logging_mixin.py:137} INFO - [2022-12-10T04:16:19.645+0000] {dag.py:2585} INFO - Sync 1 DAGs
[2022-12-10T04:16:19.663+0000] {logging_mixin.py:137} INFO - [2022-12-10T04:16:19.663+0000] {dag.py:3340} INFO - Setting next_dagrun for latest_only_with_trigger to 2022-12-10T00:16:19.662855+00:00, run_after=2022-12-10T04:16:19.662855+00:00
[2022-12-10T04:16:19.677+0000] {processor.py:176} INFO - Processing /home/airflow/.local/lib/python3.7/site-packages/airflow/example_dags/example_latest_only_with_trigger.py took 0.087 seconds
[2022-12-10T05:54:53.619+0000] {processor.py:154} INFO - Started process (PID=48202) to work on /home/airflow/.local/lib/python3.7/site-packages/airflow/example_dags/example_latest_only_with_trigger.py
[2022-12-10T05:54:53.621+0000] {processor.py:756} INFO - Processing file /home/airflow/.local/lib/python3.7/site-packages/airflow/example_dags/example_latest_only_with_trigger.py for tasks to queue
[2022-12-10T05:54:53.622+0000] {logging_mixin.py:137} INFO - [2022-12-10T05:54:53.622+0000] {dagbag.py:537} INFO - Filling up the DagBag from /home/airflow/.local/lib/python3.7/site-packages/airflow/example_dags/example_latest_only_with_trigger.py
[2022-12-10T05:54:53.636+0000] {processor.py:766} INFO - DAG(s) dict_keys(['latest_only_with_trigger']) retrieved from /home/airflow/.local/lib/python3.7/site-packages/airflow/example_dags/example_latest_only_with_trigger.py
[2022-12-10T05:54:53.671+0000] {logging_mixin.py:137} INFO - [2022-12-10T05:54:53.671+0000] {dag.py:2585} INFO - Sync 1 DAGs
[2022-12-10T05:54:53.690+0000] {logging_mixin.py:137} INFO - [2022-12-10T05:54:53.690+0000] {dag.py:3340} INFO - Setting next_dagrun for latest_only_with_trigger to 2022-12-10T01:54:53.690525+00:00, run_after=2022-12-10T05:54:53.690525+00:00
[2022-12-10T05:54:53.707+0000] {processor.py:176} INFO - Processing /home/airflow/.local/lib/python3.7/site-packages/airflow/example_dags/example_latest_only_with_trigger.py took 0.091 seconds
[2022-12-10T07:18:16.257+0000] {processor.py:154} INFO - Started process (PID=48261) to work on /home/airflow/.local/lib/python3.7/site-packages/airflow/example_dags/example_latest_only_with_trigger.py
[2022-12-10T07:18:16.259+0000] {processor.py:756} INFO - Processing file /home/airflow/.local/lib/python3.7/site-packages/airflow/example_dags/example_latest_only_with_trigger.py for tasks to queue
[2022-12-10T07:18:16.260+0000] {logging_mixin.py:137} INFO - [2022-12-10T07:18:16.260+0000] {dagbag.py:537} INFO - Filling up the DagBag from /home/airflow/.local/lib/python3.7/site-packages/airflow/example_dags/example_latest_only_with_trigger.py
[2022-12-10T07:18:16.270+0000] {processor.py:766} INFO - DAG(s) dict_keys(['latest_only_with_trigger']) retrieved from /home/airflow/.local/lib/python3.7/site-packages/airflow/example_dags/example_latest_only_with_trigger.py
[2022-12-10T07:18:16.299+0000] {logging_mixin.py:137} INFO - [2022-12-10T07:18:16.299+0000] {dag.py:2585} INFO - Sync 1 DAGs
[2022-12-10T07:18:16.315+0000] {logging_mixin.py:137} INFO - [2022-12-10T07:18:16.315+0000] {dag.py:3340} INFO - Setting next_dagrun for latest_only_with_trigger to 2022-12-10T03:18:16.315228+00:00, run_after=2022-12-10T07:18:16.315228+00:00
[2022-12-10T07:18:16.327+0000] {processor.py:176} INFO - Processing /home/airflow/.local/lib/python3.7/site-packages/airflow/example_dags/example_latest_only_with_trigger.py took 0.072 seconds
[2022-12-10T08:58:57.843+0000] {processor.py:154} INFO - Started process (PID=48329) to work on /home/airflow/.local/lib/python3.7/site-packages/airflow/example_dags/example_latest_only_with_trigger.py
[2022-12-10T08:58:57.845+0000] {processor.py:756} INFO - Processing file /home/airflow/.local/lib/python3.7/site-packages/airflow/example_dags/example_latest_only_with_trigger.py for tasks to queue
[2022-12-10T08:58:57.846+0000] {logging_mixin.py:137} INFO - [2022-12-10T08:58:57.846+0000] {dagbag.py:537} INFO - Filling up the DagBag from /home/airflow/.local/lib/python3.7/site-packages/airflow/example_dags/example_latest_only_with_trigger.py
[2022-12-10T08:58:57.856+0000] {processor.py:766} INFO - DAG(s) dict_keys(['latest_only_with_trigger']) retrieved from /home/airflow/.local/lib/python3.7/site-packages/airflow/example_dags/example_latest_only_with_trigger.py
[2022-12-10T08:58:57.887+0000] {logging_mixin.py:137} INFO - [2022-12-10T08:58:57.887+0000] {dag.py:2585} INFO - Sync 1 DAGs
[2022-12-10T08:58:57.908+0000] {logging_mixin.py:137} INFO - [2022-12-10T08:58:57.908+0000] {dag.py:3340} INFO - Setting next_dagrun for latest_only_with_trigger to 2022-12-10T04:58:57.908467+00:00, run_after=2022-12-10T08:58:57.908467+00:00
[2022-12-10T08:58:57.920+0000] {processor.py:176} INFO - Processing /home/airflow/.local/lib/python3.7/site-packages/airflow/example_dags/example_latest_only_with_trigger.py took 0.079 seconds
[2022-12-10T10:34:17.487+0000] {processor.py:154} INFO - Started process (PID=48396) to work on /home/airflow/.local/lib/python3.7/site-packages/airflow/example_dags/example_latest_only_with_trigger.py
[2022-12-10T10:34:17.489+0000] {processor.py:756} INFO - Processing file /home/airflow/.local/lib/python3.7/site-packages/airflow/example_dags/example_latest_only_with_trigger.py for tasks to queue
[2022-12-10T10:34:17.492+0000] {logging_mixin.py:137} INFO - [2022-12-10T10:34:17.492+0000] {dagbag.py:537} INFO - Filling up the DagBag from /home/airflow/.local/lib/python3.7/site-packages/airflow/example_dags/example_latest_only_with_trigger.py
[2022-12-10T10:34:17.505+0000] {processor.py:766} INFO - DAG(s) dict_keys(['latest_only_with_trigger']) retrieved from /home/airflow/.local/lib/python3.7/site-packages/airflow/example_dags/example_latest_only_with_trigger.py
[2022-12-10T10:34:17.561+0000] {logging_mixin.py:137} INFO - [2022-12-10T10:34:17.561+0000] {dag.py:2585} INFO - Sync 1 DAGs
[2022-12-10T10:34:17.595+0000] {logging_mixin.py:137} INFO - [2022-12-10T10:34:17.595+0000] {dag.py:3340} INFO - Setting next_dagrun for latest_only_with_trigger to 2022-12-10T06:34:17.595086+00:00, run_after=2022-12-10T10:34:17.595086+00:00
[2022-12-10T10:34:17.616+0000] {processor.py:176} INFO - Processing /home/airflow/.local/lib/python3.7/site-packages/airflow/example_dags/example_latest_only_with_trigger.py took 0.132 seconds
[2022-12-10T11:57:24.858+0000] {processor.py:154} INFO - Started process (PID=48464) to work on /home/airflow/.local/lib/python3.7/site-packages/airflow/example_dags/example_latest_only_with_trigger.py
[2022-12-10T11:57:24.861+0000] {processor.py:756} INFO - Processing file /home/airflow/.local/lib/python3.7/site-packages/airflow/example_dags/example_latest_only_with_trigger.py for tasks to queue
[2022-12-10T11:57:24.862+0000] {logging_mixin.py:137} INFO - [2022-12-10T11:57:24.862+0000] {dagbag.py:537} INFO - Filling up the DagBag from /home/airflow/.local/lib/python3.7/site-packages/airflow/example_dags/example_latest_only_with_trigger.py
[2022-12-10T11:57:24.876+0000] {processor.py:766} INFO - DAG(s) dict_keys(['latest_only_with_trigger']) retrieved from /home/airflow/.local/lib/python3.7/site-packages/airflow/example_dags/example_latest_only_with_trigger.py
[2022-12-10T11:57:24.908+0000] {logging_mixin.py:137} INFO - [2022-12-10T11:57:24.908+0000] {dag.py:2585} INFO - Sync 1 DAGs
[2022-12-10T11:57:24.926+0000] {logging_mixin.py:137} INFO - [2022-12-10T11:57:24.926+0000] {dag.py:3340} INFO - Setting next_dagrun for latest_only_with_trigger to 2022-12-10T07:57:24.926683+00:00, run_after=2022-12-10T11:57:24.926683+00:00
[2022-12-10T11:57:24.946+0000] {processor.py:176} INFO - Processing /home/airflow/.local/lib/python3.7/site-packages/airflow/example_dags/example_latest_only_with_trigger.py took 0.090 seconds
[2022-12-10T13:36:25.083+0000] {processor.py:154} INFO - Started process (PID=48531) to work on /home/airflow/.local/lib/python3.7/site-packages/airflow/example_dags/example_latest_only_with_trigger.py
[2022-12-10T13:36:25.088+0000] {processor.py:756} INFO - Processing file /home/airflow/.local/lib/python3.7/site-packages/airflow/example_dags/example_latest_only_with_trigger.py for tasks to queue
[2022-12-10T13:36:25.090+0000] {logging_mixin.py:137} INFO - [2022-12-10T13:36:25.090+0000] {dagbag.py:537} INFO - Filling up the DagBag from /home/airflow/.local/lib/python3.7/site-packages/airflow/example_dags/example_latest_only_with_trigger.py
[2022-12-10T13:36:25.109+0000] {processor.py:766} INFO - DAG(s) dict_keys(['latest_only_with_trigger']) retrieved from /home/airflow/.local/lib/python3.7/site-packages/airflow/example_dags/example_latest_only_with_trigger.py
[2022-12-10T13:36:25.154+0000] {logging_mixin.py:137} INFO - [2022-12-10T13:36:25.154+0000] {dag.py:2585} INFO - Sync 1 DAGs
[2022-12-10T13:36:25.176+0000] {logging_mixin.py:137} INFO - [2022-12-10T13:36:25.176+0000] {dag.py:3340} INFO - Setting next_dagrun for latest_only_with_trigger to 2022-12-10T09:36:25.176157+00:00, run_after=2022-12-10T13:36:25.176157+00:00
[2022-12-10T13:36:25.196+0000] {processor.py:176} INFO - Processing /home/airflow/.local/lib/python3.7/site-packages/airflow/example_dags/example_latest_only_with_trigger.py took 0.118 seconds
[2022-12-10T15:01:34.765+0000] {processor.py:154} INFO - Started process (PID=48588) to work on /home/airflow/.local/lib/python3.7/site-packages/airflow/example_dags/example_latest_only_with_trigger.py
[2022-12-10T15:01:34.767+0000] {processor.py:756} INFO - Processing file /home/airflow/.local/lib/python3.7/site-packages/airflow/example_dags/example_latest_only_with_trigger.py for tasks to queue
[2022-12-10T15:01:34.769+0000] {logging_mixin.py:137} INFO - [2022-12-10T15:01:34.769+0000] {dagbag.py:537} INFO - Filling up the DagBag from /home/airflow/.local/lib/python3.7/site-packages/airflow/example_dags/example_latest_only_with_trigger.py
[2022-12-10T15:01:34.785+0000] {processor.py:766} INFO - DAG(s) dict_keys(['latest_only_with_trigger']) retrieved from /home/airflow/.local/lib/python3.7/site-packages/airflow/example_dags/example_latest_only_with_trigger.py
[2022-12-10T15:01:34.832+0000] {logging_mixin.py:137} INFO - [2022-12-10T15:01:34.832+0000] {dag.py:2585} INFO - Sync 1 DAGs
[2022-12-10T15:01:34.852+0000] {logging_mixin.py:137} INFO - [2022-12-10T15:01:34.852+0000] {dag.py:3340} INFO - Setting next_dagrun for latest_only_with_trigger to 2022-12-10T11:01:34.852328+00:00, run_after=2022-12-10T15:01:34.852328+00:00
[2022-12-10T15:01:34.866+0000] {processor.py:176} INFO - Processing /home/airflow/.local/lib/python3.7/site-packages/airflow/example_dags/example_latest_only_with_trigger.py took 0.104 seconds
[2022-12-10T16:44:40.950+0000] {processor.py:154} INFO - Started process (PID=48658) to work on /home/airflow/.local/lib/python3.7/site-packages/airflow/example_dags/example_latest_only_with_trigger.py
[2022-12-10T16:44:40.952+0000] {processor.py:756} INFO - Processing file /home/airflow/.local/lib/python3.7/site-packages/airflow/example_dags/example_latest_only_with_trigger.py for tasks to queue
[2022-12-10T16:44:40.953+0000] {logging_mixin.py:137} INFO - [2022-12-10T16:44:40.953+0000] {dagbag.py:537} INFO - Filling up the DagBag from /home/airflow/.local/lib/python3.7/site-packages/airflow/example_dags/example_latest_only_with_trigger.py
[2022-12-10T16:44:40.965+0000] {processor.py:766} INFO - DAG(s) dict_keys(['latest_only_with_trigger']) retrieved from /home/airflow/.local/lib/python3.7/site-packages/airflow/example_dags/example_latest_only_with_trigger.py
[2022-12-10T16:44:40.998+0000] {logging_mixin.py:137} INFO - [2022-12-10T16:44:40.998+0000] {dag.py:2585} INFO - Sync 1 DAGs
[2022-12-10T16:44:41.015+0000] {logging_mixin.py:137} INFO - [2022-12-10T16:44:41.015+0000] {dag.py:3340} INFO - Setting next_dagrun for latest_only_with_trigger to 2022-12-10T12:44:41.015421+00:00, run_after=2022-12-10T16:44:41.015421+00:00
[2022-12-10T16:44:41.029+0000] {processor.py:176} INFO - Processing /home/airflow/.local/lib/python3.7/site-packages/airflow/example_dags/example_latest_only_with_trigger.py took 0.082 seconds
[2022-12-10T18:09:52.146+0000] {processor.py:154} INFO - Started process (PID=48725) to work on /home/airflow/.local/lib/python3.7/site-packages/airflow/example_dags/example_latest_only_with_trigger.py
[2022-12-10T18:09:52.149+0000] {processor.py:756} INFO - Processing file /home/airflow/.local/lib/python3.7/site-packages/airflow/example_dags/example_latest_only_with_trigger.py for tasks to queue
[2022-12-10T18:09:52.150+0000] {logging_mixin.py:137} INFO - [2022-12-10T18:09:52.150+0000] {dagbag.py:537} INFO - Filling up the DagBag from /home/airflow/.local/lib/python3.7/site-packages/airflow/example_dags/example_latest_only_with_trigger.py
[2022-12-10T18:09:52.162+0000] {processor.py:766} INFO - DAG(s) dict_keys(['latest_only_with_trigger']) retrieved from /home/airflow/.local/lib/python3.7/site-packages/airflow/example_dags/example_latest_only_with_trigger.py
[2022-12-10T18:09:52.200+0000] {logging_mixin.py:137} INFO - [2022-12-10T18:09:52.200+0000] {dag.py:2585} INFO - Sync 1 DAGs
[2022-12-10T18:09:52.225+0000] {logging_mixin.py:137} INFO - [2022-12-10T18:09:52.225+0000] {dag.py:3340} INFO - Setting next_dagrun for latest_only_with_trigger to 2022-12-10T14:09:52.225050+00:00, run_after=2022-12-10T18:09:52.225050+00:00
[2022-12-10T18:09:52.256+0000] {processor.py:176} INFO - Processing /home/airflow/.local/lib/python3.7/site-packages/airflow/example_dags/example_latest_only_with_trigger.py took 0.113 seconds
[2022-12-10T19:51:56.683+0000] {processor.py:154} INFO - Started process (PID=48790) to work on /home/airflow/.local/lib/python3.7/site-packages/airflow/example_dags/example_latest_only_with_trigger.py
[2022-12-10T19:51:56.686+0000] {processor.py:756} INFO - Processing file /home/airflow/.local/lib/python3.7/site-packages/airflow/example_dags/example_latest_only_with_trigger.py for tasks to queue
[2022-12-10T19:51:56.688+0000] {logging_mixin.py:137} INFO - [2022-12-10T19:51:56.688+0000] {dagbag.py:537} INFO - Filling up the DagBag from /home/airflow/.local/lib/python3.7/site-packages/airflow/example_dags/example_latest_only_with_trigger.py
[2022-12-10T19:51:56.700+0000] {processor.py:766} INFO - DAG(s) dict_keys(['latest_only_with_trigger']) retrieved from /home/airflow/.local/lib/python3.7/site-packages/airflow/example_dags/example_latest_only_with_trigger.py
[2022-12-10T19:51:56.728+0000] {logging_mixin.py:137} INFO - [2022-12-10T19:51:56.728+0000] {dag.py:2585} INFO - Sync 1 DAGs
[2022-12-10T19:51:56.745+0000] {logging_mixin.py:137} INFO - [2022-12-10T19:51:56.745+0000] {dag.py:3340} INFO - Setting next_dagrun for latest_only_with_trigger to 2022-12-10T15:51:56.745083+00:00, run_after=2022-12-10T19:51:56.745083+00:00
[2022-12-10T19:51:56.759+0000] {processor.py:176} INFO - Processing /home/airflow/.local/lib/python3.7/site-packages/airflow/example_dags/example_latest_only_with_trigger.py took 0.078 seconds
[2022-12-10T21:32:05.901+0000] {processor.py:154} INFO - Started process (PID=48848) to work on /home/airflow/.local/lib/python3.7/site-packages/airflow/example_dags/example_latest_only_with_trigger.py
[2022-12-10T21:32:05.903+0000] {processor.py:756} INFO - Processing file /home/airflow/.local/lib/python3.7/site-packages/airflow/example_dags/example_latest_only_with_trigger.py for tasks to queue
[2022-12-10T21:32:05.904+0000] {logging_mixin.py:137} INFO - [2022-12-10T21:32:05.904+0000] {dagbag.py:537} INFO - Filling up the DagBag from /home/airflow/.local/lib/python3.7/site-packages/airflow/example_dags/example_latest_only_with_trigger.py
[2022-12-10T21:32:05.916+0000] {processor.py:766} INFO - DAG(s) dict_keys(['latest_only_with_trigger']) retrieved from /home/airflow/.local/lib/python3.7/site-packages/airflow/example_dags/example_latest_only_with_trigger.py
[2022-12-10T21:32:05.947+0000] {logging_mixin.py:137} INFO - [2022-12-10T21:32:05.947+0000] {dag.py:2585} INFO - Sync 1 DAGs
[2022-12-10T21:32:05.965+0000] {logging_mixin.py:137} INFO - [2022-12-10T21:32:05.964+0000] {dag.py:3340} INFO - Setting next_dagrun for latest_only_with_trigger to 2022-12-10T17:32:05.964786+00:00, run_after=2022-12-10T21:32:05.964786+00:00
[2022-12-10T21:32:05.978+0000] {processor.py:176} INFO - Processing /home/airflow/.local/lib/python3.7/site-packages/airflow/example_dags/example_latest_only_with_trigger.py took 0.079 seconds
[2022-12-10T22:56:10.722+0000] {processor.py:154} INFO - Started process (PID=48916) to work on /home/airflow/.local/lib/python3.7/site-packages/airflow/example_dags/example_latest_only_with_trigger.py
[2022-12-10T22:56:10.724+0000] {processor.py:756} INFO - Processing file /home/airflow/.local/lib/python3.7/site-packages/airflow/example_dags/example_latest_only_with_trigger.py for tasks to queue
[2022-12-10T22:56:10.725+0000] {logging_mixin.py:137} INFO - [2022-12-10T22:56:10.724+0000] {dagbag.py:537} INFO - Filling up the DagBag from /home/airflow/.local/lib/python3.7/site-packages/airflow/example_dags/example_latest_only_with_trigger.py
[2022-12-10T22:56:10.735+0000] {processor.py:766} INFO - DAG(s) dict_keys(['latest_only_with_trigger']) retrieved from /home/airflow/.local/lib/python3.7/site-packages/airflow/example_dags/example_latest_only_with_trigger.py
[2022-12-10T22:56:10.763+0000] {logging_mixin.py:137} INFO - [2022-12-10T22:56:10.763+0000] {dag.py:2585} INFO - Sync 1 DAGs
[2022-12-10T22:56:10.782+0000] {logging_mixin.py:137} INFO - [2022-12-10T22:56:10.782+0000] {dag.py:3340} INFO - Setting next_dagrun for latest_only_with_trigger to 2022-12-10T18:56:10.782291+00:00, run_after=2022-12-10T22:56:10.782291+00:00
[2022-12-10T22:56:10.794+0000] {processor.py:176} INFO - Processing /home/airflow/.local/lib/python3.7/site-packages/airflow/example_dags/example_latest_only_with_trigger.py took 0.075 seconds
[2022-12-10T23:54:29.505+0000] {processor.py:154} INFO - Started process (PID=48983) to work on /home/airflow/.local/lib/python3.7/site-packages/airflow/example_dags/example_latest_only_with_trigger.py
[2022-12-10T23:54:29.506+0000] {processor.py:756} INFO - Processing file /home/airflow/.local/lib/python3.7/site-packages/airflow/example_dags/example_latest_only_with_trigger.py for tasks to queue
[2022-12-10T23:54:29.508+0000] {logging_mixin.py:137} INFO - [2022-12-10T23:54:29.508+0000] {dagbag.py:537} INFO - Filling up the DagBag from /home/airflow/.local/lib/python3.7/site-packages/airflow/example_dags/example_latest_only_with_trigger.py
[2022-12-10T23:54:29.518+0000] {processor.py:766} INFO - DAG(s) dict_keys(['latest_only_with_trigger']) retrieved from /home/airflow/.local/lib/python3.7/site-packages/airflow/example_dags/example_latest_only_with_trigger.py
[2022-12-10T23:54:29.545+0000] {logging_mixin.py:137} INFO - [2022-12-10T23:54:29.545+0000] {dag.py:2585} INFO - Sync 1 DAGs
[2022-12-10T23:54:29.561+0000] {logging_mixin.py:137} INFO - [2022-12-10T23:54:29.561+0000] {dag.py:3340} INFO - Setting next_dagrun for latest_only_with_trigger to 2022-12-10T19:54:29.561651+00:00, run_after=2022-12-10T23:54:29.561651+00:00
[2022-12-10T23:54:29.574+0000] {processor.py:176} INFO - Processing /home/airflow/.local/lib/python3.7/site-packages/airflow/example_dags/example_latest_only_with_trigger.py took 0.071 seconds
