[2022-12-10T01:13:57.068+0000] {processor.py:154} INFO - Started process (PID=47955) to work on /home/airflow/.local/lib/python3.7/site-packages/airflow/example_dags/example_kubernetes_executor.py
[2022-12-10T01:13:57.070+0000] {processor.py:756} INFO - Processing file /home/airflow/.local/lib/python3.7/site-packages/airflow/example_dags/example_kubernetes_executor.py for tasks to queue
[2022-12-10T01:13:57.071+0000] {logging_mixin.py:137} INFO - [2022-12-10T01:13:57.071+0000] {dagbag.py:537} INFO - Filling up the DagBag from /home/airflow/.local/lib/python3.7/site-packages/airflow/example_dags/example_kubernetes_executor.py
[2022-12-10T01:13:57.091+0000] {processor.py:766} INFO - DAG(s) dict_keys(['example_kubernetes_executor']) retrieved from /home/airflow/.local/lib/python3.7/site-packages/airflow/example_dags/example_kubernetes_executor.py
[2022-12-10T01:13:57.124+0000] {logging_mixin.py:137} INFO - [2022-12-10T01:13:57.124+0000] {dag.py:2585} INFO - Sync 1 DAGs
[2022-12-10T01:13:57.147+0000] {logging_mixin.py:137} INFO - [2022-12-10T01:13:57.147+0000] {dag.py:3340} INFO - Setting next_dagrun for example_kubernetes_executor to None, run_after=None
[2022-12-10T01:13:57.160+0000] {processor.py:176} INFO - Processing /home/airflow/.local/lib/python3.7/site-packages/airflow/example_dags/example_kubernetes_executor.py took 0.096 seconds
[2022-12-10T02:35:30.587+0000] {processor.py:154} INFO - Started process (PID=48012) to work on /home/airflow/.local/lib/python3.7/site-packages/airflow/example_dags/example_kubernetes_executor.py
[2022-12-10T02:35:30.590+0000] {processor.py:756} INFO - Processing file /home/airflow/.local/lib/python3.7/site-packages/airflow/example_dags/example_kubernetes_executor.py for tasks to queue
[2022-12-10T02:35:30.591+0000] {logging_mixin.py:137} INFO - [2022-12-10T02:35:30.591+0000] {dagbag.py:537} INFO - Filling up the DagBag from /home/airflow/.local/lib/python3.7/site-packages/airflow/example_dags/example_kubernetes_executor.py
[2022-12-10T02:35:30.610+0000] {processor.py:766} INFO - DAG(s) dict_keys(['example_kubernetes_executor']) retrieved from /home/airflow/.local/lib/python3.7/site-packages/airflow/example_dags/example_kubernetes_executor.py
[2022-12-10T02:35:30.642+0000] {logging_mixin.py:137} INFO - [2022-12-10T02:35:30.641+0000] {dag.py:2585} INFO - Sync 1 DAGs
[2022-12-10T02:35:30.657+0000] {logging_mixin.py:137} INFO - [2022-12-10T02:35:30.656+0000] {dag.py:3340} INFO - Setting next_dagrun for example_kubernetes_executor to None, run_after=None
[2022-12-10T02:35:30.684+0000] {processor.py:176} INFO - Processing /home/airflow/.local/lib/python3.7/site-packages/airflow/example_dags/example_kubernetes_executor.py took 0.100 seconds
[2022-12-10T03:43:51.468+0000] {processor.py:154} INFO - Started process (PID=48077) to work on /home/airflow/.local/lib/python3.7/site-packages/airflow/example_dags/example_kubernetes_executor.py
[2022-12-10T03:43:51.470+0000] {processor.py:756} INFO - Processing file /home/airflow/.local/lib/python3.7/site-packages/airflow/example_dags/example_kubernetes_executor.py for tasks to queue
[2022-12-10T03:43:51.471+0000] {logging_mixin.py:137} INFO - [2022-12-10T03:43:51.471+0000] {dagbag.py:537} INFO - Filling up the DagBag from /home/airflow/.local/lib/python3.7/site-packages/airflow/example_dags/example_kubernetes_executor.py
[2022-12-10T03:43:51.495+0000] {processor.py:766} INFO - DAG(s) dict_keys(['example_kubernetes_executor']) retrieved from /home/airflow/.local/lib/python3.7/site-packages/airflow/example_dags/example_kubernetes_executor.py
[2022-12-10T03:43:51.533+0000] {logging_mixin.py:137} INFO - [2022-12-10T03:43:51.533+0000] {dag.py:2585} INFO - Sync 1 DAGs
[2022-12-10T03:43:51.554+0000] {logging_mixin.py:137} INFO - [2022-12-10T03:43:51.554+0000] {dag.py:3340} INFO - Setting next_dagrun for example_kubernetes_executor to None, run_after=None
[2022-12-10T03:43:51.569+0000] {processor.py:176} INFO - Processing /home/airflow/.local/lib/python3.7/site-packages/airflow/example_dags/example_kubernetes_executor.py took 0.104 seconds
[2022-12-10T04:16:20.161+0000] {processor.py:154} INFO - Started process (PID=48144) to work on /home/airflow/.local/lib/python3.7/site-packages/airflow/example_dags/example_kubernetes_executor.py
[2022-12-10T04:16:20.164+0000] {processor.py:756} INFO - Processing file /home/airflow/.local/lib/python3.7/site-packages/airflow/example_dags/example_kubernetes_executor.py for tasks to queue
[2022-12-10T04:16:20.165+0000] {logging_mixin.py:137} INFO - [2022-12-10T04:16:20.165+0000] {dagbag.py:537} INFO - Filling up the DagBag from /home/airflow/.local/lib/python3.7/site-packages/airflow/example_dags/example_kubernetes_executor.py
[2022-12-10T04:16:20.184+0000] {processor.py:766} INFO - DAG(s) dict_keys(['example_kubernetes_executor']) retrieved from /home/airflow/.local/lib/python3.7/site-packages/airflow/example_dags/example_kubernetes_executor.py
[2022-12-10T04:16:20.212+0000] {logging_mixin.py:137} INFO - [2022-12-10T04:16:20.212+0000] {dag.py:2585} INFO - Sync 1 DAGs
[2022-12-10T04:16:20.229+0000] {logging_mixin.py:137} INFO - [2022-12-10T04:16:20.229+0000] {dag.py:3340} INFO - Setting next_dagrun for example_kubernetes_executor to None, run_after=None
[2022-12-10T04:16:20.244+0000] {processor.py:176} INFO - Processing /home/airflow/.local/lib/python3.7/site-packages/airflow/example_dags/example_kubernetes_executor.py took 0.085 seconds
[2022-12-10T05:54:54.259+0000] {processor.py:154} INFO - Started process (PID=48212) to work on /home/airflow/.local/lib/python3.7/site-packages/airflow/example_dags/example_kubernetes_executor.py
[2022-12-10T05:54:54.261+0000] {processor.py:756} INFO - Processing file /home/airflow/.local/lib/python3.7/site-packages/airflow/example_dags/example_kubernetes_executor.py for tasks to queue
[2022-12-10T05:54:54.262+0000] {logging_mixin.py:137} INFO - [2022-12-10T05:54:54.262+0000] {dagbag.py:537} INFO - Filling up the DagBag from /home/airflow/.local/lib/python3.7/site-packages/airflow/example_dags/example_kubernetes_executor.py
[2022-12-10T05:54:54.281+0000] {processor.py:766} INFO - DAG(s) dict_keys(['example_kubernetes_executor']) retrieved from /home/airflow/.local/lib/python3.7/site-packages/airflow/example_dags/example_kubernetes_executor.py
[2022-12-10T05:54:54.310+0000] {logging_mixin.py:137} INFO - [2022-12-10T05:54:54.310+0000] {dag.py:2585} INFO - Sync 1 DAGs
[2022-12-10T05:54:54.325+0000] {logging_mixin.py:137} INFO - [2022-12-10T05:54:54.325+0000] {dag.py:3340} INFO - Setting next_dagrun for example_kubernetes_executor to None, run_after=None
[2022-12-10T05:54:54.339+0000] {processor.py:176} INFO - Processing /home/airflow/.local/lib/python3.7/site-packages/airflow/example_dags/example_kubernetes_executor.py took 0.082 seconds
[2022-12-10T07:18:16.890+0000] {processor.py:154} INFO - Started process (PID=48271) to work on /home/airflow/.local/lib/python3.7/site-packages/airflow/example_dags/example_kubernetes_executor.py
[2022-12-10T07:18:16.891+0000] {processor.py:756} INFO - Processing file /home/airflow/.local/lib/python3.7/site-packages/airflow/example_dags/example_kubernetes_executor.py for tasks to queue
[2022-12-10T07:18:16.892+0000] {logging_mixin.py:137} INFO - [2022-12-10T07:18:16.892+0000] {dagbag.py:537} INFO - Filling up the DagBag from /home/airflow/.local/lib/python3.7/site-packages/airflow/example_dags/example_kubernetes_executor.py
[2022-12-10T07:18:16.913+0000] {processor.py:766} INFO - DAG(s) dict_keys(['example_kubernetes_executor']) retrieved from /home/airflow/.local/lib/python3.7/site-packages/airflow/example_dags/example_kubernetes_executor.py
[2022-12-10T07:18:16.947+0000] {logging_mixin.py:137} INFO - [2022-12-10T07:18:16.947+0000] {dag.py:2585} INFO - Sync 1 DAGs
[2022-12-10T07:18:16.967+0000] {logging_mixin.py:137} INFO - [2022-12-10T07:18:16.967+0000] {dag.py:3340} INFO - Setting next_dagrun for example_kubernetes_executor to None, run_after=None
[2022-12-10T07:18:16.982+0000] {processor.py:176} INFO - Processing /home/airflow/.local/lib/python3.7/site-packages/airflow/example_dags/example_kubernetes_executor.py took 0.096 seconds
[2022-12-10T08:58:58.446+0000] {processor.py:154} INFO - Started process (PID=48339) to work on /home/airflow/.local/lib/python3.7/site-packages/airflow/example_dags/example_kubernetes_executor.py
[2022-12-10T08:58:58.453+0000] {processor.py:756} INFO - Processing file /home/airflow/.local/lib/python3.7/site-packages/airflow/example_dags/example_kubernetes_executor.py for tasks to queue
[2022-12-10T08:58:58.458+0000] {logging_mixin.py:137} INFO - [2022-12-10T08:58:58.458+0000] {dagbag.py:537} INFO - Filling up the DagBag from /home/airflow/.local/lib/python3.7/site-packages/airflow/example_dags/example_kubernetes_executor.py
[2022-12-10T08:58:58.496+0000] {processor.py:766} INFO - DAG(s) dict_keys(['example_kubernetes_executor']) retrieved from /home/airflow/.local/lib/python3.7/site-packages/airflow/example_dags/example_kubernetes_executor.py
[2022-12-10T08:58:58.532+0000] {logging_mixin.py:137} INFO - [2022-12-10T08:58:58.532+0000] {dag.py:2585} INFO - Sync 1 DAGs
[2022-12-10T08:58:58.935+0000] {logging_mixin.py:137} INFO - [2022-12-10T08:58:58.934+0000] {dag.py:3340} INFO - Setting next_dagrun for example_kubernetes_executor to None, run_after=None
[2022-12-10T08:58:58.994+0000] {processor.py:176} INFO - Processing /home/airflow/.local/lib/python3.7/site-packages/airflow/example_dags/example_kubernetes_executor.py took 0.553 seconds
[2022-12-10T10:34:18.184+0000] {processor.py:154} INFO - Started process (PID=48406) to work on /home/airflow/.local/lib/python3.7/site-packages/airflow/example_dags/example_kubernetes_executor.py
[2022-12-10T10:34:18.186+0000] {processor.py:756} INFO - Processing file /home/airflow/.local/lib/python3.7/site-packages/airflow/example_dags/example_kubernetes_executor.py for tasks to queue
[2022-12-10T10:34:18.187+0000] {logging_mixin.py:137} INFO - [2022-12-10T10:34:18.187+0000] {dagbag.py:537} INFO - Filling up the DagBag from /home/airflow/.local/lib/python3.7/site-packages/airflow/example_dags/example_kubernetes_executor.py
[2022-12-10T10:34:18.205+0000] {processor.py:766} INFO - DAG(s) dict_keys(['example_kubernetes_executor']) retrieved from /home/airflow/.local/lib/python3.7/site-packages/airflow/example_dags/example_kubernetes_executor.py
[2022-12-10T10:34:18.235+0000] {logging_mixin.py:137} INFO - [2022-12-10T10:34:18.235+0000] {dag.py:2585} INFO - Sync 1 DAGs
[2022-12-10T10:34:18.254+0000] {logging_mixin.py:137} INFO - [2022-12-10T10:34:18.254+0000] {dag.py:3340} INFO - Setting next_dagrun for example_kubernetes_executor to None, run_after=None
[2022-12-10T10:34:18.266+0000] {processor.py:176} INFO - Processing /home/airflow/.local/lib/python3.7/site-packages/airflow/example_dags/example_kubernetes_executor.py took 0.085 seconds
[2022-12-10T11:57:25.577+0000] {processor.py:154} INFO - Started process (PID=48474) to work on /home/airflow/.local/lib/python3.7/site-packages/airflow/example_dags/example_kubernetes_executor.py
[2022-12-10T11:57:25.583+0000] {processor.py:756} INFO - Processing file /home/airflow/.local/lib/python3.7/site-packages/airflow/example_dags/example_kubernetes_executor.py for tasks to queue
[2022-12-10T11:57:25.585+0000] {logging_mixin.py:137} INFO - [2022-12-10T11:57:25.585+0000] {dagbag.py:537} INFO - Filling up the DagBag from /home/airflow/.local/lib/python3.7/site-packages/airflow/example_dags/example_kubernetes_executor.py
[2022-12-10T11:57:25.616+0000] {processor.py:766} INFO - DAG(s) dict_keys(['example_kubernetes_executor']) retrieved from /home/airflow/.local/lib/python3.7/site-packages/airflow/example_dags/example_kubernetes_executor.py
[2022-12-10T11:57:25.659+0000] {logging_mixin.py:137} INFO - [2022-12-10T11:57:25.659+0000] {dag.py:2585} INFO - Sync 1 DAGs
[2022-12-10T11:57:25.678+0000] {logging_mixin.py:137} INFO - [2022-12-10T11:57:25.678+0000] {dag.py:3340} INFO - Setting next_dagrun for example_kubernetes_executor to None, run_after=None
[2022-12-10T11:57:25.693+0000] {processor.py:176} INFO - Processing /home/airflow/.local/lib/python3.7/site-packages/airflow/example_dags/example_kubernetes_executor.py took 0.121 seconds
[2022-12-10T13:36:25.782+0000] {processor.py:154} INFO - Started process (PID=48541) to work on /home/airflow/.local/lib/python3.7/site-packages/airflow/example_dags/example_kubernetes_executor.py
[2022-12-10T13:36:25.785+0000] {processor.py:756} INFO - Processing file /home/airflow/.local/lib/python3.7/site-packages/airflow/example_dags/example_kubernetes_executor.py for tasks to queue
[2022-12-10T13:36:25.786+0000] {logging_mixin.py:137} INFO - [2022-12-10T13:36:25.786+0000] {dagbag.py:537} INFO - Filling up the DagBag from /home/airflow/.local/lib/python3.7/site-packages/airflow/example_dags/example_kubernetes_executor.py
[2022-12-10T13:36:25.806+0000] {processor.py:766} INFO - DAG(s) dict_keys(['example_kubernetes_executor']) retrieved from /home/airflow/.local/lib/python3.7/site-packages/airflow/example_dags/example_kubernetes_executor.py
[2022-12-10T13:36:25.835+0000] {logging_mixin.py:137} INFO - [2022-12-10T13:36:25.835+0000] {dag.py:2585} INFO - Sync 1 DAGs
[2022-12-10T13:36:25.855+0000] {logging_mixin.py:137} INFO - [2022-12-10T13:36:25.855+0000] {dag.py:3340} INFO - Setting next_dagrun for example_kubernetes_executor to None, run_after=None
[2022-12-10T13:36:25.874+0000] {processor.py:176} INFO - Processing /home/airflow/.local/lib/python3.7/site-packages/airflow/example_dags/example_kubernetes_executor.py took 0.094 seconds
[2022-12-10T15:01:35.454+0000] {processor.py:154} INFO - Started process (PID=48598) to work on /home/airflow/.local/lib/python3.7/site-packages/airflow/example_dags/example_kubernetes_executor.py
[2022-12-10T15:01:35.456+0000] {processor.py:756} INFO - Processing file /home/airflow/.local/lib/python3.7/site-packages/airflow/example_dags/example_kubernetes_executor.py for tasks to queue
[2022-12-10T15:01:35.457+0000] {logging_mixin.py:137} INFO - [2022-12-10T15:01:35.457+0000] {dagbag.py:537} INFO - Filling up the DagBag from /home/airflow/.local/lib/python3.7/site-packages/airflow/example_dags/example_kubernetes_executor.py
[2022-12-10T15:01:35.479+0000] {processor.py:766} INFO - DAG(s) dict_keys(['example_kubernetes_executor']) retrieved from /home/airflow/.local/lib/python3.7/site-packages/airflow/example_dags/example_kubernetes_executor.py
[2022-12-10T15:01:35.516+0000] {logging_mixin.py:137} INFO - [2022-12-10T15:01:35.516+0000] {dag.py:2585} INFO - Sync 1 DAGs
[2022-12-10T15:01:35.537+0000] {logging_mixin.py:137} INFO - [2022-12-10T15:01:35.537+0000] {dag.py:3340} INFO - Setting next_dagrun for example_kubernetes_executor to None, run_after=None
[2022-12-10T15:01:35.552+0000] {processor.py:176} INFO - Processing /home/airflow/.local/lib/python3.7/site-packages/airflow/example_dags/example_kubernetes_executor.py took 0.101 seconds
[2022-12-10T16:44:41.576+0000] {processor.py:154} INFO - Started process (PID=48668) to work on /home/airflow/.local/lib/python3.7/site-packages/airflow/example_dags/example_kubernetes_executor.py
[2022-12-10T16:44:41.578+0000] {processor.py:756} INFO - Processing file /home/airflow/.local/lib/python3.7/site-packages/airflow/example_dags/example_kubernetes_executor.py for tasks to queue
[2022-12-10T16:44:41.579+0000] {logging_mixin.py:137} INFO - [2022-12-10T16:44:41.579+0000] {dagbag.py:537} INFO - Filling up the DagBag from /home/airflow/.local/lib/python3.7/site-packages/airflow/example_dags/example_kubernetes_executor.py
[2022-12-10T16:44:41.602+0000] {processor.py:766} INFO - DAG(s) dict_keys(['example_kubernetes_executor']) retrieved from /home/airflow/.local/lib/python3.7/site-packages/airflow/example_dags/example_kubernetes_executor.py
[2022-12-10T16:44:41.642+0000] {logging_mixin.py:137} INFO - [2022-12-10T16:44:41.642+0000] {dag.py:2585} INFO - Sync 1 DAGs
[2022-12-10T16:44:41.660+0000] {logging_mixin.py:137} INFO - [2022-12-10T16:44:41.660+0000] {dag.py:3340} INFO - Setting next_dagrun for example_kubernetes_executor to None, run_after=None
[2022-12-10T16:44:41.676+0000] {processor.py:176} INFO - Processing /home/airflow/.local/lib/python3.7/site-packages/airflow/example_dags/example_kubernetes_executor.py took 0.103 seconds
[2022-12-10T18:09:52.946+0000] {processor.py:154} INFO - Started process (PID=48735) to work on /home/airflow/.local/lib/python3.7/site-packages/airflow/example_dags/example_kubernetes_executor.py
[2022-12-10T18:09:52.950+0000] {processor.py:756} INFO - Processing file /home/airflow/.local/lib/python3.7/site-packages/airflow/example_dags/example_kubernetes_executor.py for tasks to queue
[2022-12-10T18:09:52.951+0000] {logging_mixin.py:137} INFO - [2022-12-10T18:09:52.951+0000] {dagbag.py:537} INFO - Filling up the DagBag from /home/airflow/.local/lib/python3.7/site-packages/airflow/example_dags/example_kubernetes_executor.py
[2022-12-10T18:09:52.971+0000] {processor.py:766} INFO - DAG(s) dict_keys(['example_kubernetes_executor']) retrieved from /home/airflow/.local/lib/python3.7/site-packages/airflow/example_dags/example_kubernetes_executor.py
[2022-12-10T18:09:53.005+0000] {logging_mixin.py:137} INFO - [2022-12-10T18:09:53.004+0000] {dag.py:2585} INFO - Sync 1 DAGs
[2022-12-10T18:09:53.022+0000] {logging_mixin.py:137} INFO - [2022-12-10T18:09:53.022+0000] {dag.py:3340} INFO - Setting next_dagrun for example_kubernetes_executor to None, run_after=None
[2022-12-10T18:09:53.039+0000] {processor.py:176} INFO - Processing /home/airflow/.local/lib/python3.7/site-packages/airflow/example_dags/example_kubernetes_executor.py took 0.096 seconds
[2022-12-10T19:51:57.733+0000] {processor.py:154} INFO - Started process (PID=48800) to work on /home/airflow/.local/lib/python3.7/site-packages/airflow/example_dags/example_kubernetes_executor.py
[2022-12-10T19:51:57.735+0000] {processor.py:756} INFO - Processing file /home/airflow/.local/lib/python3.7/site-packages/airflow/example_dags/example_kubernetes_executor.py for tasks to queue
[2022-12-10T19:51:57.736+0000] {logging_mixin.py:137} INFO - [2022-12-10T19:51:57.736+0000] {dagbag.py:537} INFO - Filling up the DagBag from /home/airflow/.local/lib/python3.7/site-packages/airflow/example_dags/example_kubernetes_executor.py
[2022-12-10T19:51:57.759+0000] {processor.py:766} INFO - DAG(s) dict_keys(['example_kubernetes_executor']) retrieved from /home/airflow/.local/lib/python3.7/site-packages/airflow/example_dags/example_kubernetes_executor.py
[2022-12-10T19:51:57.792+0000] {logging_mixin.py:137} INFO - [2022-12-10T19:51:57.792+0000] {dag.py:2585} INFO - Sync 1 DAGs
[2022-12-10T19:51:57.814+0000] {logging_mixin.py:137} INFO - [2022-12-10T19:51:57.814+0000] {dag.py:3340} INFO - Setting next_dagrun for example_kubernetes_executor to None, run_after=None
[2022-12-10T19:51:57.832+0000] {processor.py:176} INFO - Processing /home/airflow/.local/lib/python3.7/site-packages/airflow/example_dags/example_kubernetes_executor.py took 0.101 seconds
[2022-12-10T21:32:06.442+0000] {processor.py:154} INFO - Started process (PID=48858) to work on /home/airflow/.local/lib/python3.7/site-packages/airflow/example_dags/example_kubernetes_executor.py
[2022-12-10T21:32:06.443+0000] {processor.py:756} INFO - Processing file /home/airflow/.local/lib/python3.7/site-packages/airflow/example_dags/example_kubernetes_executor.py for tasks to queue
[2022-12-10T21:32:06.445+0000] {logging_mixin.py:137} INFO - [2022-12-10T21:32:06.445+0000] {dagbag.py:537} INFO - Filling up the DagBag from /home/airflow/.local/lib/python3.7/site-packages/airflow/example_dags/example_kubernetes_executor.py
[2022-12-10T21:32:06.462+0000] {processor.py:766} INFO - DAG(s) dict_keys(['example_kubernetes_executor']) retrieved from /home/airflow/.local/lib/python3.7/site-packages/airflow/example_dags/example_kubernetes_executor.py
[2022-12-10T21:32:06.492+0000] {logging_mixin.py:137} INFO - [2022-12-10T21:32:06.492+0000] {dag.py:2585} INFO - Sync 1 DAGs
[2022-12-10T21:32:06.509+0000] {logging_mixin.py:137} INFO - [2022-12-10T21:32:06.509+0000] {dag.py:3340} INFO - Setting next_dagrun for example_kubernetes_executor to None, run_after=None
[2022-12-10T21:32:06.523+0000] {processor.py:176} INFO - Processing /home/airflow/.local/lib/python3.7/site-packages/airflow/example_dags/example_kubernetes_executor.py took 0.084 seconds
[2022-12-10T22:56:11.377+0000] {processor.py:154} INFO - Started process (PID=48926) to work on /home/airflow/.local/lib/python3.7/site-packages/airflow/example_dags/example_kubernetes_executor.py
[2022-12-10T22:56:11.379+0000] {processor.py:756} INFO - Processing file /home/airflow/.local/lib/python3.7/site-packages/airflow/example_dags/example_kubernetes_executor.py for tasks to queue
[2022-12-10T22:56:11.380+0000] {logging_mixin.py:137} INFO - [2022-12-10T22:56:11.380+0000] {dagbag.py:537} INFO - Filling up the DagBag from /home/airflow/.local/lib/python3.7/site-packages/airflow/example_dags/example_kubernetes_executor.py
[2022-12-10T22:56:11.401+0000] {processor.py:766} INFO - DAG(s) dict_keys(['example_kubernetes_executor']) retrieved from /home/airflow/.local/lib/python3.7/site-packages/airflow/example_dags/example_kubernetes_executor.py
[2022-12-10T22:56:11.431+0000] {logging_mixin.py:137} INFO - [2022-12-10T22:56:11.431+0000] {dag.py:2585} INFO - Sync 1 DAGs
[2022-12-10T22:56:11.450+0000] {logging_mixin.py:137} INFO - [2022-12-10T22:56:11.450+0000] {dag.py:3340} INFO - Setting next_dagrun for example_kubernetes_executor to None, run_after=None
[2022-12-10T22:56:11.473+0000] {processor.py:176} INFO - Processing /home/airflow/.local/lib/python3.7/site-packages/airflow/example_dags/example_kubernetes_executor.py took 0.099 seconds
[2022-12-10T23:54:30.056+0000] {processor.py:154} INFO - Started process (PID=48993) to work on /home/airflow/.local/lib/python3.7/site-packages/airflow/example_dags/example_kubernetes_executor.py
[2022-12-10T23:54:30.058+0000] {processor.py:756} INFO - Processing file /home/airflow/.local/lib/python3.7/site-packages/airflow/example_dags/example_kubernetes_executor.py for tasks to queue
[2022-12-10T23:54:30.059+0000] {logging_mixin.py:137} INFO - [2022-12-10T23:54:30.059+0000] {dagbag.py:537} INFO - Filling up the DagBag from /home/airflow/.local/lib/python3.7/site-packages/airflow/example_dags/example_kubernetes_executor.py
[2022-12-10T23:54:30.078+0000] {processor.py:766} INFO - DAG(s) dict_keys(['example_kubernetes_executor']) retrieved from /home/airflow/.local/lib/python3.7/site-packages/airflow/example_dags/example_kubernetes_executor.py
[2022-12-10T23:54:30.107+0000] {logging_mixin.py:137} INFO - [2022-12-10T23:54:30.107+0000] {dag.py:2585} INFO - Sync 1 DAGs
[2022-12-10T23:54:30.124+0000] {logging_mixin.py:137} INFO - [2022-12-10T23:54:30.124+0000] {dag.py:3340} INFO - Setting next_dagrun for example_kubernetes_executor to None, run_after=None
[2022-12-10T23:54:30.143+0000] {processor.py:176} INFO - Processing /home/airflow/.local/lib/python3.7/site-packages/airflow/example_dags/example_kubernetes_executor.py took 0.089 seconds
