[2022-12-10T01:13:56.456+0000] {processor.py:154} INFO - Started process (PID=47946) to work on /home/airflow/.local/lib/python3.7/site-packages/airflow/example_dags/example_local_kubernetes_executor.py
[2022-12-10T01:13:56.463+0000] {processor.py:756} INFO - Processing file /home/airflow/.local/lib/python3.7/site-packages/airflow/example_dags/example_local_kubernetes_executor.py for tasks to queue
[2022-12-10T01:13:56.465+0000] {logging_mixin.py:137} INFO - [2022-12-10T01:13:56.465+0000] {dagbag.py:537} INFO - Filling up the DagBag from /home/airflow/.local/lib/python3.7/site-packages/airflow/example_dags/example_local_kubernetes_executor.py
[2022-12-10T01:13:56.498+0000] {processor.py:766} INFO - DAG(s) dict_keys(['example_local_kubernetes_executor']) retrieved from /home/airflow/.local/lib/python3.7/site-packages/airflow/example_dags/example_local_kubernetes_executor.py
[2022-12-10T01:13:56.538+0000] {logging_mixin.py:137} INFO - [2022-12-10T01:13:56.538+0000] {dag.py:2585} INFO - Sync 1 DAGs
[2022-12-10T01:13:56.563+0000] {logging_mixin.py:137} INFO - [2022-12-10T01:13:56.563+0000] {dag.py:3340} INFO - Setting next_dagrun for example_local_kubernetes_executor to None, run_after=None
[2022-12-10T01:13:56.577+0000] {processor.py:176} INFO - Processing /home/airflow/.local/lib/python3.7/site-packages/airflow/example_dags/example_local_kubernetes_executor.py took 0.127 seconds
[2022-12-10T02:35:30.031+0000] {processor.py:154} INFO - Started process (PID=48003) to work on /home/airflow/.local/lib/python3.7/site-packages/airflow/example_dags/example_local_kubernetes_executor.py
[2022-12-10T02:35:30.033+0000] {processor.py:756} INFO - Processing file /home/airflow/.local/lib/python3.7/site-packages/airflow/example_dags/example_local_kubernetes_executor.py for tasks to queue
[2022-12-10T02:35:30.034+0000] {logging_mixin.py:137} INFO - [2022-12-10T02:35:30.034+0000] {dagbag.py:537} INFO - Filling up the DagBag from /home/airflow/.local/lib/python3.7/site-packages/airflow/example_dags/example_local_kubernetes_executor.py
[2022-12-10T02:35:30.050+0000] {processor.py:766} INFO - DAG(s) dict_keys(['example_local_kubernetes_executor']) retrieved from /home/airflow/.local/lib/python3.7/site-packages/airflow/example_dags/example_local_kubernetes_executor.py
[2022-12-10T02:35:30.077+0000] {logging_mixin.py:137} INFO - [2022-12-10T02:35:30.077+0000] {dag.py:2585} INFO - Sync 1 DAGs
[2022-12-10T02:35:30.092+0000] {logging_mixin.py:137} INFO - [2022-12-10T02:35:30.092+0000] {dag.py:3340} INFO - Setting next_dagrun for example_local_kubernetes_executor to None, run_after=None
[2022-12-10T02:35:30.104+0000] {processor.py:176} INFO - Processing /home/airflow/.local/lib/python3.7/site-packages/airflow/example_dags/example_local_kubernetes_executor.py took 0.075 seconds
[2022-12-10T03:43:50.449+0000] {processor.py:154} INFO - Started process (PID=48068) to work on /home/airflow/.local/lib/python3.7/site-packages/airflow/example_dags/example_local_kubernetes_executor.py
[2022-12-10T03:43:50.452+0000] {processor.py:756} INFO - Processing file /home/airflow/.local/lib/python3.7/site-packages/airflow/example_dags/example_local_kubernetes_executor.py for tasks to queue
[2022-12-10T03:43:50.455+0000] {logging_mixin.py:137} INFO - [2022-12-10T03:43:50.455+0000] {dagbag.py:537} INFO - Filling up the DagBag from /home/airflow/.local/lib/python3.7/site-packages/airflow/example_dags/example_local_kubernetes_executor.py
[2022-12-10T03:43:50.480+0000] {processor.py:766} INFO - DAG(s) dict_keys(['example_local_kubernetes_executor']) retrieved from /home/airflow/.local/lib/python3.7/site-packages/airflow/example_dags/example_local_kubernetes_executor.py
[2022-12-10T03:43:50.520+0000] {logging_mixin.py:137} INFO - [2022-12-10T03:43:50.520+0000] {dag.py:2585} INFO - Sync 1 DAGs
[2022-12-10T03:43:50.541+0000] {logging_mixin.py:137} INFO - [2022-12-10T03:43:50.540+0000] {dag.py:3340} INFO - Setting next_dagrun for example_local_kubernetes_executor to None, run_after=None
[2022-12-10T03:43:50.555+0000] {processor.py:176} INFO - Processing /home/airflow/.local/lib/python3.7/site-packages/airflow/example_dags/example_local_kubernetes_executor.py took 0.109 seconds
[2022-12-10T04:16:19.632+0000] {processor.py:154} INFO - Started process (PID=48135) to work on /home/airflow/.local/lib/python3.7/site-packages/airflow/example_dags/example_local_kubernetes_executor.py
[2022-12-10T04:16:19.634+0000] {processor.py:756} INFO - Processing file /home/airflow/.local/lib/python3.7/site-packages/airflow/example_dags/example_local_kubernetes_executor.py for tasks to queue
[2022-12-10T04:16:19.635+0000] {logging_mixin.py:137} INFO - [2022-12-10T04:16:19.635+0000] {dagbag.py:537} INFO - Filling up the DagBag from /home/airflow/.local/lib/python3.7/site-packages/airflow/example_dags/example_local_kubernetes_executor.py
[2022-12-10T04:16:19.652+0000] {processor.py:766} INFO - DAG(s) dict_keys(['example_local_kubernetes_executor']) retrieved from /home/airflow/.local/lib/python3.7/site-packages/airflow/example_dags/example_local_kubernetes_executor.py
[2022-12-10T04:16:19.682+0000] {logging_mixin.py:137} INFO - [2022-12-10T04:16:19.681+0000] {dag.py:2585} INFO - Sync 1 DAGs
[2022-12-10T04:16:19.700+0000] {logging_mixin.py:137} INFO - [2022-12-10T04:16:19.700+0000] {dag.py:3340} INFO - Setting next_dagrun for example_local_kubernetes_executor to None, run_after=None
[2022-12-10T04:16:19.714+0000] {processor.py:176} INFO - Processing /home/airflow/.local/lib/python3.7/site-packages/airflow/example_dags/example_local_kubernetes_executor.py took 0.084 seconds
[2022-12-10T05:54:53.698+0000] {processor.py:154} INFO - Started process (PID=48203) to work on /home/airflow/.local/lib/python3.7/site-packages/airflow/example_dags/example_local_kubernetes_executor.py
[2022-12-10T05:54:53.700+0000] {processor.py:756} INFO - Processing file /home/airflow/.local/lib/python3.7/site-packages/airflow/example_dags/example_local_kubernetes_executor.py for tasks to queue
[2022-12-10T05:54:53.701+0000] {logging_mixin.py:137} INFO - [2022-12-10T05:54:53.701+0000] {dagbag.py:537} INFO - Filling up the DagBag from /home/airflow/.local/lib/python3.7/site-packages/airflow/example_dags/example_local_kubernetes_executor.py
[2022-12-10T05:54:53.719+0000] {processor.py:766} INFO - DAG(s) dict_keys(['example_local_kubernetes_executor']) retrieved from /home/airflow/.local/lib/python3.7/site-packages/airflow/example_dags/example_local_kubernetes_executor.py
[2022-12-10T05:54:53.748+0000] {logging_mixin.py:137} INFO - [2022-12-10T05:54:53.748+0000] {dag.py:2585} INFO - Sync 1 DAGs
[2022-12-10T05:54:53.765+0000] {logging_mixin.py:137} INFO - [2022-12-10T05:54:53.765+0000] {dag.py:3340} INFO - Setting next_dagrun for example_local_kubernetes_executor to None, run_after=None
[2022-12-10T05:54:53.780+0000] {processor.py:176} INFO - Processing /home/airflow/.local/lib/python3.7/site-packages/airflow/example_dags/example_local_kubernetes_executor.py took 0.084 seconds
[2022-12-10T07:18:16.314+0000] {processor.py:154} INFO - Started process (PID=48262) to work on /home/airflow/.local/lib/python3.7/site-packages/airflow/example_dags/example_local_kubernetes_executor.py
[2022-12-10T07:18:16.316+0000] {processor.py:756} INFO - Processing file /home/airflow/.local/lib/python3.7/site-packages/airflow/example_dags/example_local_kubernetes_executor.py for tasks to queue
[2022-12-10T07:18:16.317+0000] {logging_mixin.py:137} INFO - [2022-12-10T07:18:16.317+0000] {dagbag.py:537} INFO - Filling up the DagBag from /home/airflow/.local/lib/python3.7/site-packages/airflow/example_dags/example_local_kubernetes_executor.py
[2022-12-10T07:18:16.334+0000] {processor.py:766} INFO - DAG(s) dict_keys(['example_local_kubernetes_executor']) retrieved from /home/airflow/.local/lib/python3.7/site-packages/airflow/example_dags/example_local_kubernetes_executor.py
[2022-12-10T07:18:16.364+0000] {logging_mixin.py:137} INFO - [2022-12-10T07:18:16.364+0000] {dag.py:2585} INFO - Sync 1 DAGs
[2022-12-10T07:18:16.382+0000] {logging_mixin.py:137} INFO - [2022-12-10T07:18:16.381+0000] {dag.py:3340} INFO - Setting next_dagrun for example_local_kubernetes_executor to None, run_after=None
[2022-12-10T07:18:16.396+0000] {processor.py:176} INFO - Processing /home/airflow/.local/lib/python3.7/site-packages/airflow/example_dags/example_local_kubernetes_executor.py took 0.084 seconds
[2022-12-10T08:58:57.902+0000] {processor.py:154} INFO - Started process (PID=48330) to work on /home/airflow/.local/lib/python3.7/site-packages/airflow/example_dags/example_local_kubernetes_executor.py
[2022-12-10T08:58:57.904+0000] {processor.py:756} INFO - Processing file /home/airflow/.local/lib/python3.7/site-packages/airflow/example_dags/example_local_kubernetes_executor.py for tasks to queue
[2022-12-10T08:58:57.905+0000] {logging_mixin.py:137} INFO - [2022-12-10T08:58:57.905+0000] {dagbag.py:537} INFO - Filling up the DagBag from /home/airflow/.local/lib/python3.7/site-packages/airflow/example_dags/example_local_kubernetes_executor.py
[2022-12-10T08:58:57.920+0000] {processor.py:766} INFO - DAG(s) dict_keys(['example_local_kubernetes_executor']) retrieved from /home/airflow/.local/lib/python3.7/site-packages/airflow/example_dags/example_local_kubernetes_executor.py
[2022-12-10T08:58:57.948+0000] {logging_mixin.py:137} INFO - [2022-12-10T08:58:57.948+0000] {dag.py:2585} INFO - Sync 1 DAGs
[2022-12-10T08:58:57.964+0000] {logging_mixin.py:137} INFO - [2022-12-10T08:58:57.964+0000] {dag.py:3340} INFO - Setting next_dagrun for example_local_kubernetes_executor to None, run_after=None
[2022-12-10T08:58:57.978+0000] {processor.py:176} INFO - Processing /home/airflow/.local/lib/python3.7/site-packages/airflow/example_dags/example_local_kubernetes_executor.py took 0.078 seconds
[2022-12-10T10:34:17.543+0000] {processor.py:154} INFO - Started process (PID=48397) to work on /home/airflow/.local/lib/python3.7/site-packages/airflow/example_dags/example_local_kubernetes_executor.py
[2022-12-10T10:34:17.547+0000] {processor.py:756} INFO - Processing file /home/airflow/.local/lib/python3.7/site-packages/airflow/example_dags/example_local_kubernetes_executor.py for tasks to queue
[2022-12-10T10:34:17.549+0000] {logging_mixin.py:137} INFO - [2022-12-10T10:34:17.548+0000] {dagbag.py:537} INFO - Filling up the DagBag from /home/airflow/.local/lib/python3.7/site-packages/airflow/example_dags/example_local_kubernetes_executor.py
[2022-12-10T10:34:17.588+0000] {processor.py:766} INFO - DAG(s) dict_keys(['example_local_kubernetes_executor']) retrieved from /home/airflow/.local/lib/python3.7/site-packages/airflow/example_dags/example_local_kubernetes_executor.py
[2022-12-10T10:34:17.627+0000] {logging_mixin.py:137} INFO - [2022-12-10T10:34:17.627+0000] {dag.py:2585} INFO - Sync 1 DAGs
[2022-12-10T10:34:17.647+0000] {logging_mixin.py:137} INFO - [2022-12-10T10:34:17.647+0000] {dag.py:3340} INFO - Setting next_dagrun for example_local_kubernetes_executor to None, run_after=None
[2022-12-10T10:34:17.665+0000] {processor.py:176} INFO - Processing /home/airflow/.local/lib/python3.7/site-packages/airflow/example_dags/example_local_kubernetes_executor.py took 0.127 seconds
[2022-12-10T11:57:24.887+0000] {processor.py:154} INFO - Started process (PID=48465) to work on /home/airflow/.local/lib/python3.7/site-packages/airflow/example_dags/example_local_kubernetes_executor.py
[2022-12-10T11:57:24.889+0000] {processor.py:756} INFO - Processing file /home/airflow/.local/lib/python3.7/site-packages/airflow/example_dags/example_local_kubernetes_executor.py for tasks to queue
[2022-12-10T11:57:24.891+0000] {logging_mixin.py:137} INFO - [2022-12-10T11:57:24.890+0000] {dagbag.py:537} INFO - Filling up the DagBag from /home/airflow/.local/lib/python3.7/site-packages/airflow/example_dags/example_local_kubernetes_executor.py
[2022-12-10T11:57:24.908+0000] {processor.py:766} INFO - DAG(s) dict_keys(['example_local_kubernetes_executor']) retrieved from /home/airflow/.local/lib/python3.7/site-packages/airflow/example_dags/example_local_kubernetes_executor.py
[2022-12-10T11:57:24.945+0000] {logging_mixin.py:137} INFO - [2022-12-10T11:57:24.945+0000] {dag.py:2585} INFO - Sync 1 DAGs
[2022-12-10T11:57:24.988+0000] {logging_mixin.py:137} INFO - [2022-12-10T11:57:24.988+0000] {dag.py:3340} INFO - Setting next_dagrun for example_local_kubernetes_executor to None, run_after=None
[2022-12-10T11:57:25.032+0000] {processor.py:176} INFO - Processing /home/airflow/.local/lib/python3.7/site-packages/airflow/example_dags/example_local_kubernetes_executor.py took 0.148 seconds
[2022-12-10T13:36:25.152+0000] {processor.py:154} INFO - Started process (PID=48532) to work on /home/airflow/.local/lib/python3.7/site-packages/airflow/example_dags/example_local_kubernetes_executor.py
[2022-12-10T13:36:25.155+0000] {processor.py:756} INFO - Processing file /home/airflow/.local/lib/python3.7/site-packages/airflow/example_dags/example_local_kubernetes_executor.py for tasks to queue
[2022-12-10T13:36:25.162+0000] {logging_mixin.py:137} INFO - [2022-12-10T13:36:25.162+0000] {dagbag.py:537} INFO - Filling up the DagBag from /home/airflow/.local/lib/python3.7/site-packages/airflow/example_dags/example_local_kubernetes_executor.py
[2022-12-10T13:36:25.185+0000] {processor.py:766} INFO - DAG(s) dict_keys(['example_local_kubernetes_executor']) retrieved from /home/airflow/.local/lib/python3.7/site-packages/airflow/example_dags/example_local_kubernetes_executor.py
[2022-12-10T13:36:25.226+0000] {logging_mixin.py:137} INFO - [2022-12-10T13:36:25.226+0000] {dag.py:2585} INFO - Sync 1 DAGs
[2022-12-10T13:36:25.249+0000] {logging_mixin.py:137} INFO - [2022-12-10T13:36:25.249+0000] {dag.py:3340} INFO - Setting next_dagrun for example_local_kubernetes_executor to None, run_after=None
[2022-12-10T13:36:25.270+0000] {processor.py:176} INFO - Processing /home/airflow/.local/lib/python3.7/site-packages/airflow/example_dags/example_local_kubernetes_executor.py took 0.122 seconds
[2022-12-10T15:01:34.822+0000] {processor.py:154} INFO - Started process (PID=48589) to work on /home/airflow/.local/lib/python3.7/site-packages/airflow/example_dags/example_local_kubernetes_executor.py
[2022-12-10T15:01:34.830+0000] {processor.py:756} INFO - Processing file /home/airflow/.local/lib/python3.7/site-packages/airflow/example_dags/example_local_kubernetes_executor.py for tasks to queue
[2022-12-10T15:01:34.832+0000] {logging_mixin.py:137} INFO - [2022-12-10T15:01:34.832+0000] {dagbag.py:537} INFO - Filling up the DagBag from /home/airflow/.local/lib/python3.7/site-packages/airflow/example_dags/example_local_kubernetes_executor.py
[2022-12-10T15:01:34.852+0000] {processor.py:766} INFO - DAG(s) dict_keys(['example_local_kubernetes_executor']) retrieved from /home/airflow/.local/lib/python3.7/site-packages/airflow/example_dags/example_local_kubernetes_executor.py
[2022-12-10T15:01:34.883+0000] {logging_mixin.py:137} INFO - [2022-12-10T15:01:34.883+0000] {dag.py:2585} INFO - Sync 1 DAGs
[2022-12-10T15:01:34.902+0000] {logging_mixin.py:137} INFO - [2022-12-10T15:01:34.902+0000] {dag.py:3340} INFO - Setting next_dagrun for example_local_kubernetes_executor to None, run_after=None
[2022-12-10T15:01:34.921+0000] {processor.py:176} INFO - Processing /home/airflow/.local/lib/python3.7/site-packages/airflow/example_dags/example_local_kubernetes_executor.py took 0.105 seconds
[2022-12-10T16:44:40.986+0000] {processor.py:154} INFO - Started process (PID=48659) to work on /home/airflow/.local/lib/python3.7/site-packages/airflow/example_dags/example_local_kubernetes_executor.py
[2022-12-10T16:44:40.988+0000] {processor.py:756} INFO - Processing file /home/airflow/.local/lib/python3.7/site-packages/airflow/example_dags/example_local_kubernetes_executor.py for tasks to queue
[2022-12-10T16:44:40.989+0000] {logging_mixin.py:137} INFO - [2022-12-10T16:44:40.989+0000] {dagbag.py:537} INFO - Filling up the DagBag from /home/airflow/.local/lib/python3.7/site-packages/airflow/example_dags/example_local_kubernetes_executor.py
[2022-12-10T16:44:41.006+0000] {processor.py:766} INFO - DAG(s) dict_keys(['example_local_kubernetes_executor']) retrieved from /home/airflow/.local/lib/python3.7/site-packages/airflow/example_dags/example_local_kubernetes_executor.py
[2022-12-10T16:44:41.036+0000] {logging_mixin.py:137} INFO - [2022-12-10T16:44:41.036+0000] {dag.py:2585} INFO - Sync 1 DAGs
[2022-12-10T16:44:41.056+0000] {logging_mixin.py:137} INFO - [2022-12-10T16:44:41.056+0000] {dag.py:3340} INFO - Setting next_dagrun for example_local_kubernetes_executor to None, run_after=None
[2022-12-10T16:44:41.071+0000] {processor.py:176} INFO - Processing /home/airflow/.local/lib/python3.7/site-packages/airflow/example_dags/example_local_kubernetes_executor.py took 0.087 seconds
[2022-12-10T18:09:52.224+0000] {processor.py:154} INFO - Started process (PID=48726) to work on /home/airflow/.local/lib/python3.7/site-packages/airflow/example_dags/example_local_kubernetes_executor.py
[2022-12-10T18:09:52.226+0000] {processor.py:756} INFO - Processing file /home/airflow/.local/lib/python3.7/site-packages/airflow/example_dags/example_local_kubernetes_executor.py for tasks to queue
[2022-12-10T18:09:52.227+0000] {logging_mixin.py:137} INFO - [2022-12-10T18:09:52.227+0000] {dagbag.py:537} INFO - Filling up the DagBag from /home/airflow/.local/lib/python3.7/site-packages/airflow/example_dags/example_local_kubernetes_executor.py
[2022-12-10T18:09:52.256+0000] {processor.py:766} INFO - DAG(s) dict_keys(['example_local_kubernetes_executor']) retrieved from /home/airflow/.local/lib/python3.7/site-packages/airflow/example_dags/example_local_kubernetes_executor.py
[2022-12-10T18:09:52.301+0000] {logging_mixin.py:137} INFO - [2022-12-10T18:09:52.301+0000] {dag.py:2585} INFO - Sync 1 DAGs
[2022-12-10T18:09:52.326+0000] {logging_mixin.py:137} INFO - [2022-12-10T18:09:52.326+0000] {dag.py:3340} INFO - Setting next_dagrun for example_local_kubernetes_executor to None, run_after=None
[2022-12-10T18:09:52.350+0000] {processor.py:176} INFO - Processing /home/airflow/.local/lib/python3.7/site-packages/airflow/example_dags/example_local_kubernetes_executor.py took 0.129 seconds
[2022-12-10T19:51:56.695+0000] {processor.py:154} INFO - Started process (PID=48791) to work on /home/airflow/.local/lib/python3.7/site-packages/airflow/example_dags/example_local_kubernetes_executor.py
[2022-12-10T19:51:56.697+0000] {processor.py:756} INFO - Processing file /home/airflow/.local/lib/python3.7/site-packages/airflow/example_dags/example_local_kubernetes_executor.py for tasks to queue
[2022-12-10T19:51:56.699+0000] {logging_mixin.py:137} INFO - [2022-12-10T19:51:56.698+0000] {dagbag.py:537} INFO - Filling up the DagBag from /home/airflow/.local/lib/python3.7/site-packages/airflow/example_dags/example_local_kubernetes_executor.py
[2022-12-10T19:51:56.715+0000] {processor.py:766} INFO - DAG(s) dict_keys(['example_local_kubernetes_executor']) retrieved from /home/airflow/.local/lib/python3.7/site-packages/airflow/example_dags/example_local_kubernetes_executor.py
[2022-12-10T19:51:56.743+0000] {logging_mixin.py:137} INFO - [2022-12-10T19:51:56.743+0000] {dag.py:2585} INFO - Sync 1 DAGs
[2022-12-10T19:51:56.764+0000] {logging_mixin.py:137} INFO - [2022-12-10T19:51:56.764+0000] {dag.py:3340} INFO - Setting next_dagrun for example_local_kubernetes_executor to None, run_after=None
[2022-12-10T19:51:56.778+0000] {processor.py:176} INFO - Processing /home/airflow/.local/lib/python3.7/site-packages/airflow/example_dags/example_local_kubernetes_executor.py took 0.086 seconds
[2022-12-10T21:32:05.935+0000] {processor.py:154} INFO - Started process (PID=48849) to work on /home/airflow/.local/lib/python3.7/site-packages/airflow/example_dags/example_local_kubernetes_executor.py
[2022-12-10T21:32:05.937+0000] {processor.py:756} INFO - Processing file /home/airflow/.local/lib/python3.7/site-packages/airflow/example_dags/example_local_kubernetes_executor.py for tasks to queue
[2022-12-10T21:32:05.938+0000] {logging_mixin.py:137} INFO - [2022-12-10T21:32:05.938+0000] {dagbag.py:537} INFO - Filling up the DagBag from /home/airflow/.local/lib/python3.7/site-packages/airflow/example_dags/example_local_kubernetes_executor.py
[2022-12-10T21:32:05.953+0000] {processor.py:766} INFO - DAG(s) dict_keys(['example_local_kubernetes_executor']) retrieved from /home/airflow/.local/lib/python3.7/site-packages/airflow/example_dags/example_local_kubernetes_executor.py
[2022-12-10T21:32:05.982+0000] {logging_mixin.py:137} INFO - [2022-12-10T21:32:05.982+0000] {dag.py:2585} INFO - Sync 1 DAGs
[2022-12-10T21:32:05.997+0000] {logging_mixin.py:137} INFO - [2022-12-10T21:32:05.997+0000] {dag.py:3340} INFO - Setting next_dagrun for example_local_kubernetes_executor to None, run_after=None
[2022-12-10T21:32:06.010+0000] {processor.py:176} INFO - Processing /home/airflow/.local/lib/python3.7/site-packages/airflow/example_dags/example_local_kubernetes_executor.py took 0.077 seconds
[2022-12-10T22:56:10.773+0000] {processor.py:154} INFO - Started process (PID=48917) to work on /home/airflow/.local/lib/python3.7/site-packages/airflow/example_dags/example_local_kubernetes_executor.py
[2022-12-10T22:56:10.775+0000] {processor.py:756} INFO - Processing file /home/airflow/.local/lib/python3.7/site-packages/airflow/example_dags/example_local_kubernetes_executor.py for tasks to queue
[2022-12-10T22:56:10.776+0000] {logging_mixin.py:137} INFO - [2022-12-10T22:56:10.776+0000] {dagbag.py:537} INFO - Filling up the DagBag from /home/airflow/.local/lib/python3.7/site-packages/airflow/example_dags/example_local_kubernetes_executor.py
[2022-12-10T22:56:10.790+0000] {processor.py:766} INFO - DAG(s) dict_keys(['example_local_kubernetes_executor']) retrieved from /home/airflow/.local/lib/python3.7/site-packages/airflow/example_dags/example_local_kubernetes_executor.py
[2022-12-10T22:56:10.823+0000] {logging_mixin.py:137} INFO - [2022-12-10T22:56:10.823+0000] {dag.py:2585} INFO - Sync 1 DAGs
[2022-12-10T22:56:10.840+0000] {logging_mixin.py:137} INFO - [2022-12-10T22:56:10.840+0000] {dag.py:3340} INFO - Setting next_dagrun for example_local_kubernetes_executor to None, run_after=None
[2022-12-10T22:56:10.858+0000] {processor.py:176} INFO - Processing /home/airflow/.local/lib/python3.7/site-packages/airflow/example_dags/example_local_kubernetes_executor.py took 0.087 seconds
[2022-12-10T23:54:29.521+0000] {processor.py:154} INFO - Started process (PID=48984) to work on /home/airflow/.local/lib/python3.7/site-packages/airflow/example_dags/example_local_kubernetes_executor.py
[2022-12-10T23:54:29.523+0000] {processor.py:756} INFO - Processing file /home/airflow/.local/lib/python3.7/site-packages/airflow/example_dags/example_local_kubernetes_executor.py for tasks to queue
[2022-12-10T23:54:29.525+0000] {logging_mixin.py:137} INFO - [2022-12-10T23:54:29.524+0000] {dagbag.py:537} INFO - Filling up the DagBag from /home/airflow/.local/lib/python3.7/site-packages/airflow/example_dags/example_local_kubernetes_executor.py
[2022-12-10T23:54:29.540+0000] {processor.py:766} INFO - DAG(s) dict_keys(['example_local_kubernetes_executor']) retrieved from /home/airflow/.local/lib/python3.7/site-packages/airflow/example_dags/example_local_kubernetes_executor.py
[2022-12-10T23:54:29.566+0000] {logging_mixin.py:137} INFO - [2022-12-10T23:54:29.566+0000] {dag.py:2585} INFO - Sync 1 DAGs
[2022-12-10T23:54:29.582+0000] {logging_mixin.py:137} INFO - [2022-12-10T23:54:29.582+0000] {dag.py:3340} INFO - Setting next_dagrun for example_local_kubernetes_executor to None, run_after=None
[2022-12-10T23:54:29.596+0000] {processor.py:176} INFO - Processing /home/airflow/.local/lib/python3.7/site-packages/airflow/example_dags/example_local_kubernetes_executor.py took 0.078 seconds
