[2022-12-10T01:13:54.875+0000] {processor.py:154} INFO - Started process (PID=47935) to work on /home/airflow/.local/lib/python3.7/site-packages/airflow/example_dags/example_short_circuit_decorator.py
[2022-12-10T01:13:54.883+0000] {processor.py:756} INFO - Processing file /home/airflow/.local/lib/python3.7/site-packages/airflow/example_dags/example_short_circuit_decorator.py for tasks to queue
[2022-12-10T01:13:54.886+0000] {logging_mixin.py:137} INFO - [2022-12-10T01:13:54.886+0000] {dagbag.py:537} INFO - Filling up the DagBag from /home/airflow/.local/lib/python3.7/site-packages/airflow/example_dags/example_short_circuit_decorator.py
[2022-12-10T01:13:55.012+0000] {processor.py:766} INFO - DAG(s) dict_keys(['example_short_circuit_decorator']) retrieved from /home/airflow/.local/lib/python3.7/site-packages/airflow/example_dags/example_short_circuit_decorator.py
[2022-12-10T01:13:55.314+0000] {logging_mixin.py:137} INFO - [2022-12-10T01:13:55.313+0000] {dag.py:2585} INFO - Sync 1 DAGs
[2022-12-10T01:13:55.411+0000] {logging_mixin.py:137} INFO - [2022-12-10T01:13:55.411+0000] {dag.py:3340} INFO - Setting next_dagrun for example_short_circuit_decorator to 2022-12-09T01:13:55.411088+00:00, run_after=2022-12-10T01:13:55.411088+00:00
[2022-12-10T01:13:55.481+0000] {processor.py:176} INFO - Processing /home/airflow/.local/lib/python3.7/site-packages/airflow/example_dags/example_short_circuit_decorator.py took 0.618 seconds
[2022-12-10T02:35:29.369+0000] {processor.py:154} INFO - Started process (PID=47994) to work on /home/airflow/.local/lib/python3.7/site-packages/airflow/example_dags/example_short_circuit_decorator.py
[2022-12-10T02:35:29.371+0000] {processor.py:756} INFO - Processing file /home/airflow/.local/lib/python3.7/site-packages/airflow/example_dags/example_short_circuit_decorator.py for tasks to queue
[2022-12-10T02:35:29.372+0000] {logging_mixin.py:137} INFO - [2022-12-10T02:35:29.372+0000] {dagbag.py:537} INFO - Filling up the DagBag from /home/airflow/.local/lib/python3.7/site-packages/airflow/example_dags/example_short_circuit_decorator.py
[2022-12-10T02:35:29.394+0000] {processor.py:766} INFO - DAG(s) dict_keys(['example_short_circuit_decorator']) retrieved from /home/airflow/.local/lib/python3.7/site-packages/airflow/example_dags/example_short_circuit_decorator.py
[2022-12-10T02:35:29.426+0000] {logging_mixin.py:137} INFO - [2022-12-10T02:35:29.425+0000] {dag.py:2585} INFO - Sync 1 DAGs
[2022-12-10T02:35:29.443+0000] {logging_mixin.py:137} INFO - [2022-12-10T02:35:29.442+0000] {dag.py:3340} INFO - Setting next_dagrun for example_short_circuit_decorator to 2022-12-09T02:35:29.442815+00:00, run_after=2022-12-10T02:35:29.442815+00:00
[2022-12-10T02:35:29.456+0000] {processor.py:176} INFO - Processing /home/airflow/.local/lib/python3.7/site-packages/airflow/example_dags/example_short_circuit_decorator.py took 0.089 seconds
[2022-12-10T03:43:49.313+0000] {processor.py:154} INFO - Started process (PID=48059) to work on /home/airflow/.local/lib/python3.7/site-packages/airflow/example_dags/example_short_circuit_decorator.py
[2022-12-10T03:43:49.314+0000] {processor.py:756} INFO - Processing file /home/airflow/.local/lib/python3.7/site-packages/airflow/example_dags/example_short_circuit_decorator.py for tasks to queue
[2022-12-10T03:43:49.315+0000] {logging_mixin.py:137} INFO - [2022-12-10T03:43:49.315+0000] {dagbag.py:537} INFO - Filling up the DagBag from /home/airflow/.local/lib/python3.7/site-packages/airflow/example_dags/example_short_circuit_decorator.py
[2022-12-10T03:43:49.332+0000] {processor.py:766} INFO - DAG(s) dict_keys(['example_short_circuit_decorator']) retrieved from /home/airflow/.local/lib/python3.7/site-packages/airflow/example_dags/example_short_circuit_decorator.py
[2022-12-10T03:43:49.362+0000] {logging_mixin.py:137} INFO - [2022-12-10T03:43:49.362+0000] {dag.py:2585} INFO - Sync 1 DAGs
[2022-12-10T03:43:49.378+0000] {logging_mixin.py:137} INFO - [2022-12-10T03:43:49.378+0000] {dag.py:3340} INFO - Setting next_dagrun for example_short_circuit_decorator to 2022-12-09T03:43:49.378368+00:00, run_after=2022-12-10T03:43:49.378368+00:00
[2022-12-10T03:43:49.392+0000] {processor.py:176} INFO - Processing /home/airflow/.local/lib/python3.7/site-packages/airflow/example_dags/example_short_circuit_decorator.py took 0.081 seconds
[2022-12-10T04:16:18.319+0000] {processor.py:154} INFO - Started process (PID=48126) to work on /home/airflow/.local/lib/python3.7/site-packages/airflow/example_dags/example_short_circuit_decorator.py
[2022-12-10T04:16:18.326+0000] {processor.py:756} INFO - Processing file /home/airflow/.local/lib/python3.7/site-packages/airflow/example_dags/example_short_circuit_decorator.py for tasks to queue
[2022-12-10T04:16:18.328+0000] {logging_mixin.py:137} INFO - [2022-12-10T04:16:18.328+0000] {dagbag.py:537} INFO - Filling up the DagBag from /home/airflow/.local/lib/python3.7/site-packages/airflow/example_dags/example_short_circuit_decorator.py
[2022-12-10T04:16:18.391+0000] {processor.py:766} INFO - DAG(s) dict_keys(['example_short_circuit_decorator']) retrieved from /home/airflow/.local/lib/python3.7/site-packages/airflow/example_dags/example_short_circuit_decorator.py
[2022-12-10T04:16:18.481+0000] {logging_mixin.py:137} INFO - [2022-12-10T04:16:18.481+0000] {dag.py:2585} INFO - Sync 1 DAGs
[2022-12-10T04:16:18.525+0000] {logging_mixin.py:137} INFO - [2022-12-10T04:16:18.525+0000] {dag.py:3340} INFO - Setting next_dagrun for example_short_circuit_decorator to 2022-12-09T04:16:18.524928+00:00, run_after=2022-12-10T04:16:18.524928+00:00
[2022-12-10T04:16:18.589+0000] {processor.py:176} INFO - Processing /home/airflow/.local/lib/python3.7/site-packages/airflow/example_dags/example_short_circuit_decorator.py took 0.274 seconds
[2022-12-10T05:54:52.701+0000] {processor.py:154} INFO - Started process (PID=48185) to work on /home/airflow/.local/lib/python3.7/site-packages/airflow/example_dags/example_short_circuit_decorator.py
[2022-12-10T05:54:52.711+0000] {processor.py:756} INFO - Processing file /home/airflow/.local/lib/python3.7/site-packages/airflow/example_dags/example_short_circuit_decorator.py for tasks to queue
[2022-12-10T05:54:52.716+0000] {logging_mixin.py:137} INFO - [2022-12-10T05:54:52.715+0000] {dagbag.py:537} INFO - Filling up the DagBag from /home/airflow/.local/lib/python3.7/site-packages/airflow/example_dags/example_short_circuit_decorator.py
[2022-12-10T05:54:52.754+0000] {processor.py:766} INFO - DAG(s) dict_keys(['example_short_circuit_decorator']) retrieved from /home/airflow/.local/lib/python3.7/site-packages/airflow/example_dags/example_short_circuit_decorator.py
[2022-12-10T05:54:52.814+0000] {logging_mixin.py:137} INFO - [2022-12-10T05:54:52.814+0000] {dag.py:2585} INFO - Sync 1 DAGs
[2022-12-10T05:54:52.850+0000] {logging_mixin.py:137} INFO - [2022-12-10T05:54:52.850+0000] {dag.py:3340} INFO - Setting next_dagrun for example_short_circuit_decorator to 2022-12-09T05:54:52.850487+00:00, run_after=2022-12-10T05:54:52.850487+00:00
[2022-12-10T05:54:52.881+0000] {processor.py:176} INFO - Processing /home/airflow/.local/lib/python3.7/site-packages/airflow/example_dags/example_short_circuit_decorator.py took 0.191 seconds
[2022-12-10T07:18:15.600+0000] {processor.py:154} INFO - Started process (PID=48253) to work on /home/airflow/.local/lib/python3.7/site-packages/airflow/example_dags/example_short_circuit_decorator.py
[2022-12-10T07:18:15.606+0000] {processor.py:756} INFO - Processing file /home/airflow/.local/lib/python3.7/site-packages/airflow/example_dags/example_short_circuit_decorator.py for tasks to queue
[2022-12-10T07:18:15.608+0000] {logging_mixin.py:137} INFO - [2022-12-10T07:18:15.608+0000] {dagbag.py:537} INFO - Filling up the DagBag from /home/airflow/.local/lib/python3.7/site-packages/airflow/example_dags/example_short_circuit_decorator.py
[2022-12-10T07:18:15.634+0000] {processor.py:766} INFO - DAG(s) dict_keys(['example_short_circuit_decorator']) retrieved from /home/airflow/.local/lib/python3.7/site-packages/airflow/example_dags/example_short_circuit_decorator.py
[2022-12-10T07:18:15.675+0000] {logging_mixin.py:137} INFO - [2022-12-10T07:18:15.675+0000] {dag.py:2585} INFO - Sync 1 DAGs
[2022-12-10T07:18:15.694+0000] {logging_mixin.py:137} INFO - [2022-12-10T07:18:15.694+0000] {dag.py:3340} INFO - Setting next_dagrun for example_short_circuit_decorator to 2022-12-09T07:18:15.694668+00:00, run_after=2022-12-10T07:18:15.694668+00:00
[2022-12-10T07:18:15.708+0000] {processor.py:176} INFO - Processing /home/airflow/.local/lib/python3.7/site-packages/airflow/example_dags/example_short_circuit_decorator.py took 0.112 seconds
[2022-12-10T08:58:57.078+0000] {processor.py:154} INFO - Started process (PID=48321) to work on /home/airflow/.local/lib/python3.7/site-packages/airflow/example_dags/example_short_circuit_decorator.py
[2022-12-10T08:58:57.080+0000] {processor.py:756} INFO - Processing file /home/airflow/.local/lib/python3.7/site-packages/airflow/example_dags/example_short_circuit_decorator.py for tasks to queue
[2022-12-10T08:58:57.082+0000] {logging_mixin.py:137} INFO - [2022-12-10T08:58:57.082+0000] {dagbag.py:537} INFO - Filling up the DagBag from /home/airflow/.local/lib/python3.7/site-packages/airflow/example_dags/example_short_circuit_decorator.py
[2022-12-10T08:58:57.112+0000] {processor.py:766} INFO - DAG(s) dict_keys(['example_short_circuit_decorator']) retrieved from /home/airflow/.local/lib/python3.7/site-packages/airflow/example_dags/example_short_circuit_decorator.py
[2022-12-10T08:58:57.163+0000] {logging_mixin.py:137} INFO - [2022-12-10T08:58:57.163+0000] {dag.py:2585} INFO - Sync 1 DAGs
[2022-12-10T08:58:57.194+0000] {logging_mixin.py:137} INFO - [2022-12-10T08:58:57.194+0000] {dag.py:3340} INFO - Setting next_dagrun for example_short_circuit_decorator to 2022-12-09T08:58:57.193997+00:00, run_after=2022-12-10T08:58:57.193997+00:00
[2022-12-10T08:58:57.218+0000] {processor.py:176} INFO - Processing /home/airflow/.local/lib/python3.7/site-packages/airflow/example_dags/example_short_circuit_decorator.py took 0.144 seconds
[2022-12-10T10:34:16.680+0000] {processor.py:154} INFO - Started process (PID=48388) to work on /home/airflow/.local/lib/python3.7/site-packages/airflow/example_dags/example_short_circuit_decorator.py
[2022-12-10T10:34:16.684+0000] {processor.py:756} INFO - Processing file /home/airflow/.local/lib/python3.7/site-packages/airflow/example_dags/example_short_circuit_decorator.py for tasks to queue
[2022-12-10T10:34:16.687+0000] {logging_mixin.py:137} INFO - [2022-12-10T10:34:16.687+0000] {dagbag.py:537} INFO - Filling up the DagBag from /home/airflow/.local/lib/python3.7/site-packages/airflow/example_dags/example_short_circuit_decorator.py
[2022-12-10T10:34:16.725+0000] {processor.py:766} INFO - DAG(s) dict_keys(['example_short_circuit_decorator']) retrieved from /home/airflow/.local/lib/python3.7/site-packages/airflow/example_dags/example_short_circuit_decorator.py
[2022-12-10T10:34:16.818+0000] {logging_mixin.py:137} INFO - [2022-12-10T10:34:16.818+0000] {dag.py:2585} INFO - Sync 1 DAGs
[2022-12-10T10:34:16.873+0000] {logging_mixin.py:137} INFO - [2022-12-10T10:34:16.873+0000] {dag.py:3340} INFO - Setting next_dagrun for example_short_circuit_decorator to 2022-12-09T10:34:16.873286+00:00, run_after=2022-12-10T10:34:16.873286+00:00
[2022-12-10T10:34:16.920+0000] {processor.py:176} INFO - Processing /home/airflow/.local/lib/python3.7/site-packages/airflow/example_dags/example_short_circuit_decorator.py took 0.252 seconds
[2022-12-10T11:57:23.713+0000] {processor.py:154} INFO - Started process (PID=48456) to work on /home/airflow/.local/lib/python3.7/site-packages/airflow/example_dags/example_short_circuit_decorator.py
[2022-12-10T11:57:23.715+0000] {processor.py:756} INFO - Processing file /home/airflow/.local/lib/python3.7/site-packages/airflow/example_dags/example_short_circuit_decorator.py for tasks to queue
[2022-12-10T11:57:23.717+0000] {logging_mixin.py:137} INFO - [2022-12-10T11:57:23.716+0000] {dagbag.py:537} INFO - Filling up the DagBag from /home/airflow/.local/lib/python3.7/site-packages/airflow/example_dags/example_short_circuit_decorator.py
[2022-12-10T11:57:23.753+0000] {processor.py:766} INFO - DAG(s) dict_keys(['example_short_circuit_decorator']) retrieved from /home/airflow/.local/lib/python3.7/site-packages/airflow/example_dags/example_short_circuit_decorator.py
[2022-12-10T11:57:23.871+0000] {logging_mixin.py:137} INFO - [2022-12-10T11:57:23.871+0000] {dag.py:2585} INFO - Sync 1 DAGs
[2022-12-10T11:57:23.902+0000] {logging_mixin.py:137} INFO - [2022-12-10T11:57:23.902+0000] {dag.py:3340} INFO - Setting next_dagrun for example_short_circuit_decorator to 2022-12-09T11:57:23.902004+00:00, run_after=2022-12-10T11:57:23.902004+00:00
[2022-12-10T11:57:23.941+0000] {processor.py:176} INFO - Processing /home/airflow/.local/lib/python3.7/site-packages/airflow/example_dags/example_short_circuit_decorator.py took 0.232 seconds
[2022-12-10T13:36:24.293+0000] {processor.py:154} INFO - Started process (PID=48513) to work on /home/airflow/.local/lib/python3.7/site-packages/airflow/example_dags/example_short_circuit_decorator.py
[2022-12-10T13:36:24.298+0000] {processor.py:756} INFO - Processing file /home/airflow/.local/lib/python3.7/site-packages/airflow/example_dags/example_short_circuit_decorator.py for tasks to queue
[2022-12-10T13:36:24.302+0000] {logging_mixin.py:137} INFO - [2022-12-10T13:36:24.302+0000] {dagbag.py:537} INFO - Filling up the DagBag from /home/airflow/.local/lib/python3.7/site-packages/airflow/example_dags/example_short_circuit_decorator.py
[2022-12-10T13:36:24.346+0000] {processor.py:766} INFO - DAG(s) dict_keys(['example_short_circuit_decorator']) retrieved from /home/airflow/.local/lib/python3.7/site-packages/airflow/example_dags/example_short_circuit_decorator.py
[2022-12-10T13:36:24.380+0000] {logging_mixin.py:137} INFO - [2022-12-10T13:36:24.380+0000] {dag.py:2585} INFO - Sync 1 DAGs
[2022-12-10T13:36:24.410+0000] {logging_mixin.py:137} INFO - [2022-12-10T13:36:24.410+0000] {dag.py:3340} INFO - Setting next_dagrun for example_short_circuit_decorator to 2022-12-09T13:36:24.410136+00:00, run_after=2022-12-10T13:36:24.410136+00:00
[2022-12-10T13:36:24.440+0000] {processor.py:176} INFO - Processing /home/airflow/.local/lib/python3.7/site-packages/airflow/example_dags/example_short_circuit_decorator.py took 0.150 seconds
[2022-12-10T15:01:34.114+0000] {processor.py:154} INFO - Started process (PID=48580) to work on /home/airflow/.local/lib/python3.7/site-packages/airflow/example_dags/example_short_circuit_decorator.py
[2022-12-10T15:01:34.116+0000] {processor.py:756} INFO - Processing file /home/airflow/.local/lib/python3.7/site-packages/airflow/example_dags/example_short_circuit_decorator.py for tasks to queue
[2022-12-10T15:01:34.118+0000] {logging_mixin.py:137} INFO - [2022-12-10T15:01:34.118+0000] {dagbag.py:537} INFO - Filling up the DagBag from /home/airflow/.local/lib/python3.7/site-packages/airflow/example_dags/example_short_circuit_decorator.py
[2022-12-10T15:01:34.137+0000] {processor.py:766} INFO - DAG(s) dict_keys(['example_short_circuit_decorator']) retrieved from /home/airflow/.local/lib/python3.7/site-packages/airflow/example_dags/example_short_circuit_decorator.py
[2022-12-10T15:01:34.168+0000] {logging_mixin.py:137} INFO - [2022-12-10T15:01:34.168+0000] {dag.py:2585} INFO - Sync 1 DAGs
[2022-12-10T15:01:34.185+0000] {logging_mixin.py:137} INFO - [2022-12-10T15:01:34.185+0000] {dag.py:3340} INFO - Setting next_dagrun for example_short_circuit_decorator to 2022-12-09T15:01:34.185359+00:00, run_after=2022-12-10T15:01:34.185359+00:00
[2022-12-10T15:01:34.200+0000] {processor.py:176} INFO - Processing /home/airflow/.local/lib/python3.7/site-packages/airflow/example_dags/example_short_circuit_decorator.py took 0.088 seconds
[2022-12-10T16:44:40.115+0000] {processor.py:154} INFO - Started process (PID=48650) to work on /home/airflow/.local/lib/python3.7/site-packages/airflow/example_dags/example_short_circuit_decorator.py
[2022-12-10T16:44:40.117+0000] {processor.py:756} INFO - Processing file /home/airflow/.local/lib/python3.7/site-packages/airflow/example_dags/example_short_circuit_decorator.py for tasks to queue
[2022-12-10T16:44:40.121+0000] {logging_mixin.py:137} INFO - [2022-12-10T16:44:40.120+0000] {dagbag.py:537} INFO - Filling up the DagBag from /home/airflow/.local/lib/python3.7/site-packages/airflow/example_dags/example_short_circuit_decorator.py
[2022-12-10T16:44:40.148+0000] {processor.py:766} INFO - DAG(s) dict_keys(['example_short_circuit_decorator']) retrieved from /home/airflow/.local/lib/python3.7/site-packages/airflow/example_dags/example_short_circuit_decorator.py
[2022-12-10T16:44:40.194+0000] {logging_mixin.py:137} INFO - [2022-12-10T16:44:40.194+0000] {dag.py:2585} INFO - Sync 1 DAGs
[2022-12-10T16:44:40.221+0000] {logging_mixin.py:137} INFO - [2022-12-10T16:44:40.221+0000] {dag.py:3340} INFO - Setting next_dagrun for example_short_circuit_decorator to 2022-12-09T16:44:40.221556+00:00, run_after=2022-12-10T16:44:40.221556+00:00
[2022-12-10T16:44:40.246+0000] {processor.py:176} INFO - Processing /home/airflow/.local/lib/python3.7/site-packages/airflow/example_dags/example_short_circuit_decorator.py took 0.134 seconds
[2022-12-10T18:09:51.437+0000] {processor.py:154} INFO - Started process (PID=48717) to work on /home/airflow/.local/lib/python3.7/site-packages/airflow/example_dags/example_short_circuit_decorator.py
[2022-12-10T18:09:51.442+0000] {processor.py:756} INFO - Processing file /home/airflow/.local/lib/python3.7/site-packages/airflow/example_dags/example_short_circuit_decorator.py for tasks to queue
[2022-12-10T18:09:51.445+0000] {logging_mixin.py:137} INFO - [2022-12-10T18:09:51.445+0000] {dagbag.py:537} INFO - Filling up the DagBag from /home/airflow/.local/lib/python3.7/site-packages/airflow/example_dags/example_short_circuit_decorator.py
[2022-12-10T18:09:51.493+0000] {processor.py:766} INFO - DAG(s) dict_keys(['example_short_circuit_decorator']) retrieved from /home/airflow/.local/lib/python3.7/site-packages/airflow/example_dags/example_short_circuit_decorator.py
[2022-12-10T18:09:51.556+0000] {logging_mixin.py:137} INFO - [2022-12-10T18:09:51.556+0000] {dag.py:2585} INFO - Sync 1 DAGs
[2022-12-10T18:09:51.576+0000] {logging_mixin.py:137} INFO - [2022-12-10T18:09:51.576+0000] {dag.py:3340} INFO - Setting next_dagrun for example_short_circuit_decorator to 2022-12-09T18:09:51.576647+00:00, run_after=2022-12-10T18:09:51.576647+00:00
[2022-12-10T18:09:51.596+0000] {processor.py:176} INFO - Processing /home/airflow/.local/lib/python3.7/site-packages/airflow/example_dags/example_short_circuit_decorator.py took 0.164 seconds
[2022-12-10T19:51:55.703+0000] {processor.py:154} INFO - Started process (PID=48780) to work on /home/airflow/.local/lib/python3.7/site-packages/airflow/example_dags/example_short_circuit_decorator.py
[2022-12-10T19:51:55.706+0000] {processor.py:756} INFO - Processing file /home/airflow/.local/lib/python3.7/site-packages/airflow/example_dags/example_short_circuit_decorator.py for tasks to queue
[2022-12-10T19:51:55.709+0000] {logging_mixin.py:137} INFO - [2022-12-10T19:51:55.709+0000] {dagbag.py:537} INFO - Filling up the DagBag from /home/airflow/.local/lib/python3.7/site-packages/airflow/example_dags/example_short_circuit_decorator.py
[2022-12-10T19:51:55.768+0000] {processor.py:766} INFO - DAG(s) dict_keys(['example_short_circuit_decorator']) retrieved from /home/airflow/.local/lib/python3.7/site-packages/airflow/example_dags/example_short_circuit_decorator.py
[2022-12-10T19:51:55.890+0000] {logging_mixin.py:137} INFO - [2022-12-10T19:51:55.890+0000] {dag.py:2585} INFO - Sync 1 DAGs
[2022-12-10T19:51:55.961+0000] {logging_mixin.py:137} INFO - [2022-12-10T19:51:55.961+0000] {dag.py:3340} INFO - Setting next_dagrun for example_short_circuit_decorator to 2022-12-09T19:51:55.961127+00:00, run_after=2022-12-10T19:51:55.961127+00:00
[2022-12-10T19:51:55.994+0000] {processor.py:176} INFO - Processing /home/airflow/.local/lib/python3.7/site-packages/airflow/example_dags/example_short_circuit_decorator.py took 0.293 seconds
[2022-12-10T21:32:05.319+0000] {processor.py:154} INFO - Started process (PID=48840) to work on /home/airflow/.local/lib/python3.7/site-packages/airflow/example_dags/example_short_circuit_decorator.py
[2022-12-10T21:32:05.321+0000] {processor.py:756} INFO - Processing file /home/airflow/.local/lib/python3.7/site-packages/airflow/example_dags/example_short_circuit_decorator.py for tasks to queue
[2022-12-10T21:32:05.323+0000] {logging_mixin.py:137} INFO - [2022-12-10T21:32:05.323+0000] {dagbag.py:537} INFO - Filling up the DagBag from /home/airflow/.local/lib/python3.7/site-packages/airflow/example_dags/example_short_circuit_decorator.py
[2022-12-10T21:32:05.341+0000] {processor.py:766} INFO - DAG(s) dict_keys(['example_short_circuit_decorator']) retrieved from /home/airflow/.local/lib/python3.7/site-packages/airflow/example_dags/example_short_circuit_decorator.py
[2022-12-10T21:32:05.376+0000] {logging_mixin.py:137} INFO - [2022-12-10T21:32:05.376+0000] {dag.py:2585} INFO - Sync 1 DAGs
[2022-12-10T21:32:05.394+0000] {logging_mixin.py:137} INFO - [2022-12-10T21:32:05.393+0000] {dag.py:3340} INFO - Setting next_dagrun for example_short_circuit_decorator to 2022-12-09T21:32:05.393782+00:00, run_after=2022-12-10T21:32:05.393782+00:00
[2022-12-10T21:32:05.408+0000] {processor.py:176} INFO - Processing /home/airflow/.local/lib/python3.7/site-packages/airflow/example_dags/example_short_circuit_decorator.py took 0.091 seconds
[2022-12-10T22:56:09.558+0000] {processor.py:154} INFO - Started process (PID=48908) to work on /home/airflow/.local/lib/python3.7/site-packages/airflow/example_dags/example_short_circuit_decorator.py
[2022-12-10T22:56:09.568+0000] {processor.py:756} INFO - Processing file /home/airflow/.local/lib/python3.7/site-packages/airflow/example_dags/example_short_circuit_decorator.py for tasks to queue
[2022-12-10T22:56:09.570+0000] {logging_mixin.py:137} INFO - [2022-12-10T22:56:09.570+0000] {dagbag.py:537} INFO - Filling up the DagBag from /home/airflow/.local/lib/python3.7/site-packages/airflow/example_dags/example_short_circuit_decorator.py
[2022-12-10T22:56:09.621+0000] {processor.py:766} INFO - DAG(s) dict_keys(['example_short_circuit_decorator']) retrieved from /home/airflow/.local/lib/python3.7/site-packages/airflow/example_dags/example_short_circuit_decorator.py
[2022-12-10T22:56:09.716+0000] {logging_mixin.py:137} INFO - [2022-12-10T22:56:09.716+0000] {dag.py:2585} INFO - Sync 1 DAGs
[2022-12-10T22:56:09.788+0000] {logging_mixin.py:137} INFO - [2022-12-10T22:56:09.788+0000] {dag.py:3340} INFO - Setting next_dagrun for example_short_circuit_decorator to 2022-12-09T22:56:09.788576+00:00, run_after=2022-12-10T22:56:09.788576+00:00
[2022-12-10T22:56:09.819+0000] {processor.py:176} INFO - Processing /home/airflow/.local/lib/python3.7/site-packages/airflow/example_dags/example_short_circuit_decorator.py took 0.265 seconds
[2022-12-10T23:54:28.844+0000] {processor.py:154} INFO - Started process (PID=48975) to work on /home/airflow/.local/lib/python3.7/site-packages/airflow/example_dags/example_short_circuit_decorator.py
[2022-12-10T23:54:28.851+0000] {processor.py:756} INFO - Processing file /home/airflow/.local/lib/python3.7/site-packages/airflow/example_dags/example_short_circuit_decorator.py for tasks to queue
[2022-12-10T23:54:28.854+0000] {logging_mixin.py:137} INFO - [2022-12-10T23:54:28.854+0000] {dagbag.py:537} INFO - Filling up the DagBag from /home/airflow/.local/lib/python3.7/site-packages/airflow/example_dags/example_short_circuit_decorator.py
[2022-12-10T23:54:28.907+0000] {processor.py:766} INFO - DAG(s) dict_keys(['example_short_circuit_decorator']) retrieved from /home/airflow/.local/lib/python3.7/site-packages/airflow/example_dags/example_short_circuit_decorator.py
[2022-12-10T23:54:28.970+0000] {logging_mixin.py:137} INFO - [2022-12-10T23:54:28.969+0000] {dag.py:2585} INFO - Sync 1 DAGs
[2022-12-10T23:54:29.001+0000] {logging_mixin.py:137} INFO - [2022-12-10T23:54:29.001+0000] {dag.py:3340} INFO - Setting next_dagrun for example_short_circuit_decorator to 2022-12-09T23:54:29.000888+00:00, run_after=2022-12-10T23:54:29.000888+00:00
[2022-12-10T23:54:29.023+0000] {processor.py:176} INFO - Processing /home/airflow/.local/lib/python3.7/site-packages/airflow/example_dags/example_short_circuit_decorator.py took 0.185 seconds
