[2022-12-10T01:13:57.244+0000] {processor.py:154} INFO - Started process (PID=47958) to work on /home/airflow/.local/lib/python3.7/site-packages/airflow/example_dags/example_bash_operator.py
[2022-12-10T01:13:57.245+0000] {processor.py:756} INFO - Processing file /home/airflow/.local/lib/python3.7/site-packages/airflow/example_dags/example_bash_operator.py for tasks to queue
[2022-12-10T01:13:57.246+0000] {logging_mixin.py:137} INFO - [2022-12-10T01:13:57.246+0000] {dagbag.py:537} INFO - Filling up the DagBag from /home/airflow/.local/lib/python3.7/site-packages/airflow/example_dags/example_bash_operator.py
[2022-12-10T01:13:57.262+0000] {processor.py:766} INFO - DAG(s) dict_keys(['example_bash_operator']) retrieved from /home/airflow/.local/lib/python3.7/site-packages/airflow/example_dags/example_bash_operator.py
[2022-12-10T01:13:57.295+0000] {logging_mixin.py:137} INFO - [2022-12-10T01:13:57.295+0000] {dag.py:2585} INFO - Sync 1 DAGs
[2022-12-10T01:13:57.312+0000] {logging_mixin.py:137} INFO - [2022-12-10T01:13:57.312+0000] {dag.py:3340} INFO - Setting next_dagrun for example_bash_operator to 2022-12-09T00:00:00+00:00, run_after=2022-12-10T00:00:00+00:00
[2022-12-10T01:13:57.326+0000] {processor.py:176} INFO - Processing /home/airflow/.local/lib/python3.7/site-packages/airflow/example_dags/example_bash_operator.py took 0.085 seconds
[2022-12-10T02:35:30.858+0000] {processor.py:154} INFO - Started process (PID=48015) to work on /home/airflow/.local/lib/python3.7/site-packages/airflow/example_dags/example_bash_operator.py
[2022-12-10T02:35:30.861+0000] {processor.py:756} INFO - Processing file /home/airflow/.local/lib/python3.7/site-packages/airflow/example_dags/example_bash_operator.py for tasks to queue
[2022-12-10T02:35:30.862+0000] {logging_mixin.py:137} INFO - [2022-12-10T02:35:30.862+0000] {dagbag.py:537} INFO - Filling up the DagBag from /home/airflow/.local/lib/python3.7/site-packages/airflow/example_dags/example_bash_operator.py
[2022-12-10T02:35:30.883+0000] {processor.py:766} INFO - DAG(s) dict_keys(['example_bash_operator']) retrieved from /home/airflow/.local/lib/python3.7/site-packages/airflow/example_dags/example_bash_operator.py
[2022-12-10T02:35:30.930+0000] {logging_mixin.py:137} INFO - [2022-12-10T02:35:30.930+0000] {dag.py:2585} INFO - Sync 1 DAGs
[2022-12-10T02:35:30.947+0000] {logging_mixin.py:137} INFO - [2022-12-10T02:35:30.947+0000] {dag.py:3340} INFO - Setting next_dagrun for example_bash_operator to 2022-12-09T00:00:00+00:00, run_after=2022-12-10T00:00:00+00:00
[2022-12-10T02:35:30.965+0000] {processor.py:176} INFO - Processing /home/airflow/.local/lib/python3.7/site-packages/airflow/example_dags/example_bash_operator.py took 0.109 seconds
[2022-12-10T03:43:51.639+0000] {processor.py:154} INFO - Started process (PID=48080) to work on /home/airflow/.local/lib/python3.7/site-packages/airflow/example_dags/example_bash_operator.py
[2022-12-10T03:43:51.641+0000] {processor.py:756} INFO - Processing file /home/airflow/.local/lib/python3.7/site-packages/airflow/example_dags/example_bash_operator.py for tasks to queue
[2022-12-10T03:43:51.643+0000] {logging_mixin.py:137} INFO - [2022-12-10T03:43:51.642+0000] {dagbag.py:537} INFO - Filling up the DagBag from /home/airflow/.local/lib/python3.7/site-packages/airflow/example_dags/example_bash_operator.py
[2022-12-10T03:43:51.659+0000] {processor.py:766} INFO - DAG(s) dict_keys(['example_bash_operator']) retrieved from /home/airflow/.local/lib/python3.7/site-packages/airflow/example_dags/example_bash_operator.py
[2022-12-10T03:43:51.692+0000] {logging_mixin.py:137} INFO - [2022-12-10T03:43:51.692+0000] {dag.py:2585} INFO - Sync 1 DAGs
[2022-12-10T03:43:51.717+0000] {logging_mixin.py:137} INFO - [2022-12-10T03:43:51.717+0000] {dag.py:3340} INFO - Setting next_dagrun for example_bash_operator to 2022-12-09T00:00:00+00:00, run_after=2022-12-10T00:00:00+00:00
[2022-12-10T03:43:51.739+0000] {processor.py:176} INFO - Processing /home/airflow/.local/lib/python3.7/site-packages/airflow/example_dags/example_bash_operator.py took 0.102 seconds
[2022-12-10T04:16:20.343+0000] {processor.py:154} INFO - Started process (PID=48147) to work on /home/airflow/.local/lib/python3.7/site-packages/airflow/example_dags/example_bash_operator.py
[2022-12-10T04:16:20.345+0000] {processor.py:756} INFO - Processing file /home/airflow/.local/lib/python3.7/site-packages/airflow/example_dags/example_bash_operator.py for tasks to queue
[2022-12-10T04:16:20.346+0000] {logging_mixin.py:137} INFO - [2022-12-10T04:16:20.346+0000] {dagbag.py:537} INFO - Filling up the DagBag from /home/airflow/.local/lib/python3.7/site-packages/airflow/example_dags/example_bash_operator.py
[2022-12-10T04:16:20.361+0000] {processor.py:766} INFO - DAG(s) dict_keys(['example_bash_operator']) retrieved from /home/airflow/.local/lib/python3.7/site-packages/airflow/example_dags/example_bash_operator.py
[2022-12-10T04:16:20.396+0000] {logging_mixin.py:137} INFO - [2022-12-10T04:16:20.396+0000] {dag.py:2585} INFO - Sync 1 DAGs
[2022-12-10T04:16:20.413+0000] {logging_mixin.py:137} INFO - [2022-12-10T04:16:20.413+0000] {dag.py:3340} INFO - Setting next_dagrun for example_bash_operator to 2022-12-09T00:00:00+00:00, run_after=2022-12-10T00:00:00+00:00
[2022-12-10T04:16:20.425+0000] {processor.py:176} INFO - Processing /home/airflow/.local/lib/python3.7/site-packages/airflow/example_dags/example_bash_operator.py took 0.085 seconds
[2022-12-10T05:54:54.400+0000] {processor.py:154} INFO - Started process (PID=48215) to work on /home/airflow/.local/lib/python3.7/site-packages/airflow/example_dags/example_bash_operator.py
[2022-12-10T05:54:54.402+0000] {processor.py:756} INFO - Processing file /home/airflow/.local/lib/python3.7/site-packages/airflow/example_dags/example_bash_operator.py for tasks to queue
[2022-12-10T05:54:54.403+0000] {logging_mixin.py:137} INFO - [2022-12-10T05:54:54.403+0000] {dagbag.py:537} INFO - Filling up the DagBag from /home/airflow/.local/lib/python3.7/site-packages/airflow/example_dags/example_bash_operator.py
[2022-12-10T05:54:54.419+0000] {processor.py:766} INFO - DAG(s) dict_keys(['example_bash_operator']) retrieved from /home/airflow/.local/lib/python3.7/site-packages/airflow/example_dags/example_bash_operator.py
[2022-12-10T05:54:54.452+0000] {logging_mixin.py:137} INFO - [2022-12-10T05:54:54.452+0000] {dag.py:2585} INFO - Sync 1 DAGs
[2022-12-10T05:54:54.471+0000] {logging_mixin.py:137} INFO - [2022-12-10T05:54:54.471+0000] {dag.py:3340} INFO - Setting next_dagrun for example_bash_operator to 2022-12-09T00:00:00+00:00, run_after=2022-12-10T00:00:00+00:00
[2022-12-10T05:54:54.483+0000] {processor.py:176} INFO - Processing /home/airflow/.local/lib/python3.7/site-packages/airflow/example_dags/example_bash_operator.py took 0.085 seconds
[2022-12-10T07:18:17.046+0000] {processor.py:154} INFO - Started process (PID=48274) to work on /home/airflow/.local/lib/python3.7/site-packages/airflow/example_dags/example_bash_operator.py
[2022-12-10T07:18:17.048+0000] {processor.py:756} INFO - Processing file /home/airflow/.local/lib/python3.7/site-packages/airflow/example_dags/example_bash_operator.py for tasks to queue
[2022-12-10T07:18:17.049+0000] {logging_mixin.py:137} INFO - [2022-12-10T07:18:17.049+0000] {dagbag.py:537} INFO - Filling up the DagBag from /home/airflow/.local/lib/python3.7/site-packages/airflow/example_dags/example_bash_operator.py
[2022-12-10T07:18:17.065+0000] {processor.py:766} INFO - DAG(s) dict_keys(['example_bash_operator']) retrieved from /home/airflow/.local/lib/python3.7/site-packages/airflow/example_dags/example_bash_operator.py
[2022-12-10T07:18:17.100+0000] {logging_mixin.py:137} INFO - [2022-12-10T07:18:17.100+0000] {dag.py:2585} INFO - Sync 1 DAGs
[2022-12-10T07:18:17.123+0000] {logging_mixin.py:137} INFO - [2022-12-10T07:18:17.122+0000] {dag.py:3340} INFO - Setting next_dagrun for example_bash_operator to 2022-12-09T00:00:00+00:00, run_after=2022-12-10T00:00:00+00:00
[2022-12-10T07:18:17.136+0000] {processor.py:176} INFO - Processing /home/airflow/.local/lib/python3.7/site-packages/airflow/example_dags/example_bash_operator.py took 0.092 seconds
[2022-12-10T08:58:59.121+0000] {processor.py:154} INFO - Started process (PID=48342) to work on /home/airflow/.local/lib/python3.7/site-packages/airflow/example_dags/example_bash_operator.py
[2022-12-10T08:58:59.125+0000] {processor.py:756} INFO - Processing file /home/airflow/.local/lib/python3.7/site-packages/airflow/example_dags/example_bash_operator.py for tasks to queue
[2022-12-10T08:58:59.126+0000] {logging_mixin.py:137} INFO - [2022-12-10T08:58:59.126+0000] {dagbag.py:537} INFO - Filling up the DagBag from /home/airflow/.local/lib/python3.7/site-packages/airflow/example_dags/example_bash_operator.py
[2022-12-10T08:58:59.145+0000] {processor.py:766} INFO - DAG(s) dict_keys(['example_bash_operator']) retrieved from /home/airflow/.local/lib/python3.7/site-packages/airflow/example_dags/example_bash_operator.py
[2022-12-10T08:58:59.187+0000] {logging_mixin.py:137} INFO - [2022-12-10T08:58:59.187+0000] {dag.py:2585} INFO - Sync 1 DAGs
[2022-12-10T08:58:59.235+0000] {logging_mixin.py:137} INFO - [2022-12-10T08:58:59.235+0000] {dag.py:3340} INFO - Setting next_dagrun for example_bash_operator to 2022-12-09T00:00:00+00:00, run_after=2022-12-10T00:00:00+00:00
[2022-12-10T08:58:59.250+0000] {processor.py:176} INFO - Processing /home/airflow/.local/lib/python3.7/site-packages/airflow/example_dags/example_bash_operator.py took 0.132 seconds
[2022-12-10T10:34:18.342+0000] {processor.py:154} INFO - Started process (PID=48409) to work on /home/airflow/.local/lib/python3.7/site-packages/airflow/example_dags/example_bash_operator.py
[2022-12-10T10:34:18.344+0000] {processor.py:756} INFO - Processing file /home/airflow/.local/lib/python3.7/site-packages/airflow/example_dags/example_bash_operator.py for tasks to queue
[2022-12-10T10:34:18.345+0000] {logging_mixin.py:137} INFO - [2022-12-10T10:34:18.345+0000] {dagbag.py:537} INFO - Filling up the DagBag from /home/airflow/.local/lib/python3.7/site-packages/airflow/example_dags/example_bash_operator.py
[2022-12-10T10:34:18.359+0000] {processor.py:766} INFO - DAG(s) dict_keys(['example_bash_operator']) retrieved from /home/airflow/.local/lib/python3.7/site-packages/airflow/example_dags/example_bash_operator.py
[2022-12-10T10:34:18.393+0000] {logging_mixin.py:137} INFO - [2022-12-10T10:34:18.393+0000] {dag.py:2585} INFO - Sync 1 DAGs
[2022-12-10T10:34:18.411+0000] {logging_mixin.py:137} INFO - [2022-12-10T10:34:18.411+0000] {dag.py:3340} INFO - Setting next_dagrun for example_bash_operator to 2022-12-09T00:00:00+00:00, run_after=2022-12-10T00:00:00+00:00
[2022-12-10T10:34:18.424+0000] {processor.py:176} INFO - Processing /home/airflow/.local/lib/python3.7/site-packages/airflow/example_dags/example_bash_operator.py took 0.085 seconds
[2022-12-10T11:57:25.801+0000] {processor.py:154} INFO - Started process (PID=48477) to work on /home/airflow/.local/lib/python3.7/site-packages/airflow/example_dags/example_bash_operator.py
[2022-12-10T11:57:25.803+0000] {processor.py:756} INFO - Processing file /home/airflow/.local/lib/python3.7/site-packages/airflow/example_dags/example_bash_operator.py for tasks to queue
[2022-12-10T11:57:25.805+0000] {logging_mixin.py:137} INFO - [2022-12-10T11:57:25.805+0000] {dagbag.py:537} INFO - Filling up the DagBag from /home/airflow/.local/lib/python3.7/site-packages/airflow/example_dags/example_bash_operator.py
[2022-12-10T11:57:25.823+0000] {processor.py:766} INFO - DAG(s) dict_keys(['example_bash_operator']) retrieved from /home/airflow/.local/lib/python3.7/site-packages/airflow/example_dags/example_bash_operator.py
[2022-12-10T11:57:25.860+0000] {logging_mixin.py:137} INFO - [2022-12-10T11:57:25.860+0000] {dag.py:2585} INFO - Sync 1 DAGs
[2022-12-10T11:57:25.880+0000] {logging_mixin.py:137} INFO - [2022-12-10T11:57:25.880+0000] {dag.py:3340} INFO - Setting next_dagrun for example_bash_operator to 2022-12-09T00:00:00+00:00, run_after=2022-12-10T00:00:00+00:00
[2022-12-10T11:57:25.895+0000] {processor.py:176} INFO - Processing /home/airflow/.local/lib/python3.7/site-packages/airflow/example_dags/example_bash_operator.py took 0.097 seconds
[2022-12-10T13:36:25.979+0000] {processor.py:154} INFO - Started process (PID=48544) to work on /home/airflow/.local/lib/python3.7/site-packages/airflow/example_dags/example_bash_operator.py
[2022-12-10T13:36:25.982+0000] {processor.py:756} INFO - Processing file /home/airflow/.local/lib/python3.7/site-packages/airflow/example_dags/example_bash_operator.py for tasks to queue
[2022-12-10T13:36:25.983+0000] {logging_mixin.py:137} INFO - [2022-12-10T13:36:25.983+0000] {dagbag.py:537} INFO - Filling up the DagBag from /home/airflow/.local/lib/python3.7/site-packages/airflow/example_dags/example_bash_operator.py
[2022-12-10T13:36:26.000+0000] {processor.py:766} INFO - DAG(s) dict_keys(['example_bash_operator']) retrieved from /home/airflow/.local/lib/python3.7/site-packages/airflow/example_dags/example_bash_operator.py
[2022-12-10T13:36:26.033+0000] {logging_mixin.py:137} INFO - [2022-12-10T13:36:26.033+0000] {dag.py:2585} INFO - Sync 1 DAGs
[2022-12-10T13:36:26.052+0000] {logging_mixin.py:137} INFO - [2022-12-10T13:36:26.052+0000] {dag.py:3340} INFO - Setting next_dagrun for example_bash_operator to 2022-12-09T00:00:00+00:00, run_after=2022-12-10T00:00:00+00:00
[2022-12-10T13:36:26.067+0000] {processor.py:176} INFO - Processing /home/airflow/.local/lib/python3.7/site-packages/airflow/example_dags/example_bash_operator.py took 0.090 seconds
[2022-12-10T15:01:35.655+0000] {processor.py:154} INFO - Started process (PID=48601) to work on /home/airflow/.local/lib/python3.7/site-packages/airflow/example_dags/example_bash_operator.py
[2022-12-10T15:01:35.657+0000] {processor.py:756} INFO - Processing file /home/airflow/.local/lib/python3.7/site-packages/airflow/example_dags/example_bash_operator.py for tasks to queue
[2022-12-10T15:01:35.659+0000] {logging_mixin.py:137} INFO - [2022-12-10T15:01:35.658+0000] {dagbag.py:537} INFO - Filling up the DagBag from /home/airflow/.local/lib/python3.7/site-packages/airflow/example_dags/example_bash_operator.py
[2022-12-10T15:01:35.680+0000] {processor.py:766} INFO - DAG(s) dict_keys(['example_bash_operator']) retrieved from /home/airflow/.local/lib/python3.7/site-packages/airflow/example_dags/example_bash_operator.py
[2022-12-10T15:01:35.715+0000] {logging_mixin.py:137} INFO - [2022-12-10T15:01:35.715+0000] {dag.py:2585} INFO - Sync 1 DAGs
[2022-12-10T15:01:35.735+0000] {logging_mixin.py:137} INFO - [2022-12-10T15:01:35.735+0000] {dag.py:3340} INFO - Setting next_dagrun for example_bash_operator to 2022-12-09T00:00:00+00:00, run_after=2022-12-10T00:00:00+00:00
[2022-12-10T15:01:35.753+0000] {processor.py:176} INFO - Processing /home/airflow/.local/lib/python3.7/site-packages/airflow/example_dags/example_bash_operator.py took 0.100 seconds
[2022-12-10T16:44:41.749+0000] {processor.py:154} INFO - Started process (PID=48671) to work on /home/airflow/.local/lib/python3.7/site-packages/airflow/example_dags/example_bash_operator.py
[2022-12-10T16:44:41.751+0000] {processor.py:756} INFO - Processing file /home/airflow/.local/lib/python3.7/site-packages/airflow/example_dags/example_bash_operator.py for tasks to queue
[2022-12-10T16:44:41.752+0000] {logging_mixin.py:137} INFO - [2022-12-10T16:44:41.752+0000] {dagbag.py:537} INFO - Filling up the DagBag from /home/airflow/.local/lib/python3.7/site-packages/airflow/example_dags/example_bash_operator.py
[2022-12-10T16:44:41.767+0000] {processor.py:766} INFO - DAG(s) dict_keys(['example_bash_operator']) retrieved from /home/airflow/.local/lib/python3.7/site-packages/airflow/example_dags/example_bash_operator.py
[2022-12-10T16:44:41.799+0000] {logging_mixin.py:137} INFO - [2022-12-10T16:44:41.799+0000] {dag.py:2585} INFO - Sync 1 DAGs
[2022-12-10T16:44:41.814+0000] {logging_mixin.py:137} INFO - [2022-12-10T16:44:41.814+0000] {dag.py:3340} INFO - Setting next_dagrun for example_bash_operator to 2022-12-09T00:00:00+00:00, run_after=2022-12-10T00:00:00+00:00
[2022-12-10T16:44:41.827+0000] {processor.py:176} INFO - Processing /home/airflow/.local/lib/python3.7/site-packages/airflow/example_dags/example_bash_operator.py took 0.080 seconds
[2022-12-10T18:09:53.121+0000] {processor.py:154} INFO - Started process (PID=48738) to work on /home/airflow/.local/lib/python3.7/site-packages/airflow/example_dags/example_bash_operator.py
[2022-12-10T18:09:53.124+0000] {processor.py:756} INFO - Processing file /home/airflow/.local/lib/python3.7/site-packages/airflow/example_dags/example_bash_operator.py for tasks to queue
[2022-12-10T18:09:53.125+0000] {logging_mixin.py:137} INFO - [2022-12-10T18:09:53.125+0000] {dagbag.py:537} INFO - Filling up the DagBag from /home/airflow/.local/lib/python3.7/site-packages/airflow/example_dags/example_bash_operator.py
[2022-12-10T18:09:53.140+0000] {processor.py:766} INFO - DAG(s) dict_keys(['example_bash_operator']) retrieved from /home/airflow/.local/lib/python3.7/site-packages/airflow/example_dags/example_bash_operator.py
[2022-12-10T18:09:53.172+0000] {logging_mixin.py:137} INFO - [2022-12-10T18:09:53.172+0000] {dag.py:2585} INFO - Sync 1 DAGs
[2022-12-10T18:09:53.192+0000] {logging_mixin.py:137} INFO - [2022-12-10T18:09:53.192+0000] {dag.py:3340} INFO - Setting next_dagrun for example_bash_operator to 2022-12-09T00:00:00+00:00, run_after=2022-12-10T00:00:00+00:00
[2022-12-10T18:09:53.203+0000] {processor.py:176} INFO - Processing /home/airflow/.local/lib/python3.7/site-packages/airflow/example_dags/example_bash_operator.py took 0.085 seconds
[2022-12-10T19:51:57.936+0000] {processor.py:154} INFO - Started process (PID=48803) to work on /home/airflow/.local/lib/python3.7/site-packages/airflow/example_dags/example_bash_operator.py
[2022-12-10T19:51:57.938+0000] {processor.py:756} INFO - Processing file /home/airflow/.local/lib/python3.7/site-packages/airflow/example_dags/example_bash_operator.py for tasks to queue
[2022-12-10T19:51:57.939+0000] {logging_mixin.py:137} INFO - [2022-12-10T19:51:57.939+0000] {dagbag.py:537} INFO - Filling up the DagBag from /home/airflow/.local/lib/python3.7/site-packages/airflow/example_dags/example_bash_operator.py
[2022-12-10T19:51:57.956+0000] {processor.py:766} INFO - DAG(s) dict_keys(['example_bash_operator']) retrieved from /home/airflow/.local/lib/python3.7/site-packages/airflow/example_dags/example_bash_operator.py
[2022-12-10T19:51:57.990+0000] {logging_mixin.py:137} INFO - [2022-12-10T19:51:57.990+0000] {dag.py:2585} INFO - Sync 1 DAGs
[2022-12-10T19:51:58.007+0000] {logging_mixin.py:137} INFO - [2022-12-10T19:51:58.007+0000] {dag.py:3340} INFO - Setting next_dagrun for example_bash_operator to 2022-12-09T00:00:00+00:00, run_after=2022-12-10T00:00:00+00:00
[2022-12-10T19:51:58.020+0000] {processor.py:176} INFO - Processing /home/airflow/.local/lib/python3.7/site-packages/airflow/example_dags/example_bash_operator.py took 0.086 seconds
[2022-12-10T21:32:06.603+0000] {processor.py:154} INFO - Started process (PID=48861) to work on /home/airflow/.local/lib/python3.7/site-packages/airflow/example_dags/example_bash_operator.py
[2022-12-10T21:32:06.605+0000] {processor.py:756} INFO - Processing file /home/airflow/.local/lib/python3.7/site-packages/airflow/example_dags/example_bash_operator.py for tasks to queue
[2022-12-10T21:32:06.606+0000] {logging_mixin.py:137} INFO - [2022-12-10T21:32:06.606+0000] {dagbag.py:537} INFO - Filling up the DagBag from /home/airflow/.local/lib/python3.7/site-packages/airflow/example_dags/example_bash_operator.py
[2022-12-10T21:32:06.622+0000] {processor.py:766} INFO - DAG(s) dict_keys(['example_bash_operator']) retrieved from /home/airflow/.local/lib/python3.7/site-packages/airflow/example_dags/example_bash_operator.py
[2022-12-10T21:32:06.656+0000] {logging_mixin.py:137} INFO - [2022-12-10T21:32:06.656+0000] {dag.py:2585} INFO - Sync 1 DAGs
[2022-12-10T21:32:06.672+0000] {logging_mixin.py:137} INFO - [2022-12-10T21:32:06.672+0000] {dag.py:3340} INFO - Setting next_dagrun for example_bash_operator to 2022-12-09T00:00:00+00:00, run_after=2022-12-10T00:00:00+00:00
[2022-12-10T21:32:06.684+0000] {processor.py:176} INFO - Processing /home/airflow/.local/lib/python3.7/site-packages/airflow/example_dags/example_bash_operator.py took 0.084 seconds
[2022-12-10T22:56:11.754+0000] {processor.py:154} INFO - Started process (PID=48929) to work on /home/airflow/.local/lib/python3.7/site-packages/airflow/example_dags/example_bash_operator.py
[2022-12-10T22:56:11.757+0000] {processor.py:756} INFO - Processing file /home/airflow/.local/lib/python3.7/site-packages/airflow/example_dags/example_bash_operator.py for tasks to queue
[2022-12-10T22:56:11.758+0000] {logging_mixin.py:137} INFO - [2022-12-10T22:56:11.758+0000] {dagbag.py:537} INFO - Filling up the DagBag from /home/airflow/.local/lib/python3.7/site-packages/airflow/example_dags/example_bash_operator.py
[2022-12-10T22:56:11.778+0000] {processor.py:766} INFO - DAG(s) dict_keys(['example_bash_operator']) retrieved from /home/airflow/.local/lib/python3.7/site-packages/airflow/example_dags/example_bash_operator.py
[2022-12-10T22:56:11.826+0000] {logging_mixin.py:137} INFO - [2022-12-10T22:56:11.826+0000] {dag.py:2585} INFO - Sync 1 DAGs
[2022-12-10T22:56:11.847+0000] {logging_mixin.py:137} INFO - [2022-12-10T22:56:11.847+0000] {dag.py:3340} INFO - Setting next_dagrun for example_bash_operator to 2022-12-09T00:00:00+00:00, run_after=2022-12-10T00:00:00+00:00
[2022-12-10T22:56:11.861+0000] {processor.py:176} INFO - Processing /home/airflow/.local/lib/python3.7/site-packages/airflow/example_dags/example_bash_operator.py took 0.110 seconds
[2022-12-10T23:54:30.261+0000] {processor.py:154} INFO - Started process (PID=48996) to work on /home/airflow/.local/lib/python3.7/site-packages/airflow/example_dags/example_bash_operator.py
[2022-12-10T23:54:30.268+0000] {processor.py:756} INFO - Processing file /home/airflow/.local/lib/python3.7/site-packages/airflow/example_dags/example_bash_operator.py for tasks to queue
[2022-12-10T23:54:30.269+0000] {logging_mixin.py:137} INFO - [2022-12-10T23:54:30.269+0000] {dagbag.py:537} INFO - Filling up the DagBag from /home/airflow/.local/lib/python3.7/site-packages/airflow/example_dags/example_bash_operator.py
[2022-12-10T23:54:30.286+0000] {processor.py:766} INFO - DAG(s) dict_keys(['example_bash_operator']) retrieved from /home/airflow/.local/lib/python3.7/site-packages/airflow/example_dags/example_bash_operator.py
[2022-12-10T23:54:30.322+0000] {logging_mixin.py:137} INFO - [2022-12-10T23:54:30.321+0000] {dag.py:2585} INFO - Sync 1 DAGs
[2022-12-10T23:54:30.339+0000] {logging_mixin.py:137} INFO - [2022-12-10T23:54:30.338+0000] {dag.py:3340} INFO - Setting next_dagrun for example_bash_operator to 2022-12-09T00:00:00+00:00, run_after=2022-12-10T00:00:00+00:00
[2022-12-10T23:54:30.352+0000] {processor.py:176} INFO - Processing /home/airflow/.local/lib/python3.7/site-packages/airflow/example_dags/example_bash_operator.py took 0.094 seconds
