[2022-12-10T01:13:56.124+0000] {processor.py:154} INFO - Started process (PID=47943) to work on /home/airflow/.local/lib/python3.7/site-packages/airflow/example_dags/example_external_task_marker_dag.py
[2022-12-10T01:13:56.126+0000] {processor.py:756} INFO - Processing file /home/airflow/.local/lib/python3.7/site-packages/airflow/example_dags/example_external_task_marker_dag.py for tasks to queue
[2022-12-10T01:13:56.127+0000] {logging_mixin.py:137} INFO - [2022-12-10T01:13:56.127+0000] {dagbag.py:537} INFO - Filling up the DagBag from /home/airflow/.local/lib/python3.7/site-packages/airflow/example_dags/example_external_task_marker_dag.py
[2022-12-10T01:13:56.145+0000] {processor.py:766} INFO - DAG(s) dict_keys(['example_external_task_marker_child', 'example_external_task_marker_parent']) retrieved from /home/airflow/.local/lib/python3.7/site-packages/airflow/example_dags/example_external_task_marker_dag.py
[2022-12-10T01:13:56.309+0000] {logging_mixin.py:137} INFO - [2022-12-10T01:13:56.309+0000] {dag.py:2585} INFO - Sync 2 DAGs
[2022-12-10T01:13:56.330+0000] {logging_mixin.py:137} INFO - [2022-12-10T01:13:56.330+0000] {dag.py:3340} INFO - Setting next_dagrun for example_external_task_marker_child to None, run_after=None
[2022-12-10T01:13:56.348+0000] {logging_mixin.py:137} INFO - [2022-12-10T01:13:56.348+0000] {dag.py:3340} INFO - Setting next_dagrun for example_external_task_marker_parent to None, run_after=None
[2022-12-10T01:13:56.372+0000] {processor.py:176} INFO - Processing /home/airflow/.local/lib/python3.7/site-packages/airflow/example_dags/example_external_task_marker_dag.py took 0.252 seconds
[2022-12-10T02:35:29.742+0000] {processor.py:154} INFO - Started process (PID=48000) to work on /home/airflow/.local/lib/python3.7/site-packages/airflow/example_dags/example_external_task_marker_dag.py
[2022-12-10T02:35:29.744+0000] {processor.py:756} INFO - Processing file /home/airflow/.local/lib/python3.7/site-packages/airflow/example_dags/example_external_task_marker_dag.py for tasks to queue
[2022-12-10T02:35:29.745+0000] {logging_mixin.py:137} INFO - [2022-12-10T02:35:29.745+0000] {dagbag.py:537} INFO - Filling up the DagBag from /home/airflow/.local/lib/python3.7/site-packages/airflow/example_dags/example_external_task_marker_dag.py
[2022-12-10T02:35:29.755+0000] {processor.py:766} INFO - DAG(s) dict_keys(['example_external_task_marker_child', 'example_external_task_marker_parent']) retrieved from /home/airflow/.local/lib/python3.7/site-packages/airflow/example_dags/example_external_task_marker_dag.py
[2022-12-10T02:35:29.868+0000] {logging_mixin.py:137} INFO - [2022-12-10T02:35:29.868+0000] {dag.py:2585} INFO - Sync 2 DAGs
[2022-12-10T02:35:29.885+0000] {logging_mixin.py:137} INFO - [2022-12-10T02:35:29.885+0000] {dag.py:3340} INFO - Setting next_dagrun for example_external_task_marker_child to None, run_after=None
[2022-12-10T02:35:29.889+0000] {logging_mixin.py:137} INFO - [2022-12-10T02:35:29.889+0000] {dag.py:3340} INFO - Setting next_dagrun for example_external_task_marker_parent to None, run_after=None
[2022-12-10T02:35:29.906+0000] {processor.py:176} INFO - Processing /home/airflow/.local/lib/python3.7/site-packages/airflow/example_dags/example_external_task_marker_dag.py took 0.166 seconds
[2022-12-10T03:43:49.830+0000] {processor.py:154} INFO - Started process (PID=48065) to work on /home/airflow/.local/lib/python3.7/site-packages/airflow/example_dags/example_external_task_marker_dag.py
[2022-12-10T03:43:49.832+0000] {processor.py:756} INFO - Processing file /home/airflow/.local/lib/python3.7/site-packages/airflow/example_dags/example_external_task_marker_dag.py for tasks to queue
[2022-12-10T03:43:49.835+0000] {logging_mixin.py:137} INFO - [2022-12-10T03:43:49.835+0000] {dagbag.py:537} INFO - Filling up the DagBag from /home/airflow/.local/lib/python3.7/site-packages/airflow/example_dags/example_external_task_marker_dag.py
[2022-12-10T03:43:49.976+0000] {processor.py:766} INFO - DAG(s) dict_keys(['example_external_task_marker_child', 'example_external_task_marker_parent']) retrieved from /home/airflow/.local/lib/python3.7/site-packages/airflow/example_dags/example_external_task_marker_dag.py
[2022-12-10T03:43:50.288+0000] {logging_mixin.py:137} INFO - [2022-12-10T03:43:50.288+0000] {dag.py:2585} INFO - Sync 2 DAGs
[2022-12-10T03:43:50.315+0000] {logging_mixin.py:137} INFO - [2022-12-10T03:43:50.315+0000] {dag.py:3340} INFO - Setting next_dagrun for example_external_task_marker_child to None, run_after=None
[2022-12-10T03:43:50.326+0000] {logging_mixin.py:137} INFO - [2022-12-10T03:43:50.325+0000] {dag.py:3340} INFO - Setting next_dagrun for example_external_task_marker_parent to None, run_after=None
[2022-12-10T03:43:50.395+0000] {processor.py:176} INFO - Processing /home/airflow/.local/lib/python3.7/site-packages/airflow/example_dags/example_external_task_marker_dag.py took 0.568 seconds
[2022-12-10T04:16:19.437+0000] {processor.py:154} INFO - Started process (PID=48132) to work on /home/airflow/.local/lib/python3.7/site-packages/airflow/example_dags/example_external_task_marker_dag.py
[2022-12-10T04:16:19.439+0000] {processor.py:756} INFO - Processing file /home/airflow/.local/lib/python3.7/site-packages/airflow/example_dags/example_external_task_marker_dag.py for tasks to queue
[2022-12-10T04:16:19.440+0000] {logging_mixin.py:137} INFO - [2022-12-10T04:16:19.440+0000] {dagbag.py:537} INFO - Filling up the DagBag from /home/airflow/.local/lib/python3.7/site-packages/airflow/example_dags/example_external_task_marker_dag.py
[2022-12-10T04:16:19.451+0000] {processor.py:766} INFO - DAG(s) dict_keys(['example_external_task_marker_child', 'example_external_task_marker_parent']) retrieved from /home/airflow/.local/lib/python3.7/site-packages/airflow/example_dags/example_external_task_marker_dag.py
[2022-12-10T04:16:19.572+0000] {logging_mixin.py:137} INFO - [2022-12-10T04:16:19.572+0000] {dag.py:2585} INFO - Sync 2 DAGs
[2022-12-10T04:16:19.589+0000] {logging_mixin.py:137} INFO - [2022-12-10T04:16:19.588+0000] {dag.py:3340} INFO - Setting next_dagrun for example_external_task_marker_child to None, run_after=None
[2022-12-10T04:16:19.592+0000] {logging_mixin.py:137} INFO - [2022-12-10T04:16:19.592+0000] {dag.py:3340} INFO - Setting next_dagrun for example_external_task_marker_parent to None, run_after=None
[2022-12-10T04:16:19.604+0000] {processor.py:176} INFO - Processing /home/airflow/.local/lib/python3.7/site-packages/airflow/example_dags/example_external_task_marker_dag.py took 0.170 seconds
[2022-12-10T05:54:53.494+0000] {processor.py:154} INFO - Started process (PID=48200) to work on /home/airflow/.local/lib/python3.7/site-packages/airflow/example_dags/example_external_task_marker_dag.py
[2022-12-10T05:54:53.496+0000] {processor.py:756} INFO - Processing file /home/airflow/.local/lib/python3.7/site-packages/airflow/example_dags/example_external_task_marker_dag.py for tasks to queue
[2022-12-10T05:54:53.497+0000] {logging_mixin.py:137} INFO - [2022-12-10T05:54:53.497+0000] {dagbag.py:537} INFO - Filling up the DagBag from /home/airflow/.local/lib/python3.7/site-packages/airflow/example_dags/example_external_task_marker_dag.py
[2022-12-10T05:54:53.511+0000] {processor.py:766} INFO - DAG(s) dict_keys(['example_external_task_marker_child', 'example_external_task_marker_parent']) retrieved from /home/airflow/.local/lib/python3.7/site-packages/airflow/example_dags/example_external_task_marker_dag.py
[2022-12-10T05:54:53.636+0000] {logging_mixin.py:137} INFO - [2022-12-10T05:54:53.636+0000] {dag.py:2585} INFO - Sync 2 DAGs
[2022-12-10T05:54:53.655+0000] {logging_mixin.py:137} INFO - [2022-12-10T05:54:53.655+0000] {dag.py:3340} INFO - Setting next_dagrun for example_external_task_marker_child to None, run_after=None
[2022-12-10T05:54:53.658+0000] {logging_mixin.py:137} INFO - [2022-12-10T05:54:53.658+0000] {dag.py:3340} INFO - Setting next_dagrun for example_external_task_marker_parent to None, run_after=None
[2022-12-10T05:54:53.671+0000] {processor.py:176} INFO - Processing /home/airflow/.local/lib/python3.7/site-packages/airflow/example_dags/example_external_task_marker_dag.py took 0.181 seconds
[2022-12-10T07:18:16.119+0000] {processor.py:154} INFO - Started process (PID=48259) to work on /home/airflow/.local/lib/python3.7/site-packages/airflow/example_dags/example_external_task_marker_dag.py
[2022-12-10T07:18:16.122+0000] {processor.py:756} INFO - Processing file /home/airflow/.local/lib/python3.7/site-packages/airflow/example_dags/example_external_task_marker_dag.py for tasks to queue
[2022-12-10T07:18:16.124+0000] {logging_mixin.py:137} INFO - [2022-12-10T07:18:16.124+0000] {dagbag.py:537} INFO - Filling up the DagBag from /home/airflow/.local/lib/python3.7/site-packages/airflow/example_dags/example_external_task_marker_dag.py
[2022-12-10T07:18:16.134+0000] {processor.py:766} INFO - DAG(s) dict_keys(['example_external_task_marker_parent', 'example_external_task_marker_child']) retrieved from /home/airflow/.local/lib/python3.7/site-packages/airflow/example_dags/example_external_task_marker_dag.py
[2022-12-10T07:18:16.257+0000] {logging_mixin.py:137} INFO - [2022-12-10T07:18:16.257+0000] {dag.py:2585} INFO - Sync 2 DAGs
[2022-12-10T07:18:16.274+0000] {logging_mixin.py:137} INFO - [2022-12-10T07:18:16.274+0000] {dag.py:3340} INFO - Setting next_dagrun for example_external_task_marker_child to None, run_after=None
[2022-12-10T07:18:16.277+0000] {logging_mixin.py:137} INFO - [2022-12-10T07:18:16.277+0000] {dag.py:3340} INFO - Setting next_dagrun for example_external_task_marker_parent to None, run_after=None
[2022-12-10T07:18:16.290+0000] {processor.py:176} INFO - Processing /home/airflow/.local/lib/python3.7/site-packages/airflow/example_dags/example_external_task_marker_dag.py took 0.173 seconds
[2022-12-10T08:58:57.713+0000] {processor.py:154} INFO - Started process (PID=48327) to work on /home/airflow/.local/lib/python3.7/site-packages/airflow/example_dags/example_external_task_marker_dag.py
[2022-12-10T08:58:57.714+0000] {processor.py:756} INFO - Processing file /home/airflow/.local/lib/python3.7/site-packages/airflow/example_dags/example_external_task_marker_dag.py for tasks to queue
[2022-12-10T08:58:57.715+0000] {logging_mixin.py:137} INFO - [2022-12-10T08:58:57.715+0000] {dagbag.py:537} INFO - Filling up the DagBag from /home/airflow/.local/lib/python3.7/site-packages/airflow/example_dags/example_external_task_marker_dag.py
[2022-12-10T08:58:57.726+0000] {processor.py:766} INFO - DAG(s) dict_keys(['example_external_task_marker_parent', 'example_external_task_marker_child']) retrieved from /home/airflow/.local/lib/python3.7/site-packages/airflow/example_dags/example_external_task_marker_dag.py
[2022-12-10T08:58:57.848+0000] {logging_mixin.py:137} INFO - [2022-12-10T08:58:57.848+0000] {dag.py:2585} INFO - Sync 2 DAGs
[2022-12-10T08:58:57.862+0000] {logging_mixin.py:137} INFO - [2022-12-10T08:58:57.862+0000] {dag.py:3340} INFO - Setting next_dagrun for example_external_task_marker_child to None, run_after=None
[2022-12-10T08:58:57.866+0000] {logging_mixin.py:137} INFO - [2022-12-10T08:58:57.866+0000] {dag.py:3340} INFO - Setting next_dagrun for example_external_task_marker_parent to None, run_after=None
[2022-12-10T08:58:57.878+0000] {processor.py:176} INFO - Processing /home/airflow/.local/lib/python3.7/site-packages/airflow/example_dags/example_external_task_marker_dag.py took 0.169 seconds
[2022-12-10T10:34:17.293+0000] {processor.py:154} INFO - Started process (PID=48394) to work on /home/airflow/.local/lib/python3.7/site-packages/airflow/example_dags/example_external_task_marker_dag.py
[2022-12-10T10:34:17.295+0000] {processor.py:756} INFO - Processing file /home/airflow/.local/lib/python3.7/site-packages/airflow/example_dags/example_external_task_marker_dag.py for tasks to queue
[2022-12-10T10:34:17.297+0000] {logging_mixin.py:137} INFO - [2022-12-10T10:34:17.297+0000] {dagbag.py:537} INFO - Filling up the DagBag from /home/airflow/.local/lib/python3.7/site-packages/airflow/example_dags/example_external_task_marker_dag.py
[2022-12-10T10:34:17.309+0000] {processor.py:766} INFO - DAG(s) dict_keys(['example_external_task_marker_parent', 'example_external_task_marker_child']) retrieved from /home/airflow/.local/lib/python3.7/site-packages/airflow/example_dags/example_external_task_marker_dag.py
[2022-12-10T10:34:17.434+0000] {logging_mixin.py:137} INFO - [2022-12-10T10:34:17.434+0000] {dag.py:2585} INFO - Sync 2 DAGs
[2022-12-10T10:34:17.452+0000] {logging_mixin.py:137} INFO - [2022-12-10T10:34:17.452+0000] {dag.py:3340} INFO - Setting next_dagrun for example_external_task_marker_child to None, run_after=None
[2022-12-10T10:34:17.456+0000] {logging_mixin.py:137} INFO - [2022-12-10T10:34:17.456+0000] {dag.py:3340} INFO - Setting next_dagrun for example_external_task_marker_parent to None, run_after=None
[2022-12-10T10:34:17.488+0000] {processor.py:176} INFO - Processing /home/airflow/.local/lib/python3.7/site-packages/airflow/example_dags/example_external_task_marker_dag.py took 0.198 seconds
[2022-12-10T11:57:24.348+0000] {processor.py:154} INFO - Started process (PID=48462) to work on /home/airflow/.local/lib/python3.7/site-packages/airflow/example_dags/example_external_task_marker_dag.py
[2022-12-10T11:57:24.350+0000] {processor.py:756} INFO - Processing file /home/airflow/.local/lib/python3.7/site-packages/airflow/example_dags/example_external_task_marker_dag.py for tasks to queue
[2022-12-10T11:57:24.351+0000] {logging_mixin.py:137} INFO - [2022-12-10T11:57:24.351+0000] {dagbag.py:537} INFO - Filling up the DagBag from /home/airflow/.local/lib/python3.7/site-packages/airflow/example_dags/example_external_task_marker_dag.py
[2022-12-10T11:57:24.364+0000] {processor.py:766} INFO - DAG(s) dict_keys(['example_external_task_marker_parent', 'example_external_task_marker_child']) retrieved from /home/airflow/.local/lib/python3.7/site-packages/airflow/example_dags/example_external_task_marker_dag.py
[2022-12-10T11:57:24.762+0000] {logging_mixin.py:137} INFO - [2022-12-10T11:57:24.762+0000] {dag.py:2585} INFO - Sync 2 DAGs
[2022-12-10T11:57:24.790+0000] {logging_mixin.py:137} INFO - [2022-12-10T11:57:24.790+0000] {dag.py:3340} INFO - Setting next_dagrun for example_external_task_marker_child to None, run_after=None
[2022-12-10T11:57:24.798+0000] {logging_mixin.py:137} INFO - [2022-12-10T11:57:24.798+0000] {dag.py:3340} INFO - Setting next_dagrun for example_external_task_marker_parent to None, run_after=None
[2022-12-10T11:57:24.820+0000] {processor.py:176} INFO - Processing /home/airflow/.local/lib/python3.7/site-packages/airflow/example_dags/example_external_task_marker_dag.py took 0.475 seconds
[2022-12-10T13:36:24.891+0000] {processor.py:154} INFO - Started process (PID=48529) to work on /home/airflow/.local/lib/python3.7/site-packages/airflow/example_dags/example_external_task_marker_dag.py
[2022-12-10T13:36:24.893+0000] {processor.py:756} INFO - Processing file /home/airflow/.local/lib/python3.7/site-packages/airflow/example_dags/example_external_task_marker_dag.py for tasks to queue
[2022-12-10T13:36:24.895+0000] {logging_mixin.py:137} INFO - [2022-12-10T13:36:24.895+0000] {dagbag.py:537} INFO - Filling up the DagBag from /home/airflow/.local/lib/python3.7/site-packages/airflow/example_dags/example_external_task_marker_dag.py
[2022-12-10T13:36:24.909+0000] {processor.py:766} INFO - DAG(s) dict_keys(['example_external_task_marker_child', 'example_external_task_marker_parent']) retrieved from /home/airflow/.local/lib/python3.7/site-packages/airflow/example_dags/example_external_task_marker_dag.py
[2022-12-10T13:36:25.041+0000] {logging_mixin.py:137} INFO - [2022-12-10T13:36:25.041+0000] {dag.py:2585} INFO - Sync 2 DAGs
[2022-12-10T13:36:25.076+0000] {logging_mixin.py:137} INFO - [2022-12-10T13:36:25.076+0000] {dag.py:3340} INFO - Setting next_dagrun for example_external_task_marker_child to None, run_after=None
[2022-12-10T13:36:25.080+0000] {logging_mixin.py:137} INFO - [2022-12-10T13:36:25.080+0000] {dag.py:3340} INFO - Setting next_dagrun for example_external_task_marker_parent to None, run_after=None
[2022-12-10T13:36:25.111+0000] {processor.py:176} INFO - Processing /home/airflow/.local/lib/python3.7/site-packages/airflow/example_dags/example_external_task_marker_dag.py took 0.223 seconds
[2022-12-10T15:01:34.562+0000] {processor.py:154} INFO - Started process (PID=48586) to work on /home/airflow/.local/lib/python3.7/site-packages/airflow/example_dags/example_external_task_marker_dag.py
[2022-12-10T15:01:34.565+0000] {processor.py:756} INFO - Processing file /home/airflow/.local/lib/python3.7/site-packages/airflow/example_dags/example_external_task_marker_dag.py for tasks to queue
[2022-12-10T15:01:34.566+0000] {logging_mixin.py:137} INFO - [2022-12-10T15:01:34.566+0000] {dagbag.py:537} INFO - Filling up the DagBag from /home/airflow/.local/lib/python3.7/site-packages/airflow/example_dags/example_external_task_marker_dag.py
[2022-12-10T15:01:34.576+0000] {processor.py:766} INFO - DAG(s) dict_keys(['example_external_task_marker_parent', 'example_external_task_marker_child']) retrieved from /home/airflow/.local/lib/python3.7/site-packages/airflow/example_dags/example_external_task_marker_dag.py
[2022-12-10T15:01:34.704+0000] {logging_mixin.py:137} INFO - [2022-12-10T15:01:34.703+0000] {dag.py:2585} INFO - Sync 2 DAGs
[2022-12-10T15:01:34.720+0000] {logging_mixin.py:137} INFO - [2022-12-10T15:01:34.720+0000] {dag.py:3340} INFO - Setting next_dagrun for example_external_task_marker_child to None, run_after=None
[2022-12-10T15:01:34.723+0000] {logging_mixin.py:137} INFO - [2022-12-10T15:01:34.723+0000] {dag.py:3340} INFO - Setting next_dagrun for example_external_task_marker_parent to None, run_after=None
[2022-12-10T15:01:34.736+0000] {processor.py:176} INFO - Processing /home/airflow/.local/lib/python3.7/site-packages/airflow/example_dags/example_external_task_marker_dag.py took 0.177 seconds
[2022-12-10T16:44:40.738+0000] {processor.py:154} INFO - Started process (PID=48656) to work on /home/airflow/.local/lib/python3.7/site-packages/airflow/example_dags/example_external_task_marker_dag.py
[2022-12-10T16:44:40.742+0000] {processor.py:756} INFO - Processing file /home/airflow/.local/lib/python3.7/site-packages/airflow/example_dags/example_external_task_marker_dag.py for tasks to queue
[2022-12-10T16:44:40.743+0000] {logging_mixin.py:137} INFO - [2022-12-10T16:44:40.743+0000] {dagbag.py:537} INFO - Filling up the DagBag from /home/airflow/.local/lib/python3.7/site-packages/airflow/example_dags/example_external_task_marker_dag.py
[2022-12-10T16:44:40.757+0000] {processor.py:766} INFO - DAG(s) dict_keys(['example_external_task_marker_child', 'example_external_task_marker_parent']) retrieved from /home/airflow/.local/lib/python3.7/site-packages/airflow/example_dags/example_external_task_marker_dag.py
[2022-12-10T16:44:40.890+0000] {logging_mixin.py:137} INFO - [2022-12-10T16:44:40.890+0000] {dag.py:2585} INFO - Sync 2 DAGs
[2022-12-10T16:44:40.907+0000] {logging_mixin.py:137} INFO - [2022-12-10T16:44:40.907+0000] {dag.py:3340} INFO - Setting next_dagrun for example_external_task_marker_child to None, run_after=None
[2022-12-10T16:44:40.911+0000] {logging_mixin.py:137} INFO - [2022-12-10T16:44:40.911+0000] {dag.py:3340} INFO - Setting next_dagrun for example_external_task_marker_parent to None, run_after=None
[2022-12-10T16:44:40.925+0000] {processor.py:176} INFO - Processing /home/airflow/.local/lib/python3.7/site-packages/airflow/example_dags/example_external_task_marker_dag.py took 0.190 seconds
[2022-12-10T18:09:51.914+0000] {processor.py:154} INFO - Started process (PID=48723) to work on /home/airflow/.local/lib/python3.7/site-packages/airflow/example_dags/example_external_task_marker_dag.py
[2022-12-10T18:09:51.917+0000] {processor.py:756} INFO - Processing file /home/airflow/.local/lib/python3.7/site-packages/airflow/example_dags/example_external_task_marker_dag.py for tasks to queue
[2022-12-10T18:09:51.918+0000] {logging_mixin.py:137} INFO - [2022-12-10T18:09:51.918+0000] {dagbag.py:537} INFO - Filling up the DagBag from /home/airflow/.local/lib/python3.7/site-packages/airflow/example_dags/example_external_task_marker_dag.py
[2022-12-10T18:09:51.930+0000] {processor.py:766} INFO - DAG(s) dict_keys(['example_external_task_marker_child', 'example_external_task_marker_parent']) retrieved from /home/airflow/.local/lib/python3.7/site-packages/airflow/example_dags/example_external_task_marker_dag.py
[2022-12-10T18:09:52.067+0000] {logging_mixin.py:137} INFO - [2022-12-10T18:09:52.067+0000] {dag.py:2585} INFO - Sync 2 DAGs
[2022-12-10T18:09:52.085+0000] {logging_mixin.py:137} INFO - [2022-12-10T18:09:52.085+0000] {dag.py:3340} INFO - Setting next_dagrun for example_external_task_marker_child to None, run_after=None
[2022-12-10T18:09:52.089+0000] {logging_mixin.py:137} INFO - [2022-12-10T18:09:52.089+0000] {dag.py:3340} INFO - Setting next_dagrun for example_external_task_marker_parent to None, run_after=None
[2022-12-10T18:09:52.109+0000] {processor.py:176} INFO - Processing /home/airflow/.local/lib/python3.7/site-packages/airflow/example_dags/example_external_task_marker_dag.py took 0.197 seconds
[2022-12-10T19:51:56.435+0000] {processor.py:154} INFO - Started process (PID=48788) to work on /home/airflow/.local/lib/python3.7/site-packages/airflow/example_dags/example_external_task_marker_dag.py
[2022-12-10T19:51:56.438+0000] {processor.py:756} INFO - Processing file /home/airflow/.local/lib/python3.7/site-packages/airflow/example_dags/example_external_task_marker_dag.py for tasks to queue
[2022-12-10T19:51:56.441+0000] {logging_mixin.py:137} INFO - [2022-12-10T19:51:56.441+0000] {dagbag.py:537} INFO - Filling up the DagBag from /home/airflow/.local/lib/python3.7/site-packages/airflow/example_dags/example_external_task_marker_dag.py
[2022-12-10T19:51:56.464+0000] {processor.py:766} INFO - DAG(s) dict_keys(['example_external_task_marker_child', 'example_external_task_marker_parent']) retrieved from /home/airflow/.local/lib/python3.7/site-packages/airflow/example_dags/example_external_task_marker_dag.py
[2022-12-10T19:51:56.621+0000] {logging_mixin.py:137} INFO - [2022-12-10T19:51:56.621+0000] {dag.py:2585} INFO - Sync 2 DAGs
[2022-12-10T19:51:56.639+0000] {logging_mixin.py:137} INFO - [2022-12-10T19:51:56.639+0000] {dag.py:3340} INFO - Setting next_dagrun for example_external_task_marker_child to None, run_after=None
[2022-12-10T19:51:56.642+0000] {logging_mixin.py:137} INFO - [2022-12-10T19:51:56.642+0000] {dag.py:3340} INFO - Setting next_dagrun for example_external_task_marker_parent to None, run_after=None
[2022-12-10T19:51:56.654+0000] {processor.py:176} INFO - Processing /home/airflow/.local/lib/python3.7/site-packages/airflow/example_dags/example_external_task_marker_dag.py took 0.222 seconds
[2022-12-10T21:32:05.702+0000] {processor.py:154} INFO - Started process (PID=48846) to work on /home/airflow/.local/lib/python3.7/site-packages/airflow/example_dags/example_external_task_marker_dag.py
[2022-12-10T21:32:05.705+0000] {processor.py:756} INFO - Processing file /home/airflow/.local/lib/python3.7/site-packages/airflow/example_dags/example_external_task_marker_dag.py for tasks to queue
[2022-12-10T21:32:05.706+0000] {logging_mixin.py:137} INFO - [2022-12-10T21:32:05.706+0000] {dagbag.py:537} INFO - Filling up the DagBag from /home/airflow/.local/lib/python3.7/site-packages/airflow/example_dags/example_external_task_marker_dag.py
[2022-12-10T21:32:05.720+0000] {processor.py:766} INFO - DAG(s) dict_keys(['example_external_task_marker_parent', 'example_external_task_marker_child']) retrieved from /home/airflow/.local/lib/python3.7/site-packages/airflow/example_dags/example_external_task_marker_dag.py
[2022-12-10T21:32:05.848+0000] {logging_mixin.py:137} INFO - [2022-12-10T21:32:05.847+0000] {dag.py:2585} INFO - Sync 2 DAGs
[2022-12-10T21:32:05.862+0000] {logging_mixin.py:137} INFO - [2022-12-10T21:32:05.862+0000] {dag.py:3340} INFO - Setting next_dagrun for example_external_task_marker_child to None, run_after=None
[2022-12-10T21:32:05.865+0000] {logging_mixin.py:137} INFO - [2022-12-10T21:32:05.865+0000] {dag.py:3340} INFO - Setting next_dagrun for example_external_task_marker_parent to None, run_after=None
[2022-12-10T21:32:05.878+0000] {processor.py:176} INFO - Processing /home/airflow/.local/lib/python3.7/site-packages/airflow/example_dags/example_external_task_marker_dag.py took 0.179 seconds
[2022-12-10T22:56:10.590+0000] {processor.py:154} INFO - Started process (PID=48914) to work on /home/airflow/.local/lib/python3.7/site-packages/airflow/example_dags/example_external_task_marker_dag.py
[2022-12-10T22:56:10.593+0000] {processor.py:756} INFO - Processing file /home/airflow/.local/lib/python3.7/site-packages/airflow/example_dags/example_external_task_marker_dag.py for tasks to queue
[2022-12-10T22:56:10.594+0000] {logging_mixin.py:137} INFO - [2022-12-10T22:56:10.594+0000] {dagbag.py:537} INFO - Filling up the DagBag from /home/airflow/.local/lib/python3.7/site-packages/airflow/example_dags/example_external_task_marker_dag.py
[2022-12-10T22:56:10.604+0000] {processor.py:766} INFO - DAG(s) dict_keys(['example_external_task_marker_child', 'example_external_task_marker_parent']) retrieved from /home/airflow/.local/lib/python3.7/site-packages/airflow/example_dags/example_external_task_marker_dag.py
[2022-12-10T22:56:10.716+0000] {logging_mixin.py:137} INFO - [2022-12-10T22:56:10.716+0000] {dag.py:2585} INFO - Sync 2 DAGs
[2022-12-10T22:56:10.735+0000] {logging_mixin.py:137} INFO - [2022-12-10T22:56:10.735+0000] {dag.py:3340} INFO - Setting next_dagrun for example_external_task_marker_child to None, run_after=None
[2022-12-10T22:56:10.738+0000] {logging_mixin.py:137} INFO - [2022-12-10T22:56:10.738+0000] {dag.py:3340} INFO - Setting next_dagrun for example_external_task_marker_parent to None, run_after=None
[2022-12-10T22:56:10.749+0000] {processor.py:176} INFO - Processing /home/airflow/.local/lib/python3.7/site-packages/airflow/example_dags/example_external_task_marker_dag.py took 0.161 seconds
[2022-12-10T23:54:29.341+0000] {processor.py:154} INFO - Started process (PID=48981) to work on /home/airflow/.local/lib/python3.7/site-packages/airflow/example_dags/example_external_task_marker_dag.py
[2022-12-10T23:54:29.343+0000] {processor.py:756} INFO - Processing file /home/airflow/.local/lib/python3.7/site-packages/airflow/example_dags/example_external_task_marker_dag.py for tasks to queue
[2022-12-10T23:54:29.344+0000] {logging_mixin.py:137} INFO - [2022-12-10T23:54:29.344+0000] {dagbag.py:537} INFO - Filling up the DagBag from /home/airflow/.local/lib/python3.7/site-packages/airflow/example_dags/example_external_task_marker_dag.py
[2022-12-10T23:54:29.353+0000] {processor.py:766} INFO - DAG(s) dict_keys(['example_external_task_marker_parent', 'example_external_task_marker_child']) retrieved from /home/airflow/.local/lib/python3.7/site-packages/airflow/example_dags/example_external_task_marker_dag.py
[2022-12-10T23:54:29.463+0000] {logging_mixin.py:137} INFO - [2022-12-10T23:54:29.463+0000] {dag.py:2585} INFO - Sync 2 DAGs
[2022-12-10T23:54:29.478+0000] {logging_mixin.py:137} INFO - [2022-12-10T23:54:29.478+0000] {dag.py:3340} INFO - Setting next_dagrun for example_external_task_marker_child to None, run_after=None
[2022-12-10T23:54:29.481+0000] {logging_mixin.py:137} INFO - [2022-12-10T23:54:29.481+0000] {dag.py:3340} INFO - Setting next_dagrun for example_external_task_marker_parent to None, run_after=None
[2022-12-10T23:54:29.493+0000] {processor.py:176} INFO - Processing /home/airflow/.local/lib/python3.7/site-packages/airflow/example_dags/example_external_task_marker_dag.py took 0.154 seconds
