[2022-12-10T01:13:56.558+0000] {processor.py:154} INFO - Started process (PID=47947) to work on /home/airflow/.local/lib/python3.7/site-packages/airflow/example_dags/example_trigger_controller_dag.py
[2022-12-10T01:13:56.560+0000] {processor.py:756} INFO - Processing file /home/airflow/.local/lib/python3.7/site-packages/airflow/example_dags/example_trigger_controller_dag.py for tasks to queue
[2022-12-10T01:13:56.561+0000] {logging_mixin.py:137} INFO - [2022-12-10T01:13:56.561+0000] {dagbag.py:537} INFO - Filling up the DagBag from /home/airflow/.local/lib/python3.7/site-packages/airflow/example_dags/example_trigger_controller_dag.py
[2022-12-10T01:13:56.571+0000] {processor.py:766} INFO - DAG(s) dict_keys(['example_trigger_controller_dag']) retrieved from /home/airflow/.local/lib/python3.7/site-packages/airflow/example_dags/example_trigger_controller_dag.py
[2022-12-10T01:13:56.603+0000] {logging_mixin.py:137} INFO - [2022-12-10T01:13:56.602+0000] {dag.py:2585} INFO - Sync 1 DAGs
[2022-12-10T01:13:56.620+0000] {logging_mixin.py:137} INFO - [2022-12-10T01:13:56.620+0000] {dag.py:3340} INFO - Setting next_dagrun for example_trigger_controller_dag to 2021-01-01T00:00:00+00:00, run_after=2021-01-01T00:00:00+00:00
[2022-12-10T01:13:56.635+0000] {processor.py:176} INFO - Processing /home/airflow/.local/lib/python3.7/site-packages/airflow/example_dags/example_trigger_controller_dag.py took 0.080 seconds
[2022-12-10T02:35:30.036+0000] {processor.py:154} INFO - Started process (PID=48004) to work on /home/airflow/.local/lib/python3.7/site-packages/airflow/example_dags/example_trigger_controller_dag.py
[2022-12-10T02:35:30.038+0000] {processor.py:756} INFO - Processing file /home/airflow/.local/lib/python3.7/site-packages/airflow/example_dags/example_trigger_controller_dag.py for tasks to queue
[2022-12-10T02:35:30.039+0000] {logging_mixin.py:137} INFO - [2022-12-10T02:35:30.039+0000] {dagbag.py:537} INFO - Filling up the DagBag from /home/airflow/.local/lib/python3.7/site-packages/airflow/example_dags/example_trigger_controller_dag.py
[2022-12-10T02:35:30.048+0000] {processor.py:766} INFO - DAG(s) dict_keys(['example_trigger_controller_dag']) retrieved from /home/airflow/.local/lib/python3.7/site-packages/airflow/example_dags/example_trigger_controller_dag.py
[2022-12-10T02:35:30.077+0000] {logging_mixin.py:137} INFO - [2022-12-10T02:35:30.077+0000] {dag.py:2585} INFO - Sync 1 DAGs
[2022-12-10T02:35:30.092+0000] {logging_mixin.py:137} INFO - [2022-12-10T02:35:30.092+0000] {dag.py:3340} INFO - Setting next_dagrun for example_trigger_controller_dag to 2021-01-01T00:00:00+00:00, run_after=2021-01-01T00:00:00+00:00
[2022-12-10T02:35:30.104+0000] {processor.py:176} INFO - Processing /home/airflow/.local/lib/python3.7/site-packages/airflow/example_dags/example_trigger_controller_dag.py took 0.071 seconds
[2022-12-10T03:43:50.534+0000] {processor.py:154} INFO - Started process (PID=48069) to work on /home/airflow/.local/lib/python3.7/site-packages/airflow/example_dags/example_trigger_controller_dag.py
[2022-12-10T03:43:50.536+0000] {processor.py:756} INFO - Processing file /home/airflow/.local/lib/python3.7/site-packages/airflow/example_dags/example_trigger_controller_dag.py for tasks to queue
[2022-12-10T03:43:50.537+0000] {logging_mixin.py:137} INFO - [2022-12-10T03:43:50.537+0000] {dagbag.py:537} INFO - Filling up the DagBag from /home/airflow/.local/lib/python3.7/site-packages/airflow/example_dags/example_trigger_controller_dag.py
[2022-12-10T03:43:50.546+0000] {processor.py:766} INFO - DAG(s) dict_keys(['example_trigger_controller_dag']) retrieved from /home/airflow/.local/lib/python3.7/site-packages/airflow/example_dags/example_trigger_controller_dag.py
[2022-12-10T03:43:50.579+0000] {logging_mixin.py:137} INFO - [2022-12-10T03:43:50.579+0000] {dag.py:2585} INFO - Sync 1 DAGs
[2022-12-10T03:43:50.598+0000] {logging_mixin.py:137} INFO - [2022-12-10T03:43:50.597+0000] {dag.py:3340} INFO - Setting next_dagrun for example_trigger_controller_dag to 2021-01-01T00:00:00+00:00, run_after=2021-01-01T00:00:00+00:00
[2022-12-10T03:43:50.618+0000] {processor.py:176} INFO - Processing /home/airflow/.local/lib/python3.7/site-packages/airflow/example_dags/example_trigger_controller_dag.py took 0.087 seconds
[2022-12-10T04:16:19.703+0000] {processor.py:154} INFO - Started process (PID=48136) to work on /home/airflow/.local/lib/python3.7/site-packages/airflow/example_dags/example_trigger_controller_dag.py
[2022-12-10T04:16:19.705+0000] {processor.py:756} INFO - Processing file /home/airflow/.local/lib/python3.7/site-packages/airflow/example_dags/example_trigger_controller_dag.py for tasks to queue
[2022-12-10T04:16:19.706+0000] {logging_mixin.py:137} INFO - [2022-12-10T04:16:19.706+0000] {dagbag.py:537} INFO - Filling up the DagBag from /home/airflow/.local/lib/python3.7/site-packages/airflow/example_dags/example_trigger_controller_dag.py
[2022-12-10T04:16:19.716+0000] {processor.py:766} INFO - DAG(s) dict_keys(['example_trigger_controller_dag']) retrieved from /home/airflow/.local/lib/python3.7/site-packages/airflow/example_dags/example_trigger_controller_dag.py
[2022-12-10T04:16:19.748+0000] {logging_mixin.py:137} INFO - [2022-12-10T04:16:19.748+0000] {dag.py:2585} INFO - Sync 1 DAGs
[2022-12-10T04:16:19.766+0000] {logging_mixin.py:137} INFO - [2022-12-10T04:16:19.766+0000] {dag.py:3340} INFO - Setting next_dagrun for example_trigger_controller_dag to 2021-01-01T00:00:00+00:00, run_after=2021-01-01T00:00:00+00:00
[2022-12-10T04:16:19.780+0000] {processor.py:176} INFO - Processing /home/airflow/.local/lib/python3.7/site-packages/airflow/example_dags/example_trigger_controller_dag.py took 0.079 seconds
[2022-12-10T05:54:53.736+0000] {processor.py:154} INFO - Started process (PID=48204) to work on /home/airflow/.local/lib/python3.7/site-packages/airflow/example_dags/example_trigger_controller_dag.py
[2022-12-10T05:54:53.737+0000] {processor.py:756} INFO - Processing file /home/airflow/.local/lib/python3.7/site-packages/airflow/example_dags/example_trigger_controller_dag.py for tasks to queue
[2022-12-10T05:54:53.739+0000] {logging_mixin.py:137} INFO - [2022-12-10T05:54:53.739+0000] {dagbag.py:537} INFO - Filling up the DagBag from /home/airflow/.local/lib/python3.7/site-packages/airflow/example_dags/example_trigger_controller_dag.py
[2022-12-10T05:54:53.749+0000] {processor.py:766} INFO - DAG(s) dict_keys(['example_trigger_controller_dag']) retrieved from /home/airflow/.local/lib/python3.7/site-packages/airflow/example_dags/example_trigger_controller_dag.py
[2022-12-10T05:54:53.778+0000] {logging_mixin.py:137} INFO - [2022-12-10T05:54:53.778+0000] {dag.py:2585} INFO - Sync 1 DAGs
[2022-12-10T05:54:53.796+0000] {logging_mixin.py:137} INFO - [2022-12-10T05:54:53.796+0000] {dag.py:3340} INFO - Setting next_dagrun for example_trigger_controller_dag to 2021-01-01T00:00:00+00:00, run_after=2021-01-01T00:00:00+00:00
[2022-12-10T05:54:53.817+0000] {processor.py:176} INFO - Processing /home/airflow/.local/lib/python3.7/site-packages/airflow/example_dags/example_trigger_controller_dag.py took 0.084 seconds
[2022-12-10T07:18:16.354+0000] {processor.py:154} INFO - Started process (PID=48263) to work on /home/airflow/.local/lib/python3.7/site-packages/airflow/example_dags/example_trigger_controller_dag.py
[2022-12-10T07:18:16.355+0000] {processor.py:756} INFO - Processing file /home/airflow/.local/lib/python3.7/site-packages/airflow/example_dags/example_trigger_controller_dag.py for tasks to queue
[2022-12-10T07:18:16.356+0000] {logging_mixin.py:137} INFO - [2022-12-10T07:18:16.356+0000] {dagbag.py:537} INFO - Filling up the DagBag from /home/airflow/.local/lib/python3.7/site-packages/airflow/example_dags/example_trigger_controller_dag.py
[2022-12-10T07:18:16.364+0000] {processor.py:766} INFO - DAG(s) dict_keys(['example_trigger_controller_dag']) retrieved from /home/airflow/.local/lib/python3.7/site-packages/airflow/example_dags/example_trigger_controller_dag.py
[2022-12-10T07:18:16.395+0000] {logging_mixin.py:137} INFO - [2022-12-10T07:18:16.395+0000] {dag.py:2585} INFO - Sync 1 DAGs
[2022-12-10T07:18:16.411+0000] {logging_mixin.py:137} INFO - [2022-12-10T07:18:16.411+0000] {dag.py:3340} INFO - Setting next_dagrun for example_trigger_controller_dag to 2021-01-01T00:00:00+00:00, run_after=2021-01-01T00:00:00+00:00
[2022-12-10T07:18:16.427+0000] {processor.py:176} INFO - Processing /home/airflow/.local/lib/python3.7/site-packages/airflow/example_dags/example_trigger_controller_dag.py took 0.075 seconds
[2022-12-10T08:58:57.945+0000] {processor.py:154} INFO - Started process (PID=48331) to work on /home/airflow/.local/lib/python3.7/site-packages/airflow/example_dags/example_trigger_controller_dag.py
[2022-12-10T08:58:57.947+0000] {processor.py:756} INFO - Processing file /home/airflow/.local/lib/python3.7/site-packages/airflow/example_dags/example_trigger_controller_dag.py for tasks to queue
[2022-12-10T08:58:57.949+0000] {logging_mixin.py:137} INFO - [2022-12-10T08:58:57.949+0000] {dagbag.py:537} INFO - Filling up the DagBag from /home/airflow/.local/lib/python3.7/site-packages/airflow/example_dags/example_trigger_controller_dag.py
[2022-12-10T08:58:57.958+0000] {processor.py:766} INFO - DAG(s) dict_keys(['example_trigger_controller_dag']) retrieved from /home/airflow/.local/lib/python3.7/site-packages/airflow/example_dags/example_trigger_controller_dag.py
[2022-12-10T08:58:57.987+0000] {logging_mixin.py:137} INFO - [2022-12-10T08:58:57.987+0000] {dag.py:2585} INFO - Sync 1 DAGs
[2022-12-10T08:58:58.005+0000] {logging_mixin.py:137} INFO - [2022-12-10T08:58:58.005+0000] {dag.py:3340} INFO - Setting next_dagrun for example_trigger_controller_dag to 2021-01-01T00:00:00+00:00, run_after=2021-01-01T00:00:00+00:00
[2022-12-10T08:58:58.017+0000] {processor.py:176} INFO - Processing /home/airflow/.local/lib/python3.7/site-packages/airflow/example_dags/example_trigger_controller_dag.py took 0.074 seconds
[2022-12-10T10:34:17.645+0000] {processor.py:154} INFO - Started process (PID=48398) to work on /home/airflow/.local/lib/python3.7/site-packages/airflow/example_dags/example_trigger_controller_dag.py
[2022-12-10T10:34:17.647+0000] {processor.py:756} INFO - Processing file /home/airflow/.local/lib/python3.7/site-packages/airflow/example_dags/example_trigger_controller_dag.py for tasks to queue
[2022-12-10T10:34:17.649+0000] {logging_mixin.py:137} INFO - [2022-12-10T10:34:17.649+0000] {dagbag.py:537} INFO - Filling up the DagBag from /home/airflow/.local/lib/python3.7/site-packages/airflow/example_dags/example_trigger_controller_dag.py
[2022-12-10T10:34:17.660+0000] {processor.py:766} INFO - DAG(s) dict_keys(['example_trigger_controller_dag']) retrieved from /home/airflow/.local/lib/python3.7/site-packages/airflow/example_dags/example_trigger_controller_dag.py
[2022-12-10T10:34:17.693+0000] {logging_mixin.py:137} INFO - [2022-12-10T10:34:17.693+0000] {dag.py:2585} INFO - Sync 1 DAGs
[2022-12-10T10:34:17.710+0000] {logging_mixin.py:137} INFO - [2022-12-10T10:34:17.710+0000] {dag.py:3340} INFO - Setting next_dagrun for example_trigger_controller_dag to 2021-01-01T00:00:00+00:00, run_after=2021-01-01T00:00:00+00:00
[2022-12-10T10:34:17.735+0000] {processor.py:176} INFO - Processing /home/airflow/.local/lib/python3.7/site-packages/airflow/example_dags/example_trigger_controller_dag.py took 0.094 seconds
[2022-12-10T11:57:25.021+0000] {processor.py:154} INFO - Started process (PID=48466) to work on /home/airflow/.local/lib/python3.7/site-packages/airflow/example_dags/example_trigger_controller_dag.py
[2022-12-10T11:57:25.024+0000] {processor.py:756} INFO - Processing file /home/airflow/.local/lib/python3.7/site-packages/airflow/example_dags/example_trigger_controller_dag.py for tasks to queue
[2022-12-10T11:57:25.027+0000] {logging_mixin.py:137} INFO - [2022-12-10T11:57:25.026+0000] {dagbag.py:537} INFO - Filling up the DagBag from /home/airflow/.local/lib/python3.7/site-packages/airflow/example_dags/example_trigger_controller_dag.py
[2022-12-10T11:57:25.041+0000] {processor.py:766} INFO - DAG(s) dict_keys(['example_trigger_controller_dag']) retrieved from /home/airflow/.local/lib/python3.7/site-packages/airflow/example_dags/example_trigger_controller_dag.py
[2022-12-10T11:57:25.082+0000] {logging_mixin.py:137} INFO - [2022-12-10T11:57:25.082+0000] {dag.py:2585} INFO - Sync 1 DAGs
[2022-12-10T11:57:25.104+0000] {logging_mixin.py:137} INFO - [2022-12-10T11:57:25.104+0000] {dag.py:3340} INFO - Setting next_dagrun for example_trigger_controller_dag to 2021-01-01T00:00:00+00:00, run_after=2021-01-01T00:00:00+00:00
[2022-12-10T11:57:25.119+0000] {processor.py:176} INFO - Processing /home/airflow/.local/lib/python3.7/site-packages/airflow/example_dags/example_trigger_controller_dag.py took 0.102 seconds
[2022-12-10T13:36:25.227+0000] {processor.py:154} INFO - Started process (PID=48533) to work on /home/airflow/.local/lib/python3.7/site-packages/airflow/example_dags/example_trigger_controller_dag.py
[2022-12-10T13:36:25.230+0000] {processor.py:756} INFO - Processing file /home/airflow/.local/lib/python3.7/site-packages/airflow/example_dags/example_trigger_controller_dag.py for tasks to queue
[2022-12-10T13:36:25.231+0000] {logging_mixin.py:137} INFO - [2022-12-10T13:36:25.231+0000] {dagbag.py:537} INFO - Filling up the DagBag from /home/airflow/.local/lib/python3.7/site-packages/airflow/example_dags/example_trigger_controller_dag.py
[2022-12-10T13:36:25.243+0000] {processor.py:766} INFO - DAG(s) dict_keys(['example_trigger_controller_dag']) retrieved from /home/airflow/.local/lib/python3.7/site-packages/airflow/example_dags/example_trigger_controller_dag.py
[2022-12-10T13:36:25.284+0000] {logging_mixin.py:137} INFO - [2022-12-10T13:36:25.284+0000] {dag.py:2585} INFO - Sync 1 DAGs
[2022-12-10T13:36:25.305+0000] {logging_mixin.py:137} INFO - [2022-12-10T13:36:25.305+0000] {dag.py:3340} INFO - Setting next_dagrun for example_trigger_controller_dag to 2021-01-01T00:00:00+00:00, run_after=2021-01-01T00:00:00+00:00
[2022-12-10T13:36:25.321+0000] {processor.py:176} INFO - Processing /home/airflow/.local/lib/python3.7/site-packages/airflow/example_dags/example_trigger_controller_dag.py took 0.098 seconds
[2022-12-10T15:01:34.892+0000] {processor.py:154} INFO - Started process (PID=48590) to work on /home/airflow/.local/lib/python3.7/site-packages/airflow/example_dags/example_trigger_controller_dag.py
[2022-12-10T15:01:34.894+0000] {processor.py:756} INFO - Processing file /home/airflow/.local/lib/python3.7/site-packages/airflow/example_dags/example_trigger_controller_dag.py for tasks to queue
[2022-12-10T15:01:34.895+0000] {logging_mixin.py:137} INFO - [2022-12-10T15:01:34.895+0000] {dagbag.py:537} INFO - Filling up the DagBag from /home/airflow/.local/lib/python3.7/site-packages/airflow/example_dags/example_trigger_controller_dag.py
[2022-12-10T15:01:34.908+0000] {processor.py:766} INFO - DAG(s) dict_keys(['example_trigger_controller_dag']) retrieved from /home/airflow/.local/lib/python3.7/site-packages/airflow/example_dags/example_trigger_controller_dag.py
[2022-12-10T15:01:34.946+0000] {logging_mixin.py:137} INFO - [2022-12-10T15:01:34.946+0000] {dag.py:2585} INFO - Sync 1 DAGs
[2022-12-10T15:01:34.964+0000] {logging_mixin.py:137} INFO - [2022-12-10T15:01:34.964+0000] {dag.py:3340} INFO - Setting next_dagrun for example_trigger_controller_dag to 2021-01-01T00:00:00+00:00, run_after=2021-01-01T00:00:00+00:00
[2022-12-10T15:01:34.977+0000] {processor.py:176} INFO - Processing /home/airflow/.local/lib/python3.7/site-packages/airflow/example_dags/example_trigger_controller_dag.py took 0.087 seconds
[2022-12-10T16:44:41.062+0000] {processor.py:154} INFO - Started process (PID=48660) to work on /home/airflow/.local/lib/python3.7/site-packages/airflow/example_dags/example_trigger_controller_dag.py
[2022-12-10T16:44:41.064+0000] {processor.py:756} INFO - Processing file /home/airflow/.local/lib/python3.7/site-packages/airflow/example_dags/example_trigger_controller_dag.py for tasks to queue
[2022-12-10T16:44:41.066+0000] {logging_mixin.py:137} INFO - [2022-12-10T16:44:41.066+0000] {dagbag.py:537} INFO - Filling up the DagBag from /home/airflow/.local/lib/python3.7/site-packages/airflow/example_dags/example_trigger_controller_dag.py
[2022-12-10T16:44:41.075+0000] {processor.py:766} INFO - DAG(s) dict_keys(['example_trigger_controller_dag']) retrieved from /home/airflow/.local/lib/python3.7/site-packages/airflow/example_dags/example_trigger_controller_dag.py
[2022-12-10T16:44:41.108+0000] {logging_mixin.py:137} INFO - [2022-12-10T16:44:41.108+0000] {dag.py:2585} INFO - Sync 1 DAGs
[2022-12-10T16:44:41.124+0000] {logging_mixin.py:137} INFO - [2022-12-10T16:44:41.124+0000] {dag.py:3340} INFO - Setting next_dagrun for example_trigger_controller_dag to 2021-01-01T00:00:00+00:00, run_after=2021-01-01T00:00:00+00:00
[2022-12-10T16:44:41.138+0000] {processor.py:176} INFO - Processing /home/airflow/.local/lib/python3.7/site-packages/airflow/example_dags/example_trigger_controller_dag.py took 0.080 seconds
[2022-12-10T18:09:52.294+0000] {processor.py:154} INFO - Started process (PID=48727) to work on /home/airflow/.local/lib/python3.7/site-packages/airflow/example_dags/example_trigger_controller_dag.py
[2022-12-10T18:09:52.297+0000] {processor.py:756} INFO - Processing file /home/airflow/.local/lib/python3.7/site-packages/airflow/example_dags/example_trigger_controller_dag.py for tasks to queue
[2022-12-10T18:09:52.298+0000] {logging_mixin.py:137} INFO - [2022-12-10T18:09:52.298+0000] {dagbag.py:537} INFO - Filling up the DagBag from /home/airflow/.local/lib/python3.7/site-packages/airflow/example_dags/example_trigger_controller_dag.py
[2022-12-10T18:09:52.309+0000] {processor.py:766} INFO - DAG(s) dict_keys(['example_trigger_controller_dag']) retrieved from /home/airflow/.local/lib/python3.7/site-packages/airflow/example_dags/example_trigger_controller_dag.py
[2022-12-10T18:09:52.357+0000] {logging_mixin.py:137} INFO - [2022-12-10T18:09:52.357+0000] {dag.py:2585} INFO - Sync 1 DAGs
[2022-12-10T18:09:52.380+0000] {logging_mixin.py:137} INFO - [2022-12-10T18:09:52.380+0000] {dag.py:3340} INFO - Setting next_dagrun for example_trigger_controller_dag to 2021-01-01T00:00:00+00:00, run_after=2021-01-01T00:00:00+00:00
[2022-12-10T18:09:52.408+0000] {processor.py:176} INFO - Processing /home/airflow/.local/lib/python3.7/site-packages/airflow/example_dags/example_trigger_controller_dag.py took 0.117 seconds
[2022-12-10T19:51:56.787+0000] {processor.py:154} INFO - Started process (PID=48792) to work on /home/airflow/.local/lib/python3.7/site-packages/airflow/example_dags/example_trigger_controller_dag.py
[2022-12-10T19:51:56.789+0000] {processor.py:756} INFO - Processing file /home/airflow/.local/lib/python3.7/site-packages/airflow/example_dags/example_trigger_controller_dag.py for tasks to queue
[2022-12-10T19:51:56.791+0000] {logging_mixin.py:137} INFO - [2022-12-10T19:51:56.791+0000] {dagbag.py:537} INFO - Filling up the DagBag from /home/airflow/.local/lib/python3.7/site-packages/airflow/example_dags/example_trigger_controller_dag.py
[2022-12-10T19:51:56.801+0000] {processor.py:766} INFO - DAG(s) dict_keys(['example_trigger_controller_dag']) retrieved from /home/airflow/.local/lib/python3.7/site-packages/airflow/example_dags/example_trigger_controller_dag.py
[2022-12-10T19:51:56.833+0000] {logging_mixin.py:137} INFO - [2022-12-10T19:51:56.833+0000] {dag.py:2585} INFO - Sync 1 DAGs
[2022-12-10T19:51:56.854+0000] {logging_mixin.py:137} INFO - [2022-12-10T19:51:56.853+0000] {dag.py:3340} INFO - Setting next_dagrun for example_trigger_controller_dag to 2021-01-01T00:00:00+00:00, run_after=2021-01-01T00:00:00+00:00
[2022-12-10T19:51:56.869+0000] {processor.py:176} INFO - Processing /home/airflow/.local/lib/python3.7/site-packages/airflow/example_dags/example_trigger_controller_dag.py took 0.085 seconds
[2022-12-10T21:32:06.002+0000] {processor.py:154} INFO - Started process (PID=48850) to work on /home/airflow/.local/lib/python3.7/site-packages/airflow/example_dags/example_trigger_controller_dag.py
[2022-12-10T21:32:06.004+0000] {processor.py:756} INFO - Processing file /home/airflow/.local/lib/python3.7/site-packages/airflow/example_dags/example_trigger_controller_dag.py for tasks to queue
[2022-12-10T21:32:06.005+0000] {logging_mixin.py:137} INFO - [2022-12-10T21:32:06.005+0000] {dagbag.py:537} INFO - Filling up the DagBag from /home/airflow/.local/lib/python3.7/site-packages/airflow/example_dags/example_trigger_controller_dag.py
[2022-12-10T21:32:06.014+0000] {processor.py:766} INFO - DAG(s) dict_keys(['example_trigger_controller_dag']) retrieved from /home/airflow/.local/lib/python3.7/site-packages/airflow/example_dags/example_trigger_controller_dag.py
[2022-12-10T21:32:06.045+0000] {logging_mixin.py:137} INFO - [2022-12-10T21:32:06.045+0000] {dag.py:2585} INFO - Sync 1 DAGs
[2022-12-10T21:32:06.059+0000] {logging_mixin.py:137} INFO - [2022-12-10T21:32:06.059+0000] {dag.py:3340} INFO - Setting next_dagrun for example_trigger_controller_dag to 2021-01-01T00:00:00+00:00, run_after=2021-01-01T00:00:00+00:00
[2022-12-10T21:32:06.073+0000] {processor.py:176} INFO - Processing /home/airflow/.local/lib/python3.7/site-packages/airflow/example_dags/example_trigger_controller_dag.py took 0.073 seconds
[2022-12-10T22:56:10.823+0000] {processor.py:154} INFO - Started process (PID=48918) to work on /home/airflow/.local/lib/python3.7/site-packages/airflow/example_dags/example_trigger_controller_dag.py
[2022-12-10T22:56:10.825+0000] {processor.py:756} INFO - Processing file /home/airflow/.local/lib/python3.7/site-packages/airflow/example_dags/example_trigger_controller_dag.py for tasks to queue
[2022-12-10T22:56:10.827+0000] {logging_mixin.py:137} INFO - [2022-12-10T22:56:10.827+0000] {dagbag.py:537} INFO - Filling up the DagBag from /home/airflow/.local/lib/python3.7/site-packages/airflow/example_dags/example_trigger_controller_dag.py
[2022-12-10T22:56:10.836+0000] {processor.py:766} INFO - DAG(s) dict_keys(['example_trigger_controller_dag']) retrieved from /home/airflow/.local/lib/python3.7/site-packages/airflow/example_dags/example_trigger_controller_dag.py
[2022-12-10T22:56:10.873+0000] {logging_mixin.py:137} INFO - [2022-12-10T22:56:10.873+0000] {dag.py:2585} INFO - Sync 1 DAGs
[2022-12-10T22:56:10.892+0000] {logging_mixin.py:137} INFO - [2022-12-10T22:56:10.891+0000] {dag.py:3340} INFO - Setting next_dagrun for example_trigger_controller_dag to 2021-01-01T00:00:00+00:00, run_after=2021-01-01T00:00:00+00:00
[2022-12-10T22:56:10.925+0000] {processor.py:176} INFO - Processing /home/airflow/.local/lib/python3.7/site-packages/airflow/example_dags/example_trigger_controller_dag.py took 0.105 seconds
[2022-12-10T23:54:29.598+0000] {processor.py:154} INFO - Started process (PID=48985) to work on /home/airflow/.local/lib/python3.7/site-packages/airflow/example_dags/example_trigger_controller_dag.py
[2022-12-10T23:54:29.600+0000] {processor.py:756} INFO - Processing file /home/airflow/.local/lib/python3.7/site-packages/airflow/example_dags/example_trigger_controller_dag.py for tasks to queue
[2022-12-10T23:54:29.601+0000] {logging_mixin.py:137} INFO - [2022-12-10T23:54:29.601+0000] {dagbag.py:537} INFO - Filling up the DagBag from /home/airflow/.local/lib/python3.7/site-packages/airflow/example_dags/example_trigger_controller_dag.py
[2022-12-10T23:54:29.610+0000] {processor.py:766} INFO - DAG(s) dict_keys(['example_trigger_controller_dag']) retrieved from /home/airflow/.local/lib/python3.7/site-packages/airflow/example_dags/example_trigger_controller_dag.py
[2022-12-10T23:54:29.636+0000] {logging_mixin.py:137} INFO - [2022-12-10T23:54:29.636+0000] {dag.py:2585} INFO - Sync 1 DAGs
[2022-12-10T23:54:29.653+0000] {logging_mixin.py:137} INFO - [2022-12-10T23:54:29.653+0000] {dag.py:3340} INFO - Setting next_dagrun for example_trigger_controller_dag to 2021-01-01T00:00:00+00:00, run_after=2021-01-01T00:00:00+00:00
[2022-12-10T23:54:29.665+0000] {processor.py:176} INFO - Processing /home/airflow/.local/lib/python3.7/site-packages/airflow/example_dags/example_trigger_controller_dag.py took 0.071 seconds
