[2022-12-10T01:13:57.355+0000] {processor.py:154} INFO - Started process (PID=47960) to work on /home/airflow/.local/lib/python3.7/site-packages/airflow/example_dags/example_trigger_target_dag.py
[2022-12-10T01:13:57.356+0000] {processor.py:756} INFO - Processing file /home/airflow/.local/lib/python3.7/site-packages/airflow/example_dags/example_trigger_target_dag.py for tasks to queue
[2022-12-10T01:13:57.357+0000] {logging_mixin.py:137} INFO - [2022-12-10T01:13:57.357+0000] {dagbag.py:537} INFO - Filling up the DagBag from /home/airflow/.local/lib/python3.7/site-packages/airflow/example_dags/example_trigger_target_dag.py
[2022-12-10T01:13:57.374+0000] {processor.py:766} INFO - DAG(s) dict_keys(['example_trigger_target_dag']) retrieved from /home/airflow/.local/lib/python3.7/site-packages/airflow/example_dags/example_trigger_target_dag.py
[2022-12-10T01:13:57.405+0000] {logging_mixin.py:137} INFO - [2022-12-10T01:13:57.405+0000] {dag.py:2585} INFO - Sync 1 DAGs
[2022-12-10T01:13:57.423+0000] {logging_mixin.py:137} INFO - [2022-12-10T01:13:57.423+0000] {dag.py:3340} INFO - Setting next_dagrun for example_trigger_target_dag to None, run_after=None
[2022-12-10T01:13:57.437+0000] {processor.py:176} INFO - Processing /home/airflow/.local/lib/python3.7/site-packages/airflow/example_dags/example_trigger_target_dag.py took 0.085 seconds
[2022-12-10T02:35:30.995+0000] {processor.py:154} INFO - Started process (PID=48017) to work on /home/airflow/.local/lib/python3.7/site-packages/airflow/example_dags/example_trigger_target_dag.py
[2022-12-10T02:35:30.997+0000] {processor.py:756} INFO - Processing file /home/airflow/.local/lib/python3.7/site-packages/airflow/example_dags/example_trigger_target_dag.py for tasks to queue
[2022-12-10T02:35:30.999+0000] {logging_mixin.py:137} INFO - [2022-12-10T02:35:30.999+0000] {dagbag.py:537} INFO - Filling up the DagBag from /home/airflow/.local/lib/python3.7/site-packages/airflow/example_dags/example_trigger_target_dag.py
[2022-12-10T02:35:31.026+0000] {processor.py:766} INFO - DAG(s) dict_keys(['example_trigger_target_dag']) retrieved from /home/airflow/.local/lib/python3.7/site-packages/airflow/example_dags/example_trigger_target_dag.py
[2022-12-10T02:35:31.063+0000] {logging_mixin.py:137} INFO - [2022-12-10T02:35:31.063+0000] {dag.py:2585} INFO - Sync 1 DAGs
[2022-12-10T02:35:31.088+0000] {logging_mixin.py:137} INFO - [2022-12-10T02:35:31.088+0000] {dag.py:3340} INFO - Setting next_dagrun for example_trigger_target_dag to None, run_after=None
[2022-12-10T02:35:31.104+0000] {processor.py:176} INFO - Processing /home/airflow/.local/lib/python3.7/site-packages/airflow/example_dags/example_trigger_target_dag.py took 0.112 seconds
[2022-12-10T03:43:51.808+0000] {processor.py:154} INFO - Started process (PID=48082) to work on /home/airflow/.local/lib/python3.7/site-packages/airflow/example_dags/example_trigger_target_dag.py
[2022-12-10T03:43:51.811+0000] {processor.py:756} INFO - Processing file /home/airflow/.local/lib/python3.7/site-packages/airflow/example_dags/example_trigger_target_dag.py for tasks to queue
[2022-12-10T03:43:51.812+0000] {logging_mixin.py:137} INFO - [2022-12-10T03:43:51.812+0000] {dagbag.py:537} INFO - Filling up the DagBag from /home/airflow/.local/lib/python3.7/site-packages/airflow/example_dags/example_trigger_target_dag.py
[2022-12-10T03:43:51.831+0000] {processor.py:766} INFO - DAG(s) dict_keys(['example_trigger_target_dag']) retrieved from /home/airflow/.local/lib/python3.7/site-packages/airflow/example_dags/example_trigger_target_dag.py
[2022-12-10T03:43:51.879+0000] {logging_mixin.py:137} INFO - [2022-12-10T03:43:51.879+0000] {dag.py:2585} INFO - Sync 1 DAGs
[2022-12-10T03:43:51.916+0000] {logging_mixin.py:137} INFO - [2022-12-10T03:43:51.915+0000] {dag.py:3340} INFO - Setting next_dagrun for example_trigger_target_dag to None, run_after=None
[2022-12-10T03:43:51.946+0000] {processor.py:176} INFO - Processing /home/airflow/.local/lib/python3.7/site-packages/airflow/example_dags/example_trigger_target_dag.py took 0.142 seconds
[2022-12-10T04:16:20.449+0000] {processor.py:154} INFO - Started process (PID=48149) to work on /home/airflow/.local/lib/python3.7/site-packages/airflow/example_dags/example_trigger_target_dag.py
[2022-12-10T04:16:20.452+0000] {processor.py:756} INFO - Processing file /home/airflow/.local/lib/python3.7/site-packages/airflow/example_dags/example_trigger_target_dag.py for tasks to queue
[2022-12-10T04:16:20.453+0000] {logging_mixin.py:137} INFO - [2022-12-10T04:16:20.453+0000] {dagbag.py:537} INFO - Filling up the DagBag from /home/airflow/.local/lib/python3.7/site-packages/airflow/example_dags/example_trigger_target_dag.py
[2022-12-10T04:16:20.470+0000] {processor.py:766} INFO - DAG(s) dict_keys(['example_trigger_target_dag']) retrieved from /home/airflow/.local/lib/python3.7/site-packages/airflow/example_dags/example_trigger_target_dag.py
[2022-12-10T04:16:20.502+0000] {logging_mixin.py:137} INFO - [2022-12-10T04:16:20.502+0000] {dag.py:2585} INFO - Sync 1 DAGs
[2022-12-10T04:16:20.518+0000] {logging_mixin.py:137} INFO - [2022-12-10T04:16:20.517+0000] {dag.py:3340} INFO - Setting next_dagrun for example_trigger_target_dag to None, run_after=None
[2022-12-10T04:16:20.530+0000] {processor.py:176} INFO - Processing /home/airflow/.local/lib/python3.7/site-packages/airflow/example_dags/example_trigger_target_dag.py took 0.083 seconds
[2022-12-10T05:54:54.507+0000] {processor.py:154} INFO - Started process (PID=48217) to work on /home/airflow/.local/lib/python3.7/site-packages/airflow/example_dags/example_trigger_target_dag.py
[2022-12-10T05:54:54.509+0000] {processor.py:756} INFO - Processing file /home/airflow/.local/lib/python3.7/site-packages/airflow/example_dags/example_trigger_target_dag.py for tasks to queue
[2022-12-10T05:54:54.510+0000] {logging_mixin.py:137} INFO - [2022-12-10T05:54:54.510+0000] {dagbag.py:537} INFO - Filling up the DagBag from /home/airflow/.local/lib/python3.7/site-packages/airflow/example_dags/example_trigger_target_dag.py
[2022-12-10T05:54:54.525+0000] {processor.py:766} INFO - DAG(s) dict_keys(['example_trigger_target_dag']) retrieved from /home/airflow/.local/lib/python3.7/site-packages/airflow/example_dags/example_trigger_target_dag.py
[2022-12-10T05:54:54.554+0000] {logging_mixin.py:137} INFO - [2022-12-10T05:54:54.554+0000] {dag.py:2585} INFO - Sync 1 DAGs
[2022-12-10T05:54:54.571+0000] {logging_mixin.py:137} INFO - [2022-12-10T05:54:54.571+0000] {dag.py:3340} INFO - Setting next_dagrun for example_trigger_target_dag to None, run_after=None
[2022-12-10T05:54:54.584+0000] {processor.py:176} INFO - Processing /home/airflow/.local/lib/python3.7/site-packages/airflow/example_dags/example_trigger_target_dag.py took 0.080 seconds
[2022-12-10T07:18:17.162+0000] {processor.py:154} INFO - Started process (PID=48276) to work on /home/airflow/.local/lib/python3.7/site-packages/airflow/example_dags/example_trigger_target_dag.py
[2022-12-10T07:18:17.165+0000] {processor.py:756} INFO - Processing file /home/airflow/.local/lib/python3.7/site-packages/airflow/example_dags/example_trigger_target_dag.py for tasks to queue
[2022-12-10T07:18:17.166+0000] {logging_mixin.py:137} INFO - [2022-12-10T07:18:17.166+0000] {dagbag.py:537} INFO - Filling up the DagBag from /home/airflow/.local/lib/python3.7/site-packages/airflow/example_dags/example_trigger_target_dag.py
[2022-12-10T07:18:17.183+0000] {processor.py:766} INFO - DAG(s) dict_keys(['example_trigger_target_dag']) retrieved from /home/airflow/.local/lib/python3.7/site-packages/airflow/example_dags/example_trigger_target_dag.py
[2022-12-10T07:18:17.215+0000] {logging_mixin.py:137} INFO - [2022-12-10T07:18:17.215+0000] {dag.py:2585} INFO - Sync 1 DAGs
[2022-12-10T07:18:17.234+0000] {logging_mixin.py:137} INFO - [2022-12-10T07:18:17.234+0000] {dag.py:3340} INFO - Setting next_dagrun for example_trigger_target_dag to None, run_after=None
[2022-12-10T07:18:17.246+0000] {processor.py:176} INFO - Processing /home/airflow/.local/lib/python3.7/site-packages/airflow/example_dags/example_trigger_target_dag.py took 0.086 seconds
[2022-12-10T08:58:59.303+0000] {processor.py:154} INFO - Started process (PID=48344) to work on /home/airflow/.local/lib/python3.7/site-packages/airflow/example_dags/example_trigger_target_dag.py
[2022-12-10T08:58:59.306+0000] {processor.py:756} INFO - Processing file /home/airflow/.local/lib/python3.7/site-packages/airflow/example_dags/example_trigger_target_dag.py for tasks to queue
[2022-12-10T08:58:59.308+0000] {logging_mixin.py:137} INFO - [2022-12-10T08:58:59.307+0000] {dagbag.py:537} INFO - Filling up the DagBag from /home/airflow/.local/lib/python3.7/site-packages/airflow/example_dags/example_trigger_target_dag.py
[2022-12-10T08:58:59.325+0000] {processor.py:766} INFO - DAG(s) dict_keys(['example_trigger_target_dag']) retrieved from /home/airflow/.local/lib/python3.7/site-packages/airflow/example_dags/example_trigger_target_dag.py
[2022-12-10T08:58:59.358+0000] {logging_mixin.py:137} INFO - [2022-12-10T08:58:59.358+0000] {dag.py:2585} INFO - Sync 1 DAGs
[2022-12-10T08:58:59.378+0000] {logging_mixin.py:137} INFO - [2022-12-10T08:58:59.378+0000] {dag.py:3340} INFO - Setting next_dagrun for example_trigger_target_dag to None, run_after=None
[2022-12-10T08:58:59.392+0000] {processor.py:176} INFO - Processing /home/airflow/.local/lib/python3.7/site-packages/airflow/example_dags/example_trigger_target_dag.py took 0.092 seconds
[2022-12-10T10:34:18.448+0000] {processor.py:154} INFO - Started process (PID=48411) to work on /home/airflow/.local/lib/python3.7/site-packages/airflow/example_dags/example_trigger_target_dag.py
[2022-12-10T10:34:18.450+0000] {processor.py:756} INFO - Processing file /home/airflow/.local/lib/python3.7/site-packages/airflow/example_dags/example_trigger_target_dag.py for tasks to queue
[2022-12-10T10:34:18.451+0000] {logging_mixin.py:137} INFO - [2022-12-10T10:34:18.451+0000] {dagbag.py:537} INFO - Filling up the DagBag from /home/airflow/.local/lib/python3.7/site-packages/airflow/example_dags/example_trigger_target_dag.py
[2022-12-10T10:34:18.465+0000] {processor.py:766} INFO - DAG(s) dict_keys(['example_trigger_target_dag']) retrieved from /home/airflow/.local/lib/python3.7/site-packages/airflow/example_dags/example_trigger_target_dag.py
[2022-12-10T10:34:18.494+0000] {logging_mixin.py:137} INFO - [2022-12-10T10:34:18.494+0000] {dag.py:2585} INFO - Sync 1 DAGs
[2022-12-10T10:34:18.510+0000] {logging_mixin.py:137} INFO - [2022-12-10T10:34:18.510+0000] {dag.py:3340} INFO - Setting next_dagrun for example_trigger_target_dag to None, run_after=None
[2022-12-10T10:34:18.524+0000] {processor.py:176} INFO - Processing /home/airflow/.local/lib/python3.7/site-packages/airflow/example_dags/example_trigger_target_dag.py took 0.078 seconds
[2022-12-10T11:57:25.921+0000] {processor.py:154} INFO - Started process (PID=48479) to work on /home/airflow/.local/lib/python3.7/site-packages/airflow/example_dags/example_trigger_target_dag.py
[2022-12-10T11:57:25.924+0000] {processor.py:756} INFO - Processing file /home/airflow/.local/lib/python3.7/site-packages/airflow/example_dags/example_trigger_target_dag.py for tasks to queue
[2022-12-10T11:57:25.925+0000] {logging_mixin.py:137} INFO - [2022-12-10T11:57:25.925+0000] {dagbag.py:537} INFO - Filling up the DagBag from /home/airflow/.local/lib/python3.7/site-packages/airflow/example_dags/example_trigger_target_dag.py
[2022-12-10T11:57:25.941+0000] {processor.py:766} INFO - DAG(s) dict_keys(['example_trigger_target_dag']) retrieved from /home/airflow/.local/lib/python3.7/site-packages/airflow/example_dags/example_trigger_target_dag.py
[2022-12-10T11:57:25.976+0000] {logging_mixin.py:137} INFO - [2022-12-10T11:57:25.976+0000] {dag.py:2585} INFO - Sync 1 DAGs
[2022-12-10T11:57:25.994+0000] {logging_mixin.py:137} INFO - [2022-12-10T11:57:25.994+0000] {dag.py:3340} INFO - Setting next_dagrun for example_trigger_target_dag to None, run_after=None
[2022-12-10T11:57:26.011+0000] {processor.py:176} INFO - Processing /home/airflow/.local/lib/python3.7/site-packages/airflow/example_dags/example_trigger_target_dag.py took 0.092 seconds
[2022-12-10T13:36:26.092+0000] {processor.py:154} INFO - Started process (PID=48546) to work on /home/airflow/.local/lib/python3.7/site-packages/airflow/example_dags/example_trigger_target_dag.py
[2022-12-10T13:36:26.095+0000] {processor.py:756} INFO - Processing file /home/airflow/.local/lib/python3.7/site-packages/airflow/example_dags/example_trigger_target_dag.py for tasks to queue
[2022-12-10T13:36:26.096+0000] {logging_mixin.py:137} INFO - [2022-12-10T13:36:26.096+0000] {dagbag.py:537} INFO - Filling up the DagBag from /home/airflow/.local/lib/python3.7/site-packages/airflow/example_dags/example_trigger_target_dag.py
[2022-12-10T13:36:26.113+0000] {processor.py:766} INFO - DAG(s) dict_keys(['example_trigger_target_dag']) retrieved from /home/airflow/.local/lib/python3.7/site-packages/airflow/example_dags/example_trigger_target_dag.py
[2022-12-10T13:36:26.145+0000] {logging_mixin.py:137} INFO - [2022-12-10T13:36:26.144+0000] {dag.py:2585} INFO - Sync 1 DAGs
[2022-12-10T13:36:26.163+0000] {logging_mixin.py:137} INFO - [2022-12-10T13:36:26.163+0000] {dag.py:3340} INFO - Setting next_dagrun for example_trigger_target_dag to None, run_after=None
[2022-12-10T13:36:26.176+0000] {processor.py:176} INFO - Processing /home/airflow/.local/lib/python3.7/site-packages/airflow/example_dags/example_trigger_target_dag.py took 0.086 seconds
[2022-12-10T15:01:35.792+0000] {processor.py:154} INFO - Started process (PID=48603) to work on /home/airflow/.local/lib/python3.7/site-packages/airflow/example_dags/example_trigger_target_dag.py
[2022-12-10T15:01:35.794+0000] {processor.py:756} INFO - Processing file /home/airflow/.local/lib/python3.7/site-packages/airflow/example_dags/example_trigger_target_dag.py for tasks to queue
[2022-12-10T15:01:35.795+0000] {logging_mixin.py:137} INFO - [2022-12-10T15:01:35.795+0000] {dagbag.py:537} INFO - Filling up the DagBag from /home/airflow/.local/lib/python3.7/site-packages/airflow/example_dags/example_trigger_target_dag.py
[2022-12-10T15:01:35.812+0000] {processor.py:766} INFO - DAG(s) dict_keys(['example_trigger_target_dag']) retrieved from /home/airflow/.local/lib/python3.7/site-packages/airflow/example_dags/example_trigger_target_dag.py
[2022-12-10T15:01:35.845+0000] {logging_mixin.py:137} INFO - [2022-12-10T15:01:35.845+0000] {dag.py:2585} INFO - Sync 1 DAGs
[2022-12-10T15:01:35.861+0000] {logging_mixin.py:137} INFO - [2022-12-10T15:01:35.861+0000] {dag.py:3340} INFO - Setting next_dagrun for example_trigger_target_dag to None, run_after=None
[2022-12-10T15:01:35.875+0000] {processor.py:176} INFO - Processing /home/airflow/.local/lib/python3.7/site-packages/airflow/example_dags/example_trigger_target_dag.py took 0.087 seconds
[2022-12-10T16:44:41.851+0000] {processor.py:154} INFO - Started process (PID=48673) to work on /home/airflow/.local/lib/python3.7/site-packages/airflow/example_dags/example_trigger_target_dag.py
[2022-12-10T16:44:41.853+0000] {processor.py:756} INFO - Processing file /home/airflow/.local/lib/python3.7/site-packages/airflow/example_dags/example_trigger_target_dag.py for tasks to queue
[2022-12-10T16:44:41.854+0000] {logging_mixin.py:137} INFO - [2022-12-10T16:44:41.854+0000] {dagbag.py:537} INFO - Filling up the DagBag from /home/airflow/.local/lib/python3.7/site-packages/airflow/example_dags/example_trigger_target_dag.py
[2022-12-10T16:44:41.867+0000] {processor.py:766} INFO - DAG(s) dict_keys(['example_trigger_target_dag']) retrieved from /home/airflow/.local/lib/python3.7/site-packages/airflow/example_dags/example_trigger_target_dag.py
[2022-12-10T16:44:41.898+0000] {logging_mixin.py:137} INFO - [2022-12-10T16:44:41.898+0000] {dag.py:2585} INFO - Sync 1 DAGs
[2022-12-10T16:44:41.916+0000] {logging_mixin.py:137} INFO - [2022-12-10T16:44:41.916+0000] {dag.py:3340} INFO - Setting next_dagrun for example_trigger_target_dag to None, run_after=None
[2022-12-10T16:44:41.928+0000] {processor.py:176} INFO - Processing /home/airflow/.local/lib/python3.7/site-packages/airflow/example_dags/example_trigger_target_dag.py took 0.079 seconds
[2022-12-10T18:09:53.230+0000] {processor.py:154} INFO - Started process (PID=48740) to work on /home/airflow/.local/lib/python3.7/site-packages/airflow/example_dags/example_trigger_target_dag.py
[2022-12-10T18:09:53.234+0000] {processor.py:756} INFO - Processing file /home/airflow/.local/lib/python3.7/site-packages/airflow/example_dags/example_trigger_target_dag.py for tasks to queue
[2022-12-10T18:09:53.236+0000] {logging_mixin.py:137} INFO - [2022-12-10T18:09:53.235+0000] {dagbag.py:537} INFO - Filling up the DagBag from /home/airflow/.local/lib/python3.7/site-packages/airflow/example_dags/example_trigger_target_dag.py
[2022-12-10T18:09:53.252+0000] {processor.py:766} INFO - DAG(s) dict_keys(['example_trigger_target_dag']) retrieved from /home/airflow/.local/lib/python3.7/site-packages/airflow/example_dags/example_trigger_target_dag.py
[2022-12-10T18:09:53.284+0000] {logging_mixin.py:137} INFO - [2022-12-10T18:09:53.284+0000] {dag.py:2585} INFO - Sync 1 DAGs
[2022-12-10T18:09:53.301+0000] {logging_mixin.py:137} INFO - [2022-12-10T18:09:53.301+0000] {dag.py:3340} INFO - Setting next_dagrun for example_trigger_target_dag to None, run_after=None
[2022-12-10T18:09:53.315+0000] {processor.py:176} INFO - Processing /home/airflow/.local/lib/python3.7/site-packages/airflow/example_dags/example_trigger_target_dag.py took 0.087 seconds
[2022-12-10T19:51:58.043+0000] {processor.py:154} INFO - Started process (PID=48805) to work on /home/airflow/.local/lib/python3.7/site-packages/airflow/example_dags/example_trigger_target_dag.py
[2022-12-10T19:51:58.045+0000] {processor.py:756} INFO - Processing file /home/airflow/.local/lib/python3.7/site-packages/airflow/example_dags/example_trigger_target_dag.py for tasks to queue
[2022-12-10T19:51:58.046+0000] {logging_mixin.py:137} INFO - [2022-12-10T19:51:58.046+0000] {dagbag.py:537} INFO - Filling up the DagBag from /home/airflow/.local/lib/python3.7/site-packages/airflow/example_dags/example_trigger_target_dag.py
[2022-12-10T19:51:58.064+0000] {processor.py:766} INFO - DAG(s) dict_keys(['example_trigger_target_dag']) retrieved from /home/airflow/.local/lib/python3.7/site-packages/airflow/example_dags/example_trigger_target_dag.py
[2022-12-10T19:51:58.094+0000] {logging_mixin.py:137} INFO - [2022-12-10T19:51:58.094+0000] {dag.py:2585} INFO - Sync 1 DAGs
[2022-12-10T19:51:58.109+0000] {logging_mixin.py:137} INFO - [2022-12-10T19:51:58.109+0000] {dag.py:3340} INFO - Setting next_dagrun for example_trigger_target_dag to None, run_after=None
[2022-12-10T19:51:58.121+0000] {processor.py:176} INFO - Processing /home/airflow/.local/lib/python3.7/site-packages/airflow/example_dags/example_trigger_target_dag.py took 0.080 seconds
[2022-12-10T21:32:06.711+0000] {processor.py:154} INFO - Started process (PID=48863) to work on /home/airflow/.local/lib/python3.7/site-packages/airflow/example_dags/example_trigger_target_dag.py
[2022-12-10T21:32:06.714+0000] {processor.py:756} INFO - Processing file /home/airflow/.local/lib/python3.7/site-packages/airflow/example_dags/example_trigger_target_dag.py for tasks to queue
[2022-12-10T21:32:06.715+0000] {logging_mixin.py:137} INFO - [2022-12-10T21:32:06.715+0000] {dagbag.py:537} INFO - Filling up the DagBag from /home/airflow/.local/lib/python3.7/site-packages/airflow/example_dags/example_trigger_target_dag.py
[2022-12-10T21:32:06.731+0000] {processor.py:766} INFO - DAG(s) dict_keys(['example_trigger_target_dag']) retrieved from /home/airflow/.local/lib/python3.7/site-packages/airflow/example_dags/example_trigger_target_dag.py
[2022-12-10T21:32:06.763+0000] {logging_mixin.py:137} INFO - [2022-12-10T21:32:06.763+0000] {dag.py:2585} INFO - Sync 1 DAGs
[2022-12-10T21:32:06.780+0000] {logging_mixin.py:137} INFO - [2022-12-10T21:32:06.780+0000] {dag.py:3340} INFO - Setting next_dagrun for example_trigger_target_dag to None, run_after=None
[2022-12-10T21:32:06.793+0000] {processor.py:176} INFO - Processing /home/airflow/.local/lib/python3.7/site-packages/airflow/example_dags/example_trigger_target_dag.py took 0.085 seconds
[2022-12-10T22:56:11.888+0000] {processor.py:154} INFO - Started process (PID=48931) to work on /home/airflow/.local/lib/python3.7/site-packages/airflow/example_dags/example_trigger_target_dag.py
[2022-12-10T22:56:11.891+0000] {processor.py:756} INFO - Processing file /home/airflow/.local/lib/python3.7/site-packages/airflow/example_dags/example_trigger_target_dag.py for tasks to queue
[2022-12-10T22:56:11.893+0000] {logging_mixin.py:137} INFO - [2022-12-10T22:56:11.893+0000] {dagbag.py:537} INFO - Filling up the DagBag from /home/airflow/.local/lib/python3.7/site-packages/airflow/example_dags/example_trigger_target_dag.py
[2022-12-10T22:56:11.910+0000] {processor.py:766} INFO - DAG(s) dict_keys(['example_trigger_target_dag']) retrieved from /home/airflow/.local/lib/python3.7/site-packages/airflow/example_dags/example_trigger_target_dag.py
[2022-12-10T22:56:11.948+0000] {logging_mixin.py:137} INFO - [2022-12-10T22:56:11.948+0000] {dag.py:2585} INFO - Sync 1 DAGs
[2022-12-10T22:56:11.969+0000] {logging_mixin.py:137} INFO - [2022-12-10T22:56:11.969+0000] {dag.py:3340} INFO - Setting next_dagrun for example_trigger_target_dag to None, run_after=None
[2022-12-10T22:56:11.987+0000] {processor.py:176} INFO - Processing /home/airflow/.local/lib/python3.7/site-packages/airflow/example_dags/example_trigger_target_dag.py took 0.102 seconds
[2022-12-10T23:54:30.376+0000] {processor.py:154} INFO - Started process (PID=48998) to work on /home/airflow/.local/lib/python3.7/site-packages/airflow/example_dags/example_trigger_target_dag.py
[2022-12-10T23:54:30.377+0000] {processor.py:756} INFO - Processing file /home/airflow/.local/lib/python3.7/site-packages/airflow/example_dags/example_trigger_target_dag.py for tasks to queue
[2022-12-10T23:54:30.378+0000] {logging_mixin.py:137} INFO - [2022-12-10T23:54:30.378+0000] {dagbag.py:537} INFO - Filling up the DagBag from /home/airflow/.local/lib/python3.7/site-packages/airflow/example_dags/example_trigger_target_dag.py
[2022-12-10T23:54:30.393+0000] {processor.py:766} INFO - DAG(s) dict_keys(['example_trigger_target_dag']) retrieved from /home/airflow/.local/lib/python3.7/site-packages/airflow/example_dags/example_trigger_target_dag.py
[2022-12-10T23:54:30.421+0000] {logging_mixin.py:137} INFO - [2022-12-10T23:54:30.421+0000] {dag.py:2585} INFO - Sync 1 DAGs
[2022-12-10T23:54:30.438+0000] {logging_mixin.py:137} INFO - [2022-12-10T23:54:30.437+0000] {dag.py:3340} INFO - Setting next_dagrun for example_trigger_target_dag to None, run_after=None
[2022-12-10T23:54:30.451+0000] {processor.py:176} INFO - Processing /home/airflow/.local/lib/python3.7/site-packages/airflow/example_dags/example_trigger_target_dag.py took 0.078 seconds
