[2022-12-10T01:13:56.918+0000] {processor.py:154} INFO - Started process (PID=47953) to work on /home/airflow/.local/lib/python3.7/site-packages/airflow/example_dags/example_latest_only.py
[2022-12-10T01:13:56.919+0000] {processor.py:756} INFO - Processing file /home/airflow/.local/lib/python3.7/site-packages/airflow/example_dags/example_latest_only.py for tasks to queue
[2022-12-10T01:13:56.920+0000] {logging_mixin.py:137} INFO - [2022-12-10T01:13:56.920+0000] {dagbag.py:537} INFO - Filling up the DagBag from /home/airflow/.local/lib/python3.7/site-packages/airflow/example_dags/example_latest_only.py
[2022-12-10T01:13:56.931+0000] {processor.py:766} INFO - DAG(s) dict_keys(['latest_only']) retrieved from /home/airflow/.local/lib/python3.7/site-packages/airflow/example_dags/example_latest_only.py
[2022-12-10T01:13:56.960+0000] {logging_mixin.py:137} INFO - [2022-12-10T01:13:56.960+0000] {dag.py:2585} INFO - Sync 1 DAGs
[2022-12-10T01:13:56.976+0000] {logging_mixin.py:137} INFO - [2022-12-10T01:13:56.976+0000] {dag.py:3340} INFO - Setting next_dagrun for latest_only to 2022-12-09T21:13:56.976333+00:00, run_after=2022-12-10T01:13:56.976333+00:00
[2022-12-10T01:13:56.989+0000] {processor.py:176} INFO - Processing /home/airflow/.local/lib/python3.7/site-packages/airflow/example_dags/example_latest_only.py took 0.073 seconds
[2022-12-10T02:35:30.459+0000] {processor.py:154} INFO - Started process (PID=48010) to work on /home/airflow/.local/lib/python3.7/site-packages/airflow/example_dags/example_latest_only.py
[2022-12-10T02:35:30.461+0000] {processor.py:756} INFO - Processing file /home/airflow/.local/lib/python3.7/site-packages/airflow/example_dags/example_latest_only.py for tasks to queue
[2022-12-10T02:35:30.462+0000] {logging_mixin.py:137} INFO - [2022-12-10T02:35:30.462+0000] {dagbag.py:537} INFO - Filling up the DagBag from /home/airflow/.local/lib/python3.7/site-packages/airflow/example_dags/example_latest_only.py
[2022-12-10T02:35:30.475+0000] {processor.py:766} INFO - DAG(s) dict_keys(['latest_only']) retrieved from /home/airflow/.local/lib/python3.7/site-packages/airflow/example_dags/example_latest_only.py
[2022-12-10T02:35:30.510+0000] {logging_mixin.py:137} INFO - [2022-12-10T02:35:30.510+0000] {dag.py:2585} INFO - Sync 1 DAGs
[2022-12-10T02:35:30.530+0000] {logging_mixin.py:137} INFO - [2022-12-10T02:35:30.530+0000] {dag.py:3340} INFO - Setting next_dagrun for latest_only to 2022-12-09T22:35:30.530289+00:00, run_after=2022-12-10T02:35:30.530289+00:00
[2022-12-10T02:35:30.545+0000] {processor.py:176} INFO - Processing /home/airflow/.local/lib/python3.7/site-packages/airflow/example_dags/example_latest_only.py took 0.089 seconds
[2022-12-10T03:43:51.203+0000] {processor.py:154} INFO - Started process (PID=48075) to work on /home/airflow/.local/lib/python3.7/site-packages/airflow/example_dags/example_latest_only.py
[2022-12-10T03:43:51.207+0000] {processor.py:756} INFO - Processing file /home/airflow/.local/lib/python3.7/site-packages/airflow/example_dags/example_latest_only.py for tasks to queue
[2022-12-10T03:43:51.209+0000] {logging_mixin.py:137} INFO - [2022-12-10T03:43:51.209+0000] {dagbag.py:537} INFO - Filling up the DagBag from /home/airflow/.local/lib/python3.7/site-packages/airflow/example_dags/example_latest_only.py
[2022-12-10T03:43:51.230+0000] {processor.py:766} INFO - DAG(s) dict_keys(['latest_only']) retrieved from /home/airflow/.local/lib/python3.7/site-packages/airflow/example_dags/example_latest_only.py
[2022-12-10T03:43:51.267+0000] {logging_mixin.py:137} INFO - [2022-12-10T03:43:51.267+0000] {dag.py:2585} INFO - Sync 1 DAGs
[2022-12-10T03:43:51.291+0000] {logging_mixin.py:137} INFO - [2022-12-10T03:43:51.291+0000] {dag.py:3340} INFO - Setting next_dagrun for latest_only to 2022-12-09T23:43:51.291608+00:00, run_after=2022-12-10T03:43:51.291608+00:00
[2022-12-10T03:43:51.316+0000] {processor.py:176} INFO - Processing /home/airflow/.local/lib/python3.7/site-packages/airflow/example_dags/example_latest_only.py took 0.116 seconds
[2022-12-10T04:16:20.035+0000] {processor.py:154} INFO - Started process (PID=48142) to work on /home/airflow/.local/lib/python3.7/site-packages/airflow/example_dags/example_latest_only.py
[2022-12-10T04:16:20.037+0000] {processor.py:756} INFO - Processing file /home/airflow/.local/lib/python3.7/site-packages/airflow/example_dags/example_latest_only.py for tasks to queue
[2022-12-10T04:16:20.039+0000] {logging_mixin.py:137} INFO - [2022-12-10T04:16:20.038+0000] {dagbag.py:537} INFO - Filling up the DagBag from /home/airflow/.local/lib/python3.7/site-packages/airflow/example_dags/example_latest_only.py
[2022-12-10T04:16:20.048+0000] {processor.py:766} INFO - DAG(s) dict_keys(['latest_only']) retrieved from /home/airflow/.local/lib/python3.7/site-packages/airflow/example_dags/example_latest_only.py
[2022-12-10T04:16:20.077+0000] {logging_mixin.py:137} INFO - [2022-12-10T04:16:20.077+0000] {dag.py:2585} INFO - Sync 1 DAGs
[2022-12-10T04:16:20.092+0000] {logging_mixin.py:137} INFO - [2022-12-10T04:16:20.092+0000] {dag.py:3340} INFO - Setting next_dagrun for latest_only to 2022-12-10T00:16:20.092409+00:00, run_after=2022-12-10T04:16:20.092409+00:00
[2022-12-10T04:16:20.106+0000] {processor.py:176} INFO - Processing /home/airflow/.local/lib/python3.7/site-packages/airflow/example_dags/example_latest_only.py took 0.073 seconds
[2022-12-10T05:54:54.103+0000] {processor.py:154} INFO - Started process (PID=48210) to work on /home/airflow/.local/lib/python3.7/site-packages/airflow/example_dags/example_latest_only.py
[2022-12-10T05:54:54.105+0000] {processor.py:756} INFO - Processing file /home/airflow/.local/lib/python3.7/site-packages/airflow/example_dags/example_latest_only.py for tasks to queue
[2022-12-10T05:54:54.106+0000] {logging_mixin.py:137} INFO - [2022-12-10T05:54:54.106+0000] {dagbag.py:537} INFO - Filling up the DagBag from /home/airflow/.local/lib/python3.7/site-packages/airflow/example_dags/example_latest_only.py
[2022-12-10T05:54:54.116+0000] {processor.py:766} INFO - DAG(s) dict_keys(['latest_only']) retrieved from /home/airflow/.local/lib/python3.7/site-packages/airflow/example_dags/example_latest_only.py
[2022-12-10T05:54:54.143+0000] {logging_mixin.py:137} INFO - [2022-12-10T05:54:54.143+0000] {dag.py:2585} INFO - Sync 1 DAGs
[2022-12-10T05:54:54.158+0000] {logging_mixin.py:137} INFO - [2022-12-10T05:54:54.158+0000] {dag.py:3340} INFO - Setting next_dagrun for latest_only to 2022-12-10T01:54:54.158184+00:00, run_after=2022-12-10T05:54:54.158184+00:00
[2022-12-10T05:54:54.169+0000] {processor.py:176} INFO - Processing /home/airflow/.local/lib/python3.7/site-packages/airflow/example_dags/example_latest_only.py took 0.069 seconds
[2022-12-10T07:18:16.709+0000] {processor.py:154} INFO - Started process (PID=48269) to work on /home/airflow/.local/lib/python3.7/site-packages/airflow/example_dags/example_latest_only.py
[2022-12-10T07:18:16.711+0000] {processor.py:756} INFO - Processing file /home/airflow/.local/lib/python3.7/site-packages/airflow/example_dags/example_latest_only.py for tasks to queue
[2022-12-10T07:18:16.712+0000] {logging_mixin.py:137} INFO - [2022-12-10T07:18:16.712+0000] {dagbag.py:537} INFO - Filling up the DagBag from /home/airflow/.local/lib/python3.7/site-packages/airflow/example_dags/example_latest_only.py
[2022-12-10T07:18:16.724+0000] {processor.py:766} INFO - DAG(s) dict_keys(['latest_only']) retrieved from /home/airflow/.local/lib/python3.7/site-packages/airflow/example_dags/example_latest_only.py
[2022-12-10T07:18:16.754+0000] {logging_mixin.py:137} INFO - [2022-12-10T07:18:16.754+0000] {dag.py:2585} INFO - Sync 1 DAGs
[2022-12-10T07:18:16.772+0000] {logging_mixin.py:137} INFO - [2022-12-10T07:18:16.772+0000] {dag.py:3340} INFO - Setting next_dagrun for latest_only to 2022-12-10T03:18:16.772273+00:00, run_after=2022-12-10T07:18:16.772273+00:00
[2022-12-10T07:18:16.786+0000] {processor.py:176} INFO - Processing /home/airflow/.local/lib/python3.7/site-packages/airflow/example_dags/example_latest_only.py took 0.081 seconds
[2022-12-10T08:58:58.270+0000] {processor.py:154} INFO - Started process (PID=48337) to work on /home/airflow/.local/lib/python3.7/site-packages/airflow/example_dags/example_latest_only.py
[2022-12-10T08:58:58.273+0000] {processor.py:756} INFO - Processing file /home/airflow/.local/lib/python3.7/site-packages/airflow/example_dags/example_latest_only.py for tasks to queue
[2022-12-10T08:58:58.274+0000] {logging_mixin.py:137} INFO - [2022-12-10T08:58:58.274+0000] {dagbag.py:537} INFO - Filling up the DagBag from /home/airflow/.local/lib/python3.7/site-packages/airflow/example_dags/example_latest_only.py
[2022-12-10T08:58:58.283+0000] {processor.py:766} INFO - DAG(s) dict_keys(['latest_only']) retrieved from /home/airflow/.local/lib/python3.7/site-packages/airflow/example_dags/example_latest_only.py
[2022-12-10T08:58:58.309+0000] {logging_mixin.py:137} INFO - [2022-12-10T08:58:58.309+0000] {dag.py:2585} INFO - Sync 1 DAGs
[2022-12-10T08:58:58.324+0000] {logging_mixin.py:137} INFO - [2022-12-10T08:58:58.324+0000] {dag.py:3340} INFO - Setting next_dagrun for latest_only to 2022-12-10T04:58:58.324112+00:00, run_after=2022-12-10T08:58:58.324112+00:00
[2022-12-10T08:58:58.336+0000] {processor.py:176} INFO - Processing /home/airflow/.local/lib/python3.7/site-packages/airflow/example_dags/example_latest_only.py took 0.068 seconds
[2022-12-10T10:34:18.037+0000] {processor.py:154} INFO - Started process (PID=48404) to work on /home/airflow/.local/lib/python3.7/site-packages/airflow/example_dags/example_latest_only.py
[2022-12-10T10:34:18.038+0000] {processor.py:756} INFO - Processing file /home/airflow/.local/lib/python3.7/site-packages/airflow/example_dags/example_latest_only.py for tasks to queue
[2022-12-10T10:34:18.039+0000] {logging_mixin.py:137} INFO - [2022-12-10T10:34:18.039+0000] {dagbag.py:537} INFO - Filling up the DagBag from /home/airflow/.local/lib/python3.7/site-packages/airflow/example_dags/example_latest_only.py
[2022-12-10T10:34:18.049+0000] {processor.py:766} INFO - DAG(s) dict_keys(['latest_only']) retrieved from /home/airflow/.local/lib/python3.7/site-packages/airflow/example_dags/example_latest_only.py
[2022-12-10T10:34:18.080+0000] {logging_mixin.py:137} INFO - [2022-12-10T10:34:18.080+0000] {dag.py:2585} INFO - Sync 1 DAGs
[2022-12-10T10:34:18.098+0000] {logging_mixin.py:137} INFO - [2022-12-10T10:34:18.098+0000] {dag.py:3340} INFO - Setting next_dagrun for latest_only to 2022-12-10T06:34:18.098079+00:00, run_after=2022-12-10T10:34:18.098079+00:00
[2022-12-10T10:34:18.112+0000] {processor.py:176} INFO - Processing /home/airflow/.local/lib/python3.7/site-packages/airflow/example_dags/example_latest_only.py took 0.077 seconds
[2022-12-10T11:57:25.431+0000] {processor.py:154} INFO - Started process (PID=48472) to work on /home/airflow/.local/lib/python3.7/site-packages/airflow/example_dags/example_latest_only.py
[2022-12-10T11:57:25.433+0000] {processor.py:756} INFO - Processing file /home/airflow/.local/lib/python3.7/site-packages/airflow/example_dags/example_latest_only.py for tasks to queue
[2022-12-10T11:57:25.434+0000] {logging_mixin.py:137} INFO - [2022-12-10T11:57:25.434+0000] {dagbag.py:537} INFO - Filling up the DagBag from /home/airflow/.local/lib/python3.7/site-packages/airflow/example_dags/example_latest_only.py
[2022-12-10T11:57:25.446+0000] {processor.py:766} INFO - DAG(s) dict_keys(['latest_only']) retrieved from /home/airflow/.local/lib/python3.7/site-packages/airflow/example_dags/example_latest_only.py
[2022-12-10T11:57:25.477+0000] {logging_mixin.py:137} INFO - [2022-12-10T11:57:25.477+0000] {dag.py:2585} INFO - Sync 1 DAGs
[2022-12-10T11:57:25.496+0000] {logging_mixin.py:137} INFO - [2022-12-10T11:57:25.496+0000] {dag.py:3340} INFO - Setting next_dagrun for latest_only to 2022-12-10T07:57:25.495870+00:00, run_after=2022-12-10T11:57:25.495870+00:00
[2022-12-10T11:57:25.513+0000] {processor.py:176} INFO - Processing /home/airflow/.local/lib/python3.7/site-packages/airflow/example_dags/example_latest_only.py took 0.084 seconds
[2022-12-10T13:36:25.645+0000] {processor.py:154} INFO - Started process (PID=48539) to work on /home/airflow/.local/lib/python3.7/site-packages/airflow/example_dags/example_latest_only.py
[2022-12-10T13:36:25.647+0000] {processor.py:756} INFO - Processing file /home/airflow/.local/lib/python3.7/site-packages/airflow/example_dags/example_latest_only.py for tasks to queue
[2022-12-10T13:36:25.649+0000] {logging_mixin.py:137} INFO - [2022-12-10T13:36:25.649+0000] {dagbag.py:537} INFO - Filling up the DagBag from /home/airflow/.local/lib/python3.7/site-packages/airflow/example_dags/example_latest_only.py
[2022-12-10T13:36:25.659+0000] {processor.py:766} INFO - DAG(s) dict_keys(['latest_only']) retrieved from /home/airflow/.local/lib/python3.7/site-packages/airflow/example_dags/example_latest_only.py
[2022-12-10T13:36:25.687+0000] {logging_mixin.py:137} INFO - [2022-12-10T13:36:25.687+0000] {dag.py:2585} INFO - Sync 1 DAGs
[2022-12-10T13:36:25.702+0000] {logging_mixin.py:137} INFO - [2022-12-10T13:36:25.702+0000] {dag.py:3340} INFO - Setting next_dagrun for latest_only to 2022-12-10T09:36:25.702767+00:00, run_after=2022-12-10T13:36:25.702767+00:00
[2022-12-10T13:36:25.717+0000] {processor.py:176} INFO - Processing /home/airflow/.local/lib/python3.7/site-packages/airflow/example_dags/example_latest_only.py took 0.074 seconds
[2022-12-10T15:01:35.245+0000] {processor.py:154} INFO - Started process (PID=48596) to work on /home/airflow/.local/lib/python3.7/site-packages/airflow/example_dags/example_latest_only.py
[2022-12-10T15:01:35.249+0000] {processor.py:756} INFO - Processing file /home/airflow/.local/lib/python3.7/site-packages/airflow/example_dags/example_latest_only.py for tasks to queue
[2022-12-10T15:01:35.250+0000] {logging_mixin.py:137} INFO - [2022-12-10T15:01:35.250+0000] {dagbag.py:537} INFO - Filling up the DagBag from /home/airflow/.local/lib/python3.7/site-packages/airflow/example_dags/example_latest_only.py
[2022-12-10T15:01:35.262+0000] {processor.py:766} INFO - DAG(s) dict_keys(['latest_only']) retrieved from /home/airflow/.local/lib/python3.7/site-packages/airflow/example_dags/example_latest_only.py
[2022-12-10T15:01:35.302+0000] {logging_mixin.py:137} INFO - [2022-12-10T15:01:35.302+0000] {dag.py:2585} INFO - Sync 1 DAGs
[2022-12-10T15:01:35.331+0000] {logging_mixin.py:137} INFO - [2022-12-10T15:01:35.331+0000] {dag.py:3340} INFO - Setting next_dagrun for latest_only to 2022-12-10T11:01:35.330810+00:00, run_after=2022-12-10T15:01:35.330810+00:00
[2022-12-10T15:01:35.352+0000] {processor.py:176} INFO - Processing /home/airflow/.local/lib/python3.7/site-packages/airflow/example_dags/example_latest_only.py took 0.109 seconds
[2022-12-10T16:44:41.422+0000] {processor.py:154} INFO - Started process (PID=48666) to work on /home/airflow/.local/lib/python3.7/site-packages/airflow/example_dags/example_latest_only.py
[2022-12-10T16:44:41.424+0000] {processor.py:756} INFO - Processing file /home/airflow/.local/lib/python3.7/site-packages/airflow/example_dags/example_latest_only.py for tasks to queue
[2022-12-10T16:44:41.425+0000] {logging_mixin.py:137} INFO - [2022-12-10T16:44:41.425+0000] {dagbag.py:537} INFO - Filling up the DagBag from /home/airflow/.local/lib/python3.7/site-packages/airflow/example_dags/example_latest_only.py
[2022-12-10T16:44:41.436+0000] {processor.py:766} INFO - DAG(s) dict_keys(['latest_only']) retrieved from /home/airflow/.local/lib/python3.7/site-packages/airflow/example_dags/example_latest_only.py
[2022-12-10T16:44:41.466+0000] {logging_mixin.py:137} INFO - [2022-12-10T16:44:41.465+0000] {dag.py:2585} INFO - Sync 1 DAGs
[2022-12-10T16:44:41.484+0000] {logging_mixin.py:137} INFO - [2022-12-10T16:44:41.484+0000] {dag.py:3340} INFO - Setting next_dagrun for latest_only to 2022-12-10T12:44:41.484329+00:00, run_after=2022-12-10T16:44:41.484329+00:00
[2022-12-10T16:44:41.501+0000] {processor.py:176} INFO - Processing /home/airflow/.local/lib/python3.7/site-packages/airflow/example_dags/example_latest_only.py took 0.082 seconds
[2022-12-10T18:09:52.780+0000] {processor.py:154} INFO - Started process (PID=48733) to work on /home/airflow/.local/lib/python3.7/site-packages/airflow/example_dags/example_latest_only.py
[2022-12-10T18:09:52.782+0000] {processor.py:756} INFO - Processing file /home/airflow/.local/lib/python3.7/site-packages/airflow/example_dags/example_latest_only.py for tasks to queue
[2022-12-10T18:09:52.786+0000] {logging_mixin.py:137} INFO - [2022-12-10T18:09:52.786+0000] {dagbag.py:537} INFO - Filling up the DagBag from /home/airflow/.local/lib/python3.7/site-packages/airflow/example_dags/example_latest_only.py
[2022-12-10T18:09:52.797+0000] {processor.py:766} INFO - DAG(s) dict_keys(['latest_only']) retrieved from /home/airflow/.local/lib/python3.7/site-packages/airflow/example_dags/example_latest_only.py
[2022-12-10T18:09:52.828+0000] {logging_mixin.py:137} INFO - [2022-12-10T18:09:52.828+0000] {dag.py:2585} INFO - Sync 1 DAGs
[2022-12-10T18:09:52.848+0000] {logging_mixin.py:137} INFO - [2022-12-10T18:09:52.848+0000] {dag.py:3340} INFO - Setting next_dagrun for latest_only to 2022-12-10T14:09:52.847868+00:00, run_after=2022-12-10T18:09:52.847868+00:00
[2022-12-10T18:09:52.866+0000] {processor.py:176} INFO - Processing /home/airflow/.local/lib/python3.7/site-packages/airflow/example_dags/example_latest_only.py took 0.089 seconds
[2022-12-10T19:51:57.615+0000] {processor.py:154} INFO - Started process (PID=48798) to work on /home/airflow/.local/lib/python3.7/site-packages/airflow/example_dags/example_latest_only.py
[2022-12-10T19:51:57.617+0000] {processor.py:756} INFO - Processing file /home/airflow/.local/lib/python3.7/site-packages/airflow/example_dags/example_latest_only.py for tasks to queue
[2022-12-10T19:51:57.619+0000] {logging_mixin.py:137} INFO - [2022-12-10T19:51:57.619+0000] {dagbag.py:537} INFO - Filling up the DagBag from /home/airflow/.local/lib/python3.7/site-packages/airflow/example_dags/example_latest_only.py
[2022-12-10T19:51:57.631+0000] {processor.py:766} INFO - DAG(s) dict_keys(['latest_only']) retrieved from /home/airflow/.local/lib/python3.7/site-packages/airflow/example_dags/example_latest_only.py
[2022-12-10T19:51:57.662+0000] {logging_mixin.py:137} INFO - [2022-12-10T19:51:57.662+0000] {dag.py:2585} INFO - Sync 1 DAGs
[2022-12-10T19:51:57.681+0000] {logging_mixin.py:137} INFO - [2022-12-10T19:51:57.681+0000] {dag.py:3340} INFO - Setting next_dagrun for latest_only to 2022-12-10T15:51:57.681608+00:00, run_after=2022-12-10T19:51:57.681608+00:00
[2022-12-10T19:51:57.698+0000] {processor.py:176} INFO - Processing /home/airflow/.local/lib/python3.7/site-packages/airflow/example_dags/example_latest_only.py took 0.085 seconds
[2022-12-10T21:32:06.319+0000] {processor.py:154} INFO - Started process (PID=48856) to work on /home/airflow/.local/lib/python3.7/site-packages/airflow/example_dags/example_latest_only.py
[2022-12-10T21:32:06.320+0000] {processor.py:756} INFO - Processing file /home/airflow/.local/lib/python3.7/site-packages/airflow/example_dags/example_latest_only.py for tasks to queue
[2022-12-10T21:32:06.322+0000] {logging_mixin.py:137} INFO - [2022-12-10T21:32:06.322+0000] {dagbag.py:537} INFO - Filling up the DagBag from /home/airflow/.local/lib/python3.7/site-packages/airflow/example_dags/example_latest_only.py
[2022-12-10T21:32:06.330+0000] {processor.py:766} INFO - DAG(s) dict_keys(['latest_only']) retrieved from /home/airflow/.local/lib/python3.7/site-packages/airflow/example_dags/example_latest_only.py
[2022-12-10T21:32:06.357+0000] {logging_mixin.py:137} INFO - [2022-12-10T21:32:06.357+0000] {dag.py:2585} INFO - Sync 1 DAGs
[2022-12-10T21:32:06.372+0000] {logging_mixin.py:137} INFO - [2022-12-10T21:32:06.372+0000] {dag.py:3340} INFO - Setting next_dagrun for latest_only to 2022-12-10T17:32:06.372522+00:00, run_after=2022-12-10T21:32:06.372522+00:00
[2022-12-10T21:32:06.385+0000] {processor.py:176} INFO - Processing /home/airflow/.local/lib/python3.7/site-packages/airflow/example_dags/example_latest_only.py took 0.069 seconds
[2022-12-10T22:56:11.226+0000] {processor.py:154} INFO - Started process (PID=48924) to work on /home/airflow/.local/lib/python3.7/site-packages/airflow/example_dags/example_latest_only.py
[2022-12-10T22:56:11.228+0000] {processor.py:756} INFO - Processing file /home/airflow/.local/lib/python3.7/site-packages/airflow/example_dags/example_latest_only.py for tasks to queue
[2022-12-10T22:56:11.229+0000] {logging_mixin.py:137} INFO - [2022-12-10T22:56:11.229+0000] {dagbag.py:537} INFO - Filling up the DagBag from /home/airflow/.local/lib/python3.7/site-packages/airflow/example_dags/example_latest_only.py
[2022-12-10T22:56:11.239+0000] {processor.py:766} INFO - DAG(s) dict_keys(['latest_only']) retrieved from /home/airflow/.local/lib/python3.7/site-packages/airflow/example_dags/example_latest_only.py
[2022-12-10T22:56:11.267+0000] {logging_mixin.py:137} INFO - [2022-12-10T22:56:11.267+0000] {dag.py:2585} INFO - Sync 1 DAGs
[2022-12-10T22:56:11.283+0000] {logging_mixin.py:137} INFO - [2022-12-10T22:56:11.283+0000] {dag.py:3340} INFO - Setting next_dagrun for latest_only to 2022-12-10T18:56:11.282981+00:00, run_after=2022-12-10T22:56:11.282981+00:00
[2022-12-10T22:56:11.295+0000] {processor.py:176} INFO - Processing /home/airflow/.local/lib/python3.7/site-packages/airflow/example_dags/example_latest_only.py took 0.073 seconds
[2022-12-10T23:54:29.930+0000] {processor.py:154} INFO - Started process (PID=48991) to work on /home/airflow/.local/lib/python3.7/site-packages/airflow/example_dags/example_latest_only.py
[2022-12-10T23:54:29.932+0000] {processor.py:756} INFO - Processing file /home/airflow/.local/lib/python3.7/site-packages/airflow/example_dags/example_latest_only.py for tasks to queue
[2022-12-10T23:54:29.933+0000] {logging_mixin.py:137} INFO - [2022-12-10T23:54:29.933+0000] {dagbag.py:537} INFO - Filling up the DagBag from /home/airflow/.local/lib/python3.7/site-packages/airflow/example_dags/example_latest_only.py
[2022-12-10T23:54:29.945+0000] {processor.py:766} INFO - DAG(s) dict_keys(['latest_only']) retrieved from /home/airflow/.local/lib/python3.7/site-packages/airflow/example_dags/example_latest_only.py
[2022-12-10T23:54:29.974+0000] {logging_mixin.py:137} INFO - [2022-12-10T23:54:29.973+0000] {dag.py:2585} INFO - Sync 1 DAGs
[2022-12-10T23:54:29.991+0000] {logging_mixin.py:137} INFO - [2022-12-10T23:54:29.991+0000] {dag.py:3340} INFO - Setting next_dagrun for latest_only to 2022-12-10T19:54:29.991407+00:00, run_after=2022-12-10T23:54:29.991407+00:00
[2022-12-10T23:54:30.004+0000] {processor.py:176} INFO - Processing /home/airflow/.local/lib/python3.7/site-packages/airflow/example_dags/example_latest_only.py took 0.076 seconds
