[2022-12-10T01:13:57.581+0000] {processor.py:154} INFO - Started process (PID=47964) to work on /home/airflow/.local/lib/python3.7/site-packages/airflow/example_dags/example_branch_day_of_week_operator.py
[2022-12-10T01:13:57.582+0000] {processor.py:756} INFO - Processing file /home/airflow/.local/lib/python3.7/site-packages/airflow/example_dags/example_branch_day_of_week_operator.py for tasks to queue
[2022-12-10T01:13:57.583+0000] {logging_mixin.py:137} INFO - [2022-12-10T01:13:57.583+0000] {dagbag.py:537} INFO - Filling up the DagBag from /home/airflow/.local/lib/python3.7/site-packages/airflow/example_dags/example_branch_day_of_week_operator.py
[2022-12-10T01:13:57.595+0000] {processor.py:766} INFO - DAG(s) dict_keys(['example_weekday_branch_operator']) retrieved from /home/airflow/.local/lib/python3.7/site-packages/airflow/example_dags/example_branch_day_of_week_operator.py
[2022-12-10T01:13:57.624+0000] {logging_mixin.py:137} INFO - [2022-12-10T01:13:57.624+0000] {dag.py:2585} INFO - Sync 1 DAGs
[2022-12-10T01:13:57.647+0000] {logging_mixin.py:137} INFO - [2022-12-10T01:13:57.647+0000] {dag.py:3340} INFO - Setting next_dagrun for example_weekday_branch_operator to 2022-12-09T00:00:00+00:00, run_after=2022-12-10T00:00:00+00:00
[2022-12-10T01:13:57.659+0000] {processor.py:176} INFO - Processing /home/airflow/.local/lib/python3.7/site-packages/airflow/example_dags/example_branch_day_of_week_operator.py took 0.081 seconds
[2022-12-10T02:35:31.279+0000] {processor.py:154} INFO - Started process (PID=48021) to work on /home/airflow/.local/lib/python3.7/site-packages/airflow/example_dags/example_branch_day_of_week_operator.py
[2022-12-10T02:35:31.282+0000] {processor.py:756} INFO - Processing file /home/airflow/.local/lib/python3.7/site-packages/airflow/example_dags/example_branch_day_of_week_operator.py for tasks to queue
[2022-12-10T02:35:31.283+0000] {logging_mixin.py:137} INFO - [2022-12-10T02:35:31.283+0000] {dagbag.py:537} INFO - Filling up the DagBag from /home/airflow/.local/lib/python3.7/site-packages/airflow/example_dags/example_branch_day_of_week_operator.py
[2022-12-10T02:35:31.298+0000] {processor.py:766} INFO - DAG(s) dict_keys(['example_weekday_branch_operator']) retrieved from /home/airflow/.local/lib/python3.7/site-packages/airflow/example_dags/example_branch_day_of_week_operator.py
[2022-12-10T02:35:31.342+0000] {logging_mixin.py:137} INFO - [2022-12-10T02:35:31.342+0000] {dag.py:2585} INFO - Sync 1 DAGs
[2022-12-10T02:35:31.361+0000] {logging_mixin.py:137} INFO - [2022-12-10T02:35:31.361+0000] {dag.py:3340} INFO - Setting next_dagrun for example_weekday_branch_operator to 2022-12-09T00:00:00+00:00, run_after=2022-12-10T00:00:00+00:00
[2022-12-10T02:35:31.374+0000] {processor.py:176} INFO - Processing /home/airflow/.local/lib/python3.7/site-packages/airflow/example_dags/example_branch_day_of_week_operator.py took 0.097 seconds
[2022-12-10T03:43:52.132+0000] {processor.py:154} INFO - Started process (PID=48086) to work on /home/airflow/.local/lib/python3.7/site-packages/airflow/example_dags/example_branch_day_of_week_operator.py
[2022-12-10T03:43:52.134+0000] {processor.py:756} INFO - Processing file /home/airflow/.local/lib/python3.7/site-packages/airflow/example_dags/example_branch_day_of_week_operator.py for tasks to queue
[2022-12-10T03:43:52.136+0000] {logging_mixin.py:137} INFO - [2022-12-10T03:43:52.135+0000] {dagbag.py:537} INFO - Filling up the DagBag from /home/airflow/.local/lib/python3.7/site-packages/airflow/example_dags/example_branch_day_of_week_operator.py
[2022-12-10T03:43:52.148+0000] {processor.py:766} INFO - DAG(s) dict_keys(['example_weekday_branch_operator']) retrieved from /home/airflow/.local/lib/python3.7/site-packages/airflow/example_dags/example_branch_day_of_week_operator.py
[2022-12-10T03:43:52.177+0000] {logging_mixin.py:137} INFO - [2022-12-10T03:43:52.177+0000] {dag.py:2585} INFO - Sync 1 DAGs
[2022-12-10T03:43:52.195+0000] {logging_mixin.py:137} INFO - [2022-12-10T03:43:52.195+0000] {dag.py:3340} INFO - Setting next_dagrun for example_weekday_branch_operator to 2022-12-09T00:00:00+00:00, run_after=2022-12-10T00:00:00+00:00
[2022-12-10T03:43:52.212+0000] {processor.py:176} INFO - Processing /home/airflow/.local/lib/python3.7/site-packages/airflow/example_dags/example_branch_day_of_week_operator.py took 0.083 seconds
[2022-12-10T04:16:20.677+0000] {processor.py:154} INFO - Started process (PID=48153) to work on /home/airflow/.local/lib/python3.7/site-packages/airflow/example_dags/example_branch_day_of_week_operator.py
[2022-12-10T04:16:20.680+0000] {processor.py:756} INFO - Processing file /home/airflow/.local/lib/python3.7/site-packages/airflow/example_dags/example_branch_day_of_week_operator.py for tasks to queue
[2022-12-10T04:16:20.681+0000] {logging_mixin.py:137} INFO - [2022-12-10T04:16:20.681+0000] {dagbag.py:537} INFO - Filling up the DagBag from /home/airflow/.local/lib/python3.7/site-packages/airflow/example_dags/example_branch_day_of_week_operator.py
[2022-12-10T04:16:20.693+0000] {processor.py:766} INFO - DAG(s) dict_keys(['example_weekday_branch_operator']) retrieved from /home/airflow/.local/lib/python3.7/site-packages/airflow/example_dags/example_branch_day_of_week_operator.py
[2022-12-10T04:16:20.720+0000] {logging_mixin.py:137} INFO - [2022-12-10T04:16:20.720+0000] {dag.py:2585} INFO - Sync 1 DAGs
[2022-12-10T04:16:20.737+0000] {logging_mixin.py:137} INFO - [2022-12-10T04:16:20.737+0000] {dag.py:3340} INFO - Setting next_dagrun for example_weekday_branch_operator to 2022-12-09T00:00:00+00:00, run_after=2022-12-10T00:00:00+00:00
[2022-12-10T04:16:20.751+0000] {processor.py:176} INFO - Processing /home/airflow/.local/lib/python3.7/site-packages/airflow/example_dags/example_branch_day_of_week_operator.py took 0.076 seconds
[2022-12-10T05:54:54.734+0000] {processor.py:154} INFO - Started process (PID=48221) to work on /home/airflow/.local/lib/python3.7/site-packages/airflow/example_dags/example_branch_day_of_week_operator.py
[2022-12-10T05:54:54.736+0000] {processor.py:756} INFO - Processing file /home/airflow/.local/lib/python3.7/site-packages/airflow/example_dags/example_branch_day_of_week_operator.py for tasks to queue
[2022-12-10T05:54:54.737+0000] {logging_mixin.py:137} INFO - [2022-12-10T05:54:54.737+0000] {dagbag.py:537} INFO - Filling up the DagBag from /home/airflow/.local/lib/python3.7/site-packages/airflow/example_dags/example_branch_day_of_week_operator.py
[2022-12-10T05:54:54.749+0000] {processor.py:766} INFO - DAG(s) dict_keys(['example_weekday_branch_operator']) retrieved from /home/airflow/.local/lib/python3.7/site-packages/airflow/example_dags/example_branch_day_of_week_operator.py
[2022-12-10T05:54:54.781+0000] {logging_mixin.py:137} INFO - [2022-12-10T05:54:54.781+0000] {dag.py:2585} INFO - Sync 1 DAGs
[2022-12-10T05:54:54.803+0000] {logging_mixin.py:137} INFO - [2022-12-10T05:54:54.803+0000] {dag.py:3340} INFO - Setting next_dagrun for example_weekday_branch_operator to 2022-12-09T00:00:00+00:00, run_after=2022-12-10T00:00:00+00:00
[2022-12-10T05:54:54.818+0000] {processor.py:176} INFO - Processing /home/airflow/.local/lib/python3.7/site-packages/airflow/example_dags/example_branch_day_of_week_operator.py took 0.087 seconds
[2022-12-10T07:18:17.409+0000] {processor.py:154} INFO - Started process (PID=48280) to work on /home/airflow/.local/lib/python3.7/site-packages/airflow/example_dags/example_branch_day_of_week_operator.py
[2022-12-10T07:18:17.412+0000] {processor.py:756} INFO - Processing file /home/airflow/.local/lib/python3.7/site-packages/airflow/example_dags/example_branch_day_of_week_operator.py for tasks to queue
[2022-12-10T07:18:17.417+0000] {logging_mixin.py:137} INFO - [2022-12-10T07:18:17.416+0000] {dagbag.py:537} INFO - Filling up the DagBag from /home/airflow/.local/lib/python3.7/site-packages/airflow/example_dags/example_branch_day_of_week_operator.py
[2022-12-10T07:18:17.433+0000] {processor.py:766} INFO - DAG(s) dict_keys(['example_weekday_branch_operator']) retrieved from /home/airflow/.local/lib/python3.7/site-packages/airflow/example_dags/example_branch_day_of_week_operator.py
[2022-12-10T07:18:17.470+0000] {logging_mixin.py:137} INFO - [2022-12-10T07:18:17.470+0000] {dag.py:2585} INFO - Sync 1 DAGs
[2022-12-10T07:18:17.486+0000] {logging_mixin.py:137} INFO - [2022-12-10T07:18:17.486+0000] {dag.py:3340} INFO - Setting next_dagrun for example_weekday_branch_operator to 2022-12-09T00:00:00+00:00, run_after=2022-12-10T00:00:00+00:00
[2022-12-10T07:18:17.501+0000] {processor.py:176} INFO - Processing /home/airflow/.local/lib/python3.7/site-packages/airflow/example_dags/example_branch_day_of_week_operator.py took 0.095 seconds
[2022-12-10T08:58:59.542+0000] {processor.py:154} INFO - Started process (PID=48348) to work on /home/airflow/.local/lib/python3.7/site-packages/airflow/example_dags/example_branch_day_of_week_operator.py
[2022-12-10T08:58:59.543+0000] {processor.py:756} INFO - Processing file /home/airflow/.local/lib/python3.7/site-packages/airflow/example_dags/example_branch_day_of_week_operator.py for tasks to queue
[2022-12-10T08:58:59.545+0000] {logging_mixin.py:137} INFO - [2022-12-10T08:58:59.544+0000] {dagbag.py:537} INFO - Filling up the DagBag from /home/airflow/.local/lib/python3.7/site-packages/airflow/example_dags/example_branch_day_of_week_operator.py
[2022-12-10T08:58:59.556+0000] {processor.py:766} INFO - DAG(s) dict_keys(['example_weekday_branch_operator']) retrieved from /home/airflow/.local/lib/python3.7/site-packages/airflow/example_dags/example_branch_day_of_week_operator.py
[2022-12-10T08:58:59.584+0000] {logging_mixin.py:137} INFO - [2022-12-10T08:58:59.584+0000] {dag.py:2585} INFO - Sync 1 DAGs
[2022-12-10T08:58:59.606+0000] {logging_mixin.py:137} INFO - [2022-12-10T08:58:59.606+0000] {dag.py:3340} INFO - Setting next_dagrun for example_weekday_branch_operator to 2022-12-09T00:00:00+00:00, run_after=2022-12-10T00:00:00+00:00
[2022-12-10T08:58:59.618+0000] {processor.py:176} INFO - Processing /home/airflow/.local/lib/python3.7/site-packages/airflow/example_dags/example_branch_day_of_week_operator.py took 0.079 seconds
[2022-12-10T10:34:18.655+0000] {processor.py:154} INFO - Started process (PID=48415) to work on /home/airflow/.local/lib/python3.7/site-packages/airflow/example_dags/example_branch_day_of_week_operator.py
[2022-12-10T10:34:18.658+0000] {processor.py:756} INFO - Processing file /home/airflow/.local/lib/python3.7/site-packages/airflow/example_dags/example_branch_day_of_week_operator.py for tasks to queue
[2022-12-10T10:34:18.659+0000] {logging_mixin.py:137} INFO - [2022-12-10T10:34:18.659+0000] {dagbag.py:537} INFO - Filling up the DagBag from /home/airflow/.local/lib/python3.7/site-packages/airflow/example_dags/example_branch_day_of_week_operator.py
[2022-12-10T10:34:18.670+0000] {processor.py:766} INFO - DAG(s) dict_keys(['example_weekday_branch_operator']) retrieved from /home/airflow/.local/lib/python3.7/site-packages/airflow/example_dags/example_branch_day_of_week_operator.py
[2022-12-10T10:34:18.700+0000] {logging_mixin.py:137} INFO - [2022-12-10T10:34:18.700+0000] {dag.py:2585} INFO - Sync 1 DAGs
[2022-12-10T10:34:18.715+0000] {logging_mixin.py:137} INFO - [2022-12-10T10:34:18.715+0000] {dag.py:3340} INFO - Setting next_dagrun for example_weekday_branch_operator to 2022-12-09T00:00:00+00:00, run_after=2022-12-10T00:00:00+00:00
[2022-12-10T10:34:18.728+0000] {processor.py:176} INFO - Processing /home/airflow/.local/lib/python3.7/site-packages/airflow/example_dags/example_branch_day_of_week_operator.py took 0.075 seconds
[2022-12-10T11:57:26.171+0000] {processor.py:154} INFO - Started process (PID=48483) to work on /home/airflow/.local/lib/python3.7/site-packages/airflow/example_dags/example_branch_day_of_week_operator.py
[2022-12-10T11:57:26.173+0000] {processor.py:756} INFO - Processing file /home/airflow/.local/lib/python3.7/site-packages/airflow/example_dags/example_branch_day_of_week_operator.py for tasks to queue
[2022-12-10T11:57:26.175+0000] {logging_mixin.py:137} INFO - [2022-12-10T11:57:26.174+0000] {dagbag.py:537} INFO - Filling up the DagBag from /home/airflow/.local/lib/python3.7/site-packages/airflow/example_dags/example_branch_day_of_week_operator.py
[2022-12-10T11:57:26.188+0000] {processor.py:766} INFO - DAG(s) dict_keys(['example_weekday_branch_operator']) retrieved from /home/airflow/.local/lib/python3.7/site-packages/airflow/example_dags/example_branch_day_of_week_operator.py
[2022-12-10T11:57:26.221+0000] {logging_mixin.py:137} INFO - [2022-12-10T11:57:26.221+0000] {dag.py:2585} INFO - Sync 1 DAGs
[2022-12-10T11:57:26.239+0000] {logging_mixin.py:137} INFO - [2022-12-10T11:57:26.239+0000] {dag.py:3340} INFO - Setting next_dagrun for example_weekday_branch_operator to 2022-12-09T00:00:00+00:00, run_after=2022-12-10T00:00:00+00:00
[2022-12-10T11:57:26.253+0000] {processor.py:176} INFO - Processing /home/airflow/.local/lib/python3.7/site-packages/airflow/example_dags/example_branch_day_of_week_operator.py took 0.084 seconds
[2022-12-10T13:36:26.323+0000] {processor.py:154} INFO - Started process (PID=48550) to work on /home/airflow/.local/lib/python3.7/site-packages/airflow/example_dags/example_branch_day_of_week_operator.py
[2022-12-10T13:36:26.325+0000] {processor.py:756} INFO - Processing file /home/airflow/.local/lib/python3.7/site-packages/airflow/example_dags/example_branch_day_of_week_operator.py for tasks to queue
[2022-12-10T13:36:26.326+0000] {logging_mixin.py:137} INFO - [2022-12-10T13:36:26.326+0000] {dagbag.py:537} INFO - Filling up the DagBag from /home/airflow/.local/lib/python3.7/site-packages/airflow/example_dags/example_branch_day_of_week_operator.py
[2022-12-10T13:36:26.339+0000] {processor.py:766} INFO - DAG(s) dict_keys(['example_weekday_branch_operator']) retrieved from /home/airflow/.local/lib/python3.7/site-packages/airflow/example_dags/example_branch_day_of_week_operator.py
[2022-12-10T13:36:26.371+0000] {logging_mixin.py:137} INFO - [2022-12-10T13:36:26.370+0000] {dag.py:2585} INFO - Sync 1 DAGs
[2022-12-10T13:36:26.388+0000] {logging_mixin.py:137} INFO - [2022-12-10T13:36:26.388+0000] {dag.py:3340} INFO - Setting next_dagrun for example_weekday_branch_operator to 2022-12-09T00:00:00+00:00, run_after=2022-12-10T00:00:00+00:00
[2022-12-10T13:36:26.400+0000] {processor.py:176} INFO - Processing /home/airflow/.local/lib/python3.7/site-packages/airflow/example_dags/example_branch_day_of_week_operator.py took 0.080 seconds
[2022-12-10T15:01:36.033+0000] {processor.py:154} INFO - Started process (PID=48607) to work on /home/airflow/.local/lib/python3.7/site-packages/airflow/example_dags/example_branch_day_of_week_operator.py
[2022-12-10T15:01:36.034+0000] {processor.py:756} INFO - Processing file /home/airflow/.local/lib/python3.7/site-packages/airflow/example_dags/example_branch_day_of_week_operator.py for tasks to queue
[2022-12-10T15:01:36.036+0000] {logging_mixin.py:137} INFO - [2022-12-10T15:01:36.036+0000] {dagbag.py:537} INFO - Filling up the DagBag from /home/airflow/.local/lib/python3.7/site-packages/airflow/example_dags/example_branch_day_of_week_operator.py
[2022-12-10T15:01:36.054+0000] {processor.py:766} INFO - DAG(s) dict_keys(['example_weekday_branch_operator']) retrieved from /home/airflow/.local/lib/python3.7/site-packages/airflow/example_dags/example_branch_day_of_week_operator.py
[2022-12-10T15:01:36.087+0000] {logging_mixin.py:137} INFO - [2022-12-10T15:01:36.087+0000] {dag.py:2585} INFO - Sync 1 DAGs
[2022-12-10T15:01:36.104+0000] {logging_mixin.py:137} INFO - [2022-12-10T15:01:36.103+0000] {dag.py:3340} INFO - Setting next_dagrun for example_weekday_branch_operator to 2022-12-09T00:00:00+00:00, run_after=2022-12-10T00:00:00+00:00
[2022-12-10T15:01:36.121+0000] {processor.py:176} INFO - Processing /home/airflow/.local/lib/python3.7/site-packages/airflow/example_dags/example_branch_day_of_week_operator.py took 0.091 seconds
[2022-12-10T16:44:42.062+0000] {processor.py:154} INFO - Started process (PID=48677) to work on /home/airflow/.local/lib/python3.7/site-packages/airflow/example_dags/example_branch_day_of_week_operator.py
[2022-12-10T16:44:42.063+0000] {processor.py:756} INFO - Processing file /home/airflow/.local/lib/python3.7/site-packages/airflow/example_dags/example_branch_day_of_week_operator.py for tasks to queue
[2022-12-10T16:44:42.064+0000] {logging_mixin.py:137} INFO - [2022-12-10T16:44:42.064+0000] {dagbag.py:537} INFO - Filling up the DagBag from /home/airflow/.local/lib/python3.7/site-packages/airflow/example_dags/example_branch_day_of_week_operator.py
[2022-12-10T16:44:42.076+0000] {processor.py:766} INFO - DAG(s) dict_keys(['example_weekday_branch_operator']) retrieved from /home/airflow/.local/lib/python3.7/site-packages/airflow/example_dags/example_branch_day_of_week_operator.py
[2022-12-10T16:44:42.106+0000] {logging_mixin.py:137} INFO - [2022-12-10T16:44:42.106+0000] {dag.py:2585} INFO - Sync 1 DAGs
[2022-12-10T16:44:42.129+0000] {logging_mixin.py:137} INFO - [2022-12-10T16:44:42.128+0000] {dag.py:3340} INFO - Setting next_dagrun for example_weekday_branch_operator to 2022-12-09T00:00:00+00:00, run_after=2022-12-10T00:00:00+00:00
[2022-12-10T16:44:42.145+0000] {processor.py:176} INFO - Processing /home/airflow/.local/lib/python3.7/site-packages/airflow/example_dags/example_branch_day_of_week_operator.py took 0.086 seconds
[2022-12-10T18:09:53.458+0000] {processor.py:154} INFO - Started process (PID=48744) to work on /home/airflow/.local/lib/python3.7/site-packages/airflow/example_dags/example_branch_day_of_week_operator.py
[2022-12-10T18:09:53.460+0000] {processor.py:756} INFO - Processing file /home/airflow/.local/lib/python3.7/site-packages/airflow/example_dags/example_branch_day_of_week_operator.py for tasks to queue
[2022-12-10T18:09:53.462+0000] {logging_mixin.py:137} INFO - [2022-12-10T18:09:53.462+0000] {dagbag.py:537} INFO - Filling up the DagBag from /home/airflow/.local/lib/python3.7/site-packages/airflow/example_dags/example_branch_day_of_week_operator.py
[2022-12-10T18:09:53.474+0000] {processor.py:766} INFO - DAG(s) dict_keys(['example_weekday_branch_operator']) retrieved from /home/airflow/.local/lib/python3.7/site-packages/airflow/example_dags/example_branch_day_of_week_operator.py
[2022-12-10T18:09:53.510+0000] {logging_mixin.py:137} INFO - [2022-12-10T18:09:53.510+0000] {dag.py:2585} INFO - Sync 1 DAGs
[2022-12-10T18:09:53.532+0000] {logging_mixin.py:137} INFO - [2022-12-10T18:09:53.532+0000] {dag.py:3340} INFO - Setting next_dagrun for example_weekday_branch_operator to 2022-12-09T00:00:00+00:00, run_after=2022-12-10T00:00:00+00:00
[2022-12-10T18:09:53.549+0000] {processor.py:176} INFO - Processing /home/airflow/.local/lib/python3.7/site-packages/airflow/example_dags/example_branch_day_of_week_operator.py took 0.094 seconds
[2022-12-10T19:51:58.263+0000] {processor.py:154} INFO - Started process (PID=48809) to work on /home/airflow/.local/lib/python3.7/site-packages/airflow/example_dags/example_branch_day_of_week_operator.py
[2022-12-10T19:51:58.264+0000] {processor.py:756} INFO - Processing file /home/airflow/.local/lib/python3.7/site-packages/airflow/example_dags/example_branch_day_of_week_operator.py for tasks to queue
[2022-12-10T19:51:58.265+0000] {logging_mixin.py:137} INFO - [2022-12-10T19:51:58.265+0000] {dagbag.py:537} INFO - Filling up the DagBag from /home/airflow/.local/lib/python3.7/site-packages/airflow/example_dags/example_branch_day_of_week_operator.py
[2022-12-10T19:51:58.276+0000] {processor.py:766} INFO - DAG(s) dict_keys(['example_weekday_branch_operator']) retrieved from /home/airflow/.local/lib/python3.7/site-packages/airflow/example_dags/example_branch_day_of_week_operator.py
[2022-12-10T19:51:58.302+0000] {logging_mixin.py:137} INFO - [2022-12-10T19:51:58.302+0000] {dag.py:2585} INFO - Sync 1 DAGs
[2022-12-10T19:51:58.316+0000] {logging_mixin.py:137} INFO - [2022-12-10T19:51:58.316+0000] {dag.py:3340} INFO - Setting next_dagrun for example_weekday_branch_operator to 2022-12-09T00:00:00+00:00, run_after=2022-12-10T00:00:00+00:00
[2022-12-10T19:51:58.327+0000] {processor.py:176} INFO - Processing /home/airflow/.local/lib/python3.7/site-packages/airflow/example_dags/example_branch_day_of_week_operator.py took 0.067 seconds
[2022-12-10T21:32:06.930+0000] {processor.py:154} INFO - Started process (PID=48867) to work on /home/airflow/.local/lib/python3.7/site-packages/airflow/example_dags/example_branch_day_of_week_operator.py
[2022-12-10T21:32:06.932+0000] {processor.py:756} INFO - Processing file /home/airflow/.local/lib/python3.7/site-packages/airflow/example_dags/example_branch_day_of_week_operator.py for tasks to queue
[2022-12-10T21:32:06.934+0000] {logging_mixin.py:137} INFO - [2022-12-10T21:32:06.934+0000] {dagbag.py:537} INFO - Filling up the DagBag from /home/airflow/.local/lib/python3.7/site-packages/airflow/example_dags/example_branch_day_of_week_operator.py
[2022-12-10T21:32:06.946+0000] {processor.py:766} INFO - DAG(s) dict_keys(['example_weekday_branch_operator']) retrieved from /home/airflow/.local/lib/python3.7/site-packages/airflow/example_dags/example_branch_day_of_week_operator.py
[2022-12-10T21:32:06.975+0000] {logging_mixin.py:137} INFO - [2022-12-10T21:32:06.975+0000] {dag.py:2585} INFO - Sync 1 DAGs
[2022-12-10T21:32:06.992+0000] {logging_mixin.py:137} INFO - [2022-12-10T21:32:06.992+0000] {dag.py:3340} INFO - Setting next_dagrun for example_weekday_branch_operator to 2022-12-09T00:00:00+00:00, run_after=2022-12-10T00:00:00+00:00
[2022-12-10T21:32:07.004+0000] {processor.py:176} INFO - Processing /home/airflow/.local/lib/python3.7/site-packages/airflow/example_dags/example_branch_day_of_week_operator.py took 0.076 seconds
[2022-12-10T22:56:12.154+0000] {processor.py:154} INFO - Started process (PID=48935) to work on /home/airflow/.local/lib/python3.7/site-packages/airflow/example_dags/example_branch_day_of_week_operator.py
[2022-12-10T22:56:12.157+0000] {processor.py:756} INFO - Processing file /home/airflow/.local/lib/python3.7/site-packages/airflow/example_dags/example_branch_day_of_week_operator.py for tasks to queue
[2022-12-10T22:56:12.158+0000] {logging_mixin.py:137} INFO - [2022-12-10T22:56:12.158+0000] {dagbag.py:537} INFO - Filling up the DagBag from /home/airflow/.local/lib/python3.7/site-packages/airflow/example_dags/example_branch_day_of_week_operator.py
[2022-12-10T22:56:12.178+0000] {processor.py:766} INFO - DAG(s) dict_keys(['example_weekday_branch_operator']) retrieved from /home/airflow/.local/lib/python3.7/site-packages/airflow/example_dags/example_branch_day_of_week_operator.py
[2022-12-10T22:56:12.216+0000] {logging_mixin.py:137} INFO - [2022-12-10T22:56:12.215+0000] {dag.py:2585} INFO - Sync 1 DAGs
[2022-12-10T22:56:12.241+0000] {logging_mixin.py:137} INFO - [2022-12-10T22:56:12.241+0000] {dag.py:3340} INFO - Setting next_dagrun for example_weekday_branch_operator to 2022-12-09T00:00:00+00:00, run_after=2022-12-10T00:00:00+00:00
[2022-12-10T22:56:12.257+0000] {processor.py:176} INFO - Processing /home/airflow/.local/lib/python3.7/site-packages/airflow/example_dags/example_branch_day_of_week_operator.py took 0.106 seconds
[2022-12-10T23:54:30.593+0000] {processor.py:154} INFO - Started process (PID=49002) to work on /home/airflow/.local/lib/python3.7/site-packages/airflow/example_dags/example_branch_day_of_week_operator.py
[2022-12-10T23:54:30.595+0000] {processor.py:756} INFO - Processing file /home/airflow/.local/lib/python3.7/site-packages/airflow/example_dags/example_branch_day_of_week_operator.py for tasks to queue
[2022-12-10T23:54:30.596+0000] {logging_mixin.py:137} INFO - [2022-12-10T23:54:30.596+0000] {dagbag.py:537} INFO - Filling up the DagBag from /home/airflow/.local/lib/python3.7/site-packages/airflow/example_dags/example_branch_day_of_week_operator.py
[2022-12-10T23:54:30.612+0000] {processor.py:766} INFO - DAG(s) dict_keys(['example_weekday_branch_operator']) retrieved from /home/airflow/.local/lib/python3.7/site-packages/airflow/example_dags/example_branch_day_of_week_operator.py
[2022-12-10T23:54:30.642+0000] {logging_mixin.py:137} INFO - [2022-12-10T23:54:30.642+0000] {dag.py:2585} INFO - Sync 1 DAGs
[2022-12-10T23:54:30.659+0000] {logging_mixin.py:137} INFO - [2022-12-10T23:54:30.659+0000] {dag.py:3340} INFO - Setting next_dagrun for example_weekday_branch_operator to 2022-12-09T00:00:00+00:00, run_after=2022-12-10T00:00:00+00:00
[2022-12-10T23:54:30.671+0000] {processor.py:176} INFO - Processing /home/airflow/.local/lib/python3.7/site-packages/airflow/example_dags/example_branch_day_of_week_operator.py took 0.080 seconds
