[2022-12-10T01:13:57.526+0000] {processor.py:154} INFO - Started process (PID=47963) to work on /home/airflow/.local/lib/python3.7/site-packages/airflow/example_dags/example_xcomargs.py
[2022-12-10T01:13:57.527+0000] {processor.py:756} INFO - Processing file /home/airflow/.local/lib/python3.7/site-packages/airflow/example_dags/example_xcomargs.py for tasks to queue
[2022-12-10T01:13:57.528+0000] {logging_mixin.py:137} INFO - [2022-12-10T01:13:57.528+0000] {dagbag.py:537} INFO - Filling up the DagBag from /home/airflow/.local/lib/python3.7/site-packages/airflow/example_dags/example_xcomargs.py
[2022-12-10T01:13:57.544+0000] {processor.py:766} INFO - DAG(s) dict_keys(['example_xcom_args_with_operators', 'example_xcom_args']) retrieved from /home/airflow/.local/lib/python3.7/site-packages/airflow/example_dags/example_xcomargs.py
[2022-12-10T01:13:57.574+0000] {logging_mixin.py:137} INFO - [2022-12-10T01:13:57.574+0000] {dag.py:2585} INFO - Sync 2 DAGs
[2022-12-10T01:13:57.592+0000] {logging_mixin.py:137} INFO - [2022-12-10T01:13:57.592+0000] {dag.py:3340} INFO - Setting next_dagrun for example_xcom_args to None, run_after=None
[2022-12-10T01:13:57.596+0000] {logging_mixin.py:137} INFO - [2022-12-10T01:13:57.596+0000] {dag.py:3340} INFO - Setting next_dagrun for example_xcom_args_with_operators to None, run_after=None
[2022-12-10T01:13:57.607+0000] {processor.py:176} INFO - Processing /home/airflow/.local/lib/python3.7/site-packages/airflow/example_dags/example_xcomargs.py took 0.084 seconds
[2022-12-10T02:35:31.188+0000] {processor.py:154} INFO - Started process (PID=48020) to work on /home/airflow/.local/lib/python3.7/site-packages/airflow/example_dags/example_xcomargs.py
[2022-12-10T02:35:31.191+0000] {processor.py:756} INFO - Processing file /home/airflow/.local/lib/python3.7/site-packages/airflow/example_dags/example_xcomargs.py for tasks to queue
[2022-12-10T02:35:31.193+0000] {logging_mixin.py:137} INFO - [2022-12-10T02:35:31.193+0000] {dagbag.py:537} INFO - Filling up the DagBag from /home/airflow/.local/lib/python3.7/site-packages/airflow/example_dags/example_xcomargs.py
[2022-12-10T02:35:31.215+0000] {processor.py:766} INFO - DAG(s) dict_keys(['example_xcom_args_with_operators', 'example_xcom_args']) retrieved from /home/airflow/.local/lib/python3.7/site-packages/airflow/example_dags/example_xcomargs.py
[2022-12-10T02:35:31.250+0000] {logging_mixin.py:137} INFO - [2022-12-10T02:35:31.250+0000] {dag.py:2585} INFO - Sync 2 DAGs
[2022-12-10T02:35:31.272+0000] {logging_mixin.py:137} INFO - [2022-12-10T02:35:31.271+0000] {dag.py:3340} INFO - Setting next_dagrun for example_xcom_args to None, run_after=None
[2022-12-10T02:35:31.275+0000] {logging_mixin.py:137} INFO - [2022-12-10T02:35:31.275+0000] {dag.py:3340} INFO - Setting next_dagrun for example_xcom_args_with_operators to None, run_after=None
[2022-12-10T02:35:31.289+0000] {processor.py:176} INFO - Processing /home/airflow/.local/lib/python3.7/site-packages/airflow/example_dags/example_xcomargs.py took 0.104 seconds
[2022-12-10T03:43:52.096+0000] {processor.py:154} INFO - Started process (PID=48085) to work on /home/airflow/.local/lib/python3.7/site-packages/airflow/example_dags/example_xcomargs.py
[2022-12-10T03:43:52.099+0000] {processor.py:756} INFO - Processing file /home/airflow/.local/lib/python3.7/site-packages/airflow/example_dags/example_xcomargs.py for tasks to queue
[2022-12-10T03:43:52.100+0000] {logging_mixin.py:137} INFO - [2022-12-10T03:43:52.100+0000] {dagbag.py:537} INFO - Filling up the DagBag from /home/airflow/.local/lib/python3.7/site-packages/airflow/example_dags/example_xcomargs.py
[2022-12-10T03:43:52.121+0000] {processor.py:766} INFO - DAG(s) dict_keys(['example_xcom_args', 'example_xcom_args_with_operators']) retrieved from /home/airflow/.local/lib/python3.7/site-packages/airflow/example_dags/example_xcomargs.py
[2022-12-10T03:43:52.160+0000] {logging_mixin.py:137} INFO - [2022-12-10T03:43:52.160+0000] {dag.py:2585} INFO - Sync 2 DAGs
[2022-12-10T03:43:52.178+0000] {logging_mixin.py:137} INFO - [2022-12-10T03:43:52.178+0000] {dag.py:3340} INFO - Setting next_dagrun for example_xcom_args to None, run_after=None
[2022-12-10T03:43:52.182+0000] {logging_mixin.py:137} INFO - [2022-12-10T03:43:52.182+0000] {dag.py:3340} INFO - Setting next_dagrun for example_xcom_args_with_operators to None, run_after=None
[2022-12-10T03:43:52.195+0000] {processor.py:176} INFO - Processing /home/airflow/.local/lib/python3.7/site-packages/airflow/example_dags/example_xcomargs.py took 0.102 seconds
[2022-12-10T04:16:20.580+0000] {processor.py:154} INFO - Started process (PID=48152) to work on /home/airflow/.local/lib/python3.7/site-packages/airflow/example_dags/example_xcomargs.py
[2022-12-10T04:16:20.582+0000] {processor.py:756} INFO - Processing file /home/airflow/.local/lib/python3.7/site-packages/airflow/example_dags/example_xcomargs.py for tasks to queue
[2022-12-10T04:16:20.583+0000] {logging_mixin.py:137} INFO - [2022-12-10T04:16:20.583+0000] {dagbag.py:537} INFO - Filling up the DagBag from /home/airflow/.local/lib/python3.7/site-packages/airflow/example_dags/example_xcomargs.py
[2022-12-10T04:16:20.602+0000] {processor.py:766} INFO - DAG(s) dict_keys(['example_xcom_args_with_operators', 'example_xcom_args']) retrieved from /home/airflow/.local/lib/python3.7/site-packages/airflow/example_dags/example_xcomargs.py
[2022-12-10T04:16:20.638+0000] {logging_mixin.py:137} INFO - [2022-12-10T04:16:20.638+0000] {dag.py:2585} INFO - Sync 2 DAGs
[2022-12-10T04:16:20.653+0000] {logging_mixin.py:137} INFO - [2022-12-10T04:16:20.653+0000] {dag.py:3340} INFO - Setting next_dagrun for example_xcom_args to None, run_after=None
[2022-12-10T04:16:20.657+0000] {logging_mixin.py:137} INFO - [2022-12-10T04:16:20.656+0000] {dag.py:3340} INFO - Setting next_dagrun for example_xcom_args_with_operators to None, run_after=None
[2022-12-10T04:16:20.669+0000] {processor.py:176} INFO - Processing /home/airflow/.local/lib/python3.7/site-packages/airflow/example_dags/example_xcomargs.py took 0.092 seconds
[2022-12-10T05:54:54.684+0000] {processor.py:154} INFO - Started process (PID=48220) to work on /home/airflow/.local/lib/python3.7/site-packages/airflow/example_dags/example_xcomargs.py
[2022-12-10T05:54:54.686+0000] {processor.py:756} INFO - Processing file /home/airflow/.local/lib/python3.7/site-packages/airflow/example_dags/example_xcomargs.py for tasks to queue
[2022-12-10T05:54:54.687+0000] {logging_mixin.py:137} INFO - [2022-12-10T05:54:54.687+0000] {dagbag.py:537} INFO - Filling up the DagBag from /home/airflow/.local/lib/python3.7/site-packages/airflow/example_dags/example_xcomargs.py
[2022-12-10T05:54:54.705+0000] {processor.py:766} INFO - DAG(s) dict_keys(['example_xcom_args', 'example_xcom_args_with_operators']) retrieved from /home/airflow/.local/lib/python3.7/site-packages/airflow/example_dags/example_xcomargs.py
[2022-12-10T05:54:54.744+0000] {logging_mixin.py:137} INFO - [2022-12-10T05:54:54.744+0000] {dag.py:2585} INFO - Sync 2 DAGs
[2022-12-10T05:54:54.760+0000] {logging_mixin.py:137} INFO - [2022-12-10T05:54:54.760+0000] {dag.py:3340} INFO - Setting next_dagrun for example_xcom_args to None, run_after=None
[2022-12-10T05:54:54.764+0000] {logging_mixin.py:137} INFO - [2022-12-10T05:54:54.763+0000] {dag.py:3340} INFO - Setting next_dagrun for example_xcom_args_with_operators to None, run_after=None
[2022-12-10T05:54:54.778+0000] {processor.py:176} INFO - Processing /home/airflow/.local/lib/python3.7/site-packages/airflow/example_dags/example_xcomargs.py took 0.097 seconds
[2022-12-10T07:18:17.344+0000] {processor.py:154} INFO - Started process (PID=48279) to work on /home/airflow/.local/lib/python3.7/site-packages/airflow/example_dags/example_xcomargs.py
[2022-12-10T07:18:17.346+0000] {processor.py:756} INFO - Processing file /home/airflow/.local/lib/python3.7/site-packages/airflow/example_dags/example_xcomargs.py for tasks to queue
[2022-12-10T07:18:17.347+0000] {logging_mixin.py:137} INFO - [2022-12-10T07:18:17.347+0000] {dagbag.py:537} INFO - Filling up the DagBag from /home/airflow/.local/lib/python3.7/site-packages/airflow/example_dags/example_xcomargs.py
[2022-12-10T07:18:17.367+0000] {processor.py:766} INFO - DAG(s) dict_keys(['example_xcom_args', 'example_xcom_args_with_operators']) retrieved from /home/airflow/.local/lib/python3.7/site-packages/airflow/example_dags/example_xcomargs.py
[2022-12-10T07:18:17.406+0000] {logging_mixin.py:137} INFO - [2022-12-10T07:18:17.406+0000] {dag.py:2585} INFO - Sync 2 DAGs
[2022-12-10T07:18:17.426+0000] {logging_mixin.py:137} INFO - [2022-12-10T07:18:17.425+0000] {dag.py:3340} INFO - Setting next_dagrun for example_xcom_args to None, run_after=None
[2022-12-10T07:18:17.429+0000] {logging_mixin.py:137} INFO - [2022-12-10T07:18:17.429+0000] {dag.py:3340} INFO - Setting next_dagrun for example_xcom_args_with_operators to None, run_after=None
[2022-12-10T07:18:17.443+0000] {processor.py:176} INFO - Processing /home/airflow/.local/lib/python3.7/site-packages/airflow/example_dags/example_xcomargs.py took 0.102 seconds
[2022-12-10T08:58:59.503+0000] {processor.py:154} INFO - Started process (PID=48347) to work on /home/airflow/.local/lib/python3.7/site-packages/airflow/example_dags/example_xcomargs.py
[2022-12-10T08:58:59.505+0000] {processor.py:756} INFO - Processing file /home/airflow/.local/lib/python3.7/site-packages/airflow/example_dags/example_xcomargs.py for tasks to queue
[2022-12-10T08:58:59.506+0000] {logging_mixin.py:137} INFO - [2022-12-10T08:58:59.506+0000] {dagbag.py:537} INFO - Filling up the DagBag from /home/airflow/.local/lib/python3.7/site-packages/airflow/example_dags/example_xcomargs.py
[2022-12-10T08:58:59.523+0000] {processor.py:766} INFO - DAG(s) dict_keys(['example_xcom_args_with_operators', 'example_xcom_args']) retrieved from /home/airflow/.local/lib/python3.7/site-packages/airflow/example_dags/example_xcomargs.py
[2022-12-10T08:58:59.554+0000] {logging_mixin.py:137} INFO - [2022-12-10T08:58:59.554+0000] {dag.py:2585} INFO - Sync 2 DAGs
[2022-12-10T08:58:59.570+0000] {logging_mixin.py:137} INFO - [2022-12-10T08:58:59.570+0000] {dag.py:3340} INFO - Setting next_dagrun for example_xcom_args to None, run_after=None
[2022-12-10T08:58:59.573+0000] {logging_mixin.py:137} INFO - [2022-12-10T08:58:59.573+0000] {dag.py:3340} INFO - Setting next_dagrun for example_xcom_args_with_operators to None, run_after=None
[2022-12-10T08:58:59.584+0000] {processor.py:176} INFO - Processing /home/airflow/.local/lib/python3.7/site-packages/airflow/example_dags/example_xcomargs.py took 0.083 seconds
[2022-12-10T10:34:18.597+0000] {processor.py:154} INFO - Started process (PID=48414) to work on /home/airflow/.local/lib/python3.7/site-packages/airflow/example_dags/example_xcomargs.py
[2022-12-10T10:34:18.599+0000] {processor.py:756} INFO - Processing file /home/airflow/.local/lib/python3.7/site-packages/airflow/example_dags/example_xcomargs.py for tasks to queue
[2022-12-10T10:34:18.600+0000] {logging_mixin.py:137} INFO - [2022-12-10T10:34:18.600+0000] {dagbag.py:537} INFO - Filling up the DagBag from /home/airflow/.local/lib/python3.7/site-packages/airflow/example_dags/example_xcomargs.py
[2022-12-10T10:34:18.615+0000] {processor.py:766} INFO - DAG(s) dict_keys(['example_xcom_args_with_operators', 'example_xcom_args']) retrieved from /home/airflow/.local/lib/python3.7/site-packages/airflow/example_dags/example_xcomargs.py
[2022-12-10T10:34:18.646+0000] {logging_mixin.py:137} INFO - [2022-12-10T10:34:18.646+0000] {dag.py:2585} INFO - Sync 2 DAGs
[2022-12-10T10:34:18.661+0000] {logging_mixin.py:137} INFO - [2022-12-10T10:34:18.661+0000] {dag.py:3340} INFO - Setting next_dagrun for example_xcom_args to None, run_after=None
[2022-12-10T10:34:18.664+0000] {logging_mixin.py:137} INFO - [2022-12-10T10:34:18.664+0000] {dag.py:3340} INFO - Setting next_dagrun for example_xcom_args_with_operators to None, run_after=None
[2022-12-10T10:34:18.675+0000] {processor.py:176} INFO - Processing /home/airflow/.local/lib/python3.7/site-packages/airflow/example_dags/example_xcomargs.py took 0.079 seconds
[2022-12-10T11:57:26.095+0000] {processor.py:154} INFO - Started process (PID=48482) to work on /home/airflow/.local/lib/python3.7/site-packages/airflow/example_dags/example_xcomargs.py
[2022-12-10T11:57:26.099+0000] {processor.py:756} INFO - Processing file /home/airflow/.local/lib/python3.7/site-packages/airflow/example_dags/example_xcomargs.py for tasks to queue
[2022-12-10T11:57:26.100+0000] {logging_mixin.py:137} INFO - [2022-12-10T11:57:26.100+0000] {dagbag.py:537} INFO - Filling up the DagBag from /home/airflow/.local/lib/python3.7/site-packages/airflow/example_dags/example_xcomargs.py
[2022-12-10T11:57:26.119+0000] {processor.py:766} INFO - DAG(s) dict_keys(['example_xcom_args_with_operators', 'example_xcom_args']) retrieved from /home/airflow/.local/lib/python3.7/site-packages/airflow/example_dags/example_xcomargs.py
[2022-12-10T11:57:26.153+0000] {logging_mixin.py:137} INFO - [2022-12-10T11:57:26.153+0000] {dag.py:2585} INFO - Sync 2 DAGs
[2022-12-10T11:57:26.172+0000] {logging_mixin.py:137} INFO - [2022-12-10T11:57:26.172+0000] {dag.py:3340} INFO - Setting next_dagrun for example_xcom_args to None, run_after=None
[2022-12-10T11:57:26.176+0000] {logging_mixin.py:137} INFO - [2022-12-10T11:57:26.176+0000] {dag.py:3340} INFO - Setting next_dagrun for example_xcom_args_with_operators to None, run_after=None
[2022-12-10T11:57:26.189+0000] {processor.py:176} INFO - Processing /home/airflow/.local/lib/python3.7/site-packages/airflow/example_dags/example_xcomargs.py took 0.096 seconds
[2022-12-10T13:36:26.247+0000] {processor.py:154} INFO - Started process (PID=48549) to work on /home/airflow/.local/lib/python3.7/site-packages/airflow/example_dags/example_xcomargs.py
[2022-12-10T13:36:26.249+0000] {processor.py:756} INFO - Processing file /home/airflow/.local/lib/python3.7/site-packages/airflow/example_dags/example_xcomargs.py for tasks to queue
[2022-12-10T13:36:26.250+0000] {logging_mixin.py:137} INFO - [2022-12-10T13:36:26.250+0000] {dagbag.py:537} INFO - Filling up the DagBag from /home/airflow/.local/lib/python3.7/site-packages/airflow/example_dags/example_xcomargs.py
[2022-12-10T13:36:26.266+0000] {processor.py:766} INFO - DAG(s) dict_keys(['example_xcom_args', 'example_xcom_args_with_operators']) retrieved from /home/airflow/.local/lib/python3.7/site-packages/airflow/example_dags/example_xcomargs.py
[2022-12-10T13:36:26.298+0000] {logging_mixin.py:137} INFO - [2022-12-10T13:36:26.298+0000] {dag.py:2585} INFO - Sync 2 DAGs
[2022-12-10T13:36:26.316+0000] {logging_mixin.py:137} INFO - [2022-12-10T13:36:26.316+0000] {dag.py:3340} INFO - Setting next_dagrun for example_xcom_args to None, run_after=None
[2022-12-10T13:36:26.319+0000] {logging_mixin.py:137} INFO - [2022-12-10T13:36:26.319+0000] {dag.py:3340} INFO - Setting next_dagrun for example_xcom_args_with_operators to None, run_after=None
[2022-12-10T13:36:26.331+0000] {processor.py:176} INFO - Processing /home/airflow/.local/lib/python3.7/site-packages/airflow/example_dags/example_xcomargs.py took 0.087 seconds
[2022-12-10T15:01:35.961+0000] {processor.py:154} INFO - Started process (PID=48606) to work on /home/airflow/.local/lib/python3.7/site-packages/airflow/example_dags/example_xcomargs.py
[2022-12-10T15:01:35.962+0000] {processor.py:756} INFO - Processing file /home/airflow/.local/lib/python3.7/site-packages/airflow/example_dags/example_xcomargs.py for tasks to queue
[2022-12-10T15:01:35.964+0000] {logging_mixin.py:137} INFO - [2022-12-10T15:01:35.963+0000] {dagbag.py:537} INFO - Filling up the DagBag from /home/airflow/.local/lib/python3.7/site-packages/airflow/example_dags/example_xcomargs.py
[2022-12-10T15:01:35.982+0000] {processor.py:766} INFO - DAG(s) dict_keys(['example_xcom_args_with_operators', 'example_xcom_args']) retrieved from /home/airflow/.local/lib/python3.7/site-packages/airflow/example_dags/example_xcomargs.py
[2022-12-10T15:01:36.018+0000] {logging_mixin.py:137} INFO - [2022-12-10T15:01:36.018+0000] {dag.py:2585} INFO - Sync 2 DAGs
[2022-12-10T15:01:36.040+0000] {logging_mixin.py:137} INFO - [2022-12-10T15:01:36.040+0000] {dag.py:3340} INFO - Setting next_dagrun for example_xcom_args to None, run_after=None
[2022-12-10T15:01:36.044+0000] {logging_mixin.py:137} INFO - [2022-12-10T15:01:36.044+0000] {dag.py:3340} INFO - Setting next_dagrun for example_xcom_args_with_operators to None, run_after=None
[2022-12-10T15:01:36.061+0000] {processor.py:176} INFO - Processing /home/airflow/.local/lib/python3.7/site-packages/airflow/example_dags/example_xcomargs.py took 0.103 seconds
[2022-12-10T16:44:42.005+0000] {processor.py:154} INFO - Started process (PID=48676) to work on /home/airflow/.local/lib/python3.7/site-packages/airflow/example_dags/example_xcomargs.py
[2022-12-10T16:44:42.007+0000] {processor.py:756} INFO - Processing file /home/airflow/.local/lib/python3.7/site-packages/airflow/example_dags/example_xcomargs.py for tasks to queue
[2022-12-10T16:44:42.008+0000] {logging_mixin.py:137} INFO - [2022-12-10T16:44:42.008+0000] {dagbag.py:537} INFO - Filling up the DagBag from /home/airflow/.local/lib/python3.7/site-packages/airflow/example_dags/example_xcomargs.py
[2022-12-10T16:44:42.024+0000] {processor.py:766} INFO - DAG(s) dict_keys(['example_xcom_args_with_operators', 'example_xcom_args']) retrieved from /home/airflow/.local/lib/python3.7/site-packages/airflow/example_dags/example_xcomargs.py
[2022-12-10T16:44:42.055+0000] {logging_mixin.py:137} INFO - [2022-12-10T16:44:42.055+0000] {dag.py:2585} INFO - Sync 2 DAGs
[2022-12-10T16:44:42.071+0000] {logging_mixin.py:137} INFO - [2022-12-10T16:44:42.071+0000] {dag.py:3340} INFO - Setting next_dagrun for example_xcom_args to None, run_after=None
[2022-12-10T16:44:42.074+0000] {logging_mixin.py:137} INFO - [2022-12-10T16:44:42.074+0000] {dag.py:3340} INFO - Setting next_dagrun for example_xcom_args_with_operators to None, run_after=None
[2022-12-10T16:44:42.085+0000] {processor.py:176} INFO - Processing /home/airflow/.local/lib/python3.7/site-packages/airflow/example_dags/example_xcomargs.py took 0.082 seconds
[2022-12-10T18:09:53.400+0000] {processor.py:154} INFO - Started process (PID=48743) to work on /home/airflow/.local/lib/python3.7/site-packages/airflow/example_dags/example_xcomargs.py
[2022-12-10T18:09:53.403+0000] {processor.py:756} INFO - Processing file /home/airflow/.local/lib/python3.7/site-packages/airflow/example_dags/example_xcomargs.py for tasks to queue
[2022-12-10T18:09:53.405+0000] {logging_mixin.py:137} INFO - [2022-12-10T18:09:53.405+0000] {dagbag.py:537} INFO - Filling up the DagBag from /home/airflow/.local/lib/python3.7/site-packages/airflow/example_dags/example_xcomargs.py
[2022-12-10T18:09:53.423+0000] {processor.py:766} INFO - DAG(s) dict_keys(['example_xcom_args', 'example_xcom_args_with_operators']) retrieved from /home/airflow/.local/lib/python3.7/site-packages/airflow/example_dags/example_xcomargs.py
[2022-12-10T18:09:53.456+0000] {logging_mixin.py:137} INFO - [2022-12-10T18:09:53.456+0000] {dag.py:2585} INFO - Sync 2 DAGs
[2022-12-10T18:09:53.472+0000] {logging_mixin.py:137} INFO - [2022-12-10T18:09:53.472+0000] {dag.py:3340} INFO - Setting next_dagrun for example_xcom_args to None, run_after=None
[2022-12-10T18:09:53.475+0000] {logging_mixin.py:137} INFO - [2022-12-10T18:09:53.475+0000] {dag.py:3340} INFO - Setting next_dagrun for example_xcom_args_with_operators to None, run_after=None
[2022-12-10T18:09:53.486+0000] {processor.py:176} INFO - Processing /home/airflow/.local/lib/python3.7/site-packages/airflow/example_dags/example_xcomargs.py took 0.088 seconds
[2022-12-10T19:51:58.167+0000] {processor.py:154} INFO - Started process (PID=48808) to work on /home/airflow/.local/lib/python3.7/site-packages/airflow/example_dags/example_xcomargs.py
[2022-12-10T19:51:58.169+0000] {processor.py:756} INFO - Processing file /home/airflow/.local/lib/python3.7/site-packages/airflow/example_dags/example_xcomargs.py for tasks to queue
[2022-12-10T19:51:58.170+0000] {logging_mixin.py:137} INFO - [2022-12-10T19:51:58.170+0000] {dagbag.py:537} INFO - Filling up the DagBag from /home/airflow/.local/lib/python3.7/site-packages/airflow/example_dags/example_xcomargs.py
[2022-12-10T19:51:58.187+0000] {processor.py:766} INFO - DAG(s) dict_keys(['example_xcom_args', 'example_xcom_args_with_operators']) retrieved from /home/airflow/.local/lib/python3.7/site-packages/airflow/example_dags/example_xcomargs.py
[2022-12-10T19:51:58.216+0000] {logging_mixin.py:137} INFO - [2022-12-10T19:51:58.216+0000] {dag.py:2585} INFO - Sync 2 DAGs
[2022-12-10T19:51:58.230+0000] {logging_mixin.py:137} INFO - [2022-12-10T19:51:58.230+0000] {dag.py:3340} INFO - Setting next_dagrun for example_xcom_args to None, run_after=None
[2022-12-10T19:51:58.233+0000] {logging_mixin.py:137} INFO - [2022-12-10T19:51:58.233+0000] {dag.py:3340} INFO - Setting next_dagrun for example_xcom_args_with_operators to None, run_after=None
[2022-12-10T19:51:58.243+0000] {processor.py:176} INFO - Processing /home/airflow/.local/lib/python3.7/site-packages/airflow/example_dags/example_xcomargs.py took 0.078 seconds
[2022-12-10T21:32:06.852+0000] {processor.py:154} INFO - Started process (PID=48866) to work on /home/airflow/.local/lib/python3.7/site-packages/airflow/example_dags/example_xcomargs.py
[2022-12-10T21:32:06.854+0000] {processor.py:756} INFO - Processing file /home/airflow/.local/lib/python3.7/site-packages/airflow/example_dags/example_xcomargs.py for tasks to queue
[2022-12-10T21:32:06.855+0000] {logging_mixin.py:137} INFO - [2022-12-10T21:32:06.855+0000] {dagbag.py:537} INFO - Filling up the DagBag from /home/airflow/.local/lib/python3.7/site-packages/airflow/example_dags/example_xcomargs.py
[2022-12-10T21:32:06.871+0000] {processor.py:766} INFO - DAG(s) dict_keys(['example_xcom_args_with_operators', 'example_xcom_args']) retrieved from /home/airflow/.local/lib/python3.7/site-packages/airflow/example_dags/example_xcomargs.py
[2022-12-10T21:32:06.902+0000] {logging_mixin.py:137} INFO - [2022-12-10T21:32:06.902+0000] {dag.py:2585} INFO - Sync 2 DAGs
[2022-12-10T21:32:06.918+0000] {logging_mixin.py:137} INFO - [2022-12-10T21:32:06.918+0000] {dag.py:3340} INFO - Setting next_dagrun for example_xcom_args to None, run_after=None
[2022-12-10T21:32:06.922+0000] {logging_mixin.py:137} INFO - [2022-12-10T21:32:06.922+0000] {dag.py:3340} INFO - Setting next_dagrun for example_xcom_args_with_operators to None, run_after=None
[2022-12-10T21:32:06.937+0000] {processor.py:176} INFO - Processing /home/airflow/.local/lib/python3.7/site-packages/airflow/example_dags/example_xcomargs.py took 0.087 seconds
[2022-12-10T22:56:12.062+0000] {processor.py:154} INFO - Started process (PID=48934) to work on /home/airflow/.local/lib/python3.7/site-packages/airflow/example_dags/example_xcomargs.py
[2022-12-10T22:56:12.064+0000] {processor.py:756} INFO - Processing file /home/airflow/.local/lib/python3.7/site-packages/airflow/example_dags/example_xcomargs.py for tasks to queue
[2022-12-10T22:56:12.065+0000] {logging_mixin.py:137} INFO - [2022-12-10T22:56:12.065+0000] {dagbag.py:537} INFO - Filling up the DagBag from /home/airflow/.local/lib/python3.7/site-packages/airflow/example_dags/example_xcomargs.py
[2022-12-10T22:56:12.083+0000] {processor.py:766} INFO - DAG(s) dict_keys(['example_xcom_args', 'example_xcom_args_with_operators']) retrieved from /home/airflow/.local/lib/python3.7/site-packages/airflow/example_dags/example_xcomargs.py
[2022-12-10T22:56:12.123+0000] {logging_mixin.py:137} INFO - [2022-12-10T22:56:12.122+0000] {dag.py:2585} INFO - Sync 2 DAGs
[2022-12-10T22:56:12.145+0000] {logging_mixin.py:137} INFO - [2022-12-10T22:56:12.145+0000] {dag.py:3340} INFO - Setting next_dagrun for example_xcom_args to None, run_after=None
[2022-12-10T22:56:12.156+0000] {logging_mixin.py:137} INFO - [2022-12-10T22:56:12.156+0000] {dag.py:3340} INFO - Setting next_dagrun for example_xcom_args_with_operators to None, run_after=None
[2022-12-10T22:56:12.168+0000] {processor.py:176} INFO - Processing /home/airflow/.local/lib/python3.7/site-packages/airflow/example_dags/example_xcomargs.py took 0.109 seconds
[2022-12-10T23:54:30.509+0000] {processor.py:154} INFO - Started process (PID=49001) to work on /home/airflow/.local/lib/python3.7/site-packages/airflow/example_dags/example_xcomargs.py
[2022-12-10T23:54:30.511+0000] {processor.py:756} INFO - Processing file /home/airflow/.local/lib/python3.7/site-packages/airflow/example_dags/example_xcomargs.py for tasks to queue
[2022-12-10T23:54:30.513+0000] {logging_mixin.py:137} INFO - [2022-12-10T23:54:30.513+0000] {dagbag.py:537} INFO - Filling up the DagBag from /home/airflow/.local/lib/python3.7/site-packages/airflow/example_dags/example_xcomargs.py
[2022-12-10T23:54:30.529+0000] {processor.py:766} INFO - DAG(s) dict_keys(['example_xcom_args', 'example_xcom_args_with_operators']) retrieved from /home/airflow/.local/lib/python3.7/site-packages/airflow/example_dags/example_xcomargs.py
[2022-12-10T23:54:30.559+0000] {logging_mixin.py:137} INFO - [2022-12-10T23:54:30.559+0000] {dag.py:2585} INFO - Sync 2 DAGs
[2022-12-10T23:54:30.574+0000] {logging_mixin.py:137} INFO - [2022-12-10T23:54:30.574+0000] {dag.py:3340} INFO - Setting next_dagrun for example_xcom_args to None, run_after=None
[2022-12-10T23:54:30.578+0000] {logging_mixin.py:137} INFO - [2022-12-10T23:54:30.578+0000] {dag.py:3340} INFO - Setting next_dagrun for example_xcom_args_with_operators to None, run_after=None
[2022-12-10T23:54:30.590+0000] {processor.py:176} INFO - Processing /home/airflow/.local/lib/python3.7/site-packages/airflow/example_dags/example_xcomargs.py took 0.083 seconds
