[2022-12-10T01:13:57.022+0000] {processor.py:154} INFO - Started process (PID=47954) to work on /home/airflow/.local/lib/python3.7/site-packages/airflow/example_dags/example_branch_operator_decorator.py
[2022-12-10T01:13:57.024+0000] {processor.py:756} INFO - Processing file /home/airflow/.local/lib/python3.7/site-packages/airflow/example_dags/example_branch_operator_decorator.py for tasks to queue
[2022-12-10T01:13:57.025+0000] {logging_mixin.py:137} INFO - [2022-12-10T01:13:57.025+0000] {dagbag.py:537} INFO - Filling up the DagBag from /home/airflow/.local/lib/python3.7/site-packages/airflow/example_dags/example_branch_operator_decorator.py
[2022-12-10T01:13:57.042+0000] {processor.py:766} INFO - DAG(s) dict_keys(['example_branch_python_operator_decorator']) retrieved from /home/airflow/.local/lib/python3.7/site-packages/airflow/example_dags/example_branch_operator_decorator.py
[2022-12-10T01:13:57.078+0000] {logging_mixin.py:137} INFO - [2022-12-10T01:13:57.077+0000] {dag.py:2585} INFO - Sync 1 DAGs
[2022-12-10T01:13:57.095+0000] {logging_mixin.py:137} INFO - [2022-12-10T01:13:57.094+0000] {dag.py:3340} INFO - Setting next_dagrun for example_branch_python_operator_decorator to 2022-12-09T00:00:00+00:00, run_after=2022-12-10T00:00:00+00:00
[2022-12-10T01:13:57.108+0000] {processor.py:176} INFO - Processing /home/airflow/.local/lib/python3.7/site-packages/airflow/example_dags/example_branch_operator_decorator.py took 0.088 seconds
[2022-12-10T02:35:30.571+0000] {processor.py:154} INFO - Started process (PID=48011) to work on /home/airflow/.local/lib/python3.7/site-packages/airflow/example_dags/example_branch_operator_decorator.py
[2022-12-10T02:35:30.573+0000] {processor.py:756} INFO - Processing file /home/airflow/.local/lib/python3.7/site-packages/airflow/example_dags/example_branch_operator_decorator.py for tasks to queue
[2022-12-10T02:35:30.575+0000] {logging_mixin.py:137} INFO - [2022-12-10T02:35:30.575+0000] {dagbag.py:537} INFO - Filling up the DagBag from /home/airflow/.local/lib/python3.7/site-packages/airflow/example_dags/example_branch_operator_decorator.py
[2022-12-10T02:35:30.592+0000] {processor.py:766} INFO - DAG(s) dict_keys(['example_branch_python_operator_decorator']) retrieved from /home/airflow/.local/lib/python3.7/site-packages/airflow/example_dags/example_branch_operator_decorator.py
[2022-12-10T02:35:30.619+0000] {logging_mixin.py:137} INFO - [2022-12-10T02:35:30.619+0000] {dag.py:2585} INFO - Sync 1 DAGs
[2022-12-10T02:35:30.636+0000] {logging_mixin.py:137} INFO - [2022-12-10T02:35:30.636+0000] {dag.py:3340} INFO - Setting next_dagrun for example_branch_python_operator_decorator to 2022-12-09T00:00:00+00:00, run_after=2022-12-10T00:00:00+00:00
[2022-12-10T02:35:30.650+0000] {processor.py:176} INFO - Processing /home/airflow/.local/lib/python3.7/site-packages/airflow/example_dags/example_branch_operator_decorator.py took 0.081 seconds
[2022-12-10T03:43:51.353+0000] {processor.py:154} INFO - Started process (PID=48076) to work on /home/airflow/.local/lib/python3.7/site-packages/airflow/example_dags/example_branch_operator_decorator.py
[2022-12-10T03:43:51.357+0000] {processor.py:756} INFO - Processing file /home/airflow/.local/lib/python3.7/site-packages/airflow/example_dags/example_branch_operator_decorator.py for tasks to queue
[2022-12-10T03:43:51.359+0000] {logging_mixin.py:137} INFO - [2022-12-10T03:43:51.359+0000] {dagbag.py:537} INFO - Filling up the DagBag from /home/airflow/.local/lib/python3.7/site-packages/airflow/example_dags/example_branch_operator_decorator.py
[2022-12-10T03:43:51.389+0000] {processor.py:766} INFO - DAG(s) dict_keys(['example_branch_python_operator_decorator']) retrieved from /home/airflow/.local/lib/python3.7/site-packages/airflow/example_dags/example_branch_operator_decorator.py
[2022-12-10T03:43:51.448+0000] {logging_mixin.py:137} INFO - [2022-12-10T03:43:51.448+0000] {dag.py:2585} INFO - Sync 1 DAGs
[2022-12-10T03:43:51.468+0000] {logging_mixin.py:137} INFO - [2022-12-10T03:43:51.468+0000] {dag.py:3340} INFO - Setting next_dagrun for example_branch_python_operator_decorator to 2022-12-09T00:00:00+00:00, run_after=2022-12-10T00:00:00+00:00
[2022-12-10T03:43:51.483+0000] {processor.py:176} INFO - Processing /home/airflow/.local/lib/python3.7/site-packages/airflow/example_dags/example_branch_operator_decorator.py took 0.135 seconds
[2022-12-10T04:16:20.130+0000] {processor.py:154} INFO - Started process (PID=48143) to work on /home/airflow/.local/lib/python3.7/site-packages/airflow/example_dags/example_branch_operator_decorator.py
[2022-12-10T04:16:20.131+0000] {processor.py:756} INFO - Processing file /home/airflow/.local/lib/python3.7/site-packages/airflow/example_dags/example_branch_operator_decorator.py for tasks to queue
[2022-12-10T04:16:20.133+0000] {logging_mixin.py:137} INFO - [2022-12-10T04:16:20.133+0000] {dagbag.py:537} INFO - Filling up the DagBag from /home/airflow/.local/lib/python3.7/site-packages/airflow/example_dags/example_branch_operator_decorator.py
[2022-12-10T04:16:20.151+0000] {processor.py:766} INFO - DAG(s) dict_keys(['example_branch_python_operator_decorator']) retrieved from /home/airflow/.local/lib/python3.7/site-packages/airflow/example_dags/example_branch_operator_decorator.py
[2022-12-10T04:16:20.184+0000] {logging_mixin.py:137} INFO - [2022-12-10T04:16:20.184+0000] {dag.py:2585} INFO - Sync 1 DAGs
[2022-12-10T04:16:20.200+0000] {logging_mixin.py:137} INFO - [2022-12-10T04:16:20.200+0000] {dag.py:3340} INFO - Setting next_dagrun for example_branch_python_operator_decorator to 2022-12-09T00:00:00+00:00, run_after=2022-12-10T00:00:00+00:00
[2022-12-10T04:16:20.212+0000] {processor.py:176} INFO - Processing /home/airflow/.local/lib/python3.7/site-packages/airflow/example_dags/example_branch_operator_decorator.py took 0.085 seconds
[2022-12-10T05:54:54.192+0000] {processor.py:154} INFO - Started process (PID=48211) to work on /home/airflow/.local/lib/python3.7/site-packages/airflow/example_dags/example_branch_operator_decorator.py
[2022-12-10T05:54:54.194+0000] {processor.py:756} INFO - Processing file /home/airflow/.local/lib/python3.7/site-packages/airflow/example_dags/example_branch_operator_decorator.py for tasks to queue
[2022-12-10T05:54:54.195+0000] {logging_mixin.py:137} INFO - [2022-12-10T05:54:54.195+0000] {dagbag.py:537} INFO - Filling up the DagBag from /home/airflow/.local/lib/python3.7/site-packages/airflow/example_dags/example_branch_operator_decorator.py
[2022-12-10T05:54:54.211+0000] {processor.py:766} INFO - DAG(s) dict_keys(['example_branch_python_operator_decorator']) retrieved from /home/airflow/.local/lib/python3.7/site-packages/airflow/example_dags/example_branch_operator_decorator.py
[2022-12-10T05:54:54.243+0000] {logging_mixin.py:137} INFO - [2022-12-10T05:54:54.243+0000] {dag.py:2585} INFO - Sync 1 DAGs
[2022-12-10T05:54:54.260+0000] {logging_mixin.py:137} INFO - [2022-12-10T05:54:54.259+0000] {dag.py:3340} INFO - Setting next_dagrun for example_branch_python_operator_decorator to 2022-12-09T00:00:00+00:00, run_after=2022-12-10T00:00:00+00:00
[2022-12-10T05:54:54.271+0000] {processor.py:176} INFO - Processing /home/airflow/.local/lib/python3.7/site-packages/airflow/example_dags/example_branch_operator_decorator.py took 0.081 seconds
[2022-12-10T07:18:16.812+0000] {processor.py:154} INFO - Started process (PID=48270) to work on /home/airflow/.local/lib/python3.7/site-packages/airflow/example_dags/example_branch_operator_decorator.py
[2022-12-10T07:18:16.815+0000] {processor.py:756} INFO - Processing file /home/airflow/.local/lib/python3.7/site-packages/airflow/example_dags/example_branch_operator_decorator.py for tasks to queue
[2022-12-10T07:18:16.817+0000] {logging_mixin.py:137} INFO - [2022-12-10T07:18:16.817+0000] {dagbag.py:537} INFO - Filling up the DagBag from /home/airflow/.local/lib/python3.7/site-packages/airflow/example_dags/example_branch_operator_decorator.py
[2022-12-10T07:18:16.837+0000] {processor.py:766} INFO - DAG(s) dict_keys(['example_branch_python_operator_decorator']) retrieved from /home/airflow/.local/lib/python3.7/site-packages/airflow/example_dags/example_branch_operator_decorator.py
[2022-12-10T07:18:16.868+0000] {logging_mixin.py:137} INFO - [2022-12-10T07:18:16.868+0000] {dag.py:2585} INFO - Sync 1 DAGs
[2022-12-10T07:18:16.893+0000] {logging_mixin.py:137} INFO - [2022-12-10T07:18:16.893+0000] {dag.py:3340} INFO - Setting next_dagrun for example_branch_python_operator_decorator to 2022-12-09T00:00:00+00:00, run_after=2022-12-10T00:00:00+00:00
[2022-12-10T07:18:16.905+0000] {processor.py:176} INFO - Processing /home/airflow/.local/lib/python3.7/site-packages/airflow/example_dags/example_branch_operator_decorator.py took 0.095 seconds
[2022-12-10T08:58:58.365+0000] {processor.py:154} INFO - Started process (PID=48338) to work on /home/airflow/.local/lib/python3.7/site-packages/airflow/example_dags/example_branch_operator_decorator.py
[2022-12-10T08:58:58.367+0000] {processor.py:756} INFO - Processing file /home/airflow/.local/lib/python3.7/site-packages/airflow/example_dags/example_branch_operator_decorator.py for tasks to queue
[2022-12-10T08:58:58.368+0000] {logging_mixin.py:137} INFO - [2022-12-10T08:58:58.368+0000] {dagbag.py:537} INFO - Filling up the DagBag from /home/airflow/.local/lib/python3.7/site-packages/airflow/example_dags/example_branch_operator_decorator.py
[2022-12-10T08:58:58.388+0000] {processor.py:766} INFO - DAG(s) dict_keys(['example_branch_python_operator_decorator']) retrieved from /home/airflow/.local/lib/python3.7/site-packages/airflow/example_dags/example_branch_operator_decorator.py
[2022-12-10T08:58:58.421+0000] {logging_mixin.py:137} INFO - [2022-12-10T08:58:58.421+0000] {dag.py:2585} INFO - Sync 1 DAGs
[2022-12-10T08:58:58.449+0000] {logging_mixin.py:137} INFO - [2022-12-10T08:58:58.448+0000] {dag.py:3340} INFO - Setting next_dagrun for example_branch_python_operator_decorator to 2022-12-09T00:00:00+00:00, run_after=2022-12-10T00:00:00+00:00
[2022-12-10T08:58:58.468+0000] {processor.py:176} INFO - Processing /home/airflow/.local/lib/python3.7/site-packages/airflow/example_dags/example_branch_operator_decorator.py took 0.105 seconds
[2022-12-10T10:34:18.138+0000] {processor.py:154} INFO - Started process (PID=48405) to work on /home/airflow/.local/lib/python3.7/site-packages/airflow/example_dags/example_branch_operator_decorator.py
[2022-12-10T10:34:18.140+0000] {processor.py:756} INFO - Processing file /home/airflow/.local/lib/python3.7/site-packages/airflow/example_dags/example_branch_operator_decorator.py for tasks to queue
[2022-12-10T10:34:18.141+0000] {logging_mixin.py:137} INFO - [2022-12-10T10:34:18.141+0000] {dagbag.py:537} INFO - Filling up the DagBag from /home/airflow/.local/lib/python3.7/site-packages/airflow/example_dags/example_branch_operator_decorator.py
[2022-12-10T10:34:18.158+0000] {processor.py:766} INFO - DAG(s) dict_keys(['example_branch_python_operator_decorator']) retrieved from /home/airflow/.local/lib/python3.7/site-packages/airflow/example_dags/example_branch_operator_decorator.py
[2022-12-10T10:34:18.192+0000] {logging_mixin.py:137} INFO - [2022-12-10T10:34:18.192+0000] {dag.py:2585} INFO - Sync 1 DAGs
[2022-12-10T10:34:18.208+0000] {logging_mixin.py:137} INFO - [2022-12-10T10:34:18.208+0000] {dag.py:3340} INFO - Setting next_dagrun for example_branch_python_operator_decorator to 2022-12-09T00:00:00+00:00, run_after=2022-12-10T00:00:00+00:00
[2022-12-10T10:34:18.222+0000] {processor.py:176} INFO - Processing /home/airflow/.local/lib/python3.7/site-packages/airflow/example_dags/example_branch_operator_decorator.py took 0.087 seconds
[2022-12-10T11:57:25.545+0000] {processor.py:154} INFO - Started process (PID=48473) to work on /home/airflow/.local/lib/python3.7/site-packages/airflow/example_dags/example_branch_operator_decorator.py
[2022-12-10T11:57:25.547+0000] {processor.py:756} INFO - Processing file /home/airflow/.local/lib/python3.7/site-packages/airflow/example_dags/example_branch_operator_decorator.py for tasks to queue
[2022-12-10T11:57:25.550+0000] {logging_mixin.py:137} INFO - [2022-12-10T11:57:25.549+0000] {dagbag.py:537} INFO - Filling up the DagBag from /home/airflow/.local/lib/python3.7/site-packages/airflow/example_dags/example_branch_operator_decorator.py
[2022-12-10T11:57:25.575+0000] {processor.py:766} INFO - DAG(s) dict_keys(['example_branch_python_operator_decorator']) retrieved from /home/airflow/.local/lib/python3.7/site-packages/airflow/example_dags/example_branch_operator_decorator.py
[2022-12-10T11:57:25.615+0000] {logging_mixin.py:137} INFO - [2022-12-10T11:57:25.615+0000] {dag.py:2585} INFO - Sync 1 DAGs
[2022-12-10T11:57:25.636+0000] {logging_mixin.py:137} INFO - [2022-12-10T11:57:25.636+0000] {dag.py:3340} INFO - Setting next_dagrun for example_branch_python_operator_decorator to 2022-12-09T00:00:00+00:00, run_after=2022-12-10T00:00:00+00:00
[2022-12-10T11:57:25.655+0000] {processor.py:176} INFO - Processing /home/airflow/.local/lib/python3.7/site-packages/airflow/example_dags/example_branch_operator_decorator.py took 0.114 seconds
[2022-12-10T13:36:25.744+0000] {processor.py:154} INFO - Started process (PID=48540) to work on /home/airflow/.local/lib/python3.7/site-packages/airflow/example_dags/example_branch_operator_decorator.py
[2022-12-10T13:36:25.746+0000] {processor.py:756} INFO - Processing file /home/airflow/.local/lib/python3.7/site-packages/airflow/example_dags/example_branch_operator_decorator.py for tasks to queue
[2022-12-10T13:36:25.747+0000] {logging_mixin.py:137} INFO - [2022-12-10T13:36:25.747+0000] {dagbag.py:537} INFO - Filling up the DagBag from /home/airflow/.local/lib/python3.7/site-packages/airflow/example_dags/example_branch_operator_decorator.py
[2022-12-10T13:36:25.765+0000] {processor.py:766} INFO - DAG(s) dict_keys(['example_branch_python_operator_decorator']) retrieved from /home/airflow/.local/lib/python3.7/site-packages/airflow/example_dags/example_branch_operator_decorator.py
[2022-12-10T13:36:25.798+0000] {logging_mixin.py:137} INFO - [2022-12-10T13:36:25.798+0000] {dag.py:2585} INFO - Sync 1 DAGs
[2022-12-10T13:36:25.816+0000] {logging_mixin.py:137} INFO - [2022-12-10T13:36:25.816+0000] {dag.py:3340} INFO - Setting next_dagrun for example_branch_python_operator_decorator to 2022-12-09T00:00:00+00:00, run_after=2022-12-10T00:00:00+00:00
[2022-12-10T13:36:25.829+0000] {processor.py:176} INFO - Processing /home/airflow/.local/lib/python3.7/site-packages/airflow/example_dags/example_branch_operator_decorator.py took 0.088 seconds
[2022-12-10T15:01:35.394+0000] {processor.py:154} INFO - Started process (PID=48597) to work on /home/airflow/.local/lib/python3.7/site-packages/airflow/example_dags/example_branch_operator_decorator.py
[2022-12-10T15:01:35.397+0000] {processor.py:756} INFO - Processing file /home/airflow/.local/lib/python3.7/site-packages/airflow/example_dags/example_branch_operator_decorator.py for tasks to queue
[2022-12-10T15:01:35.400+0000] {logging_mixin.py:137} INFO - [2022-12-10T15:01:35.398+0000] {dagbag.py:537} INFO - Filling up the DagBag from /home/airflow/.local/lib/python3.7/site-packages/airflow/example_dags/example_branch_operator_decorator.py
[2022-12-10T15:01:35.428+0000] {processor.py:766} INFO - DAG(s) dict_keys(['example_branch_python_operator_decorator']) retrieved from /home/airflow/.local/lib/python3.7/site-packages/airflow/example_dags/example_branch_operator_decorator.py
[2022-12-10T15:01:35.469+0000] {logging_mixin.py:137} INFO - [2022-12-10T15:01:35.469+0000] {dag.py:2585} INFO - Sync 1 DAGs
[2022-12-10T15:01:35.487+0000] {logging_mixin.py:137} INFO - [2022-12-10T15:01:35.487+0000] {dag.py:3340} INFO - Setting next_dagrun for example_branch_python_operator_decorator to 2022-12-09T00:00:00+00:00, run_after=2022-12-10T00:00:00+00:00
[2022-12-10T15:01:35.503+0000] {processor.py:176} INFO - Processing /home/airflow/.local/lib/python3.7/site-packages/airflow/example_dags/example_branch_operator_decorator.py took 0.112 seconds
[2022-12-10T16:44:41.527+0000] {processor.py:154} INFO - Started process (PID=48667) to work on /home/airflow/.local/lib/python3.7/site-packages/airflow/example_dags/example_branch_operator_decorator.py
[2022-12-10T16:44:41.529+0000] {processor.py:756} INFO - Processing file /home/airflow/.local/lib/python3.7/site-packages/airflow/example_dags/example_branch_operator_decorator.py for tasks to queue
[2022-12-10T16:44:41.531+0000] {logging_mixin.py:137} INFO - [2022-12-10T16:44:41.531+0000] {dagbag.py:537} INFO - Filling up the DagBag from /home/airflow/.local/lib/python3.7/site-packages/airflow/example_dags/example_branch_operator_decorator.py
[2022-12-10T16:44:41.550+0000] {processor.py:766} INFO - DAG(s) dict_keys(['example_branch_python_operator_decorator']) retrieved from /home/airflow/.local/lib/python3.7/site-packages/airflow/example_dags/example_branch_operator_decorator.py
[2022-12-10T16:44:41.582+0000] {logging_mixin.py:137} INFO - [2022-12-10T16:44:41.582+0000] {dag.py:2585} INFO - Sync 1 DAGs
[2022-12-10T16:44:41.601+0000] {logging_mixin.py:137} INFO - [2022-12-10T16:44:41.601+0000] {dag.py:3340} INFO - Setting next_dagrun for example_branch_python_operator_decorator to 2022-12-09T00:00:00+00:00, run_after=2022-12-10T00:00:00+00:00
[2022-12-10T16:44:41.616+0000] {processor.py:176} INFO - Processing /home/airflow/.local/lib/python3.7/site-packages/airflow/example_dags/example_branch_operator_decorator.py took 0.092 seconds
[2022-12-10T18:09:52.898+0000] {processor.py:154} INFO - Started process (PID=48734) to work on /home/airflow/.local/lib/python3.7/site-packages/airflow/example_dags/example_branch_operator_decorator.py
[2022-12-10T18:09:52.900+0000] {processor.py:756} INFO - Processing file /home/airflow/.local/lib/python3.7/site-packages/airflow/example_dags/example_branch_operator_decorator.py for tasks to queue
[2022-12-10T18:09:52.902+0000] {logging_mixin.py:137} INFO - [2022-12-10T18:09:52.902+0000] {dagbag.py:537} INFO - Filling up the DagBag from /home/airflow/.local/lib/python3.7/site-packages/airflow/example_dags/example_branch_operator_decorator.py
[2022-12-10T18:09:52.921+0000] {processor.py:766} INFO - DAG(s) dict_keys(['example_branch_python_operator_decorator']) retrieved from /home/airflow/.local/lib/python3.7/site-packages/airflow/example_dags/example_branch_operator_decorator.py
[2022-12-10T18:09:52.954+0000] {logging_mixin.py:137} INFO - [2022-12-10T18:09:52.954+0000] {dag.py:2585} INFO - Sync 1 DAGs
[2022-12-10T18:09:52.972+0000] {logging_mixin.py:137} INFO - [2022-12-10T18:09:52.972+0000] {dag.py:3340} INFO - Setting next_dagrun for example_branch_python_operator_decorator to 2022-12-09T00:00:00+00:00, run_after=2022-12-10T00:00:00+00:00
[2022-12-10T18:09:52.987+0000] {processor.py:176} INFO - Processing /home/airflow/.local/lib/python3.7/site-packages/airflow/example_dags/example_branch_operator_decorator.py took 0.091 seconds
[2022-12-10T19:51:57.698+0000] {processor.py:154} INFO - Started process (PID=48799) to work on /home/airflow/.local/lib/python3.7/site-packages/airflow/example_dags/example_branch_operator_decorator.py
[2022-12-10T19:51:57.700+0000] {processor.py:756} INFO - Processing file /home/airflow/.local/lib/python3.7/site-packages/airflow/example_dags/example_branch_operator_decorator.py for tasks to queue
[2022-12-10T19:51:57.702+0000] {logging_mixin.py:137} INFO - [2022-12-10T19:51:57.702+0000] {dagbag.py:537} INFO - Filling up the DagBag from /home/airflow/.local/lib/python3.7/site-packages/airflow/example_dags/example_branch_operator_decorator.py
[2022-12-10T19:51:57.727+0000] {processor.py:766} INFO - DAG(s) dict_keys(['example_branch_python_operator_decorator']) retrieved from /home/airflow/.local/lib/python3.7/site-packages/airflow/example_dags/example_branch_operator_decorator.py
[2022-12-10T19:51:57.762+0000] {logging_mixin.py:137} INFO - [2022-12-10T19:51:57.762+0000] {dag.py:2585} INFO - Sync 1 DAGs
[2022-12-10T19:51:57.780+0000] {logging_mixin.py:137} INFO - [2022-12-10T19:51:57.780+0000] {dag.py:3340} INFO - Setting next_dagrun for example_branch_python_operator_decorator to 2022-12-09T00:00:00+00:00, run_after=2022-12-10T00:00:00+00:00
[2022-12-10T19:51:57.795+0000] {processor.py:176} INFO - Processing /home/airflow/.local/lib/python3.7/site-packages/airflow/example_dags/example_branch_operator_decorator.py took 0.100 seconds
[2022-12-10T21:32:06.408+0000] {processor.py:154} INFO - Started process (PID=48857) to work on /home/airflow/.local/lib/python3.7/site-packages/airflow/example_dags/example_branch_operator_decorator.py
[2022-12-10T21:32:06.411+0000] {processor.py:756} INFO - Processing file /home/airflow/.local/lib/python3.7/site-packages/airflow/example_dags/example_branch_operator_decorator.py for tasks to queue
[2022-12-10T21:32:06.412+0000] {logging_mixin.py:137} INFO - [2022-12-10T21:32:06.412+0000] {dagbag.py:537} INFO - Filling up the DagBag from /home/airflow/.local/lib/python3.7/site-packages/airflow/example_dags/example_branch_operator_decorator.py
[2022-12-10T21:32:06.428+0000] {processor.py:766} INFO - DAG(s) dict_keys(['example_branch_python_operator_decorator']) retrieved from /home/airflow/.local/lib/python3.7/site-packages/airflow/example_dags/example_branch_operator_decorator.py
[2022-12-10T21:32:06.456+0000] {logging_mixin.py:137} INFO - [2022-12-10T21:32:06.456+0000] {dag.py:2585} INFO - Sync 1 DAGs
[2022-12-10T21:32:06.473+0000] {logging_mixin.py:137} INFO - [2022-12-10T21:32:06.473+0000] {dag.py:3340} INFO - Setting next_dagrun for example_branch_python_operator_decorator to 2022-12-09T00:00:00+00:00, run_after=2022-12-10T00:00:00+00:00
[2022-12-10T21:32:06.486+0000] {processor.py:176} INFO - Processing /home/airflow/.local/lib/python3.7/site-packages/airflow/example_dags/example_branch_operator_decorator.py took 0.081 seconds
[2022-12-10T22:56:11.324+0000] {processor.py:154} INFO - Started process (PID=48925) to work on /home/airflow/.local/lib/python3.7/site-packages/airflow/example_dags/example_branch_operator_decorator.py
[2022-12-10T22:56:11.326+0000] {processor.py:756} INFO - Processing file /home/airflow/.local/lib/python3.7/site-packages/airflow/example_dags/example_branch_operator_decorator.py for tasks to queue
[2022-12-10T22:56:11.328+0000] {logging_mixin.py:137} INFO - [2022-12-10T22:56:11.328+0000] {dagbag.py:537} INFO - Filling up the DagBag from /home/airflow/.local/lib/python3.7/site-packages/airflow/example_dags/example_branch_operator_decorator.py
[2022-12-10T22:56:11.348+0000] {processor.py:766} INFO - DAG(s) dict_keys(['example_branch_python_operator_decorator']) retrieved from /home/airflow/.local/lib/python3.7/site-packages/airflow/example_dags/example_branch_operator_decorator.py
[2022-12-10T22:56:11.376+0000] {logging_mixin.py:137} INFO - [2022-12-10T22:56:11.375+0000] {dag.py:2585} INFO - Sync 1 DAGs
[2022-12-10T22:56:11.397+0000] {logging_mixin.py:137} INFO - [2022-12-10T22:56:11.397+0000] {dag.py:3340} INFO - Setting next_dagrun for example_branch_python_operator_decorator to 2022-12-09T00:00:00+00:00, run_after=2022-12-10T00:00:00+00:00
[2022-12-10T22:56:11.410+0000] {processor.py:176} INFO - Processing /home/airflow/.local/lib/python3.7/site-packages/airflow/example_dags/example_branch_operator_decorator.py took 0.089 seconds
[2022-12-10T23:54:30.028+0000] {processor.py:154} INFO - Started process (PID=48992) to work on /home/airflow/.local/lib/python3.7/site-packages/airflow/example_dags/example_branch_operator_decorator.py
[2022-12-10T23:54:30.030+0000] {processor.py:756} INFO - Processing file /home/airflow/.local/lib/python3.7/site-packages/airflow/example_dags/example_branch_operator_decorator.py for tasks to queue
[2022-12-10T23:54:30.031+0000] {logging_mixin.py:137} INFO - [2022-12-10T23:54:30.031+0000] {dagbag.py:537} INFO - Filling up the DagBag from /home/airflow/.local/lib/python3.7/site-packages/airflow/example_dags/example_branch_operator_decorator.py
[2022-12-10T23:54:30.049+0000] {processor.py:766} INFO - DAG(s) dict_keys(['example_branch_python_operator_decorator']) retrieved from /home/airflow/.local/lib/python3.7/site-packages/airflow/example_dags/example_branch_operator_decorator.py
[2022-12-10T23:54:30.077+0000] {logging_mixin.py:137} INFO - [2022-12-10T23:54:30.077+0000] {dag.py:2585} INFO - Sync 1 DAGs
[2022-12-10T23:54:30.095+0000] {logging_mixin.py:137} INFO - [2022-12-10T23:54:30.095+0000] {dag.py:3340} INFO - Setting next_dagrun for example_branch_python_operator_decorator to 2022-12-09T00:00:00+00:00, run_after=2022-12-10T00:00:00+00:00
[2022-12-10T23:54:30.107+0000] {processor.py:176} INFO - Processing /home/airflow/.local/lib/python3.7/site-packages/airflow/example_dags/example_branch_operator_decorator.py took 0.081 seconds
