[2022-12-10T01:13:57.302+0000] {processor.py:154} INFO - Started process (PID=47959) to work on /home/airflow/.local/lib/python3.7/site-packages/airflow/example_dags/example_branch_labels.py
[2022-12-10T01:13:57.303+0000] {processor.py:756} INFO - Processing file /home/airflow/.local/lib/python3.7/site-packages/airflow/example_dags/example_branch_labels.py for tasks to queue
[2022-12-10T01:13:57.304+0000] {logging_mixin.py:137} INFO - [2022-12-10T01:13:57.304+0000] {dagbag.py:537} INFO - Filling up the DagBag from /home/airflow/.local/lib/python3.7/site-packages/airflow/example_dags/example_branch_labels.py
[2022-12-10T01:13:57.316+0000] {processor.py:766} INFO - DAG(s) dict_keys(['example_branch_labels']) retrieved from /home/airflow/.local/lib/python3.7/site-packages/airflow/example_dags/example_branch_labels.py
[2022-12-10T01:13:57.353+0000] {logging_mixin.py:137} INFO - [2022-12-10T01:13:57.353+0000] {dag.py:2585} INFO - Sync 1 DAGs
[2022-12-10T01:13:57.373+0000] {logging_mixin.py:137} INFO - [2022-12-10T01:13:57.373+0000] {dag.py:3340} INFO - Setting next_dagrun for example_branch_labels to 2022-12-09T00:00:00+00:00, run_after=2022-12-10T00:00:00+00:00
[2022-12-10T01:13:57.388+0000] {processor.py:176} INFO - Processing /home/airflow/.local/lib/python3.7/site-packages/airflow/example_dags/example_branch_labels.py took 0.088 seconds
[2022-12-10T02:35:30.913+0000] {processor.py:154} INFO - Started process (PID=48016) to work on /home/airflow/.local/lib/python3.7/site-packages/airflow/example_dags/example_branch_labels.py
[2022-12-10T02:35:30.916+0000] {processor.py:756} INFO - Processing file /home/airflow/.local/lib/python3.7/site-packages/airflow/example_dags/example_branch_labels.py for tasks to queue
[2022-12-10T02:35:30.918+0000] {logging_mixin.py:137} INFO - [2022-12-10T02:35:30.918+0000] {dagbag.py:537} INFO - Filling up the DagBag from /home/airflow/.local/lib/python3.7/site-packages/airflow/example_dags/example_branch_labels.py
[2022-12-10T02:35:30.929+0000] {processor.py:766} INFO - DAG(s) dict_keys(['example_branch_labels']) retrieved from /home/airflow/.local/lib/python3.7/site-packages/airflow/example_dags/example_branch_labels.py
[2022-12-10T02:35:30.962+0000] {logging_mixin.py:137} INFO - [2022-12-10T02:35:30.962+0000] {dag.py:2585} INFO - Sync 1 DAGs
[2022-12-10T02:35:30.984+0000] {logging_mixin.py:137} INFO - [2022-12-10T02:35:30.983+0000] {dag.py:3340} INFO - Setting next_dagrun for example_branch_labels to 2022-12-09T00:00:00+00:00, run_after=2022-12-10T00:00:00+00:00
[2022-12-10T02:35:31.005+0000] {processor.py:176} INFO - Processing /home/airflow/.local/lib/python3.7/site-packages/airflow/example_dags/example_branch_labels.py took 0.095 seconds
[2022-12-10T03:43:51.720+0000] {processor.py:154} INFO - Started process (PID=48081) to work on /home/airflow/.local/lib/python3.7/site-packages/airflow/example_dags/example_branch_labels.py
[2022-12-10T03:43:51.723+0000] {processor.py:756} INFO - Processing file /home/airflow/.local/lib/python3.7/site-packages/airflow/example_dags/example_branch_labels.py for tasks to queue
[2022-12-10T03:43:51.725+0000] {logging_mixin.py:137} INFO - [2022-12-10T03:43:51.725+0000] {dagbag.py:537} INFO - Filling up the DagBag from /home/airflow/.local/lib/python3.7/site-packages/airflow/example_dags/example_branch_labels.py
[2022-12-10T03:43:51.749+0000] {processor.py:766} INFO - DAG(s) dict_keys(['example_branch_labels']) retrieved from /home/airflow/.local/lib/python3.7/site-packages/airflow/example_dags/example_branch_labels.py
[2022-12-10T03:43:51.823+0000] {logging_mixin.py:137} INFO - [2022-12-10T03:43:51.823+0000] {dag.py:2585} INFO - Sync 1 DAGs
[2022-12-10T03:43:51.861+0000] {logging_mixin.py:137} INFO - [2022-12-10T03:43:51.860+0000] {dag.py:3340} INFO - Setting next_dagrun for example_branch_labels to 2022-12-09T00:00:00+00:00, run_after=2022-12-10T00:00:00+00:00
[2022-12-10T03:43:51.882+0000] {processor.py:176} INFO - Processing /home/airflow/.local/lib/python3.7/site-packages/airflow/example_dags/example_branch_labels.py took 0.164 seconds
[2022-12-10T04:16:20.377+0000] {processor.py:154} INFO - Started process (PID=48148) to work on /home/airflow/.local/lib/python3.7/site-packages/airflow/example_dags/example_branch_labels.py
[2022-12-10T04:16:20.380+0000] {processor.py:756} INFO - Processing file /home/airflow/.local/lib/python3.7/site-packages/airflow/example_dags/example_branch_labels.py for tasks to queue
[2022-12-10T04:16:20.381+0000] {logging_mixin.py:137} INFO - [2022-12-10T04:16:20.381+0000] {dagbag.py:537} INFO - Filling up the DagBag from /home/airflow/.local/lib/python3.7/site-packages/airflow/example_dags/example_branch_labels.py
[2022-12-10T04:16:20.393+0000] {processor.py:766} INFO - DAG(s) dict_keys(['example_branch_labels']) retrieved from /home/airflow/.local/lib/python3.7/site-packages/airflow/example_dags/example_branch_labels.py
[2022-12-10T04:16:20.422+0000] {logging_mixin.py:137} INFO - [2022-12-10T04:16:20.421+0000] {dag.py:2585} INFO - Sync 1 DAGs
[2022-12-10T04:16:20.439+0000] {logging_mixin.py:137} INFO - [2022-12-10T04:16:20.439+0000] {dag.py:3340} INFO - Setting next_dagrun for example_branch_labels to 2022-12-09T00:00:00+00:00, run_after=2022-12-10T00:00:00+00:00
[2022-12-10T04:16:20.455+0000] {processor.py:176} INFO - Processing /home/airflow/.local/lib/python3.7/site-packages/airflow/example_dags/example_branch_labels.py took 0.080 seconds
[2022-12-10T05:54:54.472+0000] {processor.py:154} INFO - Started process (PID=48216) to work on /home/airflow/.local/lib/python3.7/site-packages/airflow/example_dags/example_branch_labels.py
[2022-12-10T05:54:54.474+0000] {processor.py:756} INFO - Processing file /home/airflow/.local/lib/python3.7/site-packages/airflow/example_dags/example_branch_labels.py for tasks to queue
[2022-12-10T05:54:54.476+0000] {logging_mixin.py:137} INFO - [2022-12-10T05:54:54.476+0000] {dagbag.py:537} INFO - Filling up the DagBag from /home/airflow/.local/lib/python3.7/site-packages/airflow/example_dags/example_branch_labels.py
[2022-12-10T05:54:54.488+0000] {processor.py:766} INFO - DAG(s) dict_keys(['example_branch_labels']) retrieved from /home/airflow/.local/lib/python3.7/site-packages/airflow/example_dags/example_branch_labels.py
[2022-12-10T05:54:54.521+0000] {logging_mixin.py:137} INFO - [2022-12-10T05:54:54.521+0000] {dag.py:2585} INFO - Sync 1 DAGs
[2022-12-10T05:54:54.538+0000] {logging_mixin.py:137} INFO - [2022-12-10T05:54:54.538+0000] {dag.py:3340} INFO - Setting next_dagrun for example_branch_labels to 2022-12-09T00:00:00+00:00, run_after=2022-12-10T00:00:00+00:00
[2022-12-10T05:54:54.551+0000] {processor.py:176} INFO - Processing /home/airflow/.local/lib/python3.7/site-packages/airflow/example_dags/example_branch_labels.py took 0.081 seconds
[2022-12-10T07:18:17.127+0000] {processor.py:154} INFO - Started process (PID=48275) to work on /home/airflow/.local/lib/python3.7/site-packages/airflow/example_dags/example_branch_labels.py
[2022-12-10T07:18:17.129+0000] {processor.py:756} INFO - Processing file /home/airflow/.local/lib/python3.7/site-packages/airflow/example_dags/example_branch_labels.py for tasks to queue
[2022-12-10T07:18:17.130+0000] {logging_mixin.py:137} INFO - [2022-12-10T07:18:17.130+0000] {dagbag.py:537} INFO - Filling up the DagBag from /home/airflow/.local/lib/python3.7/site-packages/airflow/example_dags/example_branch_labels.py
[2022-12-10T07:18:17.142+0000] {processor.py:766} INFO - DAG(s) dict_keys(['example_branch_labels']) retrieved from /home/airflow/.local/lib/python3.7/site-packages/airflow/example_dags/example_branch_labels.py
[2022-12-10T07:18:17.175+0000] {logging_mixin.py:137} INFO - [2022-12-10T07:18:17.175+0000] {dag.py:2585} INFO - Sync 1 DAGs
[2022-12-10T07:18:17.192+0000] {logging_mixin.py:137} INFO - [2022-12-10T07:18:17.192+0000] {dag.py:3340} INFO - Setting next_dagrun for example_branch_labels to 2022-12-09T00:00:00+00:00, run_after=2022-12-10T00:00:00+00:00
[2022-12-10T07:18:17.205+0000] {processor.py:176} INFO - Processing /home/airflow/.local/lib/python3.7/site-packages/airflow/example_dags/example_branch_labels.py took 0.081 seconds
[2022-12-10T08:58:59.264+0000] {processor.py:154} INFO - Started process (PID=48343) to work on /home/airflow/.local/lib/python3.7/site-packages/airflow/example_dags/example_branch_labels.py
[2022-12-10T08:58:59.272+0000] {processor.py:756} INFO - Processing file /home/airflow/.local/lib/python3.7/site-packages/airflow/example_dags/example_branch_labels.py for tasks to queue
[2022-12-10T08:58:59.275+0000] {logging_mixin.py:137} INFO - [2022-12-10T08:58:59.274+0000] {dagbag.py:537} INFO - Filling up the DagBag from /home/airflow/.local/lib/python3.7/site-packages/airflow/example_dags/example_branch_labels.py
[2022-12-10T08:58:59.295+0000] {processor.py:766} INFO - DAG(s) dict_keys(['example_branch_labels']) retrieved from /home/airflow/.local/lib/python3.7/site-packages/airflow/example_dags/example_branch_labels.py
[2022-12-10T08:58:59.329+0000] {logging_mixin.py:137} INFO - [2022-12-10T08:58:59.329+0000] {dag.py:2585} INFO - Sync 1 DAGs
[2022-12-10T08:58:59.349+0000] {logging_mixin.py:137} INFO - [2022-12-10T08:58:59.349+0000] {dag.py:3340} INFO - Setting next_dagrun for example_branch_labels to 2022-12-09T00:00:00+00:00, run_after=2022-12-10T00:00:00+00:00
[2022-12-10T08:58:59.366+0000] {processor.py:176} INFO - Processing /home/airflow/.local/lib/python3.7/site-packages/airflow/example_dags/example_branch_labels.py took 0.109 seconds
[2022-12-10T10:34:18.395+0000] {processor.py:154} INFO - Started process (PID=48410) to work on /home/airflow/.local/lib/python3.7/site-packages/airflow/example_dags/example_branch_labels.py
[2022-12-10T10:34:18.397+0000] {processor.py:756} INFO - Processing file /home/airflow/.local/lib/python3.7/site-packages/airflow/example_dags/example_branch_labels.py for tasks to queue
[2022-12-10T10:34:18.398+0000] {logging_mixin.py:137} INFO - [2022-12-10T10:34:18.398+0000] {dagbag.py:537} INFO - Filling up the DagBag from /home/airflow/.local/lib/python3.7/site-packages/airflow/example_dags/example_branch_labels.py
[2022-12-10T10:34:18.410+0000] {processor.py:766} INFO - DAG(s) dict_keys(['example_branch_labels']) retrieved from /home/airflow/.local/lib/python3.7/site-packages/airflow/example_dags/example_branch_labels.py
[2022-12-10T10:34:18.441+0000] {logging_mixin.py:137} INFO - [2022-12-10T10:34:18.441+0000] {dag.py:2585} INFO - Sync 1 DAGs
[2022-12-10T10:34:18.458+0000] {logging_mixin.py:137} INFO - [2022-12-10T10:34:18.458+0000] {dag.py:3340} INFO - Setting next_dagrun for example_branch_labels to 2022-12-09T00:00:00+00:00, run_after=2022-12-10T00:00:00+00:00
[2022-12-10T10:34:18.469+0000] {processor.py:176} INFO - Processing /home/airflow/.local/lib/python3.7/site-packages/airflow/example_dags/example_branch_labels.py took 0.076 seconds
[2022-12-10T11:57:25.843+0000] {processor.py:154} INFO - Started process (PID=48478) to work on /home/airflow/.local/lib/python3.7/site-packages/airflow/example_dags/example_branch_labels.py
[2022-12-10T11:57:25.845+0000] {processor.py:756} INFO - Processing file /home/airflow/.local/lib/python3.7/site-packages/airflow/example_dags/example_branch_labels.py for tasks to queue
[2022-12-10T11:57:25.847+0000] {logging_mixin.py:137} INFO - [2022-12-10T11:57:25.846+0000] {dagbag.py:537} INFO - Filling up the DagBag from /home/airflow/.local/lib/python3.7/site-packages/airflow/example_dags/example_branch_labels.py
[2022-12-10T11:57:25.859+0000] {processor.py:766} INFO - DAG(s) dict_keys(['example_branch_labels']) retrieved from /home/airflow/.local/lib/python3.7/site-packages/airflow/example_dags/example_branch_labels.py
[2022-12-10T11:57:25.893+0000] {logging_mixin.py:137} INFO - [2022-12-10T11:57:25.893+0000] {dag.py:2585} INFO - Sync 1 DAGs
[2022-12-10T11:57:25.913+0000] {logging_mixin.py:137} INFO - [2022-12-10T11:57:25.913+0000] {dag.py:3340} INFO - Setting next_dagrun for example_branch_labels to 2022-12-09T00:00:00+00:00, run_after=2022-12-10T00:00:00+00:00
[2022-12-10T11:57:25.929+0000] {processor.py:176} INFO - Processing /home/airflow/.local/lib/python3.7/site-packages/airflow/example_dags/example_branch_labels.py took 0.088 seconds
[2022-12-10T13:36:26.031+0000] {processor.py:154} INFO - Started process (PID=48545) to work on /home/airflow/.local/lib/python3.7/site-packages/airflow/example_dags/example_branch_labels.py
[2022-12-10T13:36:26.034+0000] {processor.py:756} INFO - Processing file /home/airflow/.local/lib/python3.7/site-packages/airflow/example_dags/example_branch_labels.py for tasks to queue
[2022-12-10T13:36:26.035+0000] {logging_mixin.py:137} INFO - [2022-12-10T13:36:26.035+0000] {dagbag.py:537} INFO - Filling up the DagBag from /home/airflow/.local/lib/python3.7/site-packages/airflow/example_dags/example_branch_labels.py
[2022-12-10T13:36:26.047+0000] {processor.py:766} INFO - DAG(s) dict_keys(['example_branch_labels']) retrieved from /home/airflow/.local/lib/python3.7/site-packages/airflow/example_dags/example_branch_labels.py
[2022-12-10T13:36:26.078+0000] {logging_mixin.py:137} INFO - [2022-12-10T13:36:26.078+0000] {dag.py:2585} INFO - Sync 1 DAGs
[2022-12-10T13:36:26.101+0000] {logging_mixin.py:137} INFO - [2022-12-10T13:36:26.101+0000] {dag.py:3340} INFO - Setting next_dagrun for example_branch_labels to 2022-12-09T00:00:00+00:00, run_after=2022-12-10T00:00:00+00:00
[2022-12-10T13:36:26.116+0000] {processor.py:176} INFO - Processing /home/airflow/.local/lib/python3.7/site-packages/airflow/example_dags/example_branch_labels.py took 0.087 seconds
[2022-12-10T15:01:35.717+0000] {processor.py:154} INFO - Started process (PID=48602) to work on /home/airflow/.local/lib/python3.7/site-packages/airflow/example_dags/example_branch_labels.py
[2022-12-10T15:01:35.718+0000] {processor.py:756} INFO - Processing file /home/airflow/.local/lib/python3.7/site-packages/airflow/example_dags/example_branch_labels.py for tasks to queue
[2022-12-10T15:01:35.720+0000] {logging_mixin.py:137} INFO - [2022-12-10T15:01:35.720+0000] {dagbag.py:537} INFO - Filling up the DagBag from /home/airflow/.local/lib/python3.7/site-packages/airflow/example_dags/example_branch_labels.py
[2022-12-10T15:01:35.734+0000] {processor.py:766} INFO - DAG(s) dict_keys(['example_branch_labels']) retrieved from /home/airflow/.local/lib/python3.7/site-packages/airflow/example_dags/example_branch_labels.py
[2022-12-10T15:01:35.779+0000] {logging_mixin.py:137} INFO - [2022-12-10T15:01:35.779+0000] {dag.py:2585} INFO - Sync 1 DAGs
[2022-12-10T15:01:35.805+0000] {logging_mixin.py:137} INFO - [2022-12-10T15:01:35.805+0000] {dag.py:3340} INFO - Setting next_dagrun for example_branch_labels to 2022-12-09T00:00:00+00:00, run_after=2022-12-10T00:00:00+00:00
[2022-12-10T15:01:35.819+0000] {processor.py:176} INFO - Processing /home/airflow/.local/lib/python3.7/site-packages/airflow/example_dags/example_branch_labels.py took 0.105 seconds
[2022-12-10T16:44:41.804+0000] {processor.py:154} INFO - Started process (PID=48672) to work on /home/airflow/.local/lib/python3.7/site-packages/airflow/example_dags/example_branch_labels.py
[2022-12-10T16:44:41.806+0000] {processor.py:756} INFO - Processing file /home/airflow/.local/lib/python3.7/site-packages/airflow/example_dags/example_branch_labels.py for tasks to queue
[2022-12-10T16:44:41.807+0000] {logging_mixin.py:137} INFO - [2022-12-10T16:44:41.807+0000] {dagbag.py:537} INFO - Filling up the DagBag from /home/airflow/.local/lib/python3.7/site-packages/airflow/example_dags/example_branch_labels.py
[2022-12-10T16:44:41.819+0000] {processor.py:766} INFO - DAG(s) dict_keys(['example_branch_labels']) retrieved from /home/airflow/.local/lib/python3.7/site-packages/airflow/example_dags/example_branch_labels.py
[2022-12-10T16:44:41.851+0000] {logging_mixin.py:137} INFO - [2022-12-10T16:44:41.851+0000] {dag.py:2585} INFO - Sync 1 DAGs
[2022-12-10T16:44:41.867+0000] {logging_mixin.py:137} INFO - [2022-12-10T16:44:41.867+0000] {dag.py:3340} INFO - Setting next_dagrun for example_branch_labels to 2022-12-09T00:00:00+00:00, run_after=2022-12-10T00:00:00+00:00
[2022-12-10T16:44:41.880+0000] {processor.py:176} INFO - Processing /home/airflow/.local/lib/python3.7/site-packages/airflow/example_dags/example_branch_labels.py took 0.078 seconds
[2022-12-10T18:09:53.182+0000] {processor.py:154} INFO - Started process (PID=48739) to work on /home/airflow/.local/lib/python3.7/site-packages/airflow/example_dags/example_branch_labels.py
[2022-12-10T18:09:53.185+0000] {processor.py:756} INFO - Processing file /home/airflow/.local/lib/python3.7/site-packages/airflow/example_dags/example_branch_labels.py for tasks to queue
[2022-12-10T18:09:53.186+0000] {logging_mixin.py:137} INFO - [2022-12-10T18:09:53.186+0000] {dagbag.py:537} INFO - Filling up the DagBag from /home/airflow/.local/lib/python3.7/site-packages/airflow/example_dags/example_branch_labels.py
[2022-12-10T18:09:53.197+0000] {processor.py:766} INFO - DAG(s) dict_keys(['example_branch_labels']) retrieved from /home/airflow/.local/lib/python3.7/site-packages/airflow/example_dags/example_branch_labels.py
[2022-12-10T18:09:53.227+0000] {logging_mixin.py:137} INFO - [2022-12-10T18:09:53.227+0000] {dag.py:2585} INFO - Sync 1 DAGs
[2022-12-10T18:09:53.244+0000] {logging_mixin.py:137} INFO - [2022-12-10T18:09:53.244+0000] {dag.py:3340} INFO - Setting next_dagrun for example_branch_labels to 2022-12-09T00:00:00+00:00, run_after=2022-12-10T00:00:00+00:00
[2022-12-10T18:09:53.258+0000] {processor.py:176} INFO - Processing /home/airflow/.local/lib/python3.7/site-packages/airflow/example_dags/example_branch_labels.py took 0.079 seconds
[2022-12-10T19:51:57.970+0000] {processor.py:154} INFO - Started process (PID=48804) to work on /home/airflow/.local/lib/python3.7/site-packages/airflow/example_dags/example_branch_labels.py
[2022-12-10T19:51:57.971+0000] {processor.py:756} INFO - Processing file /home/airflow/.local/lib/python3.7/site-packages/airflow/example_dags/example_branch_labels.py for tasks to queue
[2022-12-10T19:51:57.972+0000] {logging_mixin.py:137} INFO - [2022-12-10T19:51:57.972+0000] {dagbag.py:537} INFO - Filling up the DagBag from /home/airflow/.local/lib/python3.7/site-packages/airflow/example_dags/example_branch_labels.py
[2022-12-10T19:51:57.983+0000] {processor.py:766} INFO - DAG(s) dict_keys(['example_branch_labels']) retrieved from /home/airflow/.local/lib/python3.7/site-packages/airflow/example_dags/example_branch_labels.py
[2022-12-10T19:51:58.011+0000] {logging_mixin.py:137} INFO - [2022-12-10T19:51:58.011+0000] {dag.py:2585} INFO - Sync 1 DAGs
[2022-12-10T19:51:58.028+0000] {logging_mixin.py:137} INFO - [2022-12-10T19:51:58.028+0000] {dag.py:3340} INFO - Setting next_dagrun for example_branch_labels to 2022-12-09T00:00:00+00:00, run_after=2022-12-10T00:00:00+00:00
[2022-12-10T19:51:58.042+0000] {processor.py:176} INFO - Processing /home/airflow/.local/lib/python3.7/site-packages/airflow/example_dags/example_branch_labels.py took 0.075 seconds
[2022-12-10T21:32:06.645+0000] {processor.py:154} INFO - Started process (PID=48862) to work on /home/airflow/.local/lib/python3.7/site-packages/airflow/example_dags/example_branch_labels.py
[2022-12-10T21:32:06.647+0000] {processor.py:756} INFO - Processing file /home/airflow/.local/lib/python3.7/site-packages/airflow/example_dags/example_branch_labels.py for tasks to queue
[2022-12-10T21:32:06.648+0000] {logging_mixin.py:137} INFO - [2022-12-10T21:32:06.648+0000] {dagbag.py:537} INFO - Filling up the DagBag from /home/airflow/.local/lib/python3.7/site-packages/airflow/example_dags/example_branch_labels.py
[2022-12-10T21:32:06.658+0000] {processor.py:766} INFO - DAG(s) dict_keys(['example_branch_labels']) retrieved from /home/airflow/.local/lib/python3.7/site-packages/airflow/example_dags/example_branch_labels.py
[2022-12-10T21:32:06.686+0000] {logging_mixin.py:137} INFO - [2022-12-10T21:32:06.686+0000] {dag.py:2585} INFO - Sync 1 DAGs
[2022-12-10T21:32:06.705+0000] {logging_mixin.py:137} INFO - [2022-12-10T21:32:06.705+0000] {dag.py:3340} INFO - Setting next_dagrun for example_branch_labels to 2022-12-09T00:00:00+00:00, run_after=2022-12-10T00:00:00+00:00
[2022-12-10T21:32:06.720+0000] {processor.py:176} INFO - Processing /home/airflow/.local/lib/python3.7/site-packages/airflow/example_dags/example_branch_labels.py took 0.077 seconds
[2022-12-10T22:56:11.830+0000] {processor.py:154} INFO - Started process (PID=48930) to work on /home/airflow/.local/lib/python3.7/site-packages/airflow/example_dags/example_branch_labels.py
[2022-12-10T22:56:11.835+0000] {processor.py:756} INFO - Processing file /home/airflow/.local/lib/python3.7/site-packages/airflow/example_dags/example_branch_labels.py for tasks to queue
[2022-12-10T22:56:11.837+0000] {logging_mixin.py:137} INFO - [2022-12-10T22:56:11.836+0000] {dagbag.py:537} INFO - Filling up the DagBag from /home/airflow/.local/lib/python3.7/site-packages/airflow/example_dags/example_branch_labels.py
[2022-12-10T22:56:11.849+0000] {processor.py:766} INFO - DAG(s) dict_keys(['example_branch_labels']) retrieved from /home/airflow/.local/lib/python3.7/site-packages/airflow/example_dags/example_branch_labels.py
[2022-12-10T22:56:11.881+0000] {logging_mixin.py:137} INFO - [2022-12-10T22:56:11.881+0000] {dag.py:2585} INFO - Sync 1 DAGs
[2022-12-10T22:56:11.901+0000] {logging_mixin.py:137} INFO - [2022-12-10T22:56:11.901+0000] {dag.py:3340} INFO - Setting next_dagrun for example_branch_labels to 2022-12-09T00:00:00+00:00, run_after=2022-12-10T00:00:00+00:00
[2022-12-10T22:56:11.914+0000] {processor.py:176} INFO - Processing /home/airflow/.local/lib/python3.7/site-packages/airflow/example_dags/example_branch_labels.py took 0.087 seconds
[2022-12-10T23:54:30.308+0000] {processor.py:154} INFO - Started process (PID=48997) to work on /home/airflow/.local/lib/python3.7/site-packages/airflow/example_dags/example_branch_labels.py
[2022-12-10T23:54:30.310+0000] {processor.py:756} INFO - Processing file /home/airflow/.local/lib/python3.7/site-packages/airflow/example_dags/example_branch_labels.py for tasks to queue
[2022-12-10T23:54:30.311+0000] {logging_mixin.py:137} INFO - [2022-12-10T23:54:30.310+0000] {dagbag.py:537} INFO - Filling up the DagBag from /home/airflow/.local/lib/python3.7/site-packages/airflow/example_dags/example_branch_labels.py
[2022-12-10T23:54:30.322+0000] {processor.py:766} INFO - DAG(s) dict_keys(['example_branch_labels']) retrieved from /home/airflow/.local/lib/python3.7/site-packages/airflow/example_dags/example_branch_labels.py
[2022-12-10T23:54:30.351+0000] {logging_mixin.py:137} INFO - [2022-12-10T23:54:30.351+0000] {dag.py:2585} INFO - Sync 1 DAGs
[2022-12-10T23:54:30.368+0000] {logging_mixin.py:137} INFO - [2022-12-10T23:54:30.368+0000] {dag.py:3340} INFO - Setting next_dagrun for example_branch_labels to 2022-12-09T00:00:00+00:00, run_after=2022-12-10T00:00:00+00:00
[2022-12-10T23:54:30.382+0000] {processor.py:176} INFO - Processing /home/airflow/.local/lib/python3.7/site-packages/airflow/example_dags/example_branch_labels.py took 0.076 seconds
