[2022-12-10T01:13:53.716+0000] {processor.py:154} INFO - Started process (PID=47925) to work on /home/airflow/.local/lib/python3.7/site-packages/airflow/example_dags/example_task_group_decorator.py
[2022-12-10T01:13:53.722+0000] {processor.py:756} INFO - Processing file /home/airflow/.local/lib/python3.7/site-packages/airflow/example_dags/example_task_group_decorator.py for tasks to queue
[2022-12-10T01:13:53.724+0000] {logging_mixin.py:137} INFO - [2022-12-10T01:13:53.724+0000] {dagbag.py:537} INFO - Filling up the DagBag from /home/airflow/.local/lib/python3.7/site-packages/airflow/example_dags/example_task_group_decorator.py
[2022-12-10T01:13:53.804+0000] {processor.py:766} INFO - DAG(s) dict_keys(['example_task_group_decorator']) retrieved from /home/airflow/.local/lib/python3.7/site-packages/airflow/example_dags/example_task_group_decorator.py
[2022-12-10T01:13:53.913+0000] {logging_mixin.py:137} INFO - [2022-12-10T01:13:53.912+0000] {dag.py:2585} INFO - Sync 1 DAGs
[2022-12-10T01:13:53.981+0000] {logging_mixin.py:137} INFO - [2022-12-10T01:13:53.980+0000] {dag.py:3340} INFO - Setting next_dagrun for example_task_group_decorator to 2022-12-09T01:13:53.980747+00:00, run_after=2022-12-10T01:13:53.980747+00:00
[2022-12-10T01:13:54.033+0000] {processor.py:176} INFO - Processing /home/airflow/.local/lib/python3.7/site-packages/airflow/example_dags/example_task_group_decorator.py took 0.325 seconds
[2022-12-10T02:35:28.341+0000] {processor.py:154} INFO - Started process (PID=47990) to work on /home/airflow/.local/lib/python3.7/site-packages/airflow/example_dags/example_task_group_decorator.py
[2022-12-10T02:35:28.345+0000] {processor.py:756} INFO - Processing file /home/airflow/.local/lib/python3.7/site-packages/airflow/example_dags/example_task_group_decorator.py for tasks to queue
[2022-12-10T02:35:28.350+0000] {logging_mixin.py:137} INFO - [2022-12-10T02:35:28.349+0000] {dagbag.py:537} INFO - Filling up the DagBag from /home/airflow/.local/lib/python3.7/site-packages/airflow/example_dags/example_task_group_decorator.py
[2022-12-10T02:35:28.438+0000] {processor.py:766} INFO - DAG(s) dict_keys(['example_task_group_decorator']) retrieved from /home/airflow/.local/lib/python3.7/site-packages/airflow/example_dags/example_task_group_decorator.py
[2022-12-10T02:35:29.058+0000] {logging_mixin.py:137} INFO - [2022-12-10T02:35:29.057+0000] {dag.py:2585} INFO - Sync 1 DAGs
[2022-12-10T02:35:29.129+0000] {logging_mixin.py:137} INFO - [2022-12-10T02:35:29.129+0000] {dag.py:3340} INFO - Setting next_dagrun for example_task_group_decorator to 2022-12-09T02:35:29.129331+00:00, run_after=2022-12-10T02:35:29.129331+00:00
[2022-12-10T02:35:29.165+0000] {processor.py:176} INFO - Processing /home/airflow/.local/lib/python3.7/site-packages/airflow/example_dags/example_task_group_decorator.py took 0.843 seconds
[2022-12-10T03:43:48.973+0000] {processor.py:154} INFO - Started process (PID=48055) to work on /home/airflow/.local/lib/python3.7/site-packages/airflow/example_dags/example_task_group_decorator.py
[2022-12-10T03:43:48.981+0000] {processor.py:756} INFO - Processing file /home/airflow/.local/lib/python3.7/site-packages/airflow/example_dags/example_task_group_decorator.py for tasks to queue
[2022-12-10T03:43:48.984+0000] {logging_mixin.py:137} INFO - [2022-12-10T03:43:48.984+0000] {dagbag.py:537} INFO - Filling up the DagBag from /home/airflow/.local/lib/python3.7/site-packages/airflow/example_dags/example_task_group_decorator.py
[2022-12-10T03:43:49.085+0000] {processor.py:766} INFO - DAG(s) dict_keys(['example_task_group_decorator']) retrieved from /home/airflow/.local/lib/python3.7/site-packages/airflow/example_dags/example_task_group_decorator.py
[2022-12-10T03:43:49.142+0000] {logging_mixin.py:137} INFO - [2022-12-10T03:43:49.142+0000] {dag.py:2585} INFO - Sync 1 DAGs
[2022-12-10T03:43:49.161+0000] {logging_mixin.py:137} INFO - [2022-12-10T03:43:49.161+0000] {dag.py:3340} INFO - Setting next_dagrun for example_task_group_decorator to 2022-12-09T03:43:49.160806+00:00, run_after=2022-12-10T03:43:49.160806+00:00
[2022-12-10T03:43:49.175+0000] {processor.py:176} INFO - Processing /home/airflow/.local/lib/python3.7/site-packages/airflow/example_dags/example_task_group_decorator.py took 0.227 seconds
[2022-12-10T04:16:17.820+0000] {processor.py:154} INFO - Started process (PID=48122) to work on /home/airflow/.local/lib/python3.7/site-packages/airflow/example_dags/example_task_group_decorator.py
[2022-12-10T04:16:17.823+0000] {processor.py:756} INFO - Processing file /home/airflow/.local/lib/python3.7/site-packages/airflow/example_dags/example_task_group_decorator.py for tasks to queue
[2022-12-10T04:16:17.828+0000] {logging_mixin.py:137} INFO - [2022-12-10T04:16:17.828+0000] {dagbag.py:537} INFO - Filling up the DagBag from /home/airflow/.local/lib/python3.7/site-packages/airflow/example_dags/example_task_group_decorator.py
[2022-12-10T04:16:17.883+0000] {processor.py:766} INFO - DAG(s) dict_keys(['example_task_group_decorator']) retrieved from /home/airflow/.local/lib/python3.7/site-packages/airflow/example_dags/example_task_group_decorator.py
[2022-12-10T04:16:17.960+0000] {logging_mixin.py:137} INFO - [2022-12-10T04:16:17.960+0000] {dag.py:2585} INFO - Sync 1 DAGs
[2022-12-10T04:16:18.004+0000] {logging_mixin.py:137} INFO - [2022-12-10T04:16:18.004+0000] {dag.py:3340} INFO - Setting next_dagrun for example_task_group_decorator to 2022-12-09T04:16:18.004466+00:00, run_after=2022-12-10T04:16:18.004466+00:00
[2022-12-10T04:16:18.042+0000] {processor.py:176} INFO - Processing /home/airflow/.local/lib/python3.7/site-packages/airflow/example_dags/example_task_group_decorator.py took 0.229 seconds
[2022-12-10T05:54:52.134+0000] {processor.py:154} INFO - Started process (PID=48181) to work on /home/airflow/.local/lib/python3.7/site-packages/airflow/example_dags/example_task_group_decorator.py
[2022-12-10T05:54:52.137+0000] {processor.py:756} INFO - Processing file /home/airflow/.local/lib/python3.7/site-packages/airflow/example_dags/example_task_group_decorator.py for tasks to queue
[2022-12-10T05:54:52.141+0000] {logging_mixin.py:137} INFO - [2022-12-10T05:54:52.140+0000] {dagbag.py:537} INFO - Filling up the DagBag from /home/airflow/.local/lib/python3.7/site-packages/airflow/example_dags/example_task_group_decorator.py
[2022-12-10T05:54:52.267+0000] {processor.py:766} INFO - DAG(s) dict_keys(['example_task_group_decorator']) retrieved from /home/airflow/.local/lib/python3.7/site-packages/airflow/example_dags/example_task_group_decorator.py
[2022-12-10T05:54:52.384+0000] {logging_mixin.py:137} INFO - [2022-12-10T05:54:52.384+0000] {dag.py:2585} INFO - Sync 1 DAGs
[2022-12-10T05:54:52.423+0000] {logging_mixin.py:137} INFO - [2022-12-10T05:54:52.423+0000] {dag.py:3340} INFO - Setting next_dagrun for example_task_group_decorator to 2022-12-09T05:54:52.422781+00:00, run_after=2022-12-10T05:54:52.422781+00:00
[2022-12-10T05:54:52.454+0000] {processor.py:176} INFO - Processing /home/airflow/.local/lib/python3.7/site-packages/airflow/example_dags/example_task_group_decorator.py took 0.332 seconds
[2022-12-10T07:18:14.924+0000] {processor.py:154} INFO - Started process (PID=48249) to work on /home/airflow/.local/lib/python3.7/site-packages/airflow/example_dags/example_task_group_decorator.py
[2022-12-10T07:18:14.932+0000] {processor.py:756} INFO - Processing file /home/airflow/.local/lib/python3.7/site-packages/airflow/example_dags/example_task_group_decorator.py for tasks to queue
[2022-12-10T07:18:14.939+0000] {logging_mixin.py:137} INFO - [2022-12-10T07:18:14.938+0000] {dagbag.py:537} INFO - Filling up the DagBag from /home/airflow/.local/lib/python3.7/site-packages/airflow/example_dags/example_task_group_decorator.py
[2022-12-10T07:18:15.047+0000] {processor.py:766} INFO - DAG(s) dict_keys(['example_task_group_decorator']) retrieved from /home/airflow/.local/lib/python3.7/site-packages/airflow/example_dags/example_task_group_decorator.py
[2022-12-10T07:18:15.177+0000] {logging_mixin.py:137} INFO - [2022-12-10T07:18:15.177+0000] {dag.py:2585} INFO - Sync 1 DAGs
[2022-12-10T07:18:15.224+0000] {logging_mixin.py:137} INFO - [2022-12-10T07:18:15.223+0000] {dag.py:3340} INFO - Setting next_dagrun for example_task_group_decorator to 2022-12-09T07:18:15.223516+00:00, run_after=2022-12-10T07:18:15.223516+00:00
[2022-12-10T07:18:15.266+0000] {processor.py:176} INFO - Processing /home/airflow/.local/lib/python3.7/site-packages/airflow/example_dags/example_task_group_decorator.py took 0.370 seconds
[2022-12-10T08:58:56.604+0000] {processor.py:154} INFO - Started process (PID=48317) to work on /home/airflow/.local/lib/python3.7/site-packages/airflow/example_dags/example_task_group_decorator.py
[2022-12-10T08:58:56.621+0000] {processor.py:756} INFO - Processing file /home/airflow/.local/lib/python3.7/site-packages/airflow/example_dags/example_task_group_decorator.py for tasks to queue
[2022-12-10T08:58:56.624+0000] {logging_mixin.py:137} INFO - [2022-12-10T08:58:56.623+0000] {dagbag.py:537} INFO - Filling up the DagBag from /home/airflow/.local/lib/python3.7/site-packages/airflow/example_dags/example_task_group_decorator.py
[2022-12-10T08:58:56.709+0000] {processor.py:766} INFO - DAG(s) dict_keys(['example_task_group_decorator']) retrieved from /home/airflow/.local/lib/python3.7/site-packages/airflow/example_dags/example_task_group_decorator.py
[2022-12-10T08:58:56.809+0000] {logging_mixin.py:137} INFO - [2022-12-10T08:58:56.809+0000] {dag.py:2585} INFO - Sync 1 DAGs
[2022-12-10T08:58:56.851+0000] {logging_mixin.py:137} INFO - [2022-12-10T08:58:56.851+0000] {dag.py:3340} INFO - Setting next_dagrun for example_task_group_decorator to 2022-12-09T08:58:56.851357+00:00, run_after=2022-12-10T08:58:56.851357+00:00
[2022-12-10T08:58:56.876+0000] {processor.py:176} INFO - Processing /home/airflow/.local/lib/python3.7/site-packages/airflow/example_dags/example_task_group_decorator.py took 0.293 seconds
[2022-12-10T10:34:16.077+0000] {processor.py:154} INFO - Started process (PID=48384) to work on /home/airflow/.local/lib/python3.7/site-packages/airflow/example_dags/example_task_group_decorator.py
[2022-12-10T10:34:16.082+0000] {processor.py:756} INFO - Processing file /home/airflow/.local/lib/python3.7/site-packages/airflow/example_dags/example_task_group_decorator.py for tasks to queue
[2022-12-10T10:34:16.085+0000] {logging_mixin.py:137} INFO - [2022-12-10T10:34:16.085+0000] {dagbag.py:537} INFO - Filling up the DagBag from /home/airflow/.local/lib/python3.7/site-packages/airflow/example_dags/example_task_group_decorator.py
[2022-12-10T10:34:16.180+0000] {processor.py:766} INFO - DAG(s) dict_keys(['example_task_group_decorator']) retrieved from /home/airflow/.local/lib/python3.7/site-packages/airflow/example_dags/example_task_group_decorator.py
[2022-12-10T10:34:16.297+0000] {logging_mixin.py:137} INFO - [2022-12-10T10:34:16.297+0000] {dag.py:2585} INFO - Sync 1 DAGs
[2022-12-10T10:34:16.341+0000] {logging_mixin.py:137} INFO - [2022-12-10T10:34:16.341+0000] {dag.py:3340} INFO - Setting next_dagrun for example_task_group_decorator to 2022-12-09T10:34:16.341281+00:00, run_after=2022-12-10T10:34:16.341281+00:00
[2022-12-10T10:34:16.386+0000] {processor.py:176} INFO - Processing /home/airflow/.local/lib/python3.7/site-packages/airflow/example_dags/example_task_group_decorator.py took 0.321 seconds
[2022-12-10T11:57:23.239+0000] {processor.py:154} INFO - Started process (PID=48452) to work on /home/airflow/.local/lib/python3.7/site-packages/airflow/example_dags/example_task_group_decorator.py
[2022-12-10T11:57:23.246+0000] {processor.py:756} INFO - Processing file /home/airflow/.local/lib/python3.7/site-packages/airflow/example_dags/example_task_group_decorator.py for tasks to queue
[2022-12-10T11:57:23.249+0000] {logging_mixin.py:137} INFO - [2022-12-10T11:57:23.249+0000] {dagbag.py:537} INFO - Filling up the DagBag from /home/airflow/.local/lib/python3.7/site-packages/airflow/example_dags/example_task_group_decorator.py
[2022-12-10T11:57:23.331+0000] {processor.py:766} INFO - DAG(s) dict_keys(['example_task_group_decorator']) retrieved from /home/airflow/.local/lib/python3.7/site-packages/airflow/example_dags/example_task_group_decorator.py
[2022-12-10T11:57:23.418+0000] {logging_mixin.py:137} INFO - [2022-12-10T11:57:23.418+0000] {dag.py:2585} INFO - Sync 1 DAGs
[2022-12-10T11:57:23.461+0000] {logging_mixin.py:137} INFO - [2022-12-10T11:57:23.461+0000] {dag.py:3340} INFO - Setting next_dagrun for example_task_group_decorator to 2022-12-09T11:57:23.459528+00:00, run_after=2022-12-10T11:57:23.459528+00:00
[2022-12-10T11:57:23.509+0000] {processor.py:176} INFO - Processing /home/airflow/.local/lib/python3.7/site-packages/airflow/example_dags/example_task_group_decorator.py took 0.276 seconds
[2022-12-10T13:36:23.762+0000] {processor.py:154} INFO - Started process (PID=48509) to work on /home/airflow/.local/lib/python3.7/site-packages/airflow/example_dags/example_task_group_decorator.py
[2022-12-10T13:36:23.765+0000] {processor.py:756} INFO - Processing file /home/airflow/.local/lib/python3.7/site-packages/airflow/example_dags/example_task_group_decorator.py for tasks to queue
[2022-12-10T13:36:23.769+0000] {logging_mixin.py:137} INFO - [2022-12-10T13:36:23.768+0000] {dagbag.py:537} INFO - Filling up the DagBag from /home/airflow/.local/lib/python3.7/site-packages/airflow/example_dags/example_task_group_decorator.py
[2022-12-10T13:36:23.872+0000] {processor.py:766} INFO - DAG(s) dict_keys(['example_task_group_decorator']) retrieved from /home/airflow/.local/lib/python3.7/site-packages/airflow/example_dags/example_task_group_decorator.py
[2022-12-10T13:36:23.989+0000] {logging_mixin.py:137} INFO - [2022-12-10T13:36:23.989+0000] {dag.py:2585} INFO - Sync 1 DAGs
[2022-12-10T13:36:24.032+0000] {logging_mixin.py:137} INFO - [2022-12-10T13:36:24.032+0000] {dag.py:3340} INFO - Setting next_dagrun for example_task_group_decorator to 2022-12-09T13:36:24.031758+00:00, run_after=2022-12-10T13:36:24.031758+00:00
[2022-12-10T13:36:24.060+0000] {processor.py:176} INFO - Processing /home/airflow/.local/lib/python3.7/site-packages/airflow/example_dags/example_task_group_decorator.py took 0.310 seconds
[2022-12-10T15:01:33.143+0000] {processor.py:154} INFO - Started process (PID=48576) to work on /home/airflow/.local/lib/python3.7/site-packages/airflow/example_dags/example_task_group_decorator.py
[2022-12-10T15:01:33.150+0000] {processor.py:756} INFO - Processing file /home/airflow/.local/lib/python3.7/site-packages/airflow/example_dags/example_task_group_decorator.py for tasks to queue
[2022-12-10T15:01:33.154+0000] {logging_mixin.py:137} INFO - [2022-12-10T15:01:33.153+0000] {dagbag.py:537} INFO - Filling up the DagBag from /home/airflow/.local/lib/python3.7/site-packages/airflow/example_dags/example_task_group_decorator.py
[2022-12-10T15:01:33.240+0000] {processor.py:766} INFO - DAG(s) dict_keys(['example_task_group_decorator']) retrieved from /home/airflow/.local/lib/python3.7/site-packages/airflow/example_dags/example_task_group_decorator.py
[2022-12-10T15:01:33.834+0000] {logging_mixin.py:137} INFO - [2022-12-10T15:01:33.834+0000] {dag.py:2585} INFO - Sync 1 DAGs
[2022-12-10T15:01:33.936+0000] {logging_mixin.py:137} INFO - [2022-12-10T15:01:33.936+0000] {dag.py:3340} INFO - Setting next_dagrun for example_task_group_decorator to 2022-12-09T15:01:33.936403+00:00, run_after=2022-12-10T15:01:33.936403+00:00
[2022-12-10T15:01:33.969+0000] {processor.py:176} INFO - Processing /home/airflow/.local/lib/python3.7/site-packages/airflow/example_dags/example_task_group_decorator.py took 0.842 seconds
[2022-12-10T16:44:39.580+0000] {processor.py:154} INFO - Started process (PID=48646) to work on /home/airflow/.local/lib/python3.7/site-packages/airflow/example_dags/example_task_group_decorator.py
[2022-12-10T16:44:39.587+0000] {processor.py:756} INFO - Processing file /home/airflow/.local/lib/python3.7/site-packages/airflow/example_dags/example_task_group_decorator.py for tasks to queue
[2022-12-10T16:44:39.593+0000] {logging_mixin.py:137} INFO - [2022-12-10T16:44:39.593+0000] {dagbag.py:537} INFO - Filling up the DagBag from /home/airflow/.local/lib/python3.7/site-packages/airflow/example_dags/example_task_group_decorator.py
[2022-12-10T16:44:39.662+0000] {processor.py:766} INFO - DAG(s) dict_keys(['example_task_group_decorator']) retrieved from /home/airflow/.local/lib/python3.7/site-packages/airflow/example_dags/example_task_group_decorator.py
[2022-12-10T16:44:39.788+0000] {logging_mixin.py:137} INFO - [2022-12-10T16:44:39.788+0000] {dag.py:2585} INFO - Sync 1 DAGs
[2022-12-10T16:44:39.860+0000] {logging_mixin.py:137} INFO - [2022-12-10T16:44:39.860+0000] {dag.py:3340} INFO - Setting next_dagrun for example_task_group_decorator to 2022-12-09T16:44:39.859654+00:00, run_after=2022-12-10T16:44:39.859654+00:00
[2022-12-10T16:44:39.896+0000] {processor.py:176} INFO - Processing /home/airflow/.local/lib/python3.7/site-packages/airflow/example_dags/example_task_group_decorator.py took 0.338 seconds
[2022-12-10T18:09:50.657+0000] {processor.py:154} INFO - Started process (PID=48713) to work on /home/airflow/.local/lib/python3.7/site-packages/airflow/example_dags/example_task_group_decorator.py
[2022-12-10T18:09:50.665+0000] {processor.py:756} INFO - Processing file /home/airflow/.local/lib/python3.7/site-packages/airflow/example_dags/example_task_group_decorator.py for tasks to queue
[2022-12-10T18:09:50.667+0000] {logging_mixin.py:137} INFO - [2022-12-10T18:09:50.667+0000] {dagbag.py:537} INFO - Filling up the DagBag from /home/airflow/.local/lib/python3.7/site-packages/airflow/example_dags/example_task_group_decorator.py
[2022-12-10T18:09:50.805+0000] {processor.py:766} INFO - DAG(s) dict_keys(['example_task_group_decorator']) retrieved from /home/airflow/.local/lib/python3.7/site-packages/airflow/example_dags/example_task_group_decorator.py
[2022-12-10T18:09:50.927+0000] {logging_mixin.py:137} INFO - [2022-12-10T18:09:50.927+0000] {dag.py:2585} INFO - Sync 1 DAGs
[2022-12-10T18:09:50.989+0000] {logging_mixin.py:137} INFO - [2022-12-10T18:09:50.989+0000] {dag.py:3340} INFO - Setting next_dagrun for example_task_group_decorator to 2022-12-09T18:09:50.989053+00:00, run_after=2022-12-10T18:09:50.989053+00:00
[2022-12-10T18:09:51.018+0000] {processor.py:176} INFO - Processing /home/airflow/.local/lib/python3.7/site-packages/airflow/example_dags/example_task_group_decorator.py took 0.373 seconds
[2022-12-10T19:51:55.100+0000] {processor.py:154} INFO - Started process (PID=48770) to work on /home/airflow/.local/lib/python3.7/site-packages/airflow/example_dags/example_task_group_decorator.py
[2022-12-10T19:51:55.107+0000] {processor.py:756} INFO - Processing file /home/airflow/.local/lib/python3.7/site-packages/airflow/example_dags/example_task_group_decorator.py for tasks to queue
[2022-12-10T19:51:55.110+0000] {logging_mixin.py:137} INFO - [2022-12-10T19:51:55.109+0000] {dagbag.py:537} INFO - Filling up the DagBag from /home/airflow/.local/lib/python3.7/site-packages/airflow/example_dags/example_task_group_decorator.py
[2022-12-10T19:51:55.182+0000] {processor.py:766} INFO - DAG(s) dict_keys(['example_task_group_decorator']) retrieved from /home/airflow/.local/lib/python3.7/site-packages/airflow/example_dags/example_task_group_decorator.py
[2022-12-10T19:51:55.287+0000] {logging_mixin.py:137} INFO - [2022-12-10T19:51:55.287+0000] {dag.py:2585} INFO - Sync 1 DAGs
[2022-12-10T19:51:55.331+0000] {logging_mixin.py:137} INFO - [2022-12-10T19:51:55.331+0000] {dag.py:3340} INFO - Setting next_dagrun for example_task_group_decorator to 2022-12-09T19:51:55.330662+00:00, run_after=2022-12-10T19:51:55.330662+00:00
[2022-12-10T19:51:55.365+0000] {processor.py:176} INFO - Processing /home/airflow/.local/lib/python3.7/site-packages/airflow/example_dags/example_task_group_decorator.py took 0.275 seconds
[2022-12-10T21:32:04.759+0000] {processor.py:154} INFO - Started process (PID=48836) to work on /home/airflow/.local/lib/python3.7/site-packages/airflow/example_dags/example_task_group_decorator.py
[2022-12-10T21:32:04.766+0000] {processor.py:756} INFO - Processing file /home/airflow/.local/lib/python3.7/site-packages/airflow/example_dags/example_task_group_decorator.py for tasks to queue
[2022-12-10T21:32:04.768+0000] {logging_mixin.py:137} INFO - [2022-12-10T21:32:04.768+0000] {dagbag.py:537} INFO - Filling up the DagBag from /home/airflow/.local/lib/python3.7/site-packages/airflow/example_dags/example_task_group_decorator.py
[2022-12-10T21:32:04.860+0000] {processor.py:766} INFO - DAG(s) dict_keys(['example_task_group_decorator']) retrieved from /home/airflow/.local/lib/python3.7/site-packages/airflow/example_dags/example_task_group_decorator.py
[2022-12-10T21:32:04.937+0000] {logging_mixin.py:137} INFO - [2022-12-10T21:32:04.937+0000] {dag.py:2585} INFO - Sync 1 DAGs
[2022-12-10T21:32:04.984+0000] {logging_mixin.py:137} INFO - [2022-12-10T21:32:04.983+0000] {dag.py:3340} INFO - Setting next_dagrun for example_task_group_decorator to 2022-12-09T21:32:04.983676+00:00, run_after=2022-12-10T21:32:04.983676+00:00
[2022-12-10T21:32:05.027+0000] {processor.py:176} INFO - Processing /home/airflow/.local/lib/python3.7/site-packages/airflow/example_dags/example_task_group_decorator.py took 0.274 seconds
[2022-12-10T22:56:09.008+0000] {processor.py:154} INFO - Started process (PID=48904) to work on /home/airflow/.local/lib/python3.7/site-packages/airflow/example_dags/example_task_group_decorator.py
[2022-12-10T22:56:09.012+0000] {processor.py:756} INFO - Processing file /home/airflow/.local/lib/python3.7/site-packages/airflow/example_dags/example_task_group_decorator.py for tasks to queue
[2022-12-10T22:56:09.016+0000] {logging_mixin.py:137} INFO - [2022-12-10T22:56:09.016+0000] {dagbag.py:537} INFO - Filling up the DagBag from /home/airflow/.local/lib/python3.7/site-packages/airflow/example_dags/example_task_group_decorator.py
[2022-12-10T22:56:09.097+0000] {processor.py:766} INFO - DAG(s) dict_keys(['example_task_group_decorator']) retrieved from /home/airflow/.local/lib/python3.7/site-packages/airflow/example_dags/example_task_group_decorator.py
[2022-12-10T22:56:09.213+0000] {logging_mixin.py:137} INFO - [2022-12-10T22:56:09.212+0000] {dag.py:2585} INFO - Sync 1 DAGs
[2022-12-10T22:56:09.263+0000] {logging_mixin.py:137} INFO - [2022-12-10T22:56:09.263+0000] {dag.py:3340} INFO - Setting next_dagrun for example_task_group_decorator to 2022-12-09T22:56:09.262924+00:00, run_after=2022-12-10T22:56:09.262924+00:00
[2022-12-10T22:56:09.300+0000] {processor.py:176} INFO - Processing /home/airflow/.local/lib/python3.7/site-packages/airflow/example_dags/example_task_group_decorator.py took 0.309 seconds
[2022-12-10T23:54:28.285+0000] {processor.py:154} INFO - Started process (PID=48971) to work on /home/airflow/.local/lib/python3.7/site-packages/airflow/example_dags/example_task_group_decorator.py
[2022-12-10T23:54:28.289+0000] {processor.py:756} INFO - Processing file /home/airflow/.local/lib/python3.7/site-packages/airflow/example_dags/example_task_group_decorator.py for tasks to queue
[2022-12-10T23:54:28.299+0000] {logging_mixin.py:137} INFO - [2022-12-10T23:54:28.299+0000] {dagbag.py:537} INFO - Filling up the DagBag from /home/airflow/.local/lib/python3.7/site-packages/airflow/example_dags/example_task_group_decorator.py
[2022-12-10T23:54:28.387+0000] {processor.py:766} INFO - DAG(s) dict_keys(['example_task_group_decorator']) retrieved from /home/airflow/.local/lib/python3.7/site-packages/airflow/example_dags/example_task_group_decorator.py
[2022-12-10T23:54:28.491+0000] {logging_mixin.py:137} INFO - [2022-12-10T23:54:28.491+0000] {dag.py:2585} INFO - Sync 1 DAGs
[2022-12-10T23:54:28.533+0000] {logging_mixin.py:137} INFO - [2022-12-10T23:54:28.533+0000] {dag.py:3340} INFO - Setting next_dagrun for example_task_group_decorator to 2022-12-09T23:54:28.523226+00:00, run_after=2022-12-10T23:54:28.523226+00:00
[2022-12-10T23:54:28.567+0000] {processor.py:176} INFO - Processing /home/airflow/.local/lib/python3.7/site-packages/airflow/example_dags/example_task_group_decorator.py took 0.305 seconds
