[2022-12-10T01:13:55.574+0000] {processor.py:154} INFO - Started process (PID=47939) to work on /home/airflow/.local/lib/python3.7/site-packages/airflow/example_dags/example_nested_branch_dag.py
[2022-12-10T01:13:55.579+0000] {processor.py:756} INFO - Processing file /home/airflow/.local/lib/python3.7/site-packages/airflow/example_dags/example_nested_branch_dag.py for tasks to queue
[2022-12-10T01:13:55.582+0000] {logging_mixin.py:137} INFO - [2022-12-10T01:13:55.582+0000] {dagbag.py:537} INFO - Filling up the DagBag from /home/airflow/.local/lib/python3.7/site-packages/airflow/example_dags/example_nested_branch_dag.py
[2022-12-10T01:13:55.634+0000] {processor.py:766} INFO - DAG(s) dict_keys(['example_nested_branch_dag']) retrieved from /home/airflow/.local/lib/python3.7/site-packages/airflow/example_dags/example_nested_branch_dag.py
[2022-12-10T01:13:55.751+0000] {logging_mixin.py:137} INFO - [2022-12-10T01:13:55.751+0000] {dag.py:2585} INFO - Sync 1 DAGs
[2022-12-10T01:13:55.798+0000] {logging_mixin.py:137} INFO - [2022-12-10T01:13:55.798+0000] {dag.py:3340} INFO - Setting next_dagrun for example_nested_branch_dag to 2022-12-09T00:00:00+00:00, run_after=2022-12-10T00:00:00+00:00
[2022-12-10T01:13:55.839+0000] {processor.py:176} INFO - Processing /home/airflow/.local/lib/python3.7/site-packages/airflow/example_dags/example_nested_branch_dag.py took 0.269 seconds
[2022-12-10T02:35:29.482+0000] {processor.py:154} INFO - Started process (PID=47996) to work on /home/airflow/.local/lib/python3.7/site-packages/airflow/example_dags/example_nested_branch_dag.py
[2022-12-10T02:35:29.484+0000] {processor.py:756} INFO - Processing file /home/airflow/.local/lib/python3.7/site-packages/airflow/example_dags/example_nested_branch_dag.py for tasks to queue
[2022-12-10T02:35:29.486+0000] {logging_mixin.py:137} INFO - [2022-12-10T02:35:29.486+0000] {dagbag.py:537} INFO - Filling up the DagBag from /home/airflow/.local/lib/python3.7/site-packages/airflow/example_dags/example_nested_branch_dag.py
[2022-12-10T02:35:29.504+0000] {processor.py:766} INFO - DAG(s) dict_keys(['example_nested_branch_dag']) retrieved from /home/airflow/.local/lib/python3.7/site-packages/airflow/example_dags/example_nested_branch_dag.py
[2022-12-10T02:35:29.536+0000] {logging_mixin.py:137} INFO - [2022-12-10T02:35:29.536+0000] {dag.py:2585} INFO - Sync 1 DAGs
[2022-12-10T02:35:29.553+0000] {logging_mixin.py:137} INFO - [2022-12-10T02:35:29.553+0000] {dag.py:3340} INFO - Setting next_dagrun for example_nested_branch_dag to 2022-12-09T00:00:00+00:00, run_after=2022-12-10T00:00:00+00:00
[2022-12-10T02:35:29.568+0000] {processor.py:176} INFO - Processing /home/airflow/.local/lib/python3.7/site-packages/airflow/example_dags/example_nested_branch_dag.py took 0.088 seconds
[2022-12-10T03:43:49.417+0000] {processor.py:154} INFO - Started process (PID=48061) to work on /home/airflow/.local/lib/python3.7/site-packages/airflow/example_dags/example_nested_branch_dag.py
[2022-12-10T03:43:49.419+0000] {processor.py:756} INFO - Processing file /home/airflow/.local/lib/python3.7/site-packages/airflow/example_dags/example_nested_branch_dag.py for tasks to queue
[2022-12-10T03:43:49.420+0000] {logging_mixin.py:137} INFO - [2022-12-10T03:43:49.420+0000] {dagbag.py:537} INFO - Filling up the DagBag from /home/airflow/.local/lib/python3.7/site-packages/airflow/example_dags/example_nested_branch_dag.py
[2022-12-10T03:43:49.438+0000] {processor.py:766} INFO - DAG(s) dict_keys(['example_nested_branch_dag']) retrieved from /home/airflow/.local/lib/python3.7/site-packages/airflow/example_dags/example_nested_branch_dag.py
[2022-12-10T03:43:49.471+0000] {logging_mixin.py:137} INFO - [2022-12-10T03:43:49.471+0000] {dag.py:2585} INFO - Sync 1 DAGs
[2022-12-10T03:43:49.488+0000] {logging_mixin.py:137} INFO - [2022-12-10T03:43:49.488+0000] {dag.py:3340} INFO - Setting next_dagrun for example_nested_branch_dag to 2022-12-09T00:00:00+00:00, run_after=2022-12-10T00:00:00+00:00
[2022-12-10T03:43:49.501+0000] {processor.py:176} INFO - Processing /home/airflow/.local/lib/python3.7/site-packages/airflow/example_dags/example_nested_branch_dag.py took 0.086 seconds
[2022-12-10T04:16:18.633+0000] {processor.py:154} INFO - Started process (PID=48128) to work on /home/airflow/.local/lib/python3.7/site-packages/airflow/example_dags/example_nested_branch_dag.py
[2022-12-10T04:16:18.635+0000] {processor.py:756} INFO - Processing file /home/airflow/.local/lib/python3.7/site-packages/airflow/example_dags/example_nested_branch_dag.py for tasks to queue
[2022-12-10T04:16:18.637+0000] {logging_mixin.py:137} INFO - [2022-12-10T04:16:18.637+0000] {dagbag.py:537} INFO - Filling up the DagBag from /home/airflow/.local/lib/python3.7/site-packages/airflow/example_dags/example_nested_branch_dag.py
[2022-12-10T04:16:18.659+0000] {processor.py:766} INFO - DAG(s) dict_keys(['example_nested_branch_dag']) retrieved from /home/airflow/.local/lib/python3.7/site-packages/airflow/example_dags/example_nested_branch_dag.py
[2022-12-10T04:16:18.697+0000] {logging_mixin.py:137} INFO - [2022-12-10T04:16:18.697+0000] {dag.py:2585} INFO - Sync 1 DAGs
[2022-12-10T04:16:18.714+0000] {logging_mixin.py:137} INFO - [2022-12-10T04:16:18.714+0000] {dag.py:3340} INFO - Setting next_dagrun for example_nested_branch_dag to 2022-12-09T00:00:00+00:00, run_after=2022-12-10T00:00:00+00:00
[2022-12-10T04:16:18.727+0000] {processor.py:176} INFO - Processing /home/airflow/.local/lib/python3.7/site-packages/airflow/example_dags/example_nested_branch_dag.py took 0.098 seconds
[2022-12-10T05:54:53.100+0000] {processor.py:154} INFO - Started process (PID=48187) to work on /home/airflow/.local/lib/python3.7/site-packages/airflow/example_dags/example_nested_branch_dag.py
[2022-12-10T05:54:53.103+0000] {processor.py:756} INFO - Processing file /home/airflow/.local/lib/python3.7/site-packages/airflow/example_dags/example_nested_branch_dag.py for tasks to queue
[2022-12-10T05:54:53.105+0000] {logging_mixin.py:137} INFO - [2022-12-10T05:54:53.105+0000] {dagbag.py:537} INFO - Filling up the DagBag from /home/airflow/.local/lib/python3.7/site-packages/airflow/example_dags/example_nested_branch_dag.py
[2022-12-10T05:54:53.143+0000] {processor.py:766} INFO - DAG(s) dict_keys(['example_nested_branch_dag']) retrieved from /home/airflow/.local/lib/python3.7/site-packages/airflow/example_dags/example_nested_branch_dag.py
[2022-12-10T05:54:53.178+0000] {logging_mixin.py:137} INFO - [2022-12-10T05:54:53.178+0000] {dag.py:2585} INFO - Sync 1 DAGs
[2022-12-10T05:54:53.198+0000] {logging_mixin.py:137} INFO - [2022-12-10T05:54:53.198+0000] {dag.py:3340} INFO - Setting next_dagrun for example_nested_branch_dag to 2022-12-09T00:00:00+00:00, run_after=2022-12-10T00:00:00+00:00
[2022-12-10T05:54:53.213+0000] {processor.py:176} INFO - Processing /home/airflow/.local/lib/python3.7/site-packages/airflow/example_dags/example_nested_branch_dag.py took 0.117 seconds
[2022-12-10T07:18:15.734+0000] {processor.py:154} INFO - Started process (PID=48255) to work on /home/airflow/.local/lib/python3.7/site-packages/airflow/example_dags/example_nested_branch_dag.py
[2022-12-10T07:18:15.735+0000] {processor.py:756} INFO - Processing file /home/airflow/.local/lib/python3.7/site-packages/airflow/example_dags/example_nested_branch_dag.py for tasks to queue
[2022-12-10T07:18:15.736+0000] {logging_mixin.py:137} INFO - [2022-12-10T07:18:15.736+0000] {dagbag.py:537} INFO - Filling up the DagBag from /home/airflow/.local/lib/python3.7/site-packages/airflow/example_dags/example_nested_branch_dag.py
[2022-12-10T07:18:15.754+0000] {processor.py:766} INFO - DAG(s) dict_keys(['example_nested_branch_dag']) retrieved from /home/airflow/.local/lib/python3.7/site-packages/airflow/example_dags/example_nested_branch_dag.py
[2022-12-10T07:18:15.782+0000] {logging_mixin.py:137} INFO - [2022-12-10T07:18:15.782+0000] {dag.py:2585} INFO - Sync 1 DAGs
[2022-12-10T07:18:15.798+0000] {logging_mixin.py:137} INFO - [2022-12-10T07:18:15.798+0000] {dag.py:3340} INFO - Setting next_dagrun for example_nested_branch_dag to 2022-12-09T00:00:00+00:00, run_after=2022-12-10T00:00:00+00:00
[2022-12-10T07:18:15.812+0000] {processor.py:176} INFO - Processing /home/airflow/.local/lib/python3.7/site-packages/airflow/example_dags/example_nested_branch_dag.py took 0.081 seconds
[2022-12-10T08:58:57.257+0000] {processor.py:154} INFO - Started process (PID=48323) to work on /home/airflow/.local/lib/python3.7/site-packages/airflow/example_dags/example_nested_branch_dag.py
[2022-12-10T08:58:57.262+0000] {processor.py:756} INFO - Processing file /home/airflow/.local/lib/python3.7/site-packages/airflow/example_dags/example_nested_branch_dag.py for tasks to queue
[2022-12-10T08:58:57.264+0000] {logging_mixin.py:137} INFO - [2022-12-10T08:58:57.264+0000] {dagbag.py:537} INFO - Filling up the DagBag from /home/airflow/.local/lib/python3.7/site-packages/airflow/example_dags/example_nested_branch_dag.py
[2022-12-10T08:58:57.293+0000] {processor.py:766} INFO - DAG(s) dict_keys(['example_nested_branch_dag']) retrieved from /home/airflow/.local/lib/python3.7/site-packages/airflow/example_dags/example_nested_branch_dag.py
[2022-12-10T08:58:57.334+0000] {logging_mixin.py:137} INFO - [2022-12-10T08:58:57.334+0000] {dag.py:2585} INFO - Sync 1 DAGs
[2022-12-10T08:58:57.359+0000] {logging_mixin.py:137} INFO - [2022-12-10T08:58:57.359+0000] {dag.py:3340} INFO - Setting next_dagrun for example_nested_branch_dag to 2022-12-09T00:00:00+00:00, run_after=2022-12-10T00:00:00+00:00
[2022-12-10T08:58:57.375+0000] {processor.py:176} INFO - Processing /home/airflow/.local/lib/python3.7/site-packages/airflow/example_dags/example_nested_branch_dag.py took 0.120 seconds
[2022-12-10T10:34:16.962+0000] {processor.py:154} INFO - Started process (PID=48390) to work on /home/airflow/.local/lib/python3.7/site-packages/airflow/example_dags/example_nested_branch_dag.py
[2022-12-10T10:34:16.965+0000] {processor.py:756} INFO - Processing file /home/airflow/.local/lib/python3.7/site-packages/airflow/example_dags/example_nested_branch_dag.py for tasks to queue
[2022-12-10T10:34:16.966+0000] {logging_mixin.py:137} INFO - [2022-12-10T10:34:16.966+0000] {dagbag.py:537} INFO - Filling up the DagBag from /home/airflow/.local/lib/python3.7/site-packages/airflow/example_dags/example_nested_branch_dag.py
[2022-12-10T10:34:16.996+0000] {processor.py:766} INFO - DAG(s) dict_keys(['example_nested_branch_dag']) retrieved from /home/airflow/.local/lib/python3.7/site-packages/airflow/example_dags/example_nested_branch_dag.py
[2022-12-10T10:34:17.037+0000] {logging_mixin.py:137} INFO - [2022-12-10T10:34:17.037+0000] {dag.py:2585} INFO - Sync 1 DAGs
[2022-12-10T10:34:17.058+0000] {logging_mixin.py:137} INFO - [2022-12-10T10:34:17.058+0000] {dag.py:3340} INFO - Setting next_dagrun for example_nested_branch_dag to 2022-12-09T00:00:00+00:00, run_after=2022-12-10T00:00:00+00:00
[2022-12-10T10:34:17.075+0000] {processor.py:176} INFO - Processing /home/airflow/.local/lib/python3.7/site-packages/airflow/example_dags/example_nested_branch_dag.py took 0.116 seconds
[2022-12-10T11:57:23.982+0000] {processor.py:154} INFO - Started process (PID=48458) to work on /home/airflow/.local/lib/python3.7/site-packages/airflow/example_dags/example_nested_branch_dag.py
[2022-12-10T11:57:23.985+0000] {processor.py:756} INFO - Processing file /home/airflow/.local/lib/python3.7/site-packages/airflow/example_dags/example_nested_branch_dag.py for tasks to queue
[2022-12-10T11:57:23.987+0000] {logging_mixin.py:137} INFO - [2022-12-10T11:57:23.987+0000] {dagbag.py:537} INFO - Filling up the DagBag from /home/airflow/.local/lib/python3.7/site-packages/airflow/example_dags/example_nested_branch_dag.py
[2022-12-10T11:57:24.023+0000] {processor.py:766} INFO - DAG(s) dict_keys(['example_nested_branch_dag']) retrieved from /home/airflow/.local/lib/python3.7/site-packages/airflow/example_dags/example_nested_branch_dag.py
[2022-12-10T11:57:24.086+0000] {logging_mixin.py:137} INFO - [2022-12-10T11:57:24.086+0000] {dag.py:2585} INFO - Sync 1 DAGs
[2022-12-10T11:57:24.111+0000] {logging_mixin.py:137} INFO - [2022-12-10T11:57:24.110+0000] {dag.py:3340} INFO - Setting next_dagrun for example_nested_branch_dag to 2022-12-09T00:00:00+00:00, run_after=2022-12-10T00:00:00+00:00
[2022-12-10T11:57:24.132+0000] {processor.py:176} INFO - Processing /home/airflow/.local/lib/python3.7/site-packages/airflow/example_dags/example_nested_branch_dag.py took 0.154 seconds
[2022-12-10T13:36:24.472+0000] {processor.py:154} INFO - Started process (PID=48515) to work on /home/airflow/.local/lib/python3.7/site-packages/airflow/example_dags/example_nested_branch_dag.py
[2022-12-10T13:36:24.474+0000] {processor.py:756} INFO - Processing file /home/airflow/.local/lib/python3.7/site-packages/airflow/example_dags/example_nested_branch_dag.py for tasks to queue
[2022-12-10T13:36:24.475+0000] {logging_mixin.py:137} INFO - [2022-12-10T13:36:24.475+0000] {dagbag.py:537} INFO - Filling up the DagBag from /home/airflow/.local/lib/python3.7/site-packages/airflow/example_dags/example_nested_branch_dag.py
[2022-12-10T13:36:24.494+0000] {processor.py:766} INFO - DAG(s) dict_keys(['example_nested_branch_dag']) retrieved from /home/airflow/.local/lib/python3.7/site-packages/airflow/example_dags/example_nested_branch_dag.py
[2022-12-10T13:36:24.531+0000] {logging_mixin.py:137} INFO - [2022-12-10T13:36:24.531+0000] {dag.py:2585} INFO - Sync 1 DAGs
[2022-12-10T13:36:24.562+0000] {logging_mixin.py:137} INFO - [2022-12-10T13:36:24.562+0000] {dag.py:3340} INFO - Setting next_dagrun for example_nested_branch_dag to 2022-12-09T00:00:00+00:00, run_after=2022-12-10T00:00:00+00:00
[2022-12-10T13:36:24.583+0000] {processor.py:176} INFO - Processing /home/airflow/.local/lib/python3.7/site-packages/airflow/example_dags/example_nested_branch_dag.py took 0.115 seconds
[2022-12-10T15:01:34.330+0000] {processor.py:154} INFO - Started process (PID=48582) to work on /home/airflow/.local/lib/python3.7/site-packages/airflow/example_dags/example_nested_branch_dag.py
[2022-12-10T15:01:34.332+0000] {processor.py:756} INFO - Processing file /home/airflow/.local/lib/python3.7/site-packages/airflow/example_dags/example_nested_branch_dag.py for tasks to queue
[2022-12-10T15:01:34.333+0000] {logging_mixin.py:137} INFO - [2022-12-10T15:01:34.333+0000] {dagbag.py:537} INFO - Filling up the DagBag from /home/airflow/.local/lib/python3.7/site-packages/airflow/example_dags/example_nested_branch_dag.py
[2022-12-10T15:01:34.352+0000] {processor.py:766} INFO - DAG(s) dict_keys(['example_nested_branch_dag']) retrieved from /home/airflow/.local/lib/python3.7/site-packages/airflow/example_dags/example_nested_branch_dag.py
[2022-12-10T15:01:34.387+0000] {logging_mixin.py:137} INFO - [2022-12-10T15:01:34.387+0000] {dag.py:2585} INFO - Sync 1 DAGs
[2022-12-10T15:01:34.405+0000] {logging_mixin.py:137} INFO - [2022-12-10T15:01:34.405+0000] {dag.py:3340} INFO - Setting next_dagrun for example_nested_branch_dag to 2022-12-09T00:00:00+00:00, run_after=2022-12-10T00:00:00+00:00
[2022-12-10T15:01:34.418+0000] {processor.py:176} INFO - Processing /home/airflow/.local/lib/python3.7/site-packages/airflow/example_dags/example_nested_branch_dag.py took 0.091 seconds
[2022-12-10T16:44:40.431+0000] {processor.py:154} INFO - Started process (PID=48652) to work on /home/airflow/.local/lib/python3.7/site-packages/airflow/example_dags/example_nested_branch_dag.py
[2022-12-10T16:44:40.434+0000] {processor.py:756} INFO - Processing file /home/airflow/.local/lib/python3.7/site-packages/airflow/example_dags/example_nested_branch_dag.py for tasks to queue
[2022-12-10T16:44:40.435+0000] {logging_mixin.py:137} INFO - [2022-12-10T16:44:40.435+0000] {dagbag.py:537} INFO - Filling up the DagBag from /home/airflow/.local/lib/python3.7/site-packages/airflow/example_dags/example_nested_branch_dag.py
[2022-12-10T16:44:40.458+0000] {processor.py:766} INFO - DAG(s) dict_keys(['example_nested_branch_dag']) retrieved from /home/airflow/.local/lib/python3.7/site-packages/airflow/example_dags/example_nested_branch_dag.py
[2022-12-10T16:44:40.500+0000] {logging_mixin.py:137} INFO - [2022-12-10T16:44:40.500+0000] {dag.py:2585} INFO - Sync 1 DAGs
[2022-12-10T16:44:40.522+0000] {logging_mixin.py:137} INFO - [2022-12-10T16:44:40.522+0000] {dag.py:3340} INFO - Setting next_dagrun for example_nested_branch_dag to 2022-12-09T00:00:00+00:00, run_after=2022-12-10T00:00:00+00:00
[2022-12-10T16:44:40.538+0000] {processor.py:176} INFO - Processing /home/airflow/.local/lib/python3.7/site-packages/airflow/example_dags/example_nested_branch_dag.py took 0.110 seconds
[2022-12-10T18:09:51.632+0000] {processor.py:154} INFO - Started process (PID=48719) to work on /home/airflow/.local/lib/python3.7/site-packages/airflow/example_dags/example_nested_branch_dag.py
[2022-12-10T18:09:51.635+0000] {processor.py:756} INFO - Processing file /home/airflow/.local/lib/python3.7/site-packages/airflow/example_dags/example_nested_branch_dag.py for tasks to queue
[2022-12-10T18:09:51.636+0000] {logging_mixin.py:137} INFO - [2022-12-10T18:09:51.636+0000] {dagbag.py:537} INFO - Filling up the DagBag from /home/airflow/.local/lib/python3.7/site-packages/airflow/example_dags/example_nested_branch_dag.py
[2022-12-10T18:09:51.660+0000] {processor.py:766} INFO - DAG(s) dict_keys(['example_nested_branch_dag']) retrieved from /home/airflow/.local/lib/python3.7/site-packages/airflow/example_dags/example_nested_branch_dag.py
[2022-12-10T18:09:51.701+0000] {logging_mixin.py:137} INFO - [2022-12-10T18:09:51.701+0000] {dag.py:2585} INFO - Sync 1 DAGs
[2022-12-10T18:09:51.723+0000] {logging_mixin.py:137} INFO - [2022-12-10T18:09:51.722+0000] {dag.py:3340} INFO - Setting next_dagrun for example_nested_branch_dag to 2022-12-09T00:00:00+00:00, run_after=2022-12-10T00:00:00+00:00
[2022-12-10T18:09:51.742+0000] {processor.py:176} INFO - Processing /home/airflow/.local/lib/python3.7/site-packages/airflow/example_dags/example_nested_branch_dag.py took 0.113 seconds
[2022-12-10T19:51:56.042+0000] {processor.py:154} INFO - Started process (PID=48782) to work on /home/airflow/.local/lib/python3.7/site-packages/airflow/example_dags/example_nested_branch_dag.py
[2022-12-10T19:51:56.049+0000] {processor.py:756} INFO - Processing file /home/airflow/.local/lib/python3.7/site-packages/airflow/example_dags/example_nested_branch_dag.py for tasks to queue
[2022-12-10T19:51:56.050+0000] {logging_mixin.py:137} INFO - [2022-12-10T19:51:56.050+0000] {dagbag.py:537} INFO - Filling up the DagBag from /home/airflow/.local/lib/python3.7/site-packages/airflow/example_dags/example_nested_branch_dag.py
[2022-12-10T19:51:56.089+0000] {processor.py:766} INFO - DAG(s) dict_keys(['example_nested_branch_dag']) retrieved from /home/airflow/.local/lib/python3.7/site-packages/airflow/example_dags/example_nested_branch_dag.py
[2022-12-10T19:51:56.123+0000] {logging_mixin.py:137} INFO - [2022-12-10T19:51:56.123+0000] {dag.py:2585} INFO - Sync 1 DAGs
[2022-12-10T19:51:56.144+0000] {logging_mixin.py:137} INFO - [2022-12-10T19:51:56.144+0000] {dag.py:3340} INFO - Setting next_dagrun for example_nested_branch_dag to 2022-12-09T00:00:00+00:00, run_after=2022-12-10T00:00:00+00:00
[2022-12-10T19:51:56.182+0000] {processor.py:176} INFO - Processing /home/airflow/.local/lib/python3.7/site-packages/airflow/example_dags/example_nested_branch_dag.py took 0.142 seconds
[2022-12-10T21:32:05.432+0000] {processor.py:154} INFO - Started process (PID=48842) to work on /home/airflow/.local/lib/python3.7/site-packages/airflow/example_dags/example_nested_branch_dag.py
[2022-12-10T21:32:05.434+0000] {processor.py:756} INFO - Processing file /home/airflow/.local/lib/python3.7/site-packages/airflow/example_dags/example_nested_branch_dag.py for tasks to queue
[2022-12-10T21:32:05.435+0000] {logging_mixin.py:137} INFO - [2022-12-10T21:32:05.435+0000] {dagbag.py:537} INFO - Filling up the DagBag from /home/airflow/.local/lib/python3.7/site-packages/airflow/example_dags/example_nested_branch_dag.py
[2022-12-10T21:32:05.453+0000] {processor.py:766} INFO - DAG(s) dict_keys(['example_nested_branch_dag']) retrieved from /home/airflow/.local/lib/python3.7/site-packages/airflow/example_dags/example_nested_branch_dag.py
[2022-12-10T21:32:05.488+0000] {logging_mixin.py:137} INFO - [2022-12-10T21:32:05.487+0000] {dag.py:2585} INFO - Sync 1 DAGs
[2022-12-10T21:32:05.508+0000] {logging_mixin.py:137} INFO - [2022-12-10T21:32:05.507+0000] {dag.py:3340} INFO - Setting next_dagrun for example_nested_branch_dag to 2022-12-09T00:00:00+00:00, run_after=2022-12-10T00:00:00+00:00
[2022-12-10T21:32:05.526+0000] {processor.py:176} INFO - Processing /home/airflow/.local/lib/python3.7/site-packages/airflow/example_dags/example_nested_branch_dag.py took 0.097 seconds
[2022-12-10T22:56:09.861+0000] {processor.py:154} INFO - Started process (PID=48910) to work on /home/airflow/.local/lib/python3.7/site-packages/airflow/example_dags/example_nested_branch_dag.py
[2022-12-10T22:56:09.864+0000] {processor.py:756} INFO - Processing file /home/airflow/.local/lib/python3.7/site-packages/airflow/example_dags/example_nested_branch_dag.py for tasks to queue
[2022-12-10T22:56:09.865+0000] {logging_mixin.py:137} INFO - [2022-12-10T22:56:09.865+0000] {dagbag.py:537} INFO - Filling up the DagBag from /home/airflow/.local/lib/python3.7/site-packages/airflow/example_dags/example_nested_branch_dag.py
[2022-12-10T22:56:09.890+0000] {processor.py:766} INFO - DAG(s) dict_keys(['example_nested_branch_dag']) retrieved from /home/airflow/.local/lib/python3.7/site-packages/airflow/example_dags/example_nested_branch_dag.py
[2022-12-10T22:56:10.169+0000] {logging_mixin.py:137} INFO - [2022-12-10T22:56:10.168+0000] {dag.py:2585} INFO - Sync 1 DAGs
[2022-12-10T22:56:10.240+0000] {logging_mixin.py:137} INFO - [2022-12-10T22:56:10.240+0000] {dag.py:3340} INFO - Setting next_dagrun for example_nested_branch_dag to 2022-12-09T00:00:00+00:00, run_after=2022-12-10T00:00:00+00:00
[2022-12-10T22:56:10.256+0000] {processor.py:176} INFO - Processing /home/airflow/.local/lib/python3.7/site-packages/airflow/example_dags/example_nested_branch_dag.py took 0.398 seconds
[2022-12-10T23:54:29.059+0000] {processor.py:154} INFO - Started process (PID=48977) to work on /home/airflow/.local/lib/python3.7/site-packages/airflow/example_dags/example_nested_branch_dag.py
[2022-12-10T23:54:29.061+0000] {processor.py:756} INFO - Processing file /home/airflow/.local/lib/python3.7/site-packages/airflow/example_dags/example_nested_branch_dag.py for tasks to queue
[2022-12-10T23:54:29.065+0000] {logging_mixin.py:137} INFO - [2022-12-10T23:54:29.065+0000] {dagbag.py:537} INFO - Filling up the DagBag from /home/airflow/.local/lib/python3.7/site-packages/airflow/example_dags/example_nested_branch_dag.py
[2022-12-10T23:54:29.084+0000] {processor.py:766} INFO - DAG(s) dict_keys(['example_nested_branch_dag']) retrieved from /home/airflow/.local/lib/python3.7/site-packages/airflow/example_dags/example_nested_branch_dag.py
[2022-12-10T23:54:29.112+0000] {logging_mixin.py:137} INFO - [2022-12-10T23:54:29.112+0000] {dag.py:2585} INFO - Sync 1 DAGs
[2022-12-10T23:54:29.132+0000] {logging_mixin.py:137} INFO - [2022-12-10T23:54:29.132+0000] {dag.py:3340} INFO - Setting next_dagrun for example_nested_branch_dag to 2022-12-09T00:00:00+00:00, run_after=2022-12-10T00:00:00+00:00
[2022-12-10T23:54:29.149+0000] {processor.py:176} INFO - Processing /home/airflow/.local/lib/python3.7/site-packages/airflow/example_dags/example_nested_branch_dag.py took 0.092 seconds
