[2022-12-10T01:13:57.138+0000] {processor.py:154} INFO - Started process (PID=47956) to work on /home/airflow/.local/lib/python3.7/site-packages/airflow/example_dags/example_skip_dag.py
[2022-12-10T01:13:57.139+0000] {processor.py:756} INFO - Processing file /home/airflow/.local/lib/python3.7/site-packages/airflow/example_dags/example_skip_dag.py for tasks to queue
[2022-12-10T01:13:57.140+0000] {logging_mixin.py:137} INFO - [2022-12-10T01:13:57.140+0000] {dagbag.py:537} INFO - Filling up the DagBag from /home/airflow/.local/lib/python3.7/site-packages/airflow/example_dags/example_skip_dag.py
[2022-12-10T01:13:57.151+0000] {processor.py:766} INFO - DAG(s) dict_keys(['example_skip_dag']) retrieved from /home/airflow/.local/lib/python3.7/site-packages/airflow/example_dags/example_skip_dag.py
[2022-12-10T01:13:57.181+0000] {logging_mixin.py:137} INFO - [2022-12-10T01:13:57.180+0000] {dag.py:2585} INFO - Sync 1 DAGs
[2022-12-10T01:13:57.203+0000] {logging_mixin.py:137} INFO - [2022-12-10T01:13:57.202+0000] {dag.py:3340} INFO - Setting next_dagrun for example_skip_dag to 2022-12-09T01:13:57.202791+00:00, run_after=2022-12-10T01:13:57.202791+00:00
[2022-12-10T01:13:57.215+0000] {processor.py:176} INFO - Processing /home/airflow/.local/lib/python3.7/site-packages/airflow/example_dags/example_skip_dag.py took 0.080 seconds
[2022-12-10T02:35:30.691+0000] {processor.py:154} INFO - Started process (PID=48013) to work on /home/airflow/.local/lib/python3.7/site-packages/airflow/example_dags/example_skip_dag.py
[2022-12-10T02:35:30.693+0000] {processor.py:756} INFO - Processing file /home/airflow/.local/lib/python3.7/site-packages/airflow/example_dags/example_skip_dag.py for tasks to queue
[2022-12-10T02:35:30.696+0000] {logging_mixin.py:137} INFO - [2022-12-10T02:35:30.696+0000] {dagbag.py:537} INFO - Filling up the DagBag from /home/airflow/.local/lib/python3.7/site-packages/airflow/example_dags/example_skip_dag.py
[2022-12-10T02:35:30.716+0000] {processor.py:766} INFO - DAG(s) dict_keys(['example_skip_dag']) retrieved from /home/airflow/.local/lib/python3.7/site-packages/airflow/example_dags/example_skip_dag.py
[2022-12-10T02:35:30.764+0000] {logging_mixin.py:137} INFO - [2022-12-10T02:35:30.763+0000] {dag.py:2585} INFO - Sync 1 DAGs
[2022-12-10T02:35:30.787+0000] {logging_mixin.py:137} INFO - [2022-12-10T02:35:30.787+0000] {dag.py:3340} INFO - Setting next_dagrun for example_skip_dag to 2022-12-09T02:35:30.787567+00:00, run_after=2022-12-10T02:35:30.787567+00:00
[2022-12-10T02:35:30.812+0000] {processor.py:176} INFO - Processing /home/airflow/.local/lib/python3.7/site-packages/airflow/example_dags/example_skip_dag.py took 0.127 seconds
[2022-12-10T03:43:51.517+0000] {processor.py:154} INFO - Started process (PID=48078) to work on /home/airflow/.local/lib/python3.7/site-packages/airflow/example_dags/example_skip_dag.py
[2022-12-10T03:43:51.520+0000] {processor.py:756} INFO - Processing file /home/airflow/.local/lib/python3.7/site-packages/airflow/example_dags/example_skip_dag.py for tasks to queue
[2022-12-10T03:43:51.522+0000] {logging_mixin.py:137} INFO - [2022-12-10T03:43:51.522+0000] {dagbag.py:537} INFO - Filling up the DagBag from /home/airflow/.local/lib/python3.7/site-packages/airflow/example_dags/example_skip_dag.py
[2022-12-10T03:43:51.536+0000] {processor.py:766} INFO - DAG(s) dict_keys(['example_skip_dag']) retrieved from /home/airflow/.local/lib/python3.7/site-packages/airflow/example_dags/example_skip_dag.py
[2022-12-10T03:43:51.571+0000] {logging_mixin.py:137} INFO - [2022-12-10T03:43:51.570+0000] {dag.py:2585} INFO - Sync 1 DAGs
[2022-12-10T03:43:51.596+0000] {logging_mixin.py:137} INFO - [2022-12-10T03:43:51.596+0000] {dag.py:3340} INFO - Setting next_dagrun for example_skip_dag to 2022-12-09T03:43:51.595831+00:00, run_after=2022-12-10T03:43:51.595831+00:00
[2022-12-10T03:43:51.613+0000] {processor.py:176} INFO - Processing /home/airflow/.local/lib/python3.7/site-packages/airflow/example_dags/example_skip_dag.py took 0.098 seconds
[2022-12-10T04:16:20.237+0000] {processor.py:154} INFO - Started process (PID=48145) to work on /home/airflow/.local/lib/python3.7/site-packages/airflow/example_dags/example_skip_dag.py
[2022-12-10T04:16:20.240+0000] {processor.py:756} INFO - Processing file /home/airflow/.local/lib/python3.7/site-packages/airflow/example_dags/example_skip_dag.py for tasks to queue
[2022-12-10T04:16:20.241+0000] {logging_mixin.py:137} INFO - [2022-12-10T04:16:20.241+0000] {dagbag.py:537} INFO - Filling up the DagBag from /home/airflow/.local/lib/python3.7/site-packages/airflow/example_dags/example_skip_dag.py
[2022-12-10T04:16:20.251+0000] {processor.py:766} INFO - DAG(s) dict_keys(['example_skip_dag']) retrieved from /home/airflow/.local/lib/python3.7/site-packages/airflow/example_dags/example_skip_dag.py
[2022-12-10T04:16:20.285+0000] {logging_mixin.py:137} INFO - [2022-12-10T04:16:20.285+0000] {dag.py:2585} INFO - Sync 1 DAGs
[2022-12-10T04:16:20.305+0000] {logging_mixin.py:137} INFO - [2022-12-10T04:16:20.305+0000] {dag.py:3340} INFO - Setting next_dagrun for example_skip_dag to 2022-12-09T04:16:20.305061+00:00, run_after=2022-12-10T04:16:20.305061+00:00
[2022-12-10T04:16:20.318+0000] {processor.py:176} INFO - Processing /home/airflow/.local/lib/python3.7/site-packages/airflow/example_dags/example_skip_dag.py took 0.084 seconds
[2022-12-10T05:54:54.296+0000] {processor.py:154} INFO - Started process (PID=48213) to work on /home/airflow/.local/lib/python3.7/site-packages/airflow/example_dags/example_skip_dag.py
[2022-12-10T05:54:54.298+0000] {processor.py:756} INFO - Processing file /home/airflow/.local/lib/python3.7/site-packages/airflow/example_dags/example_skip_dag.py for tasks to queue
[2022-12-10T05:54:54.299+0000] {logging_mixin.py:137} INFO - [2022-12-10T05:54:54.299+0000] {dagbag.py:537} INFO - Filling up the DagBag from /home/airflow/.local/lib/python3.7/site-packages/airflow/example_dags/example_skip_dag.py
[2022-12-10T05:54:54.309+0000] {processor.py:766} INFO - DAG(s) dict_keys(['example_skip_dag']) retrieved from /home/airflow/.local/lib/python3.7/site-packages/airflow/example_dags/example_skip_dag.py
[2022-12-10T05:54:54.339+0000] {logging_mixin.py:137} INFO - [2022-12-10T05:54:54.338+0000] {dag.py:2585} INFO - Sync 1 DAGs
[2022-12-10T05:54:54.357+0000] {logging_mixin.py:137} INFO - [2022-12-10T05:54:54.357+0000] {dag.py:3340} INFO - Setting next_dagrun for example_skip_dag to 2022-12-09T05:54:54.357120+00:00, run_after=2022-12-10T05:54:54.357120+00:00
[2022-12-10T05:54:54.372+0000] {processor.py:176} INFO - Processing /home/airflow/.local/lib/python3.7/site-packages/airflow/example_dags/example_skip_dag.py took 0.078 seconds
[2022-12-10T07:18:16.934+0000] {processor.py:154} INFO - Started process (PID=48272) to work on /home/airflow/.local/lib/python3.7/site-packages/airflow/example_dags/example_skip_dag.py
[2022-12-10T07:18:16.936+0000] {processor.py:756} INFO - Processing file /home/airflow/.local/lib/python3.7/site-packages/airflow/example_dags/example_skip_dag.py for tasks to queue
[2022-12-10T07:18:16.937+0000] {logging_mixin.py:137} INFO - [2022-12-10T07:18:16.937+0000] {dagbag.py:537} INFO - Filling up the DagBag from /home/airflow/.local/lib/python3.7/site-packages/airflow/example_dags/example_skip_dag.py
[2022-12-10T07:18:16.948+0000] {processor.py:766} INFO - DAG(s) dict_keys(['example_skip_dag']) retrieved from /home/airflow/.local/lib/python3.7/site-packages/airflow/example_dags/example_skip_dag.py
[2022-12-10T07:18:16.982+0000] {logging_mixin.py:137} INFO - [2022-12-10T07:18:16.982+0000] {dag.py:2585} INFO - Sync 1 DAGs
[2022-12-10T07:18:17.003+0000] {logging_mixin.py:137} INFO - [2022-12-10T07:18:17.003+0000] {dag.py:3340} INFO - Setting next_dagrun for example_skip_dag to 2022-12-09T07:18:17.003367+00:00, run_after=2022-12-10T07:18:17.003367+00:00
[2022-12-10T07:18:17.019+0000] {processor.py:176} INFO - Processing /home/airflow/.local/lib/python3.7/site-packages/airflow/example_dags/example_skip_dag.py took 0.088 seconds
[2022-12-10T08:58:58.514+0000] {processor.py:154} INFO - Started process (PID=48340) to work on /home/airflow/.local/lib/python3.7/site-packages/airflow/example_dags/example_skip_dag.py
[2022-12-10T08:58:58.520+0000] {processor.py:756} INFO - Processing file /home/airflow/.local/lib/python3.7/site-packages/airflow/example_dags/example_skip_dag.py for tasks to queue
[2022-12-10T08:58:58.521+0000] {logging_mixin.py:137} INFO - [2022-12-10T08:58:58.521+0000] {dagbag.py:537} INFO - Filling up the DagBag from /home/airflow/.local/lib/python3.7/site-packages/airflow/example_dags/example_skip_dag.py
[2022-12-10T08:58:58.536+0000] {processor.py:766} INFO - DAG(s) dict_keys(['example_skip_dag']) retrieved from /home/airflow/.local/lib/python3.7/site-packages/airflow/example_dags/example_skip_dag.py
[2022-12-10T08:58:58.968+0000] {logging_mixin.py:137} INFO - [2022-12-10T08:58:58.968+0000] {dag.py:2585} INFO - Sync 1 DAGs
[2022-12-10T08:58:59.036+0000] {logging_mixin.py:137} INFO - [2022-12-10T08:58:59.036+0000] {dag.py:3340} INFO - Setting next_dagrun for example_skip_dag to 2022-12-09T08:58:59.035285+00:00, run_after=2022-12-10T08:58:59.035285+00:00
[2022-12-10T08:58:59.084+0000] {processor.py:176} INFO - Processing /home/airflow/.local/lib/python3.7/site-packages/airflow/example_dags/example_skip_dag.py took 0.573 seconds
[2022-12-10T10:34:18.245+0000] {processor.py:154} INFO - Started process (PID=48407) to work on /home/airflow/.local/lib/python3.7/site-packages/airflow/example_dags/example_skip_dag.py
[2022-12-10T10:34:18.246+0000] {processor.py:756} INFO - Processing file /home/airflow/.local/lib/python3.7/site-packages/airflow/example_dags/example_skip_dag.py for tasks to queue
[2022-12-10T10:34:18.248+0000] {logging_mixin.py:137} INFO - [2022-12-10T10:34:18.248+0000] {dagbag.py:537} INFO - Filling up the DagBag from /home/airflow/.local/lib/python3.7/site-packages/airflow/example_dags/example_skip_dag.py
[2022-12-10T10:34:18.258+0000] {processor.py:766} INFO - DAG(s) dict_keys(['example_skip_dag']) retrieved from /home/airflow/.local/lib/python3.7/site-packages/airflow/example_dags/example_skip_dag.py
[2022-12-10T10:34:18.287+0000] {logging_mixin.py:137} INFO - [2022-12-10T10:34:18.287+0000] {dag.py:2585} INFO - Sync 1 DAGs
[2022-12-10T10:34:18.304+0000] {logging_mixin.py:137} INFO - [2022-12-10T10:34:18.304+0000] {dag.py:3340} INFO - Setting next_dagrun for example_skip_dag to 2022-12-09T10:34:18.304426+00:00, run_after=2022-12-10T10:34:18.304426+00:00
[2022-12-10T10:34:18.317+0000] {processor.py:176} INFO - Processing /home/airflow/.local/lib/python3.7/site-packages/airflow/example_dags/example_skip_dag.py took 0.074 seconds
[2022-12-10T11:57:25.684+0000] {processor.py:154} INFO - Started process (PID=48475) to work on /home/airflow/.local/lib/python3.7/site-packages/airflow/example_dags/example_skip_dag.py
[2022-12-10T11:57:25.686+0000] {processor.py:756} INFO - Processing file /home/airflow/.local/lib/python3.7/site-packages/airflow/example_dags/example_skip_dag.py for tasks to queue
[2022-12-10T11:57:25.688+0000] {logging_mixin.py:137} INFO - [2022-12-10T11:57:25.688+0000] {dagbag.py:537} INFO - Filling up the DagBag from /home/airflow/.local/lib/python3.7/site-packages/airflow/example_dags/example_skip_dag.py
[2022-12-10T11:57:25.699+0000] {processor.py:766} INFO - DAG(s) dict_keys(['example_skip_dag']) retrieved from /home/airflow/.local/lib/python3.7/site-packages/airflow/example_dags/example_skip_dag.py
[2022-12-10T11:57:25.734+0000] {logging_mixin.py:137} INFO - [2022-12-10T11:57:25.733+0000] {dag.py:2585} INFO - Sync 1 DAGs
[2022-12-10T11:57:25.754+0000] {logging_mixin.py:137} INFO - [2022-12-10T11:57:25.754+0000] {dag.py:3340} INFO - Setting next_dagrun for example_skip_dag to 2022-12-09T11:57:25.754552+00:00, run_after=2022-12-10T11:57:25.754552+00:00
[2022-12-10T11:57:25.770+0000] {processor.py:176} INFO - Processing /home/airflow/.local/lib/python3.7/site-packages/airflow/example_dags/example_skip_dag.py took 0.090 seconds
[2022-12-10T13:36:25.856+0000] {processor.py:154} INFO - Started process (PID=48542) to work on /home/airflow/.local/lib/python3.7/site-packages/airflow/example_dags/example_skip_dag.py
[2022-12-10T13:36:25.858+0000] {processor.py:756} INFO - Processing file /home/airflow/.local/lib/python3.7/site-packages/airflow/example_dags/example_skip_dag.py for tasks to queue
[2022-12-10T13:36:25.860+0000] {logging_mixin.py:137} INFO - [2022-12-10T13:36:25.860+0000] {dagbag.py:537} INFO - Filling up the DagBag from /home/airflow/.local/lib/python3.7/site-packages/airflow/example_dags/example_skip_dag.py
[2022-12-10T13:36:25.875+0000] {processor.py:766} INFO - DAG(s) dict_keys(['example_skip_dag']) retrieved from /home/airflow/.local/lib/python3.7/site-packages/airflow/example_dags/example_skip_dag.py
[2022-12-10T13:36:25.915+0000] {logging_mixin.py:137} INFO - [2022-12-10T13:36:25.915+0000] {dag.py:2585} INFO - Sync 1 DAGs
[2022-12-10T13:36:25.936+0000] {logging_mixin.py:137} INFO - [2022-12-10T13:36:25.936+0000] {dag.py:3340} INFO - Setting next_dagrun for example_skip_dag to 2022-12-09T13:36:25.936699+00:00, run_after=2022-12-10T13:36:25.936699+00:00
[2022-12-10T13:36:25.955+0000] {processor.py:176} INFO - Processing /home/airflow/.local/lib/python3.7/site-packages/airflow/example_dags/example_skip_dag.py took 0.101 seconds
[2022-12-10T15:01:35.537+0000] {processor.py:154} INFO - Started process (PID=48599) to work on /home/airflow/.local/lib/python3.7/site-packages/airflow/example_dags/example_skip_dag.py
[2022-12-10T15:01:35.539+0000] {processor.py:756} INFO - Processing file /home/airflow/.local/lib/python3.7/site-packages/airflow/example_dags/example_skip_dag.py for tasks to queue
[2022-12-10T15:01:35.540+0000] {logging_mixin.py:137} INFO - [2022-12-10T15:01:35.540+0000] {dagbag.py:537} INFO - Filling up the DagBag from /home/airflow/.local/lib/python3.7/site-packages/airflow/example_dags/example_skip_dag.py
[2022-12-10T15:01:35.551+0000] {processor.py:766} INFO - DAG(s) dict_keys(['example_skip_dag']) retrieved from /home/airflow/.local/lib/python3.7/site-packages/airflow/example_dags/example_skip_dag.py
[2022-12-10T15:01:35.587+0000] {logging_mixin.py:137} INFO - [2022-12-10T15:01:35.587+0000] {dag.py:2585} INFO - Sync 1 DAGs
[2022-12-10T15:01:35.606+0000] {logging_mixin.py:137} INFO - [2022-12-10T15:01:35.606+0000] {dag.py:3340} INFO - Setting next_dagrun for example_skip_dag to 2022-12-09T15:01:35.606550+00:00, run_after=2022-12-10T15:01:35.606550+00:00
[2022-12-10T15:01:35.626+0000] {processor.py:176} INFO - Processing /home/airflow/.local/lib/python3.7/site-packages/airflow/example_dags/example_skip_dag.py took 0.092 seconds
[2022-12-10T16:44:41.644+0000] {processor.py:154} INFO - Started process (PID=48669) to work on /home/airflow/.local/lib/python3.7/site-packages/airflow/example_dags/example_skip_dag.py
[2022-12-10T16:44:41.646+0000] {processor.py:756} INFO - Processing file /home/airflow/.local/lib/python3.7/site-packages/airflow/example_dags/example_skip_dag.py for tasks to queue
[2022-12-10T16:44:41.647+0000] {logging_mixin.py:137} INFO - [2022-12-10T16:44:41.647+0000] {dagbag.py:537} INFO - Filling up the DagBag from /home/airflow/.local/lib/python3.7/site-packages/airflow/example_dags/example_skip_dag.py
[2022-12-10T16:44:41.660+0000] {processor.py:766} INFO - DAG(s) dict_keys(['example_skip_dag']) retrieved from /home/airflow/.local/lib/python3.7/site-packages/airflow/example_dags/example_skip_dag.py
[2022-12-10T16:44:41.694+0000] {logging_mixin.py:137} INFO - [2022-12-10T16:44:41.694+0000] {dag.py:2585} INFO - Sync 1 DAGs
[2022-12-10T16:44:41.713+0000] {logging_mixin.py:137} INFO - [2022-12-10T16:44:41.713+0000] {dag.py:3340} INFO - Setting next_dagrun for example_skip_dag to 2022-12-09T16:44:41.713483+00:00, run_after=2022-12-10T16:44:41.713483+00:00
[2022-12-10T16:44:41.726+0000] {processor.py:176} INFO - Processing /home/airflow/.local/lib/python3.7/site-packages/airflow/example_dags/example_skip_dag.py took 0.084 seconds
[2022-12-10T18:09:53.015+0000] {processor.py:154} INFO - Started process (PID=48736) to work on /home/airflow/.local/lib/python3.7/site-packages/airflow/example_dags/example_skip_dag.py
[2022-12-10T18:09:53.017+0000] {processor.py:756} INFO - Processing file /home/airflow/.local/lib/python3.7/site-packages/airflow/example_dags/example_skip_dag.py for tasks to queue
[2022-12-10T18:09:53.019+0000] {logging_mixin.py:137} INFO - [2022-12-10T18:09:53.019+0000] {dagbag.py:537} INFO - Filling up the DagBag from /home/airflow/.local/lib/python3.7/site-packages/airflow/example_dags/example_skip_dag.py
[2022-12-10T18:09:53.029+0000] {processor.py:766} INFO - DAG(s) dict_keys(['example_skip_dag']) retrieved from /home/airflow/.local/lib/python3.7/site-packages/airflow/example_dags/example_skip_dag.py
[2022-12-10T18:09:53.063+0000] {logging_mixin.py:137} INFO - [2022-12-10T18:09:53.062+0000] {dag.py:2585} INFO - Sync 1 DAGs
[2022-12-10T18:09:53.083+0000] {logging_mixin.py:137} INFO - [2022-12-10T18:09:53.083+0000] {dag.py:3340} INFO - Setting next_dagrun for example_skip_dag to 2022-12-09T18:09:53.083551+00:00, run_after=2022-12-10T18:09:53.083551+00:00
[2022-12-10T18:09:53.097+0000] {processor.py:176} INFO - Processing /home/airflow/.local/lib/python3.7/site-packages/airflow/example_dags/example_skip_dag.py took 0.085 seconds
[2022-12-10T19:51:57.823+0000] {processor.py:154} INFO - Started process (PID=48801) to work on /home/airflow/.local/lib/python3.7/site-packages/airflow/example_dags/example_skip_dag.py
[2022-12-10T19:51:57.825+0000] {processor.py:756} INFO - Processing file /home/airflow/.local/lib/python3.7/site-packages/airflow/example_dags/example_skip_dag.py for tasks to queue
[2022-12-10T19:51:57.827+0000] {logging_mixin.py:137} INFO - [2022-12-10T19:51:57.827+0000] {dagbag.py:537} INFO - Filling up the DagBag from /home/airflow/.local/lib/python3.7/site-packages/airflow/example_dags/example_skip_dag.py
[2022-12-10T19:51:57.841+0000] {processor.py:766} INFO - DAG(s) dict_keys(['example_skip_dag']) retrieved from /home/airflow/.local/lib/python3.7/site-packages/airflow/example_dags/example_skip_dag.py
[2022-12-10T19:51:57.874+0000] {logging_mixin.py:137} INFO - [2022-12-10T19:51:57.874+0000] {dag.py:2585} INFO - Sync 1 DAGs
[2022-12-10T19:51:57.893+0000] {logging_mixin.py:137} INFO - [2022-12-10T19:51:57.893+0000] {dag.py:3340} INFO - Setting next_dagrun for example_skip_dag to 2022-12-09T19:51:57.893389+00:00, run_after=2022-12-10T19:51:57.893389+00:00
[2022-12-10T19:51:57.909+0000] {processor.py:176} INFO - Processing /home/airflow/.local/lib/python3.7/site-packages/airflow/example_dags/example_skip_dag.py took 0.088 seconds
[2022-12-10T21:32:06.510+0000] {processor.py:154} INFO - Started process (PID=48859) to work on /home/airflow/.local/lib/python3.7/site-packages/airflow/example_dags/example_skip_dag.py
[2022-12-10T21:32:06.511+0000] {processor.py:756} INFO - Processing file /home/airflow/.local/lib/python3.7/site-packages/airflow/example_dags/example_skip_dag.py for tasks to queue
[2022-12-10T21:32:06.512+0000] {logging_mixin.py:137} INFO - [2022-12-10T21:32:06.512+0000] {dagbag.py:537} INFO - Filling up the DagBag from /home/airflow/.local/lib/python3.7/site-packages/airflow/example_dags/example_skip_dag.py
[2022-12-10T21:32:06.523+0000] {processor.py:766} INFO - DAG(s) dict_keys(['example_skip_dag']) retrieved from /home/airflow/.local/lib/python3.7/site-packages/airflow/example_dags/example_skip_dag.py
[2022-12-10T21:32:06.551+0000] {logging_mixin.py:137} INFO - [2022-12-10T21:32:06.551+0000] {dag.py:2585} INFO - Sync 1 DAGs
[2022-12-10T21:32:06.566+0000] {logging_mixin.py:137} INFO - [2022-12-10T21:32:06.566+0000] {dag.py:3340} INFO - Setting next_dagrun for example_skip_dag to 2022-12-09T21:32:06.566749+00:00, run_after=2022-12-10T21:32:06.566749+00:00
[2022-12-10T21:32:06.579+0000] {processor.py:176} INFO - Processing /home/airflow/.local/lib/python3.7/site-packages/airflow/example_dags/example_skip_dag.py took 0.072 seconds
[2022-12-10T22:56:11.435+0000] {processor.py:154} INFO - Started process (PID=48927) to work on /home/airflow/.local/lib/python3.7/site-packages/airflow/example_dags/example_skip_dag.py
[2022-12-10T22:56:11.438+0000] {processor.py:756} INFO - Processing file /home/airflow/.local/lib/python3.7/site-packages/airflow/example_dags/example_skip_dag.py for tasks to queue
[2022-12-10T22:56:11.439+0000] {logging_mixin.py:137} INFO - [2022-12-10T22:56:11.439+0000] {dagbag.py:537} INFO - Filling up the DagBag from /home/airflow/.local/lib/python3.7/site-packages/airflow/example_dags/example_skip_dag.py
[2022-12-10T22:56:11.451+0000] {processor.py:766} INFO - DAG(s) dict_keys(['example_skip_dag']) retrieved from /home/airflow/.local/lib/python3.7/site-packages/airflow/example_dags/example_skip_dag.py
[2022-12-10T22:56:11.554+0000] {logging_mixin.py:137} INFO - [2022-12-10T22:56:11.554+0000] {dag.py:2585} INFO - Sync 1 DAGs
[2022-12-10T22:56:11.622+0000] {logging_mixin.py:137} INFO - [2022-12-10T22:56:11.621+0000] {dag.py:3340} INFO - Setting next_dagrun for example_skip_dag to 2022-12-09T22:56:11.621650+00:00, run_after=2022-12-10T22:56:11.621650+00:00
[2022-12-10T22:56:11.693+0000] {processor.py:176} INFO - Processing /home/airflow/.local/lib/python3.7/site-packages/airflow/example_dags/example_skip_dag.py took 0.261 seconds
[2022-12-10T23:54:30.132+0000] {processor.py:154} INFO - Started process (PID=48994) to work on /home/airflow/.local/lib/python3.7/site-packages/airflow/example_dags/example_skip_dag.py
[2022-12-10T23:54:30.134+0000] {processor.py:756} INFO - Processing file /home/airflow/.local/lib/python3.7/site-packages/airflow/example_dags/example_skip_dag.py for tasks to queue
[2022-12-10T23:54:30.135+0000] {logging_mixin.py:137} INFO - [2022-12-10T23:54:30.135+0000] {dagbag.py:537} INFO - Filling up the DagBag from /home/airflow/.local/lib/python3.7/site-packages/airflow/example_dags/example_skip_dag.py
[2022-12-10T23:54:30.149+0000] {processor.py:766} INFO - DAG(s) dict_keys(['example_skip_dag']) retrieved from /home/airflow/.local/lib/python3.7/site-packages/airflow/example_dags/example_skip_dag.py
[2022-12-10T23:54:30.191+0000] {logging_mixin.py:137} INFO - [2022-12-10T23:54:30.191+0000] {dag.py:2585} INFO - Sync 1 DAGs
[2022-12-10T23:54:30.209+0000] {logging_mixin.py:137} INFO - [2022-12-10T23:54:30.209+0000] {dag.py:3340} INFO - Setting next_dagrun for example_skip_dag to 2022-12-09T23:54:30.209394+00:00, run_after=2022-12-10T23:54:30.209394+00:00
[2022-12-10T23:54:30.226+0000] {processor.py:176} INFO - Processing /home/airflow/.local/lib/python3.7/site-packages/airflow/example_dags/example_skip_dag.py took 0.097 seconds
