[2022-12-10T01:13:56.723+0000] {processor.py:154} INFO - Started process (PID=47950) to work on /home/airflow/.local/lib/python3.7/site-packages/airflow/example_dags/example_complex.py
[2022-12-10T01:13:56.726+0000] {processor.py:756} INFO - Processing file /home/airflow/.local/lib/python3.7/site-packages/airflow/example_dags/example_complex.py for tasks to queue
[2022-12-10T01:13:56.728+0000] {logging_mixin.py:137} INFO - [2022-12-10T01:13:56.728+0000] {dagbag.py:537} INFO - Filling up the DagBag from /home/airflow/.local/lib/python3.7/site-packages/airflow/example_dags/example_complex.py
[2022-12-10T01:13:56.736+0000] {logging_mixin.py:137} INFO - [2022-12-10T01:13:56.736+0000] {taskmixin.py:205} WARNING - Dependency <Task(BashOperator): create_entry_group>, delete_entry_group already registered for DAG: example_complex
[2022-12-10T01:13:56.738+0000] {logging_mixin.py:137} INFO - [2022-12-10T01:13:56.737+0000] {taskmixin.py:205} WARNING - Dependency <Task(BashOperator): delete_entry_group>, create_entry_group already registered for DAG: example_complex
[2022-12-10T01:13:56.738+0000] {logging_mixin.py:137} INFO - [2022-12-10T01:13:56.738+0000] {taskmixin.py:205} WARNING - Dependency <Task(BashOperator): create_entry_gcs>, delete_entry already registered for DAG: example_complex
[2022-12-10T01:13:56.739+0000] {logging_mixin.py:137} INFO - [2022-12-10T01:13:56.739+0000] {taskmixin.py:205} WARNING - Dependency <Task(BashOperator): delete_entry>, create_entry_gcs already registered for DAG: example_complex
[2022-12-10T01:13:56.741+0000] {logging_mixin.py:137} INFO - [2022-12-10T01:13:56.741+0000] {taskmixin.py:205} WARNING - Dependency <Task(BashOperator): create_tag>, delete_tag already registered for DAG: example_complex
[2022-12-10T01:13:56.742+0000] {logging_mixin.py:137} INFO - [2022-12-10T01:13:56.742+0000] {taskmixin.py:205} WARNING - Dependency <Task(BashOperator): delete_tag>, create_tag already registered for DAG: example_complex
[2022-12-10T01:13:56.748+0000] {processor.py:766} INFO - DAG(s) dict_keys(['example_complex']) retrieved from /home/airflow/.local/lib/python3.7/site-packages/airflow/example_dags/example_complex.py
[2022-12-10T01:13:56.780+0000] {logging_mixin.py:137} INFO - [2022-12-10T01:13:56.780+0000] {dag.py:2585} INFO - Sync 1 DAGs
[2022-12-10T01:13:56.799+0000] {logging_mixin.py:137} INFO - [2022-12-10T01:13:56.799+0000] {dag.py:3340} INFO - Setting next_dagrun for example_complex to None, run_after=None
[2022-12-10T01:13:56.814+0000] {processor.py:176} INFO - Processing /home/airflow/.local/lib/python3.7/site-packages/airflow/example_dags/example_complex.py took 0.093 seconds
[2022-12-10T02:35:30.228+0000] {processor.py:154} INFO - Started process (PID=48007) to work on /home/airflow/.local/lib/python3.7/site-packages/airflow/example_dags/example_complex.py
[2022-12-10T02:35:30.230+0000] {processor.py:756} INFO - Processing file /home/airflow/.local/lib/python3.7/site-packages/airflow/example_dags/example_complex.py for tasks to queue
[2022-12-10T02:35:30.231+0000] {logging_mixin.py:137} INFO - [2022-12-10T02:35:30.231+0000] {dagbag.py:537} INFO - Filling up the DagBag from /home/airflow/.local/lib/python3.7/site-packages/airflow/example_dags/example_complex.py
[2022-12-10T02:35:30.239+0000] {logging_mixin.py:137} INFO - [2022-12-10T02:35:30.239+0000] {taskmixin.py:205} WARNING - Dependency <Task(BashOperator): create_entry_group>, delete_entry_group already registered for DAG: example_complex
[2022-12-10T02:35:30.240+0000] {logging_mixin.py:137} INFO - [2022-12-10T02:35:30.240+0000] {taskmixin.py:205} WARNING - Dependency <Task(BashOperator): delete_entry_group>, create_entry_group already registered for DAG: example_complex
[2022-12-10T02:35:30.242+0000] {logging_mixin.py:137} INFO - [2022-12-10T02:35:30.242+0000] {taskmixin.py:205} WARNING - Dependency <Task(BashOperator): create_entry_gcs>, delete_entry already registered for DAG: example_complex
[2022-12-10T02:35:30.243+0000] {logging_mixin.py:137} INFO - [2022-12-10T02:35:30.243+0000] {taskmixin.py:205} WARNING - Dependency <Task(BashOperator): delete_entry>, create_entry_gcs already registered for DAG: example_complex
[2022-12-10T02:35:30.245+0000] {logging_mixin.py:137} INFO - [2022-12-10T02:35:30.245+0000] {taskmixin.py:205} WARNING - Dependency <Task(BashOperator): create_tag>, delete_tag already registered for DAG: example_complex
[2022-12-10T02:35:30.246+0000] {logging_mixin.py:137} INFO - [2022-12-10T02:35:30.246+0000] {taskmixin.py:205} WARNING - Dependency <Task(BashOperator): delete_tag>, create_tag already registered for DAG: example_complex
[2022-12-10T02:35:30.252+0000] {processor.py:766} INFO - DAG(s) dict_keys(['example_complex']) retrieved from /home/airflow/.local/lib/python3.7/site-packages/airflow/example_dags/example_complex.py
[2022-12-10T02:35:30.287+0000] {logging_mixin.py:137} INFO - [2022-12-10T02:35:30.287+0000] {dag.py:2585} INFO - Sync 1 DAGs
[2022-12-10T02:35:30.303+0000] {logging_mixin.py:137} INFO - [2022-12-10T02:35:30.303+0000] {dag.py:3340} INFO - Setting next_dagrun for example_complex to None, run_after=None
[2022-12-10T02:35:30.319+0000] {processor.py:176} INFO - Processing /home/airflow/.local/lib/python3.7/site-packages/airflow/example_dags/example_complex.py took 0.093 seconds
[2022-12-10T03:43:50.712+0000] {processor.py:154} INFO - Started process (PID=48072) to work on /home/airflow/.local/lib/python3.7/site-packages/airflow/example_dags/example_complex.py
[2022-12-10T03:43:50.714+0000] {processor.py:756} INFO - Processing file /home/airflow/.local/lib/python3.7/site-packages/airflow/example_dags/example_complex.py for tasks to queue
[2022-12-10T03:43:50.715+0000] {logging_mixin.py:137} INFO - [2022-12-10T03:43:50.715+0000] {dagbag.py:537} INFO - Filling up the DagBag from /home/airflow/.local/lib/python3.7/site-packages/airflow/example_dags/example_complex.py
[2022-12-10T03:43:50.834+0000] {logging_mixin.py:137} INFO - [2022-12-10T03:43:50.834+0000] {taskmixin.py:205} WARNING - Dependency <Task(BashOperator): create_entry_group>, delete_entry_group already registered for DAG: example_complex
[2022-12-10T03:43:50.887+0000] {logging_mixin.py:137} INFO - [2022-12-10T03:43:50.887+0000] {taskmixin.py:205} WARNING - Dependency <Task(BashOperator): delete_entry_group>, create_entry_group already registered for DAG: example_complex
[2022-12-10T03:43:50.902+0000] {logging_mixin.py:137} INFO - [2022-12-10T03:43:50.899+0000] {taskmixin.py:205} WARNING - Dependency <Task(BashOperator): create_entry_gcs>, delete_entry already registered for DAG: example_complex
[2022-12-10T03:43:50.916+0000] {logging_mixin.py:137} INFO - [2022-12-10T03:43:50.915+0000] {taskmixin.py:205} WARNING - Dependency <Task(BashOperator): delete_entry>, create_entry_gcs already registered for DAG: example_complex
[2022-12-10T03:43:50.918+0000] {logging_mixin.py:137} INFO - [2022-12-10T03:43:50.918+0000] {taskmixin.py:205} WARNING - Dependency <Task(BashOperator): create_tag>, delete_tag already registered for DAG: example_complex
[2022-12-10T03:43:50.920+0000] {logging_mixin.py:137} INFO - [2022-12-10T03:43:50.920+0000] {taskmixin.py:205} WARNING - Dependency <Task(BashOperator): delete_tag>, create_tag already registered for DAG: example_complex
[2022-12-10T03:43:50.930+0000] {processor.py:766} INFO - DAG(s) dict_keys(['example_complex']) retrieved from /home/airflow/.local/lib/python3.7/site-packages/airflow/example_dags/example_complex.py
[2022-12-10T03:43:51.046+0000] {logging_mixin.py:137} INFO - [2022-12-10T03:43:51.046+0000] {dag.py:2585} INFO - Sync 1 DAGs
[2022-12-10T03:43:51.066+0000] {logging_mixin.py:137} INFO - [2022-12-10T03:43:51.066+0000] {dag.py:3340} INFO - Setting next_dagrun for example_complex to None, run_after=None
[2022-12-10T03:43:51.093+0000] {processor.py:176} INFO - Processing /home/airflow/.local/lib/python3.7/site-packages/airflow/example_dags/example_complex.py took 0.384 seconds
[2022-12-10T04:16:19.849+0000] {processor.py:154} INFO - Started process (PID=48139) to work on /home/airflow/.local/lib/python3.7/site-packages/airflow/example_dags/example_complex.py
[2022-12-10T04:16:19.851+0000] {processor.py:756} INFO - Processing file /home/airflow/.local/lib/python3.7/site-packages/airflow/example_dags/example_complex.py for tasks to queue
[2022-12-10T04:16:19.854+0000] {logging_mixin.py:137} INFO - [2022-12-10T04:16:19.854+0000] {dagbag.py:537} INFO - Filling up the DagBag from /home/airflow/.local/lib/python3.7/site-packages/airflow/example_dags/example_complex.py
[2022-12-10T04:16:19.862+0000] {logging_mixin.py:137} INFO - [2022-12-10T04:16:19.862+0000] {taskmixin.py:205} WARNING - Dependency <Task(BashOperator): create_entry_group>, delete_entry_group already registered for DAG: example_complex
[2022-12-10T04:16:19.863+0000] {logging_mixin.py:137} INFO - [2022-12-10T04:16:19.863+0000] {taskmixin.py:205} WARNING - Dependency <Task(BashOperator): delete_entry_group>, create_entry_group already registered for DAG: example_complex
[2022-12-10T04:16:19.864+0000] {logging_mixin.py:137} INFO - [2022-12-10T04:16:19.864+0000] {taskmixin.py:205} WARNING - Dependency <Task(BashOperator): create_entry_gcs>, delete_entry already registered for DAG: example_complex
[2022-12-10T04:16:19.865+0000] {logging_mixin.py:137} INFO - [2022-12-10T04:16:19.865+0000] {taskmixin.py:205} WARNING - Dependency <Task(BashOperator): delete_entry>, create_entry_gcs already registered for DAG: example_complex
[2022-12-10T04:16:19.866+0000] {logging_mixin.py:137} INFO - [2022-12-10T04:16:19.866+0000] {taskmixin.py:205} WARNING - Dependency <Task(BashOperator): create_tag>, delete_tag already registered for DAG: example_complex
[2022-12-10T04:16:19.867+0000] {logging_mixin.py:137} INFO - [2022-12-10T04:16:19.867+0000] {taskmixin.py:205} WARNING - Dependency <Task(BashOperator): delete_tag>, create_tag already registered for DAG: example_complex
[2022-12-10T04:16:19.873+0000] {processor.py:766} INFO - DAG(s) dict_keys(['example_complex']) retrieved from /home/airflow/.local/lib/python3.7/site-packages/airflow/example_dags/example_complex.py
[2022-12-10T04:16:19.907+0000] {logging_mixin.py:137} INFO - [2022-12-10T04:16:19.907+0000] {dag.py:2585} INFO - Sync 1 DAGs
[2022-12-10T04:16:19.924+0000] {logging_mixin.py:137} INFO - [2022-12-10T04:16:19.924+0000] {dag.py:3340} INFO - Setting next_dagrun for example_complex to None, run_after=None
[2022-12-10T04:16:19.938+0000] {processor.py:176} INFO - Processing /home/airflow/.local/lib/python3.7/site-packages/airflow/example_dags/example_complex.py took 0.091 seconds
[2022-12-10T05:54:53.925+0000] {processor.py:154} INFO - Started process (PID=48207) to work on /home/airflow/.local/lib/python3.7/site-packages/airflow/example_dags/example_complex.py
[2022-12-10T05:54:53.928+0000] {processor.py:756} INFO - Processing file /home/airflow/.local/lib/python3.7/site-packages/airflow/example_dags/example_complex.py for tasks to queue
[2022-12-10T05:54:53.930+0000] {logging_mixin.py:137} INFO - [2022-12-10T05:54:53.930+0000] {dagbag.py:537} INFO - Filling up the DagBag from /home/airflow/.local/lib/python3.7/site-packages/airflow/example_dags/example_complex.py
[2022-12-10T05:54:53.942+0000] {logging_mixin.py:137} INFO - [2022-12-10T05:54:53.942+0000] {taskmixin.py:205} WARNING - Dependency <Task(BashOperator): create_entry_group>, delete_entry_group already registered for DAG: example_complex
[2022-12-10T05:54:53.944+0000] {logging_mixin.py:137} INFO - [2022-12-10T05:54:53.944+0000] {taskmixin.py:205} WARNING - Dependency <Task(BashOperator): delete_entry_group>, create_entry_group already registered for DAG: example_complex
[2022-12-10T05:54:53.945+0000] {logging_mixin.py:137} INFO - [2022-12-10T05:54:53.945+0000] {taskmixin.py:205} WARNING - Dependency <Task(BashOperator): create_entry_gcs>, delete_entry already registered for DAG: example_complex
[2022-12-10T05:54:53.947+0000] {logging_mixin.py:137} INFO - [2022-12-10T05:54:53.947+0000] {taskmixin.py:205} WARNING - Dependency <Task(BashOperator): delete_entry>, create_entry_gcs already registered for DAG: example_complex
[2022-12-10T05:54:53.948+0000] {logging_mixin.py:137} INFO - [2022-12-10T05:54:53.948+0000] {taskmixin.py:205} WARNING - Dependency <Task(BashOperator): create_tag>, delete_tag already registered for DAG: example_complex
[2022-12-10T05:54:53.951+0000] {logging_mixin.py:137} INFO - [2022-12-10T05:54:53.950+0000] {taskmixin.py:205} WARNING - Dependency <Task(BashOperator): delete_tag>, create_tag already registered for DAG: example_complex
[2022-12-10T05:54:53.958+0000] {processor.py:766} INFO - DAG(s) dict_keys(['example_complex']) retrieved from /home/airflow/.local/lib/python3.7/site-packages/airflow/example_dags/example_complex.py
[2022-12-10T05:54:54.005+0000] {logging_mixin.py:137} INFO - [2022-12-10T05:54:54.005+0000] {dag.py:2585} INFO - Sync 1 DAGs
[2022-12-10T05:54:54.024+0000] {logging_mixin.py:137} INFO - [2022-12-10T05:54:54.024+0000] {dag.py:3340} INFO - Setting next_dagrun for example_complex to None, run_after=None
[2022-12-10T05:54:54.041+0000] {processor.py:176} INFO - Processing /home/airflow/.local/lib/python3.7/site-packages/airflow/example_dags/example_complex.py took 0.119 seconds
[2022-12-10T07:18:16.524+0000] {processor.py:154} INFO - Started process (PID=48266) to work on /home/airflow/.local/lib/python3.7/site-packages/airflow/example_dags/example_complex.py
[2022-12-10T07:18:16.526+0000] {processor.py:756} INFO - Processing file /home/airflow/.local/lib/python3.7/site-packages/airflow/example_dags/example_complex.py for tasks to queue
[2022-12-10T07:18:16.527+0000] {logging_mixin.py:137} INFO - [2022-12-10T07:18:16.527+0000] {dagbag.py:537} INFO - Filling up the DagBag from /home/airflow/.local/lib/python3.7/site-packages/airflow/example_dags/example_complex.py
[2022-12-10T07:18:16.537+0000] {logging_mixin.py:137} INFO - [2022-12-10T07:18:16.537+0000] {taskmixin.py:205} WARNING - Dependency <Task(BashOperator): create_entry_group>, delete_entry_group already registered for DAG: example_complex
[2022-12-10T07:18:16.540+0000] {logging_mixin.py:137} INFO - [2022-12-10T07:18:16.540+0000] {taskmixin.py:205} WARNING - Dependency <Task(BashOperator): delete_entry_group>, create_entry_group already registered for DAG: example_complex
[2022-12-10T07:18:16.542+0000] {logging_mixin.py:137} INFO - [2022-12-10T07:18:16.542+0000] {taskmixin.py:205} WARNING - Dependency <Task(BashOperator): create_entry_gcs>, delete_entry already registered for DAG: example_complex
[2022-12-10T07:18:16.544+0000] {logging_mixin.py:137} INFO - [2022-12-10T07:18:16.544+0000] {taskmixin.py:205} WARNING - Dependency <Task(BashOperator): delete_entry>, create_entry_gcs already registered for DAG: example_complex
[2022-12-10T07:18:16.546+0000] {logging_mixin.py:137} INFO - [2022-12-10T07:18:16.546+0000] {taskmixin.py:205} WARNING - Dependency <Task(BashOperator): create_tag>, delete_tag already registered for DAG: example_complex
[2022-12-10T07:18:16.547+0000] {logging_mixin.py:137} INFO - [2022-12-10T07:18:16.547+0000] {taskmixin.py:205} WARNING - Dependency <Task(BashOperator): delete_tag>, create_tag already registered for DAG: example_complex
[2022-12-10T07:18:16.556+0000] {processor.py:766} INFO - DAG(s) dict_keys(['example_complex']) retrieved from /home/airflow/.local/lib/python3.7/site-packages/airflow/example_dags/example_complex.py
[2022-12-10T07:18:16.600+0000] {logging_mixin.py:137} INFO - [2022-12-10T07:18:16.600+0000] {dag.py:2585} INFO - Sync 1 DAGs
[2022-12-10T07:18:16.620+0000] {logging_mixin.py:137} INFO - [2022-12-10T07:18:16.619+0000] {dag.py:3340} INFO - Setting next_dagrun for example_complex to None, run_after=None
[2022-12-10T07:18:16.635+0000] {processor.py:176} INFO - Processing /home/airflow/.local/lib/python3.7/site-packages/airflow/example_dags/example_complex.py took 0.113 seconds
[2022-12-10T08:58:58.101+0000] {processor.py:154} INFO - Started process (PID=48334) to work on /home/airflow/.local/lib/python3.7/site-packages/airflow/example_dags/example_complex.py
[2022-12-10T08:58:58.102+0000] {processor.py:756} INFO - Processing file /home/airflow/.local/lib/python3.7/site-packages/airflow/example_dags/example_complex.py for tasks to queue
[2022-12-10T08:58:58.103+0000] {logging_mixin.py:137} INFO - [2022-12-10T08:58:58.103+0000] {dagbag.py:537} INFO - Filling up the DagBag from /home/airflow/.local/lib/python3.7/site-packages/airflow/example_dags/example_complex.py
[2022-12-10T08:58:58.114+0000] {logging_mixin.py:137} INFO - [2022-12-10T08:58:58.114+0000] {taskmixin.py:205} WARNING - Dependency <Task(BashOperator): create_entry_group>, delete_entry_group already registered for DAG: example_complex
[2022-12-10T08:58:58.116+0000] {logging_mixin.py:137} INFO - [2022-12-10T08:58:58.115+0000] {taskmixin.py:205} WARNING - Dependency <Task(BashOperator): delete_entry_group>, create_entry_group already registered for DAG: example_complex
[2022-12-10T08:58:58.117+0000] {logging_mixin.py:137} INFO - [2022-12-10T08:58:58.117+0000] {taskmixin.py:205} WARNING - Dependency <Task(BashOperator): create_entry_gcs>, delete_entry already registered for DAG: example_complex
[2022-12-10T08:58:58.118+0000] {logging_mixin.py:137} INFO - [2022-12-10T08:58:58.118+0000] {taskmixin.py:205} WARNING - Dependency <Task(BashOperator): delete_entry>, create_entry_gcs already registered for DAG: example_complex
[2022-12-10T08:58:58.120+0000] {logging_mixin.py:137} INFO - [2022-12-10T08:58:58.119+0000] {taskmixin.py:205} WARNING - Dependency <Task(BashOperator): create_tag>, delete_tag already registered for DAG: example_complex
[2022-12-10T08:58:58.121+0000] {logging_mixin.py:137} INFO - [2022-12-10T08:58:58.121+0000] {taskmixin.py:205} WARNING - Dependency <Task(BashOperator): delete_tag>, create_tag already registered for DAG: example_complex
[2022-12-10T08:58:58.129+0000] {processor.py:766} INFO - DAG(s) dict_keys(['example_complex']) retrieved from /home/airflow/.local/lib/python3.7/site-packages/airflow/example_dags/example_complex.py
[2022-12-10T08:58:58.171+0000] {logging_mixin.py:137} INFO - [2022-12-10T08:58:58.170+0000] {dag.py:2585} INFO - Sync 1 DAGs
[2022-12-10T08:58:58.187+0000] {logging_mixin.py:137} INFO - [2022-12-10T08:58:58.187+0000] {dag.py:3340} INFO - Setting next_dagrun for example_complex to None, run_after=None
[2022-12-10T08:58:58.200+0000] {processor.py:176} INFO - Processing /home/airflow/.local/lib/python3.7/site-packages/airflow/example_dags/example_complex.py took 0.102 seconds
[2022-12-10T10:34:17.815+0000] {processor.py:154} INFO - Started process (PID=48401) to work on /home/airflow/.local/lib/python3.7/site-packages/airflow/example_dags/example_complex.py
[2022-12-10T10:34:17.817+0000] {processor.py:756} INFO - Processing file /home/airflow/.local/lib/python3.7/site-packages/airflow/example_dags/example_complex.py for tasks to queue
[2022-12-10T10:34:17.818+0000] {logging_mixin.py:137} INFO - [2022-12-10T10:34:17.818+0000] {dagbag.py:537} INFO - Filling up the DagBag from /home/airflow/.local/lib/python3.7/site-packages/airflow/example_dags/example_complex.py
[2022-12-10T10:34:17.828+0000] {logging_mixin.py:137} INFO - [2022-12-10T10:34:17.828+0000] {taskmixin.py:205} WARNING - Dependency <Task(BashOperator): create_entry_group>, delete_entry_group already registered for DAG: example_complex
[2022-12-10T10:34:17.830+0000] {logging_mixin.py:137} INFO - [2022-12-10T10:34:17.830+0000] {taskmixin.py:205} WARNING - Dependency <Task(BashOperator): delete_entry_group>, create_entry_group already registered for DAG: example_complex
[2022-12-10T10:34:17.831+0000] {logging_mixin.py:137} INFO - [2022-12-10T10:34:17.831+0000] {taskmixin.py:205} WARNING - Dependency <Task(BashOperator): create_entry_gcs>, delete_entry already registered for DAG: example_complex
[2022-12-10T10:34:17.832+0000] {logging_mixin.py:137} INFO - [2022-12-10T10:34:17.832+0000] {taskmixin.py:205} WARNING - Dependency <Task(BashOperator): delete_entry>, create_entry_gcs already registered for DAG: example_complex
[2022-12-10T10:34:17.833+0000] {logging_mixin.py:137} INFO - [2022-12-10T10:34:17.833+0000] {taskmixin.py:205} WARNING - Dependency <Task(BashOperator): create_tag>, delete_tag already registered for DAG: example_complex
[2022-12-10T10:34:17.834+0000] {logging_mixin.py:137} INFO - [2022-12-10T10:34:17.834+0000] {taskmixin.py:205} WARNING - Dependency <Task(BashOperator): delete_tag>, create_tag already registered for DAG: example_complex
[2022-12-10T10:34:17.844+0000] {processor.py:766} INFO - DAG(s) dict_keys(['example_complex']) retrieved from /home/airflow/.local/lib/python3.7/site-packages/airflow/example_dags/example_complex.py
[2022-12-10T10:34:17.887+0000] {logging_mixin.py:137} INFO - [2022-12-10T10:34:17.887+0000] {dag.py:2585} INFO - Sync 1 DAGs
[2022-12-10T10:34:17.909+0000] {logging_mixin.py:137} INFO - [2022-12-10T10:34:17.909+0000] {dag.py:3340} INFO - Setting next_dagrun for example_complex to None, run_after=None
[2022-12-10T10:34:17.928+0000] {processor.py:176} INFO - Processing /home/airflow/.local/lib/python3.7/site-packages/airflow/example_dags/example_complex.py took 0.116 seconds
[2022-12-10T11:57:25.202+0000] {processor.py:154} INFO - Started process (PID=48469) to work on /home/airflow/.local/lib/python3.7/site-packages/airflow/example_dags/example_complex.py
[2022-12-10T11:57:25.204+0000] {processor.py:756} INFO - Processing file /home/airflow/.local/lib/python3.7/site-packages/airflow/example_dags/example_complex.py for tasks to queue
[2022-12-10T11:57:25.205+0000] {logging_mixin.py:137} INFO - [2022-12-10T11:57:25.205+0000] {dagbag.py:537} INFO - Filling up the DagBag from /home/airflow/.local/lib/python3.7/site-packages/airflow/example_dags/example_complex.py
[2022-12-10T11:57:25.215+0000] {logging_mixin.py:137} INFO - [2022-12-10T11:57:25.215+0000] {taskmixin.py:205} WARNING - Dependency <Task(BashOperator): create_entry_group>, delete_entry_group already registered for DAG: example_complex
[2022-12-10T11:57:25.216+0000] {logging_mixin.py:137} INFO - [2022-12-10T11:57:25.216+0000] {taskmixin.py:205} WARNING - Dependency <Task(BashOperator): delete_entry_group>, create_entry_group already registered for DAG: example_complex
[2022-12-10T11:57:25.217+0000] {logging_mixin.py:137} INFO - [2022-12-10T11:57:25.217+0000] {taskmixin.py:205} WARNING - Dependency <Task(BashOperator): create_entry_gcs>, delete_entry already registered for DAG: example_complex
[2022-12-10T11:57:25.218+0000] {logging_mixin.py:137} INFO - [2022-12-10T11:57:25.218+0000] {taskmixin.py:205} WARNING - Dependency <Task(BashOperator): delete_entry>, create_entry_gcs already registered for DAG: example_complex
[2022-12-10T11:57:25.219+0000] {logging_mixin.py:137} INFO - [2022-12-10T11:57:25.219+0000] {taskmixin.py:205} WARNING - Dependency <Task(BashOperator): create_tag>, delete_tag already registered for DAG: example_complex
[2022-12-10T11:57:25.220+0000] {logging_mixin.py:137} INFO - [2022-12-10T11:57:25.220+0000] {taskmixin.py:205} WARNING - Dependency <Task(BashOperator): delete_tag>, create_tag already registered for DAG: example_complex
[2022-12-10T11:57:25.226+0000] {processor.py:766} INFO - DAG(s) dict_keys(['example_complex']) retrieved from /home/airflow/.local/lib/python3.7/site-packages/airflow/example_dags/example_complex.py
[2022-12-10T11:57:25.265+0000] {logging_mixin.py:137} INFO - [2022-12-10T11:57:25.265+0000] {dag.py:2585} INFO - Sync 1 DAGs
[2022-12-10T11:57:25.284+0000] {logging_mixin.py:137} INFO - [2022-12-10T11:57:25.284+0000] {dag.py:3340} INFO - Setting next_dagrun for example_complex to None, run_after=None
[2022-12-10T11:57:25.299+0000] {processor.py:176} INFO - Processing /home/airflow/.local/lib/python3.7/site-packages/airflow/example_dags/example_complex.py took 0.099 seconds
[2022-12-10T13:36:25.423+0000] {processor.py:154} INFO - Started process (PID=48536) to work on /home/airflow/.local/lib/python3.7/site-packages/airflow/example_dags/example_complex.py
[2022-12-10T13:36:25.425+0000] {processor.py:756} INFO - Processing file /home/airflow/.local/lib/python3.7/site-packages/airflow/example_dags/example_complex.py for tasks to queue
[2022-12-10T13:36:25.427+0000] {logging_mixin.py:137} INFO - [2022-12-10T13:36:25.427+0000] {dagbag.py:537} INFO - Filling up the DagBag from /home/airflow/.local/lib/python3.7/site-packages/airflow/example_dags/example_complex.py
[2022-12-10T13:36:25.435+0000] {logging_mixin.py:137} INFO - [2022-12-10T13:36:25.435+0000] {taskmixin.py:205} WARNING - Dependency <Task(BashOperator): create_entry_group>, delete_entry_group already registered for DAG: example_complex
[2022-12-10T13:36:25.437+0000] {logging_mixin.py:137} INFO - [2022-12-10T13:36:25.436+0000] {taskmixin.py:205} WARNING - Dependency <Task(BashOperator): delete_entry_group>, create_entry_group already registered for DAG: example_complex
[2022-12-10T13:36:25.437+0000] {logging_mixin.py:137} INFO - [2022-12-10T13:36:25.437+0000] {taskmixin.py:205} WARNING - Dependency <Task(BashOperator): create_entry_gcs>, delete_entry already registered for DAG: example_complex
[2022-12-10T13:36:25.439+0000] {logging_mixin.py:137} INFO - [2022-12-10T13:36:25.439+0000] {taskmixin.py:205} WARNING - Dependency <Task(BashOperator): delete_entry>, create_entry_gcs already registered for DAG: example_complex
[2022-12-10T13:36:25.440+0000] {logging_mixin.py:137} INFO - [2022-12-10T13:36:25.440+0000] {taskmixin.py:205} WARNING - Dependency <Task(BashOperator): create_tag>, delete_tag already registered for DAG: example_complex
[2022-12-10T13:36:25.442+0000] {logging_mixin.py:137} INFO - [2022-12-10T13:36:25.441+0000] {taskmixin.py:205} WARNING - Dependency <Task(BashOperator): delete_tag>, create_tag already registered for DAG: example_complex
[2022-12-10T13:36:25.448+0000] {processor.py:766} INFO - DAG(s) dict_keys(['example_complex']) retrieved from /home/airflow/.local/lib/python3.7/site-packages/airflow/example_dags/example_complex.py
[2022-12-10T13:36:25.492+0000] {logging_mixin.py:137} INFO - [2022-12-10T13:36:25.492+0000] {dag.py:2585} INFO - Sync 1 DAGs
[2022-12-10T13:36:25.511+0000] {logging_mixin.py:137} INFO - [2022-12-10T13:36:25.511+0000] {dag.py:3340} INFO - Setting next_dagrun for example_complex to None, run_after=None
[2022-12-10T13:36:25.529+0000] {processor.py:176} INFO - Processing /home/airflow/.local/lib/python3.7/site-packages/airflow/example_dags/example_complex.py took 0.108 seconds
[2022-12-10T15:01:35.056+0000] {processor.py:154} INFO - Started process (PID=48593) to work on /home/airflow/.local/lib/python3.7/site-packages/airflow/example_dags/example_complex.py
[2022-12-10T15:01:35.058+0000] {processor.py:756} INFO - Processing file /home/airflow/.local/lib/python3.7/site-packages/airflow/example_dags/example_complex.py for tasks to queue
[2022-12-10T15:01:35.059+0000] {logging_mixin.py:137} INFO - [2022-12-10T15:01:35.059+0000] {dagbag.py:537} INFO - Filling up the DagBag from /home/airflow/.local/lib/python3.7/site-packages/airflow/example_dags/example_complex.py
[2022-12-10T15:01:35.068+0000] {logging_mixin.py:137} INFO - [2022-12-10T15:01:35.068+0000] {taskmixin.py:205} WARNING - Dependency <Task(BashOperator): create_entry_group>, delete_entry_group already registered for DAG: example_complex
[2022-12-10T15:01:35.069+0000] {logging_mixin.py:137} INFO - [2022-12-10T15:01:35.069+0000] {taskmixin.py:205} WARNING - Dependency <Task(BashOperator): delete_entry_group>, create_entry_group already registered for DAG: example_complex
[2022-12-10T15:01:35.070+0000] {logging_mixin.py:137} INFO - [2022-12-10T15:01:35.070+0000] {taskmixin.py:205} WARNING - Dependency <Task(BashOperator): create_entry_gcs>, delete_entry already registered for DAG: example_complex
[2022-12-10T15:01:35.070+0000] {logging_mixin.py:137} INFO - [2022-12-10T15:01:35.070+0000] {taskmixin.py:205} WARNING - Dependency <Task(BashOperator): delete_entry>, create_entry_gcs already registered for DAG: example_complex
[2022-12-10T15:01:35.071+0000] {logging_mixin.py:137} INFO - [2022-12-10T15:01:35.071+0000] {taskmixin.py:205} WARNING - Dependency <Task(BashOperator): create_tag>, delete_tag already registered for DAG: example_complex
[2022-12-10T15:01:35.072+0000] {logging_mixin.py:137} INFO - [2022-12-10T15:01:35.072+0000] {taskmixin.py:205} WARNING - Dependency <Task(BashOperator): delete_tag>, create_tag already registered for DAG: example_complex
[2022-12-10T15:01:35.078+0000] {processor.py:766} INFO - DAG(s) dict_keys(['example_complex']) retrieved from /home/airflow/.local/lib/python3.7/site-packages/airflow/example_dags/example_complex.py
[2022-12-10T15:01:35.112+0000] {logging_mixin.py:137} INFO - [2022-12-10T15:01:35.112+0000] {dag.py:2585} INFO - Sync 1 DAGs
[2022-12-10T15:01:35.133+0000] {logging_mixin.py:137} INFO - [2022-12-10T15:01:35.133+0000] {dag.py:3340} INFO - Setting next_dagrun for example_complex to None, run_after=None
[2022-12-10T15:01:35.147+0000] {processor.py:176} INFO - Processing /home/airflow/.local/lib/python3.7/site-packages/airflow/example_dags/example_complex.py took 0.094 seconds
[2022-12-10T16:44:41.215+0000] {processor.py:154} INFO - Started process (PID=48663) to work on /home/airflow/.local/lib/python3.7/site-packages/airflow/example_dags/example_complex.py
[2022-12-10T16:44:41.217+0000] {processor.py:756} INFO - Processing file /home/airflow/.local/lib/python3.7/site-packages/airflow/example_dags/example_complex.py for tasks to queue
[2022-12-10T16:44:41.219+0000] {logging_mixin.py:137} INFO - [2022-12-10T16:44:41.219+0000] {dagbag.py:537} INFO - Filling up the DagBag from /home/airflow/.local/lib/python3.7/site-packages/airflow/example_dags/example_complex.py
[2022-12-10T16:44:41.226+0000] {logging_mixin.py:137} INFO - [2022-12-10T16:44:41.226+0000] {taskmixin.py:205} WARNING - Dependency <Task(BashOperator): create_entry_group>, delete_entry_group already registered for DAG: example_complex
[2022-12-10T16:44:41.227+0000] {logging_mixin.py:137} INFO - [2022-12-10T16:44:41.227+0000] {taskmixin.py:205} WARNING - Dependency <Task(BashOperator): delete_entry_group>, create_entry_group already registered for DAG: example_complex
[2022-12-10T16:44:41.228+0000] {logging_mixin.py:137} INFO - [2022-12-10T16:44:41.228+0000] {taskmixin.py:205} WARNING - Dependency <Task(BashOperator): create_entry_gcs>, delete_entry already registered for DAG: example_complex
[2022-12-10T16:44:41.229+0000] {logging_mixin.py:137} INFO - [2022-12-10T16:44:41.229+0000] {taskmixin.py:205} WARNING - Dependency <Task(BashOperator): delete_entry>, create_entry_gcs already registered for DAG: example_complex
[2022-12-10T16:44:41.230+0000] {logging_mixin.py:137} INFO - [2022-12-10T16:44:41.230+0000] {taskmixin.py:205} WARNING - Dependency <Task(BashOperator): create_tag>, delete_tag already registered for DAG: example_complex
[2022-12-10T16:44:41.231+0000] {logging_mixin.py:137} INFO - [2022-12-10T16:44:41.231+0000] {taskmixin.py:205} WARNING - Dependency <Task(BashOperator): delete_tag>, create_tag already registered for DAG: example_complex
[2022-12-10T16:44:41.237+0000] {processor.py:766} INFO - DAG(s) dict_keys(['example_complex']) retrieved from /home/airflow/.local/lib/python3.7/site-packages/airflow/example_dags/example_complex.py
[2022-12-10T16:44:41.280+0000] {logging_mixin.py:137} INFO - [2022-12-10T16:44:41.280+0000] {dag.py:2585} INFO - Sync 1 DAGs
[2022-12-10T16:44:41.304+0000] {logging_mixin.py:137} INFO - [2022-12-10T16:44:41.304+0000] {dag.py:3340} INFO - Setting next_dagrun for example_complex to None, run_after=None
[2022-12-10T16:44:41.322+0000] {processor.py:176} INFO - Processing /home/airflow/.local/lib/python3.7/site-packages/airflow/example_dags/example_complex.py took 0.109 seconds
[2022-12-10T18:09:52.549+0000] {processor.py:154} INFO - Started process (PID=48730) to work on /home/airflow/.local/lib/python3.7/site-packages/airflow/example_dags/example_complex.py
[2022-12-10T18:09:52.552+0000] {processor.py:756} INFO - Processing file /home/airflow/.local/lib/python3.7/site-packages/airflow/example_dags/example_complex.py for tasks to queue
[2022-12-10T18:09:52.556+0000] {logging_mixin.py:137} INFO - [2022-12-10T18:09:52.555+0000] {dagbag.py:537} INFO - Filling up the DagBag from /home/airflow/.local/lib/python3.7/site-packages/airflow/example_dags/example_complex.py
[2022-12-10T18:09:52.567+0000] {logging_mixin.py:137} INFO - [2022-12-10T18:09:52.567+0000] {taskmixin.py:205} WARNING - Dependency <Task(BashOperator): create_entry_group>, delete_entry_group already registered for DAG: example_complex
[2022-12-10T18:09:52.569+0000] {logging_mixin.py:137} INFO - [2022-12-10T18:09:52.569+0000] {taskmixin.py:205} WARNING - Dependency <Task(BashOperator): delete_entry_group>, create_entry_group already registered for DAG: example_complex
[2022-12-10T18:09:52.573+0000] {logging_mixin.py:137} INFO - [2022-12-10T18:09:52.573+0000] {taskmixin.py:205} WARNING - Dependency <Task(BashOperator): create_entry_gcs>, delete_entry already registered for DAG: example_complex
[2022-12-10T18:09:52.574+0000] {logging_mixin.py:137} INFO - [2022-12-10T18:09:52.574+0000] {taskmixin.py:205} WARNING - Dependency <Task(BashOperator): delete_entry>, create_entry_gcs already registered for DAG: example_complex
[2022-12-10T18:09:52.577+0000] {logging_mixin.py:137} INFO - [2022-12-10T18:09:52.576+0000] {taskmixin.py:205} WARNING - Dependency <Task(BashOperator): create_tag>, delete_tag already registered for DAG: example_complex
[2022-12-10T18:09:52.581+0000] {logging_mixin.py:137} INFO - [2022-12-10T18:09:52.581+0000] {taskmixin.py:205} WARNING - Dependency <Task(BashOperator): delete_tag>, create_tag already registered for DAG: example_complex
[2022-12-10T18:09:52.593+0000] {processor.py:766} INFO - DAG(s) dict_keys(['example_complex']) retrieved from /home/airflow/.local/lib/python3.7/site-packages/airflow/example_dags/example_complex.py
[2022-12-10T18:09:52.635+0000] {logging_mixin.py:137} INFO - [2022-12-10T18:09:52.635+0000] {dag.py:2585} INFO - Sync 1 DAGs
[2022-12-10T18:09:52.655+0000] {logging_mixin.py:137} INFO - [2022-12-10T18:09:52.655+0000] {dag.py:3340} INFO - Setting next_dagrun for example_complex to None, run_after=None
[2022-12-10T18:09:52.673+0000] {processor.py:176} INFO - Processing /home/airflow/.local/lib/python3.7/site-packages/airflow/example_dags/example_complex.py took 0.127 seconds
[2022-12-10T19:51:56.931+0000] {processor.py:154} INFO - Started process (PID=48795) to work on /home/airflow/.local/lib/python3.7/site-packages/airflow/example_dags/example_complex.py
[2022-12-10T19:51:56.933+0000] {processor.py:756} INFO - Processing file /home/airflow/.local/lib/python3.7/site-packages/airflow/example_dags/example_complex.py for tasks to queue
[2022-12-10T19:51:56.934+0000] {logging_mixin.py:137} INFO - [2022-12-10T19:51:56.934+0000] {dagbag.py:537} INFO - Filling up the DagBag from /home/airflow/.local/lib/python3.7/site-packages/airflow/example_dags/example_complex.py
[2022-12-10T19:51:56.941+0000] {logging_mixin.py:137} INFO - [2022-12-10T19:51:56.941+0000] {taskmixin.py:205} WARNING - Dependency <Task(BashOperator): create_entry_group>, delete_entry_group already registered for DAG: example_complex
[2022-12-10T19:51:56.942+0000] {logging_mixin.py:137} INFO - [2022-12-10T19:51:56.942+0000] {taskmixin.py:205} WARNING - Dependency <Task(BashOperator): delete_entry_group>, create_entry_group already registered for DAG: example_complex
[2022-12-10T19:51:56.943+0000] {logging_mixin.py:137} INFO - [2022-12-10T19:51:56.943+0000] {taskmixin.py:205} WARNING - Dependency <Task(BashOperator): create_entry_gcs>, delete_entry already registered for DAG: example_complex
[2022-12-10T19:51:56.944+0000] {logging_mixin.py:137} INFO - [2022-12-10T19:51:56.944+0000] {taskmixin.py:205} WARNING - Dependency <Task(BashOperator): delete_entry>, create_entry_gcs already registered for DAG: example_complex
[2022-12-10T19:51:56.945+0000] {logging_mixin.py:137} INFO - [2022-12-10T19:51:56.944+0000] {taskmixin.py:205} WARNING - Dependency <Task(BashOperator): create_tag>, delete_tag already registered for DAG: example_complex
[2022-12-10T19:51:56.945+0000] {logging_mixin.py:137} INFO - [2022-12-10T19:51:56.945+0000] {taskmixin.py:205} WARNING - Dependency <Task(BashOperator): delete_tag>, create_tag already registered for DAG: example_complex
[2022-12-10T19:51:56.952+0000] {processor.py:766} INFO - DAG(s) dict_keys(['example_complex']) retrieved from /home/airflow/.local/lib/python3.7/site-packages/airflow/example_dags/example_complex.py
[2022-12-10T19:51:56.989+0000] {logging_mixin.py:137} INFO - [2022-12-10T19:51:56.989+0000] {dag.py:2585} INFO - Sync 1 DAGs
[2022-12-10T19:51:57.005+0000] {logging_mixin.py:137} INFO - [2022-12-10T19:51:57.005+0000] {dag.py:3340} INFO - Setting next_dagrun for example_complex to None, run_after=None
[2022-12-10T19:51:57.024+0000] {processor.py:176} INFO - Processing /home/airflow/.local/lib/python3.7/site-packages/airflow/example_dags/example_complex.py took 0.095 seconds
[2022-12-10T21:32:06.140+0000] {processor.py:154} INFO - Started process (PID=48853) to work on /home/airflow/.local/lib/python3.7/site-packages/airflow/example_dags/example_complex.py
[2022-12-10T21:32:06.142+0000] {processor.py:756} INFO - Processing file /home/airflow/.local/lib/python3.7/site-packages/airflow/example_dags/example_complex.py for tasks to queue
[2022-12-10T21:32:06.143+0000] {logging_mixin.py:137} INFO - [2022-12-10T21:32:06.143+0000] {dagbag.py:537} INFO - Filling up the DagBag from /home/airflow/.local/lib/python3.7/site-packages/airflow/example_dags/example_complex.py
[2022-12-10T21:32:06.151+0000] {logging_mixin.py:137} INFO - [2022-12-10T21:32:06.151+0000] {taskmixin.py:205} WARNING - Dependency <Task(BashOperator): create_entry_group>, delete_entry_group already registered for DAG: example_complex
[2022-12-10T21:32:06.152+0000] {logging_mixin.py:137} INFO - [2022-12-10T21:32:06.152+0000] {taskmixin.py:205} WARNING - Dependency <Task(BashOperator): delete_entry_group>, create_entry_group already registered for DAG: example_complex
[2022-12-10T21:32:06.153+0000] {logging_mixin.py:137} INFO - [2022-12-10T21:32:06.153+0000] {taskmixin.py:205} WARNING - Dependency <Task(BashOperator): create_entry_gcs>, delete_entry already registered for DAG: example_complex
[2022-12-10T21:32:06.154+0000] {logging_mixin.py:137} INFO - [2022-12-10T21:32:06.154+0000] {taskmixin.py:205} WARNING - Dependency <Task(BashOperator): delete_entry>, create_entry_gcs already registered for DAG: example_complex
[2022-12-10T21:32:06.155+0000] {logging_mixin.py:137} INFO - [2022-12-10T21:32:06.155+0000] {taskmixin.py:205} WARNING - Dependency <Task(BashOperator): create_tag>, delete_tag already registered for DAG: example_complex
[2022-12-10T21:32:06.156+0000] {logging_mixin.py:137} INFO - [2022-12-10T21:32:06.156+0000] {taskmixin.py:205} WARNING - Dependency <Task(BashOperator): delete_tag>, create_tag already registered for DAG: example_complex
[2022-12-10T21:32:06.161+0000] {processor.py:766} INFO - DAG(s) dict_keys(['example_complex']) retrieved from /home/airflow/.local/lib/python3.7/site-packages/airflow/example_dags/example_complex.py
[2022-12-10T21:32:06.194+0000] {logging_mixin.py:137} INFO - [2022-12-10T21:32:06.194+0000] {dag.py:2585} INFO - Sync 1 DAGs
[2022-12-10T21:32:06.210+0000] {logging_mixin.py:137} INFO - [2022-12-10T21:32:06.210+0000] {dag.py:3340} INFO - Setting next_dagrun for example_complex to None, run_after=None
[2022-12-10T21:32:06.225+0000] {processor.py:176} INFO - Processing /home/airflow/.local/lib/python3.7/site-packages/airflow/example_dags/example_complex.py took 0.087 seconds
[2022-12-10T22:56:11.024+0000] {processor.py:154} INFO - Started process (PID=48921) to work on /home/airflow/.local/lib/python3.7/site-packages/airflow/example_dags/example_complex.py
[2022-12-10T22:56:11.026+0000] {processor.py:756} INFO - Processing file /home/airflow/.local/lib/python3.7/site-packages/airflow/example_dags/example_complex.py for tasks to queue
[2022-12-10T22:56:11.028+0000] {logging_mixin.py:137} INFO - [2022-12-10T22:56:11.027+0000] {dagbag.py:537} INFO - Filling up the DagBag from /home/airflow/.local/lib/python3.7/site-packages/airflow/example_dags/example_complex.py
[2022-12-10T22:56:11.036+0000] {logging_mixin.py:137} INFO - [2022-12-10T22:56:11.036+0000] {taskmixin.py:205} WARNING - Dependency <Task(BashOperator): create_entry_group>, delete_entry_group already registered for DAG: example_complex
[2022-12-10T22:56:11.037+0000] {logging_mixin.py:137} INFO - [2022-12-10T22:56:11.037+0000] {taskmixin.py:205} WARNING - Dependency <Task(BashOperator): delete_entry_group>, create_entry_group already registered for DAG: example_complex
[2022-12-10T22:56:11.038+0000] {logging_mixin.py:137} INFO - [2022-12-10T22:56:11.038+0000] {taskmixin.py:205} WARNING - Dependency <Task(BashOperator): create_entry_gcs>, delete_entry already registered for DAG: example_complex
[2022-12-10T22:56:11.040+0000] {logging_mixin.py:137} INFO - [2022-12-10T22:56:11.040+0000] {taskmixin.py:205} WARNING - Dependency <Task(BashOperator): delete_entry>, create_entry_gcs already registered for DAG: example_complex
[2022-12-10T22:56:11.041+0000] {logging_mixin.py:137} INFO - [2022-12-10T22:56:11.041+0000] {taskmixin.py:205} WARNING - Dependency <Task(BashOperator): create_tag>, delete_tag already registered for DAG: example_complex
[2022-12-10T22:56:11.041+0000] {logging_mixin.py:137} INFO - [2022-12-10T22:56:11.041+0000] {taskmixin.py:205} WARNING - Dependency <Task(BashOperator): delete_tag>, create_tag already registered for DAG: example_complex
[2022-12-10T22:56:11.047+0000] {processor.py:766} INFO - DAG(s) dict_keys(['example_complex']) retrieved from /home/airflow/.local/lib/python3.7/site-packages/airflow/example_dags/example_complex.py
[2022-12-10T22:56:11.086+0000] {logging_mixin.py:137} INFO - [2022-12-10T22:56:11.086+0000] {dag.py:2585} INFO - Sync 1 DAGs
[2022-12-10T22:56:11.102+0000] {logging_mixin.py:137} INFO - [2022-12-10T22:56:11.101+0000] {dag.py:3340} INFO - Setting next_dagrun for example_complex to None, run_after=None
[2022-12-10T22:56:11.116+0000] {processor.py:176} INFO - Processing /home/airflow/.local/lib/python3.7/site-packages/airflow/example_dags/example_complex.py took 0.094 seconds
[2022-12-10T23:54:29.724+0000] {processor.py:154} INFO - Started process (PID=48988) to work on /home/airflow/.local/lib/python3.7/site-packages/airflow/example_dags/example_complex.py
[2022-12-10T23:54:29.726+0000] {processor.py:756} INFO - Processing file /home/airflow/.local/lib/python3.7/site-packages/airflow/example_dags/example_complex.py for tasks to queue
[2022-12-10T23:54:29.727+0000] {logging_mixin.py:137} INFO - [2022-12-10T23:54:29.727+0000] {dagbag.py:537} INFO - Filling up the DagBag from /home/airflow/.local/lib/python3.7/site-packages/airflow/example_dags/example_complex.py
[2022-12-10T23:54:29.735+0000] {logging_mixin.py:137} INFO - [2022-12-10T23:54:29.735+0000] {taskmixin.py:205} WARNING - Dependency <Task(BashOperator): create_entry_group>, delete_entry_group already registered for DAG: example_complex
[2022-12-10T23:54:29.736+0000] {logging_mixin.py:137} INFO - [2022-12-10T23:54:29.736+0000] {taskmixin.py:205} WARNING - Dependency <Task(BashOperator): delete_entry_group>, create_entry_group already registered for DAG: example_complex
[2022-12-10T23:54:29.737+0000] {logging_mixin.py:137} INFO - [2022-12-10T23:54:29.737+0000] {taskmixin.py:205} WARNING - Dependency <Task(BashOperator): create_entry_gcs>, delete_entry already registered for DAG: example_complex
[2022-12-10T23:54:29.738+0000] {logging_mixin.py:137} INFO - [2022-12-10T23:54:29.738+0000] {taskmixin.py:205} WARNING - Dependency <Task(BashOperator): delete_entry>, create_entry_gcs already registered for DAG: example_complex
[2022-12-10T23:54:29.739+0000] {logging_mixin.py:137} INFO - [2022-12-10T23:54:29.739+0000] {taskmixin.py:205} WARNING - Dependency <Task(BashOperator): create_tag>, delete_tag already registered for DAG: example_complex
[2022-12-10T23:54:29.740+0000] {logging_mixin.py:137} INFO - [2022-12-10T23:54:29.740+0000] {taskmixin.py:205} WARNING - Dependency <Task(BashOperator): delete_tag>, create_tag already registered for DAG: example_complex
[2022-12-10T23:54:29.747+0000] {processor.py:766} INFO - DAG(s) dict_keys(['example_complex']) retrieved from /home/airflow/.local/lib/python3.7/site-packages/airflow/example_dags/example_complex.py
[2022-12-10T23:54:29.790+0000] {logging_mixin.py:137} INFO - [2022-12-10T23:54:29.790+0000] {dag.py:2585} INFO - Sync 1 DAGs
[2022-12-10T23:54:29.806+0000] {logging_mixin.py:137} INFO - [2022-12-10T23:54:29.806+0000] {dag.py:3340} INFO - Setting next_dagrun for example_complex to None, run_after=None
[2022-12-10T23:54:29.820+0000] {processor.py:176} INFO - Processing /home/airflow/.local/lib/python3.7/site-packages/airflow/example_dags/example_complex.py took 0.098 seconds
