[2022-12-10T01:13:55.413+0000] {processor.py:154} INFO - Started process (PID=47938) to work on /home/airflow/.local/lib/python3.7/site-packages/airflow/example_dags/example_branch_datetime_operator.py
[2022-12-10T01:13:55.419+0000] {processor.py:756} INFO - Processing file /home/airflow/.local/lib/python3.7/site-packages/airflow/example_dags/example_branch_datetime_operator.py for tasks to queue
[2022-12-10T01:13:55.427+0000] {logging_mixin.py:137} INFO - [2022-12-10T01:13:55.426+0000] {dagbag.py:537} INFO - Filling up the DagBag from /home/airflow/.local/lib/python3.7/site-packages/airflow/example_dags/example_branch_datetime_operator.py
[2022-12-10T01:13:55.505+0000] {processor.py:766} INFO - DAG(s) dict_keys(['example_branch_datetime_operator_2', 'example_branch_datetime_operator_3', 'example_branch_datetime_operator']) retrieved from /home/airflow/.local/lib/python3.7/site-packages/airflow/example_dags/example_branch_datetime_operator.py
[2022-12-10T01:13:55.583+0000] {logging_mixin.py:137} INFO - [2022-12-10T01:13:55.583+0000] {dag.py:2585} INFO - Sync 3 DAGs
[2022-12-10T01:13:55.645+0000] {logging_mixin.py:137} INFO - [2022-12-10T01:13:55.644+0000] {dag.py:3340} INFO - Setting next_dagrun for example_branch_datetime_operator to 2022-12-09T00:00:00+00:00, run_after=2022-12-10T00:00:00+00:00
[2022-12-10T01:13:55.670+0000] {logging_mixin.py:137} INFO - [2022-12-10T01:13:55.670+0000] {dag.py:3340} INFO - Setting next_dagrun for example_branch_datetime_operator_2 to 2022-12-09T00:00:00+00:00, run_after=2022-12-10T00:00:00+00:00
[2022-12-10T01:13:55.681+0000] {logging_mixin.py:137} INFO - [2022-12-10T01:13:55.681+0000] {dag.py:3340} INFO - Setting next_dagrun for example_branch_datetime_operator_3 to 2022-12-09T00:00:00+00:00, run_after=2022-12-10T00:00:00+00:00
[2022-12-10T01:13:55.729+0000] {processor.py:176} INFO - Processing /home/airflow/.local/lib/python3.7/site-packages/airflow/example_dags/example_branch_datetime_operator.py took 0.323 seconds
[2022-12-10T02:35:29.396+0000] {processor.py:154} INFO - Started process (PID=47995) to work on /home/airflow/.local/lib/python3.7/site-packages/airflow/example_dags/example_branch_datetime_operator.py
[2022-12-10T02:35:29.397+0000] {processor.py:756} INFO - Processing file /home/airflow/.local/lib/python3.7/site-packages/airflow/example_dags/example_branch_datetime_operator.py for tasks to queue
[2022-12-10T02:35:29.399+0000] {logging_mixin.py:137} INFO - [2022-12-10T02:35:29.399+0000] {dagbag.py:537} INFO - Filling up the DagBag from /home/airflow/.local/lib/python3.7/site-packages/airflow/example_dags/example_branch_datetime_operator.py
[2022-12-10T02:35:29.412+0000] {processor.py:766} INFO - DAG(s) dict_keys(['example_branch_datetime_operator', 'example_branch_datetime_operator_2', 'example_branch_datetime_operator_3']) retrieved from /home/airflow/.local/lib/python3.7/site-packages/airflow/example_dags/example_branch_datetime_operator.py
[2022-12-10T02:35:29.448+0000] {logging_mixin.py:137} INFO - [2022-12-10T02:35:29.448+0000] {dag.py:2585} INFO - Sync 3 DAGs
[2022-12-10T02:35:29.467+0000] {logging_mixin.py:137} INFO - [2022-12-10T02:35:29.467+0000] {dag.py:3340} INFO - Setting next_dagrun for example_branch_datetime_operator to 2022-12-09T00:00:00+00:00, run_after=2022-12-10T00:00:00+00:00
[2022-12-10T02:35:29.472+0000] {logging_mixin.py:137} INFO - [2022-12-10T02:35:29.472+0000] {dag.py:3340} INFO - Setting next_dagrun for example_branch_datetime_operator_2 to 2022-12-09T00:00:00+00:00, run_after=2022-12-10T00:00:00+00:00
[2022-12-10T02:35:29.475+0000] {logging_mixin.py:137} INFO - [2022-12-10T02:35:29.475+0000] {dag.py:3340} INFO - Setting next_dagrun for example_branch_datetime_operator_3 to 2022-12-09T00:00:00+00:00, run_after=2022-12-10T00:00:00+00:00
[2022-12-10T02:35:29.490+0000] {processor.py:176} INFO - Processing /home/airflow/.local/lib/python3.7/site-packages/airflow/example_dags/example_branch_datetime_operator.py took 0.097 seconds
[2022-12-10T03:43:49.409+0000] {processor.py:154} INFO - Started process (PID=48060) to work on /home/airflow/.local/lib/python3.7/site-packages/airflow/example_dags/example_branch_datetime_operator.py
[2022-12-10T03:43:49.412+0000] {processor.py:756} INFO - Processing file /home/airflow/.local/lib/python3.7/site-packages/airflow/example_dags/example_branch_datetime_operator.py for tasks to queue
[2022-12-10T03:43:49.413+0000] {logging_mixin.py:137} INFO - [2022-12-10T03:43:49.413+0000] {dagbag.py:537} INFO - Filling up the DagBag from /home/airflow/.local/lib/python3.7/site-packages/airflow/example_dags/example_branch_datetime_operator.py
[2022-12-10T03:43:49.426+0000] {processor.py:766} INFO - DAG(s) dict_keys(['example_branch_datetime_operator_3', 'example_branch_datetime_operator', 'example_branch_datetime_operator_2']) retrieved from /home/airflow/.local/lib/python3.7/site-packages/airflow/example_dags/example_branch_datetime_operator.py
[2022-12-10T03:43:49.464+0000] {logging_mixin.py:137} INFO - [2022-12-10T03:43:49.464+0000] {dag.py:2585} INFO - Sync 3 DAGs
[2022-12-10T03:43:49.482+0000] {logging_mixin.py:137} INFO - [2022-12-10T03:43:49.482+0000] {dag.py:3340} INFO - Setting next_dagrun for example_branch_datetime_operator to 2022-12-09T00:00:00+00:00, run_after=2022-12-10T00:00:00+00:00
[2022-12-10T03:43:49.486+0000] {logging_mixin.py:137} INFO - [2022-12-10T03:43:49.486+0000] {dag.py:3340} INFO - Setting next_dagrun for example_branch_datetime_operator_2 to 2022-12-09T00:00:00+00:00, run_after=2022-12-10T00:00:00+00:00
[2022-12-10T03:43:49.488+0000] {logging_mixin.py:137} INFO - [2022-12-10T03:43:49.488+0000] {dag.py:3340} INFO - Setting next_dagrun for example_branch_datetime_operator_3 to 2022-12-09T00:00:00+00:00, run_after=2022-12-10T00:00:00+00:00
[2022-12-10T03:43:49.501+0000] {processor.py:176} INFO - Processing /home/airflow/.local/lib/python3.7/site-packages/airflow/example_dags/example_branch_datetime_operator.py took 0.094 seconds
[2022-12-10T04:16:18.371+0000] {processor.py:154} INFO - Started process (PID=48127) to work on /home/airflow/.local/lib/python3.7/site-packages/airflow/example_dags/example_branch_datetime_operator.py
[2022-12-10T04:16:18.375+0000] {processor.py:756} INFO - Processing file /home/airflow/.local/lib/python3.7/site-packages/airflow/example_dags/example_branch_datetime_operator.py for tasks to queue
[2022-12-10T04:16:18.377+0000] {logging_mixin.py:137} INFO - [2022-12-10T04:16:18.377+0000] {dagbag.py:537} INFO - Filling up the DagBag from /home/airflow/.local/lib/python3.7/site-packages/airflow/example_dags/example_branch_datetime_operator.py
[2022-12-10T04:16:18.433+0000] {processor.py:766} INFO - DAG(s) dict_keys(['example_branch_datetime_operator', 'example_branch_datetime_operator_3', 'example_branch_datetime_operator_2']) retrieved from /home/airflow/.local/lib/python3.7/site-packages/airflow/example_dags/example_branch_datetime_operator.py
[2022-12-10T04:16:18.527+0000] {logging_mixin.py:137} INFO - [2022-12-10T04:16:18.527+0000] {dag.py:2585} INFO - Sync 3 DAGs
[2022-12-10T04:16:18.559+0000] {logging_mixin.py:137} INFO - [2022-12-10T04:16:18.559+0000] {dag.py:3340} INFO - Setting next_dagrun for example_branch_datetime_operator to 2022-12-09T00:00:00+00:00, run_after=2022-12-10T00:00:00+00:00
[2022-12-10T04:16:18.566+0000] {logging_mixin.py:137} INFO - [2022-12-10T04:16:18.565+0000] {dag.py:3340} INFO - Setting next_dagrun for example_branch_datetime_operator_2 to 2022-12-09T00:00:00+00:00, run_after=2022-12-10T00:00:00+00:00
[2022-12-10T04:16:18.569+0000] {logging_mixin.py:137} INFO - [2022-12-10T04:16:18.569+0000] {dag.py:3340} INFO - Setting next_dagrun for example_branch_datetime_operator_3 to 2022-12-09T00:00:00+00:00, run_after=2022-12-10T00:00:00+00:00
[2022-12-10T04:16:18.584+0000] {processor.py:176} INFO - Processing /home/airflow/.local/lib/python3.7/site-packages/airflow/example_dags/example_branch_datetime_operator.py took 0.233 seconds
[2022-12-10T05:54:52.918+0000] {processor.py:154} INFO - Started process (PID=48186) to work on /home/airflow/.local/lib/python3.7/site-packages/airflow/example_dags/example_branch_datetime_operator.py
[2022-12-10T05:54:52.922+0000] {processor.py:756} INFO - Processing file /home/airflow/.local/lib/python3.7/site-packages/airflow/example_dags/example_branch_datetime_operator.py for tasks to queue
[2022-12-10T05:54:52.926+0000] {logging_mixin.py:137} INFO - [2022-12-10T05:54:52.926+0000] {dagbag.py:537} INFO - Filling up the DagBag from /home/airflow/.local/lib/python3.7/site-packages/airflow/example_dags/example_branch_datetime_operator.py
[2022-12-10T05:54:52.956+0000] {processor.py:766} INFO - DAG(s) dict_keys(['example_branch_datetime_operator_3', 'example_branch_datetime_operator_2', 'example_branch_datetime_operator']) retrieved from /home/airflow/.local/lib/python3.7/site-packages/airflow/example_dags/example_branch_datetime_operator.py
[2022-12-10T05:54:53.005+0000] {logging_mixin.py:137} INFO - [2022-12-10T05:54:53.005+0000] {dag.py:2585} INFO - Sync 3 DAGs
[2022-12-10T05:54:53.028+0000] {logging_mixin.py:137} INFO - [2022-12-10T05:54:53.028+0000] {dag.py:3340} INFO - Setting next_dagrun for example_branch_datetime_operator to 2022-12-09T00:00:00+00:00, run_after=2022-12-10T00:00:00+00:00
[2022-12-10T05:54:53.034+0000] {logging_mixin.py:137} INFO - [2022-12-10T05:54:53.034+0000] {dag.py:3340} INFO - Setting next_dagrun for example_branch_datetime_operator_2 to 2022-12-09T00:00:00+00:00, run_after=2022-12-10T00:00:00+00:00
[2022-12-10T05:54:53.036+0000] {logging_mixin.py:137} INFO - [2022-12-10T05:54:53.036+0000] {dag.py:3340} INFO - Setting next_dagrun for example_branch_datetime_operator_3 to 2022-12-09T00:00:00+00:00, run_after=2022-12-10T00:00:00+00:00
[2022-12-10T05:54:53.053+0000] {processor.py:176} INFO - Processing /home/airflow/.local/lib/python3.7/site-packages/airflow/example_dags/example_branch_datetime_operator.py took 0.138 seconds
[2022-12-10T07:18:15.731+0000] {processor.py:154} INFO - Started process (PID=48254) to work on /home/airflow/.local/lib/python3.7/site-packages/airflow/example_dags/example_branch_datetime_operator.py
[2022-12-10T07:18:15.733+0000] {processor.py:756} INFO - Processing file /home/airflow/.local/lib/python3.7/site-packages/airflow/example_dags/example_branch_datetime_operator.py for tasks to queue
[2022-12-10T07:18:15.734+0000] {logging_mixin.py:137} INFO - [2022-12-10T07:18:15.734+0000] {dagbag.py:537} INFO - Filling up the DagBag from /home/airflow/.local/lib/python3.7/site-packages/airflow/example_dags/example_branch_datetime_operator.py
[2022-12-10T07:18:15.750+0000] {processor.py:766} INFO - DAG(s) dict_keys(['example_branch_datetime_operator', 'example_branch_datetime_operator_3', 'example_branch_datetime_operator_2']) retrieved from /home/airflow/.local/lib/python3.7/site-packages/airflow/example_dags/example_branch_datetime_operator.py
[2022-12-10T07:18:15.785+0000] {logging_mixin.py:137} INFO - [2022-12-10T07:18:15.785+0000] {dag.py:2585} INFO - Sync 3 DAGs
[2022-12-10T07:18:15.801+0000] {logging_mixin.py:137} INFO - [2022-12-10T07:18:15.801+0000] {dag.py:3340} INFO - Setting next_dagrun for example_branch_datetime_operator to 2022-12-09T00:00:00+00:00, run_after=2022-12-10T00:00:00+00:00
[2022-12-10T07:18:15.805+0000] {logging_mixin.py:137} INFO - [2022-12-10T07:18:15.805+0000] {dag.py:3340} INFO - Setting next_dagrun for example_branch_datetime_operator_2 to 2022-12-09T00:00:00+00:00, run_after=2022-12-10T00:00:00+00:00
[2022-12-10T07:18:15.807+0000] {logging_mixin.py:137} INFO - [2022-12-10T07:18:15.807+0000] {dag.py:3340} INFO - Setting next_dagrun for example_branch_datetime_operator_3 to 2022-12-09T00:00:00+00:00, run_after=2022-12-10T00:00:00+00:00
[2022-12-10T07:18:15.818+0000] {processor.py:176} INFO - Processing /home/airflow/.local/lib/python3.7/site-packages/airflow/example_dags/example_branch_datetime_operator.py took 0.090 seconds
[2022-12-10T08:58:57.246+0000] {processor.py:154} INFO - Started process (PID=48322) to work on /home/airflow/.local/lib/python3.7/site-packages/airflow/example_dags/example_branch_datetime_operator.py
[2022-12-10T08:58:57.248+0000] {processor.py:756} INFO - Processing file /home/airflow/.local/lib/python3.7/site-packages/airflow/example_dags/example_branch_datetime_operator.py for tasks to queue
[2022-12-10T08:58:57.250+0000] {logging_mixin.py:137} INFO - [2022-12-10T08:58:57.250+0000] {dagbag.py:537} INFO - Filling up the DagBag from /home/airflow/.local/lib/python3.7/site-packages/airflow/example_dags/example_branch_datetime_operator.py
[2022-12-10T08:58:57.270+0000] {processor.py:766} INFO - DAG(s) dict_keys(['example_branch_datetime_operator_3', 'example_branch_datetime_operator_2', 'example_branch_datetime_operator']) retrieved from /home/airflow/.local/lib/python3.7/site-packages/airflow/example_dags/example_branch_datetime_operator.py
[2022-12-10T08:58:57.322+0000] {logging_mixin.py:137} INFO - [2022-12-10T08:58:57.322+0000] {dag.py:2585} INFO - Sync 3 DAGs
[2022-12-10T08:58:57.348+0000] {logging_mixin.py:137} INFO - [2022-12-10T08:58:57.348+0000] {dag.py:3340} INFO - Setting next_dagrun for example_branch_datetime_operator to 2022-12-09T00:00:00+00:00, run_after=2022-12-10T00:00:00+00:00
[2022-12-10T08:58:57.354+0000] {logging_mixin.py:137} INFO - [2022-12-10T08:58:57.354+0000] {dag.py:3340} INFO - Setting next_dagrun for example_branch_datetime_operator_2 to 2022-12-09T00:00:00+00:00, run_after=2022-12-10T00:00:00+00:00
[2022-12-10T08:58:57.359+0000] {logging_mixin.py:137} INFO - [2022-12-10T08:58:57.359+0000] {dag.py:3340} INFO - Setting next_dagrun for example_branch_datetime_operator_3 to 2022-12-09T00:00:00+00:00, run_after=2022-12-10T00:00:00+00:00
[2022-12-10T08:58:57.373+0000] {processor.py:176} INFO - Processing /home/airflow/.local/lib/python3.7/site-packages/airflow/example_dags/example_branch_datetime_operator.py took 0.130 seconds
[2022-12-10T10:34:16.764+0000] {processor.py:154} INFO - Started process (PID=48389) to work on /home/airflow/.local/lib/python3.7/site-packages/airflow/example_dags/example_branch_datetime_operator.py
[2022-12-10T10:34:16.769+0000] {processor.py:756} INFO - Processing file /home/airflow/.local/lib/python3.7/site-packages/airflow/example_dags/example_branch_datetime_operator.py for tasks to queue
[2022-12-10T10:34:16.773+0000] {logging_mixin.py:137} INFO - [2022-12-10T10:34:16.772+0000] {dagbag.py:537} INFO - Filling up the DagBag from /home/airflow/.local/lib/python3.7/site-packages/airflow/example_dags/example_branch_datetime_operator.py
[2022-12-10T10:34:16.819+0000] {processor.py:766} INFO - DAG(s) dict_keys(['example_branch_datetime_operator', 'example_branch_datetime_operator_3', 'example_branch_datetime_operator_2']) retrieved from /home/airflow/.local/lib/python3.7/site-packages/airflow/example_dags/example_branch_datetime_operator.py
[2022-12-10T10:34:16.959+0000] {logging_mixin.py:137} INFO - [2022-12-10T10:34:16.959+0000] {dag.py:2585} INFO - Sync 3 DAGs
[2022-12-10T10:34:16.990+0000] {logging_mixin.py:137} INFO - [2022-12-10T10:34:16.990+0000] {dag.py:3340} INFO - Setting next_dagrun for example_branch_datetime_operator to 2022-12-09T00:00:00+00:00, run_after=2022-12-10T00:00:00+00:00
[2022-12-10T10:34:16.997+0000] {logging_mixin.py:137} INFO - [2022-12-10T10:34:16.997+0000] {dag.py:3340} INFO - Setting next_dagrun for example_branch_datetime_operator_2 to 2022-12-09T00:00:00+00:00, run_after=2022-12-10T00:00:00+00:00
[2022-12-10T10:34:17.001+0000] {logging_mixin.py:137} INFO - [2022-12-10T10:34:17.000+0000] {dag.py:3340} INFO - Setting next_dagrun for example_branch_datetime_operator_3 to 2022-12-09T00:00:00+00:00, run_after=2022-12-10T00:00:00+00:00
[2022-12-10T10:34:17.020+0000] {processor.py:176} INFO - Processing /home/airflow/.local/lib/python3.7/site-packages/airflow/example_dags/example_branch_datetime_operator.py took 0.262 seconds
[2022-12-10T11:57:23.923+0000] {processor.py:154} INFO - Started process (PID=48457) to work on /home/airflow/.local/lib/python3.7/site-packages/airflow/example_dags/example_branch_datetime_operator.py
[2022-12-10T11:57:23.929+0000] {processor.py:756} INFO - Processing file /home/airflow/.local/lib/python3.7/site-packages/airflow/example_dags/example_branch_datetime_operator.py for tasks to queue
[2022-12-10T11:57:23.934+0000] {logging_mixin.py:137} INFO - [2022-12-10T11:57:23.934+0000] {dagbag.py:537} INFO - Filling up the DagBag from /home/airflow/.local/lib/python3.7/site-packages/airflow/example_dags/example_branch_datetime_operator.py
[2022-12-10T11:57:23.960+0000] {processor.py:766} INFO - DAG(s) dict_keys(['example_branch_datetime_operator_2', 'example_branch_datetime_operator_3', 'example_branch_datetime_operator']) retrieved from /home/airflow/.local/lib/python3.7/site-packages/airflow/example_dags/example_branch_datetime_operator.py
[2022-12-10T11:57:24.036+0000] {logging_mixin.py:137} INFO - [2022-12-10T11:57:24.036+0000] {dag.py:2585} INFO - Sync 3 DAGs
[2022-12-10T11:57:24.072+0000] {logging_mixin.py:137} INFO - [2022-12-10T11:57:24.072+0000] {dag.py:3340} INFO - Setting next_dagrun for example_branch_datetime_operator to 2022-12-09T00:00:00+00:00, run_after=2022-12-10T00:00:00+00:00
[2022-12-10T11:57:24.078+0000] {logging_mixin.py:137} INFO - [2022-12-10T11:57:24.078+0000] {dag.py:3340} INFO - Setting next_dagrun for example_branch_datetime_operator_2 to 2022-12-09T00:00:00+00:00, run_after=2022-12-10T00:00:00+00:00
[2022-12-10T11:57:24.084+0000] {logging_mixin.py:137} INFO - [2022-12-10T11:57:24.084+0000] {dag.py:3340} INFO - Setting next_dagrun for example_branch_datetime_operator_3 to 2022-12-09T00:00:00+00:00, run_after=2022-12-10T00:00:00+00:00
[2022-12-10T11:57:24.105+0000] {processor.py:176} INFO - Processing /home/airflow/.local/lib/python3.7/site-packages/airflow/example_dags/example_branch_datetime_operator.py took 0.186 seconds
[2022-12-10T13:36:24.451+0000] {processor.py:154} INFO - Started process (PID=48514) to work on /home/airflow/.local/lib/python3.7/site-packages/airflow/example_dags/example_branch_datetime_operator.py
[2022-12-10T13:36:24.453+0000] {processor.py:756} INFO - Processing file /home/airflow/.local/lib/python3.7/site-packages/airflow/example_dags/example_branch_datetime_operator.py for tasks to queue
[2022-12-10T13:36:24.455+0000] {logging_mixin.py:137} INFO - [2022-12-10T13:36:24.455+0000] {dagbag.py:537} INFO - Filling up the DagBag from /home/airflow/.local/lib/python3.7/site-packages/airflow/example_dags/example_branch_datetime_operator.py
[2022-12-10T13:36:24.471+0000] {processor.py:766} INFO - DAG(s) dict_keys(['example_branch_datetime_operator', 'example_branch_datetime_operator_2', 'example_branch_datetime_operator_3']) retrieved from /home/airflow/.local/lib/python3.7/site-packages/airflow/example_dags/example_branch_datetime_operator.py
[2022-12-10T13:36:24.505+0000] {logging_mixin.py:137} INFO - [2022-12-10T13:36:24.505+0000] {dag.py:2585} INFO - Sync 3 DAGs
[2022-12-10T13:36:24.527+0000] {logging_mixin.py:137} INFO - [2022-12-10T13:36:24.527+0000] {dag.py:3340} INFO - Setting next_dagrun for example_branch_datetime_operator to 2022-12-09T00:00:00+00:00, run_after=2022-12-10T00:00:00+00:00
[2022-12-10T13:36:24.535+0000] {logging_mixin.py:137} INFO - [2022-12-10T13:36:24.535+0000] {dag.py:3340} INFO - Setting next_dagrun for example_branch_datetime_operator_2 to 2022-12-09T00:00:00+00:00, run_after=2022-12-10T00:00:00+00:00
[2022-12-10T13:36:24.543+0000] {logging_mixin.py:137} INFO - [2022-12-10T13:36:24.542+0000] {dag.py:3340} INFO - Setting next_dagrun for example_branch_datetime_operator_3 to 2022-12-09T00:00:00+00:00, run_after=2022-12-10T00:00:00+00:00
[2022-12-10T13:36:24.566+0000] {processor.py:176} INFO - Processing /home/airflow/.local/lib/python3.7/site-packages/airflow/example_dags/example_branch_datetime_operator.py took 0.118 seconds
[2022-12-10T15:01:34.219+0000] {processor.py:154} INFO - Started process (PID=48581) to work on /home/airflow/.local/lib/python3.7/site-packages/airflow/example_dags/example_branch_datetime_operator.py
[2022-12-10T15:01:34.220+0000] {processor.py:756} INFO - Processing file /home/airflow/.local/lib/python3.7/site-packages/airflow/example_dags/example_branch_datetime_operator.py for tasks to queue
[2022-12-10T15:01:34.223+0000] {logging_mixin.py:137} INFO - [2022-12-10T15:01:34.223+0000] {dagbag.py:537} INFO - Filling up the DagBag from /home/airflow/.local/lib/python3.7/site-packages/airflow/example_dags/example_branch_datetime_operator.py
[2022-12-10T15:01:34.237+0000] {processor.py:766} INFO - DAG(s) dict_keys(['example_branch_datetime_operator_2', 'example_branch_datetime_operator', 'example_branch_datetime_operator_3']) retrieved from /home/airflow/.local/lib/python3.7/site-packages/airflow/example_dags/example_branch_datetime_operator.py
[2022-12-10T15:01:34.272+0000] {logging_mixin.py:137} INFO - [2022-12-10T15:01:34.272+0000] {dag.py:2585} INFO - Sync 3 DAGs
[2022-12-10T15:01:34.288+0000] {logging_mixin.py:137} INFO - [2022-12-10T15:01:34.288+0000] {dag.py:3340} INFO - Setting next_dagrun for example_branch_datetime_operator to 2022-12-09T00:00:00+00:00, run_after=2022-12-10T00:00:00+00:00
[2022-12-10T15:01:34.292+0000] {logging_mixin.py:137} INFO - [2022-12-10T15:01:34.292+0000] {dag.py:3340} INFO - Setting next_dagrun for example_branch_datetime_operator_2 to 2022-12-09T00:00:00+00:00, run_after=2022-12-10T00:00:00+00:00
[2022-12-10T15:01:34.294+0000] {logging_mixin.py:137} INFO - [2022-12-10T15:01:34.294+0000] {dag.py:3340} INFO - Setting next_dagrun for example_branch_datetime_operator_3 to 2022-12-09T00:00:00+00:00, run_after=2022-12-10T00:00:00+00:00
[2022-12-10T15:01:34.305+0000] {processor.py:176} INFO - Processing /home/airflow/.local/lib/python3.7/site-packages/airflow/example_dags/example_branch_datetime_operator.py took 0.088 seconds
[2022-12-10T16:44:40.280+0000] {processor.py:154} INFO - Started process (PID=48651) to work on /home/airflow/.local/lib/python3.7/site-packages/airflow/example_dags/example_branch_datetime_operator.py
[2022-12-10T16:44:40.282+0000] {processor.py:756} INFO - Processing file /home/airflow/.local/lib/python3.7/site-packages/airflow/example_dags/example_branch_datetime_operator.py for tasks to queue
[2022-12-10T16:44:40.284+0000] {logging_mixin.py:137} INFO - [2022-12-10T16:44:40.284+0000] {dagbag.py:537} INFO - Filling up the DagBag from /home/airflow/.local/lib/python3.7/site-packages/airflow/example_dags/example_branch_datetime_operator.py
[2022-12-10T16:44:40.306+0000] {processor.py:766} INFO - DAG(s) dict_keys(['example_branch_datetime_operator', 'example_branch_datetime_operator_2', 'example_branch_datetime_operator_3']) retrieved from /home/airflow/.local/lib/python3.7/site-packages/airflow/example_dags/example_branch_datetime_operator.py
[2022-12-10T16:44:40.350+0000] {logging_mixin.py:137} INFO - [2022-12-10T16:44:40.350+0000] {dag.py:2585} INFO - Sync 3 DAGs
[2022-12-10T16:44:40.376+0000] {logging_mixin.py:137} INFO - [2022-12-10T16:44:40.376+0000] {dag.py:3340} INFO - Setting next_dagrun for example_branch_datetime_operator to 2022-12-09T00:00:00+00:00, run_after=2022-12-10T00:00:00+00:00
[2022-12-10T16:44:40.381+0000] {logging_mixin.py:137} INFO - [2022-12-10T16:44:40.381+0000] {dag.py:3340} INFO - Setting next_dagrun for example_branch_datetime_operator_2 to 2022-12-09T00:00:00+00:00, run_after=2022-12-10T00:00:00+00:00
[2022-12-10T16:44:40.384+0000] {logging_mixin.py:137} INFO - [2022-12-10T16:44:40.384+0000] {dag.py:3340} INFO - Setting next_dagrun for example_branch_datetime_operator_3 to 2022-12-09T00:00:00+00:00, run_after=2022-12-10T00:00:00+00:00
[2022-12-10T16:44:40.400+0000] {processor.py:176} INFO - Processing /home/airflow/.local/lib/python3.7/site-packages/airflow/example_dags/example_branch_datetime_operator.py took 0.123 seconds
[2022-12-10T18:09:51.490+0000] {processor.py:154} INFO - Started process (PID=48718) to work on /home/airflow/.local/lib/python3.7/site-packages/airflow/example_dags/example_branch_datetime_operator.py
[2022-12-10T18:09:51.493+0000] {processor.py:756} INFO - Processing file /home/airflow/.local/lib/python3.7/site-packages/airflow/example_dags/example_branch_datetime_operator.py for tasks to queue
[2022-12-10T18:09:51.497+0000] {logging_mixin.py:137} INFO - [2022-12-10T18:09:51.496+0000] {dagbag.py:537} INFO - Filling up the DagBag from /home/airflow/.local/lib/python3.7/site-packages/airflow/example_dags/example_branch_datetime_operator.py
[2022-12-10T18:09:51.530+0000] {processor.py:766} INFO - DAG(s) dict_keys(['example_branch_datetime_operator', 'example_branch_datetime_operator_3', 'example_branch_datetime_operator_2']) retrieved from /home/airflow/.local/lib/python3.7/site-packages/airflow/example_dags/example_branch_datetime_operator.py
[2022-12-10T18:09:51.581+0000] {logging_mixin.py:137} INFO - [2022-12-10T18:09:51.580+0000] {dag.py:2585} INFO - Sync 3 DAGs
[2022-12-10T18:09:51.602+0000] {logging_mixin.py:137} INFO - [2022-12-10T18:09:51.602+0000] {dag.py:3340} INFO - Setting next_dagrun for example_branch_datetime_operator to 2022-12-09T00:00:00+00:00, run_after=2022-12-10T00:00:00+00:00
[2022-12-10T18:09:51.606+0000] {logging_mixin.py:137} INFO - [2022-12-10T18:09:51.606+0000] {dag.py:3340} INFO - Setting next_dagrun for example_branch_datetime_operator_2 to 2022-12-09T00:00:00+00:00, run_after=2022-12-10T00:00:00+00:00
[2022-12-10T18:09:51.611+0000] {logging_mixin.py:137} INFO - [2022-12-10T18:09:51.611+0000] {dag.py:3340} INFO - Setting next_dagrun for example_branch_datetime_operator_3 to 2022-12-09T00:00:00+00:00, run_after=2022-12-10T00:00:00+00:00
[2022-12-10T18:09:51.634+0000] {processor.py:176} INFO - Processing /home/airflow/.local/lib/python3.7/site-packages/airflow/example_dags/example_branch_datetime_operator.py took 0.147 seconds
[2022-12-10T19:51:55.767+0000] {processor.py:154} INFO - Started process (PID=48781) to work on /home/airflow/.local/lib/python3.7/site-packages/airflow/example_dags/example_branch_datetime_operator.py
[2022-12-10T19:51:55.780+0000] {processor.py:756} INFO - Processing file /home/airflow/.local/lib/python3.7/site-packages/airflow/example_dags/example_branch_datetime_operator.py for tasks to queue
[2022-12-10T19:51:55.784+0000] {logging_mixin.py:137} INFO - [2022-12-10T19:51:55.784+0000] {dagbag.py:537} INFO - Filling up the DagBag from /home/airflow/.local/lib/python3.7/site-packages/airflow/example_dags/example_branch_datetime_operator.py
[2022-12-10T19:51:55.842+0000] {processor.py:766} INFO - DAG(s) dict_keys(['example_branch_datetime_operator_2', 'example_branch_datetime_operator_3', 'example_branch_datetime_operator']) retrieved from /home/airflow/.local/lib/python3.7/site-packages/airflow/example_dags/example_branch_datetime_operator.py
[2022-12-10T19:51:56.012+0000] {logging_mixin.py:137} INFO - [2022-12-10T19:51:56.012+0000] {dag.py:2585} INFO - Sync 3 DAGs
[2022-12-10T19:51:56.064+0000] {logging_mixin.py:137} INFO - [2022-12-10T19:51:56.064+0000] {dag.py:3340} INFO - Setting next_dagrun for example_branch_datetime_operator to 2022-12-09T00:00:00+00:00, run_after=2022-12-10T00:00:00+00:00
[2022-12-10T19:51:56.070+0000] {logging_mixin.py:137} INFO - [2022-12-10T19:51:56.070+0000] {dag.py:3340} INFO - Setting next_dagrun for example_branch_datetime_operator_2 to 2022-12-09T00:00:00+00:00, run_after=2022-12-10T00:00:00+00:00
[2022-12-10T19:51:56.083+0000] {logging_mixin.py:137} INFO - [2022-12-10T19:51:56.083+0000] {dag.py:3340} INFO - Setting next_dagrun for example_branch_datetime_operator_3 to 2022-12-09T00:00:00+00:00, run_after=2022-12-10T00:00:00+00:00
[2022-12-10T19:51:56.097+0000] {processor.py:176} INFO - Processing /home/airflow/.local/lib/python3.7/site-packages/airflow/example_dags/example_branch_datetime_operator.py took 0.334 seconds
[2022-12-10T21:32:05.364+0000] {processor.py:154} INFO - Started process (PID=48841) to work on /home/airflow/.local/lib/python3.7/site-packages/airflow/example_dags/example_branch_datetime_operator.py
[2022-12-10T21:32:05.367+0000] {processor.py:756} INFO - Processing file /home/airflow/.local/lib/python3.7/site-packages/airflow/example_dags/example_branch_datetime_operator.py for tasks to queue
[2022-12-10T21:32:05.368+0000] {logging_mixin.py:137} INFO - [2022-12-10T21:32:05.368+0000] {dagbag.py:537} INFO - Filling up the DagBag from /home/airflow/.local/lib/python3.7/site-packages/airflow/example_dags/example_branch_datetime_operator.py
[2022-12-10T21:32:05.383+0000] {processor.py:766} INFO - DAG(s) dict_keys(['example_branch_datetime_operator_2', 'example_branch_datetime_operator', 'example_branch_datetime_operator_3']) retrieved from /home/airflow/.local/lib/python3.7/site-packages/airflow/example_dags/example_branch_datetime_operator.py
[2022-12-10T21:32:05.420+0000] {logging_mixin.py:137} INFO - [2022-12-10T21:32:05.420+0000] {dag.py:2585} INFO - Sync 3 DAGs
[2022-12-10T21:32:05.438+0000] {logging_mixin.py:137} INFO - [2022-12-10T21:32:05.438+0000] {dag.py:3340} INFO - Setting next_dagrun for example_branch_datetime_operator to 2022-12-09T00:00:00+00:00, run_after=2022-12-10T00:00:00+00:00
[2022-12-10T21:32:05.442+0000] {logging_mixin.py:137} INFO - [2022-12-10T21:32:05.442+0000] {dag.py:3340} INFO - Setting next_dagrun for example_branch_datetime_operator_2 to 2022-12-09T00:00:00+00:00, run_after=2022-12-10T00:00:00+00:00
[2022-12-10T21:32:05.444+0000] {logging_mixin.py:137} INFO - [2022-12-10T21:32:05.444+0000] {dag.py:3340} INFO - Setting next_dagrun for example_branch_datetime_operator_3 to 2022-12-09T00:00:00+00:00, run_after=2022-12-10T00:00:00+00:00
[2022-12-10T21:32:05.456+0000] {processor.py:176} INFO - Processing /home/airflow/.local/lib/python3.7/site-packages/airflow/example_dags/example_branch_datetime_operator.py took 0.094 seconds
[2022-12-10T22:56:09.839+0000] {processor.py:154} INFO - Started process (PID=48909) to work on /home/airflow/.local/lib/python3.7/site-packages/airflow/example_dags/example_branch_datetime_operator.py
[2022-12-10T22:56:09.843+0000] {processor.py:756} INFO - Processing file /home/airflow/.local/lib/python3.7/site-packages/airflow/example_dags/example_branch_datetime_operator.py for tasks to queue
[2022-12-10T22:56:09.845+0000] {logging_mixin.py:137} INFO - [2022-12-10T22:56:09.845+0000] {dagbag.py:537} INFO - Filling up the DagBag from /home/airflow/.local/lib/python3.7/site-packages/airflow/example_dags/example_branch_datetime_operator.py
[2022-12-10T22:56:09.867+0000] {processor.py:766} INFO - DAG(s) dict_keys(['example_branch_datetime_operator_3', 'example_branch_datetime_operator_2', 'example_branch_datetime_operator']) retrieved from /home/airflow/.local/lib/python3.7/site-packages/airflow/example_dags/example_branch_datetime_operator.py
[2022-12-10T22:56:09.935+0000] {logging_mixin.py:137} INFO - [2022-12-10T22:56:09.935+0000] {dag.py:2585} INFO - Sync 3 DAGs
[2022-12-10T22:56:10.202+0000] {logging_mixin.py:137} INFO - [2022-12-10T22:56:10.202+0000] {dag.py:3340} INFO - Setting next_dagrun for example_branch_datetime_operator to 2022-12-09T00:00:00+00:00, run_after=2022-12-10T00:00:00+00:00
[2022-12-10T22:56:10.212+0000] {logging_mixin.py:137} INFO - [2022-12-10T22:56:10.211+0000] {dag.py:3340} INFO - Setting next_dagrun for example_branch_datetime_operator_2 to 2022-12-09T00:00:00+00:00, run_after=2022-12-10T00:00:00+00:00
[2022-12-10T22:56:10.216+0000] {logging_mixin.py:137} INFO - [2022-12-10T22:56:10.216+0000] {dag.py:3340} INFO - Setting next_dagrun for example_branch_datetime_operator_3 to 2022-12-09T00:00:00+00:00, run_after=2022-12-10T00:00:00+00:00
[2022-12-10T22:56:10.251+0000] {processor.py:176} INFO - Processing /home/airflow/.local/lib/python3.7/site-packages/airflow/example_dags/example_branch_datetime_operator.py took 0.416 seconds
[2022-12-10T23:54:29.032+0000] {processor.py:154} INFO - Started process (PID=48976) to work on /home/airflow/.local/lib/python3.7/site-packages/airflow/example_dags/example_branch_datetime_operator.py
[2022-12-10T23:54:29.034+0000] {processor.py:756} INFO - Processing file /home/airflow/.local/lib/python3.7/site-packages/airflow/example_dags/example_branch_datetime_operator.py for tasks to queue
[2022-12-10T23:54:29.035+0000] {logging_mixin.py:137} INFO - [2022-12-10T23:54:29.035+0000] {dagbag.py:537} INFO - Filling up the DagBag from /home/airflow/.local/lib/python3.7/site-packages/airflow/example_dags/example_branch_datetime_operator.py
[2022-12-10T23:54:29.054+0000] {processor.py:766} INFO - DAG(s) dict_keys(['example_branch_datetime_operator_2', 'example_branch_datetime_operator', 'example_branch_datetime_operator_3']) retrieved from /home/airflow/.local/lib/python3.7/site-packages/airflow/example_dags/example_branch_datetime_operator.py
[2022-12-10T23:54:29.088+0000] {logging_mixin.py:137} INFO - [2022-12-10T23:54:29.088+0000] {dag.py:2585} INFO - Sync 3 DAGs
[2022-12-10T23:54:29.106+0000] {logging_mixin.py:137} INFO - [2022-12-10T23:54:29.106+0000] {dag.py:3340} INFO - Setting next_dagrun for example_branch_datetime_operator to 2022-12-09T00:00:00+00:00, run_after=2022-12-10T00:00:00+00:00
[2022-12-10T23:54:29.110+0000] {logging_mixin.py:137} INFO - [2022-12-10T23:54:29.110+0000] {dag.py:3340} INFO - Setting next_dagrun for example_branch_datetime_operator_2 to 2022-12-09T00:00:00+00:00, run_after=2022-12-10T00:00:00+00:00
[2022-12-10T23:54:29.113+0000] {logging_mixin.py:137} INFO - [2022-12-10T23:54:29.113+0000] {dag.py:3340} INFO - Setting next_dagrun for example_branch_datetime_operator_3 to 2022-12-09T00:00:00+00:00, run_after=2022-12-10T00:00:00+00:00
[2022-12-10T23:54:29.125+0000] {processor.py:176} INFO - Processing /home/airflow/.local/lib/python3.7/site-packages/airflow/example_dags/example_branch_datetime_operator.py took 0.095 seconds
