[2022-12-10T01:13:56.270+0000] {processor.py:154} INFO - Started process (PID=47944) to work on /home/airflow/.local/lib/python3.7/site-packages/airflow/example_dags/example_branch_python_dop_operator_3.py
[2022-12-10T01:13:56.272+0000] {processor.py:756} INFO - Processing file /home/airflow/.local/lib/python3.7/site-packages/airflow/example_dags/example_branch_python_dop_operator_3.py for tasks to queue
[2022-12-10T01:13:56.273+0000] {logging_mixin.py:137} INFO - [2022-12-10T01:13:56.273+0000] {dagbag.py:537} INFO - Filling up the DagBag from /home/airflow/.local/lib/python3.7/site-packages/airflow/example_dags/example_branch_python_dop_operator_3.py
[2022-12-10T01:13:56.294+0000] {processor.py:766} INFO - DAG(s) dict_keys(['example_branch_dop_operator_v3']) retrieved from /home/airflow/.local/lib/python3.7/site-packages/airflow/example_dags/example_branch_python_dop_operator_3.py
[2022-12-10T01:13:56.331+0000] {logging_mixin.py:137} INFO - [2022-12-10T01:13:56.331+0000] {dag.py:2585} INFO - Sync 1 DAGs
[2022-12-10T01:13:56.370+0000] {logging_mixin.py:137} INFO - [2022-12-10T01:13:56.369+0000] {dag.py:3340} INFO - Setting next_dagrun for example_branch_dop_operator_v3 to 2022-12-10T01:12:00+00:00, run_after=2022-12-10T01:13:00+00:00
[2022-12-10T01:13:56.407+0000] {processor.py:176} INFO - Processing /home/airflow/.local/lib/python3.7/site-packages/airflow/example_dags/example_branch_python_dop_operator_3.py took 0.142 seconds
[2022-12-10T02:35:29.830+0000] {processor.py:154} INFO - Started process (PID=48001) to work on /home/airflow/.local/lib/python3.7/site-packages/airflow/example_dags/example_branch_python_dop_operator_3.py
[2022-12-10T02:35:29.832+0000] {processor.py:756} INFO - Processing file /home/airflow/.local/lib/python3.7/site-packages/airflow/example_dags/example_branch_python_dop_operator_3.py for tasks to queue
[2022-12-10T02:35:29.833+0000] {logging_mixin.py:137} INFO - [2022-12-10T02:35:29.833+0000] {dagbag.py:537} INFO - Filling up the DagBag from /home/airflow/.local/lib/python3.7/site-packages/airflow/example_dags/example_branch_python_dop_operator_3.py
[2022-12-10T02:35:29.849+0000] {processor.py:766} INFO - DAG(s) dict_keys(['example_branch_dop_operator_v3']) retrieved from /home/airflow/.local/lib/python3.7/site-packages/airflow/example_dags/example_branch_python_dop_operator_3.py
[2022-12-10T02:35:29.877+0000] {logging_mixin.py:137} INFO - [2022-12-10T02:35:29.877+0000] {dag.py:2585} INFO - Sync 1 DAGs
[2022-12-10T02:35:29.896+0000] {logging_mixin.py:137} INFO - [2022-12-10T02:35:29.896+0000] {dag.py:3340} INFO - Setting next_dagrun for example_branch_dop_operator_v3 to 2022-12-10T02:34:00+00:00, run_after=2022-12-10T02:35:00+00:00
[2022-12-10T02:35:29.913+0000] {processor.py:176} INFO - Processing /home/airflow/.local/lib/python3.7/site-packages/airflow/example_dags/example_branch_python_dop_operator_3.py took 0.084 seconds
[2022-12-10T03:43:50.135+0000] {processor.py:154} INFO - Started process (PID=48066) to work on /home/airflow/.local/lib/python3.7/site-packages/airflow/example_dags/example_branch_python_dop_operator_3.py
[2022-12-10T03:43:50.141+0000] {processor.py:756} INFO - Processing file /home/airflow/.local/lib/python3.7/site-packages/airflow/example_dags/example_branch_python_dop_operator_3.py for tasks to queue
[2022-12-10T03:43:50.144+0000] {logging_mixin.py:137} INFO - [2022-12-10T03:43:50.144+0000] {dagbag.py:537} INFO - Filling up the DagBag from /home/airflow/.local/lib/python3.7/site-packages/airflow/example_dags/example_branch_python_dop_operator_3.py
[2022-12-10T03:43:50.192+0000] {processor.py:766} INFO - DAG(s) dict_keys(['example_branch_dop_operator_v3']) retrieved from /home/airflow/.local/lib/python3.7/site-packages/airflow/example_dags/example_branch_python_dop_operator_3.py
[2022-12-10T03:43:50.244+0000] {logging_mixin.py:137} INFO - [2022-12-10T03:43:50.243+0000] {dag.py:2585} INFO - Sync 1 DAGs
[2022-12-10T03:43:50.268+0000] {logging_mixin.py:137} INFO - [2022-12-10T03:43:50.268+0000] {dag.py:3340} INFO - Setting next_dagrun for example_branch_dop_operator_v3 to 2022-12-10T03:42:00+00:00, run_after=2022-12-10T03:43:00+00:00
[2022-12-10T03:43:50.289+0000] {processor.py:176} INFO - Processing /home/airflow/.local/lib/python3.7/site-packages/airflow/example_dags/example_branch_python_dop_operator_3.py took 0.162 seconds
[2022-12-10T04:16:19.488+0000] {processor.py:154} INFO - Started process (PID=48133) to work on /home/airflow/.local/lib/python3.7/site-packages/airflow/example_dags/example_branch_python_dop_operator_3.py
[2022-12-10T04:16:19.489+0000] {processor.py:756} INFO - Processing file /home/airflow/.local/lib/python3.7/site-packages/airflow/example_dags/example_branch_python_dop_operator_3.py for tasks to queue
[2022-12-10T04:16:19.490+0000] {logging_mixin.py:137} INFO - [2022-12-10T04:16:19.490+0000] {dagbag.py:537} INFO - Filling up the DagBag from /home/airflow/.local/lib/python3.7/site-packages/airflow/example_dags/example_branch_python_dop_operator_3.py
[2022-12-10T04:16:19.506+0000] {processor.py:766} INFO - DAG(s) dict_keys(['example_branch_dop_operator_v3']) retrieved from /home/airflow/.local/lib/python3.7/site-packages/airflow/example_dags/example_branch_python_dop_operator_3.py
[2022-12-10T04:16:19.538+0000] {logging_mixin.py:137} INFO - [2022-12-10T04:16:19.538+0000] {dag.py:2585} INFO - Sync 1 DAGs
[2022-12-10T04:16:19.556+0000] {logging_mixin.py:137} INFO - [2022-12-10T04:16:19.556+0000] {dag.py:3340} INFO - Setting next_dagrun for example_branch_dop_operator_v3 to 2022-12-10T04:15:00+00:00, run_after=2022-12-10T04:16:00+00:00
[2022-12-10T04:16:19.568+0000] {processor.py:176} INFO - Processing /home/airflow/.local/lib/python3.7/site-packages/airflow/example_dags/example_branch_python_dop_operator_3.py took 0.083 seconds
[2022-12-10T05:54:53.502+0000] {processor.py:154} INFO - Started process (PID=48201) to work on /home/airflow/.local/lib/python3.7/site-packages/airflow/example_dags/example_branch_python_dop_operator_3.py
[2022-12-10T05:54:53.504+0000] {processor.py:756} INFO - Processing file /home/airflow/.local/lib/python3.7/site-packages/airflow/example_dags/example_branch_python_dop_operator_3.py for tasks to queue
[2022-12-10T05:54:53.506+0000] {logging_mixin.py:137} INFO - [2022-12-10T05:54:53.506+0000] {dagbag.py:537} INFO - Filling up the DagBag from /home/airflow/.local/lib/python3.7/site-packages/airflow/example_dags/example_branch_python_dop_operator_3.py
[2022-12-10T05:54:53.525+0000] {processor.py:766} INFO - DAG(s) dict_keys(['example_branch_dop_operator_v3']) retrieved from /home/airflow/.local/lib/python3.7/site-packages/airflow/example_dags/example_branch_python_dop_operator_3.py
[2022-12-10T05:54:53.557+0000] {logging_mixin.py:137} INFO - [2022-12-10T05:54:53.557+0000] {dag.py:2585} INFO - Sync 1 DAGs
[2022-12-10T05:54:53.577+0000] {logging_mixin.py:137} INFO - [2022-12-10T05:54:53.577+0000] {dag.py:3340} INFO - Setting next_dagrun for example_branch_dop_operator_v3 to 2022-12-10T05:53:00+00:00, run_after=2022-12-10T05:54:00+00:00
[2022-12-10T05:54:53.593+0000] {processor.py:176} INFO - Processing /home/airflow/.local/lib/python3.7/site-packages/airflow/example_dags/example_branch_python_dop_operator_3.py took 0.096 seconds
[2022-12-10T07:18:16.156+0000] {processor.py:154} INFO - Started process (PID=48260) to work on /home/airflow/.local/lib/python3.7/site-packages/airflow/example_dags/example_branch_python_dop_operator_3.py
[2022-12-10T07:18:16.158+0000] {processor.py:756} INFO - Processing file /home/airflow/.local/lib/python3.7/site-packages/airflow/example_dags/example_branch_python_dop_operator_3.py for tasks to queue
[2022-12-10T07:18:16.159+0000] {logging_mixin.py:137} INFO - [2022-12-10T07:18:16.159+0000] {dagbag.py:537} INFO - Filling up the DagBag from /home/airflow/.local/lib/python3.7/site-packages/airflow/example_dags/example_branch_python_dop_operator_3.py
[2022-12-10T07:18:16.177+0000] {processor.py:766} INFO - DAG(s) dict_keys(['example_branch_dop_operator_v3']) retrieved from /home/airflow/.local/lib/python3.7/site-packages/airflow/example_dags/example_branch_python_dop_operator_3.py
[2022-12-10T07:18:16.204+0000] {logging_mixin.py:137} INFO - [2022-12-10T07:18:16.204+0000] {dag.py:2585} INFO - Sync 1 DAGs
[2022-12-10T07:18:16.222+0000] {logging_mixin.py:137} INFO - [2022-12-10T07:18:16.222+0000] {dag.py:3340} INFO - Setting next_dagrun for example_branch_dop_operator_v3 to 2022-12-10T07:17:00+00:00, run_after=2022-12-10T07:18:00+00:00
[2022-12-10T07:18:16.235+0000] {processor.py:176} INFO - Processing /home/airflow/.local/lib/python3.7/site-packages/airflow/example_dags/example_branch_python_dop_operator_3.py took 0.081 seconds
[2022-12-10T08:58:57.747+0000] {processor.py:154} INFO - Started process (PID=48328) to work on /home/airflow/.local/lib/python3.7/site-packages/airflow/example_dags/example_branch_python_dop_operator_3.py
[2022-12-10T08:58:57.749+0000] {processor.py:756} INFO - Processing file /home/airflow/.local/lib/python3.7/site-packages/airflow/example_dags/example_branch_python_dop_operator_3.py for tasks to queue
[2022-12-10T08:58:57.751+0000] {logging_mixin.py:137} INFO - [2022-12-10T08:58:57.750+0000] {dagbag.py:537} INFO - Filling up the DagBag from /home/airflow/.local/lib/python3.7/site-packages/airflow/example_dags/example_branch_python_dop_operator_3.py
[2022-12-10T08:58:57.766+0000] {processor.py:766} INFO - DAG(s) dict_keys(['example_branch_dop_operator_v3']) retrieved from /home/airflow/.local/lib/python3.7/site-packages/airflow/example_dags/example_branch_python_dop_operator_3.py
[2022-12-10T08:58:57.791+0000] {logging_mixin.py:137} INFO - [2022-12-10T08:58:57.791+0000] {dag.py:2585} INFO - Sync 1 DAGs
[2022-12-10T08:58:57.809+0000] {logging_mixin.py:137} INFO - [2022-12-10T08:58:57.809+0000] {dag.py:3340} INFO - Setting next_dagrun for example_branch_dop_operator_v3 to 2022-12-10T08:57:00+00:00, run_after=2022-12-10T08:58:00+00:00
[2022-12-10T08:58:57.820+0000] {processor.py:176} INFO - Processing /home/airflow/.local/lib/python3.7/site-packages/airflow/example_dags/example_branch_python_dop_operator_3.py took 0.075 seconds
[2022-12-10T10:34:17.362+0000] {processor.py:154} INFO - Started process (PID=48395) to work on /home/airflow/.local/lib/python3.7/site-packages/airflow/example_dags/example_branch_python_dop_operator_3.py
[2022-12-10T10:34:17.364+0000] {processor.py:756} INFO - Processing file /home/airflow/.local/lib/python3.7/site-packages/airflow/example_dags/example_branch_python_dop_operator_3.py for tasks to queue
[2022-12-10T10:34:17.365+0000] {logging_mixin.py:137} INFO - [2022-12-10T10:34:17.365+0000] {dagbag.py:537} INFO - Filling up the DagBag from /home/airflow/.local/lib/python3.7/site-packages/airflow/example_dags/example_branch_python_dop_operator_3.py
[2022-12-10T10:34:17.382+0000] {processor.py:766} INFO - DAG(s) dict_keys(['example_branch_dop_operator_v3']) retrieved from /home/airflow/.local/lib/python3.7/site-packages/airflow/example_dags/example_branch_python_dop_operator_3.py
[2022-12-10T10:34:17.414+0000] {logging_mixin.py:137} INFO - [2022-12-10T10:34:17.414+0000] {dag.py:2585} INFO - Sync 1 DAGs
[2022-12-10T10:34:17.433+0000] {logging_mixin.py:137} INFO - [2022-12-10T10:34:17.433+0000] {dag.py:3340} INFO - Setting next_dagrun for example_branch_dop_operator_v3 to 2022-12-10T10:33:00+00:00, run_after=2022-12-10T10:34:00+00:00
[2022-12-10T10:34:17.449+0000] {processor.py:176} INFO - Processing /home/airflow/.local/lib/python3.7/site-packages/airflow/example_dags/example_branch_python_dop_operator_3.py took 0.090 seconds
[2022-12-10T11:57:24.631+0000] {processor.py:154} INFO - Started process (PID=48463) to work on /home/airflow/.local/lib/python3.7/site-packages/airflow/example_dags/example_branch_python_dop_operator_3.py
[2022-12-10T11:57:24.710+0000] {processor.py:756} INFO - Processing file /home/airflow/.local/lib/python3.7/site-packages/airflow/example_dags/example_branch_python_dop_operator_3.py for tasks to queue
[2022-12-10T11:57:24.715+0000] {logging_mixin.py:137} INFO - [2022-12-10T11:57:24.715+0000] {dagbag.py:537} INFO - Filling up the DagBag from /home/airflow/.local/lib/python3.7/site-packages/airflow/example_dags/example_branch_python_dop_operator_3.py
[2022-12-10T11:57:24.761+0000] {processor.py:766} INFO - DAG(s) dict_keys(['example_branch_dop_operator_v3']) retrieved from /home/airflow/.local/lib/python3.7/site-packages/airflow/example_dags/example_branch_python_dop_operator_3.py
[2022-12-10T11:57:24.809+0000] {logging_mixin.py:137} INFO - [2022-12-10T11:57:24.809+0000] {dag.py:2585} INFO - Sync 1 DAGs
[2022-12-10T11:57:24.836+0000] {logging_mixin.py:137} INFO - [2022-12-10T11:57:24.835+0000] {dag.py:3340} INFO - Setting next_dagrun for example_branch_dop_operator_v3 to 2022-12-10T11:56:00+00:00, run_after=2022-12-10T11:57:00+00:00
[2022-12-10T11:57:24.859+0000] {processor.py:176} INFO - Processing /home/airflow/.local/lib/python3.7/site-packages/airflow/example_dags/example_branch_python_dop_operator_3.py took 0.239 seconds
[2022-12-10T13:36:24.944+0000] {processor.py:154} INFO - Started process (PID=48530) to work on /home/airflow/.local/lib/python3.7/site-packages/airflow/example_dags/example_branch_python_dop_operator_3.py
[2022-12-10T13:36:24.946+0000] {processor.py:756} INFO - Processing file /home/airflow/.local/lib/python3.7/site-packages/airflow/example_dags/example_branch_python_dop_operator_3.py for tasks to queue
[2022-12-10T13:36:24.948+0000] {logging_mixin.py:137} INFO - [2022-12-10T13:36:24.948+0000] {dagbag.py:537} INFO - Filling up the DagBag from /home/airflow/.local/lib/python3.7/site-packages/airflow/example_dags/example_branch_python_dop_operator_3.py
[2022-12-10T13:36:24.967+0000] {processor.py:766} INFO - DAG(s) dict_keys(['example_branch_dop_operator_v3']) retrieved from /home/airflow/.local/lib/python3.7/site-packages/airflow/example_dags/example_branch_python_dop_operator_3.py
[2022-12-10T13:36:25.003+0000] {logging_mixin.py:137} INFO - [2022-12-10T13:36:25.003+0000] {dag.py:2585} INFO - Sync 1 DAGs
[2022-12-10T13:36:25.028+0000] {logging_mixin.py:137} INFO - [2022-12-10T13:36:25.028+0000] {dag.py:3340} INFO - Setting next_dagrun for example_branch_dop_operator_v3 to 2022-12-10T13:35:00+00:00, run_after=2022-12-10T13:36:00+00:00
[2022-12-10T13:36:25.049+0000] {processor.py:176} INFO - Processing /home/airflow/.local/lib/python3.7/site-packages/airflow/example_dags/example_branch_python_dop_operator_3.py took 0.108 seconds
[2022-12-10T15:01:34.685+0000] {processor.py:154} INFO - Started process (PID=48587) to work on /home/airflow/.local/lib/python3.7/site-packages/airflow/example_dags/example_branch_python_dop_operator_3.py
[2022-12-10T15:01:34.686+0000] {processor.py:756} INFO - Processing file /home/airflow/.local/lib/python3.7/site-packages/airflow/example_dags/example_branch_python_dop_operator_3.py for tasks to queue
[2022-12-10T15:01:34.687+0000] {logging_mixin.py:137} INFO - [2022-12-10T15:01:34.687+0000] {dagbag.py:537} INFO - Filling up the DagBag from /home/airflow/.local/lib/python3.7/site-packages/airflow/example_dags/example_branch_python_dop_operator_3.py
[2022-12-10T15:01:34.703+0000] {processor.py:766} INFO - DAG(s) dict_keys(['example_branch_dop_operator_v3']) retrieved from /home/airflow/.local/lib/python3.7/site-packages/airflow/example_dags/example_branch_python_dop_operator_3.py
[2022-12-10T15:01:34.734+0000] {logging_mixin.py:137} INFO - [2022-12-10T15:01:34.734+0000] {dag.py:2585} INFO - Sync 1 DAGs
[2022-12-10T15:01:34.757+0000] {logging_mixin.py:137} INFO - [2022-12-10T15:01:34.757+0000] {dag.py:3340} INFO - Setting next_dagrun for example_branch_dop_operator_v3 to 2022-12-10T15:00:00+00:00, run_after=2022-12-10T15:01:00+00:00
[2022-12-10T15:01:34.775+0000] {processor.py:176} INFO - Processing /home/airflow/.local/lib/python3.7/site-packages/airflow/example_dags/example_branch_python_dop_operator_3.py took 0.093 seconds
[2022-12-10T16:44:40.868+0000] {processor.py:154} INFO - Started process (PID=48657) to work on /home/airflow/.local/lib/python3.7/site-packages/airflow/example_dags/example_branch_python_dop_operator_3.py
[2022-12-10T16:44:40.870+0000] {processor.py:756} INFO - Processing file /home/airflow/.local/lib/python3.7/site-packages/airflow/example_dags/example_branch_python_dop_operator_3.py for tasks to queue
[2022-12-10T16:44:40.872+0000] {logging_mixin.py:137} INFO - [2022-12-10T16:44:40.872+0000] {dagbag.py:537} INFO - Filling up the DagBag from /home/airflow/.local/lib/python3.7/site-packages/airflow/example_dags/example_branch_python_dop_operator_3.py
[2022-12-10T16:44:40.890+0000] {processor.py:766} INFO - DAG(s) dict_keys(['example_branch_dop_operator_v3']) retrieved from /home/airflow/.local/lib/python3.7/site-packages/airflow/example_dags/example_branch_python_dop_operator_3.py
[2022-12-10T16:44:40.922+0000] {logging_mixin.py:137} INFO - [2022-12-10T16:44:40.922+0000] {dag.py:2585} INFO - Sync 1 DAGs
[2022-12-10T16:44:40.943+0000] {logging_mixin.py:137} INFO - [2022-12-10T16:44:40.942+0000] {dag.py:3340} INFO - Setting next_dagrun for example_branch_dop_operator_v3 to 2022-12-10T16:43:00+00:00, run_after=2022-12-10T16:44:00+00:00
[2022-12-10T16:44:40.958+0000] {processor.py:176} INFO - Processing /home/airflow/.local/lib/python3.7/site-packages/airflow/example_dags/example_branch_python_dop_operator_3.py took 0.093 seconds
[2022-12-10T18:09:52.069+0000] {processor.py:154} INFO - Started process (PID=48724) to work on /home/airflow/.local/lib/python3.7/site-packages/airflow/example_dags/example_branch_python_dop_operator_3.py
[2022-12-10T18:09:52.072+0000] {processor.py:756} INFO - Processing file /home/airflow/.local/lib/python3.7/site-packages/airflow/example_dags/example_branch_python_dop_operator_3.py for tasks to queue
[2022-12-10T18:09:52.073+0000] {logging_mixin.py:137} INFO - [2022-12-10T18:09:52.073+0000] {dagbag.py:537} INFO - Filling up the DagBag from /home/airflow/.local/lib/python3.7/site-packages/airflow/example_dags/example_branch_python_dop_operator_3.py
[2022-12-10T18:09:52.094+0000] {processor.py:766} INFO - DAG(s) dict_keys(['example_branch_dop_operator_v3']) retrieved from /home/airflow/.local/lib/python3.7/site-packages/airflow/example_dags/example_branch_python_dop_operator_3.py
[2022-12-10T18:09:52.145+0000] {logging_mixin.py:137} INFO - [2022-12-10T18:09:52.144+0000] {dag.py:2585} INFO - Sync 1 DAGs
[2022-12-10T18:09:52.170+0000] {logging_mixin.py:137} INFO - [2022-12-10T18:09:52.170+0000] {dag.py:3340} INFO - Setting next_dagrun for example_branch_dop_operator_v3 to 2022-12-10T18:08:00+00:00, run_after=2022-12-10T18:09:00+00:00
[2022-12-10T18:09:52.187+0000] {processor.py:176} INFO - Processing /home/airflow/.local/lib/python3.7/site-packages/airflow/example_dags/example_branch_python_dop_operator_3.py took 0.121 seconds
[2022-12-10T19:51:56.565+0000] {processor.py:154} INFO - Started process (PID=48789) to work on /home/airflow/.local/lib/python3.7/site-packages/airflow/example_dags/example_branch_python_dop_operator_3.py
[2022-12-10T19:51:56.569+0000] {processor.py:756} INFO - Processing file /home/airflow/.local/lib/python3.7/site-packages/airflow/example_dags/example_branch_python_dop_operator_3.py for tasks to queue
[2022-12-10T19:51:56.571+0000] {logging_mixin.py:137} INFO - [2022-12-10T19:51:56.571+0000] {dagbag.py:537} INFO - Filling up the DagBag from /home/airflow/.local/lib/python3.7/site-packages/airflow/example_dags/example_branch_python_dop_operator_3.py
[2022-12-10T19:51:56.594+0000] {processor.py:766} INFO - DAG(s) dict_keys(['example_branch_dop_operator_v3']) retrieved from /home/airflow/.local/lib/python3.7/site-packages/airflow/example_dags/example_branch_python_dop_operator_3.py
[2022-12-10T19:51:56.628+0000] {logging_mixin.py:137} INFO - [2022-12-10T19:51:56.628+0000] {dag.py:2585} INFO - Sync 1 DAGs
[2022-12-10T19:51:56.648+0000] {logging_mixin.py:137} INFO - [2022-12-10T19:51:56.648+0000] {dag.py:3340} INFO - Setting next_dagrun for example_branch_dop_operator_v3 to 2022-12-10T19:50:00+00:00, run_after=2022-12-10T19:51:00+00:00
[2022-12-10T19:51:56.663+0000] {processor.py:176} INFO - Processing /home/airflow/.local/lib/python3.7/site-packages/airflow/example_dags/example_branch_python_dop_operator_3.py took 0.101 seconds
[2022-12-10T21:32:05.820+0000] {processor.py:154} INFO - Started process (PID=48847) to work on /home/airflow/.local/lib/python3.7/site-packages/airflow/example_dags/example_branch_python_dop_operator_3.py
[2022-12-10T21:32:05.824+0000] {processor.py:756} INFO - Processing file /home/airflow/.local/lib/python3.7/site-packages/airflow/example_dags/example_branch_python_dop_operator_3.py for tasks to queue
[2022-12-10T21:32:05.825+0000] {logging_mixin.py:137} INFO - [2022-12-10T21:32:05.825+0000] {dagbag.py:537} INFO - Filling up the DagBag from /home/airflow/.local/lib/python3.7/site-packages/airflow/example_dags/example_branch_python_dop_operator_3.py
[2022-12-10T21:32:05.847+0000] {processor.py:766} INFO - DAG(s) dict_keys(['example_branch_dop_operator_v3']) retrieved from /home/airflow/.local/lib/python3.7/site-packages/airflow/example_dags/example_branch_python_dop_operator_3.py
[2022-12-10T21:32:05.875+0000] {logging_mixin.py:137} INFO - [2022-12-10T21:32:05.875+0000] {dag.py:2585} INFO - Sync 1 DAGs
[2022-12-10T21:32:05.894+0000] {logging_mixin.py:137} INFO - [2022-12-10T21:32:05.894+0000] {dag.py:3340} INFO - Setting next_dagrun for example_branch_dop_operator_v3 to 2022-12-10T21:31:00+00:00, run_after=2022-12-10T21:32:00+00:00
[2022-12-10T21:32:05.911+0000] {processor.py:176} INFO - Processing /home/airflow/.local/lib/python3.7/site-packages/airflow/example_dags/example_branch_python_dop_operator_3.py took 0.094 seconds
[2022-12-10T22:56:10.623+0000] {processor.py:154} INFO - Started process (PID=48915) to work on /home/airflow/.local/lib/python3.7/site-packages/airflow/example_dags/example_branch_python_dop_operator_3.py
[2022-12-10T22:56:10.625+0000] {processor.py:756} INFO - Processing file /home/airflow/.local/lib/python3.7/site-packages/airflow/example_dags/example_branch_python_dop_operator_3.py for tasks to queue
[2022-12-10T22:56:10.626+0000] {logging_mixin.py:137} INFO - [2022-12-10T22:56:10.626+0000] {dagbag.py:537} INFO - Filling up the DagBag from /home/airflow/.local/lib/python3.7/site-packages/airflow/example_dags/example_branch_python_dop_operator_3.py
[2022-12-10T22:56:10.641+0000] {processor.py:766} INFO - DAG(s) dict_keys(['example_branch_dop_operator_v3']) retrieved from /home/airflow/.local/lib/python3.7/site-packages/airflow/example_dags/example_branch_python_dop_operator_3.py
[2022-12-10T22:56:10.668+0000] {logging_mixin.py:137} INFO - [2022-12-10T22:56:10.668+0000] {dag.py:2585} INFO - Sync 1 DAGs
[2022-12-10T22:56:10.684+0000] {logging_mixin.py:137} INFO - [2022-12-10T22:56:10.684+0000] {dag.py:3340} INFO - Setting next_dagrun for example_branch_dop_operator_v3 to 2022-12-10T22:55:00+00:00, run_after=2022-12-10T22:56:00+00:00
[2022-12-10T22:56:10.697+0000] {processor.py:176} INFO - Processing /home/airflow/.local/lib/python3.7/site-packages/airflow/example_dags/example_branch_python_dop_operator_3.py took 0.076 seconds
[2022-12-10T23:54:29.406+0000] {processor.py:154} INFO - Started process (PID=48982) to work on /home/airflow/.local/lib/python3.7/site-packages/airflow/example_dags/example_branch_python_dop_operator_3.py
[2022-12-10T23:54:29.409+0000] {processor.py:756} INFO - Processing file /home/airflow/.local/lib/python3.7/site-packages/airflow/example_dags/example_branch_python_dop_operator_3.py for tasks to queue
[2022-12-10T23:54:29.410+0000] {logging_mixin.py:137} INFO - [2022-12-10T23:54:29.410+0000] {dagbag.py:537} INFO - Filling up the DagBag from /home/airflow/.local/lib/python3.7/site-packages/airflow/example_dags/example_branch_python_dop_operator_3.py
[2022-12-10T23:54:29.424+0000] {processor.py:766} INFO - DAG(s) dict_keys(['example_branch_dop_operator_v3']) retrieved from /home/airflow/.local/lib/python3.7/site-packages/airflow/example_dags/example_branch_python_dop_operator_3.py
[2022-12-10T23:54:29.451+0000] {logging_mixin.py:137} INFO - [2022-12-10T23:54:29.450+0000] {dag.py:2585} INFO - Sync 1 DAGs
[2022-12-10T23:54:29.469+0000] {logging_mixin.py:137} INFO - [2022-12-10T23:54:29.469+0000] {dag.py:3340} INFO - Setting next_dagrun for example_branch_dop_operator_v3 to 2022-12-10T23:53:00+00:00, run_after=2022-12-10T23:54:00+00:00
[2022-12-10T23:54:29.481+0000] {processor.py:176} INFO - Processing /home/airflow/.local/lib/python3.7/site-packages/airflow/example_dags/example_branch_python_dop_operator_3.py took 0.078 seconds
