[2022-12-10T01:13:57.685+0000] {processor.py:154} INFO - Started process (PID=47966) to work on /home/airflow/.local/lib/python3.7/site-packages/airflow/example_dags/example_xcom.py
[2022-12-10T01:13:57.687+0000] {processor.py:756} INFO - Processing file /home/airflow/.local/lib/python3.7/site-packages/airflow/example_dags/example_xcom.py for tasks to queue
[2022-12-10T01:13:57.689+0000] {logging_mixin.py:137} INFO - [2022-12-10T01:13:57.688+0000] {dagbag.py:537} INFO - Filling up the DagBag from /home/airflow/.local/lib/python3.7/site-packages/airflow/example_dags/example_xcom.py
[2022-12-10T01:13:57.704+0000] {processor.py:766} INFO - DAG(s) dict_keys(['example_xcom']) retrieved from /home/airflow/.local/lib/python3.7/site-packages/airflow/example_dags/example_xcom.py
[2022-12-10T01:13:57.738+0000] {logging_mixin.py:137} INFO - [2022-12-10T01:13:57.738+0000] {dag.py:2585} INFO - Sync 1 DAGs
[2022-12-10T01:13:57.754+0000] {logging_mixin.py:137} INFO - [2022-12-10T01:13:57.754+0000] {dag.py:3340} INFO - Setting next_dagrun for example_xcom to 2021-01-01T00:00:00+00:00, run_after=2021-01-01T00:00:00+00:00
[2022-12-10T01:13:57.772+0000] {processor.py:176} INFO - Processing /home/airflow/.local/lib/python3.7/site-packages/airflow/example_dags/example_xcom.py took 0.088 seconds
[2022-12-10T02:35:31.401+0000] {processor.py:154} INFO - Started process (PID=48023) to work on /home/airflow/.local/lib/python3.7/site-packages/airflow/example_dags/example_xcom.py
[2022-12-10T02:35:31.403+0000] {processor.py:756} INFO - Processing file /home/airflow/.local/lib/python3.7/site-packages/airflow/example_dags/example_xcom.py for tasks to queue
[2022-12-10T02:35:31.404+0000] {logging_mixin.py:137} INFO - [2022-12-10T02:35:31.404+0000] {dagbag.py:537} INFO - Filling up the DagBag from /home/airflow/.local/lib/python3.7/site-packages/airflow/example_dags/example_xcom.py
[2022-12-10T02:35:31.421+0000] {processor.py:766} INFO - DAG(s) dict_keys(['example_xcom']) retrieved from /home/airflow/.local/lib/python3.7/site-packages/airflow/example_dags/example_xcom.py
[2022-12-10T02:35:31.464+0000] {logging_mixin.py:137} INFO - [2022-12-10T02:35:31.464+0000] {dag.py:2585} INFO - Sync 1 DAGs
[2022-12-10T02:35:31.485+0000] {logging_mixin.py:137} INFO - [2022-12-10T02:35:31.485+0000] {dag.py:3340} INFO - Setting next_dagrun for example_xcom to 2021-01-01T00:00:00+00:00, run_after=2021-01-01T00:00:00+00:00
[2022-12-10T02:35:31.503+0000] {processor.py:176} INFO - Processing /home/airflow/.local/lib/python3.7/site-packages/airflow/example_dags/example_xcom.py took 0.104 seconds
[2022-12-10T03:43:52.244+0000] {processor.py:154} INFO - Started process (PID=48088) to work on /home/airflow/.local/lib/python3.7/site-packages/airflow/example_dags/example_xcom.py
[2022-12-10T03:43:52.246+0000] {processor.py:756} INFO - Processing file /home/airflow/.local/lib/python3.7/site-packages/airflow/example_dags/example_xcom.py for tasks to queue
[2022-12-10T03:43:52.248+0000] {logging_mixin.py:137} INFO - [2022-12-10T03:43:52.248+0000] {dagbag.py:537} INFO - Filling up the DagBag from /home/airflow/.local/lib/python3.7/site-packages/airflow/example_dags/example_xcom.py
[2022-12-10T03:43:52.267+0000] {processor.py:766} INFO - DAG(s) dict_keys(['example_xcom']) retrieved from /home/airflow/.local/lib/python3.7/site-packages/airflow/example_dags/example_xcom.py
[2022-12-10T03:43:52.298+0000] {logging_mixin.py:137} INFO - [2022-12-10T03:43:52.298+0000] {dag.py:2585} INFO - Sync 1 DAGs
[2022-12-10T03:43:52.316+0000] {logging_mixin.py:137} INFO - [2022-12-10T03:43:52.316+0000] {dag.py:3340} INFO - Setting next_dagrun for example_xcom to 2021-01-01T00:00:00+00:00, run_after=2021-01-01T00:00:00+00:00
[2022-12-10T03:43:52.332+0000] {processor.py:176} INFO - Processing /home/airflow/.local/lib/python3.7/site-packages/airflow/example_dags/example_xcom.py took 0.091 seconds
[2022-12-10T04:16:20.777+0000] {processor.py:154} INFO - Started process (PID=48155) to work on /home/airflow/.local/lib/python3.7/site-packages/airflow/example_dags/example_xcom.py
[2022-12-10T04:16:20.779+0000] {processor.py:756} INFO - Processing file /home/airflow/.local/lib/python3.7/site-packages/airflow/example_dags/example_xcom.py for tasks to queue
[2022-12-10T04:16:20.780+0000] {logging_mixin.py:137} INFO - [2022-12-10T04:16:20.780+0000] {dagbag.py:537} INFO - Filling up the DagBag from /home/airflow/.local/lib/python3.7/site-packages/airflow/example_dags/example_xcom.py
[2022-12-10T04:16:20.796+0000] {processor.py:766} INFO - DAG(s) dict_keys(['example_xcom']) retrieved from /home/airflow/.local/lib/python3.7/site-packages/airflow/example_dags/example_xcom.py
[2022-12-10T04:16:20.828+0000] {logging_mixin.py:137} INFO - [2022-12-10T04:16:20.828+0000] {dag.py:2585} INFO - Sync 1 DAGs
[2022-12-10T04:16:20.847+0000] {logging_mixin.py:137} INFO - [2022-12-10T04:16:20.847+0000] {dag.py:3340} INFO - Setting next_dagrun for example_xcom to 2021-01-01T00:00:00+00:00, run_after=2021-01-01T00:00:00+00:00
[2022-12-10T04:16:20.860+0000] {processor.py:176} INFO - Processing /home/airflow/.local/lib/python3.7/site-packages/airflow/example_dags/example_xcom.py took 0.086 seconds
[2022-12-10T05:54:54.847+0000] {processor.py:154} INFO - Started process (PID=48223) to work on /home/airflow/.local/lib/python3.7/site-packages/airflow/example_dags/example_xcom.py
[2022-12-10T05:54:54.849+0000] {processor.py:756} INFO - Processing file /home/airflow/.local/lib/python3.7/site-packages/airflow/example_dags/example_xcom.py for tasks to queue
[2022-12-10T05:54:54.850+0000] {logging_mixin.py:137} INFO - [2022-12-10T05:54:54.850+0000] {dagbag.py:537} INFO - Filling up the DagBag from /home/airflow/.local/lib/python3.7/site-packages/airflow/example_dags/example_xcom.py
[2022-12-10T05:54:54.867+0000] {processor.py:766} INFO - DAG(s) dict_keys(['example_xcom']) retrieved from /home/airflow/.local/lib/python3.7/site-packages/airflow/example_dags/example_xcom.py
[2022-12-10T05:54:54.900+0000] {logging_mixin.py:137} INFO - [2022-12-10T05:54:54.900+0000] {dag.py:2585} INFO - Sync 1 DAGs
[2022-12-10T05:54:54.918+0000] {logging_mixin.py:137} INFO - [2022-12-10T05:54:54.918+0000] {dag.py:3340} INFO - Setting next_dagrun for example_xcom to 2021-01-01T00:00:00+00:00, run_after=2021-01-01T00:00:00+00:00
[2022-12-10T05:54:54.934+0000] {processor.py:176} INFO - Processing /home/airflow/.local/lib/python3.7/site-packages/airflow/example_dags/example_xcom.py took 0.089 seconds
[2022-12-10T07:18:17.525+0000] {processor.py:154} INFO - Started process (PID=48282) to work on /home/airflow/.local/lib/python3.7/site-packages/airflow/example_dags/example_xcom.py
[2022-12-10T07:18:17.527+0000] {processor.py:756} INFO - Processing file /home/airflow/.local/lib/python3.7/site-packages/airflow/example_dags/example_xcom.py for tasks to queue
[2022-12-10T07:18:17.528+0000] {logging_mixin.py:137} INFO - [2022-12-10T07:18:17.528+0000] {dagbag.py:537} INFO - Filling up the DagBag from /home/airflow/.local/lib/python3.7/site-packages/airflow/example_dags/example_xcom.py
[2022-12-10T07:18:17.543+0000] {processor.py:766} INFO - DAG(s) dict_keys(['example_xcom']) retrieved from /home/airflow/.local/lib/python3.7/site-packages/airflow/example_dags/example_xcom.py
[2022-12-10T07:18:17.574+0000] {logging_mixin.py:137} INFO - [2022-12-10T07:18:17.574+0000] {dag.py:2585} INFO - Sync 1 DAGs
[2022-12-10T07:18:17.592+0000] {logging_mixin.py:137} INFO - [2022-12-10T07:18:17.592+0000] {dag.py:3340} INFO - Setting next_dagrun for example_xcom to 2021-01-01T00:00:00+00:00, run_after=2021-01-01T00:00:00+00:00
[2022-12-10T07:18:17.606+0000] {processor.py:176} INFO - Processing /home/airflow/.local/lib/python3.7/site-packages/airflow/example_dags/example_xcom.py took 0.083 seconds
[2022-12-10T08:58:59.642+0000] {processor.py:154} INFO - Started process (PID=48350) to work on /home/airflow/.local/lib/python3.7/site-packages/airflow/example_dags/example_xcom.py
[2022-12-10T08:58:59.645+0000] {processor.py:756} INFO - Processing file /home/airflow/.local/lib/python3.7/site-packages/airflow/example_dags/example_xcom.py for tasks to queue
[2022-12-10T08:58:59.646+0000] {logging_mixin.py:137} INFO - [2022-12-10T08:58:59.646+0000] {dagbag.py:537} INFO - Filling up the DagBag from /home/airflow/.local/lib/python3.7/site-packages/airflow/example_dags/example_xcom.py
[2022-12-10T08:58:59.662+0000] {processor.py:766} INFO - DAG(s) dict_keys(['example_xcom']) retrieved from /home/airflow/.local/lib/python3.7/site-packages/airflow/example_dags/example_xcom.py
[2022-12-10T08:58:59.693+0000] {logging_mixin.py:137} INFO - [2022-12-10T08:58:59.693+0000] {dag.py:2585} INFO - Sync 1 DAGs
[2022-12-10T08:58:59.710+0000] {logging_mixin.py:137} INFO - [2022-12-10T08:58:59.710+0000] {dag.py:3340} INFO - Setting next_dagrun for example_xcom to 2021-01-01T00:00:00+00:00, run_after=2021-01-01T00:00:00+00:00
[2022-12-10T08:58:59.725+0000] {processor.py:176} INFO - Processing /home/airflow/.local/lib/python3.7/site-packages/airflow/example_dags/example_xcom.py took 0.085 seconds
[2022-12-10T10:34:18.752+0000] {processor.py:154} INFO - Started process (PID=48417) to work on /home/airflow/.local/lib/python3.7/site-packages/airflow/example_dags/example_xcom.py
[2022-12-10T10:34:18.754+0000] {processor.py:756} INFO - Processing file /home/airflow/.local/lib/python3.7/site-packages/airflow/example_dags/example_xcom.py for tasks to queue
[2022-12-10T10:34:18.755+0000] {logging_mixin.py:137} INFO - [2022-12-10T10:34:18.755+0000] {dagbag.py:537} INFO - Filling up the DagBag from /home/airflow/.local/lib/python3.7/site-packages/airflow/example_dags/example_xcom.py
[2022-12-10T10:34:18.770+0000] {processor.py:766} INFO - DAG(s) dict_keys(['example_xcom']) retrieved from /home/airflow/.local/lib/python3.7/site-packages/airflow/example_dags/example_xcom.py
[2022-12-10T10:34:18.801+0000] {logging_mixin.py:137} INFO - [2022-12-10T10:34:18.801+0000] {dag.py:2585} INFO - Sync 1 DAGs
[2022-12-10T10:34:18.818+0000] {logging_mixin.py:137} INFO - [2022-12-10T10:34:18.817+0000] {dag.py:3340} INFO - Setting next_dagrun for example_xcom to 2021-01-01T00:00:00+00:00, run_after=2021-01-01T00:00:00+00:00
[2022-12-10T10:34:18.832+0000] {processor.py:176} INFO - Processing /home/airflow/.local/lib/python3.7/site-packages/airflow/example_dags/example_xcom.py took 0.082 seconds
[2022-12-10T11:57:26.281+0000] {processor.py:154} INFO - Started process (PID=48485) to work on /home/airflow/.local/lib/python3.7/site-packages/airflow/example_dags/example_xcom.py
[2022-12-10T11:57:26.283+0000] {processor.py:756} INFO - Processing file /home/airflow/.local/lib/python3.7/site-packages/airflow/example_dags/example_xcom.py for tasks to queue
[2022-12-10T11:57:26.285+0000] {logging_mixin.py:137} INFO - [2022-12-10T11:57:26.285+0000] {dagbag.py:537} INFO - Filling up the DagBag from /home/airflow/.local/lib/python3.7/site-packages/airflow/example_dags/example_xcom.py
[2022-12-10T11:57:26.301+0000] {processor.py:766} INFO - DAG(s) dict_keys(['example_xcom']) retrieved from /home/airflow/.local/lib/python3.7/site-packages/airflow/example_dags/example_xcom.py
[2022-12-10T11:57:26.333+0000] {logging_mixin.py:137} INFO - [2022-12-10T11:57:26.332+0000] {dag.py:2585} INFO - Sync 1 DAGs
[2022-12-10T11:57:26.354+0000] {logging_mixin.py:137} INFO - [2022-12-10T11:57:26.354+0000] {dag.py:3340} INFO - Setting next_dagrun for example_xcom to 2021-01-01T00:00:00+00:00, run_after=2021-01-01T00:00:00+00:00
[2022-12-10T11:57:26.368+0000] {processor.py:176} INFO - Processing /home/airflow/.local/lib/python3.7/site-packages/airflow/example_dags/example_xcom.py took 0.090 seconds
[2022-12-10T13:36:26.425+0000] {processor.py:154} INFO - Started process (PID=48552) to work on /home/airflow/.local/lib/python3.7/site-packages/airflow/example_dags/example_xcom.py
[2022-12-10T13:36:26.428+0000] {processor.py:756} INFO - Processing file /home/airflow/.local/lib/python3.7/site-packages/airflow/example_dags/example_xcom.py for tasks to queue
[2022-12-10T13:36:26.429+0000] {logging_mixin.py:137} INFO - [2022-12-10T13:36:26.429+0000] {dagbag.py:537} INFO - Filling up the DagBag from /home/airflow/.local/lib/python3.7/site-packages/airflow/example_dags/example_xcom.py
[2022-12-10T13:36:26.447+0000] {processor.py:766} INFO - DAG(s) dict_keys(['example_xcom']) retrieved from /home/airflow/.local/lib/python3.7/site-packages/airflow/example_dags/example_xcom.py
[2022-12-10T13:36:26.485+0000] {logging_mixin.py:137} INFO - [2022-12-10T13:36:26.485+0000] {dag.py:2585} INFO - Sync 1 DAGs
[2022-12-10T13:36:26.503+0000] {logging_mixin.py:137} INFO - [2022-12-10T13:36:26.503+0000] {dag.py:3340} INFO - Setting next_dagrun for example_xcom to 2021-01-01T00:00:00+00:00, run_after=2021-01-01T00:00:00+00:00
[2022-12-10T13:36:26.519+0000] {processor.py:176} INFO - Processing /home/airflow/.local/lib/python3.7/site-packages/airflow/example_dags/example_xcom.py took 0.097 seconds
[2022-12-10T15:01:36.175+0000] {processor.py:154} INFO - Started process (PID=48609) to work on /home/airflow/.local/lib/python3.7/site-packages/airflow/example_dags/example_xcom.py
[2022-12-10T15:01:36.178+0000] {processor.py:756} INFO - Processing file /home/airflow/.local/lib/python3.7/site-packages/airflow/example_dags/example_xcom.py for tasks to queue
[2022-12-10T15:01:36.180+0000] {logging_mixin.py:137} INFO - [2022-12-10T15:01:36.180+0000] {dagbag.py:537} INFO - Filling up the DagBag from /home/airflow/.local/lib/python3.7/site-packages/airflow/example_dags/example_xcom.py
[2022-12-10T15:01:36.225+0000] {processor.py:766} INFO - DAG(s) dict_keys(['example_xcom']) retrieved from /home/airflow/.local/lib/python3.7/site-packages/airflow/example_dags/example_xcom.py
[2022-12-10T15:01:36.311+0000] {logging_mixin.py:137} INFO - [2022-12-10T15:01:36.310+0000] {dag.py:2585} INFO - Sync 1 DAGs
[2022-12-10T15:01:36.350+0000] {logging_mixin.py:137} INFO - [2022-12-10T15:01:36.346+0000] {dag.py:3340} INFO - Setting next_dagrun for example_xcom to 2021-01-01T00:00:00+00:00, run_after=2021-01-01T00:00:00+00:00
[2022-12-10T15:01:36.380+0000] {processor.py:176} INFO - Processing /home/airflow/.local/lib/python3.7/site-packages/airflow/example_dags/example_xcom.py took 0.208 seconds
[2022-12-10T16:44:42.182+0000] {processor.py:154} INFO - Started process (PID=48679) to work on /home/airflow/.local/lib/python3.7/site-packages/airflow/example_dags/example_xcom.py
[2022-12-10T16:44:42.185+0000] {processor.py:756} INFO - Processing file /home/airflow/.local/lib/python3.7/site-packages/airflow/example_dags/example_xcom.py for tasks to queue
[2022-12-10T16:44:42.187+0000] {logging_mixin.py:137} INFO - [2022-12-10T16:44:42.187+0000] {dagbag.py:537} INFO - Filling up the DagBag from /home/airflow/.local/lib/python3.7/site-packages/airflow/example_dags/example_xcom.py
[2022-12-10T16:44:42.543+0000] {processor.py:766} INFO - DAG(s) dict_keys(['example_xcom']) retrieved from /home/airflow/.local/lib/python3.7/site-packages/airflow/example_dags/example_xcom.py
[2022-12-10T16:44:42.643+0000] {logging_mixin.py:137} INFO - [2022-12-10T16:44:42.643+0000] {dag.py:2585} INFO - Sync 1 DAGs
[2022-12-10T16:44:42.680+0000] {logging_mixin.py:137} INFO - [2022-12-10T16:44:42.680+0000] {dag.py:3340} INFO - Setting next_dagrun for example_xcom to 2021-01-01T00:00:00+00:00, run_after=2021-01-01T00:00:00+00:00
[2022-12-10T16:44:42.723+0000] {processor.py:176} INFO - Processing /home/airflow/.local/lib/python3.7/site-packages/airflow/example_dags/example_xcom.py took 0.545 seconds
[2022-12-10T18:09:53.578+0000] {processor.py:154} INFO - Started process (PID=48746) to work on /home/airflow/.local/lib/python3.7/site-packages/airflow/example_dags/example_xcom.py
[2022-12-10T18:09:53.580+0000] {processor.py:756} INFO - Processing file /home/airflow/.local/lib/python3.7/site-packages/airflow/example_dags/example_xcom.py for tasks to queue
[2022-12-10T18:09:53.584+0000] {logging_mixin.py:137} INFO - [2022-12-10T18:09:53.584+0000] {dagbag.py:537} INFO - Filling up the DagBag from /home/airflow/.local/lib/python3.7/site-packages/airflow/example_dags/example_xcom.py
[2022-12-10T18:09:53.604+0000] {processor.py:766} INFO - DAG(s) dict_keys(['example_xcom']) retrieved from /home/airflow/.local/lib/python3.7/site-packages/airflow/example_dags/example_xcom.py
[2022-12-10T18:09:53.638+0000] {logging_mixin.py:137} INFO - [2022-12-10T18:09:53.638+0000] {dag.py:2585} INFO - Sync 1 DAGs
[2022-12-10T18:09:53.657+0000] {logging_mixin.py:137} INFO - [2022-12-10T18:09:53.657+0000] {dag.py:3340} INFO - Setting next_dagrun for example_xcom to 2021-01-01T00:00:00+00:00, run_after=2021-01-01T00:00:00+00:00
[2022-12-10T18:09:53.671+0000] {processor.py:176} INFO - Processing /home/airflow/.local/lib/python3.7/site-packages/airflow/example_dags/example_xcom.py took 0.097 seconds
[2022-12-10T19:51:58.363+0000] {processor.py:154} INFO - Started process (PID=48811) to work on /home/airflow/.local/lib/python3.7/site-packages/airflow/example_dags/example_xcom.py
[2022-12-10T19:51:58.365+0000] {processor.py:756} INFO - Processing file /home/airflow/.local/lib/python3.7/site-packages/airflow/example_dags/example_xcom.py for tasks to queue
[2022-12-10T19:51:58.366+0000] {logging_mixin.py:137} INFO - [2022-12-10T19:51:58.366+0000] {dagbag.py:537} INFO - Filling up the DagBag from /home/airflow/.local/lib/python3.7/site-packages/airflow/example_dags/example_xcom.py
[2022-12-10T19:51:58.381+0000] {processor.py:766} INFO - DAG(s) dict_keys(['example_xcom']) retrieved from /home/airflow/.local/lib/python3.7/site-packages/airflow/example_dags/example_xcom.py
[2022-12-10T19:51:58.411+0000] {logging_mixin.py:137} INFO - [2022-12-10T19:51:58.410+0000] {dag.py:2585} INFO - Sync 1 DAGs
[2022-12-10T19:51:58.425+0000] {logging_mixin.py:137} INFO - [2022-12-10T19:51:58.425+0000] {dag.py:3340} INFO - Setting next_dagrun for example_xcom to 2021-01-01T00:00:00+00:00, run_after=2021-01-01T00:00:00+00:00
[2022-12-10T19:51:58.437+0000] {processor.py:176} INFO - Processing /home/airflow/.local/lib/python3.7/site-packages/airflow/example_dags/example_xcom.py took 0.076 seconds
[2022-12-10T21:32:07.028+0000] {processor.py:154} INFO - Started process (PID=48869) to work on /home/airflow/.local/lib/python3.7/site-packages/airflow/example_dags/example_xcom.py
[2022-12-10T21:32:07.030+0000] {processor.py:756} INFO - Processing file /home/airflow/.local/lib/python3.7/site-packages/airflow/example_dags/example_xcom.py for tasks to queue
[2022-12-10T21:32:07.031+0000] {logging_mixin.py:137} INFO - [2022-12-10T21:32:07.031+0000] {dagbag.py:537} INFO - Filling up the DagBag from /home/airflow/.local/lib/python3.7/site-packages/airflow/example_dags/example_xcom.py
[2022-12-10T21:32:07.046+0000] {processor.py:766} INFO - DAG(s) dict_keys(['example_xcom']) retrieved from /home/airflow/.local/lib/python3.7/site-packages/airflow/example_dags/example_xcom.py
[2022-12-10T21:32:07.083+0000] {logging_mixin.py:137} INFO - [2022-12-10T21:32:07.082+0000] {dag.py:2585} INFO - Sync 1 DAGs
[2022-12-10T21:32:07.103+0000] {logging_mixin.py:137} INFO - [2022-12-10T21:32:07.103+0000] {dag.py:3340} INFO - Setting next_dagrun for example_xcom to 2021-01-01T00:00:00+00:00, run_after=2021-01-01T00:00:00+00:00
[2022-12-10T21:32:07.119+0000] {processor.py:176} INFO - Processing /home/airflow/.local/lib/python3.7/site-packages/airflow/example_dags/example_xcom.py took 0.092 seconds
[2022-12-10T22:56:12.283+0000] {processor.py:154} INFO - Started process (PID=48937) to work on /home/airflow/.local/lib/python3.7/site-packages/airflow/example_dags/example_xcom.py
[2022-12-10T22:56:12.285+0000] {processor.py:756} INFO - Processing file /home/airflow/.local/lib/python3.7/site-packages/airflow/example_dags/example_xcom.py for tasks to queue
[2022-12-10T22:56:12.286+0000] {logging_mixin.py:137} INFO - [2022-12-10T22:56:12.286+0000] {dagbag.py:537} INFO - Filling up the DagBag from /home/airflow/.local/lib/python3.7/site-packages/airflow/example_dags/example_xcom.py
[2022-12-10T22:56:12.308+0000] {processor.py:766} INFO - DAG(s) dict_keys(['example_xcom']) retrieved from /home/airflow/.local/lib/python3.7/site-packages/airflow/example_dags/example_xcom.py
[2022-12-10T22:56:12.341+0000] {logging_mixin.py:137} INFO - [2022-12-10T22:56:12.341+0000] {dag.py:2585} INFO - Sync 1 DAGs
[2022-12-10T22:56:12.360+0000] {logging_mixin.py:137} INFO - [2022-12-10T22:56:12.360+0000] {dag.py:3340} INFO - Setting next_dagrun for example_xcom to 2021-01-01T00:00:00+00:00, run_after=2021-01-01T00:00:00+00:00
[2022-12-10T22:56:12.374+0000] {processor.py:176} INFO - Processing /home/airflow/.local/lib/python3.7/site-packages/airflow/example_dags/example_xcom.py took 0.094 seconds
[2022-12-10T23:54:30.693+0000] {processor.py:154} INFO - Started process (PID=49004) to work on /home/airflow/.local/lib/python3.7/site-packages/airflow/example_dags/example_xcom.py
[2022-12-10T23:54:30.695+0000] {processor.py:756} INFO - Processing file /home/airflow/.local/lib/python3.7/site-packages/airflow/example_dags/example_xcom.py for tasks to queue
[2022-12-10T23:54:30.696+0000] {logging_mixin.py:137} INFO - [2022-12-10T23:54:30.696+0000] {dagbag.py:537} INFO - Filling up the DagBag from /home/airflow/.local/lib/python3.7/site-packages/airflow/example_dags/example_xcom.py
[2022-12-10T23:54:30.713+0000] {processor.py:766} INFO - DAG(s) dict_keys(['example_xcom']) retrieved from /home/airflow/.local/lib/python3.7/site-packages/airflow/example_dags/example_xcom.py
[2022-12-10T23:54:30.744+0000] {logging_mixin.py:137} INFO - [2022-12-10T23:54:30.744+0000] {dag.py:2585} INFO - Sync 1 DAGs
[2022-12-10T23:54:30.761+0000] {logging_mixin.py:137} INFO - [2022-12-10T23:54:30.761+0000] {dag.py:3340} INFO - Setting next_dagrun for example_xcom to 2021-01-01T00:00:00+00:00, run_after=2021-01-01T00:00:00+00:00
[2022-12-10T23:54:30.777+0000] {processor.py:176} INFO - Processing /home/airflow/.local/lib/python3.7/site-packages/airflow/example_dags/example_xcom.py took 0.086 seconds
