[2022-12-10T01:13:56.057+0000] {processor.py:154} INFO - Started process (PID=47942) to work on /home/airflow/.local/lib/python3.7/site-packages/airflow/example_dags/example_dag_decorator.py
[2022-12-10T01:13:56.059+0000] {processor.py:756} INFO - Processing file /home/airflow/.local/lib/python3.7/site-packages/airflow/example_dags/example_dag_decorator.py for tasks to queue
[2022-12-10T01:13:56.062+0000] {logging_mixin.py:137} INFO - [2022-12-10T01:13:56.062+0000] {dagbag.py:537} INFO - Filling up the DagBag from /home/airflow/.local/lib/python3.7/site-packages/airflow/example_dags/example_dag_decorator.py
[2022-12-10T01:13:56.076+0000] {logging_mixin.py:137} INFO - [2022-12-10T01:13:56.076+0000] {taskmixin.py:205} WARNING - Dependency <Task(_PythonDecoratedOperator): prepare_email>, send_email already registered for DAG: example_dag_decorator
[2022-12-10T01:13:56.077+0000] {logging_mixin.py:137} INFO - [2022-12-10T01:13:56.077+0000] {taskmixin.py:205} WARNING - Dependency <Task(EmailOperator): send_email>, prepare_email already registered for DAG: example_dag_decorator
[2022-12-10T01:13:56.097+0000] {processor.py:766} INFO - DAG(s) dict_keys(['example_dag_decorator']) retrieved from /home/airflow/.local/lib/python3.7/site-packages/airflow/example_dags/example_dag_decorator.py
[2022-12-10T01:13:56.176+0000] {logging_mixin.py:137} INFO - [2022-12-10T01:13:56.176+0000] {dag.py:2585} INFO - Sync 1 DAGs
[2022-12-10T01:13:56.198+0000] {logging_mixin.py:137} INFO - [2022-12-10T01:13:56.198+0000] {dag.py:3340} INFO - Setting next_dagrun for example_dag_decorator to None, run_after=None
[2022-12-10T01:13:56.221+0000] {processor.py:176} INFO - Processing /home/airflow/.local/lib/python3.7/site-packages/airflow/example_dags/example_dag_decorator.py took 0.167 seconds
[2022-12-10T02:35:29.697+0000] {processor.py:154} INFO - Started process (PID=47999) to work on /home/airflow/.local/lib/python3.7/site-packages/airflow/example_dags/example_dag_decorator.py
[2022-12-10T02:35:29.699+0000] {processor.py:756} INFO - Processing file /home/airflow/.local/lib/python3.7/site-packages/airflow/example_dags/example_dag_decorator.py for tasks to queue
[2022-12-10T02:35:29.700+0000] {logging_mixin.py:137} INFO - [2022-12-10T02:35:29.700+0000] {dagbag.py:537} INFO - Filling up the DagBag from /home/airflow/.local/lib/python3.7/site-packages/airflow/example_dags/example_dag_decorator.py
[2022-12-10T02:35:29.711+0000] {logging_mixin.py:137} INFO - [2022-12-10T02:35:29.711+0000] {taskmixin.py:205} WARNING - Dependency <Task(_PythonDecoratedOperator): prepare_email>, send_email already registered for DAG: example_dag_decorator
[2022-12-10T02:35:29.712+0000] {logging_mixin.py:137} INFO - [2022-12-10T02:35:29.712+0000] {taskmixin.py:205} WARNING - Dependency <Task(EmailOperator): send_email>, prepare_email already registered for DAG: example_dag_decorator
[2022-12-10T02:35:29.723+0000] {processor.py:766} INFO - DAG(s) dict_keys(['example_dag_decorator']) retrieved from /home/airflow/.local/lib/python3.7/site-packages/airflow/example_dags/example_dag_decorator.py
[2022-12-10T02:35:29.778+0000] {logging_mixin.py:137} INFO - [2022-12-10T02:35:29.778+0000] {dag.py:2585} INFO - Sync 1 DAGs
[2022-12-10T02:35:29.793+0000] {logging_mixin.py:137} INFO - [2022-12-10T02:35:29.792+0000] {dag.py:3340} INFO - Setting next_dagrun for example_dag_decorator to None, run_after=None
[2022-12-10T02:35:29.805+0000] {processor.py:176} INFO - Processing /home/airflow/.local/lib/python3.7/site-packages/airflow/example_dags/example_dag_decorator.py took 0.110 seconds
[2022-12-10T03:43:49.677+0000] {processor.py:154} INFO - Started process (PID=48064) to work on /home/airflow/.local/lib/python3.7/site-packages/airflow/example_dags/example_dag_decorator.py
[2022-12-10T03:43:49.680+0000] {processor.py:756} INFO - Processing file /home/airflow/.local/lib/python3.7/site-packages/airflow/example_dags/example_dag_decorator.py for tasks to queue
[2022-12-10T03:43:49.682+0000] {logging_mixin.py:137} INFO - [2022-12-10T03:43:49.682+0000] {dagbag.py:537} INFO - Filling up the DagBag from /home/airflow/.local/lib/python3.7/site-packages/airflow/example_dags/example_dag_decorator.py
[2022-12-10T03:43:49.706+0000] {logging_mixin.py:137} INFO - [2022-12-10T03:43:49.706+0000] {taskmixin.py:205} WARNING - Dependency <Task(_PythonDecoratedOperator): prepare_email>, send_email already registered for DAG: example_dag_decorator
[2022-12-10T03:43:49.708+0000] {logging_mixin.py:137} INFO - [2022-12-10T03:43:49.708+0000] {taskmixin.py:205} WARNING - Dependency <Task(EmailOperator): send_email>, prepare_email already registered for DAG: example_dag_decorator
[2022-12-10T03:43:49.725+0000] {processor.py:766} INFO - DAG(s) dict_keys(['example_dag_decorator']) retrieved from /home/airflow/.local/lib/python3.7/site-packages/airflow/example_dags/example_dag_decorator.py
[2022-12-10T03:43:49.814+0000] {logging_mixin.py:137} INFO - [2022-12-10T03:43:49.813+0000] {dag.py:2585} INFO - Sync 1 DAGs
[2022-12-10T03:43:49.833+0000] {logging_mixin.py:137} INFO - [2022-12-10T03:43:49.833+0000] {dag.py:3340} INFO - Setting next_dagrun for example_dag_decorator to None, run_after=None
[2022-12-10T03:43:49.982+0000] {processor.py:176} INFO - Processing /home/airflow/.local/lib/python3.7/site-packages/airflow/example_dags/example_dag_decorator.py took 0.311 seconds
[2022-12-10T04:16:19.328+0000] {processor.py:154} INFO - Started process (PID=48131) to work on /home/airflow/.local/lib/python3.7/site-packages/airflow/example_dags/example_dag_decorator.py
[2022-12-10T04:16:19.330+0000] {processor.py:756} INFO - Processing file /home/airflow/.local/lib/python3.7/site-packages/airflow/example_dags/example_dag_decorator.py for tasks to queue
[2022-12-10T04:16:19.331+0000] {logging_mixin.py:137} INFO - [2022-12-10T04:16:19.331+0000] {dagbag.py:537} INFO - Filling up the DagBag from /home/airflow/.local/lib/python3.7/site-packages/airflow/example_dags/example_dag_decorator.py
[2022-12-10T04:16:19.344+0000] {logging_mixin.py:137} INFO - [2022-12-10T04:16:19.344+0000] {taskmixin.py:205} WARNING - Dependency <Task(_PythonDecoratedOperator): prepare_email>, send_email already registered for DAG: example_dag_decorator
[2022-12-10T04:16:19.346+0000] {logging_mixin.py:137} INFO - [2022-12-10T04:16:19.345+0000] {taskmixin.py:205} WARNING - Dependency <Task(EmailOperator): send_email>, prepare_email already registered for DAG: example_dag_decorator
[2022-12-10T04:16:19.358+0000] {processor.py:766} INFO - DAG(s) dict_keys(['example_dag_decorator']) retrieved from /home/airflow/.local/lib/python3.7/site-packages/airflow/example_dags/example_dag_decorator.py
[2022-12-10T04:16:19.424+0000] {logging_mixin.py:137} INFO - [2022-12-10T04:16:19.424+0000] {dag.py:2585} INFO - Sync 1 DAGs
[2022-12-10T04:16:19.444+0000] {logging_mixin.py:137} INFO - [2022-12-10T04:16:19.444+0000] {dag.py:3340} INFO - Setting next_dagrun for example_dag_decorator to None, run_after=None
[2022-12-10T04:16:19.459+0000] {processor.py:176} INFO - Processing /home/airflow/.local/lib/python3.7/site-packages/airflow/example_dags/example_dag_decorator.py took 0.133 seconds
[2022-12-10T05:54:53.357+0000] {processor.py:154} INFO - Started process (PID=48199) to work on /home/airflow/.local/lib/python3.7/site-packages/airflow/example_dags/example_dag_decorator.py
[2022-12-10T05:54:53.359+0000] {processor.py:756} INFO - Processing file /home/airflow/.local/lib/python3.7/site-packages/airflow/example_dags/example_dag_decorator.py for tasks to queue
[2022-12-10T05:54:53.360+0000] {logging_mixin.py:137} INFO - [2022-12-10T05:54:53.360+0000] {dagbag.py:537} INFO - Filling up the DagBag from /home/airflow/.local/lib/python3.7/site-packages/airflow/example_dags/example_dag_decorator.py
[2022-12-10T05:54:53.370+0000] {logging_mixin.py:137} INFO - [2022-12-10T05:54:53.370+0000] {taskmixin.py:205} WARNING - Dependency <Task(_PythonDecoratedOperator): prepare_email>, send_email already registered for DAG: example_dag_decorator
[2022-12-10T05:54:53.372+0000] {logging_mixin.py:137} INFO - [2022-12-10T05:54:53.372+0000] {taskmixin.py:205} WARNING - Dependency <Task(EmailOperator): send_email>, prepare_email already registered for DAG: example_dag_decorator
[2022-12-10T05:54:53.383+0000] {processor.py:766} INFO - DAG(s) dict_keys(['example_dag_decorator']) retrieved from /home/airflow/.local/lib/python3.7/site-packages/airflow/example_dags/example_dag_decorator.py
[2022-12-10T05:54:53.435+0000] {logging_mixin.py:137} INFO - [2022-12-10T05:54:53.435+0000] {dag.py:2585} INFO - Sync 1 DAGs
[2022-12-10T05:54:53.451+0000] {logging_mixin.py:137} INFO - [2022-12-10T05:54:53.451+0000] {dag.py:3340} INFO - Setting next_dagrun for example_dag_decorator to None, run_after=None
[2022-12-10T05:54:53.465+0000] {processor.py:176} INFO - Processing /home/airflow/.local/lib/python3.7/site-packages/airflow/example_dags/example_dag_decorator.py took 0.110 seconds
[2022-12-10T07:18:16.019+0000] {processor.py:154} INFO - Started process (PID=48258) to work on /home/airflow/.local/lib/python3.7/site-packages/airflow/example_dags/example_dag_decorator.py
[2022-12-10T07:18:16.022+0000] {processor.py:756} INFO - Processing file /home/airflow/.local/lib/python3.7/site-packages/airflow/example_dags/example_dag_decorator.py for tasks to queue
[2022-12-10T07:18:16.023+0000] {logging_mixin.py:137} INFO - [2022-12-10T07:18:16.023+0000] {dagbag.py:537} INFO - Filling up the DagBag from /home/airflow/.local/lib/python3.7/site-packages/airflow/example_dags/example_dag_decorator.py
[2022-12-10T07:18:16.034+0000] {logging_mixin.py:137} INFO - [2022-12-10T07:18:16.034+0000] {taskmixin.py:205} WARNING - Dependency <Task(_PythonDecoratedOperator): prepare_email>, send_email already registered for DAG: example_dag_decorator
[2022-12-10T07:18:16.035+0000] {logging_mixin.py:137} INFO - [2022-12-10T07:18:16.035+0000] {taskmixin.py:205} WARNING - Dependency <Task(EmailOperator): send_email>, prepare_email already registered for DAG: example_dag_decorator
[2022-12-10T07:18:16.046+0000] {processor.py:766} INFO - DAG(s) dict_keys(['example_dag_decorator']) retrieved from /home/airflow/.local/lib/python3.7/site-packages/airflow/example_dags/example_dag_decorator.py
[2022-12-10T07:18:16.103+0000] {logging_mixin.py:137} INFO - [2022-12-10T07:18:16.103+0000] {dag.py:2585} INFO - Sync 1 DAGs
[2022-12-10T07:18:16.118+0000] {logging_mixin.py:137} INFO - [2022-12-10T07:18:16.118+0000] {dag.py:3340} INFO - Setting next_dagrun for example_dag_decorator to None, run_after=None
[2022-12-10T07:18:16.132+0000] {processor.py:176} INFO - Processing /home/airflow/.local/lib/python3.7/site-packages/airflow/example_dags/example_dag_decorator.py took 0.115 seconds
[2022-12-10T08:58:57.613+0000] {processor.py:154} INFO - Started process (PID=48326) to work on /home/airflow/.local/lib/python3.7/site-packages/airflow/example_dags/example_dag_decorator.py
[2022-12-10T08:58:57.615+0000] {processor.py:756} INFO - Processing file /home/airflow/.local/lib/python3.7/site-packages/airflow/example_dags/example_dag_decorator.py for tasks to queue
[2022-12-10T08:58:57.616+0000] {logging_mixin.py:137} INFO - [2022-12-10T08:58:57.616+0000] {dagbag.py:537} INFO - Filling up the DagBag from /home/airflow/.local/lib/python3.7/site-packages/airflow/example_dags/example_dag_decorator.py
[2022-12-10T08:58:57.626+0000] {logging_mixin.py:137} INFO - [2022-12-10T08:58:57.626+0000] {taskmixin.py:205} WARNING - Dependency <Task(_PythonDecoratedOperator): prepare_email>, send_email already registered for DAG: example_dag_decorator
[2022-12-10T08:58:57.627+0000] {logging_mixin.py:137} INFO - [2022-12-10T08:58:57.627+0000] {taskmixin.py:205} WARNING - Dependency <Task(EmailOperator): send_email>, prepare_email already registered for DAG: example_dag_decorator
[2022-12-10T08:58:57.636+0000] {processor.py:766} INFO - DAG(s) dict_keys(['example_dag_decorator']) retrieved from /home/airflow/.local/lib/python3.7/site-packages/airflow/example_dags/example_dag_decorator.py
[2022-12-10T08:58:57.695+0000] {logging_mixin.py:137} INFO - [2022-12-10T08:58:57.695+0000] {dag.py:2585} INFO - Sync 1 DAGs
[2022-12-10T08:58:57.710+0000] {logging_mixin.py:137} INFO - [2022-12-10T08:58:57.710+0000] {dag.py:3340} INFO - Setting next_dagrun for example_dag_decorator to None, run_after=None
[2022-12-10T08:58:57.723+0000] {processor.py:176} INFO - Processing /home/airflow/.local/lib/python3.7/site-packages/airflow/example_dags/example_dag_decorator.py took 0.113 seconds
[2022-12-10T10:34:17.213+0000] {processor.py:154} INFO - Started process (PID=48393) to work on /home/airflow/.local/lib/python3.7/site-packages/airflow/example_dags/example_dag_decorator.py
[2022-12-10T10:34:17.214+0000] {processor.py:756} INFO - Processing file /home/airflow/.local/lib/python3.7/site-packages/airflow/example_dags/example_dag_decorator.py for tasks to queue
[2022-12-10T10:34:17.216+0000] {logging_mixin.py:137} INFO - [2022-12-10T10:34:17.215+0000] {dagbag.py:537} INFO - Filling up the DagBag from /home/airflow/.local/lib/python3.7/site-packages/airflow/example_dags/example_dag_decorator.py
[2022-12-10T10:34:17.228+0000] {logging_mixin.py:137} INFO - [2022-12-10T10:34:17.228+0000] {taskmixin.py:205} WARNING - Dependency <Task(_PythonDecoratedOperator): prepare_email>, send_email already registered for DAG: example_dag_decorator
[2022-12-10T10:34:17.229+0000] {logging_mixin.py:137} INFO - [2022-12-10T10:34:17.229+0000] {taskmixin.py:205} WARNING - Dependency <Task(EmailOperator): send_email>, prepare_email already registered for DAG: example_dag_decorator
[2022-12-10T10:34:17.240+0000] {processor.py:766} INFO - DAG(s) dict_keys(['example_dag_decorator']) retrieved from /home/airflow/.local/lib/python3.7/site-packages/airflow/example_dags/example_dag_decorator.py
[2022-12-10T10:34:17.301+0000] {logging_mixin.py:137} INFO - [2022-12-10T10:34:17.301+0000] {dag.py:2585} INFO - Sync 1 DAGs
[2022-12-10T10:34:17.318+0000] {logging_mixin.py:137} INFO - [2022-12-10T10:34:17.318+0000] {dag.py:3340} INFO - Setting next_dagrun for example_dag_decorator to None, run_after=None
[2022-12-10T10:34:17.332+0000] {processor.py:176} INFO - Processing /home/airflow/.local/lib/python3.7/site-packages/airflow/example_dags/example_dag_decorator.py took 0.122 seconds
[2022-12-10T11:57:24.266+0000] {processor.py:154} INFO - Started process (PID=48461) to work on /home/airflow/.local/lib/python3.7/site-packages/airflow/example_dags/example_dag_decorator.py
[2022-12-10T11:57:24.268+0000] {processor.py:756} INFO - Processing file /home/airflow/.local/lib/python3.7/site-packages/airflow/example_dags/example_dag_decorator.py for tasks to queue
[2022-12-10T11:57:24.269+0000] {logging_mixin.py:137} INFO - [2022-12-10T11:57:24.269+0000] {dagbag.py:537} INFO - Filling up the DagBag from /home/airflow/.local/lib/python3.7/site-packages/airflow/example_dags/example_dag_decorator.py
[2022-12-10T11:57:24.279+0000] {logging_mixin.py:137} INFO - [2022-12-10T11:57:24.279+0000] {taskmixin.py:205} WARNING - Dependency <Task(_PythonDecoratedOperator): prepare_email>, send_email already registered for DAG: example_dag_decorator
[2022-12-10T11:57:24.282+0000] {logging_mixin.py:137} INFO - [2022-12-10T11:57:24.281+0000] {taskmixin.py:205} WARNING - Dependency <Task(EmailOperator): send_email>, prepare_email already registered for DAG: example_dag_decorator
[2022-12-10T11:57:24.298+0000] {processor.py:766} INFO - DAG(s) dict_keys(['example_dag_decorator']) retrieved from /home/airflow/.local/lib/python3.7/site-packages/airflow/example_dags/example_dag_decorator.py
[2022-12-10T11:57:24.355+0000] {logging_mixin.py:137} INFO - [2022-12-10T11:57:24.355+0000] {dag.py:2585} INFO - Sync 1 DAGs
[2022-12-10T11:57:24.373+0000] {logging_mixin.py:137} INFO - [2022-12-10T11:57:24.373+0000] {dag.py:3340} INFO - Setting next_dagrun for example_dag_decorator to None, run_after=None
[2022-12-10T11:57:24.390+0000] {processor.py:176} INFO - Processing /home/airflow/.local/lib/python3.7/site-packages/airflow/example_dags/example_dag_decorator.py took 0.126 seconds
[2022-12-10T13:36:24.758+0000] {processor.py:154} INFO - Started process (PID=48526) to work on /home/airflow/.local/lib/python3.7/site-packages/airflow/example_dags/example_dag_decorator.py
[2022-12-10T13:36:24.761+0000] {processor.py:756} INFO - Processing file /home/airflow/.local/lib/python3.7/site-packages/airflow/example_dags/example_dag_decorator.py for tasks to queue
[2022-12-10T13:36:24.764+0000] {logging_mixin.py:137} INFO - [2022-12-10T13:36:24.764+0000] {dagbag.py:537} INFO - Filling up the DagBag from /home/airflow/.local/lib/python3.7/site-packages/airflow/example_dags/example_dag_decorator.py
[2022-12-10T13:36:24.777+0000] {logging_mixin.py:137} INFO - [2022-12-10T13:36:24.777+0000] {taskmixin.py:205} WARNING - Dependency <Task(_PythonDecoratedOperator): prepare_email>, send_email already registered for DAG: example_dag_decorator
[2022-12-10T13:36:24.780+0000] {logging_mixin.py:137} INFO - [2022-12-10T13:36:24.779+0000] {taskmixin.py:205} WARNING - Dependency <Task(EmailOperator): send_email>, prepare_email already registered for DAG: example_dag_decorator
[2022-12-10T13:36:24.793+0000] {processor.py:766} INFO - DAG(s) dict_keys(['example_dag_decorator']) retrieved from /home/airflow/.local/lib/python3.7/site-packages/airflow/example_dags/example_dag_decorator.py
[2022-12-10T13:36:24.869+0000] {logging_mixin.py:137} INFO - [2022-12-10T13:36:24.869+0000] {dag.py:2585} INFO - Sync 1 DAGs
[2022-12-10T13:36:24.892+0000] {logging_mixin.py:137} INFO - [2022-12-10T13:36:24.892+0000] {dag.py:3340} INFO - Setting next_dagrun for example_dag_decorator to None, run_after=None
[2022-12-10T13:36:24.907+0000] {processor.py:176} INFO - Processing /home/airflow/.local/lib/python3.7/site-packages/airflow/example_dags/example_dag_decorator.py took 0.152 seconds
[2022-12-10T15:01:34.547+0000] {processor.py:154} INFO - Started process (PID=48585) to work on /home/airflow/.local/lib/python3.7/site-packages/airflow/example_dags/example_dag_decorator.py
[2022-12-10T15:01:34.548+0000] {processor.py:756} INFO - Processing file /home/airflow/.local/lib/python3.7/site-packages/airflow/example_dags/example_dag_decorator.py for tasks to queue
[2022-12-10T15:01:34.549+0000] {logging_mixin.py:137} INFO - [2022-12-10T15:01:34.549+0000] {dagbag.py:537} INFO - Filling up the DagBag from /home/airflow/.local/lib/python3.7/site-packages/airflow/example_dags/example_dag_decorator.py
[2022-12-10T15:01:34.561+0000] {logging_mixin.py:137} INFO - [2022-12-10T15:01:34.561+0000] {taskmixin.py:205} WARNING - Dependency <Task(_PythonDecoratedOperator): prepare_email>, send_email already registered for DAG: example_dag_decorator
[2022-12-10T15:01:34.562+0000] {logging_mixin.py:137} INFO - [2022-12-10T15:01:34.562+0000] {taskmixin.py:205} WARNING - Dependency <Task(EmailOperator): send_email>, prepare_email already registered for DAG: example_dag_decorator
[2022-12-10T15:01:34.572+0000] {processor.py:766} INFO - DAG(s) dict_keys(['example_dag_decorator']) retrieved from /home/airflow/.local/lib/python3.7/site-packages/airflow/example_dags/example_dag_decorator.py
[2022-12-10T15:01:34.630+0000] {logging_mixin.py:137} INFO - [2022-12-10T15:01:34.629+0000] {dag.py:2585} INFO - Sync 1 DAGs
[2022-12-10T15:01:34.645+0000] {logging_mixin.py:137} INFO - [2022-12-10T15:01:34.645+0000] {dag.py:3340} INFO - Setting next_dagrun for example_dag_decorator to None, run_after=None
[2022-12-10T15:01:34.657+0000] {processor.py:176} INFO - Processing /home/airflow/.local/lib/python3.7/site-packages/airflow/example_dags/example_dag_decorator.py took 0.113 seconds
[2022-12-10T16:44:40.719+0000] {processor.py:154} INFO - Started process (PID=48655) to work on /home/airflow/.local/lib/python3.7/site-packages/airflow/example_dags/example_dag_decorator.py
[2022-12-10T16:44:40.721+0000] {processor.py:756} INFO - Processing file /home/airflow/.local/lib/python3.7/site-packages/airflow/example_dags/example_dag_decorator.py for tasks to queue
[2022-12-10T16:44:40.722+0000] {logging_mixin.py:137} INFO - [2022-12-10T16:44:40.722+0000] {dagbag.py:537} INFO - Filling up the DagBag from /home/airflow/.local/lib/python3.7/site-packages/airflow/example_dags/example_dag_decorator.py
[2022-12-10T16:44:40.736+0000] {logging_mixin.py:137} INFO - [2022-12-10T16:44:40.736+0000] {taskmixin.py:205} WARNING - Dependency <Task(_PythonDecoratedOperator): prepare_email>, send_email already registered for DAG: example_dag_decorator
[2022-12-10T16:44:40.739+0000] {logging_mixin.py:137} INFO - [2022-12-10T16:44:40.738+0000] {taskmixin.py:205} WARNING - Dependency <Task(EmailOperator): send_email>, prepare_email already registered for DAG: example_dag_decorator
[2022-12-10T16:44:40.751+0000] {processor.py:766} INFO - DAG(s) dict_keys(['example_dag_decorator']) retrieved from /home/airflow/.local/lib/python3.7/site-packages/airflow/example_dags/example_dag_decorator.py
[2022-12-10T16:44:40.812+0000] {logging_mixin.py:137} INFO - [2022-12-10T16:44:40.812+0000] {dag.py:2585} INFO - Sync 1 DAGs
[2022-12-10T16:44:40.828+0000] {logging_mixin.py:137} INFO - [2022-12-10T16:44:40.828+0000] {dag.py:3340} INFO - Setting next_dagrun for example_dag_decorator to None, run_after=None
[2022-12-10T16:44:40.842+0000] {processor.py:176} INFO - Processing /home/airflow/.local/lib/python3.7/site-packages/airflow/example_dags/example_dag_decorator.py took 0.128 seconds
[2022-12-10T18:09:51.896+0000] {processor.py:154} INFO - Started process (PID=48722) to work on /home/airflow/.local/lib/python3.7/site-packages/airflow/example_dags/example_dag_decorator.py
[2022-12-10T18:09:51.899+0000] {processor.py:756} INFO - Processing file /home/airflow/.local/lib/python3.7/site-packages/airflow/example_dags/example_dag_decorator.py for tasks to queue
[2022-12-10T18:09:51.901+0000] {logging_mixin.py:137} INFO - [2022-12-10T18:09:51.901+0000] {dagbag.py:537} INFO - Filling up the DagBag from /home/airflow/.local/lib/python3.7/site-packages/airflow/example_dags/example_dag_decorator.py
[2022-12-10T18:09:51.918+0000] {logging_mixin.py:137} INFO - [2022-12-10T18:09:51.918+0000] {taskmixin.py:205} WARNING - Dependency <Task(_PythonDecoratedOperator): prepare_email>, send_email already registered for DAG: example_dag_decorator
[2022-12-10T18:09:51.919+0000] {logging_mixin.py:137} INFO - [2022-12-10T18:09:51.919+0000] {taskmixin.py:205} WARNING - Dependency <Task(EmailOperator): send_email>, prepare_email already registered for DAG: example_dag_decorator
[2022-12-10T18:09:51.930+0000] {processor.py:766} INFO - DAG(s) dict_keys(['example_dag_decorator']) retrieved from /home/airflow/.local/lib/python3.7/site-packages/airflow/example_dags/example_dag_decorator.py
[2022-12-10T18:09:51.996+0000] {logging_mixin.py:137} INFO - [2022-12-10T18:09:51.996+0000] {dag.py:2585} INFO - Sync 1 DAGs
[2022-12-10T18:09:52.015+0000] {logging_mixin.py:137} INFO - [2022-12-10T18:09:52.015+0000] {dag.py:3340} INFO - Setting next_dagrun for example_dag_decorator to None, run_after=None
[2022-12-10T18:09:52.034+0000] {processor.py:176} INFO - Processing /home/airflow/.local/lib/python3.7/site-packages/airflow/example_dags/example_dag_decorator.py took 0.140 seconds
[2022-12-10T19:51:56.356+0000] {processor.py:154} INFO - Started process (PID=48787) to work on /home/airflow/.local/lib/python3.7/site-packages/airflow/example_dags/example_dag_decorator.py
[2022-12-10T19:51:56.359+0000] {processor.py:756} INFO - Processing file /home/airflow/.local/lib/python3.7/site-packages/airflow/example_dags/example_dag_decorator.py for tasks to queue
[2022-12-10T19:51:56.361+0000] {logging_mixin.py:137} INFO - [2022-12-10T19:51:56.360+0000] {dagbag.py:537} INFO - Filling up the DagBag from /home/airflow/.local/lib/python3.7/site-packages/airflow/example_dags/example_dag_decorator.py
[2022-12-10T19:51:56.376+0000] {logging_mixin.py:137} INFO - [2022-12-10T19:51:56.376+0000] {taskmixin.py:205} WARNING - Dependency <Task(_PythonDecoratedOperator): prepare_email>, send_email already registered for DAG: example_dag_decorator
[2022-12-10T19:51:56.378+0000] {logging_mixin.py:137} INFO - [2022-12-10T19:51:56.378+0000] {taskmixin.py:205} WARNING - Dependency <Task(EmailOperator): send_email>, prepare_email already registered for DAG: example_dag_decorator
[2022-12-10T19:51:56.396+0000] {processor.py:766} INFO - DAG(s) dict_keys(['example_dag_decorator']) retrieved from /home/airflow/.local/lib/python3.7/site-packages/airflow/example_dags/example_dag_decorator.py
[2022-12-10T19:51:56.483+0000] {logging_mixin.py:137} INFO - [2022-12-10T19:51:56.483+0000] {dag.py:2585} INFO - Sync 1 DAGs
[2022-12-10T19:51:56.512+0000] {logging_mixin.py:137} INFO - [2022-12-10T19:51:56.512+0000] {dag.py:3340} INFO - Setting next_dagrun for example_dag_decorator to None, run_after=None
[2022-12-10T19:51:56.532+0000] {processor.py:176} INFO - Processing /home/airflow/.local/lib/python3.7/site-packages/airflow/example_dags/example_dag_decorator.py took 0.180 seconds
[2022-12-10T21:32:05.662+0000] {processor.py:154} INFO - Started process (PID=48845) to work on /home/airflow/.local/lib/python3.7/site-packages/airflow/example_dags/example_dag_decorator.py
[2022-12-10T21:32:05.664+0000] {processor.py:756} INFO - Processing file /home/airflow/.local/lib/python3.7/site-packages/airflow/example_dags/example_dag_decorator.py for tasks to queue
[2022-12-10T21:32:05.665+0000] {logging_mixin.py:137} INFO - [2022-12-10T21:32:05.665+0000] {dagbag.py:537} INFO - Filling up the DagBag from /home/airflow/.local/lib/python3.7/site-packages/airflow/example_dags/example_dag_decorator.py
[2022-12-10T21:32:05.676+0000] {logging_mixin.py:137} INFO - [2022-12-10T21:32:05.676+0000] {taskmixin.py:205} WARNING - Dependency <Task(_PythonDecoratedOperator): prepare_email>, send_email already registered for DAG: example_dag_decorator
[2022-12-10T21:32:05.677+0000] {logging_mixin.py:137} INFO - [2022-12-10T21:32:05.677+0000] {taskmixin.py:205} WARNING - Dependency <Task(EmailOperator): send_email>, prepare_email already registered for DAG: example_dag_decorator
[2022-12-10T21:32:05.688+0000] {processor.py:766} INFO - DAG(s) dict_keys(['example_dag_decorator']) retrieved from /home/airflow/.local/lib/python3.7/site-packages/airflow/example_dags/example_dag_decorator.py
[2022-12-10T21:32:05.755+0000] {logging_mixin.py:137} INFO - [2022-12-10T21:32:05.755+0000] {dag.py:2585} INFO - Sync 1 DAGs
[2022-12-10T21:32:05.773+0000] {logging_mixin.py:137} INFO - [2022-12-10T21:32:05.773+0000] {dag.py:3340} INFO - Setting next_dagrun for example_dag_decorator to None, run_after=None
[2022-12-10T21:32:05.789+0000] {processor.py:176} INFO - Processing /home/airflow/.local/lib/python3.7/site-packages/airflow/example_dags/example_dag_decorator.py took 0.129 seconds
[2022-12-10T22:56:10.485+0000] {processor.py:154} INFO - Started process (PID=48913) to work on /home/airflow/.local/lib/python3.7/site-packages/airflow/example_dags/example_dag_decorator.py
[2022-12-10T22:56:10.487+0000] {processor.py:756} INFO - Processing file /home/airflow/.local/lib/python3.7/site-packages/airflow/example_dags/example_dag_decorator.py for tasks to queue
[2022-12-10T22:56:10.488+0000] {logging_mixin.py:137} INFO - [2022-12-10T22:56:10.488+0000] {dagbag.py:537} INFO - Filling up the DagBag from /home/airflow/.local/lib/python3.7/site-packages/airflow/example_dags/example_dag_decorator.py
[2022-12-10T22:56:10.499+0000] {logging_mixin.py:137} INFO - [2022-12-10T22:56:10.499+0000] {taskmixin.py:205} WARNING - Dependency <Task(_PythonDecoratedOperator): prepare_email>, send_email already registered for DAG: example_dag_decorator
[2022-12-10T22:56:10.501+0000] {logging_mixin.py:137} INFO - [2022-12-10T22:56:10.501+0000] {taskmixin.py:205} WARNING - Dependency <Task(EmailOperator): send_email>, prepare_email already registered for DAG: example_dag_decorator
[2022-12-10T22:56:10.515+0000] {processor.py:766} INFO - DAG(s) dict_keys(['example_dag_decorator']) retrieved from /home/airflow/.local/lib/python3.7/site-packages/airflow/example_dags/example_dag_decorator.py
[2022-12-10T22:56:10.567+0000] {logging_mixin.py:137} INFO - [2022-12-10T22:56:10.567+0000] {dag.py:2585} INFO - Sync 1 DAGs
[2022-12-10T22:56:10.582+0000] {logging_mixin.py:137} INFO - [2022-12-10T22:56:10.582+0000] {dag.py:3340} INFO - Setting next_dagrun for example_dag_decorator to None, run_after=None
[2022-12-10T22:56:10.597+0000] {processor.py:176} INFO - Processing /home/airflow/.local/lib/python3.7/site-packages/airflow/example_dags/example_dag_decorator.py took 0.115 seconds
[2022-12-10T23:54:29.273+0000] {processor.py:154} INFO - Started process (PID=48980) to work on /home/airflow/.local/lib/python3.7/site-packages/airflow/example_dags/example_dag_decorator.py
[2022-12-10T23:54:29.275+0000] {processor.py:756} INFO - Processing file /home/airflow/.local/lib/python3.7/site-packages/airflow/example_dags/example_dag_decorator.py for tasks to queue
[2022-12-10T23:54:29.276+0000] {logging_mixin.py:137} INFO - [2022-12-10T23:54:29.276+0000] {dagbag.py:537} INFO - Filling up the DagBag from /home/airflow/.local/lib/python3.7/site-packages/airflow/example_dags/example_dag_decorator.py
[2022-12-10T23:54:29.287+0000] {logging_mixin.py:137} INFO - [2022-12-10T23:54:29.287+0000] {taskmixin.py:205} WARNING - Dependency <Task(_PythonDecoratedOperator): prepare_email>, send_email already registered for DAG: example_dag_decorator
[2022-12-10T23:54:29.288+0000] {logging_mixin.py:137} INFO - [2022-12-10T23:54:29.288+0000] {taskmixin.py:205} WARNING - Dependency <Task(EmailOperator): send_email>, prepare_email already registered for DAG: example_dag_decorator
[2022-12-10T23:54:29.297+0000] {processor.py:766} INFO - DAG(s) dict_keys(['example_dag_decorator']) retrieved from /home/airflow/.local/lib/python3.7/site-packages/airflow/example_dags/example_dag_decorator.py
[2022-12-10T23:54:29.355+0000] {logging_mixin.py:137} INFO - [2022-12-10T23:54:29.354+0000] {dag.py:2585} INFO - Sync 1 DAGs
[2022-12-10T23:54:29.369+0000] {logging_mixin.py:137} INFO - [2022-12-10T23:54:29.369+0000] {dag.py:3340} INFO - Setting next_dagrun for example_dag_decorator to None, run_after=None
[2022-12-10T23:54:29.382+0000] {processor.py:176} INFO - Processing /home/airflow/.local/lib/python3.7/site-packages/airflow/example_dags/example_dag_decorator.py took 0.112 seconds
