[2022-12-10T01:13:56.609+0000] {processor.py:154} INFO - Started process (PID=47948) to work on /home/airflow/.local/lib/python3.7/site-packages/airflow/example_dags/example_sla_dag.py
[2022-12-10T01:13:56.611+0000] {processor.py:756} INFO - Processing file /home/airflow/.local/lib/python3.7/site-packages/airflow/example_dags/example_sla_dag.py for tasks to queue
[2022-12-10T01:13:56.612+0000] {logging_mixin.py:137} INFO - [2022-12-10T01:13:56.612+0000] {dagbag.py:537} INFO - Filling up the DagBag from /home/airflow/.local/lib/python3.7/site-packages/airflow/example_dags/example_sla_dag.py
[2022-12-10T01:13:56.631+0000] {processor.py:766} INFO - DAG(s) dict_keys(['example_sla_dag']) retrieved from /home/airflow/.local/lib/python3.7/site-packages/airflow/example_dags/example_sla_dag.py
[2022-12-10T01:13:56.664+0000] {logging_mixin.py:137} INFO - [2022-12-10T01:13:56.664+0000] {dag.py:2585} INFO - Sync 1 DAGs
[2022-12-10T01:13:56.682+0000] {logging_mixin.py:137} INFO - [2022-12-10T01:13:56.682+0000] {dag.py:3340} INFO - Setting next_dagrun for example_sla_dag to 2022-12-10T01:10:00+00:00, run_after=2022-12-10T01:12:00+00:00
[2022-12-10T01:13:56.695+0000] {processor.py:176} INFO - Processing /home/airflow/.local/lib/python3.7/site-packages/airflow/example_dags/example_sla_dag.py took 0.089 seconds
[2022-12-10T02:35:30.127+0000] {processor.py:154} INFO - Started process (PID=48005) to work on /home/airflow/.local/lib/python3.7/site-packages/airflow/example_dags/example_sla_dag.py
[2022-12-10T02:35:30.130+0000] {processor.py:756} INFO - Processing file /home/airflow/.local/lib/python3.7/site-packages/airflow/example_dags/example_sla_dag.py for tasks to queue
[2022-12-10T02:35:30.131+0000] {logging_mixin.py:137} INFO - [2022-12-10T02:35:30.131+0000] {dagbag.py:537} INFO - Filling up the DagBag from /home/airflow/.local/lib/python3.7/site-packages/airflow/example_dags/example_sla_dag.py
[2022-12-10T02:35:30.147+0000] {processor.py:766} INFO - DAG(s) dict_keys(['example_sla_dag']) retrieved from /home/airflow/.local/lib/python3.7/site-packages/airflow/example_dags/example_sla_dag.py
[2022-12-10T02:35:30.172+0000] {logging_mixin.py:137} INFO - [2022-12-10T02:35:30.172+0000] {dag.py:2585} INFO - Sync 1 DAGs
[2022-12-10T02:35:30.188+0000] {logging_mixin.py:137} INFO - [2022-12-10T02:35:30.188+0000] {dag.py:3340} INFO - Setting next_dagrun for example_sla_dag to 2022-12-10T02:32:00+00:00, run_after=2022-12-10T02:34:00+00:00
[2022-12-10T02:35:30.200+0000] {processor.py:176} INFO - Processing /home/airflow/.local/lib/python3.7/site-packages/airflow/example_dags/example_sla_dag.py took 0.074 seconds
[2022-12-10T03:43:50.584+0000] {processor.py:154} INFO - Started process (PID=48070) to work on /home/airflow/.local/lib/python3.7/site-packages/airflow/example_dags/example_sla_dag.py
[2022-12-10T03:43:50.586+0000] {processor.py:756} INFO - Processing file /home/airflow/.local/lib/python3.7/site-packages/airflow/example_dags/example_sla_dag.py for tasks to queue
[2022-12-10T03:43:50.588+0000] {logging_mixin.py:137} INFO - [2022-12-10T03:43:50.588+0000] {dagbag.py:537} INFO - Filling up the DagBag from /home/airflow/.local/lib/python3.7/site-packages/airflow/example_dags/example_sla_dag.py
[2022-12-10T03:43:50.607+0000] {processor.py:766} INFO - DAG(s) dict_keys(['example_sla_dag']) retrieved from /home/airflow/.local/lib/python3.7/site-packages/airflow/example_dags/example_sla_dag.py
[2022-12-10T03:43:50.643+0000] {logging_mixin.py:137} INFO - [2022-12-10T03:43:50.643+0000] {dag.py:2585} INFO - Sync 1 DAGs
[2022-12-10T03:43:50.663+0000] {logging_mixin.py:137} INFO - [2022-12-10T03:43:50.663+0000] {dag.py:3340} INFO - Setting next_dagrun for example_sla_dag to 2022-12-10T03:40:00+00:00, run_after=2022-12-10T03:42:00+00:00
[2022-12-10T03:43:50.677+0000] {processor.py:176} INFO - Processing /home/airflow/.local/lib/python3.7/site-packages/airflow/example_dags/example_sla_dag.py took 0.096 seconds
[2022-12-10T04:16:19.739+0000] {processor.py:154} INFO - Started process (PID=48137) to work on /home/airflow/.local/lib/python3.7/site-packages/airflow/example_dags/example_sla_dag.py
[2022-12-10T04:16:19.742+0000] {processor.py:756} INFO - Processing file /home/airflow/.local/lib/python3.7/site-packages/airflow/example_dags/example_sla_dag.py for tasks to queue
[2022-12-10T04:16:19.743+0000] {logging_mixin.py:137} INFO - [2022-12-10T04:16:19.743+0000] {dagbag.py:537} INFO - Filling up the DagBag from /home/airflow/.local/lib/python3.7/site-packages/airflow/example_dags/example_sla_dag.py
[2022-12-10T04:16:19.760+0000] {processor.py:766} INFO - DAG(s) dict_keys(['example_sla_dag']) retrieved from /home/airflow/.local/lib/python3.7/site-packages/airflow/example_dags/example_sla_dag.py
[2022-12-10T04:16:19.789+0000] {logging_mixin.py:137} INFO - [2022-12-10T04:16:19.789+0000] {dag.py:2585} INFO - Sync 1 DAGs
[2022-12-10T04:16:19.808+0000] {logging_mixin.py:137} INFO - [2022-12-10T04:16:19.808+0000] {dag.py:3340} INFO - Setting next_dagrun for example_sla_dag to 2022-12-10T04:14:00+00:00, run_after=2022-12-10T04:16:00+00:00
[2022-12-10T04:16:19.820+0000] {processor.py:176} INFO - Processing /home/airflow/.local/lib/python3.7/site-packages/airflow/example_dags/example_sla_dag.py took 0.084 seconds
[2022-12-10T05:54:53.807+0000] {processor.py:154} INFO - Started process (PID=48205) to work on /home/airflow/.local/lib/python3.7/site-packages/airflow/example_dags/example_sla_dag.py
[2022-12-10T05:54:53.809+0000] {processor.py:756} INFO - Processing file /home/airflow/.local/lib/python3.7/site-packages/airflow/example_dags/example_sla_dag.py for tasks to queue
[2022-12-10T05:54:53.810+0000] {logging_mixin.py:137} INFO - [2022-12-10T05:54:53.810+0000] {dagbag.py:537} INFO - Filling up the DagBag from /home/airflow/.local/lib/python3.7/site-packages/airflow/example_dags/example_sla_dag.py
[2022-12-10T05:54:53.828+0000] {processor.py:766} INFO - DAG(s) dict_keys(['example_sla_dag']) retrieved from /home/airflow/.local/lib/python3.7/site-packages/airflow/example_dags/example_sla_dag.py
[2022-12-10T05:54:53.860+0000] {logging_mixin.py:137} INFO - [2022-12-10T05:54:53.860+0000] {dag.py:2585} INFO - Sync 1 DAGs
[2022-12-10T05:54:53.879+0000] {logging_mixin.py:137} INFO - [2022-12-10T05:54:53.878+0000] {dag.py:3340} INFO - Setting next_dagrun for example_sla_dag to 2022-12-10T05:52:00+00:00, run_after=2022-12-10T05:54:00+00:00
[2022-12-10T05:54:53.893+0000] {processor.py:176} INFO - Processing /home/airflow/.local/lib/python3.7/site-packages/airflow/example_dags/example_sla_dag.py took 0.089 seconds
[2022-12-10T07:18:16.419+0000] {processor.py:154} INFO - Started process (PID=48264) to work on /home/airflow/.local/lib/python3.7/site-packages/airflow/example_dags/example_sla_dag.py
[2022-12-10T07:18:16.421+0000] {processor.py:756} INFO - Processing file /home/airflow/.local/lib/python3.7/site-packages/airflow/example_dags/example_sla_dag.py for tasks to queue
[2022-12-10T07:18:16.422+0000] {logging_mixin.py:137} INFO - [2022-12-10T07:18:16.422+0000] {dagbag.py:537} INFO - Filling up the DagBag from /home/airflow/.local/lib/python3.7/site-packages/airflow/example_dags/example_sla_dag.py
[2022-12-10T07:18:16.438+0000] {processor.py:766} INFO - DAG(s) dict_keys(['example_sla_dag']) retrieved from /home/airflow/.local/lib/python3.7/site-packages/airflow/example_dags/example_sla_dag.py
[2022-12-10T07:18:16.470+0000] {logging_mixin.py:137} INFO - [2022-12-10T07:18:16.470+0000] {dag.py:2585} INFO - Sync 1 DAGs
[2022-12-10T07:18:16.487+0000] {logging_mixin.py:137} INFO - [2022-12-10T07:18:16.487+0000] {dag.py:3340} INFO - Setting next_dagrun for example_sla_dag to 2022-12-10T07:16:00+00:00, run_after=2022-12-10T07:18:00+00:00
[2022-12-10T07:18:16.500+0000] {processor.py:176} INFO - Processing /home/airflow/.local/lib/python3.7/site-packages/airflow/example_dags/example_sla_dag.py took 0.083 seconds
[2022-12-10T08:58:58.001+0000] {processor.py:154} INFO - Started process (PID=48332) to work on /home/airflow/.local/lib/python3.7/site-packages/airflow/example_dags/example_sla_dag.py
[2022-12-10T08:58:58.002+0000] {processor.py:756} INFO - Processing file /home/airflow/.local/lib/python3.7/site-packages/airflow/example_dags/example_sla_dag.py for tasks to queue
[2022-12-10T08:58:58.004+0000] {logging_mixin.py:137} INFO - [2022-12-10T08:58:58.004+0000] {dagbag.py:537} INFO - Filling up the DagBag from /home/airflow/.local/lib/python3.7/site-packages/airflow/example_dags/example_sla_dag.py
[2022-12-10T08:58:58.019+0000] {processor.py:766} INFO - DAG(s) dict_keys(['example_sla_dag']) retrieved from /home/airflow/.local/lib/python3.7/site-packages/airflow/example_dags/example_sla_dag.py
[2022-12-10T08:58:58.047+0000] {logging_mixin.py:137} INFO - [2022-12-10T08:58:58.047+0000] {dag.py:2585} INFO - Sync 1 DAGs
[2022-12-10T08:58:58.064+0000] {logging_mixin.py:137} INFO - [2022-12-10T08:58:58.064+0000] {dag.py:3340} INFO - Setting next_dagrun for example_sla_dag to 2022-12-10T08:56:00+00:00, run_after=2022-12-10T08:58:00+00:00
[2022-12-10T08:58:58.077+0000] {processor.py:176} INFO - Processing /home/airflow/.local/lib/python3.7/site-packages/airflow/example_dags/example_sla_dag.py took 0.078 seconds
[2022-12-10T10:34:17.693+0000] {processor.py:154} INFO - Started process (PID=48399) to work on /home/airflow/.local/lib/python3.7/site-packages/airflow/example_dags/example_sla_dag.py
[2022-12-10T10:34:17.695+0000] {processor.py:756} INFO - Processing file /home/airflow/.local/lib/python3.7/site-packages/airflow/example_dags/example_sla_dag.py for tasks to queue
[2022-12-10T10:34:17.696+0000] {logging_mixin.py:137} INFO - [2022-12-10T10:34:17.696+0000] {dagbag.py:537} INFO - Filling up the DagBag from /home/airflow/.local/lib/python3.7/site-packages/airflow/example_dags/example_sla_dag.py
[2022-12-10T10:34:17.713+0000] {processor.py:766} INFO - DAG(s) dict_keys(['example_sla_dag']) retrieved from /home/airflow/.local/lib/python3.7/site-packages/airflow/example_dags/example_sla_dag.py
[2022-12-10T10:34:17.749+0000] {logging_mixin.py:137} INFO - [2022-12-10T10:34:17.749+0000] {dag.py:2585} INFO - Sync 1 DAGs
[2022-12-10T10:34:17.771+0000] {logging_mixin.py:137} INFO - [2022-12-10T10:34:17.771+0000] {dag.py:3340} INFO - Setting next_dagrun for example_sla_dag to 2022-12-10T10:32:00+00:00, run_after=2022-12-10T10:34:00+00:00
[2022-12-10T10:34:17.786+0000] {processor.py:176} INFO - Processing /home/airflow/.local/lib/python3.7/site-packages/airflow/example_dags/example_sla_dag.py took 0.097 seconds
[2022-12-10T11:57:25.068+0000] {processor.py:154} INFO - Started process (PID=48467) to work on /home/airflow/.local/lib/python3.7/site-packages/airflow/example_dags/example_sla_dag.py
[2022-12-10T11:57:25.070+0000] {processor.py:756} INFO - Processing file /home/airflow/.local/lib/python3.7/site-packages/airflow/example_dags/example_sla_dag.py for tasks to queue
[2022-12-10T11:57:25.071+0000] {logging_mixin.py:137} INFO - [2022-12-10T11:57:25.071+0000] {dagbag.py:537} INFO - Filling up the DagBag from /home/airflow/.local/lib/python3.7/site-packages/airflow/example_dags/example_sla_dag.py
[2022-12-10T11:57:25.100+0000] {processor.py:766} INFO - DAG(s) dict_keys(['example_sla_dag']) retrieved from /home/airflow/.local/lib/python3.7/site-packages/airflow/example_dags/example_sla_dag.py
[2022-12-10T11:57:25.131+0000] {logging_mixin.py:137} INFO - [2022-12-10T11:57:25.131+0000] {dag.py:2585} INFO - Sync 1 DAGs
[2022-12-10T11:57:25.154+0000] {logging_mixin.py:137} INFO - [2022-12-10T11:57:25.154+0000] {dag.py:3340} INFO - Setting next_dagrun for example_sla_dag to 2022-12-10T11:54:00+00:00, run_after=2022-12-10T11:56:00+00:00
[2022-12-10T11:57:25.170+0000] {processor.py:176} INFO - Processing /home/airflow/.local/lib/python3.7/site-packages/airflow/example_dags/example_sla_dag.py took 0.105 seconds
[2022-12-10T13:36:25.301+0000] {processor.py:154} INFO - Started process (PID=48534) to work on /home/airflow/.local/lib/python3.7/site-packages/airflow/example_dags/example_sla_dag.py
[2022-12-10T13:36:25.304+0000] {processor.py:756} INFO - Processing file /home/airflow/.local/lib/python3.7/site-packages/airflow/example_dags/example_sla_dag.py for tasks to queue
[2022-12-10T13:36:25.305+0000] {logging_mixin.py:137} INFO - [2022-12-10T13:36:25.305+0000] {dagbag.py:537} INFO - Filling up the DagBag from /home/airflow/.local/lib/python3.7/site-packages/airflow/example_dags/example_sla_dag.py
[2022-12-10T13:36:25.323+0000] {processor.py:766} INFO - DAG(s) dict_keys(['example_sla_dag']) retrieved from /home/airflow/.local/lib/python3.7/site-packages/airflow/example_dags/example_sla_dag.py
[2022-12-10T13:36:25.359+0000] {logging_mixin.py:137} INFO - [2022-12-10T13:36:25.359+0000] {dag.py:2585} INFO - Sync 1 DAGs
[2022-12-10T13:36:25.381+0000] {logging_mixin.py:137} INFO - [2022-12-10T13:36:25.381+0000] {dag.py:3340} INFO - Setting next_dagrun for example_sla_dag to 2022-12-10T13:34:00+00:00, run_after=2022-12-10T13:36:00+00:00
[2022-12-10T13:36:25.394+0000] {processor.py:176} INFO - Processing /home/airflow/.local/lib/python3.7/site-packages/airflow/example_dags/example_sla_dag.py took 0.096 seconds
[2022-12-10T15:01:34.946+0000] {processor.py:154} INFO - Started process (PID=48591) to work on /home/airflow/.local/lib/python3.7/site-packages/airflow/example_dags/example_sla_dag.py
[2022-12-10T15:01:34.948+0000] {processor.py:756} INFO - Processing file /home/airflow/.local/lib/python3.7/site-packages/airflow/example_dags/example_sla_dag.py for tasks to queue
[2022-12-10T15:01:34.949+0000] {logging_mixin.py:137} INFO - [2022-12-10T15:01:34.949+0000] {dagbag.py:537} INFO - Filling up the DagBag from /home/airflow/.local/lib/python3.7/site-packages/airflow/example_dags/example_sla_dag.py
[2022-12-10T15:01:34.967+0000] {processor.py:766} INFO - DAG(s) dict_keys(['example_sla_dag']) retrieved from /home/airflow/.local/lib/python3.7/site-packages/airflow/example_dags/example_sla_dag.py
[2022-12-10T15:01:34.998+0000] {logging_mixin.py:137} INFO - [2022-12-10T15:01:34.998+0000] {dag.py:2585} INFO - Sync 1 DAGs
[2022-12-10T15:01:35.015+0000] {logging_mixin.py:137} INFO - [2022-12-10T15:01:35.015+0000] {dag.py:3340} INFO - Setting next_dagrun for example_sla_dag to 2022-12-10T14:58:00+00:00, run_after=2022-12-10T15:00:00+00:00
[2022-12-10T15:01:35.030+0000] {processor.py:176} INFO - Processing /home/airflow/.local/lib/python3.7/site-packages/airflow/example_dags/example_sla_dag.py took 0.086 seconds
[2022-12-10T16:44:41.100+0000] {processor.py:154} INFO - Started process (PID=48661) to work on /home/airflow/.local/lib/python3.7/site-packages/airflow/example_dags/example_sla_dag.py
[2022-12-10T16:44:41.102+0000] {processor.py:756} INFO - Processing file /home/airflow/.local/lib/python3.7/site-packages/airflow/example_dags/example_sla_dag.py for tasks to queue
[2022-12-10T16:44:41.104+0000] {logging_mixin.py:137} INFO - [2022-12-10T16:44:41.103+0000] {dagbag.py:537} INFO - Filling up the DagBag from /home/airflow/.local/lib/python3.7/site-packages/airflow/example_dags/example_sla_dag.py
[2022-12-10T16:44:41.120+0000] {processor.py:766} INFO - DAG(s) dict_keys(['example_sla_dag']) retrieved from /home/airflow/.local/lib/python3.7/site-packages/airflow/example_dags/example_sla_dag.py
[2022-12-10T16:44:41.152+0000] {logging_mixin.py:137} INFO - [2022-12-10T16:44:41.152+0000] {dag.py:2585} INFO - Sync 1 DAGs
[2022-12-10T16:44:41.175+0000] {logging_mixin.py:137} INFO - [2022-12-10T16:44:41.175+0000] {dag.py:3340} INFO - Setting next_dagrun for example_sla_dag to 2022-12-10T16:42:00+00:00, run_after=2022-12-10T16:44:00+00:00
[2022-12-10T16:44:41.188+0000] {processor.py:176} INFO - Processing /home/airflow/.local/lib/python3.7/site-packages/airflow/example_dags/example_sla_dag.py took 0.092 seconds
[2022-12-10T18:09:52.385+0000] {processor.py:154} INFO - Started process (PID=48728) to work on /home/airflow/.local/lib/python3.7/site-packages/airflow/example_dags/example_sla_dag.py
[2022-12-10T18:09:52.392+0000] {processor.py:756} INFO - Processing file /home/airflow/.local/lib/python3.7/site-packages/airflow/example_dags/example_sla_dag.py for tasks to queue
[2022-12-10T18:09:52.396+0000] {logging_mixin.py:137} INFO - [2022-12-10T18:09:52.395+0000] {dagbag.py:537} INFO - Filling up the DagBag from /home/airflow/.local/lib/python3.7/site-packages/airflow/example_dags/example_sla_dag.py
[2022-12-10T18:09:52.420+0000] {processor.py:766} INFO - DAG(s) dict_keys(['example_sla_dag']) retrieved from /home/airflow/.local/lib/python3.7/site-packages/airflow/example_dags/example_sla_dag.py
[2022-12-10T18:09:52.468+0000] {logging_mixin.py:137} INFO - [2022-12-10T18:09:52.468+0000] {dag.py:2585} INFO - Sync 1 DAGs
[2022-12-10T18:09:52.493+0000] {logging_mixin.py:137} INFO - [2022-12-10T18:09:52.492+0000] {dag.py:3340} INFO - Setting next_dagrun for example_sla_dag to 2022-12-10T18:06:00+00:00, run_after=2022-12-10T18:08:00+00:00
[2022-12-10T18:09:52.514+0000] {processor.py:176} INFO - Processing /home/airflow/.local/lib/python3.7/site-packages/airflow/example_dags/example_sla_dag.py took 0.132 seconds
[2022-12-10T19:51:56.810+0000] {processor.py:154} INFO - Started process (PID=48793) to work on /home/airflow/.local/lib/python3.7/site-packages/airflow/example_dags/example_sla_dag.py
[2022-12-10T19:51:56.812+0000] {processor.py:756} INFO - Processing file /home/airflow/.local/lib/python3.7/site-packages/airflow/example_dags/example_sla_dag.py for tasks to queue
[2022-12-10T19:51:56.814+0000] {logging_mixin.py:137} INFO - [2022-12-10T19:51:56.814+0000] {dagbag.py:537} INFO - Filling up the DagBag from /home/airflow/.local/lib/python3.7/site-packages/airflow/example_dags/example_sla_dag.py
[2022-12-10T19:51:56.833+0000] {processor.py:766} INFO - DAG(s) dict_keys(['example_sla_dag']) retrieved from /home/airflow/.local/lib/python3.7/site-packages/airflow/example_dags/example_sla_dag.py
[2022-12-10T19:51:56.865+0000] {logging_mixin.py:137} INFO - [2022-12-10T19:51:56.865+0000] {dag.py:2585} INFO - Sync 1 DAGs
[2022-12-10T19:51:56.887+0000] {logging_mixin.py:137} INFO - [2022-12-10T19:51:56.887+0000] {dag.py:3340} INFO - Setting next_dagrun for example_sla_dag to 2022-12-10T19:48:00+00:00, run_after=2022-12-10T19:50:00+00:00
[2022-12-10T19:51:56.906+0000] {processor.py:176} INFO - Processing /home/airflow/.local/lib/python3.7/site-packages/airflow/example_dags/example_sla_dag.py took 0.100 seconds
[2022-12-10T21:32:06.035+0000] {processor.py:154} INFO - Started process (PID=48851) to work on /home/airflow/.local/lib/python3.7/site-packages/airflow/example_dags/example_sla_dag.py
[2022-12-10T21:32:06.037+0000] {processor.py:756} INFO - Processing file /home/airflow/.local/lib/python3.7/site-packages/airflow/example_dags/example_sla_dag.py for tasks to queue
[2022-12-10T21:32:06.038+0000] {logging_mixin.py:137} INFO - [2022-12-10T21:32:06.038+0000] {dagbag.py:537} INFO - Filling up the DagBag from /home/airflow/.local/lib/python3.7/site-packages/airflow/example_dags/example_sla_dag.py
[2022-12-10T21:32:06.054+0000] {processor.py:766} INFO - DAG(s) dict_keys(['example_sla_dag']) retrieved from /home/airflow/.local/lib/python3.7/site-packages/airflow/example_dags/example_sla_dag.py
[2022-12-10T21:32:06.084+0000] {logging_mixin.py:137} INFO - [2022-12-10T21:32:06.083+0000] {dag.py:2585} INFO - Sync 1 DAGs
[2022-12-10T21:32:06.103+0000] {logging_mixin.py:137} INFO - [2022-12-10T21:32:06.103+0000] {dag.py:3340} INFO - Setting next_dagrun for example_sla_dag to 2022-12-10T21:30:00+00:00, run_after=2022-12-10T21:32:00+00:00
[2022-12-10T21:32:06.115+0000] {processor.py:176} INFO - Processing /home/airflow/.local/lib/python3.7/site-packages/airflow/example_dags/example_sla_dag.py took 0.083 seconds
[2022-12-10T22:56:10.894+0000] {processor.py:154} INFO - Started process (PID=48919) to work on /home/airflow/.local/lib/python3.7/site-packages/airflow/example_dags/example_sla_dag.py
[2022-12-10T22:56:10.905+0000] {processor.py:756} INFO - Processing file /home/airflow/.local/lib/python3.7/site-packages/airflow/example_dags/example_sla_dag.py for tasks to queue
[2022-12-10T22:56:10.907+0000] {logging_mixin.py:137} INFO - [2022-12-10T22:56:10.907+0000] {dagbag.py:537} INFO - Filling up the DagBag from /home/airflow/.local/lib/python3.7/site-packages/airflow/example_dags/example_sla_dag.py
[2022-12-10T22:56:10.934+0000] {processor.py:766} INFO - DAG(s) dict_keys(['example_sla_dag']) retrieved from /home/airflow/.local/lib/python3.7/site-packages/airflow/example_dags/example_sla_dag.py
[2022-12-10T22:56:10.968+0000] {logging_mixin.py:137} INFO - [2022-12-10T22:56:10.968+0000] {dag.py:2585} INFO - Sync 1 DAGs
[2022-12-10T22:56:10.987+0000] {logging_mixin.py:137} INFO - [2022-12-10T22:56:10.987+0000] {dag.py:3340} INFO - Setting next_dagrun for example_sla_dag to 2022-12-10T22:54:00+00:00, run_after=2022-12-10T22:56:00+00:00
[2022-12-10T22:56:11.000+0000] {processor.py:176} INFO - Processing /home/airflow/.local/lib/python3.7/site-packages/airflow/example_dags/example_sla_dag.py took 0.111 seconds
[2022-12-10T23:54:29.622+0000] {processor.py:154} INFO - Started process (PID=48986) to work on /home/airflow/.local/lib/python3.7/site-packages/airflow/example_dags/example_sla_dag.py
[2022-12-10T23:54:29.623+0000] {processor.py:756} INFO - Processing file /home/airflow/.local/lib/python3.7/site-packages/airflow/example_dags/example_sla_dag.py for tasks to queue
[2022-12-10T23:54:29.624+0000] {logging_mixin.py:137} INFO - [2022-12-10T23:54:29.624+0000] {dagbag.py:537} INFO - Filling up the DagBag from /home/airflow/.local/lib/python3.7/site-packages/airflow/example_dags/example_sla_dag.py
[2022-12-10T23:54:29.640+0000] {processor.py:766} INFO - DAG(s) dict_keys(['example_sla_dag']) retrieved from /home/airflow/.local/lib/python3.7/site-packages/airflow/example_dags/example_sla_dag.py
[2022-12-10T23:54:29.668+0000] {logging_mixin.py:137} INFO - [2022-12-10T23:54:29.668+0000] {dag.py:2585} INFO - Sync 1 DAGs
[2022-12-10T23:54:29.687+0000] {logging_mixin.py:137} INFO - [2022-12-10T23:54:29.687+0000] {dag.py:3340} INFO - Setting next_dagrun for example_sla_dag to 2022-12-10T23:52:00+00:00, run_after=2022-12-10T23:54:00+00:00
[2022-12-10T23:54:29.699+0000] {processor.py:176} INFO - Processing /home/airflow/.local/lib/python3.7/site-packages/airflow/example_dags/example_sla_dag.py took 0.080 seconds
