[2022-12-10T01:13:57.466+0000] {processor.py:154} INFO - Started process (PID=47962) to work on /home/airflow/.local/lib/python3.7/site-packages/airflow/example_dags/example_python_operator.py
[2022-12-10T01:13:57.468+0000] {processor.py:756} INFO - Processing file /home/airflow/.local/lib/python3.7/site-packages/airflow/example_dags/example_python_operator.py for tasks to queue
[2022-12-10T01:13:57.469+0000] {logging_mixin.py:137} INFO - [2022-12-10T01:13:57.469+0000] {dagbag.py:537} INFO - Filling up the DagBag from /home/airflow/.local/lib/python3.7/site-packages/airflow/example_dags/example_python_operator.py
[2022-12-10T01:13:57.481+0000] {logging_mixin.py:137} INFO - [2022-12-10T01:13:57.481+0000] {taskmixin.py:205} WARNING - Dependency <Task(_PythonDecoratedOperator): print_the_context>, log_sql_query already registered for DAG: example_python_operator
[2022-12-10T01:13:57.482+0000] {logging_mixin.py:137} INFO - [2022-12-10T01:13:57.482+0000] {taskmixin.py:205} WARNING - Dependency <Task(_PythonDecoratedOperator): log_sql_query>, print_the_context already registered for DAG: example_python_operator
[2022-12-10T01:13:57.484+0000] {logging_mixin.py:137} INFO - [2022-12-10T01:13:57.483+0000] {taskmixin.py:205} WARNING - Dependency <Task(_PythonDecoratedOperator): print_the_context>, log_sql_query already registered for DAG: example_python_operator
[2022-12-10T01:13:57.485+0000] {logging_mixin.py:137} INFO - [2022-12-10T01:13:57.484+0000] {taskmixin.py:205} WARNING - Dependency <Task(_PythonDecoratedOperator): log_sql_query>, print_the_context already registered for DAG: example_python_operator
[2022-12-10T01:13:57.486+0000] {logging_mixin.py:137} INFO - [2022-12-10T01:13:57.486+0000] {taskmixin.py:205} WARNING - Dependency <Task(_PythonDecoratedOperator): print_the_context>, log_sql_query already registered for DAG: example_python_operator
[2022-12-10T01:13:57.486+0000] {logging_mixin.py:137} INFO - [2022-12-10T01:13:57.486+0000] {taskmixin.py:205} WARNING - Dependency <Task(_PythonDecoratedOperator): log_sql_query>, print_the_context already registered for DAG: example_python_operator
[2022-12-10T01:13:57.488+0000] {logging_mixin.py:137} INFO - [2022-12-10T01:13:57.488+0000] {taskmixin.py:205} WARNING - Dependency <Task(_PythonDecoratedOperator): print_the_context>, log_sql_query already registered for DAG: example_python_operator
[2022-12-10T01:13:57.488+0000] {logging_mixin.py:137} INFO - [2022-12-10T01:13:57.488+0000] {taskmixin.py:205} WARNING - Dependency <Task(_PythonDecoratedOperator): log_sql_query>, print_the_context already registered for DAG: example_python_operator
[2022-12-10T01:13:57.494+0000] {processor.py:766} INFO - DAG(s) dict_keys(['example_python_operator']) retrieved from /home/airflow/.local/lib/python3.7/site-packages/airflow/example_dags/example_python_operator.py
[2022-12-10T01:13:57.525+0000] {logging_mixin.py:137} INFO - [2022-12-10T01:13:57.525+0000] {dag.py:2585} INFO - Sync 1 DAGs
[2022-12-10T01:13:57.539+0000] {logging_mixin.py:137} INFO - [2022-12-10T01:13:57.539+0000] {dag.py:3340} INFO - Setting next_dagrun for example_python_operator to None, run_after=None
[2022-12-10T01:13:57.552+0000] {processor.py:176} INFO - Processing /home/airflow/.local/lib/python3.7/site-packages/airflow/example_dags/example_python_operator.py took 0.088 seconds
[2022-12-10T02:35:31.132+0000] {processor.py:154} INFO - Started process (PID=48019) to work on /home/airflow/.local/lib/python3.7/site-packages/airflow/example_dags/example_python_operator.py
[2022-12-10T02:35:31.135+0000] {processor.py:756} INFO - Processing file /home/airflow/.local/lib/python3.7/site-packages/airflow/example_dags/example_python_operator.py for tasks to queue
[2022-12-10T02:35:31.136+0000] {logging_mixin.py:137} INFO - [2022-12-10T02:35:31.136+0000] {dagbag.py:537} INFO - Filling up the DagBag from /home/airflow/.local/lib/python3.7/site-packages/airflow/example_dags/example_python_operator.py
[2022-12-10T02:35:31.149+0000] {logging_mixin.py:137} INFO - [2022-12-10T02:35:31.149+0000] {taskmixin.py:205} WARNING - Dependency <Task(_PythonDecoratedOperator): print_the_context>, log_sql_query already registered for DAG: example_python_operator
[2022-12-10T02:35:31.152+0000] {logging_mixin.py:137} INFO - [2022-12-10T02:35:31.152+0000] {taskmixin.py:205} WARNING - Dependency <Task(_PythonDecoratedOperator): log_sql_query>, print_the_context already registered for DAG: example_python_operator
[2022-12-10T02:35:31.156+0000] {logging_mixin.py:137} INFO - [2022-12-10T02:35:31.156+0000] {taskmixin.py:205} WARNING - Dependency <Task(_PythonDecoratedOperator): print_the_context>, log_sql_query already registered for DAG: example_python_operator
[2022-12-10T02:35:31.158+0000] {logging_mixin.py:137} INFO - [2022-12-10T02:35:31.157+0000] {taskmixin.py:205} WARNING - Dependency <Task(_PythonDecoratedOperator): log_sql_query>, print_the_context already registered for DAG: example_python_operator
[2022-12-10T02:35:31.161+0000] {logging_mixin.py:137} INFO - [2022-12-10T02:35:31.161+0000] {taskmixin.py:205} WARNING - Dependency <Task(_PythonDecoratedOperator): print_the_context>, log_sql_query already registered for DAG: example_python_operator
[2022-12-10T02:35:31.163+0000] {logging_mixin.py:137} INFO - [2022-12-10T02:35:31.162+0000] {taskmixin.py:205} WARNING - Dependency <Task(_PythonDecoratedOperator): log_sql_query>, print_the_context already registered for DAG: example_python_operator
[2022-12-10T02:35:31.164+0000] {logging_mixin.py:137} INFO - [2022-12-10T02:35:31.164+0000] {taskmixin.py:205} WARNING - Dependency <Task(_PythonDecoratedOperator): print_the_context>, log_sql_query already registered for DAG: example_python_operator
[2022-12-10T02:35:31.165+0000] {logging_mixin.py:137} INFO - [2022-12-10T02:35:31.165+0000] {taskmixin.py:205} WARNING - Dependency <Task(_PythonDecoratedOperator): log_sql_query>, print_the_context already registered for DAG: example_python_operator
[2022-12-10T02:35:31.174+0000] {processor.py:766} INFO - DAG(s) dict_keys(['example_python_operator']) retrieved from /home/airflow/.local/lib/python3.7/site-packages/airflow/example_dags/example_python_operator.py
[2022-12-10T02:35:31.219+0000] {logging_mixin.py:137} INFO - [2022-12-10T02:35:31.219+0000] {dag.py:2585} INFO - Sync 1 DAGs
[2022-12-10T02:35:31.237+0000] {logging_mixin.py:137} INFO - [2022-12-10T02:35:31.237+0000] {dag.py:3340} INFO - Setting next_dagrun for example_python_operator to None, run_after=None
[2022-12-10T02:35:31.254+0000] {processor.py:176} INFO - Processing /home/airflow/.local/lib/python3.7/site-packages/airflow/example_dags/example_python_operator.py took 0.124 seconds
[2022-12-10T03:43:51.985+0000] {processor.py:154} INFO - Started process (PID=48084) to work on /home/airflow/.local/lib/python3.7/site-packages/airflow/example_dags/example_python_operator.py
[2022-12-10T03:43:51.987+0000] {processor.py:756} INFO - Processing file /home/airflow/.local/lib/python3.7/site-packages/airflow/example_dags/example_python_operator.py for tasks to queue
[2022-12-10T03:43:51.988+0000] {logging_mixin.py:137} INFO - [2022-12-10T03:43:51.988+0000] {dagbag.py:537} INFO - Filling up the DagBag from /home/airflow/.local/lib/python3.7/site-packages/airflow/example_dags/example_python_operator.py
[2022-12-10T03:43:52.006+0000] {logging_mixin.py:137} INFO - [2022-12-10T03:43:52.005+0000] {taskmixin.py:205} WARNING - Dependency <Task(_PythonDecoratedOperator): print_the_context>, log_sql_query already registered for DAG: example_python_operator
[2022-12-10T03:43:52.007+0000] {logging_mixin.py:137} INFO - [2022-12-10T03:43:52.007+0000] {taskmixin.py:205} WARNING - Dependency <Task(_PythonDecoratedOperator): log_sql_query>, print_the_context already registered for DAG: example_python_operator
[2022-12-10T03:43:52.010+0000] {logging_mixin.py:137} INFO - [2022-12-10T03:43:52.010+0000] {taskmixin.py:205} WARNING - Dependency <Task(_PythonDecoratedOperator): print_the_context>, log_sql_query already registered for DAG: example_python_operator
[2022-12-10T03:43:52.014+0000] {logging_mixin.py:137} INFO - [2022-12-10T03:43:52.014+0000] {taskmixin.py:205} WARNING - Dependency <Task(_PythonDecoratedOperator): log_sql_query>, print_the_context already registered for DAG: example_python_operator
[2022-12-10T03:43:52.016+0000] {logging_mixin.py:137} INFO - [2022-12-10T03:43:52.016+0000] {taskmixin.py:205} WARNING - Dependency <Task(_PythonDecoratedOperator): print_the_context>, log_sql_query already registered for DAG: example_python_operator
[2022-12-10T03:43:52.017+0000] {logging_mixin.py:137} INFO - [2022-12-10T03:43:52.017+0000] {taskmixin.py:205} WARNING - Dependency <Task(_PythonDecoratedOperator): log_sql_query>, print_the_context already registered for DAG: example_python_operator
[2022-12-10T03:43:52.018+0000] {logging_mixin.py:137} INFO - [2022-12-10T03:43:52.018+0000] {taskmixin.py:205} WARNING - Dependency <Task(_PythonDecoratedOperator): print_the_context>, log_sql_query already registered for DAG: example_python_operator
[2022-12-10T03:43:52.020+0000] {logging_mixin.py:137} INFO - [2022-12-10T03:43:52.019+0000] {taskmixin.py:205} WARNING - Dependency <Task(_PythonDecoratedOperator): log_sql_query>, print_the_context already registered for DAG: example_python_operator
[2022-12-10T03:43:52.031+0000] {processor.py:766} INFO - DAG(s) dict_keys(['example_python_operator']) retrieved from /home/airflow/.local/lib/python3.7/site-packages/airflow/example_dags/example_python_operator.py
[2022-12-10T03:43:52.070+0000] {logging_mixin.py:137} INFO - [2022-12-10T03:43:52.070+0000] {dag.py:2585} INFO - Sync 1 DAGs
[2022-12-10T03:43:52.090+0000] {logging_mixin.py:137} INFO - [2022-12-10T03:43:52.090+0000] {dag.py:3340} INFO - Setting next_dagrun for example_python_operator to None, run_after=None
[2022-12-10T03:43:52.106+0000] {processor.py:176} INFO - Processing /home/airflow/.local/lib/python3.7/site-packages/airflow/example_dags/example_python_operator.py took 0.125 seconds
[2022-12-10T04:16:20.553+0000] {processor.py:154} INFO - Started process (PID=48151) to work on /home/airflow/.local/lib/python3.7/site-packages/airflow/example_dags/example_python_operator.py
[2022-12-10T04:16:20.555+0000] {processor.py:756} INFO - Processing file /home/airflow/.local/lib/python3.7/site-packages/airflow/example_dags/example_python_operator.py for tasks to queue
[2022-12-10T04:16:20.556+0000] {logging_mixin.py:137} INFO - [2022-12-10T04:16:20.556+0000] {dagbag.py:537} INFO - Filling up the DagBag from /home/airflow/.local/lib/python3.7/site-packages/airflow/example_dags/example_python_operator.py
[2022-12-10T04:16:20.570+0000] {logging_mixin.py:137} INFO - [2022-12-10T04:16:20.570+0000] {taskmixin.py:205} WARNING - Dependency <Task(_PythonDecoratedOperator): print_the_context>, log_sql_query already registered for DAG: example_python_operator
[2022-12-10T04:16:20.571+0000] {logging_mixin.py:137} INFO - [2022-12-10T04:16:20.571+0000] {taskmixin.py:205} WARNING - Dependency <Task(_PythonDecoratedOperator): log_sql_query>, print_the_context already registered for DAG: example_python_operator
[2022-12-10T04:16:20.575+0000] {logging_mixin.py:137} INFO - [2022-12-10T04:16:20.574+0000] {taskmixin.py:205} WARNING - Dependency <Task(_PythonDecoratedOperator): print_the_context>, log_sql_query already registered for DAG: example_python_operator
[2022-12-10T04:16:20.576+0000] {logging_mixin.py:137} INFO - [2022-12-10T04:16:20.576+0000] {taskmixin.py:205} WARNING - Dependency <Task(_PythonDecoratedOperator): log_sql_query>, print_the_context already registered for DAG: example_python_operator
[2022-12-10T04:16:20.577+0000] {logging_mixin.py:137} INFO - [2022-12-10T04:16:20.577+0000] {taskmixin.py:205} WARNING - Dependency <Task(_PythonDecoratedOperator): print_the_context>, log_sql_query already registered for DAG: example_python_operator
[2022-12-10T04:16:20.578+0000] {logging_mixin.py:137} INFO - [2022-12-10T04:16:20.578+0000] {taskmixin.py:205} WARNING - Dependency <Task(_PythonDecoratedOperator): log_sql_query>, print_the_context already registered for DAG: example_python_operator
[2022-12-10T04:16:20.579+0000] {logging_mixin.py:137} INFO - [2022-12-10T04:16:20.579+0000] {taskmixin.py:205} WARNING - Dependency <Task(_PythonDecoratedOperator): print_the_context>, log_sql_query already registered for DAG: example_python_operator
[2022-12-10T04:16:20.583+0000] {logging_mixin.py:137} INFO - [2022-12-10T04:16:20.582+0000] {taskmixin.py:205} WARNING - Dependency <Task(_PythonDecoratedOperator): log_sql_query>, print_the_context already registered for DAG: example_python_operator
[2022-12-10T04:16:20.589+0000] {processor.py:766} INFO - DAG(s) dict_keys(['example_python_operator']) retrieved from /home/airflow/.local/lib/python3.7/site-packages/airflow/example_dags/example_python_operator.py
[2022-12-10T04:16:20.625+0000] {logging_mixin.py:137} INFO - [2022-12-10T04:16:20.625+0000] {dag.py:2585} INFO - Sync 1 DAGs
[2022-12-10T04:16:20.641+0000] {logging_mixin.py:137} INFO - [2022-12-10T04:16:20.641+0000] {dag.py:3340} INFO - Setting next_dagrun for example_python_operator to None, run_after=None
[2022-12-10T04:16:20.653+0000] {processor.py:176} INFO - Processing /home/airflow/.local/lib/python3.7/site-packages/airflow/example_dags/example_python_operator.py took 0.102 seconds
[2022-12-10T05:54:54.609+0000] {processor.py:154} INFO - Started process (PID=48219) to work on /home/airflow/.local/lib/python3.7/site-packages/airflow/example_dags/example_python_operator.py
[2022-12-10T05:54:54.610+0000] {processor.py:756} INFO - Processing file /home/airflow/.local/lib/python3.7/site-packages/airflow/example_dags/example_python_operator.py for tasks to queue
[2022-12-10T05:54:54.612+0000] {logging_mixin.py:137} INFO - [2022-12-10T05:54:54.612+0000] {dagbag.py:537} INFO - Filling up the DagBag from /home/airflow/.local/lib/python3.7/site-packages/airflow/example_dags/example_python_operator.py
[2022-12-10T05:54:54.623+0000] {logging_mixin.py:137} INFO - [2022-12-10T05:54:54.623+0000] {taskmixin.py:205} WARNING - Dependency <Task(_PythonDecoratedOperator): print_the_context>, log_sql_query already registered for DAG: example_python_operator
[2022-12-10T05:54:54.625+0000] {logging_mixin.py:137} INFO - [2022-12-10T05:54:54.625+0000] {taskmixin.py:205} WARNING - Dependency <Task(_PythonDecoratedOperator): log_sql_query>, print_the_context already registered for DAG: example_python_operator
[2022-12-10T05:54:54.626+0000] {logging_mixin.py:137} INFO - [2022-12-10T05:54:54.626+0000] {taskmixin.py:205} WARNING - Dependency <Task(_PythonDecoratedOperator): print_the_context>, log_sql_query already registered for DAG: example_python_operator
[2022-12-10T05:54:54.627+0000] {logging_mixin.py:137} INFO - [2022-12-10T05:54:54.627+0000] {taskmixin.py:205} WARNING - Dependency <Task(_PythonDecoratedOperator): log_sql_query>, print_the_context already registered for DAG: example_python_operator
[2022-12-10T05:54:54.628+0000] {logging_mixin.py:137} INFO - [2022-12-10T05:54:54.628+0000] {taskmixin.py:205} WARNING - Dependency <Task(_PythonDecoratedOperator): print_the_context>, log_sql_query already registered for DAG: example_python_operator
[2022-12-10T05:54:54.629+0000] {logging_mixin.py:137} INFO - [2022-12-10T05:54:54.629+0000] {taskmixin.py:205} WARNING - Dependency <Task(_PythonDecoratedOperator): log_sql_query>, print_the_context already registered for DAG: example_python_operator
[2022-12-10T05:54:54.631+0000] {logging_mixin.py:137} INFO - [2022-12-10T05:54:54.631+0000] {taskmixin.py:205} WARNING - Dependency <Task(_PythonDecoratedOperator): print_the_context>, log_sql_query already registered for DAG: example_python_operator
[2022-12-10T05:54:54.632+0000] {logging_mixin.py:137} INFO - [2022-12-10T05:54:54.632+0000] {taskmixin.py:205} WARNING - Dependency <Task(_PythonDecoratedOperator): log_sql_query>, print_the_context already registered for DAG: example_python_operator
[2022-12-10T05:54:54.638+0000] {processor.py:766} INFO - DAG(s) dict_keys(['example_python_operator']) retrieved from /home/airflow/.local/lib/python3.7/site-packages/airflow/example_dags/example_python_operator.py
[2022-12-10T05:54:54.672+0000] {logging_mixin.py:137} INFO - [2022-12-10T05:54:54.672+0000] {dag.py:2585} INFO - Sync 1 DAGs
[2022-12-10T05:54:54.693+0000] {logging_mixin.py:137} INFO - [2022-12-10T05:54:54.692+0000] {dag.py:3340} INFO - Setting next_dagrun for example_python_operator to None, run_after=None
[2022-12-10T05:54:54.707+0000] {processor.py:176} INFO - Processing /home/airflow/.local/lib/python3.7/site-packages/airflow/example_dags/example_python_operator.py took 0.101 seconds
[2022-12-10T07:18:17.271+0000] {processor.py:154} INFO - Started process (PID=48278) to work on /home/airflow/.local/lib/python3.7/site-packages/airflow/example_dags/example_python_operator.py
[2022-12-10T07:18:17.273+0000] {processor.py:756} INFO - Processing file /home/airflow/.local/lib/python3.7/site-packages/airflow/example_dags/example_python_operator.py for tasks to queue
[2022-12-10T07:18:17.274+0000] {logging_mixin.py:137} INFO - [2022-12-10T07:18:17.274+0000] {dagbag.py:537} INFO - Filling up the DagBag from /home/airflow/.local/lib/python3.7/site-packages/airflow/example_dags/example_python_operator.py
[2022-12-10T07:18:17.286+0000] {logging_mixin.py:137} INFO - [2022-12-10T07:18:17.286+0000] {taskmixin.py:205} WARNING - Dependency <Task(_PythonDecoratedOperator): print_the_context>, log_sql_query already registered for DAG: example_python_operator
[2022-12-10T07:18:17.287+0000] {logging_mixin.py:137} INFO - [2022-12-10T07:18:17.287+0000] {taskmixin.py:205} WARNING - Dependency <Task(_PythonDecoratedOperator): log_sql_query>, print_the_context already registered for DAG: example_python_operator
[2022-12-10T07:18:17.288+0000] {logging_mixin.py:137} INFO - [2022-12-10T07:18:17.288+0000] {taskmixin.py:205} WARNING - Dependency <Task(_PythonDecoratedOperator): print_the_context>, log_sql_query already registered for DAG: example_python_operator
[2022-12-10T07:18:17.290+0000] {logging_mixin.py:137} INFO - [2022-12-10T07:18:17.289+0000] {taskmixin.py:205} WARNING - Dependency <Task(_PythonDecoratedOperator): log_sql_query>, print_the_context already registered for DAG: example_python_operator
[2022-12-10T07:18:17.291+0000] {logging_mixin.py:137} INFO - [2022-12-10T07:18:17.291+0000] {taskmixin.py:205} WARNING - Dependency <Task(_PythonDecoratedOperator): print_the_context>, log_sql_query already registered for DAG: example_python_operator
[2022-12-10T07:18:17.292+0000] {logging_mixin.py:137} INFO - [2022-12-10T07:18:17.292+0000] {taskmixin.py:205} WARNING - Dependency <Task(_PythonDecoratedOperator): log_sql_query>, print_the_context already registered for DAG: example_python_operator
[2022-12-10T07:18:17.293+0000] {logging_mixin.py:137} INFO - [2022-12-10T07:18:17.293+0000] {taskmixin.py:205} WARNING - Dependency <Task(_PythonDecoratedOperator): print_the_context>, log_sql_query already registered for DAG: example_python_operator
[2022-12-10T07:18:17.294+0000] {logging_mixin.py:137} INFO - [2022-12-10T07:18:17.294+0000] {taskmixin.py:205} WARNING - Dependency <Task(_PythonDecoratedOperator): log_sql_query>, print_the_context already registered for DAG: example_python_operator
[2022-12-10T07:18:17.301+0000] {processor.py:766} INFO - DAG(s) dict_keys(['example_python_operator']) retrieved from /home/airflow/.local/lib/python3.7/site-packages/airflow/example_dags/example_python_operator.py
[2022-12-10T07:18:17.336+0000] {logging_mixin.py:137} INFO - [2022-12-10T07:18:17.336+0000] {dag.py:2585} INFO - Sync 1 DAGs
[2022-12-10T07:18:17.359+0000] {logging_mixin.py:137} INFO - [2022-12-10T07:18:17.359+0000] {dag.py:3340} INFO - Setting next_dagrun for example_python_operator to None, run_after=None
[2022-12-10T07:18:17.377+0000] {processor.py:176} INFO - Processing /home/airflow/.local/lib/python3.7/site-packages/airflow/example_dags/example_python_operator.py took 0.109 seconds
[2022-12-10T08:58:59.419+0000] {processor.py:154} INFO - Started process (PID=48346) to work on /home/airflow/.local/lib/python3.7/site-packages/airflow/example_dags/example_python_operator.py
[2022-12-10T08:58:59.422+0000] {processor.py:756} INFO - Processing file /home/airflow/.local/lib/python3.7/site-packages/airflow/example_dags/example_python_operator.py for tasks to queue
[2022-12-10T08:58:59.423+0000] {logging_mixin.py:137} INFO - [2022-12-10T08:58:59.423+0000] {dagbag.py:537} INFO - Filling up the DagBag from /home/airflow/.local/lib/python3.7/site-packages/airflow/example_dags/example_python_operator.py
[2022-12-10T08:58:59.440+0000] {logging_mixin.py:137} INFO - [2022-12-10T08:58:59.439+0000] {taskmixin.py:205} WARNING - Dependency <Task(_PythonDecoratedOperator): print_the_context>, log_sql_query already registered for DAG: example_python_operator
[2022-12-10T08:58:59.441+0000] {logging_mixin.py:137} INFO - [2022-12-10T08:58:59.441+0000] {taskmixin.py:205} WARNING - Dependency <Task(_PythonDecoratedOperator): log_sql_query>, print_the_context already registered for DAG: example_python_operator
[2022-12-10T08:58:59.443+0000] {logging_mixin.py:137} INFO - [2022-12-10T08:58:59.443+0000] {taskmixin.py:205} WARNING - Dependency <Task(_PythonDecoratedOperator): print_the_context>, log_sql_query already registered for DAG: example_python_operator
[2022-12-10T08:58:59.445+0000] {logging_mixin.py:137} INFO - [2022-12-10T08:58:59.445+0000] {taskmixin.py:205} WARNING - Dependency <Task(_PythonDecoratedOperator): log_sql_query>, print_the_context already registered for DAG: example_python_operator
[2022-12-10T08:58:59.446+0000] {logging_mixin.py:137} INFO - [2022-12-10T08:58:59.446+0000] {taskmixin.py:205} WARNING - Dependency <Task(_PythonDecoratedOperator): print_the_context>, log_sql_query already registered for DAG: example_python_operator
[2022-12-10T08:58:59.447+0000] {logging_mixin.py:137} INFO - [2022-12-10T08:58:59.447+0000] {taskmixin.py:205} WARNING - Dependency <Task(_PythonDecoratedOperator): log_sql_query>, print_the_context already registered for DAG: example_python_operator
[2022-12-10T08:58:59.449+0000] {logging_mixin.py:137} INFO - [2022-12-10T08:58:59.449+0000] {taskmixin.py:205} WARNING - Dependency <Task(_PythonDecoratedOperator): print_the_context>, log_sql_query already registered for DAG: example_python_operator
[2022-12-10T08:58:59.450+0000] {logging_mixin.py:137} INFO - [2022-12-10T08:58:59.450+0000] {taskmixin.py:205} WARNING - Dependency <Task(_PythonDecoratedOperator): log_sql_query>, print_the_context already registered for DAG: example_python_operator
[2022-12-10T08:58:59.456+0000] {processor.py:766} INFO - DAG(s) dict_keys(['example_python_operator']) retrieved from /home/airflow/.local/lib/python3.7/site-packages/airflow/example_dags/example_python_operator.py
[2022-12-10T08:58:59.486+0000] {logging_mixin.py:137} INFO - [2022-12-10T08:58:59.486+0000] {dag.py:2585} INFO - Sync 1 DAGs
[2022-12-10T08:58:59.502+0000] {logging_mixin.py:137} INFO - [2022-12-10T08:58:59.502+0000] {dag.py:3340} INFO - Setting next_dagrun for example_python_operator to None, run_after=None
[2022-12-10T08:58:59.516+0000] {processor.py:176} INFO - Processing /home/airflow/.local/lib/python3.7/site-packages/airflow/example_dags/example_python_operator.py took 0.098 seconds
[2022-12-10T10:34:18.548+0000] {processor.py:154} INFO - Started process (PID=48413) to work on /home/airflow/.local/lib/python3.7/site-packages/airflow/example_dags/example_python_operator.py
[2022-12-10T10:34:18.550+0000] {processor.py:756} INFO - Processing file /home/airflow/.local/lib/python3.7/site-packages/airflow/example_dags/example_python_operator.py for tasks to queue
[2022-12-10T10:34:18.551+0000] {logging_mixin.py:137} INFO - [2022-12-10T10:34:18.551+0000] {dagbag.py:537} INFO - Filling up the DagBag from /home/airflow/.local/lib/python3.7/site-packages/airflow/example_dags/example_python_operator.py
[2022-12-10T10:34:18.562+0000] {logging_mixin.py:137} INFO - [2022-12-10T10:34:18.561+0000] {taskmixin.py:205} WARNING - Dependency <Task(_PythonDecoratedOperator): print_the_context>, log_sql_query already registered for DAG: example_python_operator
[2022-12-10T10:34:18.562+0000] {logging_mixin.py:137} INFO - [2022-12-10T10:34:18.562+0000] {taskmixin.py:205} WARNING - Dependency <Task(_PythonDecoratedOperator): log_sql_query>, print_the_context already registered for DAG: example_python_operator
[2022-12-10T10:34:18.564+0000] {logging_mixin.py:137} INFO - [2022-12-10T10:34:18.564+0000] {taskmixin.py:205} WARNING - Dependency <Task(_PythonDecoratedOperator): print_the_context>, log_sql_query already registered for DAG: example_python_operator
[2022-12-10T10:34:18.566+0000] {logging_mixin.py:137} INFO - [2022-12-10T10:34:18.566+0000] {taskmixin.py:205} WARNING - Dependency <Task(_PythonDecoratedOperator): log_sql_query>, print_the_context already registered for DAG: example_python_operator
[2022-12-10T10:34:18.567+0000] {logging_mixin.py:137} INFO - [2022-12-10T10:34:18.567+0000] {taskmixin.py:205} WARNING - Dependency <Task(_PythonDecoratedOperator): print_the_context>, log_sql_query already registered for DAG: example_python_operator
[2022-12-10T10:34:18.568+0000] {logging_mixin.py:137} INFO - [2022-12-10T10:34:18.568+0000] {taskmixin.py:205} WARNING - Dependency <Task(_PythonDecoratedOperator): log_sql_query>, print_the_context already registered for DAG: example_python_operator
[2022-12-10T10:34:18.569+0000] {logging_mixin.py:137} INFO - [2022-12-10T10:34:18.569+0000] {taskmixin.py:205} WARNING - Dependency <Task(_PythonDecoratedOperator): print_the_context>, log_sql_query already registered for DAG: example_python_operator
[2022-12-10T10:34:18.570+0000] {logging_mixin.py:137} INFO - [2022-12-10T10:34:18.570+0000] {taskmixin.py:205} WARNING - Dependency <Task(_PythonDecoratedOperator): log_sql_query>, print_the_context already registered for DAG: example_python_operator
[2022-12-10T10:34:18.575+0000] {processor.py:766} INFO - DAG(s) dict_keys(['example_python_operator']) retrieved from /home/airflow/.local/lib/python3.7/site-packages/airflow/example_dags/example_python_operator.py
[2022-12-10T10:34:18.606+0000] {logging_mixin.py:137} INFO - [2022-12-10T10:34:18.606+0000] {dag.py:2585} INFO - Sync 1 DAGs
[2022-12-10T10:34:18.620+0000] {logging_mixin.py:137} INFO - [2022-12-10T10:34:18.620+0000] {dag.py:3340} INFO - Setting next_dagrun for example_python_operator to None, run_after=None
[2022-12-10T10:34:18.633+0000] {processor.py:176} INFO - Processing /home/airflow/.local/lib/python3.7/site-packages/airflow/example_dags/example_python_operator.py took 0.087 seconds
[2022-12-10T11:57:26.039+0000] {processor.py:154} INFO - Started process (PID=48481) to work on /home/airflow/.local/lib/python3.7/site-packages/airflow/example_dags/example_python_operator.py
[2022-12-10T11:57:26.041+0000] {processor.py:756} INFO - Processing file /home/airflow/.local/lib/python3.7/site-packages/airflow/example_dags/example_python_operator.py for tasks to queue
[2022-12-10T11:57:26.042+0000] {logging_mixin.py:137} INFO - [2022-12-10T11:57:26.042+0000] {dagbag.py:537} INFO - Filling up the DagBag from /home/airflow/.local/lib/python3.7/site-packages/airflow/example_dags/example_python_operator.py
[2022-12-10T11:57:26.058+0000] {logging_mixin.py:137} INFO - [2022-12-10T11:57:26.058+0000] {taskmixin.py:205} WARNING - Dependency <Task(_PythonDecoratedOperator): print_the_context>, log_sql_query already registered for DAG: example_python_operator
[2022-12-10T11:57:26.059+0000] {logging_mixin.py:137} INFO - [2022-12-10T11:57:26.059+0000] {taskmixin.py:205} WARNING - Dependency <Task(_PythonDecoratedOperator): log_sql_query>, print_the_context already registered for DAG: example_python_operator
[2022-12-10T11:57:26.060+0000] {logging_mixin.py:137} INFO - [2022-12-10T11:57:26.060+0000] {taskmixin.py:205} WARNING - Dependency <Task(_PythonDecoratedOperator): print_the_context>, log_sql_query already registered for DAG: example_python_operator
[2022-12-10T11:57:26.061+0000] {logging_mixin.py:137} INFO - [2022-12-10T11:57:26.061+0000] {taskmixin.py:205} WARNING - Dependency <Task(_PythonDecoratedOperator): log_sql_query>, print_the_context already registered for DAG: example_python_operator
[2022-12-10T11:57:26.063+0000] {logging_mixin.py:137} INFO - [2022-12-10T11:57:26.063+0000] {taskmixin.py:205} WARNING - Dependency <Task(_PythonDecoratedOperator): print_the_context>, log_sql_query already registered for DAG: example_python_operator
[2022-12-10T11:57:26.064+0000] {logging_mixin.py:137} INFO - [2022-12-10T11:57:26.064+0000] {taskmixin.py:205} WARNING - Dependency <Task(_PythonDecoratedOperator): log_sql_query>, print_the_context already registered for DAG: example_python_operator
[2022-12-10T11:57:26.067+0000] {logging_mixin.py:137} INFO - [2022-12-10T11:57:26.066+0000] {taskmixin.py:205} WARNING - Dependency <Task(_PythonDecoratedOperator): print_the_context>, log_sql_query already registered for DAG: example_python_operator
[2022-12-10T11:57:26.067+0000] {logging_mixin.py:137} INFO - [2022-12-10T11:57:26.067+0000] {taskmixin.py:205} WARNING - Dependency <Task(_PythonDecoratedOperator): log_sql_query>, print_the_context already registered for DAG: example_python_operator
[2022-12-10T11:57:26.074+0000] {processor.py:766} INFO - DAG(s) dict_keys(['example_python_operator']) retrieved from /home/airflow/.local/lib/python3.7/site-packages/airflow/example_dags/example_python_operator.py
[2022-12-10T11:57:26.110+0000] {logging_mixin.py:137} INFO - [2022-12-10T11:57:26.110+0000] {dag.py:2585} INFO - Sync 1 DAGs
[2022-12-10T11:57:26.129+0000] {logging_mixin.py:137} INFO - [2022-12-10T11:57:26.129+0000] {dag.py:3340} INFO - Setting next_dagrun for example_python_operator to None, run_after=None
[2022-12-10T11:57:26.144+0000] {processor.py:176} INFO - Processing /home/airflow/.local/lib/python3.7/site-packages/airflow/example_dags/example_python_operator.py took 0.107 seconds
[2022-12-10T13:36:26.201+0000] {processor.py:154} INFO - Started process (PID=48548) to work on /home/airflow/.local/lib/python3.7/site-packages/airflow/example_dags/example_python_operator.py
[2022-12-10T13:36:26.203+0000] {processor.py:756} INFO - Processing file /home/airflow/.local/lib/python3.7/site-packages/airflow/example_dags/example_python_operator.py for tasks to queue
[2022-12-10T13:36:26.205+0000] {logging_mixin.py:137} INFO - [2022-12-10T13:36:26.204+0000] {dagbag.py:537} INFO - Filling up the DagBag from /home/airflow/.local/lib/python3.7/site-packages/airflow/example_dags/example_python_operator.py
[2022-12-10T13:36:26.216+0000] {logging_mixin.py:137} INFO - [2022-12-10T13:36:26.216+0000] {taskmixin.py:205} WARNING - Dependency <Task(_PythonDecoratedOperator): print_the_context>, log_sql_query already registered for DAG: example_python_operator
[2022-12-10T13:36:26.218+0000] {logging_mixin.py:137} INFO - [2022-12-10T13:36:26.217+0000] {taskmixin.py:205} WARNING - Dependency <Task(_PythonDecoratedOperator): log_sql_query>, print_the_context already registered for DAG: example_python_operator
[2022-12-10T13:36:26.219+0000] {logging_mixin.py:137} INFO - [2022-12-10T13:36:26.219+0000] {taskmixin.py:205} WARNING - Dependency <Task(_PythonDecoratedOperator): print_the_context>, log_sql_query already registered for DAG: example_python_operator
[2022-12-10T13:36:26.220+0000] {logging_mixin.py:137} INFO - [2022-12-10T13:36:26.220+0000] {taskmixin.py:205} WARNING - Dependency <Task(_PythonDecoratedOperator): log_sql_query>, print_the_context already registered for DAG: example_python_operator
[2022-12-10T13:36:26.221+0000] {logging_mixin.py:137} INFO - [2022-12-10T13:36:26.221+0000] {taskmixin.py:205} WARNING - Dependency <Task(_PythonDecoratedOperator): print_the_context>, log_sql_query already registered for DAG: example_python_operator
[2022-12-10T13:36:26.222+0000] {logging_mixin.py:137} INFO - [2022-12-10T13:36:26.222+0000] {taskmixin.py:205} WARNING - Dependency <Task(_PythonDecoratedOperator): log_sql_query>, print_the_context already registered for DAG: example_python_operator
[2022-12-10T13:36:26.223+0000] {logging_mixin.py:137} INFO - [2022-12-10T13:36:26.223+0000] {taskmixin.py:205} WARNING - Dependency <Task(_PythonDecoratedOperator): print_the_context>, log_sql_query already registered for DAG: example_python_operator
[2022-12-10T13:36:26.224+0000] {logging_mixin.py:137} INFO - [2022-12-10T13:36:26.224+0000] {taskmixin.py:205} WARNING - Dependency <Task(_PythonDecoratedOperator): log_sql_query>, print_the_context already registered for DAG: example_python_operator
[2022-12-10T13:36:26.230+0000] {processor.py:766} INFO - DAG(s) dict_keys(['example_python_operator']) retrieved from /home/airflow/.local/lib/python3.7/site-packages/airflow/example_dags/example_python_operator.py
[2022-12-10T13:36:26.265+0000] {logging_mixin.py:137} INFO - [2022-12-10T13:36:26.265+0000] {dag.py:2585} INFO - Sync 1 DAGs
[2022-12-10T13:36:26.283+0000] {logging_mixin.py:137} INFO - [2022-12-10T13:36:26.283+0000] {dag.py:3340} INFO - Setting next_dagrun for example_python_operator to None, run_after=None
[2022-12-10T13:36:26.297+0000] {processor.py:176} INFO - Processing /home/airflow/.local/lib/python3.7/site-packages/airflow/example_dags/example_python_operator.py took 0.099 seconds
[2022-12-10T15:01:35.900+0000] {processor.py:154} INFO - Started process (PID=48605) to work on /home/airflow/.local/lib/python3.7/site-packages/airflow/example_dags/example_python_operator.py
[2022-12-10T15:01:35.903+0000] {processor.py:756} INFO - Processing file /home/airflow/.local/lib/python3.7/site-packages/airflow/example_dags/example_python_operator.py for tasks to queue
[2022-12-10T15:01:35.904+0000] {logging_mixin.py:137} INFO - [2022-12-10T15:01:35.904+0000] {dagbag.py:537} INFO - Filling up the DagBag from /home/airflow/.local/lib/python3.7/site-packages/airflow/example_dags/example_python_operator.py
[2022-12-10T15:01:35.916+0000] {logging_mixin.py:137} INFO - [2022-12-10T15:01:35.915+0000] {taskmixin.py:205} WARNING - Dependency <Task(_PythonDecoratedOperator): print_the_context>, log_sql_query already registered for DAG: example_python_operator
[2022-12-10T15:01:35.917+0000] {logging_mixin.py:137} INFO - [2022-12-10T15:01:35.917+0000] {taskmixin.py:205} WARNING - Dependency <Task(_PythonDecoratedOperator): log_sql_query>, print_the_context already registered for DAG: example_python_operator
[2022-12-10T15:01:35.918+0000] {logging_mixin.py:137} INFO - [2022-12-10T15:01:35.918+0000] {taskmixin.py:205} WARNING - Dependency <Task(_PythonDecoratedOperator): print_the_context>, log_sql_query already registered for DAG: example_python_operator
[2022-12-10T15:01:35.919+0000] {logging_mixin.py:137} INFO - [2022-12-10T15:01:35.919+0000] {taskmixin.py:205} WARNING - Dependency <Task(_PythonDecoratedOperator): log_sql_query>, print_the_context already registered for DAG: example_python_operator
[2022-12-10T15:01:35.920+0000] {logging_mixin.py:137} INFO - [2022-12-10T15:01:35.920+0000] {taskmixin.py:205} WARNING - Dependency <Task(_PythonDecoratedOperator): print_the_context>, log_sql_query already registered for DAG: example_python_operator
[2022-12-10T15:01:35.921+0000] {logging_mixin.py:137} INFO - [2022-12-10T15:01:35.921+0000] {taskmixin.py:205} WARNING - Dependency <Task(_PythonDecoratedOperator): log_sql_query>, print_the_context already registered for DAG: example_python_operator
[2022-12-10T15:01:35.922+0000] {logging_mixin.py:137} INFO - [2022-12-10T15:01:35.922+0000] {taskmixin.py:205} WARNING - Dependency <Task(_PythonDecoratedOperator): print_the_context>, log_sql_query already registered for DAG: example_python_operator
[2022-12-10T15:01:35.923+0000] {logging_mixin.py:137} INFO - [2022-12-10T15:01:35.923+0000] {taskmixin.py:205} WARNING - Dependency <Task(_PythonDecoratedOperator): log_sql_query>, print_the_context already registered for DAG: example_python_operator
[2022-12-10T15:01:35.929+0000] {processor.py:766} INFO - DAG(s) dict_keys(['example_python_operator']) retrieved from /home/airflow/.local/lib/python3.7/site-packages/airflow/example_dags/example_python_operator.py
[2022-12-10T15:01:35.969+0000] {logging_mixin.py:137} INFO - [2022-12-10T15:01:35.969+0000] {dag.py:2585} INFO - Sync 1 DAGs
[2022-12-10T15:01:35.986+0000] {logging_mixin.py:137} INFO - [2022-12-10T15:01:35.986+0000] {dag.py:3340} INFO - Setting next_dagrun for example_python_operator to None, run_after=None
[2022-12-10T15:01:36.002+0000] {processor.py:176} INFO - Processing /home/airflow/.local/lib/python3.7/site-packages/airflow/example_dags/example_python_operator.py took 0.104 seconds
[2022-12-10T16:44:41.952+0000] {processor.py:154} INFO - Started process (PID=48675) to work on /home/airflow/.local/lib/python3.7/site-packages/airflow/example_dags/example_python_operator.py
[2022-12-10T16:44:41.954+0000] {processor.py:756} INFO - Processing file /home/airflow/.local/lib/python3.7/site-packages/airflow/example_dags/example_python_operator.py for tasks to queue
[2022-12-10T16:44:41.955+0000] {logging_mixin.py:137} INFO - [2022-12-10T16:44:41.955+0000] {dagbag.py:537} INFO - Filling up the DagBag from /home/airflow/.local/lib/python3.7/site-packages/airflow/example_dags/example_python_operator.py
[2022-12-10T16:44:41.965+0000] {logging_mixin.py:137} INFO - [2022-12-10T16:44:41.965+0000] {taskmixin.py:205} WARNING - Dependency <Task(_PythonDecoratedOperator): print_the_context>, log_sql_query already registered for DAG: example_python_operator
[2022-12-10T16:44:41.966+0000] {logging_mixin.py:137} INFO - [2022-12-10T16:44:41.966+0000] {taskmixin.py:205} WARNING - Dependency <Task(_PythonDecoratedOperator): log_sql_query>, print_the_context already registered for DAG: example_python_operator
[2022-12-10T16:44:41.968+0000] {logging_mixin.py:137} INFO - [2022-12-10T16:44:41.968+0000] {taskmixin.py:205} WARNING - Dependency <Task(_PythonDecoratedOperator): print_the_context>, log_sql_query already registered for DAG: example_python_operator
[2022-12-10T16:44:41.968+0000] {logging_mixin.py:137} INFO - [2022-12-10T16:44:41.968+0000] {taskmixin.py:205} WARNING - Dependency <Task(_PythonDecoratedOperator): log_sql_query>, print_the_context already registered for DAG: example_python_operator
[2022-12-10T16:44:41.969+0000] {logging_mixin.py:137} INFO - [2022-12-10T16:44:41.969+0000] {taskmixin.py:205} WARNING - Dependency <Task(_PythonDecoratedOperator): print_the_context>, log_sql_query already registered for DAG: example_python_operator
[2022-12-10T16:44:41.970+0000] {logging_mixin.py:137} INFO - [2022-12-10T16:44:41.970+0000] {taskmixin.py:205} WARNING - Dependency <Task(_PythonDecoratedOperator): log_sql_query>, print_the_context already registered for DAG: example_python_operator
[2022-12-10T16:44:41.971+0000] {logging_mixin.py:137} INFO - [2022-12-10T16:44:41.971+0000] {taskmixin.py:205} WARNING - Dependency <Task(_PythonDecoratedOperator): print_the_context>, log_sql_query already registered for DAG: example_python_operator
[2022-12-10T16:44:41.972+0000] {logging_mixin.py:137} INFO - [2022-12-10T16:44:41.972+0000] {taskmixin.py:205} WARNING - Dependency <Task(_PythonDecoratedOperator): log_sql_query>, print_the_context already registered for DAG: example_python_operator
[2022-12-10T16:44:41.977+0000] {processor.py:766} INFO - DAG(s) dict_keys(['example_python_operator']) retrieved from /home/airflow/.local/lib/python3.7/site-packages/airflow/example_dags/example_python_operator.py
[2022-12-10T16:44:42.009+0000] {logging_mixin.py:137} INFO - [2022-12-10T16:44:42.009+0000] {dag.py:2585} INFO - Sync 1 DAGs
[2022-12-10T16:44:42.024+0000] {logging_mixin.py:137} INFO - [2022-12-10T16:44:42.024+0000] {dag.py:3340} INFO - Setting next_dagrun for example_python_operator to None, run_after=None
[2022-12-10T16:44:42.036+0000] {processor.py:176} INFO - Processing /home/airflow/.local/lib/python3.7/site-packages/airflow/example_dags/example_python_operator.py took 0.086 seconds
[2022-12-10T18:09:53.340+0000] {processor.py:154} INFO - Started process (PID=48742) to work on /home/airflow/.local/lib/python3.7/site-packages/airflow/example_dags/example_python_operator.py
[2022-12-10T18:09:53.342+0000] {processor.py:756} INFO - Processing file /home/airflow/.local/lib/python3.7/site-packages/airflow/example_dags/example_python_operator.py for tasks to queue
[2022-12-10T18:09:53.343+0000] {logging_mixin.py:137} INFO - [2022-12-10T18:09:53.343+0000] {dagbag.py:537} INFO - Filling up the DagBag from /home/airflow/.local/lib/python3.7/site-packages/airflow/example_dags/example_python_operator.py
[2022-12-10T18:09:53.354+0000] {logging_mixin.py:137} INFO - [2022-12-10T18:09:53.354+0000] {taskmixin.py:205} WARNING - Dependency <Task(_PythonDecoratedOperator): print_the_context>, log_sql_query already registered for DAG: example_python_operator
[2022-12-10T18:09:53.355+0000] {logging_mixin.py:137} INFO - [2022-12-10T18:09:53.355+0000] {taskmixin.py:205} WARNING - Dependency <Task(_PythonDecoratedOperator): log_sql_query>, print_the_context already registered for DAG: example_python_operator
[2022-12-10T18:09:53.357+0000] {logging_mixin.py:137} INFO - [2022-12-10T18:09:53.357+0000] {taskmixin.py:205} WARNING - Dependency <Task(_PythonDecoratedOperator): print_the_context>, log_sql_query already registered for DAG: example_python_operator
[2022-12-10T18:09:53.358+0000] {logging_mixin.py:137} INFO - [2022-12-10T18:09:53.358+0000] {taskmixin.py:205} WARNING - Dependency <Task(_PythonDecoratedOperator): log_sql_query>, print_the_context already registered for DAG: example_python_operator
[2022-12-10T18:09:53.359+0000] {logging_mixin.py:137} INFO - [2022-12-10T18:09:53.359+0000] {taskmixin.py:205} WARNING - Dependency <Task(_PythonDecoratedOperator): print_the_context>, log_sql_query already registered for DAG: example_python_operator
[2022-12-10T18:09:53.360+0000] {logging_mixin.py:137} INFO - [2022-12-10T18:09:53.360+0000] {taskmixin.py:205} WARNING - Dependency <Task(_PythonDecoratedOperator): log_sql_query>, print_the_context already registered for DAG: example_python_operator
[2022-12-10T18:09:53.361+0000] {logging_mixin.py:137} INFO - [2022-12-10T18:09:53.361+0000] {taskmixin.py:205} WARNING - Dependency <Task(_PythonDecoratedOperator): print_the_context>, log_sql_query already registered for DAG: example_python_operator
[2022-12-10T18:09:53.362+0000] {logging_mixin.py:137} INFO - [2022-12-10T18:09:53.362+0000] {taskmixin.py:205} WARNING - Dependency <Task(_PythonDecoratedOperator): log_sql_query>, print_the_context already registered for DAG: example_python_operator
[2022-12-10T18:09:53.369+0000] {processor.py:766} INFO - DAG(s) dict_keys(['example_python_operator']) retrieved from /home/airflow/.local/lib/python3.7/site-packages/airflow/example_dags/example_python_operator.py
[2022-12-10T18:09:53.403+0000] {logging_mixin.py:137} INFO - [2022-12-10T18:09:53.403+0000] {dag.py:2585} INFO - Sync 1 DAGs
[2022-12-10T18:09:53.420+0000] {logging_mixin.py:137} INFO - [2022-12-10T18:09:53.420+0000] {dag.py:3340} INFO - Setting next_dagrun for example_python_operator to None, run_after=None
[2022-12-10T18:09:53.433+0000] {processor.py:176} INFO - Processing /home/airflow/.local/lib/python3.7/site-packages/airflow/example_dags/example_python_operator.py took 0.096 seconds
[2022-12-10T19:51:58.151+0000] {processor.py:154} INFO - Started process (PID=48807) to work on /home/airflow/.local/lib/python3.7/site-packages/airflow/example_dags/example_python_operator.py
[2022-12-10T19:51:58.153+0000] {processor.py:756} INFO - Processing file /home/airflow/.local/lib/python3.7/site-packages/airflow/example_dags/example_python_operator.py for tasks to queue
[2022-12-10T19:51:58.155+0000] {logging_mixin.py:137} INFO - [2022-12-10T19:51:58.155+0000] {dagbag.py:537} INFO - Filling up the DagBag from /home/airflow/.local/lib/python3.7/site-packages/airflow/example_dags/example_python_operator.py
[2022-12-10T19:51:58.171+0000] {logging_mixin.py:137} INFO - [2022-12-10T19:51:58.171+0000] {taskmixin.py:205} WARNING - Dependency <Task(_PythonDecoratedOperator): print_the_context>, log_sql_query already registered for DAG: example_python_operator
[2022-12-10T19:51:58.172+0000] {logging_mixin.py:137} INFO - [2022-12-10T19:51:58.172+0000] {taskmixin.py:205} WARNING - Dependency <Task(_PythonDecoratedOperator): log_sql_query>, print_the_context already registered for DAG: example_python_operator
[2022-12-10T19:51:58.173+0000] {logging_mixin.py:137} INFO - [2022-12-10T19:51:58.173+0000] {taskmixin.py:205} WARNING - Dependency <Task(_PythonDecoratedOperator): print_the_context>, log_sql_query already registered for DAG: example_python_operator
[2022-12-10T19:51:58.174+0000] {logging_mixin.py:137} INFO - [2022-12-10T19:51:58.174+0000] {taskmixin.py:205} WARNING - Dependency <Task(_PythonDecoratedOperator): log_sql_query>, print_the_context already registered for DAG: example_python_operator
[2022-12-10T19:51:58.175+0000] {logging_mixin.py:137} INFO - [2022-12-10T19:51:58.175+0000] {taskmixin.py:205} WARNING - Dependency <Task(_PythonDecoratedOperator): print_the_context>, log_sql_query already registered for DAG: example_python_operator
[2022-12-10T19:51:58.176+0000] {logging_mixin.py:137} INFO - [2022-12-10T19:51:58.176+0000] {taskmixin.py:205} WARNING - Dependency <Task(_PythonDecoratedOperator): log_sql_query>, print_the_context already registered for DAG: example_python_operator
[2022-12-10T19:51:58.177+0000] {logging_mixin.py:137} INFO - [2022-12-10T19:51:58.177+0000] {taskmixin.py:205} WARNING - Dependency <Task(_PythonDecoratedOperator): print_the_context>, log_sql_query already registered for DAG: example_python_operator
[2022-12-10T19:51:58.178+0000] {logging_mixin.py:137} INFO - [2022-12-10T19:51:58.178+0000] {taskmixin.py:205} WARNING - Dependency <Task(_PythonDecoratedOperator): log_sql_query>, print_the_context already registered for DAG: example_python_operator
[2022-12-10T19:51:58.183+0000] {processor.py:766} INFO - DAG(s) dict_keys(['example_python_operator']) retrieved from /home/airflow/.local/lib/python3.7/site-packages/airflow/example_dags/example_python_operator.py
[2022-12-10T19:51:58.212+0000] {logging_mixin.py:137} INFO - [2022-12-10T19:51:58.212+0000] {dag.py:2585} INFO - Sync 1 DAGs
[2022-12-10T19:51:58.227+0000] {logging_mixin.py:137} INFO - [2022-12-10T19:51:58.227+0000] {dag.py:3340} INFO - Setting next_dagrun for example_python_operator to None, run_after=None
[2022-12-10T19:51:58.239+0000] {processor.py:176} INFO - Processing /home/airflow/.local/lib/python3.7/site-packages/airflow/example_dags/example_python_operator.py took 0.090 seconds
[2022-12-10T21:32:06.816+0000] {processor.py:154} INFO - Started process (PID=48865) to work on /home/airflow/.local/lib/python3.7/site-packages/airflow/example_dags/example_python_operator.py
[2022-12-10T21:32:06.819+0000] {processor.py:756} INFO - Processing file /home/airflow/.local/lib/python3.7/site-packages/airflow/example_dags/example_python_operator.py for tasks to queue
[2022-12-10T21:32:06.820+0000] {logging_mixin.py:137} INFO - [2022-12-10T21:32:06.820+0000] {dagbag.py:537} INFO - Filling up the DagBag from /home/airflow/.local/lib/python3.7/site-packages/airflow/example_dags/example_python_operator.py
[2022-12-10T21:32:06.832+0000] {logging_mixin.py:137} INFO - [2022-12-10T21:32:06.832+0000] {taskmixin.py:205} WARNING - Dependency <Task(_PythonDecoratedOperator): print_the_context>, log_sql_query already registered for DAG: example_python_operator
[2022-12-10T21:32:06.833+0000] {logging_mixin.py:137} INFO - [2022-12-10T21:32:06.833+0000] {taskmixin.py:205} WARNING - Dependency <Task(_PythonDecoratedOperator): log_sql_query>, print_the_context already registered for DAG: example_python_operator
[2022-12-10T21:32:06.835+0000] {logging_mixin.py:137} INFO - [2022-12-10T21:32:06.835+0000] {taskmixin.py:205} WARNING - Dependency <Task(_PythonDecoratedOperator): print_the_context>, log_sql_query already registered for DAG: example_python_operator
[2022-12-10T21:32:06.835+0000] {logging_mixin.py:137} INFO - [2022-12-10T21:32:06.835+0000] {taskmixin.py:205} WARNING - Dependency <Task(_PythonDecoratedOperator): log_sql_query>, print_the_context already registered for DAG: example_python_operator
[2022-12-10T21:32:06.837+0000] {logging_mixin.py:137} INFO - [2022-12-10T21:32:06.837+0000] {taskmixin.py:205} WARNING - Dependency <Task(_PythonDecoratedOperator): print_the_context>, log_sql_query already registered for DAG: example_python_operator
[2022-12-10T21:32:06.838+0000] {logging_mixin.py:137} INFO - [2022-12-10T21:32:06.838+0000] {taskmixin.py:205} WARNING - Dependency <Task(_PythonDecoratedOperator): log_sql_query>, print_the_context already registered for DAG: example_python_operator
[2022-12-10T21:32:06.839+0000] {logging_mixin.py:137} INFO - [2022-12-10T21:32:06.839+0000] {taskmixin.py:205} WARNING - Dependency <Task(_PythonDecoratedOperator): print_the_context>, log_sql_query already registered for DAG: example_python_operator
[2022-12-10T21:32:06.840+0000] {logging_mixin.py:137} INFO - [2022-12-10T21:32:06.840+0000] {taskmixin.py:205} WARNING - Dependency <Task(_PythonDecoratedOperator): log_sql_query>, print_the_context already registered for DAG: example_python_operator
[2022-12-10T21:32:06.847+0000] {processor.py:766} INFO - DAG(s) dict_keys(['example_python_operator']) retrieved from /home/airflow/.local/lib/python3.7/site-packages/airflow/example_dags/example_python_operator.py
[2022-12-10T21:32:06.875+0000] {logging_mixin.py:137} INFO - [2022-12-10T21:32:06.875+0000] {dag.py:2585} INFO - Sync 1 DAGs
[2022-12-10T21:32:06.890+0000] {logging_mixin.py:137} INFO - [2022-12-10T21:32:06.890+0000] {dag.py:3340} INFO - Setting next_dagrun for example_python_operator to None, run_after=None
[2022-12-10T21:32:06.908+0000] {processor.py:176} INFO - Processing /home/airflow/.local/lib/python3.7/site-packages/airflow/example_dags/example_python_operator.py took 0.094 seconds
[2022-12-10T22:56:12.020+0000] {processor.py:154} INFO - Started process (PID=48933) to work on /home/airflow/.local/lib/python3.7/site-packages/airflow/example_dags/example_python_operator.py
[2022-12-10T22:56:12.022+0000] {processor.py:756} INFO - Processing file /home/airflow/.local/lib/python3.7/site-packages/airflow/example_dags/example_python_operator.py for tasks to queue
[2022-12-10T22:56:12.023+0000] {logging_mixin.py:137} INFO - [2022-12-10T22:56:12.023+0000] {dagbag.py:537} INFO - Filling up the DagBag from /home/airflow/.local/lib/python3.7/site-packages/airflow/example_dags/example_python_operator.py
[2022-12-10T22:56:12.036+0000] {logging_mixin.py:137} INFO - [2022-12-10T22:56:12.036+0000] {taskmixin.py:205} WARNING - Dependency <Task(_PythonDecoratedOperator): print_the_context>, log_sql_query already registered for DAG: example_python_operator
[2022-12-10T22:56:12.037+0000] {logging_mixin.py:137} INFO - [2022-12-10T22:56:12.037+0000] {taskmixin.py:205} WARNING - Dependency <Task(_PythonDecoratedOperator): log_sql_query>, print_the_context already registered for DAG: example_python_operator
[2022-12-10T22:56:12.039+0000] {logging_mixin.py:137} INFO - [2022-12-10T22:56:12.039+0000] {taskmixin.py:205} WARNING - Dependency <Task(_PythonDecoratedOperator): print_the_context>, log_sql_query already registered for DAG: example_python_operator
[2022-12-10T22:56:12.040+0000] {logging_mixin.py:137} INFO - [2022-12-10T22:56:12.040+0000] {taskmixin.py:205} WARNING - Dependency <Task(_PythonDecoratedOperator): log_sql_query>, print_the_context already registered for DAG: example_python_operator
[2022-12-10T22:56:12.042+0000] {logging_mixin.py:137} INFO - [2022-12-10T22:56:12.042+0000] {taskmixin.py:205} WARNING - Dependency <Task(_PythonDecoratedOperator): print_the_context>, log_sql_query already registered for DAG: example_python_operator
[2022-12-10T22:56:12.043+0000] {logging_mixin.py:137} INFO - [2022-12-10T22:56:12.043+0000] {taskmixin.py:205} WARNING - Dependency <Task(_PythonDecoratedOperator): log_sql_query>, print_the_context already registered for DAG: example_python_operator
[2022-12-10T22:56:12.045+0000] {logging_mixin.py:137} INFO - [2022-12-10T22:56:12.045+0000] {taskmixin.py:205} WARNING - Dependency <Task(_PythonDecoratedOperator): print_the_context>, log_sql_query already registered for DAG: example_python_operator
[2022-12-10T22:56:12.046+0000] {logging_mixin.py:137} INFO - [2022-12-10T22:56:12.046+0000] {taskmixin.py:205} WARNING - Dependency <Task(_PythonDecoratedOperator): log_sql_query>, print_the_context already registered for DAG: example_python_operator
[2022-12-10T22:56:12.054+0000] {processor.py:766} INFO - DAG(s) dict_keys(['example_python_operator']) retrieved from /home/airflow/.local/lib/python3.7/site-packages/airflow/example_dags/example_python_operator.py
[2022-12-10T22:56:12.089+0000] {logging_mixin.py:137} INFO - [2022-12-10T22:56:12.089+0000] {dag.py:2585} INFO - Sync 1 DAGs
[2022-12-10T22:56:12.109+0000] {logging_mixin.py:137} INFO - [2022-12-10T22:56:12.109+0000] {dag.py:3340} INFO - Setting next_dagrun for example_python_operator to None, run_after=None
[2022-12-10T22:56:12.125+0000] {processor.py:176} INFO - Processing /home/airflow/.local/lib/python3.7/site-packages/airflow/example_dags/example_python_operator.py took 0.108 seconds
[2022-12-10T23:54:30.482+0000] {processor.py:154} INFO - Started process (PID=49000) to work on /home/airflow/.local/lib/python3.7/site-packages/airflow/example_dags/example_python_operator.py
[2022-12-10T23:54:30.484+0000] {processor.py:756} INFO - Processing file /home/airflow/.local/lib/python3.7/site-packages/airflow/example_dags/example_python_operator.py for tasks to queue
[2022-12-10T23:54:30.485+0000] {logging_mixin.py:137} INFO - [2022-12-10T23:54:30.485+0000] {dagbag.py:537} INFO - Filling up the DagBag from /home/airflow/.local/lib/python3.7/site-packages/airflow/example_dags/example_python_operator.py
[2022-12-10T23:54:30.497+0000] {logging_mixin.py:137} INFO - [2022-12-10T23:54:30.497+0000] {taskmixin.py:205} WARNING - Dependency <Task(_PythonDecoratedOperator): print_the_context>, log_sql_query already registered for DAG: example_python_operator
[2022-12-10T23:54:30.498+0000] {logging_mixin.py:137} INFO - [2022-12-10T23:54:30.498+0000] {taskmixin.py:205} WARNING - Dependency <Task(_PythonDecoratedOperator): log_sql_query>, print_the_context already registered for DAG: example_python_operator
[2022-12-10T23:54:30.500+0000] {logging_mixin.py:137} INFO - [2022-12-10T23:54:30.500+0000] {taskmixin.py:205} WARNING - Dependency <Task(_PythonDecoratedOperator): print_the_context>, log_sql_query already registered for DAG: example_python_operator
[2022-12-10T23:54:30.500+0000] {logging_mixin.py:137} INFO - [2022-12-10T23:54:30.500+0000] {taskmixin.py:205} WARNING - Dependency <Task(_PythonDecoratedOperator): log_sql_query>, print_the_context already registered for DAG: example_python_operator
[2022-12-10T23:54:30.502+0000] {logging_mixin.py:137} INFO - [2022-12-10T23:54:30.502+0000] {taskmixin.py:205} WARNING - Dependency <Task(_PythonDecoratedOperator): print_the_context>, log_sql_query already registered for DAG: example_python_operator
[2022-12-10T23:54:30.503+0000] {logging_mixin.py:137} INFO - [2022-12-10T23:54:30.502+0000] {taskmixin.py:205} WARNING - Dependency <Task(_PythonDecoratedOperator): log_sql_query>, print_the_context already registered for DAG: example_python_operator
[2022-12-10T23:54:30.504+0000] {logging_mixin.py:137} INFO - [2022-12-10T23:54:30.504+0000] {taskmixin.py:205} WARNING - Dependency <Task(_PythonDecoratedOperator): print_the_context>, log_sql_query already registered for DAG: example_python_operator
[2022-12-10T23:54:30.505+0000] {logging_mixin.py:137} INFO - [2022-12-10T23:54:30.505+0000] {taskmixin.py:205} WARNING - Dependency <Task(_PythonDecoratedOperator): log_sql_query>, print_the_context already registered for DAG: example_python_operator
[2022-12-10T23:54:30.511+0000] {processor.py:766} INFO - DAG(s) dict_keys(['example_python_operator']) retrieved from /home/airflow/.local/lib/python3.7/site-packages/airflow/example_dags/example_python_operator.py
[2022-12-10T23:54:30.538+0000] {logging_mixin.py:137} INFO - [2022-12-10T23:54:30.538+0000] {dag.py:2585} INFO - Sync 1 DAGs
[2022-12-10T23:54:30.556+0000] {logging_mixin.py:137} INFO - [2022-12-10T23:54:30.556+0000] {dag.py:3340} INFO - Setting next_dagrun for example_python_operator to None, run_after=None
[2022-12-10T23:54:30.568+0000] {processor.py:176} INFO - Processing /home/airflow/.local/lib/python3.7/site-packages/airflow/example_dags/example_python_operator.py took 0.088 seconds
