[2022-12-10T01:13:53.716+0000] {processor.py:154} INFO - Started process (PID=47926) to work on /home/airflow/.local/lib/python3.7/site-packages/airflow/example_dags/example_short_circuit_operator.py
[2022-12-10T01:13:53.722+0000] {processor.py:756} INFO - Processing file /home/airflow/.local/lib/python3.7/site-packages/airflow/example_dags/example_short_circuit_operator.py for tasks to queue
[2022-12-10T01:13:53.724+0000] {logging_mixin.py:137} INFO - [2022-12-10T01:13:53.724+0000] {dagbag.py:537} INFO - Filling up the DagBag from /home/airflow/.local/lib/python3.7/site-packages/airflow/example_dags/example_short_circuit_operator.py
[2022-12-10T01:13:53.783+0000] {processor.py:766} INFO - DAG(s) dict_keys(['example_short_circuit_operator']) retrieved from /home/airflow/.local/lib/python3.7/site-packages/airflow/example_dags/example_short_circuit_operator.py
[2022-12-10T01:13:53.894+0000] {logging_mixin.py:137} INFO - [2022-12-10T01:13:53.894+0000] {dag.py:2585} INFO - Sync 1 DAGs
[2022-12-10T01:13:53.967+0000] {logging_mixin.py:137} INFO - [2022-12-10T01:13:53.967+0000] {dag.py:3340} INFO - Setting next_dagrun for example_short_circuit_operator to 2022-12-09T01:13:53.967421+00:00, run_after=2022-12-10T01:13:53.967421+00:00
[2022-12-10T01:13:54.013+0000] {processor.py:176} INFO - Processing /home/airflow/.local/lib/python3.7/site-packages/airflow/example_dags/example_short_circuit_operator.py took 0.301 seconds
[2022-12-10T02:35:28.350+0000] {processor.py:154} INFO - Started process (PID=47991) to work on /home/airflow/.local/lib/python3.7/site-packages/airflow/example_dags/example_short_circuit_operator.py
[2022-12-10T02:35:28.354+0000] {processor.py:756} INFO - Processing file /home/airflow/.local/lib/python3.7/site-packages/airflow/example_dags/example_short_circuit_operator.py for tasks to queue
[2022-12-10T02:35:28.356+0000] {logging_mixin.py:137} INFO - [2022-12-10T02:35:28.356+0000] {dagbag.py:537} INFO - Filling up the DagBag from /home/airflow/.local/lib/python3.7/site-packages/airflow/example_dags/example_short_circuit_operator.py
[2022-12-10T02:35:28.420+0000] {processor.py:766} INFO - DAG(s) dict_keys(['example_short_circuit_operator']) retrieved from /home/airflow/.local/lib/python3.7/site-packages/airflow/example_dags/example_short_circuit_operator.py
[2022-12-10T02:35:29.156+0000] {logging_mixin.py:137} INFO - [2022-12-10T02:35:29.155+0000] {dag.py:2585} INFO - Sync 1 DAGs
[2022-12-10T02:35:29.198+0000] {logging_mixin.py:137} INFO - [2022-12-10T02:35:29.197+0000] {dag.py:3340} INFO - Setting next_dagrun for example_short_circuit_operator to 2022-12-09T02:35:29.197434+00:00, run_after=2022-12-10T02:35:29.197434+00:00
[2022-12-10T02:35:29.236+0000] {processor.py:176} INFO - Processing /home/airflow/.local/lib/python3.7/site-packages/airflow/example_dags/example_short_circuit_operator.py took 0.901 seconds
[2022-12-10T03:43:48.974+0000] {processor.py:154} INFO - Started process (PID=48056) to work on /home/airflow/.local/lib/python3.7/site-packages/airflow/example_dags/example_short_circuit_operator.py
[2022-12-10T03:43:48.979+0000] {processor.py:756} INFO - Processing file /home/airflow/.local/lib/python3.7/site-packages/airflow/example_dags/example_short_circuit_operator.py for tasks to queue
[2022-12-10T03:43:48.981+0000] {logging_mixin.py:137} INFO - [2022-12-10T03:43:48.981+0000] {dagbag.py:537} INFO - Filling up the DagBag from /home/airflow/.local/lib/python3.7/site-packages/airflow/example_dags/example_short_circuit_operator.py
[2022-12-10T03:43:49.071+0000] {processor.py:766} INFO - DAG(s) dict_keys(['example_short_circuit_operator']) retrieved from /home/airflow/.local/lib/python3.7/site-packages/airflow/example_dags/example_short_circuit_operator.py
[2022-12-10T03:43:49.138+0000] {logging_mixin.py:137} INFO - [2022-12-10T03:43:49.138+0000] {dag.py:2585} INFO - Sync 1 DAGs
[2022-12-10T03:43:49.160+0000] {logging_mixin.py:137} INFO - [2022-12-10T03:43:49.160+0000] {dag.py:3340} INFO - Setting next_dagrun for example_short_circuit_operator to 2022-12-09T03:43:49.160540+00:00, run_after=2022-12-10T03:43:49.160540+00:00
[2022-12-10T03:43:49.175+0000] {processor.py:176} INFO - Processing /home/airflow/.local/lib/python3.7/site-packages/airflow/example_dags/example_short_circuit_operator.py took 0.216 seconds
[2022-12-10T04:16:17.825+0000] {processor.py:154} INFO - Started process (PID=48123) to work on /home/airflow/.local/lib/python3.7/site-packages/airflow/example_dags/example_short_circuit_operator.py
[2022-12-10T04:16:17.831+0000] {processor.py:756} INFO - Processing file /home/airflow/.local/lib/python3.7/site-packages/airflow/example_dags/example_short_circuit_operator.py for tasks to queue
[2022-12-10T04:16:17.836+0000] {logging_mixin.py:137} INFO - [2022-12-10T04:16:17.836+0000] {dagbag.py:537} INFO - Filling up the DagBag from /home/airflow/.local/lib/python3.7/site-packages/airflow/example_dags/example_short_circuit_operator.py
[2022-12-10T04:16:17.898+0000] {processor.py:766} INFO - DAG(s) dict_keys(['example_short_circuit_operator']) retrieved from /home/airflow/.local/lib/python3.7/site-packages/airflow/example_dags/example_short_circuit_operator.py
[2022-12-10T04:16:17.991+0000] {logging_mixin.py:137} INFO - [2022-12-10T04:16:17.991+0000] {dag.py:2585} INFO - Sync 1 DAGs
[2022-12-10T04:16:18.046+0000] {logging_mixin.py:137} INFO - [2022-12-10T04:16:18.046+0000] {dag.py:3340} INFO - Setting next_dagrun for example_short_circuit_operator to 2022-12-09T04:16:18.046289+00:00, run_after=2022-12-10T04:16:18.046289+00:00
[2022-12-10T04:16:18.104+0000] {processor.py:176} INFO - Processing /home/airflow/.local/lib/python3.7/site-packages/airflow/example_dags/example_short_circuit_operator.py took 0.292 seconds
[2022-12-10T05:54:52.175+0000] {processor.py:154} INFO - Started process (PID=48182) to work on /home/airflow/.local/lib/python3.7/site-packages/airflow/example_dags/example_short_circuit_operator.py
[2022-12-10T05:54:52.185+0000] {processor.py:756} INFO - Processing file /home/airflow/.local/lib/python3.7/site-packages/airflow/example_dags/example_short_circuit_operator.py for tasks to queue
[2022-12-10T05:54:52.186+0000] {logging_mixin.py:137} INFO - [2022-12-10T05:54:52.186+0000] {dagbag.py:537} INFO - Filling up the DagBag from /home/airflow/.local/lib/python3.7/site-packages/airflow/example_dags/example_short_circuit_operator.py
[2022-12-10T05:54:52.249+0000] {processor.py:766} INFO - DAG(s) dict_keys(['example_short_circuit_operator']) retrieved from /home/airflow/.local/lib/python3.7/site-packages/airflow/example_dags/example_short_circuit_operator.py
[2022-12-10T05:54:52.380+0000] {logging_mixin.py:137} INFO - [2022-12-10T05:54:52.380+0000] {dag.py:2585} INFO - Sync 1 DAGs
[2022-12-10T05:54:52.429+0000] {logging_mixin.py:137} INFO - [2022-12-10T05:54:52.428+0000] {dag.py:3340} INFO - Setting next_dagrun for example_short_circuit_operator to 2022-12-09T05:54:52.428653+00:00, run_after=2022-12-10T05:54:52.428653+00:00
[2022-12-10T05:54:52.454+0000] {processor.py:176} INFO - Processing /home/airflow/.local/lib/python3.7/site-packages/airflow/example_dags/example_short_circuit_operator.py took 0.290 seconds
[2022-12-10T07:18:14.926+0000] {processor.py:154} INFO - Started process (PID=48250) to work on /home/airflow/.local/lib/python3.7/site-packages/airflow/example_dags/example_short_circuit_operator.py
[2022-12-10T07:18:14.937+0000] {processor.py:756} INFO - Processing file /home/airflow/.local/lib/python3.7/site-packages/airflow/example_dags/example_short_circuit_operator.py for tasks to queue
[2022-12-10T07:18:14.941+0000] {logging_mixin.py:137} INFO - [2022-12-10T07:18:14.940+0000] {dagbag.py:537} INFO - Filling up the DagBag from /home/airflow/.local/lib/python3.7/site-packages/airflow/example_dags/example_short_circuit_operator.py
[2022-12-10T07:18:15.046+0000] {processor.py:766} INFO - DAG(s) dict_keys(['example_short_circuit_operator']) retrieved from /home/airflow/.local/lib/python3.7/site-packages/airflow/example_dags/example_short_circuit_operator.py
[2022-12-10T07:18:15.184+0000] {logging_mixin.py:137} INFO - [2022-12-10T07:18:15.184+0000] {dag.py:2585} INFO - Sync 1 DAGs
[2022-12-10T07:18:15.231+0000] {logging_mixin.py:137} INFO - [2022-12-10T07:18:15.231+0000] {dag.py:3340} INFO - Setting next_dagrun for example_short_circuit_operator to 2022-12-09T07:18:15.229878+00:00, run_after=2022-12-10T07:18:15.229878+00:00
[2022-12-10T07:18:15.269+0000] {processor.py:176} INFO - Processing /home/airflow/.local/lib/python3.7/site-packages/airflow/example_dags/example_short_circuit_operator.py took 0.362 seconds
[2022-12-10T08:58:56.599+0000] {processor.py:154} INFO - Started process (PID=48318) to work on /home/airflow/.local/lib/python3.7/site-packages/airflow/example_dags/example_short_circuit_operator.py
[2022-12-10T08:58:56.608+0000] {processor.py:756} INFO - Processing file /home/airflow/.local/lib/python3.7/site-packages/airflow/example_dags/example_short_circuit_operator.py for tasks to queue
[2022-12-10T08:58:56.611+0000] {logging_mixin.py:137} INFO - [2022-12-10T08:58:56.611+0000] {dagbag.py:537} INFO - Filling up the DagBag from /home/airflow/.local/lib/python3.7/site-packages/airflow/example_dags/example_short_circuit_operator.py
[2022-12-10T08:58:56.701+0000] {processor.py:766} INFO - DAG(s) dict_keys(['example_short_circuit_operator']) retrieved from /home/airflow/.local/lib/python3.7/site-packages/airflow/example_dags/example_short_circuit_operator.py
[2022-12-10T08:58:56.819+0000] {logging_mixin.py:137} INFO - [2022-12-10T08:58:56.819+0000] {dag.py:2585} INFO - Sync 1 DAGs
[2022-12-10T08:58:56.853+0000] {logging_mixin.py:137} INFO - [2022-12-10T08:58:56.853+0000] {dag.py:3340} INFO - Setting next_dagrun for example_short_circuit_operator to 2022-12-09T08:58:56.852441+00:00, run_after=2022-12-10T08:58:56.852441+00:00
[2022-12-10T08:58:56.876+0000] {processor.py:176} INFO - Processing /home/airflow/.local/lib/python3.7/site-packages/airflow/example_dags/example_short_circuit_operator.py took 0.293 seconds
[2022-12-10T10:34:16.077+0000] {processor.py:154} INFO - Started process (PID=48385) to work on /home/airflow/.local/lib/python3.7/site-packages/airflow/example_dags/example_short_circuit_operator.py
[2022-12-10T10:34:16.082+0000] {processor.py:756} INFO - Processing file /home/airflow/.local/lib/python3.7/site-packages/airflow/example_dags/example_short_circuit_operator.py for tasks to queue
[2022-12-10T10:34:16.085+0000] {logging_mixin.py:137} INFO - [2022-12-10T10:34:16.085+0000] {dagbag.py:537} INFO - Filling up the DagBag from /home/airflow/.local/lib/python3.7/site-packages/airflow/example_dags/example_short_circuit_operator.py
[2022-12-10T10:34:16.160+0000] {processor.py:766} INFO - DAG(s) dict_keys(['example_short_circuit_operator']) retrieved from /home/airflow/.local/lib/python3.7/site-packages/airflow/example_dags/example_short_circuit_operator.py
[2022-12-10T10:34:16.291+0000] {logging_mixin.py:137} INFO - [2022-12-10T10:34:16.291+0000] {dag.py:2585} INFO - Sync 1 DAGs
[2022-12-10T10:34:16.333+0000] {logging_mixin.py:137} INFO - [2022-12-10T10:34:16.333+0000] {dag.py:3340} INFO - Setting next_dagrun for example_short_circuit_operator to 2022-12-09T10:34:16.332753+00:00, run_after=2022-12-10T10:34:16.332753+00:00
[2022-12-10T10:34:16.362+0000] {processor.py:176} INFO - Processing /home/airflow/.local/lib/python3.7/site-packages/airflow/example_dags/example_short_circuit_operator.py took 0.297 seconds
[2022-12-10T11:57:23.245+0000] {processor.py:154} INFO - Started process (PID=48453) to work on /home/airflow/.local/lib/python3.7/site-packages/airflow/example_dags/example_short_circuit_operator.py
[2022-12-10T11:57:23.249+0000] {processor.py:756} INFO - Processing file /home/airflow/.local/lib/python3.7/site-packages/airflow/example_dags/example_short_circuit_operator.py for tasks to queue
[2022-12-10T11:57:23.254+0000] {logging_mixin.py:137} INFO - [2022-12-10T11:57:23.254+0000] {dagbag.py:537} INFO - Filling up the DagBag from /home/airflow/.local/lib/python3.7/site-packages/airflow/example_dags/example_short_circuit_operator.py
[2022-12-10T11:57:23.327+0000] {processor.py:766} INFO - DAG(s) dict_keys(['example_short_circuit_operator']) retrieved from /home/airflow/.local/lib/python3.7/site-packages/airflow/example_dags/example_short_circuit_operator.py
[2022-12-10T11:57:23.435+0000] {logging_mixin.py:137} INFO - [2022-12-10T11:57:23.435+0000] {dag.py:2585} INFO - Sync 1 DAGs
[2022-12-10T11:57:23.487+0000] {logging_mixin.py:137} INFO - [2022-12-10T11:57:23.487+0000] {dag.py:3340} INFO - Setting next_dagrun for example_short_circuit_operator to 2022-12-09T11:57:23.487302+00:00, run_after=2022-12-10T11:57:23.487302+00:00
[2022-12-10T11:57:23.521+0000] {processor.py:176} INFO - Processing /home/airflow/.local/lib/python3.7/site-packages/airflow/example_dags/example_short_circuit_operator.py took 0.288 seconds
[2022-12-10T13:36:23.762+0000] {processor.py:154} INFO - Started process (PID=48510) to work on /home/airflow/.local/lib/python3.7/site-packages/airflow/example_dags/example_short_circuit_operator.py
[2022-12-10T13:36:23.770+0000] {processor.py:756} INFO - Processing file /home/airflow/.local/lib/python3.7/site-packages/airflow/example_dags/example_short_circuit_operator.py for tasks to queue
[2022-12-10T13:36:23.776+0000] {logging_mixin.py:137} INFO - [2022-12-10T13:36:23.776+0000] {dagbag.py:537} INFO - Filling up the DagBag from /home/airflow/.local/lib/python3.7/site-packages/airflow/example_dags/example_short_circuit_operator.py
[2022-12-10T13:36:23.870+0000] {processor.py:766} INFO - DAG(s) dict_keys(['example_short_circuit_operator']) retrieved from /home/airflow/.local/lib/python3.7/site-packages/airflow/example_dags/example_short_circuit_operator.py
[2022-12-10T13:36:23.981+0000] {logging_mixin.py:137} INFO - [2022-12-10T13:36:23.980+0000] {dag.py:2585} INFO - Sync 1 DAGs
[2022-12-10T13:36:24.036+0000] {logging_mixin.py:137} INFO - [2022-12-10T13:36:24.035+0000] {dag.py:3340} INFO - Setting next_dagrun for example_short_circuit_operator to 2022-12-09T13:36:24.035504+00:00, run_after=2022-12-10T13:36:24.035504+00:00
[2022-12-10T13:36:24.072+0000] {processor.py:176} INFO - Processing /home/airflow/.local/lib/python3.7/site-packages/airflow/example_dags/example_short_circuit_operator.py took 0.314 seconds
[2022-12-10T15:01:33.146+0000] {processor.py:154} INFO - Started process (PID=48577) to work on /home/airflow/.local/lib/python3.7/site-packages/airflow/example_dags/example_short_circuit_operator.py
[2022-12-10T15:01:33.159+0000] {processor.py:756} INFO - Processing file /home/airflow/.local/lib/python3.7/site-packages/airflow/example_dags/example_short_circuit_operator.py for tasks to queue
[2022-12-10T15:01:33.162+0000] {logging_mixin.py:137} INFO - [2022-12-10T15:01:33.162+0000] {dagbag.py:537} INFO - Filling up the DagBag from /home/airflow/.local/lib/python3.7/site-packages/airflow/example_dags/example_short_circuit_operator.py
[2022-12-10T15:01:33.223+0000] {processor.py:766} INFO - DAG(s) dict_keys(['example_short_circuit_operator']) retrieved from /home/airflow/.local/lib/python3.7/site-packages/airflow/example_dags/example_short_circuit_operator.py
[2022-12-10T15:01:33.819+0000] {logging_mixin.py:137} INFO - [2022-12-10T15:01:33.819+0000] {dag.py:2585} INFO - Sync 1 DAGs
[2022-12-10T15:01:33.926+0000] {logging_mixin.py:137} INFO - [2022-12-10T15:01:33.925+0000] {dag.py:3340} INFO - Setting next_dagrun for example_short_circuit_operator to 2022-12-09T15:01:33.925545+00:00, run_after=2022-12-10T15:01:33.925545+00:00
[2022-12-10T15:01:33.977+0000] {processor.py:176} INFO - Processing /home/airflow/.local/lib/python3.7/site-packages/airflow/example_dags/example_short_circuit_operator.py took 0.837 seconds
[2022-12-10T16:44:39.580+0000] {processor.py:154} INFO - Started process (PID=48647) to work on /home/airflow/.local/lib/python3.7/site-packages/airflow/example_dags/example_short_circuit_operator.py
[2022-12-10T16:44:39.589+0000] {processor.py:756} INFO - Processing file /home/airflow/.local/lib/python3.7/site-packages/airflow/example_dags/example_short_circuit_operator.py for tasks to queue
[2022-12-10T16:44:39.591+0000] {logging_mixin.py:137} INFO - [2022-12-10T16:44:39.591+0000] {dagbag.py:537} INFO - Filling up the DagBag from /home/airflow/.local/lib/python3.7/site-packages/airflow/example_dags/example_short_circuit_operator.py
[2022-12-10T16:44:39.651+0000] {processor.py:766} INFO - DAG(s) dict_keys(['example_short_circuit_operator']) retrieved from /home/airflow/.local/lib/python3.7/site-packages/airflow/example_dags/example_short_circuit_operator.py
[2022-12-10T16:44:39.792+0000] {logging_mixin.py:137} INFO - [2022-12-10T16:44:39.792+0000] {dag.py:2585} INFO - Sync 1 DAGs
[2022-12-10T16:44:39.854+0000] {logging_mixin.py:137} INFO - [2022-12-10T16:44:39.854+0000] {dag.py:3340} INFO - Setting next_dagrun for example_short_circuit_operator to 2022-12-09T16:44:39.853823+00:00, run_after=2022-12-10T16:44:39.853823+00:00
[2022-12-10T16:44:39.887+0000] {processor.py:176} INFO - Processing /home/airflow/.local/lib/python3.7/site-packages/airflow/example_dags/example_short_circuit_operator.py took 0.313 seconds
[2022-12-10T18:09:50.665+0000] {processor.py:154} INFO - Started process (PID=48714) to work on /home/airflow/.local/lib/python3.7/site-packages/airflow/example_dags/example_short_circuit_operator.py
[2022-12-10T18:09:50.671+0000] {processor.py:756} INFO - Processing file /home/airflow/.local/lib/python3.7/site-packages/airflow/example_dags/example_short_circuit_operator.py for tasks to queue
[2022-12-10T18:09:50.675+0000] {logging_mixin.py:137} INFO - [2022-12-10T18:09:50.675+0000] {dagbag.py:537} INFO - Filling up the DagBag from /home/airflow/.local/lib/python3.7/site-packages/airflow/example_dags/example_short_circuit_operator.py
[2022-12-10T18:09:50.739+0000] {processor.py:766} INFO - DAG(s) dict_keys(['example_short_circuit_operator']) retrieved from /home/airflow/.local/lib/python3.7/site-packages/airflow/example_dags/example_short_circuit_operator.py
[2022-12-10T18:09:50.871+0000] {logging_mixin.py:137} INFO - [2022-12-10T18:09:50.871+0000] {dag.py:2585} INFO - Sync 1 DAGs
[2022-12-10T18:09:50.928+0000] {logging_mixin.py:137} INFO - [2022-12-10T18:09:50.928+0000] {dag.py:3340} INFO - Setting next_dagrun for example_short_circuit_operator to 2022-12-09T18:09:50.928273+00:00, run_after=2022-12-10T18:09:50.928273+00:00
[2022-12-10T18:09:50.975+0000] {processor.py:176} INFO - Processing /home/airflow/.local/lib/python3.7/site-packages/airflow/example_dags/example_short_circuit_operator.py took 0.316 seconds
[2022-12-10T19:51:55.103+0000] {processor.py:154} INFO - Started process (PID=48771) to work on /home/airflow/.local/lib/python3.7/site-packages/airflow/example_dags/example_short_circuit_operator.py
[2022-12-10T19:51:55.111+0000] {processor.py:756} INFO - Processing file /home/airflow/.local/lib/python3.7/site-packages/airflow/example_dags/example_short_circuit_operator.py for tasks to queue
[2022-12-10T19:51:55.112+0000] {logging_mixin.py:137} INFO - [2022-12-10T19:51:55.112+0000] {dagbag.py:537} INFO - Filling up the DagBag from /home/airflow/.local/lib/python3.7/site-packages/airflow/example_dags/example_short_circuit_operator.py
[2022-12-10T19:51:55.161+0000] {processor.py:766} INFO - DAG(s) dict_keys(['example_short_circuit_operator']) retrieved from /home/airflow/.local/lib/python3.7/site-packages/airflow/example_dags/example_short_circuit_operator.py
[2022-12-10T19:51:55.287+0000] {logging_mixin.py:137} INFO - [2022-12-10T19:51:55.287+0000] {dag.py:2585} INFO - Sync 1 DAGs
[2022-12-10T19:51:55.326+0000] {logging_mixin.py:137} INFO - [2022-12-10T19:51:55.325+0000] {dag.py:3340} INFO - Setting next_dagrun for example_short_circuit_operator to 2022-12-09T19:51:55.325525+00:00, run_after=2022-12-10T19:51:55.325525+00:00
[2022-12-10T19:51:55.357+0000] {processor.py:176} INFO - Processing /home/airflow/.local/lib/python3.7/site-packages/airflow/example_dags/example_short_circuit_operator.py took 0.261 seconds
[2022-12-10T21:32:04.805+0000] {processor.py:154} INFO - Started process (PID=48837) to work on /home/airflow/.local/lib/python3.7/site-packages/airflow/example_dags/example_short_circuit_operator.py
[2022-12-10T21:32:04.812+0000] {processor.py:756} INFO - Processing file /home/airflow/.local/lib/python3.7/site-packages/airflow/example_dags/example_short_circuit_operator.py for tasks to queue
[2022-12-10T21:32:04.816+0000] {logging_mixin.py:137} INFO - [2022-12-10T21:32:04.816+0000] {dagbag.py:537} INFO - Filling up the DagBag from /home/airflow/.local/lib/python3.7/site-packages/airflow/example_dags/example_short_circuit_operator.py
[2022-12-10T21:32:04.848+0000] {processor.py:766} INFO - DAG(s) dict_keys(['example_short_circuit_operator']) retrieved from /home/airflow/.local/lib/python3.7/site-packages/airflow/example_dags/example_short_circuit_operator.py
[2022-12-10T21:32:04.931+0000] {logging_mixin.py:137} INFO - [2022-12-10T21:32:04.931+0000] {dag.py:2585} INFO - Sync 1 DAGs
[2022-12-10T21:32:04.976+0000] {logging_mixin.py:137} INFO - [2022-12-10T21:32:04.976+0000] {dag.py:3340} INFO - Setting next_dagrun for example_short_circuit_operator to 2022-12-09T21:32:04.976277+00:00, run_after=2022-12-10T21:32:04.976277+00:00
[2022-12-10T21:32:05.006+0000] {processor.py:176} INFO - Processing /home/airflow/.local/lib/python3.7/site-packages/airflow/example_dags/example_short_circuit_operator.py took 0.223 seconds
[2022-12-10T22:56:09.015+0000] {processor.py:154} INFO - Started process (PID=48905) to work on /home/airflow/.local/lib/python3.7/site-packages/airflow/example_dags/example_short_circuit_operator.py
[2022-12-10T22:56:09.021+0000] {processor.py:756} INFO - Processing file /home/airflow/.local/lib/python3.7/site-packages/airflow/example_dags/example_short_circuit_operator.py for tasks to queue
[2022-12-10T22:56:09.024+0000] {logging_mixin.py:137} INFO - [2022-12-10T22:56:09.023+0000] {dagbag.py:537} INFO - Filling up the DagBag from /home/airflow/.local/lib/python3.7/site-packages/airflow/example_dags/example_short_circuit_operator.py
[2022-12-10T22:56:09.082+0000] {processor.py:766} INFO - DAG(s) dict_keys(['example_short_circuit_operator']) retrieved from /home/airflow/.local/lib/python3.7/site-packages/airflow/example_dags/example_short_circuit_operator.py
[2022-12-10T22:56:09.213+0000] {logging_mixin.py:137} INFO - [2022-12-10T22:56:09.212+0000] {dag.py:2585} INFO - Sync 1 DAGs
[2022-12-10T22:56:09.261+0000] {logging_mixin.py:137} INFO - [2022-12-10T22:56:09.261+0000] {dag.py:3340} INFO - Setting next_dagrun for example_short_circuit_operator to 2022-12-09T22:56:09.261082+00:00, run_after=2022-12-10T22:56:09.261082+00:00
[2022-12-10T22:56:09.297+0000] {processor.py:176} INFO - Processing /home/airflow/.local/lib/python3.7/site-packages/airflow/example_dags/example_short_circuit_operator.py took 0.293 seconds
[2022-12-10T23:54:28.288+0000] {processor.py:154} INFO - Started process (PID=48972) to work on /home/airflow/.local/lib/python3.7/site-packages/airflow/example_dags/example_short_circuit_operator.py
[2022-12-10T23:54:28.296+0000] {processor.py:756} INFO - Processing file /home/airflow/.local/lib/python3.7/site-packages/airflow/example_dags/example_short_circuit_operator.py for tasks to queue
[2022-12-10T23:54:28.299+0000] {logging_mixin.py:137} INFO - [2022-12-10T23:54:28.299+0000] {dagbag.py:537} INFO - Filling up the DagBag from /home/airflow/.local/lib/python3.7/site-packages/airflow/example_dags/example_short_circuit_operator.py
[2022-12-10T23:54:28.369+0000] {processor.py:766} INFO - DAG(s) dict_keys(['example_short_circuit_operator']) retrieved from /home/airflow/.local/lib/python3.7/site-packages/airflow/example_dags/example_short_circuit_operator.py
[2022-12-10T23:54:28.499+0000] {logging_mixin.py:137} INFO - [2022-12-10T23:54:28.499+0000] {dag.py:2585} INFO - Sync 1 DAGs
[2022-12-10T23:54:28.544+0000] {logging_mixin.py:137} INFO - [2022-12-10T23:54:28.544+0000] {dag.py:3340} INFO - Setting next_dagrun for example_short_circuit_operator to 2022-12-09T23:54:28.543731+00:00, run_after=2022-12-10T23:54:28.543731+00:00
[2022-12-10T23:54:28.593+0000] {processor.py:176} INFO - Processing /home/airflow/.local/lib/python3.7/site-packages/airflow/example_dags/example_short_circuit_operator.py took 0.313 seconds
