[2022-12-10T01:13:56.669+0000] {processor.py:154} INFO - Started process (PID=47949) to work on /home/airflow/.local/lib/python3.7/site-packages/airflow/example_dags/example_datasets.py
[2022-12-10T01:13:56.671+0000] {processor.py:756} INFO - Processing file /home/airflow/.local/lib/python3.7/site-packages/airflow/example_dags/example_datasets.py for tasks to queue
[2022-12-10T01:13:56.673+0000] {logging_mixin.py:137} INFO - [2022-12-10T01:13:56.673+0000] {dagbag.py:537} INFO - Filling up the DagBag from /home/airflow/.local/lib/python3.7/site-packages/airflow/example_dags/example_datasets.py
[2022-12-10T01:13:56.685+0000] {processor.py:766} INFO - DAG(s) dict_keys(['dataset_consumes_1_and_2', 'dataset_consumes_unknown_never_scheduled', 'dataset_produces_2', 'dataset_consumes_1', 'dataset_consumes_1_never_scheduled', 'dataset_produces_1']) retrieved from /home/airflow/.local/lib/python3.7/site-packages/airflow/example_dags/example_datasets.py
[2022-12-10T01:13:56.732+0000] {logging_mixin.py:137} INFO - [2022-12-10T01:13:56.732+0000] {dag.py:2585} INFO - Sync 6 DAGs
[2022-12-10T01:13:56.749+0000] {logging_mixin.py:137} INFO - [2022-12-10T01:13:56.749+0000] {dag.py:3340} INFO - Setting next_dagrun for dataset_consumes_1 to None, run_after=None
[2022-12-10T01:13:56.752+0000] {logging_mixin.py:137} INFO - [2022-12-10T01:13:56.752+0000] {dag.py:3340} INFO - Setting next_dagrun for dataset_consumes_1_and_2 to None, run_after=None
[2022-12-10T01:13:56.754+0000] {logging_mixin.py:137} INFO - [2022-12-10T01:13:56.754+0000] {dag.py:3340} INFO - Setting next_dagrun for dataset_consumes_1_never_scheduled to None, run_after=None
[2022-12-10T01:13:56.755+0000] {logging_mixin.py:137} INFO - [2022-12-10T01:13:56.755+0000] {dag.py:3340} INFO - Setting next_dagrun for dataset_consumes_unknown_never_scheduled to None, run_after=None
[2022-12-10T01:13:56.758+0000] {logging_mixin.py:137} INFO - [2022-12-10T01:13:56.758+0000] {dag.py:3340} INFO - Setting next_dagrun for dataset_produces_1 to 2022-12-09T00:00:00+00:00, run_after=2022-12-10T00:00:00+00:00
[2022-12-10T01:13:56.759+0000] {logging_mixin.py:137} INFO - [2022-12-10T01:13:56.759+0000] {dag.py:3340} INFO - Setting next_dagrun for dataset_produces_2 to None, run_after=None
[2022-12-10T01:13:56.778+0000] {processor.py:176} INFO - Processing /home/airflow/.local/lib/python3.7/site-packages/airflow/example_dags/example_datasets.py took 0.111 seconds
[2022-12-10T02:35:30.225+0000] {processor.py:154} INFO - Started process (PID=48006) to work on /home/airflow/.local/lib/python3.7/site-packages/airflow/example_dags/example_datasets.py
[2022-12-10T02:35:30.226+0000] {processor.py:756} INFO - Processing file /home/airflow/.local/lib/python3.7/site-packages/airflow/example_dags/example_datasets.py for tasks to queue
[2022-12-10T02:35:30.227+0000] {logging_mixin.py:137} INFO - [2022-12-10T02:35:30.227+0000] {dagbag.py:537} INFO - Filling up the DagBag from /home/airflow/.local/lib/python3.7/site-packages/airflow/example_dags/example_datasets.py
[2022-12-10T02:35:30.240+0000] {processor.py:766} INFO - DAG(s) dict_keys(['dataset_produces_2', 'dataset_consumes_1', 'dataset_consumes_1_and_2', 'dataset_produces_1', 'dataset_consumes_unknown_never_scheduled', 'dataset_consumes_1_never_scheduled']) retrieved from /home/airflow/.local/lib/python3.7/site-packages/airflow/example_dags/example_datasets.py
[2022-12-10T02:35:30.280+0000] {logging_mixin.py:137} INFO - [2022-12-10T02:35:30.280+0000] {dag.py:2585} INFO - Sync 6 DAGs
[2022-12-10T02:35:30.297+0000] {logging_mixin.py:137} INFO - [2022-12-10T02:35:30.297+0000] {dag.py:3340} INFO - Setting next_dagrun for dataset_consumes_1 to None, run_after=None
[2022-12-10T02:35:30.300+0000] {logging_mixin.py:137} INFO - [2022-12-10T02:35:30.300+0000] {dag.py:3340} INFO - Setting next_dagrun for dataset_consumes_1_and_2 to None, run_after=None
[2022-12-10T02:35:30.303+0000] {logging_mixin.py:137} INFO - [2022-12-10T02:35:30.303+0000] {dag.py:3340} INFO - Setting next_dagrun for dataset_consumes_1_never_scheduled to None, run_after=None
[2022-12-10T02:35:30.305+0000] {logging_mixin.py:137} INFO - [2022-12-10T02:35:30.305+0000] {dag.py:3340} INFO - Setting next_dagrun for dataset_consumes_unknown_never_scheduled to None, run_after=None
[2022-12-10T02:35:30.311+0000] {logging_mixin.py:137} INFO - [2022-12-10T02:35:30.311+0000] {dag.py:3340} INFO - Setting next_dagrun for dataset_produces_1 to 2022-12-09T00:00:00+00:00, run_after=2022-12-10T00:00:00+00:00
[2022-12-10T02:35:30.313+0000] {logging_mixin.py:137} INFO - [2022-12-10T02:35:30.313+0000] {dag.py:3340} INFO - Setting next_dagrun for dataset_produces_2 to None, run_after=None
[2022-12-10T02:35:30.334+0000] {processor.py:176} INFO - Processing /home/airflow/.local/lib/python3.7/site-packages/airflow/example_dags/example_datasets.py took 0.111 seconds
[2022-12-10T03:43:50.650+0000] {processor.py:154} INFO - Started process (PID=48071) to work on /home/airflow/.local/lib/python3.7/site-packages/airflow/example_dags/example_datasets.py
[2022-12-10T03:43:50.652+0000] {processor.py:756} INFO - Processing file /home/airflow/.local/lib/python3.7/site-packages/airflow/example_dags/example_datasets.py for tasks to queue
[2022-12-10T03:43:50.654+0000] {logging_mixin.py:137} INFO - [2022-12-10T03:43:50.654+0000] {dagbag.py:537} INFO - Filling up the DagBag from /home/airflow/.local/lib/python3.7/site-packages/airflow/example_dags/example_datasets.py
[2022-12-10T03:43:50.667+0000] {processor.py:766} INFO - DAG(s) dict_keys(['dataset_consumes_unknown_never_scheduled', 'dataset_consumes_1_never_scheduled', 'dataset_consumes_1_and_2', 'dataset_produces_2', 'dataset_consumes_1', 'dataset_produces_1']) retrieved from /home/airflow/.local/lib/python3.7/site-packages/airflow/example_dags/example_datasets.py
[2022-12-10T03:43:50.708+0000] {logging_mixin.py:137} INFO - [2022-12-10T03:43:50.707+0000] {dag.py:2585} INFO - Sync 6 DAGs
[2022-12-10T03:43:50.790+0000] {logging_mixin.py:137} INFO - [2022-12-10T03:43:50.785+0000] {dag.py:3340} INFO - Setting next_dagrun for dataset_consumes_1 to None, run_after=None
[2022-12-10T03:43:50.858+0000] {logging_mixin.py:137} INFO - [2022-12-10T03:43:50.857+0000] {dag.py:3340} INFO - Setting next_dagrun for dataset_consumes_1_and_2 to None, run_after=None
[2022-12-10T03:43:50.902+0000] {logging_mixin.py:137} INFO - [2022-12-10T03:43:50.902+0000] {dag.py:3340} INFO - Setting next_dagrun for dataset_consumes_1_never_scheduled to None, run_after=None
[2022-12-10T03:43:50.917+0000] {logging_mixin.py:137} INFO - [2022-12-10T03:43:50.917+0000] {dag.py:3340} INFO - Setting next_dagrun for dataset_consumes_unknown_never_scheduled to None, run_after=None
[2022-12-10T03:43:50.921+0000] {logging_mixin.py:137} INFO - [2022-12-10T03:43:50.921+0000] {dag.py:3340} INFO - Setting next_dagrun for dataset_produces_1 to 2022-12-09T00:00:00+00:00, run_after=2022-12-10T00:00:00+00:00
[2022-12-10T03:43:50.924+0000] {logging_mixin.py:137} INFO - [2022-12-10T03:43:50.924+0000] {dag.py:3340} INFO - Setting next_dagrun for dataset_produces_2 to None, run_after=None
[2022-12-10T03:43:51.001+0000] {processor.py:176} INFO - Processing /home/airflow/.local/lib/python3.7/site-packages/airflow/example_dags/example_datasets.py took 0.353 seconds
[2022-12-10T04:16:19.805+0000] {processor.py:154} INFO - Started process (PID=48138) to work on /home/airflow/.local/lib/python3.7/site-packages/airflow/example_dags/example_datasets.py
[2022-12-10T04:16:19.806+0000] {processor.py:756} INFO - Processing file /home/airflow/.local/lib/python3.7/site-packages/airflow/example_dags/example_datasets.py for tasks to queue
[2022-12-10T04:16:19.807+0000] {logging_mixin.py:137} INFO - [2022-12-10T04:16:19.807+0000] {dagbag.py:537} INFO - Filling up the DagBag from /home/airflow/.local/lib/python3.7/site-packages/airflow/example_dags/example_datasets.py
[2022-12-10T04:16:19.821+0000] {processor.py:766} INFO - DAG(s) dict_keys(['dataset_consumes_1_never_scheduled', 'dataset_consumes_1', 'dataset_consumes_unknown_never_scheduled', 'dataset_produces_2', 'dataset_consumes_1_and_2', 'dataset_produces_1']) retrieved from /home/airflow/.local/lib/python3.7/site-packages/airflow/example_dags/example_datasets.py
[2022-12-10T04:16:19.864+0000] {logging_mixin.py:137} INFO - [2022-12-10T04:16:19.864+0000] {dag.py:2585} INFO - Sync 6 DAGs
[2022-12-10T04:16:19.884+0000] {logging_mixin.py:137} INFO - [2022-12-10T04:16:19.884+0000] {dag.py:3340} INFO - Setting next_dagrun for dataset_consumes_1 to None, run_after=None
[2022-12-10T04:16:19.888+0000] {logging_mixin.py:137} INFO - [2022-12-10T04:16:19.888+0000] {dag.py:3340} INFO - Setting next_dagrun for dataset_consumes_1_and_2 to None, run_after=None
[2022-12-10T04:16:19.890+0000] {logging_mixin.py:137} INFO - [2022-12-10T04:16:19.890+0000] {dag.py:3340} INFO - Setting next_dagrun for dataset_consumes_1_never_scheduled to None, run_after=None
[2022-12-10T04:16:19.892+0000] {logging_mixin.py:137} INFO - [2022-12-10T04:16:19.892+0000] {dag.py:3340} INFO - Setting next_dagrun for dataset_consumes_unknown_never_scheduled to None, run_after=None
[2022-12-10T04:16:19.894+0000] {logging_mixin.py:137} INFO - [2022-12-10T04:16:19.894+0000] {dag.py:3340} INFO - Setting next_dagrun for dataset_produces_1 to 2022-12-09T00:00:00+00:00, run_after=2022-12-10T00:00:00+00:00
[2022-12-10T04:16:19.896+0000] {logging_mixin.py:137} INFO - [2022-12-10T04:16:19.896+0000] {dag.py:3340} INFO - Setting next_dagrun for dataset_produces_2 to None, run_after=None
[2022-12-10T04:16:19.914+0000] {processor.py:176} INFO - Processing /home/airflow/.local/lib/python3.7/site-packages/airflow/example_dags/example_datasets.py took 0.112 seconds
[2022-12-10T05:54:53.846+0000] {processor.py:154} INFO - Started process (PID=48206) to work on /home/airflow/.local/lib/python3.7/site-packages/airflow/example_dags/example_datasets.py
[2022-12-10T05:54:53.848+0000] {processor.py:756} INFO - Processing file /home/airflow/.local/lib/python3.7/site-packages/airflow/example_dags/example_datasets.py for tasks to queue
[2022-12-10T05:54:53.849+0000] {logging_mixin.py:137} INFO - [2022-12-10T05:54:53.849+0000] {dagbag.py:537} INFO - Filling up the DagBag from /home/airflow/.local/lib/python3.7/site-packages/airflow/example_dags/example_datasets.py
[2022-12-10T05:54:53.861+0000] {processor.py:766} INFO - DAG(s) dict_keys(['dataset_produces_1', 'dataset_consumes_1', 'dataset_produces_2', 'dataset_consumes_1_never_scheduled', 'dataset_consumes_unknown_never_scheduled', 'dataset_consumes_1_and_2']) retrieved from /home/airflow/.local/lib/python3.7/site-packages/airflow/example_dags/example_datasets.py
[2022-12-10T05:54:53.912+0000] {logging_mixin.py:137} INFO - [2022-12-10T05:54:53.911+0000] {dag.py:2585} INFO - Sync 6 DAGs
[2022-12-10T05:54:53.933+0000] {logging_mixin.py:137} INFO - [2022-12-10T05:54:53.932+0000] {dag.py:3340} INFO - Setting next_dagrun for dataset_consumes_1 to None, run_after=None
[2022-12-10T05:54:53.936+0000] {logging_mixin.py:137} INFO - [2022-12-10T05:54:53.936+0000] {dag.py:3340} INFO - Setting next_dagrun for dataset_consumes_1_and_2 to None, run_after=None
[2022-12-10T05:54:53.938+0000] {logging_mixin.py:137} INFO - [2022-12-10T05:54:53.938+0000] {dag.py:3340} INFO - Setting next_dagrun for dataset_consumes_1_never_scheduled to None, run_after=None
[2022-12-10T05:54:53.940+0000] {logging_mixin.py:137} INFO - [2022-12-10T05:54:53.940+0000] {dag.py:3340} INFO - Setting next_dagrun for dataset_consumes_unknown_never_scheduled to None, run_after=None
[2022-12-10T05:54:53.942+0000] {logging_mixin.py:137} INFO - [2022-12-10T05:54:53.942+0000] {dag.py:3340} INFO - Setting next_dagrun for dataset_produces_1 to 2022-12-09T00:00:00+00:00, run_after=2022-12-10T00:00:00+00:00
[2022-12-10T05:54:53.945+0000] {logging_mixin.py:137} INFO - [2022-12-10T05:54:53.945+0000] {dag.py:3340} INFO - Setting next_dagrun for dataset_produces_2 to None, run_after=None
[2022-12-10T05:54:53.968+0000] {processor.py:176} INFO - Processing /home/airflow/.local/lib/python3.7/site-packages/airflow/example_dags/example_datasets.py took 0.126 seconds
[2022-12-10T07:18:16.452+0000] {processor.py:154} INFO - Started process (PID=48265) to work on /home/airflow/.local/lib/python3.7/site-packages/airflow/example_dags/example_datasets.py
[2022-12-10T07:18:16.455+0000] {processor.py:756} INFO - Processing file /home/airflow/.local/lib/python3.7/site-packages/airflow/example_dags/example_datasets.py for tasks to queue
[2022-12-10T07:18:16.457+0000] {logging_mixin.py:137} INFO - [2022-12-10T07:18:16.457+0000] {dagbag.py:537} INFO - Filling up the DagBag from /home/airflow/.local/lib/python3.7/site-packages/airflow/example_dags/example_datasets.py
[2022-12-10T07:18:16.470+0000] {processor.py:766} INFO - DAG(s) dict_keys(['dataset_consumes_1_never_scheduled', 'dataset_consumes_unknown_never_scheduled', 'dataset_produces_1', 'dataset_consumes_1', 'dataset_consumes_1_and_2', 'dataset_produces_2']) retrieved from /home/airflow/.local/lib/python3.7/site-packages/airflow/example_dags/example_datasets.py
[2022-12-10T07:18:16.508+0000] {logging_mixin.py:137} INFO - [2022-12-10T07:18:16.508+0000] {dag.py:2585} INFO - Sync 6 DAGs
[2022-12-10T07:18:16.527+0000] {logging_mixin.py:137} INFO - [2022-12-10T07:18:16.527+0000] {dag.py:3340} INFO - Setting next_dagrun for dataset_consumes_1 to None, run_after=None
[2022-12-10T07:18:16.530+0000] {logging_mixin.py:137} INFO - [2022-12-10T07:18:16.530+0000] {dag.py:3340} INFO - Setting next_dagrun for dataset_consumes_1_and_2 to None, run_after=None
[2022-12-10T07:18:16.532+0000] {logging_mixin.py:137} INFO - [2022-12-10T07:18:16.532+0000] {dag.py:3340} INFO - Setting next_dagrun for dataset_consumes_1_never_scheduled to None, run_after=None
[2022-12-10T07:18:16.533+0000] {logging_mixin.py:137} INFO - [2022-12-10T07:18:16.533+0000] {dag.py:3340} INFO - Setting next_dagrun for dataset_consumes_unknown_never_scheduled to None, run_after=None
[2022-12-10T07:18:16.535+0000] {logging_mixin.py:137} INFO - [2022-12-10T07:18:16.535+0000] {dag.py:3340} INFO - Setting next_dagrun for dataset_produces_1 to 2022-12-09T00:00:00+00:00, run_after=2022-12-10T00:00:00+00:00
[2022-12-10T07:18:16.542+0000] {logging_mixin.py:137} INFO - [2022-12-10T07:18:16.542+0000] {dag.py:3340} INFO - Setting next_dagrun for dataset_produces_2 to None, run_after=None
[2022-12-10T07:18:16.567+0000] {processor.py:176} INFO - Processing /home/airflow/.local/lib/python3.7/site-packages/airflow/example_dags/example_datasets.py took 0.118 seconds
[2022-12-10T08:58:58.041+0000] {processor.py:154} INFO - Started process (PID=48333) to work on /home/airflow/.local/lib/python3.7/site-packages/airflow/example_dags/example_datasets.py
[2022-12-10T08:58:58.043+0000] {processor.py:756} INFO - Processing file /home/airflow/.local/lib/python3.7/site-packages/airflow/example_dags/example_datasets.py for tasks to queue
[2022-12-10T08:58:58.044+0000] {logging_mixin.py:137} INFO - [2022-12-10T08:58:58.044+0000] {dagbag.py:537} INFO - Filling up the DagBag from /home/airflow/.local/lib/python3.7/site-packages/airflow/example_dags/example_datasets.py
[2022-12-10T08:58:58.056+0000] {processor.py:766} INFO - DAG(s) dict_keys(['dataset_consumes_unknown_never_scheduled', 'dataset_produces_1', 'dataset_consumes_1_never_scheduled', 'dataset_produces_2', 'dataset_consumes_1', 'dataset_consumes_1_and_2']) retrieved from /home/airflow/.local/lib/python3.7/site-packages/airflow/example_dags/example_datasets.py
[2022-12-10T08:58:58.093+0000] {logging_mixin.py:137} INFO - [2022-12-10T08:58:58.093+0000] {dag.py:2585} INFO - Sync 6 DAGs
[2022-12-10T08:58:58.114+0000] {logging_mixin.py:137} INFO - [2022-12-10T08:58:58.114+0000] {dag.py:3340} INFO - Setting next_dagrun for dataset_consumes_1 to None, run_after=None
[2022-12-10T08:58:58.117+0000] {logging_mixin.py:137} INFO - [2022-12-10T08:58:58.117+0000] {dag.py:3340} INFO - Setting next_dagrun for dataset_consumes_1_and_2 to None, run_after=None
[2022-12-10T08:58:58.119+0000] {logging_mixin.py:137} INFO - [2022-12-10T08:58:58.119+0000] {dag.py:3340} INFO - Setting next_dagrun for dataset_consumes_1_never_scheduled to None, run_after=None
[2022-12-10T08:58:58.121+0000] {logging_mixin.py:137} INFO - [2022-12-10T08:58:58.121+0000] {dag.py:3340} INFO - Setting next_dagrun for dataset_consumes_unknown_never_scheduled to None, run_after=None
[2022-12-10T08:58:58.127+0000] {logging_mixin.py:137} INFO - [2022-12-10T08:58:58.127+0000] {dag.py:3340} INFO - Setting next_dagrun for dataset_produces_1 to 2022-12-09T00:00:00+00:00, run_after=2022-12-10T00:00:00+00:00
[2022-12-10T08:58:58.129+0000] {logging_mixin.py:137} INFO - [2022-12-10T08:58:58.129+0000] {dag.py:3340} INFO - Setting next_dagrun for dataset_produces_2 to None, run_after=None
[2022-12-10T08:58:58.146+0000] {processor.py:176} INFO - Processing /home/airflow/.local/lib/python3.7/site-packages/airflow/example_dags/example_datasets.py took 0.107 seconds
[2022-12-10T10:34:17.763+0000] {processor.py:154} INFO - Started process (PID=48400) to work on /home/airflow/.local/lib/python3.7/site-packages/airflow/example_dags/example_datasets.py
[2022-12-10T10:34:17.765+0000] {processor.py:756} INFO - Processing file /home/airflow/.local/lib/python3.7/site-packages/airflow/example_dags/example_datasets.py for tasks to queue
[2022-12-10T10:34:17.766+0000] {logging_mixin.py:137} INFO - [2022-12-10T10:34:17.766+0000] {dagbag.py:537} INFO - Filling up the DagBag from /home/airflow/.local/lib/python3.7/site-packages/airflow/example_dags/example_datasets.py
[2022-12-10T10:34:17.780+0000] {processor.py:766} INFO - DAG(s) dict_keys(['dataset_produces_2', 'dataset_consumes_unknown_never_scheduled', 'dataset_produces_1', 'dataset_consumes_1_and_2', 'dataset_consumes_1', 'dataset_consumes_1_never_scheduled']) retrieved from /home/airflow/.local/lib/python3.7/site-packages/airflow/example_dags/example_datasets.py
[2022-12-10T10:34:17.823+0000] {logging_mixin.py:137} INFO - [2022-12-10T10:34:17.823+0000] {dag.py:2585} INFO - Sync 6 DAGs
[2022-12-10T10:34:17.844+0000] {logging_mixin.py:137} INFO - [2022-12-10T10:34:17.844+0000] {dag.py:3340} INFO - Setting next_dagrun for dataset_consumes_1 to None, run_after=None
[2022-12-10T10:34:17.848+0000] {logging_mixin.py:137} INFO - [2022-12-10T10:34:17.848+0000] {dag.py:3340} INFO - Setting next_dagrun for dataset_consumes_1_and_2 to None, run_after=None
[2022-12-10T10:34:17.850+0000] {logging_mixin.py:137} INFO - [2022-12-10T10:34:17.850+0000] {dag.py:3340} INFO - Setting next_dagrun for dataset_consumes_1_never_scheduled to None, run_after=None
[2022-12-10T10:34:17.852+0000] {logging_mixin.py:137} INFO - [2022-12-10T10:34:17.852+0000] {dag.py:3340} INFO - Setting next_dagrun for dataset_consumes_unknown_never_scheduled to None, run_after=None
[2022-12-10T10:34:17.855+0000] {logging_mixin.py:137} INFO - [2022-12-10T10:34:17.855+0000] {dag.py:3340} INFO - Setting next_dagrun for dataset_produces_1 to 2022-12-09T00:00:00+00:00, run_after=2022-12-10T00:00:00+00:00
[2022-12-10T10:34:17.857+0000] {logging_mixin.py:137} INFO - [2022-12-10T10:34:17.857+0000] {dag.py:3340} INFO - Setting next_dagrun for dataset_produces_2 to None, run_after=None
[2022-12-10T10:34:17.880+0000] {processor.py:176} INFO - Processing /home/airflow/.local/lib/python3.7/site-packages/airflow/example_dags/example_datasets.py took 0.121 seconds
[2022-12-10T11:57:25.153+0000] {processor.py:154} INFO - Started process (PID=48468) to work on /home/airflow/.local/lib/python3.7/site-packages/airflow/example_dags/example_datasets.py
[2022-12-10T11:57:25.155+0000] {processor.py:756} INFO - Processing file /home/airflow/.local/lib/python3.7/site-packages/airflow/example_dags/example_datasets.py for tasks to queue
[2022-12-10T11:57:25.156+0000] {logging_mixin.py:137} INFO - [2022-12-10T11:57:25.156+0000] {dagbag.py:537} INFO - Filling up the DagBag from /home/airflow/.local/lib/python3.7/site-packages/airflow/example_dags/example_datasets.py
[2022-12-10T11:57:25.171+0000] {processor.py:766} INFO - DAG(s) dict_keys(['dataset_produces_2', 'dataset_produces_1', 'dataset_consumes_unknown_never_scheduled', 'dataset_consumes_1_and_2', 'dataset_consumes_1', 'dataset_consumes_1_never_scheduled']) retrieved from /home/airflow/.local/lib/python3.7/site-packages/airflow/example_dags/example_datasets.py
[2022-12-10T11:57:25.213+0000] {logging_mixin.py:137} INFO - [2022-12-10T11:57:25.213+0000] {dag.py:2585} INFO - Sync 6 DAGs
[2022-12-10T11:57:25.232+0000] {logging_mixin.py:137} INFO - [2022-12-10T11:57:25.232+0000] {dag.py:3340} INFO - Setting next_dagrun for dataset_consumes_1 to None, run_after=None
[2022-12-10T11:57:25.243+0000] {logging_mixin.py:137} INFO - [2022-12-10T11:57:25.243+0000] {dag.py:3340} INFO - Setting next_dagrun for dataset_consumes_1_and_2 to None, run_after=None
[2022-12-10T11:57:25.246+0000] {logging_mixin.py:137} INFO - [2022-12-10T11:57:25.246+0000] {dag.py:3340} INFO - Setting next_dagrun for dataset_consumes_1_never_scheduled to None, run_after=None
[2022-12-10T11:57:25.248+0000] {logging_mixin.py:137} INFO - [2022-12-10T11:57:25.248+0000] {dag.py:3340} INFO - Setting next_dagrun for dataset_consumes_unknown_never_scheduled to None, run_after=None
[2022-12-10T11:57:25.250+0000] {logging_mixin.py:137} INFO - [2022-12-10T11:57:25.250+0000] {dag.py:3340} INFO - Setting next_dagrun for dataset_produces_1 to 2022-12-09T00:00:00+00:00, run_after=2022-12-10T00:00:00+00:00
[2022-12-10T11:57:25.253+0000] {logging_mixin.py:137} INFO - [2022-12-10T11:57:25.253+0000] {dag.py:3340} INFO - Setting next_dagrun for dataset_produces_2 to None, run_after=None
[2022-12-10T11:57:25.274+0000] {processor.py:176} INFO - Processing /home/airflow/.local/lib/python3.7/site-packages/airflow/example_dags/example_datasets.py took 0.124 seconds
[2022-12-10T13:36:25.357+0000] {processor.py:154} INFO - Started process (PID=48535) to work on /home/airflow/.local/lib/python3.7/site-packages/airflow/example_dags/example_datasets.py
[2022-12-10T13:36:25.359+0000] {processor.py:756} INFO - Processing file /home/airflow/.local/lib/python3.7/site-packages/airflow/example_dags/example_datasets.py for tasks to queue
[2022-12-10T13:36:25.361+0000] {logging_mixin.py:137} INFO - [2022-12-10T13:36:25.361+0000] {dagbag.py:537} INFO - Filling up the DagBag from /home/airflow/.local/lib/python3.7/site-packages/airflow/example_dags/example_datasets.py
[2022-12-10T13:36:25.376+0000] {processor.py:766} INFO - DAG(s) dict_keys(['dataset_produces_2', 'dataset_consumes_1', 'dataset_consumes_1_never_scheduled', 'dataset_consumes_1_and_2', 'dataset_produces_1', 'dataset_consumes_unknown_never_scheduled']) retrieved from /home/airflow/.local/lib/python3.7/site-packages/airflow/example_dags/example_datasets.py
[2022-12-10T13:36:25.429+0000] {logging_mixin.py:137} INFO - [2022-12-10T13:36:25.429+0000] {dag.py:2585} INFO - Sync 6 DAGs
[2022-12-10T13:36:25.450+0000] {logging_mixin.py:137} INFO - [2022-12-10T13:36:25.450+0000] {dag.py:3340} INFO - Setting next_dagrun for dataset_consumes_1 to None, run_after=None
[2022-12-10T13:36:25.453+0000] {logging_mixin.py:137} INFO - [2022-12-10T13:36:25.453+0000] {dag.py:3340} INFO - Setting next_dagrun for dataset_consumes_1_and_2 to None, run_after=None
[2022-12-10T13:36:25.455+0000] {logging_mixin.py:137} INFO - [2022-12-10T13:36:25.455+0000] {dag.py:3340} INFO - Setting next_dagrun for dataset_consumes_1_never_scheduled to None, run_after=None
[2022-12-10T13:36:25.457+0000] {logging_mixin.py:137} INFO - [2022-12-10T13:36:25.457+0000] {dag.py:3340} INFO - Setting next_dagrun for dataset_consumes_unknown_never_scheduled to None, run_after=None
[2022-12-10T13:36:25.459+0000] {logging_mixin.py:137} INFO - [2022-12-10T13:36:25.459+0000] {dag.py:3340} INFO - Setting next_dagrun for dataset_produces_1 to 2022-12-09T00:00:00+00:00, run_after=2022-12-10T00:00:00+00:00
[2022-12-10T13:36:25.462+0000] {logging_mixin.py:137} INFO - [2022-12-10T13:36:25.461+0000] {dag.py:3340} INFO - Setting next_dagrun for dataset_produces_2 to None, run_after=None
[2022-12-10T13:36:25.486+0000] {processor.py:176} INFO - Processing /home/airflow/.local/lib/python3.7/site-packages/airflow/example_dags/example_datasets.py took 0.133 seconds
[2022-12-10T15:01:35.003+0000] {processor.py:154} INFO - Started process (PID=48592) to work on /home/airflow/.local/lib/python3.7/site-packages/airflow/example_dags/example_datasets.py
[2022-12-10T15:01:35.006+0000] {processor.py:756} INFO - Processing file /home/airflow/.local/lib/python3.7/site-packages/airflow/example_dags/example_datasets.py for tasks to queue
[2022-12-10T15:01:35.008+0000] {logging_mixin.py:137} INFO - [2022-12-10T15:01:35.008+0000] {dagbag.py:537} INFO - Filling up the DagBag from /home/airflow/.local/lib/python3.7/site-packages/airflow/example_dags/example_datasets.py
[2022-12-10T15:01:35.021+0000] {processor.py:766} INFO - DAG(s) dict_keys(['dataset_consumes_1', 'dataset_consumes_1_and_2', 'dataset_consumes_1_never_scheduled', 'dataset_consumes_unknown_never_scheduled', 'dataset_produces_2', 'dataset_produces_1']) retrieved from /home/airflow/.local/lib/python3.7/site-packages/airflow/example_dags/example_datasets.py
[2022-12-10T15:01:35.064+0000] {logging_mixin.py:137} INFO - [2022-12-10T15:01:35.064+0000] {dag.py:2585} INFO - Sync 6 DAGs
[2022-12-10T15:01:35.083+0000] {logging_mixin.py:137} INFO - [2022-12-10T15:01:35.083+0000] {dag.py:3340} INFO - Setting next_dagrun for dataset_consumes_1 to None, run_after=None
[2022-12-10T15:01:35.087+0000] {logging_mixin.py:137} INFO - [2022-12-10T15:01:35.086+0000] {dag.py:3340} INFO - Setting next_dagrun for dataset_consumes_1_and_2 to None, run_after=None
[2022-12-10T15:01:35.088+0000] {logging_mixin.py:137} INFO - [2022-12-10T15:01:35.088+0000] {dag.py:3340} INFO - Setting next_dagrun for dataset_consumes_1_never_scheduled to None, run_after=None
[2022-12-10T15:01:35.090+0000] {logging_mixin.py:137} INFO - [2022-12-10T15:01:35.090+0000] {dag.py:3340} INFO - Setting next_dagrun for dataset_consumes_unknown_never_scheduled to None, run_after=None
[2022-12-10T15:01:35.093+0000] {logging_mixin.py:137} INFO - [2022-12-10T15:01:35.093+0000] {dag.py:3340} INFO - Setting next_dagrun for dataset_produces_1 to 2022-12-09T00:00:00+00:00, run_after=2022-12-10T00:00:00+00:00
[2022-12-10T15:01:35.095+0000] {logging_mixin.py:137} INFO - [2022-12-10T15:01:35.095+0000] {dag.py:3340} INFO - Setting next_dagrun for dataset_produces_2 to None, run_after=None
[2022-12-10T15:01:35.114+0000] {processor.py:176} INFO - Processing /home/airflow/.local/lib/python3.7/site-packages/airflow/example_dags/example_datasets.py took 0.113 seconds
[2022-12-10T16:44:41.166+0000] {processor.py:154} INFO - Started process (PID=48662) to work on /home/airflow/.local/lib/python3.7/site-packages/airflow/example_dags/example_datasets.py
[2022-12-10T16:44:41.168+0000] {processor.py:756} INFO - Processing file /home/airflow/.local/lib/python3.7/site-packages/airflow/example_dags/example_datasets.py for tasks to queue
[2022-12-10T16:44:41.169+0000] {logging_mixin.py:137} INFO - [2022-12-10T16:44:41.169+0000] {dagbag.py:537} INFO - Filling up the DagBag from /home/airflow/.local/lib/python3.7/site-packages/airflow/example_dags/example_datasets.py
[2022-12-10T16:44:41.181+0000] {processor.py:766} INFO - DAG(s) dict_keys(['dataset_produces_1', 'dataset_consumes_1', 'dataset_consumes_1_and_2', 'dataset_consumes_unknown_never_scheduled', 'dataset_produces_2', 'dataset_consumes_1_never_scheduled']) retrieved from /home/airflow/.local/lib/python3.7/site-packages/airflow/example_dags/example_datasets.py
[2022-12-10T16:44:41.226+0000] {logging_mixin.py:137} INFO - [2022-12-10T16:44:41.226+0000] {dag.py:2585} INFO - Sync 6 DAGs
[2022-12-10T16:44:41.248+0000] {logging_mixin.py:137} INFO - [2022-12-10T16:44:41.248+0000] {dag.py:3340} INFO - Setting next_dagrun for dataset_consumes_1 to None, run_after=None
[2022-12-10T16:44:41.252+0000] {logging_mixin.py:137} INFO - [2022-12-10T16:44:41.252+0000] {dag.py:3340} INFO - Setting next_dagrun for dataset_consumes_1_and_2 to None, run_after=None
[2022-12-10T16:44:41.257+0000] {logging_mixin.py:137} INFO - [2022-12-10T16:44:41.257+0000] {dag.py:3340} INFO - Setting next_dagrun for dataset_consumes_1_never_scheduled to None, run_after=None
[2022-12-10T16:44:41.259+0000] {logging_mixin.py:137} INFO - [2022-12-10T16:44:41.259+0000] {dag.py:3340} INFO - Setting next_dagrun for dataset_consumes_unknown_never_scheduled to None, run_after=None
[2022-12-10T16:44:41.262+0000] {logging_mixin.py:137} INFO - [2022-12-10T16:44:41.262+0000] {dag.py:3340} INFO - Setting next_dagrun for dataset_produces_1 to 2022-12-09T00:00:00+00:00, run_after=2022-12-10T00:00:00+00:00
[2022-12-10T16:44:41.267+0000] {logging_mixin.py:137} INFO - [2022-12-10T16:44:41.267+0000] {dag.py:3340} INFO - Setting next_dagrun for dataset_produces_2 to None, run_after=None
[2022-12-10T16:44:41.289+0000] {processor.py:176} INFO - Processing /home/airflow/.local/lib/python3.7/site-packages/airflow/example_dags/example_datasets.py took 0.126 seconds
[2022-12-10T18:09:52.447+0000] {processor.py:154} INFO - Started process (PID=48729) to work on /home/airflow/.local/lib/python3.7/site-packages/airflow/example_dags/example_datasets.py
[2022-12-10T18:09:52.450+0000] {processor.py:756} INFO - Processing file /home/airflow/.local/lib/python3.7/site-packages/airflow/example_dags/example_datasets.py for tasks to queue
[2022-12-10T18:09:52.452+0000] {logging_mixin.py:137} INFO - [2022-12-10T18:09:52.452+0000] {dagbag.py:537} INFO - Filling up the DagBag from /home/airflow/.local/lib/python3.7/site-packages/airflow/example_dags/example_datasets.py
[2022-12-10T18:09:52.478+0000] {processor.py:766} INFO - DAG(s) dict_keys(['dataset_consumes_1_never_scheduled', 'dataset_consumes_1_and_2', 'dataset_consumes_unknown_never_scheduled', 'dataset_produces_2', 'dataset_produces_1', 'dataset_consumes_1']) retrieved from /home/airflow/.local/lib/python3.7/site-packages/airflow/example_dags/example_datasets.py
[2022-12-10T18:09:52.531+0000] {logging_mixin.py:137} INFO - [2022-12-10T18:09:52.531+0000] {dag.py:2585} INFO - Sync 6 DAGs
[2022-12-10T18:09:52.563+0000] {logging_mixin.py:137} INFO - [2022-12-10T18:09:52.563+0000] {dag.py:3340} INFO - Setting next_dagrun for dataset_consumes_1 to None, run_after=None
[2022-12-10T18:09:52.568+0000] {logging_mixin.py:137} INFO - [2022-12-10T18:09:52.568+0000] {dag.py:3340} INFO - Setting next_dagrun for dataset_consumes_1_and_2 to None, run_after=None
[2022-12-10T18:09:52.571+0000] {logging_mixin.py:137} INFO - [2022-12-10T18:09:52.571+0000] {dag.py:3340} INFO - Setting next_dagrun for dataset_consumes_1_never_scheduled to None, run_after=None
[2022-12-10T18:09:52.574+0000] {logging_mixin.py:137} INFO - [2022-12-10T18:09:52.574+0000] {dag.py:3340} INFO - Setting next_dagrun for dataset_consumes_unknown_never_scheduled to None, run_after=None
[2022-12-10T18:09:52.579+0000] {logging_mixin.py:137} INFO - [2022-12-10T18:09:52.579+0000] {dag.py:3340} INFO - Setting next_dagrun for dataset_produces_1 to 2022-12-09T00:00:00+00:00, run_after=2022-12-10T00:00:00+00:00
[2022-12-10T18:09:52.584+0000] {logging_mixin.py:137} INFO - [2022-12-10T18:09:52.583+0000] {dag.py:3340} INFO - Setting next_dagrun for dataset_produces_2 to None, run_after=None
[2022-12-10T18:09:52.612+0000] {processor.py:176} INFO - Processing /home/airflow/.local/lib/python3.7/site-packages/airflow/example_dags/example_datasets.py took 0.168 seconds
[2022-12-10T19:51:56.898+0000] {processor.py:154} INFO - Started process (PID=48794) to work on /home/airflow/.local/lib/python3.7/site-packages/airflow/example_dags/example_datasets.py
[2022-12-10T19:51:56.900+0000] {processor.py:756} INFO - Processing file /home/airflow/.local/lib/python3.7/site-packages/airflow/example_dags/example_datasets.py for tasks to queue
[2022-12-10T19:51:56.901+0000] {logging_mixin.py:137} INFO - [2022-12-10T19:51:56.901+0000] {dagbag.py:537} INFO - Filling up the DagBag from /home/airflow/.local/lib/python3.7/site-packages/airflow/example_dags/example_datasets.py
[2022-12-10T19:51:56.914+0000] {processor.py:766} INFO - DAG(s) dict_keys(['dataset_consumes_1_and_2', 'dataset_produces_1', 'dataset_consumes_1', 'dataset_produces_2', 'dataset_consumes_unknown_never_scheduled', 'dataset_consumes_1_never_scheduled']) retrieved from /home/airflow/.local/lib/python3.7/site-packages/airflow/example_dags/example_datasets.py
[2022-12-10T19:51:56.952+0000] {logging_mixin.py:137} INFO - [2022-12-10T19:51:56.952+0000] {dag.py:2585} INFO - Sync 6 DAGs
[2022-12-10T19:51:56.972+0000] {logging_mixin.py:137} INFO - [2022-12-10T19:51:56.972+0000] {dag.py:3340} INFO - Setting next_dagrun for dataset_consumes_1 to None, run_after=None
[2022-12-10T19:51:56.976+0000] {logging_mixin.py:137} INFO - [2022-12-10T19:51:56.976+0000] {dag.py:3340} INFO - Setting next_dagrun for dataset_consumes_1_and_2 to None, run_after=None
[2022-12-10T19:51:56.978+0000] {logging_mixin.py:137} INFO - [2022-12-10T19:51:56.978+0000] {dag.py:3340} INFO - Setting next_dagrun for dataset_consumes_1_never_scheduled to None, run_after=None
[2022-12-10T19:51:56.980+0000] {logging_mixin.py:137} INFO - [2022-12-10T19:51:56.980+0000] {dag.py:3340} INFO - Setting next_dagrun for dataset_consumes_unknown_never_scheduled to None, run_after=None
[2022-12-10T19:51:56.982+0000] {logging_mixin.py:137} INFO - [2022-12-10T19:51:56.982+0000] {dag.py:3340} INFO - Setting next_dagrun for dataset_produces_1 to 2022-12-09T00:00:00+00:00, run_after=2022-12-10T00:00:00+00:00
[2022-12-10T19:51:56.984+0000] {logging_mixin.py:137} INFO - [2022-12-10T19:51:56.984+0000] {dag.py:3340} INFO - Setting next_dagrun for dataset_produces_2 to None, run_after=None
[2022-12-10T19:51:57.000+0000] {processor.py:176} INFO - Processing /home/airflow/.local/lib/python3.7/site-packages/airflow/example_dags/example_datasets.py took 0.106 seconds
[2022-12-10T21:32:06.098+0000] {processor.py:154} INFO - Started process (PID=48852) to work on /home/airflow/.local/lib/python3.7/site-packages/airflow/example_dags/example_datasets.py
[2022-12-10T21:32:06.100+0000] {processor.py:756} INFO - Processing file /home/airflow/.local/lib/python3.7/site-packages/airflow/example_dags/example_datasets.py for tasks to queue
[2022-12-10T21:32:06.101+0000] {logging_mixin.py:137} INFO - [2022-12-10T21:32:06.101+0000] {dagbag.py:537} INFO - Filling up the DagBag from /home/airflow/.local/lib/python3.7/site-packages/airflow/example_dags/example_datasets.py
[2022-12-10T21:32:06.112+0000] {processor.py:766} INFO - DAG(s) dict_keys(['dataset_produces_2', 'dataset_consumes_1_and_2', 'dataset_consumes_1_never_scheduled', 'dataset_consumes_unknown_never_scheduled', 'dataset_consumes_1', 'dataset_produces_1']) retrieved from /home/airflow/.local/lib/python3.7/site-packages/airflow/example_dags/example_datasets.py
[2022-12-10T21:32:06.151+0000] {logging_mixin.py:137} INFO - [2022-12-10T21:32:06.151+0000] {dag.py:2585} INFO - Sync 6 DAGs
[2022-12-10T21:32:06.168+0000] {logging_mixin.py:137} INFO - [2022-12-10T21:32:06.168+0000] {dag.py:3340} INFO - Setting next_dagrun for dataset_consumes_1 to None, run_after=None
[2022-12-10T21:32:06.171+0000] {logging_mixin.py:137} INFO - [2022-12-10T21:32:06.171+0000] {dag.py:3340} INFO - Setting next_dagrun for dataset_consumes_1_and_2 to None, run_after=None
[2022-12-10T21:32:06.173+0000] {logging_mixin.py:137} INFO - [2022-12-10T21:32:06.173+0000] {dag.py:3340} INFO - Setting next_dagrun for dataset_consumes_1_never_scheduled to None, run_after=None
[2022-12-10T21:32:06.175+0000] {logging_mixin.py:137} INFO - [2022-12-10T21:32:06.175+0000] {dag.py:3340} INFO - Setting next_dagrun for dataset_consumes_unknown_never_scheduled to None, run_after=None
[2022-12-10T21:32:06.177+0000] {logging_mixin.py:137} INFO - [2022-12-10T21:32:06.177+0000] {dag.py:3340} INFO - Setting next_dagrun for dataset_produces_1 to 2022-12-09T00:00:00+00:00, run_after=2022-12-10T00:00:00+00:00
[2022-12-10T21:32:06.179+0000] {logging_mixin.py:137} INFO - [2022-12-10T21:32:06.179+0000] {dag.py:3340} INFO - Setting next_dagrun for dataset_produces_2 to None, run_after=None
[2022-12-10T21:32:06.196+0000] {processor.py:176} INFO - Processing /home/airflow/.local/lib/python3.7/site-packages/airflow/example_dags/example_datasets.py took 0.100 seconds
[2022-12-10T22:56:10.953+0000] {processor.py:154} INFO - Started process (PID=48920) to work on /home/airflow/.local/lib/python3.7/site-packages/airflow/example_dags/example_datasets.py
[2022-12-10T22:56:10.955+0000] {processor.py:756} INFO - Processing file /home/airflow/.local/lib/python3.7/site-packages/airflow/example_dags/example_datasets.py for tasks to queue
[2022-12-10T22:56:10.956+0000] {logging_mixin.py:137} INFO - [2022-12-10T22:56:10.956+0000] {dagbag.py:537} INFO - Filling up the DagBag from /home/airflow/.local/lib/python3.7/site-packages/airflow/example_dags/example_datasets.py
[2022-12-10T22:56:10.971+0000] {processor.py:766} INFO - DAG(s) dict_keys(['dataset_produces_1', 'dataset_consumes_unknown_never_scheduled', 'dataset_consumes_1_and_2', 'dataset_consumes_1', 'dataset_produces_2', 'dataset_consumes_1_never_scheduled']) retrieved from /home/airflow/.local/lib/python3.7/site-packages/airflow/example_dags/example_datasets.py
[2022-12-10T22:56:11.010+0000] {logging_mixin.py:137} INFO - [2022-12-10T22:56:11.010+0000] {dag.py:2585} INFO - Sync 6 DAGs
[2022-12-10T22:56:11.027+0000] {logging_mixin.py:137} INFO - [2022-12-10T22:56:11.027+0000] {dag.py:3340} INFO - Setting next_dagrun for dataset_consumes_1 to None, run_after=None
[2022-12-10T22:56:11.030+0000] {logging_mixin.py:137} INFO - [2022-12-10T22:56:11.030+0000] {dag.py:3340} INFO - Setting next_dagrun for dataset_consumes_1_and_2 to None, run_after=None
[2022-12-10T22:56:11.032+0000] {logging_mixin.py:137} INFO - [2022-12-10T22:56:11.032+0000] {dag.py:3340} INFO - Setting next_dagrun for dataset_consumes_1_never_scheduled to None, run_after=None
[2022-12-10T22:56:11.033+0000] {logging_mixin.py:137} INFO - [2022-12-10T22:56:11.033+0000] {dag.py:3340} INFO - Setting next_dagrun for dataset_consumes_unknown_never_scheduled to None, run_after=None
[2022-12-10T22:56:11.035+0000] {logging_mixin.py:137} INFO - [2022-12-10T22:56:11.035+0000] {dag.py:3340} INFO - Setting next_dagrun for dataset_produces_1 to 2022-12-09T00:00:00+00:00, run_after=2022-12-10T00:00:00+00:00
[2022-12-10T22:56:11.037+0000] {logging_mixin.py:137} INFO - [2022-12-10T22:56:11.037+0000] {dag.py:3340} INFO - Setting next_dagrun for dataset_produces_2 to None, run_after=None
[2022-12-10T22:56:11.057+0000] {processor.py:176} INFO - Processing /home/airflow/.local/lib/python3.7/site-packages/airflow/example_dags/example_datasets.py took 0.106 seconds
[2022-12-10T23:54:29.690+0000] {processor.py:154} INFO - Started process (PID=48987) to work on /home/airflow/.local/lib/python3.7/site-packages/airflow/example_dags/example_datasets.py
[2022-12-10T23:54:29.691+0000] {processor.py:756} INFO - Processing file /home/airflow/.local/lib/python3.7/site-packages/airflow/example_dags/example_datasets.py for tasks to queue
[2022-12-10T23:54:29.692+0000] {logging_mixin.py:137} INFO - [2022-12-10T23:54:29.692+0000] {dagbag.py:537} INFO - Filling up the DagBag from /home/airflow/.local/lib/python3.7/site-packages/airflow/example_dags/example_datasets.py
[2022-12-10T23:54:29.704+0000] {processor.py:766} INFO - DAG(s) dict_keys(['dataset_consumes_unknown_never_scheduled', 'dataset_produces_2', 'dataset_produces_1', 'dataset_consumes_1_and_2', 'dataset_consumes_1', 'dataset_consumes_1_never_scheduled']) retrieved from /home/airflow/.local/lib/python3.7/site-packages/airflow/example_dags/example_datasets.py
[2022-12-10T23:54:29.749+0000] {logging_mixin.py:137} INFO - [2022-12-10T23:54:29.749+0000] {dag.py:2585} INFO - Sync 6 DAGs
[2022-12-10T23:54:29.773+0000] {logging_mixin.py:137} INFO - [2022-12-10T23:54:29.773+0000] {dag.py:3340} INFO - Setting next_dagrun for dataset_consumes_1 to None, run_after=None
[2022-12-10T23:54:29.777+0000] {logging_mixin.py:137} INFO - [2022-12-10T23:54:29.777+0000] {dag.py:3340} INFO - Setting next_dagrun for dataset_consumes_1_and_2 to None, run_after=None
[2022-12-10T23:54:29.779+0000] {logging_mixin.py:137} INFO - [2022-12-10T23:54:29.778+0000] {dag.py:3340} INFO - Setting next_dagrun for dataset_consumes_1_never_scheduled to None, run_after=None
[2022-12-10T23:54:29.780+0000] {logging_mixin.py:137} INFO - [2022-12-10T23:54:29.780+0000] {dag.py:3340} INFO - Setting next_dagrun for dataset_consumes_unknown_never_scheduled to None, run_after=None
[2022-12-10T23:54:29.783+0000] {logging_mixin.py:137} INFO - [2022-12-10T23:54:29.783+0000] {dag.py:3340} INFO - Setting next_dagrun for dataset_produces_1 to 2022-12-09T00:00:00+00:00, run_after=2022-12-10T00:00:00+00:00
[2022-12-10T23:54:29.784+0000] {logging_mixin.py:137} INFO - [2022-12-10T23:54:29.784+0000] {dag.py:3340} INFO - Setting next_dagrun for dataset_produces_2 to None, run_after=None
[2022-12-10T23:54:29.803+0000] {processor.py:176} INFO - Processing /home/airflow/.local/lib/python3.7/site-packages/airflow/example_dags/example_datasets.py took 0.117 seconds
