[2022-12-10T01:13:55.914+0000] {processor.py:154} INFO - Started process (PID=47941) to work on /home/airflow/.local/lib/python3.7/site-packages/airflow/example_dags/example_task_group.py
[2022-12-10T01:13:55.916+0000] {processor.py:756} INFO - Processing file /home/airflow/.local/lib/python3.7/site-packages/airflow/example_dags/example_task_group.py for tasks to queue
[2022-12-10T01:13:55.918+0000] {logging_mixin.py:137} INFO - [2022-12-10T01:13:55.918+0000] {dagbag.py:537} INFO - Filling up the DagBag from /home/airflow/.local/lib/python3.7/site-packages/airflow/example_dags/example_task_group.py
[2022-12-10T01:13:55.932+0000] {processor.py:766} INFO - DAG(s) dict_keys(['example_task_group']) retrieved from /home/airflow/.local/lib/python3.7/site-packages/airflow/example_dags/example_task_group.py
[2022-12-10T01:13:55.966+0000] {logging_mixin.py:137} INFO - [2022-12-10T01:13:55.966+0000] {dag.py:2585} INFO - Sync 1 DAGs
[2022-12-10T01:13:55.991+0000] {logging_mixin.py:137} INFO - [2022-12-10T01:13:55.991+0000] {dag.py:3340} INFO - Setting next_dagrun for example_task_group to 2022-12-09T01:13:55.990878+00:00, run_after=2022-12-10T01:13:55.990878+00:00
[2022-12-10T01:13:56.023+0000] {processor.py:176} INFO - Processing /home/airflow/.local/lib/python3.7/site-packages/airflow/example_dags/example_task_group.py took 0.112 seconds
[2022-12-10T02:35:29.598+0000] {processor.py:154} INFO - Started process (PID=47998) to work on /home/airflow/.local/lib/python3.7/site-packages/airflow/example_dags/example_task_group.py
[2022-12-10T02:35:29.600+0000] {processor.py:756} INFO - Processing file /home/airflow/.local/lib/python3.7/site-packages/airflow/example_dags/example_task_group.py for tasks to queue
[2022-12-10T02:35:29.602+0000] {logging_mixin.py:137} INFO - [2022-12-10T02:35:29.602+0000] {dagbag.py:537} INFO - Filling up the DagBag from /home/airflow/.local/lib/python3.7/site-packages/airflow/example_dags/example_task_group.py
[2022-12-10T02:35:29.614+0000] {processor.py:766} INFO - DAG(s) dict_keys(['example_task_group']) retrieved from /home/airflow/.local/lib/python3.7/site-packages/airflow/example_dags/example_task_group.py
[2022-12-10T02:35:29.644+0000] {logging_mixin.py:137} INFO - [2022-12-10T02:35:29.644+0000] {dag.py:2585} INFO - Sync 1 DAGs
[2022-12-10T02:35:29.660+0000] {logging_mixin.py:137} INFO - [2022-12-10T02:35:29.660+0000] {dag.py:3340} INFO - Setting next_dagrun for example_task_group to 2022-12-09T02:35:29.660213+00:00, run_after=2022-12-10T02:35:29.660213+00:00
[2022-12-10T02:35:29.673+0000] {processor.py:176} INFO - Processing /home/airflow/.local/lib/python3.7/site-packages/airflow/example_dags/example_task_group.py took 0.077 seconds
[2022-12-10T03:43:49.533+0000] {processor.py:154} INFO - Started process (PID=48063) to work on /home/airflow/.local/lib/python3.7/site-packages/airflow/example_dags/example_task_group.py
[2022-12-10T03:43:49.534+0000] {processor.py:756} INFO - Processing file /home/airflow/.local/lib/python3.7/site-packages/airflow/example_dags/example_task_group.py for tasks to queue
[2022-12-10T03:43:49.535+0000] {logging_mixin.py:137} INFO - [2022-12-10T03:43:49.535+0000] {dagbag.py:537} INFO - Filling up the DagBag from /home/airflow/.local/lib/python3.7/site-packages/airflow/example_dags/example_task_group.py
[2022-12-10T03:43:49.547+0000] {processor.py:766} INFO - DAG(s) dict_keys(['example_task_group']) retrieved from /home/airflow/.local/lib/python3.7/site-packages/airflow/example_dags/example_task_group.py
[2022-12-10T03:43:49.583+0000] {logging_mixin.py:137} INFO - [2022-12-10T03:43:49.582+0000] {dag.py:2585} INFO - Sync 1 DAGs
[2022-12-10T03:43:49.600+0000] {logging_mixin.py:137} INFO - [2022-12-10T03:43:49.599+0000] {dag.py:3340} INFO - Setting next_dagrun for example_task_group to 2022-12-09T03:43:49.599768+00:00, run_after=2022-12-10T03:43:49.599768+00:00
[2022-12-10T03:43:49.621+0000] {processor.py:176} INFO - Processing /home/airflow/.local/lib/python3.7/site-packages/airflow/example_dags/example_task_group.py took 0.091 seconds
[2022-12-10T04:16:19.131+0000] {processor.py:154} INFO - Started process (PID=48130) to work on /home/airflow/.local/lib/python3.7/site-packages/airflow/example_dags/example_task_group.py
[2022-12-10T04:16:19.171+0000] {processor.py:756} INFO - Processing file /home/airflow/.local/lib/python3.7/site-packages/airflow/example_dags/example_task_group.py for tasks to queue
[2022-12-10T04:16:19.173+0000] {logging_mixin.py:137} INFO - [2022-12-10T04:16:19.173+0000] {dagbag.py:537} INFO - Filling up the DagBag from /home/airflow/.local/lib/python3.7/site-packages/airflow/example_dags/example_task_group.py
[2022-12-10T04:16:19.199+0000] {processor.py:766} INFO - DAG(s) dict_keys(['example_task_group']) retrieved from /home/airflow/.local/lib/python3.7/site-packages/airflow/example_dags/example_task_group.py
[2022-12-10T04:16:19.258+0000] {logging_mixin.py:137} INFO - [2022-12-10T04:16:19.258+0000] {dag.py:2585} INFO - Sync 1 DAGs
[2022-12-10T04:16:19.283+0000] {logging_mixin.py:137} INFO - [2022-12-10T04:16:19.282+0000] {dag.py:3340} INFO - Setting next_dagrun for example_task_group to 2022-12-09T04:16:19.282414+00:00, run_after=2022-12-10T04:16:19.282414+00:00
[2022-12-10T04:16:19.300+0000] {processor.py:176} INFO - Processing /home/airflow/.local/lib/python3.7/site-packages/airflow/example_dags/example_task_group.py took 0.174 seconds
[2022-12-10T05:54:53.242+0000] {processor.py:154} INFO - Started process (PID=48196) to work on /home/airflow/.local/lib/python3.7/site-packages/airflow/example_dags/example_task_group.py
[2022-12-10T05:54:53.244+0000] {processor.py:756} INFO - Processing file /home/airflow/.local/lib/python3.7/site-packages/airflow/example_dags/example_task_group.py for tasks to queue
[2022-12-10T05:54:53.245+0000] {logging_mixin.py:137} INFO - [2022-12-10T05:54:53.245+0000] {dagbag.py:537} INFO - Filling up the DagBag from /home/airflow/.local/lib/python3.7/site-packages/airflow/example_dags/example_task_group.py
[2022-12-10T05:54:53.258+0000] {processor.py:766} INFO - DAG(s) dict_keys(['example_task_group']) retrieved from /home/airflow/.local/lib/python3.7/site-packages/airflow/example_dags/example_task_group.py
[2022-12-10T05:54:53.298+0000] {logging_mixin.py:137} INFO - [2022-12-10T05:54:53.298+0000] {dag.py:2585} INFO - Sync 1 DAGs
[2022-12-10T05:54:53.317+0000] {logging_mixin.py:137} INFO - [2022-12-10T05:54:53.317+0000] {dag.py:3340} INFO - Setting next_dagrun for example_task_group to 2022-12-09T05:54:53.317706+00:00, run_after=2022-12-10T05:54:53.317706+00:00
[2022-12-10T05:54:53.333+0000] {processor.py:176} INFO - Processing /home/airflow/.local/lib/python3.7/site-packages/airflow/example_dags/example_task_group.py took 0.093 seconds
[2022-12-10T07:18:16.016+0000] {processor.py:154} INFO - Started process (PID=48257) to work on /home/airflow/.local/lib/python3.7/site-packages/airflow/example_dags/example_task_group.py
[2022-12-10T07:18:16.019+0000] {processor.py:756} INFO - Processing file /home/airflow/.local/lib/python3.7/site-packages/airflow/example_dags/example_task_group.py for tasks to queue
[2022-12-10T07:18:16.020+0000] {logging_mixin.py:137} INFO - [2022-12-10T07:18:16.020+0000] {dagbag.py:537} INFO - Filling up the DagBag from /home/airflow/.local/lib/python3.7/site-packages/airflow/example_dags/example_task_group.py
[2022-12-10T07:18:16.034+0000] {processor.py:766} INFO - DAG(s) dict_keys(['example_task_group']) retrieved from /home/airflow/.local/lib/python3.7/site-packages/airflow/example_dags/example_task_group.py
[2022-12-10T07:18:16.067+0000] {logging_mixin.py:137} INFO - [2022-12-10T07:18:16.067+0000] {dag.py:2585} INFO - Sync 1 DAGs
[2022-12-10T07:18:16.083+0000] {logging_mixin.py:137} INFO - [2022-12-10T07:18:16.083+0000] {dag.py:3340} INFO - Setting next_dagrun for example_task_group to 2022-12-09T07:18:16.083257+00:00, run_after=2022-12-10T07:18:16.083257+00:00
[2022-12-10T07:18:16.096+0000] {processor.py:176} INFO - Processing /home/airflow/.local/lib/python3.7/site-packages/airflow/example_dags/example_task_group.py took 0.082 seconds
[2022-12-10T08:58:57.608+0000] {processor.py:154} INFO - Started process (PID=48325) to work on /home/airflow/.local/lib/python3.7/site-packages/airflow/example_dags/example_task_group.py
[2022-12-10T08:58:57.614+0000] {processor.py:756} INFO - Processing file /home/airflow/.local/lib/python3.7/site-packages/airflow/example_dags/example_task_group.py for tasks to queue
[2022-12-10T08:58:57.616+0000] {logging_mixin.py:137} INFO - [2022-12-10T08:58:57.616+0000] {dagbag.py:537} INFO - Filling up the DagBag from /home/airflow/.local/lib/python3.7/site-packages/airflow/example_dags/example_task_group.py
[2022-12-10T08:58:57.627+0000] {processor.py:766} INFO - DAG(s) dict_keys(['example_task_group']) retrieved from /home/airflow/.local/lib/python3.7/site-packages/airflow/example_dags/example_task_group.py
[2022-12-10T08:58:57.657+0000] {logging_mixin.py:137} INFO - [2022-12-10T08:58:57.657+0000] {dag.py:2585} INFO - Sync 1 DAGs
[2022-12-10T08:58:57.675+0000] {logging_mixin.py:137} INFO - [2022-12-10T08:58:57.675+0000] {dag.py:3340} INFO - Setting next_dagrun for example_task_group to 2022-12-09T08:58:57.675339+00:00, run_after=2022-12-10T08:58:57.675339+00:00
[2022-12-10T08:58:57.689+0000] {processor.py:176} INFO - Processing /home/airflow/.local/lib/python3.7/site-packages/airflow/example_dags/example_task_group.py took 0.084 seconds
[2022-12-10T10:34:17.104+0000] {processor.py:154} INFO - Started process (PID=48392) to work on /home/airflow/.local/lib/python3.7/site-packages/airflow/example_dags/example_task_group.py
[2022-12-10T10:34:17.106+0000] {processor.py:756} INFO - Processing file /home/airflow/.local/lib/python3.7/site-packages/airflow/example_dags/example_task_group.py for tasks to queue
[2022-12-10T10:34:17.107+0000] {logging_mixin.py:137} INFO - [2022-12-10T10:34:17.107+0000] {dagbag.py:537} INFO - Filling up the DagBag from /home/airflow/.local/lib/python3.7/site-packages/airflow/example_dags/example_task_group.py
[2022-12-10T10:34:17.120+0000] {processor.py:766} INFO - DAG(s) dict_keys(['example_task_group']) retrieved from /home/airflow/.local/lib/python3.7/site-packages/airflow/example_dags/example_task_group.py
[2022-12-10T10:34:17.152+0000] {logging_mixin.py:137} INFO - [2022-12-10T10:34:17.152+0000] {dag.py:2585} INFO - Sync 1 DAGs
[2022-12-10T10:34:17.171+0000] {logging_mixin.py:137} INFO - [2022-12-10T10:34:17.171+0000] {dag.py:3340} INFO - Setting next_dagrun for example_task_group to 2022-12-09T10:34:17.171692+00:00, run_after=2022-12-10T10:34:17.171692+00:00
[2022-12-10T10:34:17.186+0000] {processor.py:176} INFO - Processing /home/airflow/.local/lib/python3.7/site-packages/airflow/example_dags/example_task_group.py took 0.085 seconds
[2022-12-10T11:57:24.161+0000] {processor.py:154} INFO - Started process (PID=48460) to work on /home/airflow/.local/lib/python3.7/site-packages/airflow/example_dags/example_task_group.py
[2022-12-10T11:57:24.163+0000] {processor.py:756} INFO - Processing file /home/airflow/.local/lib/python3.7/site-packages/airflow/example_dags/example_task_group.py for tasks to queue
[2022-12-10T11:57:24.164+0000] {logging_mixin.py:137} INFO - [2022-12-10T11:57:24.164+0000] {dagbag.py:537} INFO - Filling up the DagBag from /home/airflow/.local/lib/python3.7/site-packages/airflow/example_dags/example_task_group.py
[2022-12-10T11:57:24.176+0000] {processor.py:766} INFO - DAG(s) dict_keys(['example_task_group']) retrieved from /home/airflow/.local/lib/python3.7/site-packages/airflow/example_dags/example_task_group.py
[2022-12-10T11:57:24.207+0000] {logging_mixin.py:137} INFO - [2022-12-10T11:57:24.207+0000] {dag.py:2585} INFO - Sync 1 DAGs
[2022-12-10T11:57:24.222+0000] {logging_mixin.py:137} INFO - [2022-12-10T11:57:24.222+0000] {dag.py:3340} INFO - Setting next_dagrun for example_task_group to 2022-12-09T11:57:24.222726+00:00, run_after=2022-12-10T11:57:24.222726+00:00
[2022-12-10T11:57:24.236+0000] {processor.py:176} INFO - Processing /home/airflow/.local/lib/python3.7/site-packages/airflow/example_dags/example_task_group.py took 0.077 seconds
[2022-12-10T13:36:24.628+0000] {processor.py:154} INFO - Started process (PID=48525) to work on /home/airflow/.local/lib/python3.7/site-packages/airflow/example_dags/example_task_group.py
[2022-12-10T13:36:24.632+0000] {processor.py:756} INFO - Processing file /home/airflow/.local/lib/python3.7/site-packages/airflow/example_dags/example_task_group.py for tasks to queue
[2022-12-10T13:36:24.634+0000] {logging_mixin.py:137} INFO - [2022-12-10T13:36:24.634+0000] {dagbag.py:537} INFO - Filling up the DagBag from /home/airflow/.local/lib/python3.7/site-packages/airflow/example_dags/example_task_group.py
[2022-12-10T13:36:24.648+0000] {processor.py:766} INFO - DAG(s) dict_keys(['example_task_group']) retrieved from /home/airflow/.local/lib/python3.7/site-packages/airflow/example_dags/example_task_group.py
[2022-12-10T13:36:24.687+0000] {logging_mixin.py:137} INFO - [2022-12-10T13:36:24.687+0000] {dag.py:2585} INFO - Sync 1 DAGs
[2022-12-10T13:36:24.709+0000] {logging_mixin.py:137} INFO - [2022-12-10T13:36:24.709+0000] {dag.py:3340} INFO - Setting next_dagrun for example_task_group to 2022-12-09T13:36:24.709081+00:00, run_after=2022-12-10T13:36:24.709081+00:00
[2022-12-10T13:36:24.724+0000] {processor.py:176} INFO - Processing /home/airflow/.local/lib/python3.7/site-packages/airflow/example_dags/example_task_group.py took 0.099 seconds
[2022-12-10T15:01:34.445+0000] {processor.py:154} INFO - Started process (PID=48584) to work on /home/airflow/.local/lib/python3.7/site-packages/airflow/example_dags/example_task_group.py
[2022-12-10T15:01:34.447+0000] {processor.py:756} INFO - Processing file /home/airflow/.local/lib/python3.7/site-packages/airflow/example_dags/example_task_group.py for tasks to queue
[2022-12-10T15:01:34.448+0000] {logging_mixin.py:137} INFO - [2022-12-10T15:01:34.448+0000] {dagbag.py:537} INFO - Filling up the DagBag from /home/airflow/.local/lib/python3.7/site-packages/airflow/example_dags/example_task_group.py
[2022-12-10T15:01:34.463+0000] {processor.py:766} INFO - DAG(s) dict_keys(['example_task_group']) retrieved from /home/airflow/.local/lib/python3.7/site-packages/airflow/example_dags/example_task_group.py
[2022-12-10T15:01:34.499+0000] {logging_mixin.py:137} INFO - [2022-12-10T15:01:34.499+0000] {dag.py:2585} INFO - Sync 1 DAGs
[2022-12-10T15:01:34.516+0000] {logging_mixin.py:137} INFO - [2022-12-10T15:01:34.516+0000] {dag.py:3340} INFO - Setting next_dagrun for example_task_group to 2022-12-09T15:01:34.516171+00:00, run_after=2022-12-10T15:01:34.516171+00:00
[2022-12-10T15:01:34.534+0000] {processor.py:176} INFO - Processing /home/airflow/.local/lib/python3.7/site-packages/airflow/example_dags/example_task_group.py took 0.091 seconds
[2022-12-10T16:44:40.576+0000] {processor.py:154} INFO - Started process (PID=48654) to work on /home/airflow/.local/lib/python3.7/site-packages/airflow/example_dags/example_task_group.py
[2022-12-10T16:44:40.578+0000] {processor.py:756} INFO - Processing file /home/airflow/.local/lib/python3.7/site-packages/airflow/example_dags/example_task_group.py for tasks to queue
[2022-12-10T16:44:40.580+0000] {logging_mixin.py:137} INFO - [2022-12-10T16:44:40.579+0000] {dagbag.py:537} INFO - Filling up the DagBag from /home/airflow/.local/lib/python3.7/site-packages/airflow/example_dags/example_task_group.py
[2022-12-10T16:44:40.595+0000] {processor.py:766} INFO - DAG(s) dict_keys(['example_task_group']) retrieved from /home/airflow/.local/lib/python3.7/site-packages/airflow/example_dags/example_task_group.py
[2022-12-10T16:44:40.644+0000] {logging_mixin.py:137} INFO - [2022-12-10T16:44:40.644+0000] {dag.py:2585} INFO - Sync 1 DAGs
[2022-12-10T16:44:40.671+0000] {logging_mixin.py:137} INFO - [2022-12-10T16:44:40.671+0000] {dag.py:3340} INFO - Setting next_dagrun for example_task_group to 2022-12-09T16:44:40.670958+00:00, run_after=2022-12-10T16:44:40.670958+00:00
[2022-12-10T16:44:40.701+0000] {processor.py:176} INFO - Processing /home/airflow/.local/lib/python3.7/site-packages/airflow/example_dags/example_task_group.py took 0.128 seconds
[2022-12-10T18:09:51.785+0000] {processor.py:154} INFO - Started process (PID=48721) to work on /home/airflow/.local/lib/python3.7/site-packages/airflow/example_dags/example_task_group.py
[2022-12-10T18:09:51.788+0000] {processor.py:756} INFO - Processing file /home/airflow/.local/lib/python3.7/site-packages/airflow/example_dags/example_task_group.py for tasks to queue
[2022-12-10T18:09:51.790+0000] {logging_mixin.py:137} INFO - [2022-12-10T18:09:51.790+0000] {dagbag.py:537} INFO - Filling up the DagBag from /home/airflow/.local/lib/python3.7/site-packages/airflow/example_dags/example_task_group.py
[2022-12-10T18:09:51.805+0000] {processor.py:766} INFO - DAG(s) dict_keys(['example_task_group']) retrieved from /home/airflow/.local/lib/python3.7/site-packages/airflow/example_dags/example_task_group.py
[2022-12-10T18:09:51.838+0000] {logging_mixin.py:137} INFO - [2022-12-10T18:09:51.838+0000] {dag.py:2585} INFO - Sync 1 DAGs
[2022-12-10T18:09:51.857+0000] {logging_mixin.py:137} INFO - [2022-12-10T18:09:51.857+0000] {dag.py:3340} INFO - Setting next_dagrun for example_task_group to 2022-12-09T18:09:51.857565+00:00, run_after=2022-12-10T18:09:51.857565+00:00
[2022-12-10T18:09:51.875+0000] {processor.py:176} INFO - Processing /home/airflow/.local/lib/python3.7/site-packages/airflow/example_dags/example_task_group.py took 0.093 seconds
[2022-12-10T19:51:56.214+0000] {processor.py:154} INFO - Started process (PID=48786) to work on /home/airflow/.local/lib/python3.7/site-packages/airflow/example_dags/example_task_group.py
[2022-12-10T19:51:56.216+0000] {processor.py:756} INFO - Processing file /home/airflow/.local/lib/python3.7/site-packages/airflow/example_dags/example_task_group.py for tasks to queue
[2022-12-10T19:51:56.217+0000] {logging_mixin.py:137} INFO - [2022-12-10T19:51:56.217+0000] {dagbag.py:537} INFO - Filling up the DagBag from /home/airflow/.local/lib/python3.7/site-packages/airflow/example_dags/example_task_group.py
[2022-12-10T19:51:56.232+0000] {processor.py:766} INFO - DAG(s) dict_keys(['example_task_group']) retrieved from /home/airflow/.local/lib/python3.7/site-packages/airflow/example_dags/example_task_group.py
[2022-12-10T19:51:56.266+0000] {logging_mixin.py:137} INFO - [2022-12-10T19:51:56.266+0000] {dag.py:2585} INFO - Sync 1 DAGs
[2022-12-10T19:51:56.288+0000] {logging_mixin.py:137} INFO - [2022-12-10T19:51:56.288+0000] {dag.py:3340} INFO - Setting next_dagrun for example_task_group to 2022-12-09T19:51:56.288229+00:00, run_after=2022-12-10T19:51:56.288229+00:00
[2022-12-10T19:51:56.313+0000] {processor.py:176} INFO - Processing /home/airflow/.local/lib/python3.7/site-packages/airflow/example_dags/example_task_group.py took 0.104 seconds
[2022-12-10T21:32:05.555+0000] {processor.py:154} INFO - Started process (PID=48844) to work on /home/airflow/.local/lib/python3.7/site-packages/airflow/example_dags/example_task_group.py
[2022-12-10T21:32:05.557+0000] {processor.py:756} INFO - Processing file /home/airflow/.local/lib/python3.7/site-packages/airflow/example_dags/example_task_group.py for tasks to queue
[2022-12-10T21:32:05.559+0000] {logging_mixin.py:137} INFO - [2022-12-10T21:32:05.558+0000] {dagbag.py:537} INFO - Filling up the DagBag from /home/airflow/.local/lib/python3.7/site-packages/airflow/example_dags/example_task_group.py
[2022-12-10T21:32:05.572+0000] {processor.py:766} INFO - DAG(s) dict_keys(['example_task_group']) retrieved from /home/airflow/.local/lib/python3.7/site-packages/airflow/example_dags/example_task_group.py
[2022-12-10T21:32:05.604+0000] {logging_mixin.py:137} INFO - [2022-12-10T21:32:05.604+0000] {dag.py:2585} INFO - Sync 1 DAGs
[2022-12-10T21:32:05.621+0000] {logging_mixin.py:137} INFO - [2022-12-10T21:32:05.621+0000] {dag.py:3340} INFO - Setting next_dagrun for example_task_group to 2022-12-09T21:32:05.621480+00:00, run_after=2022-12-10T21:32:05.621480+00:00
[2022-12-10T21:32:05.635+0000] {processor.py:176} INFO - Processing /home/airflow/.local/lib/python3.7/site-packages/airflow/example_dags/example_task_group.py took 0.082 seconds
[2022-12-10T22:56:10.484+0000] {processor.py:154} INFO - Started process (PID=48912) to work on /home/airflow/.local/lib/python3.7/site-packages/airflow/example_dags/example_task_group.py
[2022-12-10T22:56:10.487+0000] {processor.py:756} INFO - Processing file /home/airflow/.local/lib/python3.7/site-packages/airflow/example_dags/example_task_group.py for tasks to queue
[2022-12-10T22:56:10.489+0000] {logging_mixin.py:137} INFO - [2022-12-10T22:56:10.489+0000] {dagbag.py:537} INFO - Filling up the DagBag from /home/airflow/.local/lib/python3.7/site-packages/airflow/example_dags/example_task_group.py
[2022-12-10T22:56:10.500+0000] {processor.py:766} INFO - DAG(s) dict_keys(['example_task_group']) retrieved from /home/airflow/.local/lib/python3.7/site-packages/airflow/example_dags/example_task_group.py
[2022-12-10T22:56:10.539+0000] {logging_mixin.py:137} INFO - [2022-12-10T22:56:10.539+0000] {dag.py:2585} INFO - Sync 1 DAGs
[2022-12-10T22:56:10.555+0000] {logging_mixin.py:137} INFO - [2022-12-10T22:56:10.555+0000] {dag.py:3340} INFO - Setting next_dagrun for example_task_group to 2022-12-09T22:56:10.555168+00:00, run_after=2022-12-10T22:56:10.555168+00:00
[2022-12-10T22:56:10.567+0000] {processor.py:176} INFO - Processing /home/airflow/.local/lib/python3.7/site-packages/airflow/example_dags/example_task_group.py took 0.085 seconds
[2022-12-10T23:54:29.174+0000] {processor.py:154} INFO - Started process (PID=48979) to work on /home/airflow/.local/lib/python3.7/site-packages/airflow/example_dags/example_task_group.py
[2022-12-10T23:54:29.176+0000] {processor.py:756} INFO - Processing file /home/airflow/.local/lib/python3.7/site-packages/airflow/example_dags/example_task_group.py for tasks to queue
[2022-12-10T23:54:29.177+0000] {logging_mixin.py:137} INFO - [2022-12-10T23:54:29.177+0000] {dagbag.py:537} INFO - Filling up the DagBag from /home/airflow/.local/lib/python3.7/site-packages/airflow/example_dags/example_task_group.py
[2022-12-10T23:54:29.190+0000] {processor.py:766} INFO - DAG(s) dict_keys(['example_task_group']) retrieved from /home/airflow/.local/lib/python3.7/site-packages/airflow/example_dags/example_task_group.py
[2022-12-10T23:54:29.220+0000] {logging_mixin.py:137} INFO - [2022-12-10T23:54:29.220+0000] {dag.py:2585} INFO - Sync 1 DAGs
[2022-12-10T23:54:29.236+0000] {logging_mixin.py:137} INFO - [2022-12-10T23:54:29.236+0000] {dag.py:3340} INFO - Setting next_dagrun for example_task_group to 2022-12-09T23:54:29.236378+00:00, run_after=2022-12-10T23:54:29.236378+00:00
[2022-12-10T23:54:29.249+0000] {processor.py:176} INFO - Processing /home/airflow/.local/lib/python3.7/site-packages/airflow/example_dags/example_task_group.py took 0.077 seconds
