[2022-12-10T01:13:54.095+0000] {processor.py:154} INFO - Started process (PID=47933) to work on /home/airflow/.local/lib/python3.7/site-packages/airflow/example_dags/tutorial_taskflow_api_virtualenv.py
[2022-12-10T01:13:54.102+0000] {processor.py:756} INFO - Processing file /home/airflow/.local/lib/python3.7/site-packages/airflow/example_dags/tutorial_taskflow_api_virtualenv.py for tasks to queue
[2022-12-10T01:13:54.104+0000] {logging_mixin.py:137} INFO - [2022-12-10T01:13:54.103+0000] {dagbag.py:537} INFO - Filling up the DagBag from /home/airflow/.local/lib/python3.7/site-packages/airflow/example_dags/tutorial_taskflow_api_virtualenv.py
[2022-12-10T01:13:54.180+0000] {processor.py:766} INFO - DAG(s) dict_keys(['tutorial_taskflow_api_virtualenv']) retrieved from /home/airflow/.local/lib/python3.7/site-packages/airflow/example_dags/tutorial_taskflow_api_virtualenv.py
[2022-12-10T01:13:54.370+0000] {logging_mixin.py:137} INFO - [2022-12-10T01:13:54.370+0000] {dag.py:2585} INFO - Sync 1 DAGs
[2022-12-10T01:13:54.460+0000] {logging_mixin.py:137} INFO - [2022-12-10T01:13:54.460+0000] {dag.py:3340} INFO - Setting next_dagrun for tutorial_taskflow_api_virtualenv to None, run_after=None
[2022-12-10T01:13:54.541+0000] {processor.py:176} INFO - Processing /home/airflow/.local/lib/python3.7/site-packages/airflow/example_dags/tutorial_taskflow_api_virtualenv.py took 0.455 seconds
[2022-12-10T02:35:29.235+0000] {processor.py:154} INFO - Started process (PID=47992) to work on /home/airflow/.local/lib/python3.7/site-packages/airflow/example_dags/tutorial_taskflow_api_virtualenv.py
[2022-12-10T02:35:29.237+0000] {processor.py:756} INFO - Processing file /home/airflow/.local/lib/python3.7/site-packages/airflow/example_dags/tutorial_taskflow_api_virtualenv.py for tasks to queue
[2022-12-10T02:35:29.238+0000] {logging_mixin.py:137} INFO - [2022-12-10T02:35:29.238+0000] {dagbag.py:537} INFO - Filling up the DagBag from /home/airflow/.local/lib/python3.7/site-packages/airflow/example_dags/tutorial_taskflow_api_virtualenv.py
[2022-12-10T02:35:29.259+0000] {processor.py:766} INFO - DAG(s) dict_keys(['tutorial_taskflow_api_virtualenv']) retrieved from /home/airflow/.local/lib/python3.7/site-packages/airflow/example_dags/tutorial_taskflow_api_virtualenv.py
[2022-12-10T02:35:29.300+0000] {logging_mixin.py:137} INFO - [2022-12-10T02:35:29.300+0000] {dag.py:2585} INFO - Sync 1 DAGs
[2022-12-10T02:35:29.326+0000] {logging_mixin.py:137} INFO - [2022-12-10T02:35:29.326+0000] {dag.py:3340} INFO - Setting next_dagrun for tutorial_taskflow_api_virtualenv to None, run_after=None
[2022-12-10T02:35:29.343+0000] {processor.py:176} INFO - Processing /home/airflow/.local/lib/python3.7/site-packages/airflow/example_dags/tutorial_taskflow_api_virtualenv.py took 0.110 seconds
[2022-12-10T03:43:49.204+0000] {processor.py:154} INFO - Started process (PID=48057) to work on /home/airflow/.local/lib/python3.7/site-packages/airflow/example_dags/tutorial_taskflow_api_virtualenv.py
[2022-12-10T03:43:49.207+0000] {processor.py:756} INFO - Processing file /home/airflow/.local/lib/python3.7/site-packages/airflow/example_dags/tutorial_taskflow_api_virtualenv.py for tasks to queue
[2022-12-10T03:43:49.208+0000] {logging_mixin.py:137} INFO - [2022-12-10T03:43:49.208+0000] {dagbag.py:537} INFO - Filling up the DagBag from /home/airflow/.local/lib/python3.7/site-packages/airflow/example_dags/tutorial_taskflow_api_virtualenv.py
[2022-12-10T03:43:49.222+0000] {processor.py:766} INFO - DAG(s) dict_keys(['tutorial_taskflow_api_virtualenv']) retrieved from /home/airflow/.local/lib/python3.7/site-packages/airflow/example_dags/tutorial_taskflow_api_virtualenv.py
[2022-12-10T03:43:49.250+0000] {logging_mixin.py:137} INFO - [2022-12-10T03:43:49.250+0000] {dag.py:2585} INFO - Sync 1 DAGs
[2022-12-10T03:43:49.269+0000] {logging_mixin.py:137} INFO - [2022-12-10T03:43:49.269+0000] {dag.py:3340} INFO - Setting next_dagrun for tutorial_taskflow_api_virtualenv to None, run_after=None
[2022-12-10T03:43:49.282+0000] {processor.py:176} INFO - Processing /home/airflow/.local/lib/python3.7/site-packages/airflow/example_dags/tutorial_taskflow_api_virtualenv.py took 0.081 seconds
[2022-12-10T04:16:18.089+0000] {processor.py:154} INFO - Started process (PID=48124) to work on /home/airflow/.local/lib/python3.7/site-packages/airflow/example_dags/tutorial_taskflow_api_virtualenv.py
[2022-12-10T04:16:18.093+0000] {processor.py:756} INFO - Processing file /home/airflow/.local/lib/python3.7/site-packages/airflow/example_dags/tutorial_taskflow_api_virtualenv.py for tasks to queue
[2022-12-10T04:16:18.095+0000] {logging_mixin.py:137} INFO - [2022-12-10T04:16:18.095+0000] {dagbag.py:537} INFO - Filling up the DagBag from /home/airflow/.local/lib/python3.7/site-packages/airflow/example_dags/tutorial_taskflow_api_virtualenv.py
[2022-12-10T04:16:18.142+0000] {processor.py:766} INFO - DAG(s) dict_keys(['tutorial_taskflow_api_virtualenv']) retrieved from /home/airflow/.local/lib/python3.7/site-packages/airflow/example_dags/tutorial_taskflow_api_virtualenv.py
[2022-12-10T04:16:18.185+0000] {logging_mixin.py:137} INFO - [2022-12-10T04:16:18.185+0000] {dag.py:2585} INFO - Sync 1 DAGs
[2022-12-10T04:16:18.230+0000] {logging_mixin.py:137} INFO - [2022-12-10T04:16:18.230+0000] {dag.py:3340} INFO - Setting next_dagrun for tutorial_taskflow_api_virtualenv to None, run_after=None
[2022-12-10T04:16:18.267+0000] {processor.py:176} INFO - Processing /home/airflow/.local/lib/python3.7/site-packages/airflow/example_dags/tutorial_taskflow_api_virtualenv.py took 0.184 seconds
[2022-12-10T05:54:52.496+0000] {processor.py:154} INFO - Started process (PID=48183) to work on /home/airflow/.local/lib/python3.7/site-packages/airflow/example_dags/tutorial_taskflow_api_virtualenv.py
[2022-12-10T05:54:52.501+0000] {processor.py:756} INFO - Processing file /home/airflow/.local/lib/python3.7/site-packages/airflow/example_dags/tutorial_taskflow_api_virtualenv.py for tasks to queue
[2022-12-10T05:54:52.504+0000] {logging_mixin.py:137} INFO - [2022-12-10T05:54:52.504+0000] {dagbag.py:537} INFO - Filling up the DagBag from /home/airflow/.local/lib/python3.7/site-packages/airflow/example_dags/tutorial_taskflow_api_virtualenv.py
[2022-12-10T05:54:52.540+0000] {processor.py:766} INFO - DAG(s) dict_keys(['tutorial_taskflow_api_virtualenv']) retrieved from /home/airflow/.local/lib/python3.7/site-packages/airflow/example_dags/tutorial_taskflow_api_virtualenv.py
[2022-12-10T05:54:52.597+0000] {logging_mixin.py:137} INFO - [2022-12-10T05:54:52.597+0000] {dag.py:2585} INFO - Sync 1 DAGs
[2022-12-10T05:54:52.624+0000] {logging_mixin.py:137} INFO - [2022-12-10T05:54:52.624+0000] {dag.py:3340} INFO - Setting next_dagrun for tutorial_taskflow_api_virtualenv to None, run_after=None
[2022-12-10T05:54:52.648+0000] {processor.py:176} INFO - Processing /home/airflow/.local/lib/python3.7/site-packages/airflow/example_dags/tutorial_taskflow_api_virtualenv.py took 0.156 seconds
[2022-12-10T07:18:15.317+0000] {processor.py:154} INFO - Started process (PID=48251) to work on /home/airflow/.local/lib/python3.7/site-packages/airflow/example_dags/tutorial_taskflow_api_virtualenv.py
[2022-12-10T07:18:15.319+0000] {processor.py:756} INFO - Processing file /home/airflow/.local/lib/python3.7/site-packages/airflow/example_dags/tutorial_taskflow_api_virtualenv.py for tasks to queue
[2022-12-10T07:18:15.321+0000] {logging_mixin.py:137} INFO - [2022-12-10T07:18:15.321+0000] {dagbag.py:537} INFO - Filling up the DagBag from /home/airflow/.local/lib/python3.7/site-packages/airflow/example_dags/tutorial_taskflow_api_virtualenv.py
[2022-12-10T07:18:15.370+0000] {processor.py:766} INFO - DAG(s) dict_keys(['tutorial_taskflow_api_virtualenv']) retrieved from /home/airflow/.local/lib/python3.7/site-packages/airflow/example_dags/tutorial_taskflow_api_virtualenv.py
[2022-12-10T07:18:15.467+0000] {logging_mixin.py:137} INFO - [2022-12-10T07:18:15.467+0000] {dag.py:2585} INFO - Sync 1 DAGs
[2022-12-10T07:18:15.520+0000] {logging_mixin.py:137} INFO - [2022-12-10T07:18:15.520+0000] {dag.py:3340} INFO - Setting next_dagrun for tutorial_taskflow_api_virtualenv to None, run_after=None
[2022-12-10T07:18:15.557+0000] {processor.py:176} INFO - Processing /home/airflow/.local/lib/python3.7/site-packages/airflow/example_dags/tutorial_taskflow_api_virtualenv.py took 0.248 seconds
[2022-12-10T08:58:56.922+0000] {processor.py:154} INFO - Started process (PID=48319) to work on /home/airflow/.local/lib/python3.7/site-packages/airflow/example_dags/tutorial_taskflow_api_virtualenv.py
[2022-12-10T08:58:56.925+0000] {processor.py:756} INFO - Processing file /home/airflow/.local/lib/python3.7/site-packages/airflow/example_dags/tutorial_taskflow_api_virtualenv.py for tasks to queue
[2022-12-10T08:58:56.928+0000] {logging_mixin.py:137} INFO - [2022-12-10T08:58:56.928+0000] {dagbag.py:537} INFO - Filling up the DagBag from /home/airflow/.local/lib/python3.7/site-packages/airflow/example_dags/tutorial_taskflow_api_virtualenv.py
[2022-12-10T08:58:56.951+0000] {processor.py:766} INFO - DAG(s) dict_keys(['tutorial_taskflow_api_virtualenv']) retrieved from /home/airflow/.local/lib/python3.7/site-packages/airflow/example_dags/tutorial_taskflow_api_virtualenv.py
[2022-12-10T08:58:56.993+0000] {logging_mixin.py:137} INFO - [2022-12-10T08:58:56.993+0000] {dag.py:2585} INFO - Sync 1 DAGs
[2022-12-10T08:58:57.016+0000] {logging_mixin.py:137} INFO - [2022-12-10T08:58:57.016+0000] {dag.py:3340} INFO - Setting next_dagrun for tutorial_taskflow_api_virtualenv to None, run_after=None
[2022-12-10T08:58:57.036+0000] {processor.py:176} INFO - Processing /home/airflow/.local/lib/python3.7/site-packages/airflow/example_dags/tutorial_taskflow_api_virtualenv.py took 0.118 seconds
[2022-12-10T10:34:16.423+0000] {processor.py:154} INFO - Started process (PID=48386) to work on /home/airflow/.local/lib/python3.7/site-packages/airflow/example_dags/tutorial_taskflow_api_virtualenv.py
[2022-12-10T10:34:16.426+0000] {processor.py:756} INFO - Processing file /home/airflow/.local/lib/python3.7/site-packages/airflow/example_dags/tutorial_taskflow_api_virtualenv.py for tasks to queue
[2022-12-10T10:34:16.429+0000] {logging_mixin.py:137} INFO - [2022-12-10T10:34:16.428+0000] {dagbag.py:537} INFO - Filling up the DagBag from /home/airflow/.local/lib/python3.7/site-packages/airflow/example_dags/tutorial_taskflow_api_virtualenv.py
[2022-12-10T10:34:16.495+0000] {processor.py:766} INFO - DAG(s) dict_keys(['tutorial_taskflow_api_virtualenv']) retrieved from /home/airflow/.local/lib/python3.7/site-packages/airflow/example_dags/tutorial_taskflow_api_virtualenv.py
[2022-12-10T10:34:16.582+0000] {logging_mixin.py:137} INFO - [2022-12-10T10:34:16.582+0000] {dag.py:2585} INFO - Sync 1 DAGs
[2022-12-10T10:34:16.635+0000] {logging_mixin.py:137} INFO - [2022-12-10T10:34:16.635+0000] {dag.py:3340} INFO - Setting next_dagrun for tutorial_taskflow_api_virtualenv to None, run_after=None
[2022-12-10T10:34:16.712+0000] {processor.py:176} INFO - Processing /home/airflow/.local/lib/python3.7/site-packages/airflow/example_dags/tutorial_taskflow_api_virtualenv.py took 0.298 seconds
[2022-12-10T11:57:23.547+0000] {processor.py:154} INFO - Started process (PID=48454) to work on /home/airflow/.local/lib/python3.7/site-packages/airflow/example_dags/tutorial_taskflow_api_virtualenv.py
[2022-12-10T11:57:23.550+0000] {processor.py:756} INFO - Processing file /home/airflow/.local/lib/python3.7/site-packages/airflow/example_dags/tutorial_taskflow_api_virtualenv.py for tasks to queue
[2022-12-10T11:57:23.552+0000] {logging_mixin.py:137} INFO - [2022-12-10T11:57:23.552+0000] {dagbag.py:537} INFO - Filling up the DagBag from /home/airflow/.local/lib/python3.7/site-packages/airflow/example_dags/tutorial_taskflow_api_virtualenv.py
[2022-12-10T11:57:23.575+0000] {processor.py:766} INFO - DAG(s) dict_keys(['tutorial_taskflow_api_virtualenv']) retrieved from /home/airflow/.local/lib/python3.7/site-packages/airflow/example_dags/tutorial_taskflow_api_virtualenv.py
[2022-12-10T11:57:23.622+0000] {logging_mixin.py:137} INFO - [2022-12-10T11:57:23.622+0000] {dag.py:2585} INFO - Sync 1 DAGs
[2022-12-10T11:57:23.651+0000] {logging_mixin.py:137} INFO - [2022-12-10T11:57:23.651+0000] {dag.py:3340} INFO - Setting next_dagrun for tutorial_taskflow_api_virtualenv to None, run_after=None
[2022-12-10T11:57:23.669+0000] {processor.py:176} INFO - Processing /home/airflow/.local/lib/python3.7/site-packages/airflow/example_dags/tutorial_taskflow_api_virtualenv.py took 0.126 seconds
[2022-12-10T13:36:24.101+0000] {processor.py:154} INFO - Started process (PID=48511) to work on /home/airflow/.local/lib/python3.7/site-packages/airflow/example_dags/tutorial_taskflow_api_virtualenv.py
[2022-12-10T13:36:24.103+0000] {processor.py:756} INFO - Processing file /home/airflow/.local/lib/python3.7/site-packages/airflow/example_dags/tutorial_taskflow_api_virtualenv.py for tasks to queue
[2022-12-10T13:36:24.105+0000] {logging_mixin.py:137} INFO - [2022-12-10T13:36:24.105+0000] {dagbag.py:537} INFO - Filling up the DagBag from /home/airflow/.local/lib/python3.7/site-packages/airflow/example_dags/tutorial_taskflow_api_virtualenv.py
[2022-12-10T13:36:24.134+0000] {processor.py:766} INFO - DAG(s) dict_keys(['tutorial_taskflow_api_virtualenv']) retrieved from /home/airflow/.local/lib/python3.7/site-packages/airflow/example_dags/tutorial_taskflow_api_virtualenv.py
[2022-12-10T13:36:24.195+0000] {logging_mixin.py:137} INFO - [2022-12-10T13:36:24.195+0000] {dag.py:2585} INFO - Sync 1 DAGs
[2022-12-10T13:36:24.230+0000] {logging_mixin.py:137} INFO - [2022-12-10T13:36:24.230+0000] {dag.py:3340} INFO - Setting next_dagrun for tutorial_taskflow_api_virtualenv to None, run_after=None
[2022-12-10T13:36:24.256+0000] {processor.py:176} INFO - Processing /home/airflow/.local/lib/python3.7/site-packages/airflow/example_dags/tutorial_taskflow_api_virtualenv.py took 0.159 seconds
[2022-12-10T15:01:34.003+0000] {processor.py:154} INFO - Started process (PID=48578) to work on /home/airflow/.local/lib/python3.7/site-packages/airflow/example_dags/tutorial_taskflow_api_virtualenv.py
[2022-12-10T15:01:34.007+0000] {processor.py:756} INFO - Processing file /home/airflow/.local/lib/python3.7/site-packages/airflow/example_dags/tutorial_taskflow_api_virtualenv.py for tasks to queue
[2022-12-10T15:01:34.008+0000] {logging_mixin.py:137} INFO - [2022-12-10T15:01:34.008+0000] {dagbag.py:537} INFO - Filling up the DagBag from /home/airflow/.local/lib/python3.7/site-packages/airflow/example_dags/tutorial_taskflow_api_virtualenv.py
[2022-12-10T15:01:34.025+0000] {processor.py:766} INFO - DAG(s) dict_keys(['tutorial_taskflow_api_virtualenv']) retrieved from /home/airflow/.local/lib/python3.7/site-packages/airflow/example_dags/tutorial_taskflow_api_virtualenv.py
[2022-12-10T15:01:34.058+0000] {logging_mixin.py:137} INFO - [2022-12-10T15:01:34.058+0000] {dag.py:2585} INFO - Sync 1 DAGs
[2022-12-10T15:01:34.073+0000] {logging_mixin.py:137} INFO - [2022-12-10T15:01:34.073+0000] {dag.py:3340} INFO - Setting next_dagrun for tutorial_taskflow_api_virtualenv to None, run_after=None
[2022-12-10T15:01:34.087+0000] {processor.py:176} INFO - Processing /home/airflow/.local/lib/python3.7/site-packages/airflow/example_dags/tutorial_taskflow_api_virtualenv.py took 0.086 seconds
[2022-12-10T16:44:39.949+0000] {processor.py:154} INFO - Started process (PID=48648) to work on /home/airflow/.local/lib/python3.7/site-packages/airflow/example_dags/tutorial_taskflow_api_virtualenv.py
[2022-12-10T16:44:39.952+0000] {processor.py:756} INFO - Processing file /home/airflow/.local/lib/python3.7/site-packages/airflow/example_dags/tutorial_taskflow_api_virtualenv.py for tasks to queue
[2022-12-10T16:44:39.954+0000] {logging_mixin.py:137} INFO - [2022-12-10T16:44:39.954+0000] {dagbag.py:537} INFO - Filling up the DagBag from /home/airflow/.local/lib/python3.7/site-packages/airflow/example_dags/tutorial_taskflow_api_virtualenv.py
[2022-12-10T16:44:39.976+0000] {processor.py:766} INFO - DAG(s) dict_keys(['tutorial_taskflow_api_virtualenv']) retrieved from /home/airflow/.local/lib/python3.7/site-packages/airflow/example_dags/tutorial_taskflow_api_virtualenv.py
[2022-12-10T16:44:40.025+0000] {logging_mixin.py:137} INFO - [2022-12-10T16:44:40.024+0000] {dag.py:2585} INFO - Sync 1 DAGs
[2022-12-10T16:44:40.053+0000] {logging_mixin.py:137} INFO - [2022-12-10T16:44:40.053+0000] {dag.py:3340} INFO - Setting next_dagrun for tutorial_taskflow_api_virtualenv to None, run_after=None
[2022-12-10T16:44:40.076+0000] {processor.py:176} INFO - Processing /home/airflow/.local/lib/python3.7/site-packages/airflow/example_dags/tutorial_taskflow_api_virtualenv.py took 0.132 seconds
[2022-12-10T18:09:51.053+0000] {processor.py:154} INFO - Started process (PID=48715) to work on /home/airflow/.local/lib/python3.7/site-packages/airflow/example_dags/tutorial_taskflow_api_virtualenv.py
[2022-12-10T18:09:51.058+0000] {processor.py:756} INFO - Processing file /home/airflow/.local/lib/python3.7/site-packages/airflow/example_dags/tutorial_taskflow_api_virtualenv.py for tasks to queue
[2022-12-10T18:09:51.064+0000] {logging_mixin.py:137} INFO - [2022-12-10T18:09:51.064+0000] {dagbag.py:537} INFO - Filling up the DagBag from /home/airflow/.local/lib/python3.7/site-packages/airflow/example_dags/tutorial_taskflow_api_virtualenv.py
[2022-12-10T18:09:51.114+0000] {processor.py:766} INFO - DAG(s) dict_keys(['tutorial_taskflow_api_virtualenv']) retrieved from /home/airflow/.local/lib/python3.7/site-packages/airflow/example_dags/tutorial_taskflow_api_virtualenv.py
[2022-12-10T18:09:51.247+0000] {logging_mixin.py:137} INFO - [2022-12-10T18:09:51.244+0000] {dag.py:2585} INFO - Sync 1 DAGs
[2022-12-10T18:09:51.284+0000] {logging_mixin.py:137} INFO - [2022-12-10T18:09:51.284+0000] {dag.py:3340} INFO - Setting next_dagrun for tutorial_taskflow_api_virtualenv to None, run_after=None
[2022-12-10T18:09:51.334+0000] {processor.py:176} INFO - Processing /home/airflow/.local/lib/python3.7/site-packages/airflow/example_dags/tutorial_taskflow_api_virtualenv.py took 0.287 seconds
[2022-12-10T19:51:55.402+0000] {processor.py:154} INFO - Started process (PID=48772) to work on /home/airflow/.local/lib/python3.7/site-packages/airflow/example_dags/tutorial_taskflow_api_virtualenv.py
[2022-12-10T19:51:55.405+0000] {processor.py:756} INFO - Processing file /home/airflow/.local/lib/python3.7/site-packages/airflow/example_dags/tutorial_taskflow_api_virtualenv.py for tasks to queue
[2022-12-10T19:51:55.409+0000] {logging_mixin.py:137} INFO - [2022-12-10T19:51:55.409+0000] {dagbag.py:537} INFO - Filling up the DagBag from /home/airflow/.local/lib/python3.7/site-packages/airflow/example_dags/tutorial_taskflow_api_virtualenv.py
[2022-12-10T19:51:55.449+0000] {processor.py:766} INFO - DAG(s) dict_keys(['tutorial_taskflow_api_virtualenv']) retrieved from /home/airflow/.local/lib/python3.7/site-packages/airflow/example_dags/tutorial_taskflow_api_virtualenv.py
[2022-12-10T19:51:55.531+0000] {logging_mixin.py:137} INFO - [2022-12-10T19:51:55.531+0000] {dag.py:2585} INFO - Sync 1 DAGs
[2022-12-10T19:51:55.608+0000] {logging_mixin.py:137} INFO - [2022-12-10T19:51:55.608+0000] {dag.py:3340} INFO - Setting next_dagrun for tutorial_taskflow_api_virtualenv to None, run_after=None
[2022-12-10T19:51:55.650+0000] {processor.py:176} INFO - Processing /home/airflow/.local/lib/python3.7/site-packages/airflow/example_dags/tutorial_taskflow_api_virtualenv.py took 0.251 seconds
[2022-12-10T21:32:05.054+0000] {processor.py:154} INFO - Started process (PID=48838) to work on /home/airflow/.local/lib/python3.7/site-packages/airflow/example_dags/tutorial_taskflow_api_virtualenv.py
[2022-12-10T21:32:05.056+0000] {processor.py:756} INFO - Processing file /home/airflow/.local/lib/python3.7/site-packages/airflow/example_dags/tutorial_taskflow_api_virtualenv.py for tasks to queue
[2022-12-10T21:32:05.058+0000] {logging_mixin.py:137} INFO - [2022-12-10T21:32:05.057+0000] {dagbag.py:537} INFO - Filling up the DagBag from /home/airflow/.local/lib/python3.7/site-packages/airflow/example_dags/tutorial_taskflow_api_virtualenv.py
[2022-12-10T21:32:05.094+0000] {processor.py:766} INFO - DAG(s) dict_keys(['tutorial_taskflow_api_virtualenv']) retrieved from /home/airflow/.local/lib/python3.7/site-packages/airflow/example_dags/tutorial_taskflow_api_virtualenv.py
[2022-12-10T21:32:05.217+0000] {logging_mixin.py:137} INFO - [2022-12-10T21:32:05.217+0000] {dag.py:2585} INFO - Sync 1 DAGs
[2022-12-10T21:32:05.263+0000] {logging_mixin.py:137} INFO - [2022-12-10T21:32:05.263+0000] {dag.py:3340} INFO - Setting next_dagrun for tutorial_taskflow_api_virtualenv to None, run_after=None
[2022-12-10T21:32:05.287+0000] {processor.py:176} INFO - Processing /home/airflow/.local/lib/python3.7/site-packages/airflow/example_dags/tutorial_taskflow_api_virtualenv.py took 0.236 seconds
[2022-12-10T22:56:09.344+0000] {processor.py:154} INFO - Started process (PID=48906) to work on /home/airflow/.local/lib/python3.7/site-packages/airflow/example_dags/tutorial_taskflow_api_virtualenv.py
[2022-12-10T22:56:09.346+0000] {processor.py:756} INFO - Processing file /home/airflow/.local/lib/python3.7/site-packages/airflow/example_dags/tutorial_taskflow_api_virtualenv.py for tasks to queue
[2022-12-10T22:56:09.348+0000] {logging_mixin.py:137} INFO - [2022-12-10T22:56:09.348+0000] {dagbag.py:537} INFO - Filling up the DagBag from /home/airflow/.local/lib/python3.7/site-packages/airflow/example_dags/tutorial_taskflow_api_virtualenv.py
[2022-12-10T22:56:09.387+0000] {processor.py:766} INFO - DAG(s) dict_keys(['tutorial_taskflow_api_virtualenv']) retrieved from /home/airflow/.local/lib/python3.7/site-packages/airflow/example_dags/tutorial_taskflow_api_virtualenv.py
[2022-12-10T22:56:09.435+0000] {logging_mixin.py:137} INFO - [2022-12-10T22:56:09.435+0000] {dag.py:2585} INFO - Sync 1 DAGs
[2022-12-10T22:56:09.463+0000] {logging_mixin.py:137} INFO - [2022-12-10T22:56:09.463+0000] {dag.py:3340} INFO - Setting next_dagrun for tutorial_taskflow_api_virtualenv to None, run_after=None
[2022-12-10T22:56:09.487+0000] {processor.py:176} INFO - Processing /home/airflow/.local/lib/python3.7/site-packages/airflow/example_dags/tutorial_taskflow_api_virtualenv.py took 0.146 seconds
[2022-12-10T23:54:28.634+0000] {processor.py:154} INFO - Started process (PID=48973) to work on /home/airflow/.local/lib/python3.7/site-packages/airflow/example_dags/tutorial_taskflow_api_virtualenv.py
[2022-12-10T23:54:28.636+0000] {processor.py:756} INFO - Processing file /home/airflow/.local/lib/python3.7/site-packages/airflow/example_dags/tutorial_taskflow_api_virtualenv.py for tasks to queue
[2022-12-10T23:54:28.639+0000] {logging_mixin.py:137} INFO - [2022-12-10T23:54:28.638+0000] {dagbag.py:537} INFO - Filling up the DagBag from /home/airflow/.local/lib/python3.7/site-packages/airflow/example_dags/tutorial_taskflow_api_virtualenv.py
[2022-12-10T23:54:28.666+0000] {processor.py:766} INFO - DAG(s) dict_keys(['tutorial_taskflow_api_virtualenv']) retrieved from /home/airflow/.local/lib/python3.7/site-packages/airflow/example_dags/tutorial_taskflow_api_virtualenv.py
[2022-12-10T23:54:28.727+0000] {logging_mixin.py:137} INFO - [2022-12-10T23:54:28.727+0000] {dag.py:2585} INFO - Sync 1 DAGs
[2022-12-10T23:54:28.751+0000] {logging_mixin.py:137} INFO - [2022-12-10T23:54:28.751+0000] {dag.py:3340} INFO - Setting next_dagrun for tutorial_taskflow_api_virtualenv to None, run_after=None
[2022-12-10T23:54:28.768+0000] {processor.py:176} INFO - Processing /home/airflow/.local/lib/python3.7/site-packages/airflow/example_dags/tutorial_taskflow_api_virtualenv.py took 0.138 seconds
