[2022-12-10T01:13:57.192+0000] {processor.py:154} INFO - Started process (PID=47957) to work on /home/airflow/.local/lib/python3.7/site-packages/airflow/example_dags/tutorial_taskflow_api.py
[2022-12-10T01:13:57.194+0000] {processor.py:756} INFO - Processing file /home/airflow/.local/lib/python3.7/site-packages/airflow/example_dags/tutorial_taskflow_api.py for tasks to queue
[2022-12-10T01:13:57.195+0000] {logging_mixin.py:137} INFO - [2022-12-10T01:13:57.195+0000] {dagbag.py:537} INFO - Filling up the DagBag from /home/airflow/.local/lib/python3.7/site-packages/airflow/example_dags/tutorial_taskflow_api.py
[2022-12-10T01:13:57.209+0000] {processor.py:766} INFO - DAG(s) dict_keys(['tutorial_taskflow_api']) retrieved from /home/airflow/.local/lib/python3.7/site-packages/airflow/example_dags/tutorial_taskflow_api.py
[2022-12-10T01:13:57.241+0000] {logging_mixin.py:137} INFO - [2022-12-10T01:13:57.241+0000] {dag.py:2585} INFO - Sync 1 DAGs
[2022-12-10T01:13:57.258+0000] {logging_mixin.py:137} INFO - [2022-12-10T01:13:57.258+0000] {dag.py:3340} INFO - Setting next_dagrun for tutorial_taskflow_api to None, run_after=None
[2022-12-10T01:13:57.272+0000] {processor.py:176} INFO - Processing /home/airflow/.local/lib/python3.7/site-packages/airflow/example_dags/tutorial_taskflow_api.py took 0.082 seconds
[2022-12-10T02:35:30.732+0000] {processor.py:154} INFO - Started process (PID=48014) to work on /home/airflow/.local/lib/python3.7/site-packages/airflow/example_dags/tutorial_taskflow_api.py
[2022-12-10T02:35:30.735+0000] {processor.py:756} INFO - Processing file /home/airflow/.local/lib/python3.7/site-packages/airflow/example_dags/tutorial_taskflow_api.py for tasks to queue
[2022-12-10T02:35:30.736+0000] {logging_mixin.py:137} INFO - [2022-12-10T02:35:30.736+0000] {dagbag.py:537} INFO - Filling up the DagBag from /home/airflow/.local/lib/python3.7/site-packages/airflow/example_dags/tutorial_taskflow_api.py
[2022-12-10T02:35:30.760+0000] {processor.py:766} INFO - DAG(s) dict_keys(['tutorial_taskflow_api']) retrieved from /home/airflow/.local/lib/python3.7/site-packages/airflow/example_dags/tutorial_taskflow_api.py
[2022-12-10T02:35:30.808+0000] {logging_mixin.py:137} INFO - [2022-12-10T02:35:30.807+0000] {dag.py:2585} INFO - Sync 1 DAGs
[2022-12-10T02:35:30.849+0000] {logging_mixin.py:137} INFO - [2022-12-10T02:35:30.849+0000] {dag.py:3340} INFO - Setting next_dagrun for tutorial_taskflow_api to None, run_after=None
[2022-12-10T02:35:30.870+0000] {processor.py:176} INFO - Processing /home/airflow/.local/lib/python3.7/site-packages/airflow/example_dags/tutorial_taskflow_api.py took 0.144 seconds
[2022-12-10T03:43:51.604+0000] {processor.py:154} INFO - Started process (PID=48079) to work on /home/airflow/.local/lib/python3.7/site-packages/airflow/example_dags/tutorial_taskflow_api.py
[2022-12-10T03:43:51.606+0000] {processor.py:756} INFO - Processing file /home/airflow/.local/lib/python3.7/site-packages/airflow/example_dags/tutorial_taskflow_api.py for tasks to queue
[2022-12-10T03:43:51.607+0000] {logging_mixin.py:137} INFO - [2022-12-10T03:43:51.607+0000] {dagbag.py:537} INFO - Filling up the DagBag from /home/airflow/.local/lib/python3.7/site-packages/airflow/example_dags/tutorial_taskflow_api.py
[2022-12-10T03:43:51.624+0000] {processor.py:766} INFO - DAG(s) dict_keys(['tutorial_taskflow_api']) retrieved from /home/airflow/.local/lib/python3.7/site-packages/airflow/example_dags/tutorial_taskflow_api.py
[2022-12-10T03:43:51.655+0000] {logging_mixin.py:137} INFO - [2022-12-10T03:43:51.655+0000] {dag.py:2585} INFO - Sync 1 DAGs
[2022-12-10T03:43:51.673+0000] {logging_mixin.py:137} INFO - [2022-12-10T03:43:51.673+0000] {dag.py:3340} INFO - Setting next_dagrun for tutorial_taskflow_api to None, run_after=None
[2022-12-10T03:43:51.687+0000] {processor.py:176} INFO - Processing /home/airflow/.local/lib/python3.7/site-packages/airflow/example_dags/tutorial_taskflow_api.py took 0.086 seconds
[2022-12-10T04:16:20.268+0000] {processor.py:154} INFO - Started process (PID=48146) to work on /home/airflow/.local/lib/python3.7/site-packages/airflow/example_dags/tutorial_taskflow_api.py
[2022-12-10T04:16:20.270+0000] {processor.py:756} INFO - Processing file /home/airflow/.local/lib/python3.7/site-packages/airflow/example_dags/tutorial_taskflow_api.py for tasks to queue
[2022-12-10T04:16:20.272+0000] {logging_mixin.py:137} INFO - [2022-12-10T04:16:20.271+0000] {dagbag.py:537} INFO - Filling up the DagBag from /home/airflow/.local/lib/python3.7/site-packages/airflow/example_dags/tutorial_taskflow_api.py
[2022-12-10T04:16:20.288+0000] {processor.py:766} INFO - DAG(s) dict_keys(['tutorial_taskflow_api']) retrieved from /home/airflow/.local/lib/python3.7/site-packages/airflow/example_dags/tutorial_taskflow_api.py
[2022-12-10T04:16:20.322+0000] {logging_mixin.py:137} INFO - [2022-12-10T04:16:20.322+0000] {dag.py:2585} INFO - Sync 1 DAGs
[2022-12-10T04:16:20.340+0000] {logging_mixin.py:137} INFO - [2022-12-10T04:16:20.340+0000] {dag.py:3340} INFO - Setting next_dagrun for tutorial_taskflow_api to None, run_after=None
[2022-12-10T04:16:20.353+0000] {processor.py:176} INFO - Processing /home/airflow/.local/lib/python3.7/site-packages/airflow/example_dags/tutorial_taskflow_api.py took 0.089 seconds
[2022-12-10T05:54:54.365+0000] {processor.py:154} INFO - Started process (PID=48214) to work on /home/airflow/.local/lib/python3.7/site-packages/airflow/example_dags/tutorial_taskflow_api.py
[2022-12-10T05:54:54.367+0000] {processor.py:756} INFO - Processing file /home/airflow/.local/lib/python3.7/site-packages/airflow/example_dags/tutorial_taskflow_api.py for tasks to queue
[2022-12-10T05:54:54.368+0000] {logging_mixin.py:137} INFO - [2022-12-10T05:54:54.368+0000] {dagbag.py:537} INFO - Filling up the DagBag from /home/airflow/.local/lib/python3.7/site-packages/airflow/example_dags/tutorial_taskflow_api.py
[2022-12-10T05:54:54.384+0000] {processor.py:766} INFO - DAG(s) dict_keys(['tutorial_taskflow_api']) retrieved from /home/airflow/.local/lib/python3.7/site-packages/airflow/example_dags/tutorial_taskflow_api.py
[2022-12-10T05:54:54.414+0000] {logging_mixin.py:137} INFO - [2022-12-10T05:54:54.414+0000] {dag.py:2585} INFO - Sync 1 DAGs
[2022-12-10T05:54:54.430+0000] {logging_mixin.py:137} INFO - [2022-12-10T05:54:54.429+0000] {dag.py:3340} INFO - Setting next_dagrun for tutorial_taskflow_api to None, run_after=None
[2022-12-10T05:54:54.443+0000] {processor.py:176} INFO - Processing /home/airflow/.local/lib/python3.7/site-packages/airflow/example_dags/tutorial_taskflow_api.py took 0.081 seconds
[2022-12-10T07:18:17.015+0000] {processor.py:154} INFO - Started process (PID=48273) to work on /home/airflow/.local/lib/python3.7/site-packages/airflow/example_dags/tutorial_taskflow_api.py
[2022-12-10T07:18:17.017+0000] {processor.py:756} INFO - Processing file /home/airflow/.local/lib/python3.7/site-packages/airflow/example_dags/tutorial_taskflow_api.py for tasks to queue
[2022-12-10T07:18:17.018+0000] {logging_mixin.py:137} INFO - [2022-12-10T07:18:17.018+0000] {dagbag.py:537} INFO - Filling up the DagBag from /home/airflow/.local/lib/python3.7/site-packages/airflow/example_dags/tutorial_taskflow_api.py
[2022-12-10T07:18:17.037+0000] {processor.py:766} INFO - DAG(s) dict_keys(['tutorial_taskflow_api']) retrieved from /home/airflow/.local/lib/python3.7/site-packages/airflow/example_dags/tutorial_taskflow_api.py
[2022-12-10T07:18:17.070+0000] {logging_mixin.py:137} INFO - [2022-12-10T07:18:17.070+0000] {dag.py:2585} INFO - Sync 1 DAGs
[2022-12-10T07:18:17.087+0000] {logging_mixin.py:137} INFO - [2022-12-10T07:18:17.087+0000] {dag.py:3340} INFO - Setting next_dagrun for tutorial_taskflow_api to None, run_after=None
[2022-12-10T07:18:17.101+0000] {processor.py:176} INFO - Processing /home/airflow/.local/lib/python3.7/site-packages/airflow/example_dags/tutorial_taskflow_api.py took 0.090 seconds
[2022-12-10T08:58:59.081+0000] {processor.py:154} INFO - Started process (PID=48341) to work on /home/airflow/.local/lib/python3.7/site-packages/airflow/example_dags/tutorial_taskflow_api.py
[2022-12-10T08:58:59.084+0000] {processor.py:756} INFO - Processing file /home/airflow/.local/lib/python3.7/site-packages/airflow/example_dags/tutorial_taskflow_api.py for tasks to queue
[2022-12-10T08:58:59.089+0000] {logging_mixin.py:137} INFO - [2022-12-10T08:58:59.089+0000] {dagbag.py:537} INFO - Filling up the DagBag from /home/airflow/.local/lib/python3.7/site-packages/airflow/example_dags/tutorial_taskflow_api.py
[2022-12-10T08:58:59.108+0000] {processor.py:766} INFO - DAG(s) dict_keys(['tutorial_taskflow_api']) retrieved from /home/airflow/.local/lib/python3.7/site-packages/airflow/example_dags/tutorial_taskflow_api.py
[2022-12-10T08:58:59.146+0000] {logging_mixin.py:137} INFO - [2022-12-10T08:58:59.146+0000] {dag.py:2585} INFO - Sync 1 DAGs
[2022-12-10T08:58:59.169+0000] {logging_mixin.py:137} INFO - [2022-12-10T08:58:59.169+0000] {dag.py:3340} INFO - Setting next_dagrun for tutorial_taskflow_api to None, run_after=None
[2022-12-10T08:58:59.184+0000] {processor.py:176} INFO - Processing /home/airflow/.local/lib/python3.7/site-packages/airflow/example_dags/tutorial_taskflow_api.py took 0.107 seconds
[2022-12-10T10:34:18.292+0000] {processor.py:154} INFO - Started process (PID=48408) to work on /home/airflow/.local/lib/python3.7/site-packages/airflow/example_dags/tutorial_taskflow_api.py
[2022-12-10T10:34:18.294+0000] {processor.py:756} INFO - Processing file /home/airflow/.local/lib/python3.7/site-packages/airflow/example_dags/tutorial_taskflow_api.py for tasks to queue
[2022-12-10T10:34:18.295+0000] {logging_mixin.py:137} INFO - [2022-12-10T10:34:18.295+0000] {dagbag.py:537} INFO - Filling up the DagBag from /home/airflow/.local/lib/python3.7/site-packages/airflow/example_dags/tutorial_taskflow_api.py
[2022-12-10T10:34:18.308+0000] {processor.py:766} INFO - DAG(s) dict_keys(['tutorial_taskflow_api']) retrieved from /home/airflow/.local/lib/python3.7/site-packages/airflow/example_dags/tutorial_taskflow_api.py
[2022-12-10T10:34:18.338+0000] {logging_mixin.py:137} INFO - [2022-12-10T10:34:18.338+0000] {dag.py:2585} INFO - Sync 1 DAGs
[2022-12-10T10:34:18.353+0000] {logging_mixin.py:137} INFO - [2022-12-10T10:34:18.353+0000] {dag.py:3340} INFO - Setting next_dagrun for tutorial_taskflow_api to None, run_after=None
[2022-12-10T10:34:18.365+0000] {processor.py:176} INFO - Processing /home/airflow/.local/lib/python3.7/site-packages/airflow/example_dags/tutorial_taskflow_api.py took 0.076 seconds
[2022-12-10T11:57:25.725+0000] {processor.py:154} INFO - Started process (PID=48476) to work on /home/airflow/.local/lib/python3.7/site-packages/airflow/example_dags/tutorial_taskflow_api.py
[2022-12-10T11:57:25.727+0000] {processor.py:756} INFO - Processing file /home/airflow/.local/lib/python3.7/site-packages/airflow/example_dags/tutorial_taskflow_api.py for tasks to queue
[2022-12-10T11:57:25.729+0000] {logging_mixin.py:137} INFO - [2022-12-10T11:57:25.729+0000] {dagbag.py:537} INFO - Filling up the DagBag from /home/airflow/.local/lib/python3.7/site-packages/airflow/example_dags/tutorial_taskflow_api.py
[2022-12-10T11:57:25.747+0000] {processor.py:766} INFO - DAG(s) dict_keys(['tutorial_taskflow_api']) retrieved from /home/airflow/.local/lib/python3.7/site-packages/airflow/example_dags/tutorial_taskflow_api.py
[2022-12-10T11:57:25.782+0000] {logging_mixin.py:137} INFO - [2022-12-10T11:57:25.782+0000] {dag.py:2585} INFO - Sync 1 DAGs
[2022-12-10T11:57:25.799+0000] {logging_mixin.py:137} INFO - [2022-12-10T11:57:25.799+0000] {dag.py:3340} INFO - Setting next_dagrun for tutorial_taskflow_api to None, run_after=None
[2022-12-10T11:57:25.814+0000] {processor.py:176} INFO - Processing /home/airflow/.local/lib/python3.7/site-packages/airflow/example_dags/tutorial_taskflow_api.py took 0.091 seconds
[2022-12-10T13:36:25.912+0000] {processor.py:154} INFO - Started process (PID=48543) to work on /home/airflow/.local/lib/python3.7/site-packages/airflow/example_dags/tutorial_taskflow_api.py
[2022-12-10T13:36:25.914+0000] {processor.py:756} INFO - Processing file /home/airflow/.local/lib/python3.7/site-packages/airflow/example_dags/tutorial_taskflow_api.py for tasks to queue
[2022-12-10T13:36:25.916+0000] {logging_mixin.py:137} INFO - [2022-12-10T13:36:25.916+0000] {dagbag.py:537} INFO - Filling up the DagBag from /home/airflow/.local/lib/python3.7/site-packages/airflow/example_dags/tutorial_taskflow_api.py
[2022-12-10T13:36:25.937+0000] {processor.py:766} INFO - DAG(s) dict_keys(['tutorial_taskflow_api']) retrieved from /home/airflow/.local/lib/python3.7/site-packages/airflow/example_dags/tutorial_taskflow_api.py
[2022-12-10T13:36:25.970+0000] {logging_mixin.py:137} INFO - [2022-12-10T13:36:25.970+0000] {dag.py:2585} INFO - Sync 1 DAGs
[2022-12-10T13:36:25.992+0000] {logging_mixin.py:137} INFO - [2022-12-10T13:36:25.992+0000] {dag.py:3340} INFO - Setting next_dagrun for tutorial_taskflow_api to None, run_after=None
[2022-12-10T13:36:26.007+0000] {processor.py:176} INFO - Processing /home/airflow/.local/lib/python3.7/site-packages/airflow/example_dags/tutorial_taskflow_api.py took 0.099 seconds
[2022-12-10T15:01:35.581+0000] {processor.py:154} INFO - Started process (PID=48600) to work on /home/airflow/.local/lib/python3.7/site-packages/airflow/example_dags/tutorial_taskflow_api.py
[2022-12-10T15:01:35.583+0000] {processor.py:756} INFO - Processing file /home/airflow/.local/lib/python3.7/site-packages/airflow/example_dags/tutorial_taskflow_api.py for tasks to queue
[2022-12-10T15:01:35.585+0000] {logging_mixin.py:137} INFO - [2022-12-10T15:01:35.585+0000] {dagbag.py:537} INFO - Filling up the DagBag from /home/airflow/.local/lib/python3.7/site-packages/airflow/example_dags/tutorial_taskflow_api.py
[2022-12-10T15:01:35.601+0000] {processor.py:766} INFO - DAG(s) dict_keys(['tutorial_taskflow_api']) retrieved from /home/airflow/.local/lib/python3.7/site-packages/airflow/example_dags/tutorial_taskflow_api.py
[2022-12-10T15:01:35.643+0000] {logging_mixin.py:137} INFO - [2022-12-10T15:01:35.643+0000] {dag.py:2585} INFO - Sync 1 DAGs
[2022-12-10T15:01:35.669+0000] {logging_mixin.py:137} INFO - [2022-12-10T15:01:35.669+0000] {dag.py:3340} INFO - Setting next_dagrun for tutorial_taskflow_api to None, run_after=None
[2022-12-10T15:01:35.686+0000] {processor.py:176} INFO - Processing /home/airflow/.local/lib/python3.7/site-packages/airflow/example_dags/tutorial_taskflow_api.py took 0.108 seconds
[2022-12-10T16:44:41.704+0000] {processor.py:154} INFO - Started process (PID=48670) to work on /home/airflow/.local/lib/python3.7/site-packages/airflow/example_dags/tutorial_taskflow_api.py
[2022-12-10T16:44:41.705+0000] {processor.py:756} INFO - Processing file /home/airflow/.local/lib/python3.7/site-packages/airflow/example_dags/tutorial_taskflow_api.py for tasks to queue
[2022-12-10T16:44:41.706+0000] {logging_mixin.py:137} INFO - [2022-12-10T16:44:41.706+0000] {dagbag.py:537} INFO - Filling up the DagBag from /home/airflow/.local/lib/python3.7/site-packages/airflow/example_dags/tutorial_taskflow_api.py
[2022-12-10T16:44:41.720+0000] {processor.py:766} INFO - DAG(s) dict_keys(['tutorial_taskflow_api']) retrieved from /home/airflow/.local/lib/python3.7/site-packages/airflow/example_dags/tutorial_taskflow_api.py
[2022-12-10T16:44:41.753+0000] {logging_mixin.py:137} INFO - [2022-12-10T16:44:41.753+0000] {dag.py:2585} INFO - Sync 1 DAGs
[2022-12-10T16:44:41.767+0000] {logging_mixin.py:137} INFO - [2022-12-10T16:44:41.767+0000] {dag.py:3340} INFO - Setting next_dagrun for tutorial_taskflow_api to None, run_after=None
[2022-12-10T16:44:41.780+0000] {processor.py:176} INFO - Processing /home/airflow/.local/lib/python3.7/site-packages/airflow/example_dags/tutorial_taskflow_api.py took 0.078 seconds
[2022-12-10T18:09:53.075+0000] {processor.py:154} INFO - Started process (PID=48737) to work on /home/airflow/.local/lib/python3.7/site-packages/airflow/example_dags/tutorial_taskflow_api.py
[2022-12-10T18:09:53.078+0000] {processor.py:756} INFO - Processing file /home/airflow/.local/lib/python3.7/site-packages/airflow/example_dags/tutorial_taskflow_api.py for tasks to queue
[2022-12-10T18:09:53.079+0000] {logging_mixin.py:137} INFO - [2022-12-10T18:09:53.079+0000] {dagbag.py:537} INFO - Filling up the DagBag from /home/airflow/.local/lib/python3.7/site-packages/airflow/example_dags/tutorial_taskflow_api.py
[2022-12-10T18:09:53.094+0000] {processor.py:766} INFO - DAG(s) dict_keys(['tutorial_taskflow_api']) retrieved from /home/airflow/.local/lib/python3.7/site-packages/airflow/example_dags/tutorial_taskflow_api.py
[2022-12-10T18:09:53.128+0000] {logging_mixin.py:137} INFO - [2022-12-10T18:09:53.128+0000] {dag.py:2585} INFO - Sync 1 DAGs
[2022-12-10T18:09:53.145+0000] {logging_mixin.py:137} INFO - [2022-12-10T18:09:53.145+0000] {dag.py:3340} INFO - Setting next_dagrun for tutorial_taskflow_api to None, run_after=None
[2022-12-10T18:09:53.158+0000] {processor.py:176} INFO - Processing /home/airflow/.local/lib/python3.7/site-packages/airflow/example_dags/tutorial_taskflow_api.py took 0.085 seconds
[2022-12-10T19:51:57.861+0000] {processor.py:154} INFO - Started process (PID=48802) to work on /home/airflow/.local/lib/python3.7/site-packages/airflow/example_dags/tutorial_taskflow_api.py
[2022-12-10T19:51:57.863+0000] {processor.py:756} INFO - Processing file /home/airflow/.local/lib/python3.7/site-packages/airflow/example_dags/tutorial_taskflow_api.py for tasks to queue
[2022-12-10T19:51:57.864+0000] {logging_mixin.py:137} INFO - [2022-12-10T19:51:57.864+0000] {dagbag.py:537} INFO - Filling up the DagBag from /home/airflow/.local/lib/python3.7/site-packages/airflow/example_dags/tutorial_taskflow_api.py
[2022-12-10T19:51:57.880+0000] {processor.py:766} INFO - DAG(s) dict_keys(['tutorial_taskflow_api']) retrieved from /home/airflow/.local/lib/python3.7/site-packages/airflow/example_dags/tutorial_taskflow_api.py
[2022-12-10T19:51:57.912+0000] {logging_mixin.py:137} INFO - [2022-12-10T19:51:57.912+0000] {dag.py:2585} INFO - Sync 1 DAGs
[2022-12-10T19:51:57.931+0000] {logging_mixin.py:137} INFO - [2022-12-10T19:51:57.931+0000] {dag.py:3340} INFO - Setting next_dagrun for tutorial_taskflow_api to None, run_after=None
[2022-12-10T19:51:57.945+0000] {processor.py:176} INFO - Processing /home/airflow/.local/lib/python3.7/site-packages/airflow/example_dags/tutorial_taskflow_api.py took 0.087 seconds
[2022-12-10T21:32:06.548+0000] {processor.py:154} INFO - Started process (PID=48860) to work on /home/airflow/.local/lib/python3.7/site-packages/airflow/example_dags/tutorial_taskflow_api.py
[2022-12-10T21:32:06.550+0000] {processor.py:756} INFO - Processing file /home/airflow/.local/lib/python3.7/site-packages/airflow/example_dags/tutorial_taskflow_api.py for tasks to queue
[2022-12-10T21:32:06.552+0000] {logging_mixin.py:137} INFO - [2022-12-10T21:32:06.551+0000] {dagbag.py:537} INFO - Filling up the DagBag from /home/airflow/.local/lib/python3.7/site-packages/airflow/example_dags/tutorial_taskflow_api.py
[2022-12-10T21:32:06.565+0000] {processor.py:766} INFO - DAG(s) dict_keys(['tutorial_taskflow_api']) retrieved from /home/airflow/.local/lib/python3.7/site-packages/airflow/example_dags/tutorial_taskflow_api.py
[2022-12-10T21:32:06.594+0000] {logging_mixin.py:137} INFO - [2022-12-10T21:32:06.594+0000] {dag.py:2585} INFO - Sync 1 DAGs
[2022-12-10T21:32:06.610+0000] {logging_mixin.py:137} INFO - [2022-12-10T21:32:06.610+0000] {dag.py:3340} INFO - Setting next_dagrun for tutorial_taskflow_api to None, run_after=None
[2022-12-10T21:32:06.621+0000] {processor.py:176} INFO - Processing /home/airflow/.local/lib/python3.7/site-packages/airflow/example_dags/tutorial_taskflow_api.py took 0.075 seconds
[2022-12-10T22:56:11.611+0000] {processor.py:154} INFO - Started process (PID=48928) to work on /home/airflow/.local/lib/python3.7/site-packages/airflow/example_dags/tutorial_taskflow_api.py
[2022-12-10T22:56:11.618+0000] {processor.py:756} INFO - Processing file /home/airflow/.local/lib/python3.7/site-packages/airflow/example_dags/tutorial_taskflow_api.py for tasks to queue
[2022-12-10T22:56:11.628+0000] {logging_mixin.py:137} INFO - [2022-12-10T22:56:11.628+0000] {dagbag.py:537} INFO - Filling up the DagBag from /home/airflow/.local/lib/python3.7/site-packages/airflow/example_dags/tutorial_taskflow_api.py
[2022-12-10T22:56:11.691+0000] {processor.py:766} INFO - DAG(s) dict_keys(['tutorial_taskflow_api']) retrieved from /home/airflow/.local/lib/python3.7/site-packages/airflow/example_dags/tutorial_taskflow_api.py
[2022-12-10T22:56:11.757+0000] {logging_mixin.py:137} INFO - [2022-12-10T22:56:11.757+0000] {dag.py:2585} INFO - Sync 1 DAGs
[2022-12-10T22:56:11.778+0000] {logging_mixin.py:137} INFO - [2022-12-10T22:56:11.778+0000] {dag.py:3340} INFO - Setting next_dagrun for tutorial_taskflow_api to None, run_after=None
[2022-12-10T22:56:11.799+0000] {processor.py:176} INFO - Processing /home/airflow/.local/lib/python3.7/site-packages/airflow/example_dags/tutorial_taskflow_api.py took 0.199 seconds
[2022-12-10T23:54:30.178+0000] {processor.py:154} INFO - Started process (PID=48995) to work on /home/airflow/.local/lib/python3.7/site-packages/airflow/example_dags/tutorial_taskflow_api.py
[2022-12-10T23:54:30.180+0000] {processor.py:756} INFO - Processing file /home/airflow/.local/lib/python3.7/site-packages/airflow/example_dags/tutorial_taskflow_api.py for tasks to queue
[2022-12-10T23:54:30.184+0000] {logging_mixin.py:137} INFO - [2022-12-10T23:54:30.184+0000] {dagbag.py:537} INFO - Filling up the DagBag from /home/airflow/.local/lib/python3.7/site-packages/airflow/example_dags/tutorial_taskflow_api.py
[2022-12-10T23:54:30.205+0000] {processor.py:766} INFO - DAG(s) dict_keys(['tutorial_taskflow_api']) retrieved from /home/airflow/.local/lib/python3.7/site-packages/airflow/example_dags/tutorial_taskflow_api.py
[2022-12-10T23:54:30.241+0000] {logging_mixin.py:137} INFO - [2022-12-10T23:54:30.241+0000] {dag.py:2585} INFO - Sync 1 DAGs
[2022-12-10T23:54:30.264+0000] {logging_mixin.py:137} INFO - [2022-12-10T23:54:30.264+0000] {dag.py:3340} INFO - Setting next_dagrun for tutorial_taskflow_api to None, run_after=None
[2022-12-10T23:54:30.281+0000] {processor.py:176} INFO - Processing /home/airflow/.local/lib/python3.7/site-packages/airflow/example_dags/tutorial_taskflow_api.py took 0.106 seconds
