[2022-12-10T01:13:54.843+0000] {processor.py:154} INFO - Started process (PID=47934) to work on /home/airflow/.local/lib/python3.7/site-packages/airflow/example_dags/tutorial.py
[2022-12-10T01:13:54.871+0000] {processor.py:756} INFO - Processing file /home/airflow/.local/lib/python3.7/site-packages/airflow/example_dags/tutorial.py for tasks to queue
[2022-12-10T01:13:54.875+0000] {logging_mixin.py:137} INFO - [2022-12-10T01:13:54.873+0000] {dagbag.py:537} INFO - Filling up the DagBag from /home/airflow/.local/lib/python3.7/site-packages/airflow/example_dags/tutorial.py
[2022-12-10T01:13:54.938+0000] {processor.py:766} INFO - DAG(s) dict_keys(['tutorial']) retrieved from /home/airflow/.local/lib/python3.7/site-packages/airflow/example_dags/tutorial.py
[2022-12-10T01:13:55.154+0000] {logging_mixin.py:137} INFO - [2022-12-10T01:13:55.154+0000] {dag.py:2585} INFO - Sync 1 DAGs
[2022-12-10T01:13:55.246+0000] {logging_mixin.py:137} INFO - [2022-12-10T01:13:55.246+0000] {dag.py:3340} INFO - Setting next_dagrun for tutorial to 2022-12-09T01:13:55.246531+00:00, run_after=2022-12-10T01:13:55.246531+00:00
[2022-12-10T01:13:55.301+0000] {processor.py:176} INFO - Processing /home/airflow/.local/lib/python3.7/site-packages/airflow/example_dags/tutorial.py took 0.467 seconds
[2022-12-10T02:35:29.274+0000] {processor.py:154} INFO - Started process (PID=47993) to work on /home/airflow/.local/lib/python3.7/site-packages/airflow/example_dags/tutorial.py
[2022-12-10T02:35:29.276+0000] {processor.py:756} INFO - Processing file /home/airflow/.local/lib/python3.7/site-packages/airflow/example_dags/tutorial.py for tasks to queue
[2022-12-10T02:35:29.278+0000] {logging_mixin.py:137} INFO - [2022-12-10T02:35:29.278+0000] {dagbag.py:537} INFO - Filling up the DagBag from /home/airflow/.local/lib/python3.7/site-packages/airflow/example_dags/tutorial.py
[2022-12-10T02:35:29.292+0000] {processor.py:766} INFO - DAG(s) dict_keys(['tutorial']) retrieved from /home/airflow/.local/lib/python3.7/site-packages/airflow/example_dags/tutorial.py
[2022-12-10T02:35:29.338+0000] {logging_mixin.py:137} INFO - [2022-12-10T02:35:29.337+0000] {dag.py:2585} INFO - Sync 1 DAGs
[2022-12-10T02:35:29.355+0000] {logging_mixin.py:137} INFO - [2022-12-10T02:35:29.355+0000] {dag.py:3340} INFO - Setting next_dagrun for tutorial to 2022-12-09T02:35:29.355327+00:00, run_after=2022-12-10T02:35:29.355327+00:00
[2022-12-10T02:35:29.371+0000] {processor.py:176} INFO - Processing /home/airflow/.local/lib/python3.7/site-packages/airflow/example_dags/tutorial.py took 0.102 seconds
[2022-12-10T03:43:49.310+0000] {processor.py:154} INFO - Started process (PID=48058) to work on /home/airflow/.local/lib/python3.7/site-packages/airflow/example_dags/tutorial.py
[2022-12-10T03:43:49.312+0000] {processor.py:756} INFO - Processing file /home/airflow/.local/lib/python3.7/site-packages/airflow/example_dags/tutorial.py for tasks to queue
[2022-12-10T03:43:49.313+0000] {logging_mixin.py:137} INFO - [2022-12-10T03:43:49.313+0000] {dagbag.py:537} INFO - Filling up the DagBag from /home/airflow/.local/lib/python3.7/site-packages/airflow/example_dags/tutorial.py
[2022-12-10T03:43:49.326+0000] {processor.py:766} INFO - DAG(s) dict_keys(['tutorial']) retrieved from /home/airflow/.local/lib/python3.7/site-packages/airflow/example_dags/tutorial.py
[2022-12-10T03:43:49.356+0000] {logging_mixin.py:137} INFO - [2022-12-10T03:43:49.355+0000] {dag.py:2585} INFO - Sync 1 DAGs
[2022-12-10T03:43:49.372+0000] {logging_mixin.py:137} INFO - [2022-12-10T03:43:49.372+0000] {dag.py:3340} INFO - Setting next_dagrun for tutorial to 2022-12-09T03:43:49.371876+00:00, run_after=2022-12-10T03:43:49.371876+00:00
[2022-12-10T03:43:49.386+0000] {processor.py:176} INFO - Processing /home/airflow/.local/lib/python3.7/site-packages/airflow/example_dags/tutorial.py took 0.078 seconds
[2022-12-10T04:16:18.151+0000] {processor.py:154} INFO - Started process (PID=48125) to work on /home/airflow/.local/lib/python3.7/site-packages/airflow/example_dags/tutorial.py
[2022-12-10T04:16:18.156+0000] {processor.py:756} INFO - Processing file /home/airflow/.local/lib/python3.7/site-packages/airflow/example_dags/tutorial.py for tasks to queue
[2022-12-10T04:16:18.159+0000] {logging_mixin.py:137} INFO - [2022-12-10T04:16:18.158+0000] {dagbag.py:537} INFO - Filling up the DagBag from /home/airflow/.local/lib/python3.7/site-packages/airflow/example_dags/tutorial.py
[2022-12-10T04:16:18.195+0000] {processor.py:766} INFO - DAG(s) dict_keys(['tutorial']) retrieved from /home/airflow/.local/lib/python3.7/site-packages/airflow/example_dags/tutorial.py
[2022-12-10T04:16:18.263+0000] {logging_mixin.py:137} INFO - [2022-12-10T04:16:18.263+0000] {dag.py:2585} INFO - Sync 1 DAGs
[2022-12-10T04:16:18.294+0000] {logging_mixin.py:137} INFO - [2022-12-10T04:16:18.294+0000] {dag.py:3340} INFO - Setting next_dagrun for tutorial to 2022-12-09T04:16:18.294540+00:00, run_after=2022-12-10T04:16:18.294540+00:00
[2022-12-10T04:16:18.313+0000] {processor.py:176} INFO - Processing /home/airflow/.local/lib/python3.7/site-packages/airflow/example_dags/tutorial.py took 0.165 seconds
[2022-12-10T05:54:52.697+0000] {processor.py:154} INFO - Started process (PID=48184) to work on /home/airflow/.local/lib/python3.7/site-packages/airflow/example_dags/tutorial.py
[2022-12-10T05:54:52.704+0000] {processor.py:756} INFO - Processing file /home/airflow/.local/lib/python3.7/site-packages/airflow/example_dags/tutorial.py for tasks to queue
[2022-12-10T05:54:52.710+0000] {logging_mixin.py:137} INFO - [2022-12-10T05:54:52.710+0000] {dagbag.py:537} INFO - Filling up the DagBag from /home/airflow/.local/lib/python3.7/site-packages/airflow/example_dags/tutorial.py
[2022-12-10T05:54:52.742+0000] {processor.py:766} INFO - DAG(s) dict_keys(['tutorial']) retrieved from /home/airflow/.local/lib/python3.7/site-packages/airflow/example_dags/tutorial.py
[2022-12-10T05:54:52.814+0000] {logging_mixin.py:137} INFO - [2022-12-10T05:54:52.814+0000] {dag.py:2585} INFO - Sync 1 DAGs
[2022-12-10T05:54:52.841+0000] {logging_mixin.py:137} INFO - [2022-12-10T05:54:52.840+0000] {dag.py:3340} INFO - Setting next_dagrun for tutorial to 2022-12-09T05:54:52.840711+00:00, run_after=2022-12-10T05:54:52.840711+00:00
[2022-12-10T05:54:52.861+0000] {processor.py:176} INFO - Processing /home/airflow/.local/lib/python3.7/site-packages/airflow/example_dags/tutorial.py took 0.173 seconds
[2022-12-10T07:18:15.348+0000] {processor.py:154} INFO - Started process (PID=48252) to work on /home/airflow/.local/lib/python3.7/site-packages/airflow/example_dags/tutorial.py
[2022-12-10T07:18:15.353+0000] {processor.py:756} INFO - Processing file /home/airflow/.local/lib/python3.7/site-packages/airflow/example_dags/tutorial.py for tasks to queue
[2022-12-10T07:18:15.356+0000] {logging_mixin.py:137} INFO - [2022-12-10T07:18:15.356+0000] {dagbag.py:537} INFO - Filling up the DagBag from /home/airflow/.local/lib/python3.7/site-packages/airflow/example_dags/tutorial.py
[2022-12-10T07:18:15.387+0000] {processor.py:766} INFO - DAG(s) dict_keys(['tutorial']) retrieved from /home/airflow/.local/lib/python3.7/site-packages/airflow/example_dags/tutorial.py
[2022-12-10T07:18:15.473+0000] {logging_mixin.py:137} INFO - [2022-12-10T07:18:15.473+0000] {dag.py:2585} INFO - Sync 1 DAGs
[2022-12-10T07:18:15.518+0000] {logging_mixin.py:137} INFO - [2022-12-10T07:18:15.518+0000] {dag.py:3340} INFO - Setting next_dagrun for tutorial to 2022-12-09T07:18:15.518226+00:00, run_after=2022-12-10T07:18:15.518226+00:00
[2022-12-10T07:18:15.552+0000] {processor.py:176} INFO - Processing /home/airflow/.local/lib/python3.7/site-packages/airflow/example_dags/tutorial.py took 0.209 seconds
[2022-12-10T08:58:57.073+0000] {processor.py:154} INFO - Started process (PID=48320) to work on /home/airflow/.local/lib/python3.7/site-packages/airflow/example_dags/tutorial.py
[2022-12-10T08:58:57.074+0000] {processor.py:756} INFO - Processing file /home/airflow/.local/lib/python3.7/site-packages/airflow/example_dags/tutorial.py for tasks to queue
[2022-12-10T08:58:57.079+0000] {logging_mixin.py:137} INFO - [2022-12-10T08:58:57.078+0000] {dagbag.py:537} INFO - Filling up the DagBag from /home/airflow/.local/lib/python3.7/site-packages/airflow/example_dags/tutorial.py
[2022-12-10T08:58:57.103+0000] {processor.py:766} INFO - DAG(s) dict_keys(['tutorial']) retrieved from /home/airflow/.local/lib/python3.7/site-packages/airflow/example_dags/tutorial.py
[2022-12-10T08:58:57.155+0000] {logging_mixin.py:137} INFO - [2022-12-10T08:58:57.155+0000] {dag.py:2585} INFO - Sync 1 DAGs
[2022-12-10T08:58:57.185+0000] {logging_mixin.py:137} INFO - [2022-12-10T08:58:57.185+0000] {dag.py:3340} INFO - Setting next_dagrun for tutorial to 2022-12-09T08:58:57.184819+00:00, run_after=2022-12-10T08:58:57.184819+00:00
[2022-12-10T08:58:57.209+0000] {processor.py:176} INFO - Processing /home/airflow/.local/lib/python3.7/site-packages/airflow/example_dags/tutorial.py took 0.140 seconds
[2022-12-10T10:34:16.450+0000] {processor.py:154} INFO - Started process (PID=48387) to work on /home/airflow/.local/lib/python3.7/site-packages/airflow/example_dags/tutorial.py
[2022-12-10T10:34:16.453+0000] {processor.py:756} INFO - Processing file /home/airflow/.local/lib/python3.7/site-packages/airflow/example_dags/tutorial.py for tasks to queue
[2022-12-10T10:34:16.455+0000] {logging_mixin.py:137} INFO - [2022-12-10T10:34:16.455+0000] {dagbag.py:537} INFO - Filling up the DagBag from /home/airflow/.local/lib/python3.7/site-packages/airflow/example_dags/tutorial.py
[2022-12-10T10:34:16.489+0000] {processor.py:766} INFO - DAG(s) dict_keys(['tutorial']) retrieved from /home/airflow/.local/lib/python3.7/site-packages/airflow/example_dags/tutorial.py
[2022-12-10T10:34:16.562+0000] {logging_mixin.py:137} INFO - [2022-12-10T10:34:16.561+0000] {dag.py:2585} INFO - Sync 1 DAGs
[2022-12-10T10:34:16.591+0000] {logging_mixin.py:137} INFO - [2022-12-10T10:34:16.591+0000] {dag.py:3340} INFO - Setting next_dagrun for tutorial to 2022-12-09T10:34:16.591462+00:00, run_after=2022-12-10T10:34:16.591462+00:00
[2022-12-10T10:34:16.611+0000] {processor.py:176} INFO - Processing /home/airflow/.local/lib/python3.7/site-packages/airflow/example_dags/tutorial.py took 0.178 seconds
[2022-12-10T11:57:23.703+0000] {processor.py:154} INFO - Started process (PID=48455) to work on /home/airflow/.local/lib/python3.7/site-packages/airflow/example_dags/tutorial.py
[2022-12-10T11:57:23.706+0000] {processor.py:756} INFO - Processing file /home/airflow/.local/lib/python3.7/site-packages/airflow/example_dags/tutorial.py for tasks to queue
[2022-12-10T11:57:23.708+0000] {logging_mixin.py:137} INFO - [2022-12-10T11:57:23.707+0000] {dagbag.py:537} INFO - Filling up the DagBag from /home/airflow/.local/lib/python3.7/site-packages/airflow/example_dags/tutorial.py
[2022-12-10T11:57:23.729+0000] {processor.py:766} INFO - DAG(s) dict_keys(['tutorial']) retrieved from /home/airflow/.local/lib/python3.7/site-packages/airflow/example_dags/tutorial.py
[2022-12-10T11:57:23.810+0000] {logging_mixin.py:137} INFO - [2022-12-10T11:57:23.810+0000] {dag.py:2585} INFO - Sync 1 DAGs
[2022-12-10T11:57:23.845+0000] {logging_mixin.py:137} INFO - [2022-12-10T11:57:23.845+0000] {dag.py:3340} INFO - Setting next_dagrun for tutorial to 2022-12-09T11:57:23.845287+00:00, run_after=2022-12-10T11:57:23.845287+00:00
[2022-12-10T11:57:23.885+0000] {processor.py:176} INFO - Processing /home/airflow/.local/lib/python3.7/site-packages/airflow/example_dags/tutorial.py took 0.184 seconds
[2022-12-10T13:36:24.295+0000] {processor.py:154} INFO - Started process (PID=48512) to work on /home/airflow/.local/lib/python3.7/site-packages/airflow/example_dags/tutorial.py
[2022-12-10T13:36:24.298+0000] {processor.py:756} INFO - Processing file /home/airflow/.local/lib/python3.7/site-packages/airflow/example_dags/tutorial.py for tasks to queue
[2022-12-10T13:36:24.302+0000] {logging_mixin.py:137} INFO - [2022-12-10T13:36:24.302+0000] {dagbag.py:537} INFO - Filling up the DagBag from /home/airflow/.local/lib/python3.7/site-packages/airflow/example_dags/tutorial.py
[2022-12-10T13:36:24.323+0000] {processor.py:766} INFO - DAG(s) dict_keys(['tutorial']) retrieved from /home/airflow/.local/lib/python3.7/site-packages/airflow/example_dags/tutorial.py
[2022-12-10T13:36:24.363+0000] {logging_mixin.py:137} INFO - [2022-12-10T13:36:24.363+0000] {dag.py:2585} INFO - Sync 1 DAGs
[2022-12-10T13:36:24.390+0000] {logging_mixin.py:137} INFO - [2022-12-10T13:36:24.390+0000] {dag.py:3340} INFO - Setting next_dagrun for tutorial to 2022-12-09T13:36:24.390001+00:00, run_after=2022-12-10T13:36:24.390001+00:00
[2022-12-10T13:36:24.413+0000] {processor.py:176} INFO - Processing /home/airflow/.local/lib/python3.7/site-packages/airflow/example_dags/tutorial.py took 0.126 seconds
[2022-12-10T15:01:34.112+0000] {processor.py:154} INFO - Started process (PID=48579) to work on /home/airflow/.local/lib/python3.7/site-packages/airflow/example_dags/tutorial.py
[2022-12-10T15:01:34.114+0000] {processor.py:756} INFO - Processing file /home/airflow/.local/lib/python3.7/site-packages/airflow/example_dags/tutorial.py for tasks to queue
[2022-12-10T15:01:34.115+0000] {logging_mixin.py:137} INFO - [2022-12-10T15:01:34.115+0000] {dagbag.py:537} INFO - Filling up the DagBag from /home/airflow/.local/lib/python3.7/site-packages/airflow/example_dags/tutorial.py
[2022-12-10T15:01:34.127+0000] {processor.py:766} INFO - DAG(s) dict_keys(['tutorial']) retrieved from /home/airflow/.local/lib/python3.7/site-packages/airflow/example_dags/tutorial.py
[2022-12-10T15:01:34.160+0000] {logging_mixin.py:137} INFO - [2022-12-10T15:01:34.160+0000] {dag.py:2585} INFO - Sync 1 DAGs
[2022-12-10T15:01:34.178+0000] {logging_mixin.py:137} INFO - [2022-12-10T15:01:34.178+0000] {dag.py:3340} INFO - Setting next_dagrun for tutorial to 2022-12-09T15:01:34.178155+00:00, run_after=2022-12-10T15:01:34.178155+00:00
[2022-12-10T15:01:34.192+0000] {processor.py:176} INFO - Processing /home/airflow/.local/lib/python3.7/site-packages/airflow/example_dags/tutorial.py took 0.083 seconds
[2022-12-10T16:44:40.115+0000] {processor.py:154} INFO - Started process (PID=48649) to work on /home/airflow/.local/lib/python3.7/site-packages/airflow/example_dags/tutorial.py
[2022-12-10T16:44:40.117+0000] {processor.py:756} INFO - Processing file /home/airflow/.local/lib/python3.7/site-packages/airflow/example_dags/tutorial.py for tasks to queue
[2022-12-10T16:44:40.120+0000] {logging_mixin.py:137} INFO - [2022-12-10T16:44:40.120+0000] {dagbag.py:537} INFO - Filling up the DagBag from /home/airflow/.local/lib/python3.7/site-packages/airflow/example_dags/tutorial.py
[2022-12-10T16:44:40.139+0000] {processor.py:766} INFO - DAG(s) dict_keys(['tutorial']) retrieved from /home/airflow/.local/lib/python3.7/site-packages/airflow/example_dags/tutorial.py
[2022-12-10T16:44:40.194+0000] {logging_mixin.py:137} INFO - [2022-12-10T16:44:40.194+0000] {dag.py:2585} INFO - Sync 1 DAGs
[2022-12-10T16:44:40.221+0000] {logging_mixin.py:137} INFO - [2022-12-10T16:44:40.221+0000] {dag.py:3340} INFO - Setting next_dagrun for tutorial to 2022-12-09T16:44:40.221396+00:00, run_after=2022-12-10T16:44:40.221396+00:00
[2022-12-10T16:44:40.245+0000] {processor.py:176} INFO - Processing /home/airflow/.local/lib/python3.7/site-packages/airflow/example_dags/tutorial.py took 0.134 seconds
[2022-12-10T18:09:51.095+0000] {processor.py:154} INFO - Started process (PID=48716) to work on /home/airflow/.local/lib/python3.7/site-packages/airflow/example_dags/tutorial.py
[2022-12-10T18:09:51.101+0000] {processor.py:756} INFO - Processing file /home/airflow/.local/lib/python3.7/site-packages/airflow/example_dags/tutorial.py for tasks to queue
[2022-12-10T18:09:51.105+0000] {logging_mixin.py:137} INFO - [2022-12-10T18:09:51.104+0000] {dagbag.py:537} INFO - Filling up the DagBag from /home/airflow/.local/lib/python3.7/site-packages/airflow/example_dags/tutorial.py
[2022-12-10T18:09:51.151+0000] {processor.py:766} INFO - DAG(s) dict_keys(['tutorial']) retrieved from /home/airflow/.local/lib/python3.7/site-packages/airflow/example_dags/tutorial.py
[2022-12-10T18:09:51.276+0000] {logging_mixin.py:137} INFO - [2022-12-10T18:09:51.276+0000] {dag.py:2585} INFO - Sync 1 DAGs
[2022-12-10T18:09:51.321+0000] {logging_mixin.py:137} INFO - [2022-12-10T18:09:51.321+0000] {dag.py:3340} INFO - Setting next_dagrun for tutorial to 2022-12-09T18:09:51.320574+00:00, run_after=2022-12-10T18:09:51.320574+00:00
[2022-12-10T18:09:51.431+0000] {processor.py:176} INFO - Processing /home/airflow/.local/lib/python3.7/site-packages/airflow/example_dags/tutorial.py took 0.339 seconds
[2022-12-10T19:51:55.413+0000] {processor.py:154} INFO - Started process (PID=48773) to work on /home/airflow/.local/lib/python3.7/site-packages/airflow/example_dags/tutorial.py
[2022-12-10T19:51:55.419+0000] {processor.py:756} INFO - Processing file /home/airflow/.local/lib/python3.7/site-packages/airflow/example_dags/tutorial.py for tasks to queue
[2022-12-10T19:51:55.421+0000] {logging_mixin.py:137} INFO - [2022-12-10T19:51:55.421+0000] {dagbag.py:537} INFO - Filling up the DagBag from /home/airflow/.local/lib/python3.7/site-packages/airflow/example_dags/tutorial.py
[2022-12-10T19:51:55.462+0000] {processor.py:766} INFO - DAG(s) dict_keys(['tutorial']) retrieved from /home/airflow/.local/lib/python3.7/site-packages/airflow/example_dags/tutorial.py
[2022-12-10T19:51:55.563+0000] {logging_mixin.py:137} INFO - [2022-12-10T19:51:55.563+0000] {dag.py:2585} INFO - Sync 1 DAGs
[2022-12-10T19:51:55.634+0000] {logging_mixin.py:137} INFO - [2022-12-10T19:51:55.634+0000] {dag.py:3340} INFO - Setting next_dagrun for tutorial to 2022-12-09T19:51:55.634445+00:00, run_after=2022-12-10T19:51:55.634445+00:00
[2022-12-10T19:51:55.693+0000] {processor.py:176} INFO - Processing /home/airflow/.local/lib/python3.7/site-packages/airflow/example_dags/tutorial.py took 0.283 seconds
[2022-12-10T21:32:05.123+0000] {processor.py:154} INFO - Started process (PID=48839) to work on /home/airflow/.local/lib/python3.7/site-packages/airflow/example_dags/tutorial.py
[2022-12-10T21:32:05.127+0000] {processor.py:756} INFO - Processing file /home/airflow/.local/lib/python3.7/site-packages/airflow/example_dags/tutorial.py for tasks to queue
[2022-12-10T21:32:05.130+0000] {logging_mixin.py:137} INFO - [2022-12-10T21:32:05.130+0000] {dagbag.py:537} INFO - Filling up the DagBag from /home/airflow/.local/lib/python3.7/site-packages/airflow/example_dags/tutorial.py
[2022-12-10T21:32:05.176+0000] {processor.py:766} INFO - DAG(s) dict_keys(['tutorial']) retrieved from /home/airflow/.local/lib/python3.7/site-packages/airflow/example_dags/tutorial.py
[2022-12-10T21:32:05.303+0000] {logging_mixin.py:137} INFO - [2022-12-10T21:32:05.303+0000] {dag.py:2585} INFO - Sync 1 DAGs
[2022-12-10T21:32:05.326+0000] {logging_mixin.py:137} INFO - [2022-12-10T21:32:05.326+0000] {dag.py:3340} INFO - Setting next_dagrun for tutorial to 2022-12-09T21:32:05.326229+00:00, run_after=2022-12-10T21:32:05.326229+00:00
[2022-12-10T21:32:05.339+0000] {processor.py:176} INFO - Processing /home/airflow/.local/lib/python3.7/site-packages/airflow/example_dags/tutorial.py took 0.232 seconds
[2022-12-10T22:56:09.524+0000] {processor.py:154} INFO - Started process (PID=48907) to work on /home/airflow/.local/lib/python3.7/site-packages/airflow/example_dags/tutorial.py
[2022-12-10T22:56:09.530+0000] {processor.py:756} INFO - Processing file /home/airflow/.local/lib/python3.7/site-packages/airflow/example_dags/tutorial.py for tasks to queue
[2022-12-10T22:56:09.534+0000] {logging_mixin.py:137} INFO - [2022-12-10T22:56:09.533+0000] {dagbag.py:537} INFO - Filling up the DagBag from /home/airflow/.local/lib/python3.7/site-packages/airflow/example_dags/tutorial.py
[2022-12-10T22:56:09.579+0000] {processor.py:766} INFO - DAG(s) dict_keys(['tutorial']) retrieved from /home/airflow/.local/lib/python3.7/site-packages/airflow/example_dags/tutorial.py
[2022-12-10T22:56:09.705+0000] {logging_mixin.py:137} INFO - [2022-12-10T22:56:09.705+0000] {dag.py:2585} INFO - Sync 1 DAGs
[2022-12-10T22:56:09.758+0000] {logging_mixin.py:137} INFO - [2022-12-10T22:56:09.758+0000] {dag.py:3340} INFO - Setting next_dagrun for tutorial to 2022-12-09T22:56:09.758583+00:00, run_after=2022-12-10T22:56:09.758583+00:00
[2022-12-10T22:56:09.788+0000] {processor.py:176} INFO - Processing /home/airflow/.local/lib/python3.7/site-packages/airflow/example_dags/tutorial.py took 0.267 seconds
[2022-12-10T23:54:28.816+0000] {processor.py:154} INFO - Started process (PID=48974) to work on /home/airflow/.local/lib/python3.7/site-packages/airflow/example_dags/tutorial.py
[2022-12-10T23:54:28.819+0000] {processor.py:756} INFO - Processing file /home/airflow/.local/lib/python3.7/site-packages/airflow/example_dags/tutorial.py for tasks to queue
[2022-12-10T23:54:28.820+0000] {logging_mixin.py:137} INFO - [2022-12-10T23:54:28.820+0000] {dagbag.py:537} INFO - Filling up the DagBag from /home/airflow/.local/lib/python3.7/site-packages/airflow/example_dags/tutorial.py
[2022-12-10T23:54:28.871+0000] {processor.py:766} INFO - DAG(s) dict_keys(['tutorial']) retrieved from /home/airflow/.local/lib/python3.7/site-packages/airflow/example_dags/tutorial.py
[2022-12-10T23:54:28.931+0000] {logging_mixin.py:137} INFO - [2022-12-10T23:54:28.931+0000] {dag.py:2585} INFO - Sync 1 DAGs
[2022-12-10T23:54:28.973+0000] {logging_mixin.py:137} INFO - [2022-12-10T23:54:28.973+0000] {dag.py:3340} INFO - Setting next_dagrun for tutorial to 2022-12-09T23:54:28.973528+00:00, run_after=2022-12-10T23:54:28.973528+00:00
[2022-12-10T23:54:28.992+0000] {processor.py:176} INFO - Processing /home/airflow/.local/lib/python3.7/site-packages/airflow/example_dags/tutorial.py took 0.189 seconds
