[2022-12-10T01:13:56.808+0000] {processor.py:154} INFO - Started process (PID=47951) to work on /home/airflow/.local/lib/python3.7/site-packages/airflow/example_dags/tutorial_dag.py
[2022-12-10T01:13:56.809+0000] {processor.py:756} INFO - Processing file /home/airflow/.local/lib/python3.7/site-packages/airflow/example_dags/tutorial_dag.py for tasks to queue
[2022-12-10T01:13:56.811+0000] {logging_mixin.py:137} INFO - [2022-12-10T01:13:56.810+0000] {dagbag.py:537} INFO - Filling up the DagBag from /home/airflow/.local/lib/python3.7/site-packages/airflow/example_dags/tutorial_dag.py
[2022-12-10T01:13:56.821+0000] {processor.py:766} INFO - DAG(s) dict_keys(['tutorial_dag']) retrieved from /home/airflow/.local/lib/python3.7/site-packages/airflow/example_dags/tutorial_dag.py
[2022-12-10T01:13:56.857+0000] {logging_mixin.py:137} INFO - [2022-12-10T01:13:56.857+0000] {dag.py:2585} INFO - Sync 1 DAGs
[2022-12-10T01:13:56.873+0000] {logging_mixin.py:137} INFO - [2022-12-10T01:13:56.873+0000] {dag.py:3340} INFO - Setting next_dagrun for tutorial_dag to None, run_after=None
[2022-12-10T01:13:56.887+0000] {processor.py:176} INFO - Processing /home/airflow/.local/lib/python3.7/site-packages/airflow/example_dags/tutorial_dag.py took 0.082 seconds
[2022-12-10T02:35:30.351+0000] {processor.py:154} INFO - Started process (PID=48008) to work on /home/airflow/.local/lib/python3.7/site-packages/airflow/example_dags/tutorial_dag.py
[2022-12-10T02:35:30.353+0000] {processor.py:756} INFO - Processing file /home/airflow/.local/lib/python3.7/site-packages/airflow/example_dags/tutorial_dag.py for tasks to queue
[2022-12-10T02:35:30.354+0000] {logging_mixin.py:137} INFO - [2022-12-10T02:35:30.354+0000] {dagbag.py:537} INFO - Filling up the DagBag from /home/airflow/.local/lib/python3.7/site-packages/airflow/example_dags/tutorial_dag.py
[2022-12-10T02:35:30.367+0000] {processor.py:766} INFO - DAG(s) dict_keys(['tutorial_dag']) retrieved from /home/airflow/.local/lib/python3.7/site-packages/airflow/example_dags/tutorial_dag.py
[2022-12-10T02:35:30.397+0000] {logging_mixin.py:137} INFO - [2022-12-10T02:35:30.397+0000] {dag.py:2585} INFO - Sync 1 DAGs
[2022-12-10T02:35:30.414+0000] {logging_mixin.py:137} INFO - [2022-12-10T02:35:30.414+0000] {dag.py:3340} INFO - Setting next_dagrun for tutorial_dag to None, run_after=None
[2022-12-10T02:35:30.427+0000] {processor.py:176} INFO - Processing /home/airflow/.local/lib/python3.7/site-packages/airflow/example_dags/tutorial_dag.py took 0.078 seconds
[2022-12-10T03:43:51.047+0000] {processor.py:154} INFO - Started process (PID=48073) to work on /home/airflow/.local/lib/python3.7/site-packages/airflow/example_dags/tutorial_dag.py
[2022-12-10T03:43:51.049+0000] {processor.py:756} INFO - Processing file /home/airflow/.local/lib/python3.7/site-packages/airflow/example_dags/tutorial_dag.py for tasks to queue
[2022-12-10T03:43:51.050+0000] {logging_mixin.py:137} INFO - [2022-12-10T03:43:51.050+0000] {dagbag.py:537} INFO - Filling up the DagBag from /home/airflow/.local/lib/python3.7/site-packages/airflow/example_dags/tutorial_dag.py
[2022-12-10T03:43:51.062+0000] {processor.py:766} INFO - DAG(s) dict_keys(['tutorial_dag']) retrieved from /home/airflow/.local/lib/python3.7/site-packages/airflow/example_dags/tutorial_dag.py
[2022-12-10T03:43:51.100+0000] {logging_mixin.py:137} INFO - [2022-12-10T03:43:51.100+0000] {dag.py:2585} INFO - Sync 1 DAGs
[2022-12-10T03:43:51.127+0000] {logging_mixin.py:137} INFO - [2022-12-10T03:43:51.127+0000] {dag.py:3340} INFO - Setting next_dagrun for tutorial_dag to None, run_after=None
[2022-12-10T03:43:51.159+0000] {processor.py:176} INFO - Processing /home/airflow/.local/lib/python3.7/site-packages/airflow/example_dags/tutorial_dag.py took 0.115 seconds
[2022-12-10T04:16:19.939+0000] {processor.py:154} INFO - Started process (PID=48140) to work on /home/airflow/.local/lib/python3.7/site-packages/airflow/example_dags/tutorial_dag.py
[2022-12-10T04:16:19.940+0000] {processor.py:756} INFO - Processing file /home/airflow/.local/lib/python3.7/site-packages/airflow/example_dags/tutorial_dag.py for tasks to queue
[2022-12-10T04:16:19.942+0000] {logging_mixin.py:137} INFO - [2022-12-10T04:16:19.942+0000] {dagbag.py:537} INFO - Filling up the DagBag from /home/airflow/.local/lib/python3.7/site-packages/airflow/example_dags/tutorial_dag.py
[2022-12-10T04:16:19.952+0000] {processor.py:766} INFO - DAG(s) dict_keys(['tutorial_dag']) retrieved from /home/airflow/.local/lib/python3.7/site-packages/airflow/example_dags/tutorial_dag.py
[2022-12-10T04:16:19.984+0000] {logging_mixin.py:137} INFO - [2022-12-10T04:16:19.983+0000] {dag.py:2585} INFO - Sync 1 DAGs
[2022-12-10T04:16:20.000+0000] {logging_mixin.py:137} INFO - [2022-12-10T04:16:20.000+0000] {dag.py:3340} INFO - Setting next_dagrun for tutorial_dag to None, run_after=None
[2022-12-10T04:16:20.013+0000] {processor.py:176} INFO - Processing /home/airflow/.local/lib/python3.7/site-packages/airflow/example_dags/tutorial_dag.py took 0.076 seconds
[2022-12-10T05:54:54.000+0000] {processor.py:154} INFO - Started process (PID=48208) to work on /home/airflow/.local/lib/python3.7/site-packages/airflow/example_dags/tutorial_dag.py
[2022-12-10T05:54:54.002+0000] {processor.py:756} INFO - Processing file /home/airflow/.local/lib/python3.7/site-packages/airflow/example_dags/tutorial_dag.py for tasks to queue
[2022-12-10T05:54:54.003+0000] {logging_mixin.py:137} INFO - [2022-12-10T05:54:54.003+0000] {dagbag.py:537} INFO - Filling up the DagBag from /home/airflow/.local/lib/python3.7/site-packages/airflow/example_dags/tutorial_dag.py
[2022-12-10T05:54:54.015+0000] {processor.py:766} INFO - DAG(s) dict_keys(['tutorial_dag']) retrieved from /home/airflow/.local/lib/python3.7/site-packages/airflow/example_dags/tutorial_dag.py
[2022-12-10T05:54:54.049+0000] {logging_mixin.py:137} INFO - [2022-12-10T05:54:54.049+0000] {dag.py:2585} INFO - Sync 1 DAGs
[2022-12-10T05:54:54.066+0000] {logging_mixin.py:137} INFO - [2022-12-10T05:54:54.066+0000] {dag.py:3340} INFO - Setting next_dagrun for tutorial_dag to None, run_after=None
[2022-12-10T05:54:54.079+0000] {processor.py:176} INFO - Processing /home/airflow/.local/lib/python3.7/site-packages/airflow/example_dags/tutorial_dag.py took 0.083 seconds
[2022-12-10T07:18:16.600+0000] {processor.py:154} INFO - Started process (PID=48267) to work on /home/airflow/.local/lib/python3.7/site-packages/airflow/example_dags/tutorial_dag.py
[2022-12-10T07:18:16.602+0000] {processor.py:756} INFO - Processing file /home/airflow/.local/lib/python3.7/site-packages/airflow/example_dags/tutorial_dag.py for tasks to queue
[2022-12-10T07:18:16.603+0000] {logging_mixin.py:137} INFO - [2022-12-10T07:18:16.603+0000] {dagbag.py:537} INFO - Filling up the DagBag from /home/airflow/.local/lib/python3.7/site-packages/airflow/example_dags/tutorial_dag.py
[2022-12-10T07:18:16.615+0000] {processor.py:766} INFO - DAG(s) dict_keys(['tutorial_dag']) retrieved from /home/airflow/.local/lib/python3.7/site-packages/airflow/example_dags/tutorial_dag.py
[2022-12-10T07:18:16.645+0000] {logging_mixin.py:137} INFO - [2022-12-10T07:18:16.644+0000] {dag.py:2585} INFO - Sync 1 DAGs
[2022-12-10T07:18:16.664+0000] {logging_mixin.py:137} INFO - [2022-12-10T07:18:16.664+0000] {dag.py:3340} INFO - Setting next_dagrun for tutorial_dag to None, run_after=None
[2022-12-10T07:18:16.678+0000] {processor.py:176} INFO - Processing /home/airflow/.local/lib/python3.7/site-packages/airflow/example_dags/tutorial_dag.py took 0.081 seconds
[2022-12-10T08:58:58.169+0000] {processor.py:154} INFO - Started process (PID=48335) to work on /home/airflow/.local/lib/python3.7/site-packages/airflow/example_dags/tutorial_dag.py
[2022-12-10T08:58:58.171+0000] {processor.py:756} INFO - Processing file /home/airflow/.local/lib/python3.7/site-packages/airflow/example_dags/tutorial_dag.py for tasks to queue
[2022-12-10T08:58:58.172+0000] {logging_mixin.py:137} INFO - [2022-12-10T08:58:58.172+0000] {dagbag.py:537} INFO - Filling up the DagBag from /home/airflow/.local/lib/python3.7/site-packages/airflow/example_dags/tutorial_dag.py
[2022-12-10T08:58:58.182+0000] {processor.py:766} INFO - DAG(s) dict_keys(['tutorial_dag']) retrieved from /home/airflow/.local/lib/python3.7/site-packages/airflow/example_dags/tutorial_dag.py
[2022-12-10T08:58:58.213+0000] {logging_mixin.py:137} INFO - [2022-12-10T08:58:58.213+0000] {dag.py:2585} INFO - Sync 1 DAGs
[2022-12-10T08:58:58.233+0000] {logging_mixin.py:137} INFO - [2022-12-10T08:58:58.233+0000] {dag.py:3340} INFO - Setting next_dagrun for tutorial_dag to None, run_after=None
[2022-12-10T08:58:58.247+0000] {processor.py:176} INFO - Processing /home/airflow/.local/lib/python3.7/site-packages/airflow/example_dags/tutorial_dag.py took 0.079 seconds
[2022-12-10T10:34:17.915+0000] {processor.py:154} INFO - Started process (PID=48402) to work on /home/airflow/.local/lib/python3.7/site-packages/airflow/example_dags/tutorial_dag.py
[2022-12-10T10:34:17.918+0000] {processor.py:756} INFO - Processing file /home/airflow/.local/lib/python3.7/site-packages/airflow/example_dags/tutorial_dag.py for tasks to queue
[2022-12-10T10:34:17.919+0000] {logging_mixin.py:137} INFO - [2022-12-10T10:34:17.919+0000] {dagbag.py:537} INFO - Filling up the DagBag from /home/airflow/.local/lib/python3.7/site-packages/airflow/example_dags/tutorial_dag.py
[2022-12-10T10:34:17.934+0000] {processor.py:766} INFO - DAG(s) dict_keys(['tutorial_dag']) retrieved from /home/airflow/.local/lib/python3.7/site-packages/airflow/example_dags/tutorial_dag.py
[2022-12-10T10:34:17.982+0000] {logging_mixin.py:137} INFO - [2022-12-10T10:34:17.982+0000] {dag.py:2585} INFO - Sync 1 DAGs
[2022-12-10T10:34:17.999+0000] {logging_mixin.py:137} INFO - [2022-12-10T10:34:17.999+0000] {dag.py:3340} INFO - Setting next_dagrun for tutorial_dag to None, run_after=None
[2022-12-10T10:34:18.012+0000] {processor.py:176} INFO - Processing /home/airflow/.local/lib/python3.7/site-packages/airflow/example_dags/tutorial_dag.py took 0.100 seconds
[2022-12-10T11:57:25.305+0000] {processor.py:154} INFO - Started process (PID=48470) to work on /home/airflow/.local/lib/python3.7/site-packages/airflow/example_dags/tutorial_dag.py
[2022-12-10T11:57:25.307+0000] {processor.py:756} INFO - Processing file /home/airflow/.local/lib/python3.7/site-packages/airflow/example_dags/tutorial_dag.py for tasks to queue
[2022-12-10T11:57:25.309+0000] {logging_mixin.py:137} INFO - [2022-12-10T11:57:25.309+0000] {dagbag.py:537} INFO - Filling up the DagBag from /home/airflow/.local/lib/python3.7/site-packages/airflow/example_dags/tutorial_dag.py
[2022-12-10T11:57:25.324+0000] {processor.py:766} INFO - DAG(s) dict_keys(['tutorial_dag']) retrieved from /home/airflow/.local/lib/python3.7/site-packages/airflow/example_dags/tutorial_dag.py
[2022-12-10T11:57:25.367+0000] {logging_mixin.py:137} INFO - [2022-12-10T11:57:25.367+0000] {dag.py:2585} INFO - Sync 1 DAGs
[2022-12-10T11:57:25.386+0000] {logging_mixin.py:137} INFO - [2022-12-10T11:57:25.386+0000] {dag.py:3340} INFO - Setting next_dagrun for tutorial_dag to None, run_after=None
[2022-12-10T11:57:25.400+0000] {processor.py:176} INFO - Processing /home/airflow/.local/lib/python3.7/site-packages/airflow/example_dags/tutorial_dag.py took 0.098 seconds
[2022-12-10T13:36:25.519+0000] {processor.py:154} INFO - Started process (PID=48537) to work on /home/airflow/.local/lib/python3.7/site-packages/airflow/example_dags/tutorial_dag.py
[2022-12-10T13:36:25.522+0000] {processor.py:756} INFO - Processing file /home/airflow/.local/lib/python3.7/site-packages/airflow/example_dags/tutorial_dag.py for tasks to queue
[2022-12-10T13:36:25.524+0000] {logging_mixin.py:137} INFO - [2022-12-10T13:36:25.524+0000] {dagbag.py:537} INFO - Filling up the DagBag from /home/airflow/.local/lib/python3.7/site-packages/airflow/example_dags/tutorial_dag.py
[2022-12-10T13:36:25.538+0000] {processor.py:766} INFO - DAG(s) dict_keys(['tutorial_dag']) retrieved from /home/airflow/.local/lib/python3.7/site-packages/airflow/example_dags/tutorial_dag.py
[2022-12-10T13:36:25.580+0000] {logging_mixin.py:137} INFO - [2022-12-10T13:36:25.580+0000] {dag.py:2585} INFO - Sync 1 DAGs
[2022-12-10T13:36:25.601+0000] {logging_mixin.py:137} INFO - [2022-12-10T13:36:25.601+0000] {dag.py:3340} INFO - Setting next_dagrun for tutorial_dag to None, run_after=None
[2022-12-10T13:36:25.618+0000] {processor.py:176} INFO - Processing /home/airflow/.local/lib/python3.7/site-packages/airflow/example_dags/tutorial_dag.py took 0.102 seconds
[2022-12-10T15:01:35.140+0000] {processor.py:154} INFO - Started process (PID=48594) to work on /home/airflow/.local/lib/python3.7/site-packages/airflow/example_dags/tutorial_dag.py
[2022-12-10T15:01:35.142+0000] {processor.py:756} INFO - Processing file /home/airflow/.local/lib/python3.7/site-packages/airflow/example_dags/tutorial_dag.py for tasks to queue
[2022-12-10T15:01:35.144+0000] {logging_mixin.py:137} INFO - [2022-12-10T15:01:35.143+0000] {dagbag.py:537} INFO - Filling up the DagBag from /home/airflow/.local/lib/python3.7/site-packages/airflow/example_dags/tutorial_dag.py
[2022-12-10T15:01:35.154+0000] {processor.py:766} INFO - DAG(s) dict_keys(['tutorial_dag']) retrieved from /home/airflow/.local/lib/python3.7/site-packages/airflow/example_dags/tutorial_dag.py
[2022-12-10T15:01:35.188+0000] {logging_mixin.py:137} INFO - [2022-12-10T15:01:35.188+0000] {dag.py:2585} INFO - Sync 1 DAGs
[2022-12-10T15:01:35.207+0000] {logging_mixin.py:137} INFO - [2022-12-10T15:01:35.207+0000] {dag.py:3340} INFO - Setting next_dagrun for tutorial_dag to None, run_after=None
[2022-12-10T15:01:35.219+0000] {processor.py:176} INFO - Processing /home/airflow/.local/lib/python3.7/site-packages/airflow/example_dags/tutorial_dag.py took 0.081 seconds
[2022-12-10T16:44:41.315+0000] {processor.py:154} INFO - Started process (PID=48664) to work on /home/airflow/.local/lib/python3.7/site-packages/airflow/example_dags/tutorial_dag.py
[2022-12-10T16:44:41.317+0000] {processor.py:756} INFO - Processing file /home/airflow/.local/lib/python3.7/site-packages/airflow/example_dags/tutorial_dag.py for tasks to queue
[2022-12-10T16:44:41.318+0000] {logging_mixin.py:137} INFO - [2022-12-10T16:44:41.318+0000] {dagbag.py:537} INFO - Filling up the DagBag from /home/airflow/.local/lib/python3.7/site-packages/airflow/example_dags/tutorial_dag.py
[2022-12-10T16:44:41.329+0000] {processor.py:766} INFO - DAG(s) dict_keys(['tutorial_dag']) retrieved from /home/airflow/.local/lib/python3.7/site-packages/airflow/example_dags/tutorial_dag.py
[2022-12-10T16:44:41.362+0000] {logging_mixin.py:137} INFO - [2022-12-10T16:44:41.361+0000] {dag.py:2585} INFO - Sync 1 DAGs
[2022-12-10T16:44:41.379+0000] {logging_mixin.py:137} INFO - [2022-12-10T16:44:41.379+0000] {dag.py:3340} INFO - Setting next_dagrun for tutorial_dag to None, run_after=None
[2022-12-10T16:44:41.395+0000] {processor.py:176} INFO - Processing /home/airflow/.local/lib/python3.7/site-packages/airflow/example_dags/tutorial_dag.py took 0.082 seconds
[2022-12-10T18:09:52.647+0000] {processor.py:154} INFO - Started process (PID=48731) to work on /home/airflow/.local/lib/python3.7/site-packages/airflow/example_dags/tutorial_dag.py
[2022-12-10T18:09:52.649+0000] {processor.py:756} INFO - Processing file /home/airflow/.local/lib/python3.7/site-packages/airflow/example_dags/tutorial_dag.py for tasks to queue
[2022-12-10T18:09:52.651+0000] {logging_mixin.py:137} INFO - [2022-12-10T18:09:52.651+0000] {dagbag.py:537} INFO - Filling up the DagBag from /home/airflow/.local/lib/python3.7/site-packages/airflow/example_dags/tutorial_dag.py
[2022-12-10T18:09:52.663+0000] {processor.py:766} INFO - DAG(s) dict_keys(['tutorial_dag']) retrieved from /home/airflow/.local/lib/python3.7/site-packages/airflow/example_dags/tutorial_dag.py
[2022-12-10T18:09:52.704+0000] {logging_mixin.py:137} INFO - [2022-12-10T18:09:52.704+0000] {dag.py:2585} INFO - Sync 1 DAGs
[2022-12-10T18:09:52.726+0000] {logging_mixin.py:137} INFO - [2022-12-10T18:09:52.726+0000] {dag.py:3340} INFO - Setting next_dagrun for tutorial_dag to None, run_after=None
[2022-12-10T18:09:52.746+0000] {processor.py:176} INFO - Processing /home/airflow/.local/lib/python3.7/site-packages/airflow/example_dags/tutorial_dag.py took 0.102 seconds
[2022-12-10T19:51:57.027+0000] {processor.py:154} INFO - Started process (PID=48796) to work on /home/airflow/.local/lib/python3.7/site-packages/airflow/example_dags/tutorial_dag.py
[2022-12-10T19:51:57.031+0000] {processor.py:756} INFO - Processing file /home/airflow/.local/lib/python3.7/site-packages/airflow/example_dags/tutorial_dag.py for tasks to queue
[2022-12-10T19:51:57.032+0000] {logging_mixin.py:137} INFO - [2022-12-10T19:51:57.032+0000] {dagbag.py:537} INFO - Filling up the DagBag from /home/airflow/.local/lib/python3.7/site-packages/airflow/example_dags/tutorial_dag.py
[2022-12-10T19:51:57.045+0000] {processor.py:766} INFO - DAG(s) dict_keys(['tutorial_dag']) retrieved from /home/airflow/.local/lib/python3.7/site-packages/airflow/example_dags/tutorial_dag.py
[2022-12-10T19:51:57.077+0000] {logging_mixin.py:137} INFO - [2022-12-10T19:51:57.077+0000] {dag.py:2585} INFO - Sync 1 DAGs
[2022-12-10T19:51:57.489+0000] {logging_mixin.py:137} INFO - [2022-12-10T19:51:57.488+0000] {dag.py:3340} INFO - Setting next_dagrun for tutorial_dag to None, run_after=None
[2022-12-10T19:51:57.580+0000] {processor.py:176} INFO - Processing /home/airflow/.local/lib/python3.7/site-packages/airflow/example_dags/tutorial_dag.py took 0.555 seconds
[2022-12-10T21:32:06.219+0000] {processor.py:154} INFO - Started process (PID=48854) to work on /home/airflow/.local/lib/python3.7/site-packages/airflow/example_dags/tutorial_dag.py
[2022-12-10T21:32:06.221+0000] {processor.py:756} INFO - Processing file /home/airflow/.local/lib/python3.7/site-packages/airflow/example_dags/tutorial_dag.py for tasks to queue
[2022-12-10T21:32:06.223+0000] {logging_mixin.py:137} INFO - [2022-12-10T21:32:06.223+0000] {dagbag.py:537} INFO - Filling up the DagBag from /home/airflow/.local/lib/python3.7/site-packages/airflow/example_dags/tutorial_dag.py
[2022-12-10T21:32:06.233+0000] {processor.py:766} INFO - DAG(s) dict_keys(['tutorial_dag']) retrieved from /home/airflow/.local/lib/python3.7/site-packages/airflow/example_dags/tutorial_dag.py
[2022-12-10T21:32:06.267+0000] {logging_mixin.py:137} INFO - [2022-12-10T21:32:06.267+0000] {dag.py:2585} INFO - Sync 1 DAGs
[2022-12-10T21:32:06.282+0000] {logging_mixin.py:137} INFO - [2022-12-10T21:32:06.281+0000] {dag.py:3340} INFO - Setting next_dagrun for tutorial_dag to None, run_after=None
[2022-12-10T21:32:06.295+0000] {processor.py:176} INFO - Processing /home/airflow/.local/lib/python3.7/site-packages/airflow/example_dags/tutorial_dag.py took 0.078 seconds
[2022-12-10T22:56:11.081+0000] {processor.py:154} INFO - Started process (PID=48922) to work on /home/airflow/.local/lib/python3.7/site-packages/airflow/example_dags/tutorial_dag.py
[2022-12-10T22:56:11.083+0000] {processor.py:756} INFO - Processing file /home/airflow/.local/lib/python3.7/site-packages/airflow/example_dags/tutorial_dag.py for tasks to queue
[2022-12-10T22:56:11.084+0000] {logging_mixin.py:137} INFO - [2022-12-10T22:56:11.084+0000] {dagbag.py:537} INFO - Filling up the DagBag from /home/airflow/.local/lib/python3.7/site-packages/airflow/example_dags/tutorial_dag.py
[2022-12-10T22:56:11.095+0000] {processor.py:766} INFO - DAG(s) dict_keys(['tutorial_dag']) retrieved from /home/airflow/.local/lib/python3.7/site-packages/airflow/example_dags/tutorial_dag.py
[2022-12-10T22:56:11.129+0000] {logging_mixin.py:137} INFO - [2022-12-10T22:56:11.128+0000] {dag.py:2585} INFO - Sync 1 DAGs
[2022-12-10T22:56:11.162+0000] {logging_mixin.py:137} INFO - [2022-12-10T22:56:11.161+0000] {dag.py:3340} INFO - Setting next_dagrun for tutorial_dag to None, run_after=None
[2022-12-10T22:56:11.192+0000] {processor.py:176} INFO - Processing /home/airflow/.local/lib/python3.7/site-packages/airflow/example_dags/tutorial_dag.py took 0.114 seconds
[2022-12-10T23:54:29.829+0000] {processor.py:154} INFO - Started process (PID=48989) to work on /home/airflow/.local/lib/python3.7/site-packages/airflow/example_dags/tutorial_dag.py
[2022-12-10T23:54:29.830+0000] {processor.py:756} INFO - Processing file /home/airflow/.local/lib/python3.7/site-packages/airflow/example_dags/tutorial_dag.py for tasks to queue
[2022-12-10T23:54:29.832+0000] {logging_mixin.py:137} INFO - [2022-12-10T23:54:29.832+0000] {dagbag.py:537} INFO - Filling up the DagBag from /home/airflow/.local/lib/python3.7/site-packages/airflow/example_dags/tutorial_dag.py
[2022-12-10T23:54:29.843+0000] {processor.py:766} INFO - DAG(s) dict_keys(['tutorial_dag']) retrieved from /home/airflow/.local/lib/python3.7/site-packages/airflow/example_dags/tutorial_dag.py
[2022-12-10T23:54:29.876+0000] {logging_mixin.py:137} INFO - [2022-12-10T23:54:29.876+0000] {dag.py:2585} INFO - Sync 1 DAGs
[2022-12-10T23:54:29.894+0000] {logging_mixin.py:137} INFO - [2022-12-10T23:54:29.894+0000] {dag.py:3340} INFO - Setting next_dagrun for tutorial_dag to None, run_after=None
[2022-12-10T23:54:29.906+0000] {processor.py:176} INFO - Processing /home/airflow/.local/lib/python3.7/site-packages/airflow/example_dags/tutorial_dag.py took 0.080 seconds
