[2022-12-03T00:24:09.532+0000] {processor.py:154} INFO - Started process (PID=13504) to work on /home/airflow/.local/lib/python3.7/site-packages/airflow/example_dags/example_branch_operator_decorator.py
[2022-12-03T00:24:09.534+0000] {processor.py:756} INFO - Processing file /home/airflow/.local/lib/python3.7/site-packages/airflow/example_dags/example_branch_operator_decorator.py for tasks to queue
[2022-12-03T00:24:09.535+0000] {logging_mixin.py:137} INFO - [2022-12-03T00:24:09.535+0000] {dagbag.py:537} INFO - Filling up the DagBag from /home/airflow/.local/lib/python3.7/site-packages/airflow/example_dags/example_branch_operator_decorator.py
[2022-12-03T00:24:09.550+0000] {processor.py:766} INFO - DAG(s) dict_keys(['example_branch_python_operator_decorator']) retrieved from /home/airflow/.local/lib/python3.7/site-packages/airflow/example_dags/example_branch_operator_decorator.py
[2022-12-03T00:24:09.577+0000] {logging_mixin.py:137} INFO - [2022-12-03T00:24:09.577+0000] {dag.py:2585} INFO - Sync 1 DAGs
[2022-12-03T00:24:09.594+0000] {logging_mixin.py:137} INFO - [2022-12-03T00:24:09.594+0000] {dag.py:3340} INFO - Setting next_dagrun for example_branch_python_operator_decorator to 2022-12-02T00:00:00+00:00, run_after=2022-12-03T00:00:00+00:00
[2022-12-03T00:24:09.606+0000] {processor.py:176} INFO - Processing /home/airflow/.local/lib/python3.7/site-packages/airflow/example_dags/example_branch_operator_decorator.py took 0.076 seconds
[2022-12-03T01:45:41.677+0000] {processor.py:154} INFO - Started process (PID=13573) to work on /home/airflow/.local/lib/python3.7/site-packages/airflow/example_dags/example_branch_operator_decorator.py
[2022-12-03T01:45:41.679+0000] {processor.py:756} INFO - Processing file /home/airflow/.local/lib/python3.7/site-packages/airflow/example_dags/example_branch_operator_decorator.py for tasks to queue
[2022-12-03T01:45:41.680+0000] {logging_mixin.py:137} INFO - [2022-12-03T01:45:41.680+0000] {dagbag.py:537} INFO - Filling up the DagBag from /home/airflow/.local/lib/python3.7/site-packages/airflow/example_dags/example_branch_operator_decorator.py
[2022-12-03T01:45:41.695+0000] {processor.py:766} INFO - DAG(s) dict_keys(['example_branch_python_operator_decorator']) retrieved from /home/airflow/.local/lib/python3.7/site-packages/airflow/example_dags/example_branch_operator_decorator.py
[2022-12-03T01:45:41.733+0000] {logging_mixin.py:137} INFO - [2022-12-03T01:45:41.733+0000] {dag.py:2585} INFO - Sync 1 DAGs
[2022-12-03T01:45:41.758+0000] {logging_mixin.py:137} INFO - [2022-12-03T01:45:41.758+0000] {dag.py:3340} INFO - Setting next_dagrun for example_branch_python_operator_decorator to 2022-12-02T00:00:00+00:00, run_after=2022-12-03T00:00:00+00:00
[2022-12-03T01:45:41.784+0000] {processor.py:176} INFO - Processing /home/airflow/.local/lib/python3.7/site-packages/airflow/example_dags/example_branch_operator_decorator.py took 0.109 seconds
[2022-12-03T03:05:50.905+0000] {processor.py:154} INFO - Started process (PID=13641) to work on /home/airflow/.local/lib/python3.7/site-packages/airflow/example_dags/example_branch_operator_decorator.py
[2022-12-03T03:05:50.908+0000] {processor.py:756} INFO - Processing file /home/airflow/.local/lib/python3.7/site-packages/airflow/example_dags/example_branch_operator_decorator.py for tasks to queue
[2022-12-03T03:05:50.910+0000] {logging_mixin.py:137} INFO - [2022-12-03T03:05:50.910+0000] {dagbag.py:537} INFO - Filling up the DagBag from /home/airflow/.local/lib/python3.7/site-packages/airflow/example_dags/example_branch_operator_decorator.py
[2022-12-03T03:05:50.945+0000] {processor.py:766} INFO - DAG(s) dict_keys(['example_branch_python_operator_decorator']) retrieved from /home/airflow/.local/lib/python3.7/site-packages/airflow/example_dags/example_branch_operator_decorator.py
[2022-12-03T03:05:50.995+0000] {logging_mixin.py:137} INFO - [2022-12-03T03:05:50.995+0000] {dag.py:2585} INFO - Sync 1 DAGs
[2022-12-03T03:05:51.028+0000] {logging_mixin.py:137} INFO - [2022-12-03T03:05:51.028+0000] {dag.py:3340} INFO - Setting next_dagrun for example_branch_python_operator_decorator to 2022-12-02T00:00:00+00:00, run_after=2022-12-03T00:00:00+00:00
[2022-12-03T03:05:51.052+0000] {processor.py:176} INFO - Processing /home/airflow/.local/lib/python3.7/site-packages/airflow/example_dags/example_branch_operator_decorator.py took 0.151 seconds
[2022-12-03T04:30:01.043+0000] {processor.py:154} INFO - Started process (PID=13708) to work on /home/airflow/.local/lib/python3.7/site-packages/airflow/example_dags/example_branch_operator_decorator.py
[2022-12-03T04:30:01.045+0000] {processor.py:756} INFO - Processing file /home/airflow/.local/lib/python3.7/site-packages/airflow/example_dags/example_branch_operator_decorator.py for tasks to queue
[2022-12-03T04:30:01.046+0000] {logging_mixin.py:137} INFO - [2022-12-03T04:30:01.046+0000] {dagbag.py:537} INFO - Filling up the DagBag from /home/airflow/.local/lib/python3.7/site-packages/airflow/example_dags/example_branch_operator_decorator.py
[2022-12-03T04:30:01.066+0000] {processor.py:766} INFO - DAG(s) dict_keys(['example_branch_python_operator_decorator']) retrieved from /home/airflow/.local/lib/python3.7/site-packages/airflow/example_dags/example_branch_operator_decorator.py
[2022-12-03T04:30:01.097+0000] {logging_mixin.py:137} INFO - [2022-12-03T04:30:01.097+0000] {dag.py:2585} INFO - Sync 1 DAGs
[2022-12-03T04:30:01.117+0000] {logging_mixin.py:137} INFO - [2022-12-03T04:30:01.117+0000] {dag.py:3340} INFO - Setting next_dagrun for example_branch_python_operator_decorator to 2022-12-02T00:00:00+00:00, run_after=2022-12-03T00:00:00+00:00
[2022-12-03T04:30:01.130+0000] {processor.py:176} INFO - Processing /home/airflow/.local/lib/python3.7/site-packages/airflow/example_dags/example_branch_operator_decorator.py took 0.091 seconds
[2022-12-03T05:52:51.419+0000] {processor.py:154} INFO - Started process (PID=13769) to work on /home/airflow/.local/lib/python3.7/site-packages/airflow/example_dags/example_branch_operator_decorator.py
[2022-12-03T05:52:51.421+0000] {processor.py:756} INFO - Processing file /home/airflow/.local/lib/python3.7/site-packages/airflow/example_dags/example_branch_operator_decorator.py for tasks to queue
[2022-12-03T05:52:51.423+0000] {logging_mixin.py:137} INFO - [2022-12-03T05:52:51.423+0000] {dagbag.py:537} INFO - Filling up the DagBag from /home/airflow/.local/lib/python3.7/site-packages/airflow/example_dags/example_branch_operator_decorator.py
[2022-12-03T05:52:51.440+0000] {processor.py:766} INFO - DAG(s) dict_keys(['example_branch_python_operator_decorator']) retrieved from /home/airflow/.local/lib/python3.7/site-packages/airflow/example_dags/example_branch_operator_decorator.py
[2022-12-03T05:52:51.472+0000] {logging_mixin.py:137} INFO - [2022-12-03T05:52:51.472+0000] {dag.py:2585} INFO - Sync 1 DAGs
[2022-12-03T05:52:51.487+0000] {logging_mixin.py:137} INFO - [2022-12-03T05:52:51.487+0000] {dag.py:3340} INFO - Setting next_dagrun for example_branch_python_operator_decorator to 2022-12-02T00:00:00+00:00, run_after=2022-12-03T00:00:00+00:00
[2022-12-03T05:52:51.500+0000] {processor.py:176} INFO - Processing /home/airflow/.local/lib/python3.7/site-packages/airflow/example_dags/example_branch_operator_decorator.py took 0.083 seconds
[2022-12-03T07:14:05.008+0000] {processor.py:154} INFO - Started process (PID=13840) to work on /home/airflow/.local/lib/python3.7/site-packages/airflow/example_dags/example_branch_operator_decorator.py
[2022-12-03T07:14:05.010+0000] {processor.py:756} INFO - Processing file /home/airflow/.local/lib/python3.7/site-packages/airflow/example_dags/example_branch_operator_decorator.py for tasks to queue
[2022-12-03T07:14:05.011+0000] {logging_mixin.py:137} INFO - [2022-12-03T07:14:05.011+0000] {dagbag.py:537} INFO - Filling up the DagBag from /home/airflow/.local/lib/python3.7/site-packages/airflow/example_dags/example_branch_operator_decorator.py
[2022-12-03T07:14:05.029+0000] {processor.py:766} INFO - DAG(s) dict_keys(['example_branch_python_operator_decorator']) retrieved from /home/airflow/.local/lib/python3.7/site-packages/airflow/example_dags/example_branch_operator_decorator.py
[2022-12-03T07:14:05.063+0000] {logging_mixin.py:137} INFO - [2022-12-03T07:14:05.063+0000] {dag.py:2585} INFO - Sync 1 DAGs
[2022-12-03T07:14:05.080+0000] {logging_mixin.py:137} INFO - [2022-12-03T07:14:05.080+0000] {dag.py:3340} INFO - Setting next_dagrun for example_branch_python_operator_decorator to 2022-12-02T00:00:00+00:00, run_after=2022-12-03T00:00:00+00:00
[2022-12-03T07:14:05.094+0000] {processor.py:176} INFO - Processing /home/airflow/.local/lib/python3.7/site-packages/airflow/example_dags/example_branch_operator_decorator.py took 0.089 seconds
[2022-12-03T08:36:17.010+0000] {processor.py:154} INFO - Started process (PID=13913) to work on /home/airflow/.local/lib/python3.7/site-packages/airflow/example_dags/example_branch_operator_decorator.py
[2022-12-03T08:36:17.012+0000] {processor.py:756} INFO - Processing file /home/airflow/.local/lib/python3.7/site-packages/airflow/example_dags/example_branch_operator_decorator.py for tasks to queue
[2022-12-03T08:36:17.013+0000] {logging_mixin.py:137} INFO - [2022-12-03T08:36:17.013+0000] {dagbag.py:537} INFO - Filling up the DagBag from /home/airflow/.local/lib/python3.7/site-packages/airflow/example_dags/example_branch_operator_decorator.py
[2022-12-03T08:36:17.028+0000] {processor.py:766} INFO - DAG(s) dict_keys(['example_branch_python_operator_decorator']) retrieved from /home/airflow/.local/lib/python3.7/site-packages/airflow/example_dags/example_branch_operator_decorator.py
[2022-12-03T08:36:17.055+0000] {logging_mixin.py:137} INFO - [2022-12-03T08:36:17.055+0000] {dag.py:2585} INFO - Sync 1 DAGs
[2022-12-03T08:36:17.074+0000] {logging_mixin.py:137} INFO - [2022-12-03T08:36:17.073+0000] {dag.py:3340} INFO - Setting next_dagrun for example_branch_python_operator_decorator to 2022-12-02T00:00:00+00:00, run_after=2022-12-03T00:00:00+00:00
[2022-12-03T08:36:17.085+0000] {processor.py:176} INFO - Processing /home/airflow/.local/lib/python3.7/site-packages/airflow/example_dags/example_branch_operator_decorator.py took 0.077 seconds
[2022-12-03T09:58:30.192+0000] {processor.py:154} INFO - Started process (PID=13981) to work on /home/airflow/.local/lib/python3.7/site-packages/airflow/example_dags/example_branch_operator_decorator.py
[2022-12-03T09:58:30.194+0000] {processor.py:756} INFO - Processing file /home/airflow/.local/lib/python3.7/site-packages/airflow/example_dags/example_branch_operator_decorator.py for tasks to queue
[2022-12-03T09:58:30.195+0000] {logging_mixin.py:137} INFO - [2022-12-03T09:58:30.195+0000] {dagbag.py:537} INFO - Filling up the DagBag from /home/airflow/.local/lib/python3.7/site-packages/airflow/example_dags/example_branch_operator_decorator.py
[2022-12-03T09:58:30.210+0000] {processor.py:766} INFO - DAG(s) dict_keys(['example_branch_python_operator_decorator']) retrieved from /home/airflow/.local/lib/python3.7/site-packages/airflow/example_dags/example_branch_operator_decorator.py
[2022-12-03T09:58:30.238+0000] {logging_mixin.py:137} INFO - [2022-12-03T09:58:30.238+0000] {dag.py:2585} INFO - Sync 1 DAGs
[2022-12-03T09:58:30.255+0000] {logging_mixin.py:137} INFO - [2022-12-03T09:58:30.255+0000] {dag.py:3340} INFO - Setting next_dagrun for example_branch_python_operator_decorator to 2022-12-02T00:00:00+00:00, run_after=2022-12-03T00:00:00+00:00
[2022-12-03T09:58:30.268+0000] {processor.py:176} INFO - Processing /home/airflow/.local/lib/python3.7/site-packages/airflow/example_dags/example_branch_operator_decorator.py took 0.079 seconds
[2022-12-03T11:03:31.105+0000] {processor.py:154} INFO - Started process (PID=14036) to work on /home/airflow/.local/lib/python3.7/site-packages/airflow/example_dags/example_branch_operator_decorator.py
[2022-12-03T11:03:31.107+0000] {processor.py:756} INFO - Processing file /home/airflow/.local/lib/python3.7/site-packages/airflow/example_dags/example_branch_operator_decorator.py for tasks to queue
[2022-12-03T11:03:31.108+0000] {logging_mixin.py:137} INFO - [2022-12-03T11:03:31.108+0000] {dagbag.py:537} INFO - Filling up the DagBag from /home/airflow/.local/lib/python3.7/site-packages/airflow/example_dags/example_branch_operator_decorator.py
[2022-12-03T11:03:31.123+0000] {processor.py:766} INFO - DAG(s) dict_keys(['example_branch_python_operator_decorator']) retrieved from /home/airflow/.local/lib/python3.7/site-packages/airflow/example_dags/example_branch_operator_decorator.py
[2022-12-03T11:03:31.150+0000] {logging_mixin.py:137} INFO - [2022-12-03T11:03:31.150+0000] {dag.py:2585} INFO - Sync 1 DAGs
[2022-12-03T11:03:31.167+0000] {logging_mixin.py:137} INFO - [2022-12-03T11:03:31.167+0000] {dag.py:3340} INFO - Setting next_dagrun for example_branch_python_operator_decorator to 2022-12-02T00:00:00+00:00, run_after=2022-12-03T00:00:00+00:00
[2022-12-03T11:03:31.178+0000] {processor.py:176} INFO - Processing /home/airflow/.local/lib/python3.7/site-packages/airflow/example_dags/example_branch_operator_decorator.py took 0.075 seconds
[2022-12-03T11:21:01.811+0000] {processor.py:154} INFO - Started process (PID=14110) to work on /home/airflow/.local/lib/python3.7/site-packages/airflow/example_dags/example_branch_operator_decorator.py
[2022-12-03T11:21:01.813+0000] {processor.py:756} INFO - Processing file /home/airflow/.local/lib/python3.7/site-packages/airflow/example_dags/example_branch_operator_decorator.py for tasks to queue
[2022-12-03T11:21:01.815+0000] {logging_mixin.py:137} INFO - [2022-12-03T11:21:01.815+0000] {dagbag.py:537} INFO - Filling up the DagBag from /home/airflow/.local/lib/python3.7/site-packages/airflow/example_dags/example_branch_operator_decorator.py
[2022-12-03T11:21:01.835+0000] {processor.py:766} INFO - DAG(s) dict_keys(['example_branch_python_operator_decorator']) retrieved from /home/airflow/.local/lib/python3.7/site-packages/airflow/example_dags/example_branch_operator_decorator.py
[2022-12-03T11:21:01.865+0000] {logging_mixin.py:137} INFO - [2022-12-03T11:21:01.865+0000] {dag.py:2585} INFO - Sync 1 DAGs
[2022-12-03T11:21:01.882+0000] {logging_mixin.py:137} INFO - [2022-12-03T11:21:01.882+0000] {dag.py:3340} INFO - Setting next_dagrun for example_branch_python_operator_decorator to 2022-12-02T00:00:00+00:00, run_after=2022-12-03T00:00:00+00:00
[2022-12-03T11:21:01.901+0000] {processor.py:176} INFO - Processing /home/airflow/.local/lib/python3.7/site-packages/airflow/example_dags/example_branch_operator_decorator.py took 0.092 seconds
[2022-12-03T12:21:05.105+0000] {processor.py:154} INFO - Started process (PID=14183) to work on /home/airflow/.local/lib/python3.7/site-packages/airflow/example_dags/example_branch_operator_decorator.py
[2022-12-03T12:21:05.107+0000] {processor.py:756} INFO - Processing file /home/airflow/.local/lib/python3.7/site-packages/airflow/example_dags/example_branch_operator_decorator.py for tasks to queue
[2022-12-03T12:21:05.108+0000] {logging_mixin.py:137} INFO - [2022-12-03T12:21:05.108+0000] {dagbag.py:537} INFO - Filling up the DagBag from /home/airflow/.local/lib/python3.7/site-packages/airflow/example_dags/example_branch_operator_decorator.py
[2022-12-03T12:21:05.126+0000] {processor.py:766} INFO - DAG(s) dict_keys(['example_branch_python_operator_decorator']) retrieved from /home/airflow/.local/lib/python3.7/site-packages/airflow/example_dags/example_branch_operator_decorator.py
[2022-12-03T12:21:05.158+0000] {logging_mixin.py:137} INFO - [2022-12-03T12:21:05.158+0000] {dag.py:2585} INFO - Sync 1 DAGs
[2022-12-03T12:21:05.177+0000] {logging_mixin.py:137} INFO - [2022-12-03T12:21:05.177+0000] {dag.py:3340} INFO - Setting next_dagrun for example_branch_python_operator_decorator to 2022-12-02T00:00:00+00:00, run_after=2022-12-03T00:00:00+00:00
[2022-12-03T12:21:05.191+0000] {processor.py:176} INFO - Processing /home/airflow/.local/lib/python3.7/site-packages/airflow/example_dags/example_branch_operator_decorator.py took 0.089 seconds
[2022-12-03T13:24:18.121+0000] {processor.py:154} INFO - Started process (PID=14258) to work on /home/airflow/.local/lib/python3.7/site-packages/airflow/example_dags/example_branch_operator_decorator.py
[2022-12-03T13:24:18.122+0000] {processor.py:756} INFO - Processing file /home/airflow/.local/lib/python3.7/site-packages/airflow/example_dags/example_branch_operator_decorator.py for tasks to queue
[2022-12-03T13:24:18.124+0000] {logging_mixin.py:137} INFO - [2022-12-03T13:24:18.124+0000] {dagbag.py:537} INFO - Filling up the DagBag from /home/airflow/.local/lib/python3.7/site-packages/airflow/example_dags/example_branch_operator_decorator.py
[2022-12-03T13:24:18.141+0000] {processor.py:766} INFO - DAG(s) dict_keys(['example_branch_python_operator_decorator']) retrieved from /home/airflow/.local/lib/python3.7/site-packages/airflow/example_dags/example_branch_operator_decorator.py
[2022-12-03T13:24:18.176+0000] {logging_mixin.py:137} INFO - [2022-12-03T13:24:18.176+0000] {dag.py:2585} INFO - Sync 1 DAGs
[2022-12-03T13:24:18.204+0000] {logging_mixin.py:137} INFO - [2022-12-03T13:24:18.204+0000] {dag.py:3340} INFO - Setting next_dagrun for example_branch_python_operator_decorator to 2022-12-02T00:00:00+00:00, run_after=2022-12-03T00:00:00+00:00
[2022-12-03T13:24:18.221+0000] {processor.py:176} INFO - Processing /home/airflow/.local/lib/python3.7/site-packages/airflow/example_dags/example_branch_operator_decorator.py took 0.103 seconds
[2022-12-03T14:43:48.195+0000] {processor.py:154} INFO - Started process (PID=14313) to work on /home/airflow/.local/lib/python3.7/site-packages/airflow/example_dags/example_branch_operator_decorator.py
[2022-12-03T14:43:48.197+0000] {processor.py:756} INFO - Processing file /home/airflow/.local/lib/python3.7/site-packages/airflow/example_dags/example_branch_operator_decorator.py for tasks to queue
[2022-12-03T14:43:48.198+0000] {logging_mixin.py:137} INFO - [2022-12-03T14:43:48.198+0000] {dagbag.py:537} INFO - Filling up the DagBag from /home/airflow/.local/lib/python3.7/site-packages/airflow/example_dags/example_branch_operator_decorator.py
[2022-12-03T14:43:48.217+0000] {processor.py:766} INFO - DAG(s) dict_keys(['example_branch_python_operator_decorator']) retrieved from /home/airflow/.local/lib/python3.7/site-packages/airflow/example_dags/example_branch_operator_decorator.py
[2022-12-03T14:43:48.252+0000] {logging_mixin.py:137} INFO - [2022-12-03T14:43:48.252+0000] {dag.py:2585} INFO - Sync 1 DAGs
[2022-12-03T14:43:48.269+0000] {logging_mixin.py:137} INFO - [2022-12-03T14:43:48.269+0000] {dag.py:3340} INFO - Setting next_dagrun for example_branch_python_operator_decorator to 2022-12-02T00:00:00+00:00, run_after=2022-12-03T00:00:00+00:00
[2022-12-03T14:43:48.282+0000] {processor.py:176} INFO - Processing /home/airflow/.local/lib/python3.7/site-packages/airflow/example_dags/example_branch_operator_decorator.py took 0.090 seconds
[2022-12-03T16:03:00.485+0000] {processor.py:154} INFO - Started process (PID=14379) to work on /home/airflow/.local/lib/python3.7/site-packages/airflow/example_dags/example_branch_operator_decorator.py
[2022-12-03T16:03:00.487+0000] {processor.py:756} INFO - Processing file /home/airflow/.local/lib/python3.7/site-packages/airflow/example_dags/example_branch_operator_decorator.py for tasks to queue
[2022-12-03T16:03:00.488+0000] {logging_mixin.py:137} INFO - [2022-12-03T16:03:00.488+0000] {dagbag.py:537} INFO - Filling up the DagBag from /home/airflow/.local/lib/python3.7/site-packages/airflow/example_dags/example_branch_operator_decorator.py
[2022-12-03T16:03:00.510+0000] {processor.py:766} INFO - DAG(s) dict_keys(['example_branch_python_operator_decorator']) retrieved from /home/airflow/.local/lib/python3.7/site-packages/airflow/example_dags/example_branch_operator_decorator.py
[2022-12-03T16:03:00.542+0000] {logging_mixin.py:137} INFO - [2022-12-03T16:03:00.542+0000] {dag.py:2585} INFO - Sync 1 DAGs
[2022-12-03T16:03:00.561+0000] {logging_mixin.py:137} INFO - [2022-12-03T16:03:00.561+0000] {dag.py:3340} INFO - Setting next_dagrun for example_branch_python_operator_decorator to 2022-12-02T00:00:00+00:00, run_after=2022-12-03T00:00:00+00:00
[2022-12-03T16:03:00.575+0000] {processor.py:176} INFO - Processing /home/airflow/.local/lib/python3.7/site-packages/airflow/example_dags/example_branch_operator_decorator.py took 0.093 seconds
[2022-12-03T17:24:33.133+0000] {processor.py:154} INFO - Started process (PID=14447) to work on /home/airflow/.local/lib/python3.7/site-packages/airflow/example_dags/example_branch_operator_decorator.py
[2022-12-03T17:24:33.136+0000] {processor.py:756} INFO - Processing file /home/airflow/.local/lib/python3.7/site-packages/airflow/example_dags/example_branch_operator_decorator.py for tasks to queue
[2022-12-03T17:24:33.137+0000] {logging_mixin.py:137} INFO - [2022-12-03T17:24:33.137+0000] {dagbag.py:537} INFO - Filling up the DagBag from /home/airflow/.local/lib/python3.7/site-packages/airflow/example_dags/example_branch_operator_decorator.py
[2022-12-03T17:24:33.154+0000] {processor.py:766} INFO - DAG(s) dict_keys(['example_branch_python_operator_decorator']) retrieved from /home/airflow/.local/lib/python3.7/site-packages/airflow/example_dags/example_branch_operator_decorator.py
[2022-12-03T17:24:33.182+0000] {logging_mixin.py:137} INFO - [2022-12-03T17:24:33.182+0000] {dag.py:2585} INFO - Sync 1 DAGs
[2022-12-03T17:24:33.201+0000] {logging_mixin.py:137} INFO - [2022-12-03T17:24:33.200+0000] {dag.py:3340} INFO - Setting next_dagrun for example_branch_python_operator_decorator to 2022-12-02T00:00:00+00:00, run_after=2022-12-03T00:00:00+00:00
[2022-12-03T17:24:33.214+0000] {processor.py:176} INFO - Processing /home/airflow/.local/lib/python3.7/site-packages/airflow/example_dags/example_branch_operator_decorator.py took 0.083 seconds
[2022-12-03T18:46:59.478+0000] {processor.py:154} INFO - Started process (PID=14514) to work on /home/airflow/.local/lib/python3.7/site-packages/airflow/example_dags/example_branch_operator_decorator.py
[2022-12-03T18:46:59.480+0000] {processor.py:756} INFO - Processing file /home/airflow/.local/lib/python3.7/site-packages/airflow/example_dags/example_branch_operator_decorator.py for tasks to queue
[2022-12-03T18:46:59.481+0000] {logging_mixin.py:137} INFO - [2022-12-03T18:46:59.481+0000] {dagbag.py:537} INFO - Filling up the DagBag from /home/airflow/.local/lib/python3.7/site-packages/airflow/example_dags/example_branch_operator_decorator.py
[2022-12-03T18:46:59.500+0000] {processor.py:766} INFO - DAG(s) dict_keys(['example_branch_python_operator_decorator']) retrieved from /home/airflow/.local/lib/python3.7/site-packages/airflow/example_dags/example_branch_operator_decorator.py
[2022-12-03T18:46:59.532+0000] {logging_mixin.py:137} INFO - [2022-12-03T18:46:59.532+0000] {dag.py:2585} INFO - Sync 1 DAGs
[2022-12-03T18:46:59.550+0000] {logging_mixin.py:137} INFO - [2022-12-03T18:46:59.549+0000] {dag.py:3340} INFO - Setting next_dagrun for example_branch_python_operator_decorator to 2022-12-02T00:00:00+00:00, run_after=2022-12-03T00:00:00+00:00
[2022-12-03T18:46:59.563+0000] {processor.py:176} INFO - Processing /home/airflow/.local/lib/python3.7/site-packages/airflow/example_dags/example_branch_operator_decorator.py took 0.087 seconds
[2022-12-03T19:40:02.917+0000] {processor.py:154} INFO - Started process (PID=14571) to work on /home/airflow/.local/lib/python3.7/site-packages/airflow/example_dags/example_branch_operator_decorator.py
[2022-12-03T19:40:02.918+0000] {processor.py:756} INFO - Processing file /home/airflow/.local/lib/python3.7/site-packages/airflow/example_dags/example_branch_operator_decorator.py for tasks to queue
[2022-12-03T19:40:02.919+0000] {logging_mixin.py:137} INFO - [2022-12-03T19:40:02.919+0000] {dagbag.py:537} INFO - Filling up the DagBag from /home/airflow/.local/lib/python3.7/site-packages/airflow/example_dags/example_branch_operator_decorator.py
[2022-12-03T19:40:02.938+0000] {processor.py:766} INFO - DAG(s) dict_keys(['example_branch_python_operator_decorator']) retrieved from /home/airflow/.local/lib/python3.7/site-packages/airflow/example_dags/example_branch_operator_decorator.py
[2022-12-03T19:40:02.965+0000] {logging_mixin.py:137} INFO - [2022-12-03T19:40:02.965+0000] {dag.py:2585} INFO - Sync 1 DAGs
[2022-12-03T19:40:02.982+0000] {logging_mixin.py:137} INFO - [2022-12-03T19:40:02.982+0000] {dag.py:3340} INFO - Setting next_dagrun for example_branch_python_operator_decorator to 2022-12-02T00:00:00+00:00, run_after=2022-12-03T00:00:00+00:00
[2022-12-03T19:40:02.995+0000] {processor.py:176} INFO - Processing /home/airflow/.local/lib/python3.7/site-packages/airflow/example_dags/example_branch_operator_decorator.py took 0.080 seconds
[2022-12-03T20:15:10.626+0000] {processor.py:154} INFO - Started process (PID=14637) to work on /home/airflow/.local/lib/python3.7/site-packages/airflow/example_dags/example_branch_operator_decorator.py
[2022-12-03T20:15:10.629+0000] {processor.py:756} INFO - Processing file /home/airflow/.local/lib/python3.7/site-packages/airflow/example_dags/example_branch_operator_decorator.py for tasks to queue
[2022-12-03T20:15:10.630+0000] {logging_mixin.py:137} INFO - [2022-12-03T20:15:10.630+0000] {dagbag.py:537} INFO - Filling up the DagBag from /home/airflow/.local/lib/python3.7/site-packages/airflow/example_dags/example_branch_operator_decorator.py
[2022-12-03T20:15:10.648+0000] {processor.py:766} INFO - DAG(s) dict_keys(['example_branch_python_operator_decorator']) retrieved from /home/airflow/.local/lib/python3.7/site-packages/airflow/example_dags/example_branch_operator_decorator.py
[2022-12-03T20:15:10.677+0000] {logging_mixin.py:137} INFO - [2022-12-03T20:15:10.677+0000] {dag.py:2585} INFO - Sync 1 DAGs
[2022-12-03T20:15:10.698+0000] {logging_mixin.py:137} INFO - [2022-12-03T20:15:10.698+0000] {dag.py:3340} INFO - Setting next_dagrun for example_branch_python_operator_decorator to 2022-12-02T00:00:00+00:00, run_after=2022-12-03T00:00:00+00:00
[2022-12-03T20:15:10.714+0000] {processor.py:176} INFO - Processing /home/airflow/.local/lib/python3.7/site-packages/airflow/example_dags/example_branch_operator_decorator.py took 0.090 seconds
[2022-12-03T20:47:37.607+0000] {processor.py:154} INFO - Started process (PID=14702) to work on /home/airflow/.local/lib/python3.7/site-packages/airflow/example_dags/example_branch_operator_decorator.py
[2022-12-03T20:47:37.609+0000] {processor.py:756} INFO - Processing file /home/airflow/.local/lib/python3.7/site-packages/airflow/example_dags/example_branch_operator_decorator.py for tasks to queue
[2022-12-03T20:47:37.610+0000] {logging_mixin.py:137} INFO - [2022-12-03T20:47:37.610+0000] {dagbag.py:537} INFO - Filling up the DagBag from /home/airflow/.local/lib/python3.7/site-packages/airflow/example_dags/example_branch_operator_decorator.py
[2022-12-03T20:47:37.624+0000] {processor.py:766} INFO - DAG(s) dict_keys(['example_branch_python_operator_decorator']) retrieved from /home/airflow/.local/lib/python3.7/site-packages/airflow/example_dags/example_branch_operator_decorator.py
[2022-12-03T20:47:37.652+0000] {logging_mixin.py:137} INFO - [2022-12-03T20:47:37.652+0000] {dag.py:2585} INFO - Sync 1 DAGs
[2022-12-03T20:47:37.669+0000] {logging_mixin.py:137} INFO - [2022-12-03T20:47:37.669+0000] {dag.py:3340} INFO - Setting next_dagrun for example_branch_python_operator_decorator to 2022-12-02T00:00:00+00:00, run_after=2022-12-03T00:00:00+00:00
[2022-12-03T20:47:37.681+0000] {processor.py:176} INFO - Processing /home/airflow/.local/lib/python3.7/site-packages/airflow/example_dags/example_branch_operator_decorator.py took 0.077 seconds
[2022-12-03T22:10:13.670+0000] {processor.py:154} INFO - Started process (PID=14772) to work on /home/airflow/.local/lib/python3.7/site-packages/airflow/example_dags/example_branch_operator_decorator.py
[2022-12-03T22:10:13.672+0000] {processor.py:756} INFO - Processing file /home/airflow/.local/lib/python3.7/site-packages/airflow/example_dags/example_branch_operator_decorator.py for tasks to queue
[2022-12-03T22:10:13.673+0000] {logging_mixin.py:137} INFO - [2022-12-03T22:10:13.673+0000] {dagbag.py:537} INFO - Filling up the DagBag from /home/airflow/.local/lib/python3.7/site-packages/airflow/example_dags/example_branch_operator_decorator.py
[2022-12-03T22:10:13.688+0000] {processor.py:766} INFO - DAG(s) dict_keys(['example_branch_python_operator_decorator']) retrieved from /home/airflow/.local/lib/python3.7/site-packages/airflow/example_dags/example_branch_operator_decorator.py
[2022-12-03T22:10:13.715+0000] {logging_mixin.py:137} INFO - [2022-12-03T22:10:13.715+0000] {dag.py:2585} INFO - Sync 1 DAGs
[2022-12-03T22:10:13.731+0000] {logging_mixin.py:137} INFO - [2022-12-03T22:10:13.731+0000] {dag.py:3340} INFO - Setting next_dagrun for example_branch_python_operator_decorator to 2022-12-02T00:00:00+00:00, run_after=2022-12-03T00:00:00+00:00
[2022-12-03T22:10:13.745+0000] {processor.py:176} INFO - Processing /home/airflow/.local/lib/python3.7/site-packages/airflow/example_dags/example_branch_operator_decorator.py took 0.078 seconds
[2022-12-03T23:31:53.377+0000] {processor.py:154} INFO - Started process (PID=14831) to work on /home/airflow/.local/lib/python3.7/site-packages/airflow/example_dags/example_branch_operator_decorator.py
[2022-12-03T23:31:53.380+0000] {processor.py:756} INFO - Processing file /home/airflow/.local/lib/python3.7/site-packages/airflow/example_dags/example_branch_operator_decorator.py for tasks to queue
[2022-12-03T23:31:53.382+0000] {logging_mixin.py:137} INFO - [2022-12-03T23:31:53.381+0000] {dagbag.py:537} INFO - Filling up the DagBag from /home/airflow/.local/lib/python3.7/site-packages/airflow/example_dags/example_branch_operator_decorator.py
[2022-12-03T23:31:53.427+0000] {processor.py:766} INFO - DAG(s) dict_keys(['example_branch_python_operator_decorator']) retrieved from /home/airflow/.local/lib/python3.7/site-packages/airflow/example_dags/example_branch_operator_decorator.py
[2022-12-03T23:31:53.485+0000] {logging_mixin.py:137} INFO - [2022-12-03T23:31:53.485+0000] {dag.py:2585} INFO - Sync 1 DAGs
[2022-12-03T23:31:53.515+0000] {logging_mixin.py:137} INFO - [2022-12-03T23:31:53.515+0000] {dag.py:3340} INFO - Setting next_dagrun for example_branch_python_operator_decorator to 2022-12-02T00:00:00+00:00, run_after=2022-12-03T00:00:00+00:00
[2022-12-03T23:31:53.551+0000] {processor.py:176} INFO - Processing /home/airflow/.local/lib/python3.7/site-packages/airflow/example_dags/example_branch_operator_decorator.py took 0.177 seconds
