[2022-12-03T00:24:10.361+0000] {processor.py:154} INFO - Started process (PID=13511) to work on /home/airflow/.local/lib/python3.7/site-packages/airflow/example_dags/example_branch_operator.py
[2022-12-03T00:24:10.363+0000] {processor.py:756} INFO - Processing file /home/airflow/.local/lib/python3.7/site-packages/airflow/example_dags/example_branch_operator.py for tasks to queue
[2022-12-03T00:24:10.365+0000] {logging_mixin.py:137} INFO - [2022-12-03T00:24:10.365+0000] {dagbag.py:537} INFO - Filling up the DagBag from /home/airflow/.local/lib/python3.7/site-packages/airflow/example_dags/example_branch_operator.py
[2022-12-03T00:24:10.382+0000] {processor.py:766} INFO - DAG(s) dict_keys(['example_branch_operator']) retrieved from /home/airflow/.local/lib/python3.7/site-packages/airflow/example_dags/example_branch_operator.py
[2022-12-03T00:24:10.414+0000] {logging_mixin.py:137} INFO - [2022-12-03T00:24:10.414+0000] {dag.py:2585} INFO - Sync 1 DAGs
[2022-12-03T00:24:10.437+0000] {logging_mixin.py:137} INFO - [2022-12-03T00:24:10.437+0000] {dag.py:3340} INFO - Setting next_dagrun for example_branch_operator to 2022-12-02T00:00:00+00:00, run_after=2022-12-03T00:00:00+00:00
[2022-12-03T00:24:10.453+0000] {processor.py:176} INFO - Processing /home/airflow/.local/lib/python3.7/site-packages/airflow/example_dags/example_branch_operator.py took 0.095 seconds
[2022-12-03T01:45:42.418+0000] {processor.py:154} INFO - Started process (PID=13580) to work on /home/airflow/.local/lib/python3.7/site-packages/airflow/example_dags/example_branch_operator.py
[2022-12-03T01:45:42.419+0000] {processor.py:756} INFO - Processing file /home/airflow/.local/lib/python3.7/site-packages/airflow/example_dags/example_branch_operator.py for tasks to queue
[2022-12-03T01:45:42.421+0000] {logging_mixin.py:137} INFO - [2022-12-03T01:45:42.421+0000] {dagbag.py:537} INFO - Filling up the DagBag from /home/airflow/.local/lib/python3.7/site-packages/airflow/example_dags/example_branch_operator.py
[2022-12-03T01:45:42.433+0000] {processor.py:766} INFO - DAG(s) dict_keys(['example_branch_operator']) retrieved from /home/airflow/.local/lib/python3.7/site-packages/airflow/example_dags/example_branch_operator.py
[2022-12-03T01:45:42.475+0000] {logging_mixin.py:137} INFO - [2022-12-03T01:45:42.475+0000] {dag.py:2585} INFO - Sync 1 DAGs
[2022-12-03T01:45:42.499+0000] {logging_mixin.py:137} INFO - [2022-12-03T01:45:42.499+0000] {dag.py:3340} INFO - Setting next_dagrun for example_branch_operator to 2022-12-02T00:00:00+00:00, run_after=2022-12-03T00:00:00+00:00
[2022-12-03T01:45:42.515+0000] {processor.py:176} INFO - Processing /home/airflow/.local/lib/python3.7/site-packages/airflow/example_dags/example_branch_operator.py took 0.100 seconds
[2022-12-03T03:05:51.328+0000] {processor.py:154} INFO - Started process (PID=13648) to work on /home/airflow/.local/lib/python3.7/site-packages/airflow/example_dags/example_branch_operator.py
[2022-12-03T03:05:51.330+0000] {processor.py:756} INFO - Processing file /home/airflow/.local/lib/python3.7/site-packages/airflow/example_dags/example_branch_operator.py for tasks to queue
[2022-12-03T03:05:51.331+0000] {logging_mixin.py:137} INFO - [2022-12-03T03:05:51.331+0000] {dagbag.py:537} INFO - Filling up the DagBag from /home/airflow/.local/lib/python3.7/site-packages/airflow/example_dags/example_branch_operator.py
[2022-12-03T03:05:51.342+0000] {processor.py:766} INFO - DAG(s) dict_keys(['example_branch_operator']) retrieved from /home/airflow/.local/lib/python3.7/site-packages/airflow/example_dags/example_branch_operator.py
[2022-12-03T03:05:51.372+0000] {logging_mixin.py:137} INFO - [2022-12-03T03:05:51.372+0000] {dag.py:2585} INFO - Sync 1 DAGs
[2022-12-03T03:05:51.388+0000] {logging_mixin.py:137} INFO - [2022-12-03T03:05:51.388+0000] {dag.py:3340} INFO - Setting next_dagrun for example_branch_operator to 2022-12-02T00:00:00+00:00, run_after=2022-12-03T00:00:00+00:00
[2022-12-03T03:05:51.399+0000] {processor.py:176} INFO - Processing /home/airflow/.local/lib/python3.7/site-packages/airflow/example_dags/example_branch_operator.py took 0.073 seconds
[2022-12-03T04:30:01.366+0000] {processor.py:154} INFO - Started process (PID=13715) to work on /home/airflow/.local/lib/python3.7/site-packages/airflow/example_dags/example_branch_operator.py
[2022-12-03T04:30:01.368+0000] {processor.py:756} INFO - Processing file /home/airflow/.local/lib/python3.7/site-packages/airflow/example_dags/example_branch_operator.py for tasks to queue
[2022-12-03T04:30:01.369+0000] {logging_mixin.py:137} INFO - [2022-12-03T04:30:01.369+0000] {dagbag.py:537} INFO - Filling up the DagBag from /home/airflow/.local/lib/python3.7/site-packages/airflow/example_dags/example_branch_operator.py
[2022-12-03T04:30:01.381+0000] {processor.py:766} INFO - DAG(s) dict_keys(['example_branch_operator']) retrieved from /home/airflow/.local/lib/python3.7/site-packages/airflow/example_dags/example_branch_operator.py
[2022-12-03T04:30:01.407+0000] {logging_mixin.py:137} INFO - [2022-12-03T04:30:01.407+0000] {dag.py:2585} INFO - Sync 1 DAGs
[2022-12-03T04:30:01.423+0000] {logging_mixin.py:137} INFO - [2022-12-03T04:30:01.423+0000] {dag.py:3340} INFO - Setting next_dagrun for example_branch_operator to 2022-12-02T00:00:00+00:00, run_after=2022-12-03T00:00:00+00:00
[2022-12-03T04:30:01.436+0000] {processor.py:176} INFO - Processing /home/airflow/.local/lib/python3.7/site-packages/airflow/example_dags/example_branch_operator.py took 0.071 seconds
[2022-12-03T05:52:52.256+0000] {processor.py:154} INFO - Started process (PID=13776) to work on /home/airflow/.local/lib/python3.7/site-packages/airflow/example_dags/example_branch_operator.py
[2022-12-03T05:52:52.258+0000] {processor.py:756} INFO - Processing file /home/airflow/.local/lib/python3.7/site-packages/airflow/example_dags/example_branch_operator.py for tasks to queue
[2022-12-03T05:52:52.259+0000] {logging_mixin.py:137} INFO - [2022-12-03T05:52:52.259+0000] {dagbag.py:537} INFO - Filling up the DagBag from /home/airflow/.local/lib/python3.7/site-packages/airflow/example_dags/example_branch_operator.py
[2022-12-03T05:52:52.271+0000] {processor.py:766} INFO - DAG(s) dict_keys(['example_branch_operator']) retrieved from /home/airflow/.local/lib/python3.7/site-packages/airflow/example_dags/example_branch_operator.py
[2022-12-03T05:52:52.309+0000] {logging_mixin.py:137} INFO - [2022-12-03T05:52:52.309+0000] {dag.py:2585} INFO - Sync 1 DAGs
[2022-12-03T05:52:52.328+0000] {logging_mixin.py:137} INFO - [2022-12-03T05:52:52.328+0000] {dag.py:3340} INFO - Setting next_dagrun for example_branch_operator to 2022-12-02T00:00:00+00:00, run_after=2022-12-03T00:00:00+00:00
[2022-12-03T05:52:52.341+0000] {processor.py:176} INFO - Processing /home/airflow/.local/lib/python3.7/site-packages/airflow/example_dags/example_branch_operator.py took 0.087 seconds
[2022-12-03T07:14:05.364+0000] {processor.py:154} INFO - Started process (PID=13847) to work on /home/airflow/.local/lib/python3.7/site-packages/airflow/example_dags/example_branch_operator.py
[2022-12-03T07:14:05.366+0000] {processor.py:756} INFO - Processing file /home/airflow/.local/lib/python3.7/site-packages/airflow/example_dags/example_branch_operator.py for tasks to queue
[2022-12-03T07:14:05.367+0000] {logging_mixin.py:137} INFO - [2022-12-03T07:14:05.367+0000] {dagbag.py:537} INFO - Filling up the DagBag from /home/airflow/.local/lib/python3.7/site-packages/airflow/example_dags/example_branch_operator.py
[2022-12-03T07:14:05.380+0000] {processor.py:766} INFO - DAG(s) dict_keys(['example_branch_operator']) retrieved from /home/airflow/.local/lib/python3.7/site-packages/airflow/example_dags/example_branch_operator.py
[2022-12-03T07:14:05.408+0000] {logging_mixin.py:137} INFO - [2022-12-03T07:14:05.408+0000] {dag.py:2585} INFO - Sync 1 DAGs
[2022-12-03T07:14:05.427+0000] {logging_mixin.py:137} INFO - [2022-12-03T07:14:05.427+0000] {dag.py:3340} INFO - Setting next_dagrun for example_branch_operator to 2022-12-02T00:00:00+00:00, run_after=2022-12-03T00:00:00+00:00
[2022-12-03T07:14:05.445+0000] {processor.py:176} INFO - Processing /home/airflow/.local/lib/python3.7/site-packages/airflow/example_dags/example_branch_operator.py took 0.083 seconds
[2022-12-03T08:36:17.364+0000] {processor.py:154} INFO - Started process (PID=13920) to work on /home/airflow/.local/lib/python3.7/site-packages/airflow/example_dags/example_branch_operator.py
[2022-12-03T08:36:17.365+0000] {processor.py:756} INFO - Processing file /home/airflow/.local/lib/python3.7/site-packages/airflow/example_dags/example_branch_operator.py for tasks to queue
[2022-12-03T08:36:17.367+0000] {logging_mixin.py:137} INFO - [2022-12-03T08:36:17.367+0000] {dagbag.py:537} INFO - Filling up the DagBag from /home/airflow/.local/lib/python3.7/site-packages/airflow/example_dags/example_branch_operator.py
[2022-12-03T08:36:17.378+0000] {processor.py:766} INFO - DAG(s) dict_keys(['example_branch_operator']) retrieved from /home/airflow/.local/lib/python3.7/site-packages/airflow/example_dags/example_branch_operator.py
[2022-12-03T08:36:17.410+0000] {logging_mixin.py:137} INFO - [2022-12-03T08:36:17.410+0000] {dag.py:2585} INFO - Sync 1 DAGs
[2022-12-03T08:36:17.427+0000] {logging_mixin.py:137} INFO - [2022-12-03T08:36:17.427+0000] {dag.py:3340} INFO - Setting next_dagrun for example_branch_operator to 2022-12-02T00:00:00+00:00, run_after=2022-12-03T00:00:00+00:00
[2022-12-03T08:36:17.439+0000] {processor.py:176} INFO - Processing /home/airflow/.local/lib/python3.7/site-packages/airflow/example_dags/example_branch_operator.py took 0.078 seconds
[2022-12-03T09:58:30.562+0000] {processor.py:154} INFO - Started process (PID=13988) to work on /home/airflow/.local/lib/python3.7/site-packages/airflow/example_dags/example_branch_operator.py
[2022-12-03T09:58:30.564+0000] {processor.py:756} INFO - Processing file /home/airflow/.local/lib/python3.7/site-packages/airflow/example_dags/example_branch_operator.py for tasks to queue
[2022-12-03T09:58:30.566+0000] {logging_mixin.py:137} INFO - [2022-12-03T09:58:30.566+0000] {dagbag.py:537} INFO - Filling up the DagBag from /home/airflow/.local/lib/python3.7/site-packages/airflow/example_dags/example_branch_operator.py
[2022-12-03T09:58:30.580+0000] {processor.py:766} INFO - DAG(s) dict_keys(['example_branch_operator']) retrieved from /home/airflow/.local/lib/python3.7/site-packages/airflow/example_dags/example_branch_operator.py
[2022-12-03T09:58:30.812+0000] {logging_mixin.py:137} INFO - [2022-12-03T09:58:30.812+0000] {dag.py:2585} INFO - Sync 1 DAGs
[2022-12-03T09:58:30.840+0000] {logging_mixin.py:137} INFO - [2022-12-03T09:58:30.840+0000] {dag.py:3340} INFO - Setting next_dagrun for example_branch_operator to 2022-12-02T00:00:00+00:00, run_after=2022-12-03T00:00:00+00:00
[2022-12-03T09:58:30.886+0000] {processor.py:176} INFO - Processing /home/airflow/.local/lib/python3.7/site-packages/airflow/example_dags/example_branch_operator.py took 0.327 seconds
[2022-12-03T11:03:31.560+0000] {processor.py:154} INFO - Started process (PID=14043) to work on /home/airflow/.local/lib/python3.7/site-packages/airflow/example_dags/example_branch_operator.py
[2022-12-03T11:03:31.562+0000] {processor.py:756} INFO - Processing file /home/airflow/.local/lib/python3.7/site-packages/airflow/example_dags/example_branch_operator.py for tasks to queue
[2022-12-03T11:03:31.564+0000] {logging_mixin.py:137} INFO - [2022-12-03T11:03:31.564+0000] {dagbag.py:537} INFO - Filling up the DagBag from /home/airflow/.local/lib/python3.7/site-packages/airflow/example_dags/example_branch_operator.py
[2022-12-03T11:03:31.577+0000] {processor.py:766} INFO - DAG(s) dict_keys(['example_branch_operator']) retrieved from /home/airflow/.local/lib/python3.7/site-packages/airflow/example_dags/example_branch_operator.py
[2022-12-03T11:03:31.608+0000] {logging_mixin.py:137} INFO - [2022-12-03T11:03:31.608+0000] {dag.py:2585} INFO - Sync 1 DAGs
[2022-12-03T11:03:31.624+0000] {logging_mixin.py:137} INFO - [2022-12-03T11:03:31.624+0000] {dag.py:3340} INFO - Setting next_dagrun for example_branch_operator to 2022-12-02T00:00:00+00:00, run_after=2022-12-03T00:00:00+00:00
[2022-12-03T11:03:31.636+0000] {processor.py:176} INFO - Processing /home/airflow/.local/lib/python3.7/site-packages/airflow/example_dags/example_branch_operator.py took 0.079 seconds
[2022-12-03T11:21:02.177+0000] {processor.py:154} INFO - Started process (PID=14117) to work on /home/airflow/.local/lib/python3.7/site-packages/airflow/example_dags/example_branch_operator.py
[2022-12-03T11:21:02.179+0000] {processor.py:756} INFO - Processing file /home/airflow/.local/lib/python3.7/site-packages/airflow/example_dags/example_branch_operator.py for tasks to queue
[2022-12-03T11:21:02.180+0000] {logging_mixin.py:137} INFO - [2022-12-03T11:21:02.180+0000] {dagbag.py:537} INFO - Filling up the DagBag from /home/airflow/.local/lib/python3.7/site-packages/airflow/example_dags/example_branch_operator.py
[2022-12-03T11:21:02.194+0000] {processor.py:766} INFO - DAG(s) dict_keys(['example_branch_operator']) retrieved from /home/airflow/.local/lib/python3.7/site-packages/airflow/example_dags/example_branch_operator.py
[2022-12-03T11:21:02.227+0000] {logging_mixin.py:137} INFO - [2022-12-03T11:21:02.227+0000] {dag.py:2585} INFO - Sync 1 DAGs
[2022-12-03T11:21:02.248+0000] {logging_mixin.py:137} INFO - [2022-12-03T11:21:02.248+0000] {dag.py:3340} INFO - Setting next_dagrun for example_branch_operator to 2022-12-02T00:00:00+00:00, run_after=2022-12-03T00:00:00+00:00
[2022-12-03T11:21:02.265+0000] {processor.py:176} INFO - Processing /home/airflow/.local/lib/python3.7/site-packages/airflow/example_dags/example_branch_operator.py took 0.091 seconds
[2022-12-03T12:21:05.464+0000] {processor.py:154} INFO - Started process (PID=14190) to work on /home/airflow/.local/lib/python3.7/site-packages/airflow/example_dags/example_branch_operator.py
[2022-12-03T12:21:05.466+0000] {processor.py:756} INFO - Processing file /home/airflow/.local/lib/python3.7/site-packages/airflow/example_dags/example_branch_operator.py for tasks to queue
[2022-12-03T12:21:05.467+0000] {logging_mixin.py:137} INFO - [2022-12-03T12:21:05.467+0000] {dagbag.py:537} INFO - Filling up the DagBag from /home/airflow/.local/lib/python3.7/site-packages/airflow/example_dags/example_branch_operator.py
[2022-12-03T12:21:05.479+0000] {processor.py:766} INFO - DAG(s) dict_keys(['example_branch_operator']) retrieved from /home/airflow/.local/lib/python3.7/site-packages/airflow/example_dags/example_branch_operator.py
[2022-12-03T12:21:05.507+0000] {logging_mixin.py:137} INFO - [2022-12-03T12:21:05.507+0000] {dag.py:2585} INFO - Sync 1 DAGs
[2022-12-03T12:21:05.526+0000] {logging_mixin.py:137} INFO - [2022-12-03T12:21:05.526+0000] {dag.py:3340} INFO - Setting next_dagrun for example_branch_operator to 2022-12-02T00:00:00+00:00, run_after=2022-12-03T00:00:00+00:00
[2022-12-03T12:21:05.542+0000] {processor.py:176} INFO - Processing /home/airflow/.local/lib/python3.7/site-packages/airflow/example_dags/example_branch_operator.py took 0.081 seconds
[2022-12-03T13:24:18.500+0000] {processor.py:154} INFO - Started process (PID=14265) to work on /home/airflow/.local/lib/python3.7/site-packages/airflow/example_dags/example_branch_operator.py
[2022-12-03T13:24:18.502+0000] {processor.py:756} INFO - Processing file /home/airflow/.local/lib/python3.7/site-packages/airflow/example_dags/example_branch_operator.py for tasks to queue
[2022-12-03T13:24:18.503+0000] {logging_mixin.py:137} INFO - [2022-12-03T13:24:18.503+0000] {dagbag.py:537} INFO - Filling up the DagBag from /home/airflow/.local/lib/python3.7/site-packages/airflow/example_dags/example_branch_operator.py
[2022-12-03T13:24:18.515+0000] {processor.py:766} INFO - DAG(s) dict_keys(['example_branch_operator']) retrieved from /home/airflow/.local/lib/python3.7/site-packages/airflow/example_dags/example_branch_operator.py
[2022-12-03T13:24:18.549+0000] {logging_mixin.py:137} INFO - [2022-12-03T13:24:18.549+0000] {dag.py:2585} INFO - Sync 1 DAGs
[2022-12-03T13:24:18.571+0000] {logging_mixin.py:137} INFO - [2022-12-03T13:24:18.571+0000] {dag.py:3340} INFO - Setting next_dagrun for example_branch_operator to 2022-12-02T00:00:00+00:00, run_after=2022-12-03T00:00:00+00:00
[2022-12-03T13:24:18.586+0000] {processor.py:176} INFO - Processing /home/airflow/.local/lib/python3.7/site-packages/airflow/example_dags/example_branch_operator.py took 0.089 seconds
[2022-12-03T14:43:48.597+0000] {processor.py:154} INFO - Started process (PID=14320) to work on /home/airflow/.local/lib/python3.7/site-packages/airflow/example_dags/example_branch_operator.py
[2022-12-03T14:43:48.599+0000] {processor.py:756} INFO - Processing file /home/airflow/.local/lib/python3.7/site-packages/airflow/example_dags/example_branch_operator.py for tasks to queue
[2022-12-03T14:43:48.600+0000] {logging_mixin.py:137} INFO - [2022-12-03T14:43:48.600+0000] {dagbag.py:537} INFO - Filling up the DagBag from /home/airflow/.local/lib/python3.7/site-packages/airflow/example_dags/example_branch_operator.py
[2022-12-03T14:43:48.613+0000] {processor.py:766} INFO - DAG(s) dict_keys(['example_branch_operator']) retrieved from /home/airflow/.local/lib/python3.7/site-packages/airflow/example_dags/example_branch_operator.py
[2022-12-03T14:43:48.644+0000] {logging_mixin.py:137} INFO - [2022-12-03T14:43:48.644+0000] {dag.py:2585} INFO - Sync 1 DAGs
[2022-12-03T14:43:48.661+0000] {logging_mixin.py:137} INFO - [2022-12-03T14:43:48.661+0000] {dag.py:3340} INFO - Setting next_dagrun for example_branch_operator to 2022-12-02T00:00:00+00:00, run_after=2022-12-03T00:00:00+00:00
[2022-12-03T14:43:48.673+0000] {processor.py:176} INFO - Processing /home/airflow/.local/lib/python3.7/site-packages/airflow/example_dags/example_branch_operator.py took 0.079 seconds
[2022-12-03T16:03:00.852+0000] {processor.py:154} INFO - Started process (PID=14386) to work on /home/airflow/.local/lib/python3.7/site-packages/airflow/example_dags/example_branch_operator.py
[2022-12-03T16:03:00.854+0000] {processor.py:756} INFO - Processing file /home/airflow/.local/lib/python3.7/site-packages/airflow/example_dags/example_branch_operator.py for tasks to queue
[2022-12-03T16:03:00.855+0000] {logging_mixin.py:137} INFO - [2022-12-03T16:03:00.855+0000] {dagbag.py:537} INFO - Filling up the DagBag from /home/airflow/.local/lib/python3.7/site-packages/airflow/example_dags/example_branch_operator.py
[2022-12-03T16:03:00.869+0000] {processor.py:766} INFO - DAG(s) dict_keys(['example_branch_operator']) retrieved from /home/airflow/.local/lib/python3.7/site-packages/airflow/example_dags/example_branch_operator.py
[2022-12-03T16:03:00.902+0000] {logging_mixin.py:137} INFO - [2022-12-03T16:03:00.901+0000] {dag.py:2585} INFO - Sync 1 DAGs
[2022-12-03T16:03:00.920+0000] {logging_mixin.py:137} INFO - [2022-12-03T16:03:00.920+0000] {dag.py:3340} INFO - Setting next_dagrun for example_branch_operator to 2022-12-02T00:00:00+00:00, run_after=2022-12-03T00:00:00+00:00
[2022-12-03T16:03:00.937+0000] {processor.py:176} INFO - Processing /home/airflow/.local/lib/python3.7/site-packages/airflow/example_dags/example_branch_operator.py took 0.088 seconds
[2022-12-03T17:24:33.506+0000] {processor.py:154} INFO - Started process (PID=14454) to work on /home/airflow/.local/lib/python3.7/site-packages/airflow/example_dags/example_branch_operator.py
[2022-12-03T17:24:33.507+0000] {processor.py:756} INFO - Processing file /home/airflow/.local/lib/python3.7/site-packages/airflow/example_dags/example_branch_operator.py for tasks to queue
[2022-12-03T17:24:33.508+0000] {logging_mixin.py:137} INFO - [2022-12-03T17:24:33.508+0000] {dagbag.py:537} INFO - Filling up the DagBag from /home/airflow/.local/lib/python3.7/site-packages/airflow/example_dags/example_branch_operator.py
[2022-12-03T17:24:33.523+0000] {processor.py:766} INFO - DAG(s) dict_keys(['example_branch_operator']) retrieved from /home/airflow/.local/lib/python3.7/site-packages/airflow/example_dags/example_branch_operator.py
[2022-12-03T17:24:33.556+0000] {logging_mixin.py:137} INFO - [2022-12-03T17:24:33.556+0000] {dag.py:2585} INFO - Sync 1 DAGs
[2022-12-03T17:24:33.581+0000] {logging_mixin.py:137} INFO - [2022-12-03T17:24:33.581+0000] {dag.py:3340} INFO - Setting next_dagrun for example_branch_operator to 2022-12-02T00:00:00+00:00, run_after=2022-12-03T00:00:00+00:00
[2022-12-03T17:24:33.595+0000] {processor.py:176} INFO - Processing /home/airflow/.local/lib/python3.7/site-packages/airflow/example_dags/example_branch_operator.py took 0.092 seconds
[2022-12-03T18:46:59.822+0000] {processor.py:154} INFO - Started process (PID=14521) to work on /home/airflow/.local/lib/python3.7/site-packages/airflow/example_dags/example_branch_operator.py
[2022-12-03T18:46:59.823+0000] {processor.py:756} INFO - Processing file /home/airflow/.local/lib/python3.7/site-packages/airflow/example_dags/example_branch_operator.py for tasks to queue
[2022-12-03T18:46:59.824+0000] {logging_mixin.py:137} INFO - [2022-12-03T18:46:59.824+0000] {dagbag.py:537} INFO - Filling up the DagBag from /home/airflow/.local/lib/python3.7/site-packages/airflow/example_dags/example_branch_operator.py
[2022-12-03T18:46:59.836+0000] {processor.py:766} INFO - DAG(s) dict_keys(['example_branch_operator']) retrieved from /home/airflow/.local/lib/python3.7/site-packages/airflow/example_dags/example_branch_operator.py
[2022-12-03T18:46:59.869+0000] {logging_mixin.py:137} INFO - [2022-12-03T18:46:59.869+0000] {dag.py:2585} INFO - Sync 1 DAGs
[2022-12-03T18:46:59.888+0000] {logging_mixin.py:137} INFO - [2022-12-03T18:46:59.887+0000] {dag.py:3340} INFO - Setting next_dagrun for example_branch_operator to 2022-12-02T00:00:00+00:00, run_after=2022-12-03T00:00:00+00:00
[2022-12-03T18:46:59.908+0000] {processor.py:176} INFO - Processing /home/airflow/.local/lib/python3.7/site-packages/airflow/example_dags/example_branch_operator.py took 0.089 seconds
[2022-12-03T19:40:03.243+0000] {processor.py:154} INFO - Started process (PID=14578) to work on /home/airflow/.local/lib/python3.7/site-packages/airflow/example_dags/example_branch_operator.py
[2022-12-03T19:40:03.245+0000] {processor.py:756} INFO - Processing file /home/airflow/.local/lib/python3.7/site-packages/airflow/example_dags/example_branch_operator.py for tasks to queue
[2022-12-03T19:40:03.246+0000] {logging_mixin.py:137} INFO - [2022-12-03T19:40:03.246+0000] {dagbag.py:537} INFO - Filling up the DagBag from /home/airflow/.local/lib/python3.7/site-packages/airflow/example_dags/example_branch_operator.py
[2022-12-03T19:40:03.258+0000] {processor.py:766} INFO - DAG(s) dict_keys(['example_branch_operator']) retrieved from /home/airflow/.local/lib/python3.7/site-packages/airflow/example_dags/example_branch_operator.py
[2022-12-03T19:40:03.285+0000] {logging_mixin.py:137} INFO - [2022-12-03T19:40:03.285+0000] {dag.py:2585} INFO - Sync 1 DAGs
[2022-12-03T19:40:03.302+0000] {logging_mixin.py:137} INFO - [2022-12-03T19:40:03.302+0000] {dag.py:3340} INFO - Setting next_dagrun for example_branch_operator to 2022-12-02T00:00:00+00:00, run_after=2022-12-03T00:00:00+00:00
[2022-12-03T19:40:03.316+0000] {processor.py:176} INFO - Processing /home/airflow/.local/lib/python3.7/site-packages/airflow/example_dags/example_branch_operator.py took 0.075 seconds
[2022-12-03T20:15:11.027+0000] {processor.py:154} INFO - Started process (PID=14644) to work on /home/airflow/.local/lib/python3.7/site-packages/airflow/example_dags/example_branch_operator.py
[2022-12-03T20:15:11.029+0000] {processor.py:756} INFO - Processing file /home/airflow/.local/lib/python3.7/site-packages/airflow/example_dags/example_branch_operator.py for tasks to queue
[2022-12-03T20:15:11.030+0000] {logging_mixin.py:137} INFO - [2022-12-03T20:15:11.030+0000] {dagbag.py:537} INFO - Filling up the DagBag from /home/airflow/.local/lib/python3.7/site-packages/airflow/example_dags/example_branch_operator.py
[2022-12-03T20:15:11.044+0000] {processor.py:766} INFO - DAG(s) dict_keys(['example_branch_operator']) retrieved from /home/airflow/.local/lib/python3.7/site-packages/airflow/example_dags/example_branch_operator.py
[2022-12-03T20:15:11.091+0000] {logging_mixin.py:137} INFO - [2022-12-03T20:15:11.091+0000] {dag.py:2585} INFO - Sync 1 DAGs
[2022-12-03T20:15:11.111+0000] {logging_mixin.py:137} INFO - [2022-12-03T20:15:11.111+0000] {dag.py:3340} INFO - Setting next_dagrun for example_branch_operator to 2022-12-02T00:00:00+00:00, run_after=2022-12-03T00:00:00+00:00
[2022-12-03T20:15:11.124+0000] {processor.py:176} INFO - Processing /home/airflow/.local/lib/python3.7/site-packages/airflow/example_dags/example_branch_operator.py took 0.100 seconds
[2022-12-03T20:47:38.070+0000] {processor.py:154} INFO - Started process (PID=14709) to work on /home/airflow/.local/lib/python3.7/site-packages/airflow/example_dags/example_branch_operator.py
[2022-12-03T20:47:38.072+0000] {processor.py:756} INFO - Processing file /home/airflow/.local/lib/python3.7/site-packages/airflow/example_dags/example_branch_operator.py for tasks to queue
[2022-12-03T20:47:38.073+0000] {logging_mixin.py:137} INFO - [2022-12-03T20:47:38.073+0000] {dagbag.py:537} INFO - Filling up the DagBag from /home/airflow/.local/lib/python3.7/site-packages/airflow/example_dags/example_branch_operator.py
[2022-12-03T20:47:38.083+0000] {processor.py:766} INFO - DAG(s) dict_keys(['example_branch_operator']) retrieved from /home/airflow/.local/lib/python3.7/site-packages/airflow/example_dags/example_branch_operator.py
[2022-12-03T20:47:38.111+0000] {logging_mixin.py:137} INFO - [2022-12-03T20:47:38.111+0000] {dag.py:2585} INFO - Sync 1 DAGs
[2022-12-03T20:47:38.124+0000] {logging_mixin.py:137} INFO - [2022-12-03T20:47:38.124+0000] {dag.py:3340} INFO - Setting next_dagrun for example_branch_operator to 2022-12-02T00:00:00+00:00, run_after=2022-12-03T00:00:00+00:00
[2022-12-03T20:47:38.135+0000] {processor.py:176} INFO - Processing /home/airflow/.local/lib/python3.7/site-packages/airflow/example_dags/example_branch_operator.py took 0.067 seconds
[2022-12-03T22:10:14.115+0000] {processor.py:154} INFO - Started process (PID=14779) to work on /home/airflow/.local/lib/python3.7/site-packages/airflow/example_dags/example_branch_operator.py
[2022-12-03T22:10:14.116+0000] {processor.py:756} INFO - Processing file /home/airflow/.local/lib/python3.7/site-packages/airflow/example_dags/example_branch_operator.py for tasks to queue
[2022-12-03T22:10:14.117+0000] {logging_mixin.py:137} INFO - [2022-12-03T22:10:14.117+0000] {dagbag.py:537} INFO - Filling up the DagBag from /home/airflow/.local/lib/python3.7/site-packages/airflow/example_dags/example_branch_operator.py
[2022-12-03T22:10:14.130+0000] {processor.py:766} INFO - DAG(s) dict_keys(['example_branch_operator']) retrieved from /home/airflow/.local/lib/python3.7/site-packages/airflow/example_dags/example_branch_operator.py
[2022-12-03T22:10:14.162+0000] {logging_mixin.py:137} INFO - [2022-12-03T22:10:14.162+0000] {dag.py:2585} INFO - Sync 1 DAGs
[2022-12-03T22:10:14.178+0000] {logging_mixin.py:137} INFO - [2022-12-03T22:10:14.177+0000] {dag.py:3340} INFO - Setting next_dagrun for example_branch_operator to 2022-12-02T00:00:00+00:00, run_after=2022-12-03T00:00:00+00:00
[2022-12-03T22:10:14.189+0000] {processor.py:176} INFO - Processing /home/airflow/.local/lib/python3.7/site-packages/airflow/example_dags/example_branch_operator.py took 0.077 seconds
[2022-12-03T23:31:53.843+0000] {processor.py:154} INFO - Started process (PID=14838) to work on /home/airflow/.local/lib/python3.7/site-packages/airflow/example_dags/example_branch_operator.py
[2022-12-03T23:31:53.844+0000] {processor.py:756} INFO - Processing file /home/airflow/.local/lib/python3.7/site-packages/airflow/example_dags/example_branch_operator.py for tasks to queue
[2022-12-03T23:31:53.845+0000] {logging_mixin.py:137} INFO - [2022-12-03T23:31:53.845+0000] {dagbag.py:537} INFO - Filling up the DagBag from /home/airflow/.local/lib/python3.7/site-packages/airflow/example_dags/example_branch_operator.py
[2022-12-03T23:31:53.857+0000] {processor.py:766} INFO - DAG(s) dict_keys(['example_branch_operator']) retrieved from /home/airflow/.local/lib/python3.7/site-packages/airflow/example_dags/example_branch_operator.py
[2022-12-03T23:31:53.890+0000] {logging_mixin.py:137} INFO - [2022-12-03T23:31:53.890+0000] {dag.py:2585} INFO - Sync 1 DAGs
[2022-12-03T23:31:53.906+0000] {logging_mixin.py:137} INFO - [2022-12-03T23:31:53.906+0000] {dag.py:3340} INFO - Setting next_dagrun for example_branch_operator to 2022-12-02T00:00:00+00:00, run_after=2022-12-03T00:00:00+00:00
[2022-12-03T23:31:53.922+0000] {processor.py:176} INFO - Processing /home/airflow/.local/lib/python3.7/site-packages/airflow/example_dags/example_branch_operator.py took 0.081 seconds
