[2022-12-03T00:24:07.758+0000] {processor.py:154} INFO - Started process (PID=13487) to work on /home/airflow/.local/lib/python3.7/site-packages/airflow/example_dags/example_short_circuit_decorator.py
[2022-12-03T00:24:07.759+0000] {processor.py:756} INFO - Processing file /home/airflow/.local/lib/python3.7/site-packages/airflow/example_dags/example_short_circuit_decorator.py for tasks to queue
[2022-12-03T00:24:07.761+0000] {logging_mixin.py:137} INFO - [2022-12-03T00:24:07.760+0000] {dagbag.py:537} INFO - Filling up the DagBag from /home/airflow/.local/lib/python3.7/site-packages/airflow/example_dags/example_short_circuit_decorator.py
[2022-12-03T00:24:07.778+0000] {processor.py:766} INFO - DAG(s) dict_keys(['example_short_circuit_decorator']) retrieved from /home/airflow/.local/lib/python3.7/site-packages/airflow/example_dags/example_short_circuit_decorator.py
[2022-12-03T00:24:07.805+0000] {logging_mixin.py:137} INFO - [2022-12-03T00:24:07.805+0000] {dag.py:2585} INFO - Sync 1 DAGs
[2022-12-03T00:24:07.821+0000] {logging_mixin.py:137} INFO - [2022-12-03T00:24:07.820+0000] {dag.py:3340} INFO - Setting next_dagrun for example_short_circuit_decorator to 2022-12-02T00:24:07.820841+00:00, run_after=2022-12-03T00:24:07.820841+00:00
[2022-12-03T00:24:07.836+0000] {processor.py:176} INFO - Processing /home/airflow/.local/lib/python3.7/site-packages/airflow/example_dags/example_short_circuit_decorator.py took 0.080 seconds
[2022-12-03T01:45:40.725+0000] {processor.py:154} INFO - Started process (PID=13556) to work on /home/airflow/.local/lib/python3.7/site-packages/airflow/example_dags/example_short_circuit_decorator.py
[2022-12-03T01:45:40.727+0000] {processor.py:756} INFO - Processing file /home/airflow/.local/lib/python3.7/site-packages/airflow/example_dags/example_short_circuit_decorator.py for tasks to queue
[2022-12-03T01:45:40.728+0000] {logging_mixin.py:137} INFO - [2022-12-03T01:45:40.728+0000] {dagbag.py:537} INFO - Filling up the DagBag from /home/airflow/.local/lib/python3.7/site-packages/airflow/example_dags/example_short_circuit_decorator.py
[2022-12-03T01:45:40.748+0000] {processor.py:766} INFO - DAG(s) dict_keys(['example_short_circuit_decorator']) retrieved from /home/airflow/.local/lib/python3.7/site-packages/airflow/example_dags/example_short_circuit_decorator.py
[2022-12-03T01:45:40.777+0000] {logging_mixin.py:137} INFO - [2022-12-03T01:45:40.776+0000] {dag.py:2585} INFO - Sync 1 DAGs
[2022-12-03T01:45:40.791+0000] {logging_mixin.py:137} INFO - [2022-12-03T01:45:40.791+0000] {dag.py:3340} INFO - Setting next_dagrun for example_short_circuit_decorator to 2022-12-02T01:45:40.791397+00:00, run_after=2022-12-03T01:45:40.791397+00:00
[2022-12-03T01:45:40.804+0000] {processor.py:176} INFO - Processing /home/airflow/.local/lib/python3.7/site-packages/airflow/example_dags/example_short_circuit_decorator.py took 0.082 seconds
[2022-12-03T03:05:49.411+0000] {processor.py:154} INFO - Started process (PID=13624) to work on /home/airflow/.local/lib/python3.7/site-packages/airflow/example_dags/example_short_circuit_decorator.py
[2022-12-03T03:05:49.412+0000] {processor.py:756} INFO - Processing file /home/airflow/.local/lib/python3.7/site-packages/airflow/example_dags/example_short_circuit_decorator.py for tasks to queue
[2022-12-03T03:05:49.413+0000] {logging_mixin.py:137} INFO - [2022-12-03T03:05:49.413+0000] {dagbag.py:537} INFO - Filling up the DagBag from /home/airflow/.local/lib/python3.7/site-packages/airflow/example_dags/example_short_circuit_decorator.py
[2022-12-03T03:05:49.429+0000] {processor.py:766} INFO - DAG(s) dict_keys(['example_short_circuit_decorator']) retrieved from /home/airflow/.local/lib/python3.7/site-packages/airflow/example_dags/example_short_circuit_decorator.py
[2022-12-03T03:05:49.455+0000] {logging_mixin.py:137} INFO - [2022-12-03T03:05:49.455+0000] {dag.py:2585} INFO - Sync 1 DAGs
[2022-12-03T03:05:49.471+0000] {logging_mixin.py:137} INFO - [2022-12-03T03:05:49.471+0000] {dag.py:3340} INFO - Setting next_dagrun for example_short_circuit_decorator to 2022-12-02T03:05:49.470885+00:00, run_after=2022-12-03T03:05:49.470885+00:00
[2022-12-03T03:05:49.490+0000] {processor.py:176} INFO - Processing /home/airflow/.local/lib/python3.7/site-packages/airflow/example_dags/example_short_circuit_decorator.py took 0.081 seconds
[2022-12-03T04:29:59.447+0000] {processor.py:154} INFO - Started process (PID=13683) to work on /home/airflow/.local/lib/python3.7/site-packages/airflow/example_dags/example_short_circuit_decorator.py
[2022-12-03T04:29:59.449+0000] {processor.py:756} INFO - Processing file /home/airflow/.local/lib/python3.7/site-packages/airflow/example_dags/example_short_circuit_decorator.py for tasks to queue
[2022-12-03T04:29:59.451+0000] {logging_mixin.py:137} INFO - [2022-12-03T04:29:59.451+0000] {dagbag.py:537} INFO - Filling up the DagBag from /home/airflow/.local/lib/python3.7/site-packages/airflow/example_dags/example_short_circuit_decorator.py
[2022-12-03T04:29:59.476+0000] {processor.py:766} INFO - DAG(s) dict_keys(['example_short_circuit_decorator']) retrieved from /home/airflow/.local/lib/python3.7/site-packages/airflow/example_dags/example_short_circuit_decorator.py
[2022-12-03T04:29:59.532+0000] {logging_mixin.py:137} INFO - [2022-12-03T04:29:59.532+0000] {dag.py:2585} INFO - Sync 1 DAGs
[2022-12-03T04:29:59.558+0000] {logging_mixin.py:137} INFO - [2022-12-03T04:29:59.558+0000] {dag.py:3340} INFO - Setting next_dagrun for example_short_circuit_decorator to 2022-12-02T04:29:59.558555+00:00, run_after=2022-12-03T04:29:59.558555+00:00
[2022-12-03T04:29:59.579+0000] {processor.py:176} INFO - Processing /home/airflow/.local/lib/python3.7/site-packages/airflow/example_dags/example_short_circuit_decorator.py took 0.138 seconds
[2022-12-03T05:52:50.119+0000] {processor.py:154} INFO - Started process (PID=13752) to work on /home/airflow/.local/lib/python3.7/site-packages/airflow/example_dags/example_short_circuit_decorator.py
[2022-12-03T05:52:50.122+0000] {processor.py:756} INFO - Processing file /home/airflow/.local/lib/python3.7/site-packages/airflow/example_dags/example_short_circuit_decorator.py for tasks to queue
[2022-12-03T05:52:50.124+0000] {logging_mixin.py:137} INFO - [2022-12-03T05:52:50.124+0000] {dagbag.py:537} INFO - Filling up the DagBag from /home/airflow/.local/lib/python3.7/site-packages/airflow/example_dags/example_short_circuit_decorator.py
[2022-12-03T05:52:50.157+0000] {processor.py:766} INFO - DAG(s) dict_keys(['example_short_circuit_decorator']) retrieved from /home/airflow/.local/lib/python3.7/site-packages/airflow/example_dags/example_short_circuit_decorator.py
[2022-12-03T05:52:50.229+0000] {logging_mixin.py:137} INFO - [2022-12-03T05:52:50.229+0000] {dag.py:2585} INFO - Sync 1 DAGs
[2022-12-03T05:52:50.251+0000] {logging_mixin.py:137} INFO - [2022-12-03T05:52:50.250+0000] {dag.py:3340} INFO - Setting next_dagrun for example_short_circuit_decorator to 2022-12-02T05:52:50.250641+00:00, run_after=2022-12-03T05:52:50.250641+00:00
[2022-12-03T05:52:50.281+0000] {processor.py:176} INFO - Processing /home/airflow/.local/lib/python3.7/site-packages/airflow/example_dags/example_short_circuit_decorator.py took 0.165 seconds
[2022-12-03T07:14:03.650+0000] {processor.py:154} INFO - Started process (PID=13823) to work on /home/airflow/.local/lib/python3.7/site-packages/airflow/example_dags/example_short_circuit_decorator.py
[2022-12-03T07:14:03.664+0000] {processor.py:756} INFO - Processing file /home/airflow/.local/lib/python3.7/site-packages/airflow/example_dags/example_short_circuit_decorator.py for tasks to queue
[2022-12-03T07:14:03.666+0000] {logging_mixin.py:137} INFO - [2022-12-03T07:14:03.666+0000] {dagbag.py:537} INFO - Filling up the DagBag from /home/airflow/.local/lib/python3.7/site-packages/airflow/example_dags/example_short_circuit_decorator.py
[2022-12-03T07:14:03.728+0000] {processor.py:766} INFO - DAG(s) dict_keys(['example_short_circuit_decorator']) retrieved from /home/airflow/.local/lib/python3.7/site-packages/airflow/example_dags/example_short_circuit_decorator.py
[2022-12-03T07:14:03.798+0000] {logging_mixin.py:137} INFO - [2022-12-03T07:14:03.797+0000] {dag.py:2585} INFO - Sync 1 DAGs
[2022-12-03T07:14:03.826+0000] {logging_mixin.py:137} INFO - [2022-12-03T07:14:03.826+0000] {dag.py:3340} INFO - Setting next_dagrun for example_short_circuit_decorator to 2022-12-02T07:14:03.826125+00:00, run_after=2022-12-03T07:14:03.826125+00:00
[2022-12-03T07:14:03.873+0000] {processor.py:176} INFO - Processing /home/airflow/.local/lib/python3.7/site-packages/airflow/example_dags/example_short_circuit_decorator.py took 0.232 seconds
[2022-12-03T08:36:15.700+0000] {processor.py:154} INFO - Started process (PID=13896) to work on /home/airflow/.local/lib/python3.7/site-packages/airflow/example_dags/example_short_circuit_decorator.py
[2022-12-03T08:36:15.704+0000] {processor.py:756} INFO - Processing file /home/airflow/.local/lib/python3.7/site-packages/airflow/example_dags/example_short_circuit_decorator.py for tasks to queue
[2022-12-03T08:36:15.706+0000] {logging_mixin.py:137} INFO - [2022-12-03T08:36:15.705+0000] {dagbag.py:537} INFO - Filling up the DagBag from /home/airflow/.local/lib/python3.7/site-packages/airflow/example_dags/example_short_circuit_decorator.py
[2022-12-03T08:36:15.751+0000] {processor.py:766} INFO - DAG(s) dict_keys(['example_short_circuit_decorator']) retrieved from /home/airflow/.local/lib/python3.7/site-packages/airflow/example_dags/example_short_circuit_decorator.py
[2022-12-03T08:36:15.814+0000] {logging_mixin.py:137} INFO - [2022-12-03T08:36:15.814+0000] {dag.py:2585} INFO - Sync 1 DAGs
[2022-12-03T08:36:15.872+0000] {logging_mixin.py:137} INFO - [2022-12-03T08:36:15.871+0000] {dag.py:3340} INFO - Setting next_dagrun for example_short_circuit_decorator to 2022-12-02T08:36:15.871517+00:00, run_after=2022-12-03T08:36:15.871517+00:00
[2022-12-03T08:36:15.896+0000] {processor.py:176} INFO - Processing /home/airflow/.local/lib/python3.7/site-packages/airflow/example_dags/example_short_circuit_decorator.py took 0.199 seconds
[2022-12-03T09:58:28.737+0000] {processor.py:154} INFO - Started process (PID=13964) to work on /home/airflow/.local/lib/python3.7/site-packages/airflow/example_dags/example_short_circuit_decorator.py
[2022-12-03T09:58:28.739+0000] {processor.py:756} INFO - Processing file /home/airflow/.local/lib/python3.7/site-packages/airflow/example_dags/example_short_circuit_decorator.py for tasks to queue
[2022-12-03T09:58:28.741+0000] {logging_mixin.py:137} INFO - [2022-12-03T09:58:28.740+0000] {dagbag.py:537} INFO - Filling up the DagBag from /home/airflow/.local/lib/python3.7/site-packages/airflow/example_dags/example_short_circuit_decorator.py
[2022-12-03T09:58:28.777+0000] {processor.py:766} INFO - DAG(s) dict_keys(['example_short_circuit_decorator']) retrieved from /home/airflow/.local/lib/python3.7/site-packages/airflow/example_dags/example_short_circuit_decorator.py
[2022-12-03T09:58:28.849+0000] {logging_mixin.py:137} INFO - [2022-12-03T09:58:28.849+0000] {dag.py:2585} INFO - Sync 1 DAGs
[2022-12-03T09:58:28.889+0000] {logging_mixin.py:137} INFO - [2022-12-03T09:58:28.889+0000] {dag.py:3340} INFO - Setting next_dagrun for example_short_circuit_decorator to 2022-12-02T09:58:28.889218+00:00, run_after=2022-12-03T09:58:28.889218+00:00
[2022-12-03T09:58:28.919+0000] {processor.py:176} INFO - Processing /home/airflow/.local/lib/python3.7/site-packages/airflow/example_dags/example_short_circuit_decorator.py took 0.187 seconds
[2022-12-03T11:03:29.384+0000] {processor.py:154} INFO - Started process (PID=14019) to work on /home/airflow/.local/lib/python3.7/site-packages/airflow/example_dags/example_short_circuit_decorator.py
[2022-12-03T11:03:29.386+0000] {processor.py:756} INFO - Processing file /home/airflow/.local/lib/python3.7/site-packages/airflow/example_dags/example_short_circuit_decorator.py for tasks to queue
[2022-12-03T11:03:29.387+0000] {logging_mixin.py:137} INFO - [2022-12-03T11:03:29.387+0000] {dagbag.py:537} INFO - Filling up the DagBag from /home/airflow/.local/lib/python3.7/site-packages/airflow/example_dags/example_short_circuit_decorator.py
[2022-12-03T11:03:29.401+0000] {processor.py:766} INFO - DAG(s) dict_keys(['example_short_circuit_decorator']) retrieved from /home/airflow/.local/lib/python3.7/site-packages/airflow/example_dags/example_short_circuit_decorator.py
[2022-12-03T11:03:29.426+0000] {logging_mixin.py:137} INFO - [2022-12-03T11:03:29.426+0000] {dag.py:2585} INFO - Sync 1 DAGs
[2022-12-03T11:03:29.441+0000] {logging_mixin.py:137} INFO - [2022-12-03T11:03:29.441+0000] {dag.py:3340} INFO - Setting next_dagrun for example_short_circuit_decorator to 2022-12-02T11:03:29.440984+00:00, run_after=2022-12-03T11:03:29.440984+00:00
[2022-12-03T11:03:29.452+0000] {processor.py:176} INFO - Processing /home/airflow/.local/lib/python3.7/site-packages/airflow/example_dags/example_short_circuit_decorator.py took 0.070 seconds
[2022-12-03T11:21:00.161+0000] {processor.py:154} INFO - Started process (PID=14093) to work on /home/airflow/.local/lib/python3.7/site-packages/airflow/example_dags/example_short_circuit_decorator.py
[2022-12-03T11:21:00.165+0000] {processor.py:756} INFO - Processing file /home/airflow/.local/lib/python3.7/site-packages/airflow/example_dags/example_short_circuit_decorator.py for tasks to queue
[2022-12-03T11:21:00.166+0000] {logging_mixin.py:137} INFO - [2022-12-03T11:21:00.166+0000] {dagbag.py:537} INFO - Filling up the DagBag from /home/airflow/.local/lib/python3.7/site-packages/airflow/example_dags/example_short_circuit_decorator.py
[2022-12-03T11:21:00.184+0000] {processor.py:766} INFO - DAG(s) dict_keys(['example_short_circuit_decorator']) retrieved from /home/airflow/.local/lib/python3.7/site-packages/airflow/example_dags/example_short_circuit_decorator.py
[2022-12-03T11:21:00.215+0000] {logging_mixin.py:137} INFO - [2022-12-03T11:21:00.214+0000] {dag.py:2585} INFO - Sync 1 DAGs
[2022-12-03T11:21:00.230+0000] {logging_mixin.py:137} INFO - [2022-12-03T11:21:00.230+0000] {dag.py:3340} INFO - Setting next_dagrun for example_short_circuit_decorator to 2022-12-02T11:21:00.230332+00:00, run_after=2022-12-03T11:21:00.230332+00:00
[2022-12-03T11:21:00.243+0000] {processor.py:176} INFO - Processing /home/airflow/.local/lib/python3.7/site-packages/airflow/example_dags/example_short_circuit_decorator.py took 0.085 seconds
[2022-12-03T12:21:03.953+0000] {processor.py:154} INFO - Started process (PID=14166) to work on /home/airflow/.local/lib/python3.7/site-packages/airflow/example_dags/example_short_circuit_decorator.py
[2022-12-03T12:21:03.959+0000] {processor.py:756} INFO - Processing file /home/airflow/.local/lib/python3.7/site-packages/airflow/example_dags/example_short_circuit_decorator.py for tasks to queue
[2022-12-03T12:21:03.962+0000] {logging_mixin.py:137} INFO - [2022-12-03T12:21:03.961+0000] {dagbag.py:537} INFO - Filling up the DagBag from /home/airflow/.local/lib/python3.7/site-packages/airflow/example_dags/example_short_circuit_decorator.py
[2022-12-03T12:21:04.010+0000] {processor.py:766} INFO - DAG(s) dict_keys(['example_short_circuit_decorator']) retrieved from /home/airflow/.local/lib/python3.7/site-packages/airflow/example_dags/example_short_circuit_decorator.py
[2022-12-03T12:21:04.043+0000] {logging_mixin.py:137} INFO - [2022-12-03T12:21:04.043+0000] {dag.py:2585} INFO - Sync 1 DAGs
[2022-12-03T12:21:04.061+0000] {logging_mixin.py:137} INFO - [2022-12-03T12:21:04.061+0000] {dag.py:3340} INFO - Setting next_dagrun for example_short_circuit_decorator to 2022-12-02T12:21:04.061313+00:00, run_after=2022-12-03T12:21:04.061313+00:00
[2022-12-03T12:21:04.076+0000] {processor.py:176} INFO - Processing /home/airflow/.local/lib/python3.7/site-packages/airflow/example_dags/example_short_circuit_decorator.py took 0.128 seconds
[2022-12-03T13:24:16.350+0000] {processor.py:154} INFO - Started process (PID=14241) to work on /home/airflow/.local/lib/python3.7/site-packages/airflow/example_dags/example_short_circuit_decorator.py
[2022-12-03T13:24:16.357+0000] {processor.py:756} INFO - Processing file /home/airflow/.local/lib/python3.7/site-packages/airflow/example_dags/example_short_circuit_decorator.py for tasks to queue
[2022-12-03T13:24:16.360+0000] {logging_mixin.py:137} INFO - [2022-12-03T13:24:16.360+0000] {dagbag.py:537} INFO - Filling up the DagBag from /home/airflow/.local/lib/python3.7/site-packages/airflow/example_dags/example_short_circuit_decorator.py
[2022-12-03T13:24:16.419+0000] {processor.py:766} INFO - DAG(s) dict_keys(['example_short_circuit_decorator']) retrieved from /home/airflow/.local/lib/python3.7/site-packages/airflow/example_dags/example_short_circuit_decorator.py
[2022-12-03T13:24:16.784+0000] {logging_mixin.py:137} INFO - [2022-12-03T13:24:16.783+0000] {dag.py:2585} INFO - Sync 1 DAGs
[2022-12-03T13:24:16.832+0000] {logging_mixin.py:137} INFO - [2022-12-03T13:24:16.832+0000] {dag.py:3340} INFO - Setting next_dagrun for example_short_circuit_decorator to 2022-12-02T13:24:16.831828+00:00, run_after=2022-12-03T13:24:16.831828+00:00
[2022-12-03T13:24:16.892+0000] {processor.py:176} INFO - Processing /home/airflow/.local/lib/python3.7/site-packages/airflow/example_dags/example_short_circuit_decorator.py took 0.548 seconds
[2022-12-03T14:43:46.798+0000] {processor.py:154} INFO - Started process (PID=14296) to work on /home/airflow/.local/lib/python3.7/site-packages/airflow/example_dags/example_short_circuit_decorator.py
[2022-12-03T14:43:46.800+0000] {processor.py:756} INFO - Processing file /home/airflow/.local/lib/python3.7/site-packages/airflow/example_dags/example_short_circuit_decorator.py for tasks to queue
[2022-12-03T14:43:46.801+0000] {logging_mixin.py:137} INFO - [2022-12-03T14:43:46.801+0000] {dagbag.py:537} INFO - Filling up the DagBag from /home/airflow/.local/lib/python3.7/site-packages/airflow/example_dags/example_short_circuit_decorator.py
[2022-12-03T14:43:46.821+0000] {processor.py:766} INFO - DAG(s) dict_keys(['example_short_circuit_decorator']) retrieved from /home/airflow/.local/lib/python3.7/site-packages/airflow/example_dags/example_short_circuit_decorator.py
[2022-12-03T14:43:46.849+0000] {logging_mixin.py:137} INFO - [2022-12-03T14:43:46.849+0000] {dag.py:2585} INFO - Sync 1 DAGs
[2022-12-03T14:43:46.863+0000] {logging_mixin.py:137} INFO - [2022-12-03T14:43:46.863+0000] {dag.py:3340} INFO - Setting next_dagrun for example_short_circuit_decorator to 2022-12-02T14:43:46.863324+00:00, run_after=2022-12-03T14:43:46.863324+00:00
[2022-12-03T14:43:46.876+0000] {processor.py:176} INFO - Processing /home/airflow/.local/lib/python3.7/site-packages/airflow/example_dags/example_short_circuit_decorator.py took 0.081 seconds
[2022-12-03T16:02:58.686+0000] {processor.py:154} INFO - Started process (PID=14362) to work on /home/airflow/.local/lib/python3.7/site-packages/airflow/example_dags/example_short_circuit_decorator.py
[2022-12-03T16:02:58.691+0000] {processor.py:756} INFO - Processing file /home/airflow/.local/lib/python3.7/site-packages/airflow/example_dags/example_short_circuit_decorator.py for tasks to queue
[2022-12-03T16:02:58.693+0000] {logging_mixin.py:137} INFO - [2022-12-03T16:02:58.693+0000] {dagbag.py:537} INFO - Filling up the DagBag from /home/airflow/.local/lib/python3.7/site-packages/airflow/example_dags/example_short_circuit_decorator.py
[2022-12-03T16:02:58.733+0000] {processor.py:766} INFO - DAG(s) dict_keys(['example_short_circuit_decorator']) retrieved from /home/airflow/.local/lib/python3.7/site-packages/airflow/example_dags/example_short_circuit_decorator.py
[2022-12-03T16:02:58.828+0000] {logging_mixin.py:137} INFO - [2022-12-03T16:02:58.828+0000] {dag.py:2585} INFO - Sync 1 DAGs
[2022-12-03T16:02:58.859+0000] {logging_mixin.py:137} INFO - [2022-12-03T16:02:58.859+0000] {dag.py:3340} INFO - Setting next_dagrun for example_short_circuit_decorator to 2022-12-02T16:02:58.858983+00:00, run_after=2022-12-03T16:02:58.858983+00:00
[2022-12-03T16:02:58.880+0000] {processor.py:176} INFO - Processing /home/airflow/.local/lib/python3.7/site-packages/airflow/example_dags/example_short_circuit_decorator.py took 0.198 seconds
[2022-12-03T17:24:31.128+0000] {processor.py:154} INFO - Started process (PID=14430) to work on /home/airflow/.local/lib/python3.7/site-packages/airflow/example_dags/example_short_circuit_decorator.py
[2022-12-03T17:24:31.130+0000] {processor.py:756} INFO - Processing file /home/airflow/.local/lib/python3.7/site-packages/airflow/example_dags/example_short_circuit_decorator.py for tasks to queue
[2022-12-03T17:24:31.132+0000] {logging_mixin.py:137} INFO - [2022-12-03T17:24:31.132+0000] {dagbag.py:537} INFO - Filling up the DagBag from /home/airflow/.local/lib/python3.7/site-packages/airflow/example_dags/example_short_circuit_decorator.py
[2022-12-03T17:24:31.146+0000] {processor.py:766} INFO - DAG(s) dict_keys(['example_short_circuit_decorator']) retrieved from /home/airflow/.local/lib/python3.7/site-packages/airflow/example_dags/example_short_circuit_decorator.py
[2022-12-03T17:24:31.174+0000] {logging_mixin.py:137} INFO - [2022-12-03T17:24:31.174+0000] {dag.py:2585} INFO - Sync 1 DAGs
[2022-12-03T17:24:31.189+0000] {logging_mixin.py:137} INFO - [2022-12-03T17:24:31.189+0000] {dag.py:3340} INFO - Setting next_dagrun for example_short_circuit_decorator to 2022-12-02T17:24:31.189648+00:00, run_after=2022-12-03T17:24:31.189648+00:00
[2022-12-03T17:24:31.202+0000] {processor.py:176} INFO - Processing /home/airflow/.local/lib/python3.7/site-packages/airflow/example_dags/example_short_circuit_decorator.py took 0.075 seconds
[2022-12-03T18:46:57.902+0000] {processor.py:154} INFO - Started process (PID=14497) to work on /home/airflow/.local/lib/python3.7/site-packages/airflow/example_dags/example_short_circuit_decorator.py
[2022-12-03T18:46:57.904+0000] {processor.py:756} INFO - Processing file /home/airflow/.local/lib/python3.7/site-packages/airflow/example_dags/example_short_circuit_decorator.py for tasks to queue
[2022-12-03T18:46:57.907+0000] {logging_mixin.py:137} INFO - [2022-12-03T18:46:57.906+0000] {dagbag.py:537} INFO - Filling up the DagBag from /home/airflow/.local/lib/python3.7/site-packages/airflow/example_dags/example_short_circuit_decorator.py
[2022-12-03T18:46:57.950+0000] {processor.py:766} INFO - DAG(s) dict_keys(['example_short_circuit_decorator']) retrieved from /home/airflow/.local/lib/python3.7/site-packages/airflow/example_dags/example_short_circuit_decorator.py
[2022-12-03T18:46:57.987+0000] {logging_mixin.py:137} INFO - [2022-12-03T18:46:57.987+0000] {dag.py:2585} INFO - Sync 1 DAGs
[2022-12-03T18:46:58.004+0000] {logging_mixin.py:137} INFO - [2022-12-03T18:46:58.004+0000] {dag.py:3340} INFO - Setting next_dagrun for example_short_circuit_decorator to 2022-12-02T18:46:58.004713+00:00, run_after=2022-12-03T18:46:58.004713+00:00
[2022-12-03T18:46:58.020+0000] {processor.py:176} INFO - Processing /home/airflow/.local/lib/python3.7/site-packages/airflow/example_dags/example_short_circuit_decorator.py took 0.121 seconds
[2022-12-03T19:40:01.339+0000] {processor.py:154} INFO - Started process (PID=14554) to work on /home/airflow/.local/lib/python3.7/site-packages/airflow/example_dags/example_short_circuit_decorator.py
[2022-12-03T19:40:01.340+0000] {processor.py:756} INFO - Processing file /home/airflow/.local/lib/python3.7/site-packages/airflow/example_dags/example_short_circuit_decorator.py for tasks to queue
[2022-12-03T19:40:01.341+0000] {logging_mixin.py:137} INFO - [2022-12-03T19:40:01.341+0000] {dagbag.py:537} INFO - Filling up the DagBag from /home/airflow/.local/lib/python3.7/site-packages/airflow/example_dags/example_short_circuit_decorator.py
[2022-12-03T19:40:01.357+0000] {processor.py:766} INFO - DAG(s) dict_keys(['example_short_circuit_decorator']) retrieved from /home/airflow/.local/lib/python3.7/site-packages/airflow/example_dags/example_short_circuit_decorator.py
[2022-12-03T19:40:01.385+0000] {logging_mixin.py:137} INFO - [2022-12-03T19:40:01.385+0000] {dag.py:2585} INFO - Sync 1 DAGs
[2022-12-03T19:40:01.401+0000] {logging_mixin.py:137} INFO - [2022-12-03T19:40:01.401+0000] {dag.py:3340} INFO - Setting next_dagrun for example_short_circuit_decorator to 2022-12-02T19:40:01.401118+00:00, run_after=2022-12-03T19:40:01.401118+00:00
[2022-12-03T19:40:01.414+0000] {processor.py:176} INFO - Processing /home/airflow/.local/lib/python3.7/site-packages/airflow/example_dags/example_short_circuit_decorator.py took 0.078 seconds
[2022-12-03T20:15:09.062+0000] {processor.py:154} INFO - Started process (PID=14620) to work on /home/airflow/.local/lib/python3.7/site-packages/airflow/example_dags/example_short_circuit_decorator.py
[2022-12-03T20:15:09.064+0000] {processor.py:756} INFO - Processing file /home/airflow/.local/lib/python3.7/site-packages/airflow/example_dags/example_short_circuit_decorator.py for tasks to queue
[2022-12-03T20:15:09.066+0000] {logging_mixin.py:137} INFO - [2022-12-03T20:15:09.066+0000] {dagbag.py:537} INFO - Filling up the DagBag from /home/airflow/.local/lib/python3.7/site-packages/airflow/example_dags/example_short_circuit_decorator.py
[2022-12-03T20:15:09.081+0000] {processor.py:766} INFO - DAG(s) dict_keys(['example_short_circuit_decorator']) retrieved from /home/airflow/.local/lib/python3.7/site-packages/airflow/example_dags/example_short_circuit_decorator.py
[2022-12-03T20:15:09.107+0000] {logging_mixin.py:137} INFO - [2022-12-03T20:15:09.107+0000] {dag.py:2585} INFO - Sync 1 DAGs
[2022-12-03T20:15:09.123+0000] {logging_mixin.py:137} INFO - [2022-12-03T20:15:09.122+0000] {dag.py:3340} INFO - Setting next_dagrun for example_short_circuit_decorator to 2022-12-02T20:15:09.122832+00:00, run_after=2022-12-03T20:15:09.122832+00:00
[2022-12-03T20:15:09.135+0000] {processor.py:176} INFO - Processing /home/airflow/.local/lib/python3.7/site-packages/airflow/example_dags/example_short_circuit_decorator.py took 0.076 seconds
[2022-12-03T20:47:36.022+0000] {processor.py:154} INFO - Started process (PID=14685) to work on /home/airflow/.local/lib/python3.7/site-packages/airflow/example_dags/example_short_circuit_decorator.py
[2022-12-03T20:47:36.024+0000] {processor.py:756} INFO - Processing file /home/airflow/.local/lib/python3.7/site-packages/airflow/example_dags/example_short_circuit_decorator.py for tasks to queue
[2022-12-03T20:47:36.025+0000] {logging_mixin.py:137} INFO - [2022-12-03T20:47:36.025+0000] {dagbag.py:537} INFO - Filling up the DagBag from /home/airflow/.local/lib/python3.7/site-packages/airflow/example_dags/example_short_circuit_decorator.py
[2022-12-03T20:47:36.042+0000] {processor.py:766} INFO - DAG(s) dict_keys(['example_short_circuit_decorator']) retrieved from /home/airflow/.local/lib/python3.7/site-packages/airflow/example_dags/example_short_circuit_decorator.py
[2022-12-03T20:47:36.069+0000] {logging_mixin.py:137} INFO - [2022-12-03T20:47:36.069+0000] {dag.py:2585} INFO - Sync 1 DAGs
[2022-12-03T20:47:36.086+0000] {logging_mixin.py:137} INFO - [2022-12-03T20:47:36.086+0000] {dag.py:3340} INFO - Setting next_dagrun for example_short_circuit_decorator to 2022-12-02T20:47:36.086325+00:00, run_after=2022-12-03T20:47:36.086325+00:00
[2022-12-03T20:47:36.099+0000] {processor.py:176} INFO - Processing /home/airflow/.local/lib/python3.7/site-packages/airflow/example_dags/example_short_circuit_decorator.py took 0.080 seconds
[2022-12-03T22:10:12.276+0000] {processor.py:154} INFO - Started process (PID=14755) to work on /home/airflow/.local/lib/python3.7/site-packages/airflow/example_dags/example_short_circuit_decorator.py
[2022-12-03T22:10:12.279+0000] {processor.py:756} INFO - Processing file /home/airflow/.local/lib/python3.7/site-packages/airflow/example_dags/example_short_circuit_decorator.py for tasks to queue
[2022-12-03T22:10:12.281+0000] {logging_mixin.py:137} INFO - [2022-12-03T22:10:12.281+0000] {dagbag.py:537} INFO - Filling up the DagBag from /home/airflow/.local/lib/python3.7/site-packages/airflow/example_dags/example_short_circuit_decorator.py
[2022-12-03T22:10:12.325+0000] {processor.py:766} INFO - DAG(s) dict_keys(['example_short_circuit_decorator']) retrieved from /home/airflow/.local/lib/python3.7/site-packages/airflow/example_dags/example_short_circuit_decorator.py
[2022-12-03T22:10:12.400+0000] {logging_mixin.py:137} INFO - [2022-12-03T22:10:12.400+0000] {dag.py:2585} INFO - Sync 1 DAGs
[2022-12-03T22:10:12.428+0000] {logging_mixin.py:137} INFO - [2022-12-03T22:10:12.428+0000] {dag.py:3340} INFO - Setting next_dagrun for example_short_circuit_decorator to 2022-12-02T22:10:12.427892+00:00, run_after=2022-12-03T22:10:12.427892+00:00
[2022-12-03T22:10:12.456+0000] {processor.py:176} INFO - Processing /home/airflow/.local/lib/python3.7/site-packages/airflow/example_dags/example_short_circuit_decorator.py took 0.184 seconds
[2022-12-03T23:31:52.022+0000] {processor.py:154} INFO - Started process (PID=14814) to work on /home/airflow/.local/lib/python3.7/site-packages/airflow/example_dags/example_short_circuit_decorator.py
[2022-12-03T23:31:52.024+0000] {processor.py:756} INFO - Processing file /home/airflow/.local/lib/python3.7/site-packages/airflow/example_dags/example_short_circuit_decorator.py for tasks to queue
[2022-12-03T23:31:52.025+0000] {logging_mixin.py:137} INFO - [2022-12-03T23:31:52.025+0000] {dagbag.py:537} INFO - Filling up the DagBag from /home/airflow/.local/lib/python3.7/site-packages/airflow/example_dags/example_short_circuit_decorator.py
[2022-12-03T23:31:52.042+0000] {processor.py:766} INFO - DAG(s) dict_keys(['example_short_circuit_decorator']) retrieved from /home/airflow/.local/lib/python3.7/site-packages/airflow/example_dags/example_short_circuit_decorator.py
[2022-12-03T23:31:52.071+0000] {logging_mixin.py:137} INFO - [2022-12-03T23:31:52.070+0000] {dag.py:2585} INFO - Sync 1 DAGs
[2022-12-03T23:31:52.087+0000] {logging_mixin.py:137} INFO - [2022-12-03T23:31:52.087+0000] {dag.py:3340} INFO - Setting next_dagrun for example_short_circuit_decorator to 2022-12-02T23:31:52.086870+00:00, run_after=2022-12-03T23:31:52.086870+00:00
[2022-12-03T23:31:52.099+0000] {processor.py:176} INFO - Processing /home/airflow/.local/lib/python3.7/site-packages/airflow/example_dags/example_short_circuit_decorator.py took 0.079 seconds
