[2022-12-03T00:24:09.627+0000] {processor.py:154} INFO - Started process (PID=13505) to work on /home/airflow/.local/lib/python3.7/site-packages/airflow/example_dags/example_kubernetes_executor.py
[2022-12-03T00:24:09.628+0000] {processor.py:756} INFO - Processing file /home/airflow/.local/lib/python3.7/site-packages/airflow/example_dags/example_kubernetes_executor.py for tasks to queue
[2022-12-03T00:24:09.629+0000] {logging_mixin.py:137} INFO - [2022-12-03T00:24:09.629+0000] {dagbag.py:537} INFO - Filling up the DagBag from /home/airflow/.local/lib/python3.7/site-packages/airflow/example_dags/example_kubernetes_executor.py
[2022-12-03T00:24:09.644+0000] {processor.py:766} INFO - DAG(s) dict_keys(['example_kubernetes_executor']) retrieved from /home/airflow/.local/lib/python3.7/site-packages/airflow/example_dags/example_kubernetes_executor.py
[2022-12-03T00:24:09.669+0000] {logging_mixin.py:137} INFO - [2022-12-03T00:24:09.669+0000] {dag.py:2585} INFO - Sync 1 DAGs
[2022-12-03T00:24:09.683+0000] {logging_mixin.py:137} INFO - [2022-12-03T00:24:09.682+0000] {dag.py:3340} INFO - Setting next_dagrun for example_kubernetes_executor to None, run_after=None
[2022-12-03T00:24:09.693+0000] {processor.py:176} INFO - Processing /home/airflow/.local/lib/python3.7/site-packages/airflow/example_dags/example_kubernetes_executor.py took 0.068 seconds
[2022-12-03T01:45:41.720+0000] {processor.py:154} INFO - Started process (PID=13574) to work on /home/airflow/.local/lib/python3.7/site-packages/airflow/example_dags/example_kubernetes_executor.py
[2022-12-03T01:45:41.722+0000] {processor.py:756} INFO - Processing file /home/airflow/.local/lib/python3.7/site-packages/airflow/example_dags/example_kubernetes_executor.py for tasks to queue
[2022-12-03T01:45:41.723+0000] {logging_mixin.py:137} INFO - [2022-12-03T01:45:41.723+0000] {dagbag.py:537} INFO - Filling up the DagBag from /home/airflow/.local/lib/python3.7/site-packages/airflow/example_dags/example_kubernetes_executor.py
[2022-12-03T01:45:41.754+0000] {processor.py:766} INFO - DAG(s) dict_keys(['example_kubernetes_executor']) retrieved from /home/airflow/.local/lib/python3.7/site-packages/airflow/example_dags/example_kubernetes_executor.py
[2022-12-03T01:45:41.797+0000] {logging_mixin.py:137} INFO - [2022-12-03T01:45:41.797+0000] {dag.py:2585} INFO - Sync 1 DAGs
[2022-12-03T01:45:42.017+0000] {logging_mixin.py:137} INFO - [2022-12-03T01:45:42.016+0000] {dag.py:3340} INFO - Setting next_dagrun for example_kubernetes_executor to None, run_after=None
[2022-12-03T01:45:42.101+0000] {processor.py:176} INFO - Processing /home/airflow/.local/lib/python3.7/site-packages/airflow/example_dags/example_kubernetes_executor.py took 0.384 seconds
[2022-12-03T03:05:50.945+0000] {processor.py:154} INFO - Started process (PID=13642) to work on /home/airflow/.local/lib/python3.7/site-packages/airflow/example_dags/example_kubernetes_executor.py
[2022-12-03T03:05:50.948+0000] {processor.py:756} INFO - Processing file /home/airflow/.local/lib/python3.7/site-packages/airflow/example_dags/example_kubernetes_executor.py for tasks to queue
[2022-12-03T03:05:50.950+0000] {logging_mixin.py:137} INFO - [2022-12-03T03:05:50.950+0000] {dagbag.py:537} INFO - Filling up the DagBag from /home/airflow/.local/lib/python3.7/site-packages/airflow/example_dags/example_kubernetes_executor.py
[2022-12-03T03:05:50.990+0000] {processor.py:766} INFO - DAG(s) dict_keys(['example_kubernetes_executor']) retrieved from /home/airflow/.local/lib/python3.7/site-packages/airflow/example_dags/example_kubernetes_executor.py
[2022-12-03T03:05:51.061+0000] {logging_mixin.py:137} INFO - [2022-12-03T03:05:51.061+0000] {dag.py:2585} INFO - Sync 1 DAGs
[2022-12-03T03:05:51.091+0000] {logging_mixin.py:137} INFO - [2022-12-03T03:05:51.090+0000] {dag.py:3340} INFO - Setting next_dagrun for example_kubernetes_executor to None, run_after=None
[2022-12-03T03:05:51.110+0000] {processor.py:176} INFO - Processing /home/airflow/.local/lib/python3.7/site-packages/airflow/example_dags/example_kubernetes_executor.py took 0.174 seconds
[2022-12-03T04:30:01.063+0000] {processor.py:154} INFO - Started process (PID=13709) to work on /home/airflow/.local/lib/python3.7/site-packages/airflow/example_dags/example_kubernetes_executor.py
[2022-12-03T04:30:01.067+0000] {processor.py:756} INFO - Processing file /home/airflow/.local/lib/python3.7/site-packages/airflow/example_dags/example_kubernetes_executor.py for tasks to queue
[2022-12-03T04:30:01.069+0000] {logging_mixin.py:137} INFO - [2022-12-03T04:30:01.068+0000] {dagbag.py:537} INFO - Filling up the DagBag from /home/airflow/.local/lib/python3.7/site-packages/airflow/example_dags/example_kubernetes_executor.py
[2022-12-03T04:30:01.089+0000] {processor.py:766} INFO - DAG(s) dict_keys(['example_kubernetes_executor']) retrieved from /home/airflow/.local/lib/python3.7/site-packages/airflow/example_dags/example_kubernetes_executor.py
[2022-12-03T04:30:01.122+0000] {logging_mixin.py:137} INFO - [2022-12-03T04:30:01.122+0000] {dag.py:2585} INFO - Sync 1 DAGs
[2022-12-03T04:30:01.138+0000] {logging_mixin.py:137} INFO - [2022-12-03T04:30:01.137+0000] {dag.py:3340} INFO - Setting next_dagrun for example_kubernetes_executor to None, run_after=None
[2022-12-03T04:30:01.152+0000] {processor.py:176} INFO - Processing /home/airflow/.local/lib/python3.7/site-packages/airflow/example_dags/example_kubernetes_executor.py took 0.094 seconds
[2022-12-03T05:52:51.457+0000] {processor.py:154} INFO - Started process (PID=13770) to work on /home/airflow/.local/lib/python3.7/site-packages/airflow/example_dags/example_kubernetes_executor.py
[2022-12-03T05:52:51.459+0000] {processor.py:756} INFO - Processing file /home/airflow/.local/lib/python3.7/site-packages/airflow/example_dags/example_kubernetes_executor.py for tasks to queue
[2022-12-03T05:52:51.460+0000] {logging_mixin.py:137} INFO - [2022-12-03T05:52:51.460+0000] {dagbag.py:537} INFO - Filling up the DagBag from /home/airflow/.local/lib/python3.7/site-packages/airflow/example_dags/example_kubernetes_executor.py
[2022-12-03T05:52:51.477+0000] {processor.py:766} INFO - DAG(s) dict_keys(['example_kubernetes_executor']) retrieved from /home/airflow/.local/lib/python3.7/site-packages/airflow/example_dags/example_kubernetes_executor.py
[2022-12-03T05:52:51.505+0000] {logging_mixin.py:137} INFO - [2022-12-03T05:52:51.505+0000] {dag.py:2585} INFO - Sync 1 DAGs
[2022-12-03T05:52:51.521+0000] {logging_mixin.py:137} INFO - [2022-12-03T05:52:51.521+0000] {dag.py:3340} INFO - Setting next_dagrun for example_kubernetes_executor to None, run_after=None
[2022-12-03T05:52:51.533+0000] {processor.py:176} INFO - Processing /home/airflow/.local/lib/python3.7/site-packages/airflow/example_dags/example_kubernetes_executor.py took 0.078 seconds
[2022-12-03T07:14:05.046+0000] {processor.py:154} INFO - Started process (PID=13841) to work on /home/airflow/.local/lib/python3.7/site-packages/airflow/example_dags/example_kubernetes_executor.py
[2022-12-03T07:14:05.048+0000] {processor.py:756} INFO - Processing file /home/airflow/.local/lib/python3.7/site-packages/airflow/example_dags/example_kubernetes_executor.py for tasks to queue
[2022-12-03T07:14:05.049+0000] {logging_mixin.py:137} INFO - [2022-12-03T07:14:05.049+0000] {dagbag.py:537} INFO - Filling up the DagBag from /home/airflow/.local/lib/python3.7/site-packages/airflow/example_dags/example_kubernetes_executor.py
[2022-12-03T07:14:05.069+0000] {processor.py:766} INFO - DAG(s) dict_keys(['example_kubernetes_executor']) retrieved from /home/airflow/.local/lib/python3.7/site-packages/airflow/example_dags/example_kubernetes_executor.py
[2022-12-03T07:14:05.097+0000] {logging_mixin.py:137} INFO - [2022-12-03T07:14:05.097+0000] {dag.py:2585} INFO - Sync 1 DAGs
[2022-12-03T07:14:05.117+0000] {logging_mixin.py:137} INFO - [2022-12-03T07:14:05.117+0000] {dag.py:3340} INFO - Setting next_dagrun for example_kubernetes_executor to None, run_after=None
[2022-12-03T07:14:05.131+0000] {processor.py:176} INFO - Processing /home/airflow/.local/lib/python3.7/site-packages/airflow/example_dags/example_kubernetes_executor.py took 0.089 seconds
[2022-12-03T08:36:17.068+0000] {processor.py:154} INFO - Started process (PID=13914) to work on /home/airflow/.local/lib/python3.7/site-packages/airflow/example_dags/example_kubernetes_executor.py
[2022-12-03T08:36:17.070+0000] {processor.py:756} INFO - Processing file /home/airflow/.local/lib/python3.7/site-packages/airflow/example_dags/example_kubernetes_executor.py for tasks to queue
[2022-12-03T08:36:17.071+0000] {logging_mixin.py:137} INFO - [2022-12-03T08:36:17.071+0000] {dagbag.py:537} INFO - Filling up the DagBag from /home/airflow/.local/lib/python3.7/site-packages/airflow/example_dags/example_kubernetes_executor.py
[2022-12-03T08:36:17.090+0000] {processor.py:766} INFO - DAG(s) dict_keys(['example_kubernetes_executor']) retrieved from /home/airflow/.local/lib/python3.7/site-packages/airflow/example_dags/example_kubernetes_executor.py
[2022-12-03T08:36:17.119+0000] {logging_mixin.py:137} INFO - [2022-12-03T08:36:17.119+0000] {dag.py:2585} INFO - Sync 1 DAGs
[2022-12-03T08:36:17.136+0000] {logging_mixin.py:137} INFO - [2022-12-03T08:36:17.136+0000] {dag.py:3340} INFO - Setting next_dagrun for example_kubernetes_executor to None, run_after=None
[2022-12-03T08:36:17.148+0000] {processor.py:176} INFO - Processing /home/airflow/.local/lib/python3.7/site-packages/airflow/example_dags/example_kubernetes_executor.py took 0.082 seconds
[2022-12-03T09:58:30.265+0000] {processor.py:154} INFO - Started process (PID=13982) to work on /home/airflow/.local/lib/python3.7/site-packages/airflow/example_dags/example_kubernetes_executor.py
[2022-12-03T09:58:30.267+0000] {processor.py:756} INFO - Processing file /home/airflow/.local/lib/python3.7/site-packages/airflow/example_dags/example_kubernetes_executor.py for tasks to queue
[2022-12-03T09:58:30.268+0000] {logging_mixin.py:137} INFO - [2022-12-03T09:58:30.268+0000] {dagbag.py:537} INFO - Filling up the DagBag from /home/airflow/.local/lib/python3.7/site-packages/airflow/example_dags/example_kubernetes_executor.py
[2022-12-03T09:58:30.286+0000] {processor.py:766} INFO - DAG(s) dict_keys(['example_kubernetes_executor']) retrieved from /home/airflow/.local/lib/python3.7/site-packages/airflow/example_dags/example_kubernetes_executor.py
[2022-12-03T09:58:30.311+0000] {logging_mixin.py:137} INFO - [2022-12-03T09:58:30.311+0000] {dag.py:2585} INFO - Sync 1 DAGs
[2022-12-03T09:58:30.327+0000] {logging_mixin.py:137} INFO - [2022-12-03T09:58:30.327+0000] {dag.py:3340} INFO - Setting next_dagrun for example_kubernetes_executor to None, run_after=None
[2022-12-03T09:58:30.338+0000] {processor.py:176} INFO - Processing /home/airflow/.local/lib/python3.7/site-packages/airflow/example_dags/example_kubernetes_executor.py took 0.076 seconds
[2022-12-03T11:03:31.196+0000] {processor.py:154} INFO - Started process (PID=14037) to work on /home/airflow/.local/lib/python3.7/site-packages/airflow/example_dags/example_kubernetes_executor.py
[2022-12-03T11:03:31.197+0000] {processor.py:756} INFO - Processing file /home/airflow/.local/lib/python3.7/site-packages/airflow/example_dags/example_kubernetes_executor.py for tasks to queue
[2022-12-03T11:03:31.198+0000] {logging_mixin.py:137} INFO - [2022-12-03T11:03:31.198+0000] {dagbag.py:537} INFO - Filling up the DagBag from /home/airflow/.local/lib/python3.7/site-packages/airflow/example_dags/example_kubernetes_executor.py
[2022-12-03T11:03:31.214+0000] {processor.py:766} INFO - DAG(s) dict_keys(['example_kubernetes_executor']) retrieved from /home/airflow/.local/lib/python3.7/site-packages/airflow/example_dags/example_kubernetes_executor.py
[2022-12-03T11:03:31.240+0000] {logging_mixin.py:137} INFO - [2022-12-03T11:03:31.240+0000] {dag.py:2585} INFO - Sync 1 DAGs
[2022-12-03T11:03:31.253+0000] {logging_mixin.py:137} INFO - [2022-12-03T11:03:31.253+0000] {dag.py:3340} INFO - Setting next_dagrun for example_kubernetes_executor to None, run_after=None
[2022-12-03T11:03:31.264+0000] {processor.py:176} INFO - Processing /home/airflow/.local/lib/python3.7/site-packages/airflow/example_dags/example_kubernetes_executor.py took 0.071 seconds
[2022-12-03T11:21:01.865+0000] {processor.py:154} INFO - Started process (PID=14111) to work on /home/airflow/.local/lib/python3.7/site-packages/airflow/example_dags/example_kubernetes_executor.py
[2022-12-03T11:21:01.870+0000] {processor.py:756} INFO - Processing file /home/airflow/.local/lib/python3.7/site-packages/airflow/example_dags/example_kubernetes_executor.py for tasks to queue
[2022-12-03T11:21:01.871+0000] {logging_mixin.py:137} INFO - [2022-12-03T11:21:01.871+0000] {dagbag.py:537} INFO - Filling up the DagBag from /home/airflow/.local/lib/python3.7/site-packages/airflow/example_dags/example_kubernetes_executor.py
[2022-12-03T11:21:01.889+0000] {processor.py:766} INFO - DAG(s) dict_keys(['example_kubernetes_executor']) retrieved from /home/airflow/.local/lib/python3.7/site-packages/airflow/example_dags/example_kubernetes_executor.py
[2022-12-03T11:21:01.918+0000] {logging_mixin.py:137} INFO - [2022-12-03T11:21:01.918+0000] {dag.py:2585} INFO - Sync 1 DAGs
[2022-12-03T11:21:01.936+0000] {logging_mixin.py:137} INFO - [2022-12-03T11:21:01.936+0000] {dag.py:3340} INFO - Setting next_dagrun for example_kubernetes_executor to None, run_after=None
[2022-12-03T11:21:01.950+0000] {processor.py:176} INFO - Processing /home/airflow/.local/lib/python3.7/site-packages/airflow/example_dags/example_kubernetes_executor.py took 0.088 seconds
[2022-12-03T12:21:05.142+0000] {processor.py:154} INFO - Started process (PID=14184) to work on /home/airflow/.local/lib/python3.7/site-packages/airflow/example_dags/example_kubernetes_executor.py
[2022-12-03T12:21:05.144+0000] {processor.py:756} INFO - Processing file /home/airflow/.local/lib/python3.7/site-packages/airflow/example_dags/example_kubernetes_executor.py for tasks to queue
[2022-12-03T12:21:05.145+0000] {logging_mixin.py:137} INFO - [2022-12-03T12:21:05.145+0000] {dagbag.py:537} INFO - Filling up the DagBag from /home/airflow/.local/lib/python3.7/site-packages/airflow/example_dags/example_kubernetes_executor.py
[2022-12-03T12:21:05.165+0000] {processor.py:766} INFO - DAG(s) dict_keys(['example_kubernetes_executor']) retrieved from /home/airflow/.local/lib/python3.7/site-packages/airflow/example_dags/example_kubernetes_executor.py
[2022-12-03T12:21:05.196+0000] {logging_mixin.py:137} INFO - [2022-12-03T12:21:05.195+0000] {dag.py:2585} INFO - Sync 1 DAGs
[2022-12-03T12:21:05.214+0000] {logging_mixin.py:137} INFO - [2022-12-03T12:21:05.214+0000] {dag.py:3340} INFO - Setting next_dagrun for example_kubernetes_executor to None, run_after=None
[2022-12-03T12:21:05.228+0000] {processor.py:176} INFO - Processing /home/airflow/.local/lib/python3.7/site-packages/airflow/example_dags/example_kubernetes_executor.py took 0.088 seconds
[2022-12-03T13:24:18.162+0000] {processor.py:154} INFO - Started process (PID=14259) to work on /home/airflow/.local/lib/python3.7/site-packages/airflow/example_dags/example_kubernetes_executor.py
[2022-12-03T13:24:18.165+0000] {processor.py:756} INFO - Processing file /home/airflow/.local/lib/python3.7/site-packages/airflow/example_dags/example_kubernetes_executor.py for tasks to queue
[2022-12-03T13:24:18.166+0000] {logging_mixin.py:137} INFO - [2022-12-03T13:24:18.166+0000] {dagbag.py:537} INFO - Filling up the DagBag from /home/airflow/.local/lib/python3.7/site-packages/airflow/example_dags/example_kubernetes_executor.py
[2022-12-03T13:24:18.194+0000] {processor.py:766} INFO - DAG(s) dict_keys(['example_kubernetes_executor']) retrieved from /home/airflow/.local/lib/python3.7/site-packages/airflow/example_dags/example_kubernetes_executor.py
[2022-12-03T13:24:18.232+0000] {logging_mixin.py:137} INFO - [2022-12-03T13:24:18.231+0000] {dag.py:2585} INFO - Sync 1 DAGs
[2022-12-03T13:24:18.250+0000] {logging_mixin.py:137} INFO - [2022-12-03T13:24:18.250+0000] {dag.py:3340} INFO - Setting next_dagrun for example_kubernetes_executor to None, run_after=None
[2022-12-03T13:24:18.262+0000] {processor.py:176} INFO - Processing /home/airflow/.local/lib/python3.7/site-packages/airflow/example_dags/example_kubernetes_executor.py took 0.103 seconds
[2022-12-03T14:43:48.255+0000] {processor.py:154} INFO - Started process (PID=14314) to work on /home/airflow/.local/lib/python3.7/site-packages/airflow/example_dags/example_kubernetes_executor.py
[2022-12-03T14:43:48.258+0000] {processor.py:756} INFO - Processing file /home/airflow/.local/lib/python3.7/site-packages/airflow/example_dags/example_kubernetes_executor.py for tasks to queue
[2022-12-03T14:43:48.259+0000] {logging_mixin.py:137} INFO - [2022-12-03T14:43:48.259+0000] {dagbag.py:537} INFO - Filling up the DagBag from /home/airflow/.local/lib/python3.7/site-packages/airflow/example_dags/example_kubernetes_executor.py
[2022-12-03T14:43:48.277+0000] {processor.py:766} INFO - DAG(s) dict_keys(['example_kubernetes_executor']) retrieved from /home/airflow/.local/lib/python3.7/site-packages/airflow/example_dags/example_kubernetes_executor.py
[2022-12-03T14:43:48.307+0000] {logging_mixin.py:137} INFO - [2022-12-03T14:43:48.307+0000] {dag.py:2585} INFO - Sync 1 DAGs
[2022-12-03T14:43:48.322+0000] {logging_mixin.py:137} INFO - [2022-12-03T14:43:48.322+0000] {dag.py:3340} INFO - Setting next_dagrun for example_kubernetes_executor to None, run_after=None
[2022-12-03T14:43:48.335+0000] {processor.py:176} INFO - Processing /home/airflow/.local/lib/python3.7/site-packages/airflow/example_dags/example_kubernetes_executor.py took 0.082 seconds
[2022-12-03T16:03:00.506+0000] {processor.py:154} INFO - Started process (PID=14380) to work on /home/airflow/.local/lib/python3.7/site-packages/airflow/example_dags/example_kubernetes_executor.py
[2022-12-03T16:03:00.508+0000] {processor.py:756} INFO - Processing file /home/airflow/.local/lib/python3.7/site-packages/airflow/example_dags/example_kubernetes_executor.py for tasks to queue
[2022-12-03T16:03:00.509+0000] {logging_mixin.py:137} INFO - [2022-12-03T16:03:00.509+0000] {dagbag.py:537} INFO - Filling up the DagBag from /home/airflow/.local/lib/python3.7/site-packages/airflow/example_dags/example_kubernetes_executor.py
[2022-12-03T16:03:00.532+0000] {processor.py:766} INFO - DAG(s) dict_keys(['example_kubernetes_executor']) retrieved from /home/airflow/.local/lib/python3.7/site-packages/airflow/example_dags/example_kubernetes_executor.py
[2022-12-03T16:03:00.563+0000] {logging_mixin.py:137} INFO - [2022-12-03T16:03:00.563+0000] {dag.py:2585} INFO - Sync 1 DAGs
[2022-12-03T16:03:00.581+0000] {logging_mixin.py:137} INFO - [2022-12-03T16:03:00.581+0000] {dag.py:3340} INFO - Setting next_dagrun for example_kubernetes_executor to None, run_after=None
[2022-12-03T16:03:00.600+0000] {processor.py:176} INFO - Processing /home/airflow/.local/lib/python3.7/site-packages/airflow/example_dags/example_kubernetes_executor.py took 0.097 seconds
[2022-12-03T17:24:33.204+0000] {processor.py:154} INFO - Started process (PID=14448) to work on /home/airflow/.local/lib/python3.7/site-packages/airflow/example_dags/example_kubernetes_executor.py
[2022-12-03T17:24:33.206+0000] {processor.py:756} INFO - Processing file /home/airflow/.local/lib/python3.7/site-packages/airflow/example_dags/example_kubernetes_executor.py for tasks to queue
[2022-12-03T17:24:33.207+0000] {logging_mixin.py:137} INFO - [2022-12-03T17:24:33.207+0000] {dagbag.py:537} INFO - Filling up the DagBag from /home/airflow/.local/lib/python3.7/site-packages/airflow/example_dags/example_kubernetes_executor.py
[2022-12-03T17:24:33.226+0000] {processor.py:766} INFO - DAG(s) dict_keys(['example_kubernetes_executor']) retrieved from /home/airflow/.local/lib/python3.7/site-packages/airflow/example_dags/example_kubernetes_executor.py
[2022-12-03T17:24:33.256+0000] {logging_mixin.py:137} INFO - [2022-12-03T17:24:33.256+0000] {dag.py:2585} INFO - Sync 1 DAGs
[2022-12-03T17:24:33.272+0000] {logging_mixin.py:137} INFO - [2022-12-03T17:24:33.271+0000] {dag.py:3340} INFO - Setting next_dagrun for example_kubernetes_executor to None, run_after=None
[2022-12-03T17:24:33.285+0000] {processor.py:176} INFO - Processing /home/airflow/.local/lib/python3.7/site-packages/airflow/example_dags/example_kubernetes_executor.py took 0.084 seconds
[2022-12-03T18:46:59.514+0000] {processor.py:154} INFO - Started process (PID=14515) to work on /home/airflow/.local/lib/python3.7/site-packages/airflow/example_dags/example_kubernetes_executor.py
[2022-12-03T18:46:59.516+0000] {processor.py:756} INFO - Processing file /home/airflow/.local/lib/python3.7/site-packages/airflow/example_dags/example_kubernetes_executor.py for tasks to queue
[2022-12-03T18:46:59.518+0000] {logging_mixin.py:137} INFO - [2022-12-03T18:46:59.518+0000] {dagbag.py:537} INFO - Filling up the DagBag from /home/airflow/.local/lib/python3.7/site-packages/airflow/example_dags/example_kubernetes_executor.py
[2022-12-03T18:46:59.539+0000] {processor.py:766} INFO - DAG(s) dict_keys(['example_kubernetes_executor']) retrieved from /home/airflow/.local/lib/python3.7/site-packages/airflow/example_dags/example_kubernetes_executor.py
[2022-12-03T18:46:59.569+0000] {logging_mixin.py:137} INFO - [2022-12-03T18:46:59.569+0000] {dag.py:2585} INFO - Sync 1 DAGs
[2022-12-03T18:46:59.586+0000] {logging_mixin.py:137} INFO - [2022-12-03T18:46:59.586+0000] {dag.py:3340} INFO - Setting next_dagrun for example_kubernetes_executor to None, run_after=None
[2022-12-03T18:46:59.599+0000] {processor.py:176} INFO - Processing /home/airflow/.local/lib/python3.7/site-packages/airflow/example_dags/example_kubernetes_executor.py took 0.089 seconds
[2022-12-03T19:40:02.943+0000] {processor.py:154} INFO - Started process (PID=14572) to work on /home/airflow/.local/lib/python3.7/site-packages/airflow/example_dags/example_kubernetes_executor.py
[2022-12-03T19:40:02.945+0000] {processor.py:756} INFO - Processing file /home/airflow/.local/lib/python3.7/site-packages/airflow/example_dags/example_kubernetes_executor.py for tasks to queue
[2022-12-03T19:40:02.946+0000] {logging_mixin.py:137} INFO - [2022-12-03T19:40:02.946+0000] {dagbag.py:537} INFO - Filling up the DagBag from /home/airflow/.local/lib/python3.7/site-packages/airflow/example_dags/example_kubernetes_executor.py
[2022-12-03T19:40:02.964+0000] {processor.py:766} INFO - DAG(s) dict_keys(['example_kubernetes_executor']) retrieved from /home/airflow/.local/lib/python3.7/site-packages/airflow/example_dags/example_kubernetes_executor.py
[2022-12-03T19:40:02.992+0000] {logging_mixin.py:137} INFO - [2022-12-03T19:40:02.992+0000] {dag.py:2585} INFO - Sync 1 DAGs
[2022-12-03T19:40:03.009+0000] {logging_mixin.py:137} INFO - [2022-12-03T19:40:03.009+0000] {dag.py:3340} INFO - Setting next_dagrun for example_kubernetes_executor to None, run_after=None
[2022-12-03T19:40:03.023+0000] {processor.py:176} INFO - Processing /home/airflow/.local/lib/python3.7/site-packages/airflow/example_dags/example_kubernetes_executor.py took 0.082 seconds
[2022-12-03T20:15:10.711+0000] {processor.py:154} INFO - Started process (PID=14638) to work on /home/airflow/.local/lib/python3.7/site-packages/airflow/example_dags/example_kubernetes_executor.py
[2022-12-03T20:15:10.713+0000] {processor.py:756} INFO - Processing file /home/airflow/.local/lib/python3.7/site-packages/airflow/example_dags/example_kubernetes_executor.py for tasks to queue
[2022-12-03T20:15:10.715+0000] {logging_mixin.py:137} INFO - [2022-12-03T20:15:10.715+0000] {dagbag.py:537} INFO - Filling up the DagBag from /home/airflow/.local/lib/python3.7/site-packages/airflow/example_dags/example_kubernetes_executor.py
[2022-12-03T20:15:10.739+0000] {processor.py:766} INFO - DAG(s) dict_keys(['example_kubernetes_executor']) retrieved from /home/airflow/.local/lib/python3.7/site-packages/airflow/example_dags/example_kubernetes_executor.py
[2022-12-03T20:15:10.767+0000] {logging_mixin.py:137} INFO - [2022-12-03T20:15:10.767+0000] {dag.py:2585} INFO - Sync 1 DAGs
[2022-12-03T20:15:10.785+0000] {logging_mixin.py:137} INFO - [2022-12-03T20:15:10.785+0000] {dag.py:3340} INFO - Setting next_dagrun for example_kubernetes_executor to None, run_after=None
[2022-12-03T20:15:10.798+0000] {processor.py:176} INFO - Processing /home/airflow/.local/lib/python3.7/site-packages/airflow/example_dags/example_kubernetes_executor.py took 0.090 seconds
[2022-12-03T20:47:37.699+0000] {processor.py:154} INFO - Started process (PID=14703) to work on /home/airflow/.local/lib/python3.7/site-packages/airflow/example_dags/example_kubernetes_executor.py
[2022-12-03T20:47:37.701+0000] {processor.py:756} INFO - Processing file /home/airflow/.local/lib/python3.7/site-packages/airflow/example_dags/example_kubernetes_executor.py for tasks to queue
[2022-12-03T20:47:37.702+0000] {logging_mixin.py:137} INFO - [2022-12-03T20:47:37.702+0000] {dagbag.py:537} INFO - Filling up the DagBag from /home/airflow/.local/lib/python3.7/site-packages/airflow/example_dags/example_kubernetes_executor.py
[2022-12-03T20:47:37.719+0000] {processor.py:766} INFO - DAG(s) dict_keys(['example_kubernetes_executor']) retrieved from /home/airflow/.local/lib/python3.7/site-packages/airflow/example_dags/example_kubernetes_executor.py
[2022-12-03T20:47:37.749+0000] {logging_mixin.py:137} INFO - [2022-12-03T20:47:37.749+0000] {dag.py:2585} INFO - Sync 1 DAGs
[2022-12-03T20:47:37.763+0000] {logging_mixin.py:137} INFO - [2022-12-03T20:47:37.763+0000] {dag.py:3340} INFO - Setting next_dagrun for example_kubernetes_executor to None, run_after=None
[2022-12-03T20:47:37.773+0000] {processor.py:176} INFO - Processing /home/airflow/.local/lib/python3.7/site-packages/airflow/example_dags/example_kubernetes_executor.py took 0.076 seconds
[2022-12-03T22:10:13.758+0000] {processor.py:154} INFO - Started process (PID=14773) to work on /home/airflow/.local/lib/python3.7/site-packages/airflow/example_dags/example_kubernetes_executor.py
[2022-12-03T22:10:13.760+0000] {processor.py:756} INFO - Processing file /home/airflow/.local/lib/python3.7/site-packages/airflow/example_dags/example_kubernetes_executor.py for tasks to queue
[2022-12-03T22:10:13.762+0000] {logging_mixin.py:137} INFO - [2022-12-03T22:10:13.762+0000] {dagbag.py:537} INFO - Filling up the DagBag from /home/airflow/.local/lib/python3.7/site-packages/airflow/example_dags/example_kubernetes_executor.py
[2022-12-03T22:10:13.780+0000] {processor.py:766} INFO - DAG(s) dict_keys(['example_kubernetes_executor']) retrieved from /home/airflow/.local/lib/python3.7/site-packages/airflow/example_dags/example_kubernetes_executor.py
[2022-12-03T22:10:13.806+0000] {logging_mixin.py:137} INFO - [2022-12-03T22:10:13.806+0000] {dag.py:2585} INFO - Sync 1 DAGs
[2022-12-03T22:10:13.820+0000] {logging_mixin.py:137} INFO - [2022-12-03T22:10:13.820+0000] {dag.py:3340} INFO - Setting next_dagrun for example_kubernetes_executor to None, run_after=None
[2022-12-03T22:10:13.831+0000] {processor.py:176} INFO - Processing /home/airflow/.local/lib/python3.7/site-packages/airflow/example_dags/example_kubernetes_executor.py took 0.075 seconds
[2022-12-03T23:31:53.453+0000] {processor.py:154} INFO - Started process (PID=14832) to work on /home/airflow/.local/lib/python3.7/site-packages/airflow/example_dags/example_kubernetes_executor.py
[2022-12-03T23:31:53.457+0000] {processor.py:756} INFO - Processing file /home/airflow/.local/lib/python3.7/site-packages/airflow/example_dags/example_kubernetes_executor.py for tasks to queue
[2022-12-03T23:31:53.460+0000] {logging_mixin.py:137} INFO - [2022-12-03T23:31:53.460+0000] {dagbag.py:537} INFO - Filling up the DagBag from /home/airflow/.local/lib/python3.7/site-packages/airflow/example_dags/example_kubernetes_executor.py
[2022-12-03T23:31:53.508+0000] {processor.py:766} INFO - DAG(s) dict_keys(['example_kubernetes_executor']) retrieved from /home/airflow/.local/lib/python3.7/site-packages/airflow/example_dags/example_kubernetes_executor.py
[2022-12-03T23:31:53.560+0000] {logging_mixin.py:137} INFO - [2022-12-03T23:31:53.559+0000] {dag.py:2585} INFO - Sync 1 DAGs
[2022-12-03T23:31:53.587+0000] {logging_mixin.py:137} INFO - [2022-12-03T23:31:53.587+0000] {dag.py:3340} INFO - Setting next_dagrun for example_kubernetes_executor to None, run_after=None
[2022-12-03T23:31:53.603+0000] {processor.py:176} INFO - Processing /home/airflow/.local/lib/python3.7/site-packages/airflow/example_dags/example_kubernetes_executor.py took 0.156 seconds
