[2022-12-03T00:24:09.718+0000] {processor.py:154} INFO - Started process (PID=13506) to work on /home/airflow/.local/lib/python3.7/site-packages/airflow/example_dags/example_skip_dag.py
[2022-12-03T00:24:09.719+0000] {processor.py:756} INFO - Processing file /home/airflow/.local/lib/python3.7/site-packages/airflow/example_dags/example_skip_dag.py for tasks to queue
[2022-12-03T00:24:09.720+0000] {logging_mixin.py:137} INFO - [2022-12-03T00:24:09.720+0000] {dagbag.py:537} INFO - Filling up the DagBag from /home/airflow/.local/lib/python3.7/site-packages/airflow/example_dags/example_skip_dag.py
[2022-12-03T00:24:09.730+0000] {processor.py:766} INFO - DAG(s) dict_keys(['example_skip_dag']) retrieved from /home/airflow/.local/lib/python3.7/site-packages/airflow/example_dags/example_skip_dag.py
[2022-12-03T00:24:09.756+0000] {logging_mixin.py:137} INFO - [2022-12-03T00:24:09.755+0000] {dag.py:2585} INFO - Sync 1 DAGs
[2022-12-03T00:24:09.772+0000] {logging_mixin.py:137} INFO - [2022-12-03T00:24:09.771+0000] {dag.py:3340} INFO - Setting next_dagrun for example_skip_dag to 2022-12-02T00:24:09.771845+00:00, run_after=2022-12-03T00:24:09.771845+00:00
[2022-12-03T00:24:09.784+0000] {processor.py:176} INFO - Processing /home/airflow/.local/lib/python3.7/site-packages/airflow/example_dags/example_skip_dag.py took 0.068 seconds
[2022-12-03T01:45:42.011+0000] {processor.py:154} INFO - Started process (PID=13575) to work on /home/airflow/.local/lib/python3.7/site-packages/airflow/example_dags/example_skip_dag.py
[2022-12-03T01:45:42.095+0000] {processor.py:756} INFO - Processing file /home/airflow/.local/lib/python3.7/site-packages/airflow/example_dags/example_skip_dag.py for tasks to queue
[2022-12-03T01:45:42.096+0000] {logging_mixin.py:137} INFO - [2022-12-03T01:45:42.096+0000] {dagbag.py:537} INFO - Filling up the DagBag from /home/airflow/.local/lib/python3.7/site-packages/airflow/example_dags/example_skip_dag.py
[2022-12-03T01:45:42.109+0000] {processor.py:766} INFO - DAG(s) dict_keys(['example_skip_dag']) retrieved from /home/airflow/.local/lib/python3.7/site-packages/airflow/example_dags/example_skip_dag.py
[2022-12-03T01:45:42.145+0000] {logging_mixin.py:137} INFO - [2022-12-03T01:45:42.145+0000] {dag.py:2585} INFO - Sync 1 DAGs
[2022-12-03T01:45:42.168+0000] {logging_mixin.py:137} INFO - [2022-12-03T01:45:42.167+0000] {dag.py:3340} INFO - Setting next_dagrun for example_skip_dag to 2022-12-02T01:45:42.167617+00:00, run_after=2022-12-03T01:45:42.167617+00:00
[2022-12-03T01:45:42.188+0000] {processor.py:176} INFO - Processing /home/airflow/.local/lib/python3.7/site-packages/airflow/example_dags/example_skip_dag.py took 0.189 seconds
[2022-12-03T03:05:51.088+0000] {processor.py:154} INFO - Started process (PID=13643) to work on /home/airflow/.local/lib/python3.7/site-packages/airflow/example_dags/example_skip_dag.py
[2022-12-03T03:05:51.091+0000] {processor.py:756} INFO - Processing file /home/airflow/.local/lib/python3.7/site-packages/airflow/example_dags/example_skip_dag.py for tasks to queue
[2022-12-03T03:05:51.092+0000] {logging_mixin.py:137} INFO - [2022-12-03T03:05:51.092+0000] {dagbag.py:537} INFO - Filling up the DagBag from /home/airflow/.local/lib/python3.7/site-packages/airflow/example_dags/example_skip_dag.py
[2022-12-03T03:05:51.106+0000] {processor.py:766} INFO - DAG(s) dict_keys(['example_skip_dag']) retrieved from /home/airflow/.local/lib/python3.7/site-packages/airflow/example_dags/example_skip_dag.py
[2022-12-03T03:05:51.140+0000] {logging_mixin.py:137} INFO - [2022-12-03T03:05:51.140+0000] {dag.py:2585} INFO - Sync 1 DAGs
[2022-12-03T03:05:51.154+0000] {logging_mixin.py:137} INFO - [2022-12-03T03:05:51.154+0000] {dag.py:3340} INFO - Setting next_dagrun for example_skip_dag to 2022-12-02T03:05:51.154378+00:00, run_after=2022-12-03T03:05:51.154378+00:00
[2022-12-03T03:05:51.167+0000] {processor.py:176} INFO - Processing /home/airflow/.local/lib/python3.7/site-packages/airflow/example_dags/example_skip_dag.py took 0.081 seconds
[2022-12-03T04:30:01.153+0000] {processor.py:154} INFO - Started process (PID=13710) to work on /home/airflow/.local/lib/python3.7/site-packages/airflow/example_dags/example_skip_dag.py
[2022-12-03T04:30:01.155+0000] {processor.py:756} INFO - Processing file /home/airflow/.local/lib/python3.7/site-packages/airflow/example_dags/example_skip_dag.py for tasks to queue
[2022-12-03T04:30:01.156+0000] {logging_mixin.py:137} INFO - [2022-12-03T04:30:01.156+0000] {dagbag.py:537} INFO - Filling up the DagBag from /home/airflow/.local/lib/python3.7/site-packages/airflow/example_dags/example_skip_dag.py
[2022-12-03T04:30:01.167+0000] {processor.py:766} INFO - DAG(s) dict_keys(['example_skip_dag']) retrieved from /home/airflow/.local/lib/python3.7/site-packages/airflow/example_dags/example_skip_dag.py
[2022-12-03T04:30:01.197+0000] {logging_mixin.py:137} INFO - [2022-12-03T04:30:01.197+0000] {dag.py:2585} INFO - Sync 1 DAGs
[2022-12-03T04:30:01.213+0000] {logging_mixin.py:137} INFO - [2022-12-03T04:30:01.213+0000] {dag.py:3340} INFO - Setting next_dagrun for example_skip_dag to 2022-12-02T04:30:01.212911+00:00, run_after=2022-12-03T04:30:01.212911+00:00
[2022-12-03T04:30:01.226+0000] {processor.py:176} INFO - Processing /home/airflow/.local/lib/python3.7/site-packages/airflow/example_dags/example_skip_dag.py took 0.076 seconds
[2022-12-03T05:52:51.524+0000] {processor.py:154} INFO - Started process (PID=13771) to work on /home/airflow/.local/lib/python3.7/site-packages/airflow/example_dags/example_skip_dag.py
[2022-12-03T05:52:51.525+0000] {processor.py:756} INFO - Processing file /home/airflow/.local/lib/python3.7/site-packages/airflow/example_dags/example_skip_dag.py for tasks to queue
[2022-12-03T05:52:51.527+0000] {logging_mixin.py:137} INFO - [2022-12-03T05:52:51.527+0000] {dagbag.py:537} INFO - Filling up the DagBag from /home/airflow/.local/lib/python3.7/site-packages/airflow/example_dags/example_skip_dag.py
[2022-12-03T05:52:51.537+0000] {processor.py:766} INFO - DAG(s) dict_keys(['example_skip_dag']) retrieved from /home/airflow/.local/lib/python3.7/site-packages/airflow/example_dags/example_skip_dag.py
[2022-12-03T05:52:51.570+0000] {logging_mixin.py:137} INFO - [2022-12-03T05:52:51.570+0000] {dag.py:2585} INFO - Sync 1 DAGs
[2022-12-03T05:52:51.587+0000] {logging_mixin.py:137} INFO - [2022-12-03T05:52:51.587+0000] {dag.py:3340} INFO - Setting next_dagrun for example_skip_dag to 2022-12-02T05:52:51.587462+00:00, run_after=2022-12-03T05:52:51.587462+00:00
[2022-12-03T05:52:51.600+0000] {processor.py:176} INFO - Processing /home/airflow/.local/lib/python3.7/site-packages/airflow/example_dags/example_skip_dag.py took 0.079 seconds
[2022-12-03T07:14:05.119+0000] {processor.py:154} INFO - Started process (PID=13842) to work on /home/airflow/.local/lib/python3.7/site-packages/airflow/example_dags/example_skip_dag.py
[2022-12-03T07:14:05.120+0000] {processor.py:756} INFO - Processing file /home/airflow/.local/lib/python3.7/site-packages/airflow/example_dags/example_skip_dag.py for tasks to queue
[2022-12-03T07:14:05.121+0000] {logging_mixin.py:137} INFO - [2022-12-03T07:14:05.121+0000] {dagbag.py:537} INFO - Filling up the DagBag from /home/airflow/.local/lib/python3.7/site-packages/airflow/example_dags/example_skip_dag.py
[2022-12-03T07:14:05.132+0000] {processor.py:766} INFO - DAG(s) dict_keys(['example_skip_dag']) retrieved from /home/airflow/.local/lib/python3.7/site-packages/airflow/example_dags/example_skip_dag.py
[2022-12-03T07:14:05.164+0000] {logging_mixin.py:137} INFO - [2022-12-03T07:14:05.164+0000] {dag.py:2585} INFO - Sync 1 DAGs
[2022-12-03T07:14:05.180+0000] {logging_mixin.py:137} INFO - [2022-12-03T07:14:05.180+0000] {dag.py:3340} INFO - Setting next_dagrun for example_skip_dag to 2022-12-02T07:14:05.180320+00:00, run_after=2022-12-03T07:14:05.180320+00:00
[2022-12-03T07:14:05.193+0000] {processor.py:176} INFO - Processing /home/airflow/.local/lib/python3.7/site-packages/airflow/example_dags/example_skip_dag.py took 0.077 seconds
[2022-12-03T08:36:17.108+0000] {processor.py:154} INFO - Started process (PID=13915) to work on /home/airflow/.local/lib/python3.7/site-packages/airflow/example_dags/example_skip_dag.py
[2022-12-03T08:36:17.111+0000] {processor.py:756} INFO - Processing file /home/airflow/.local/lib/python3.7/site-packages/airflow/example_dags/example_skip_dag.py for tasks to queue
[2022-12-03T08:36:17.112+0000] {logging_mixin.py:137} INFO - [2022-12-03T08:36:17.112+0000] {dagbag.py:537} INFO - Filling up the DagBag from /home/airflow/.local/lib/python3.7/site-packages/airflow/example_dags/example_skip_dag.py
[2022-12-03T08:36:17.121+0000] {processor.py:766} INFO - DAG(s) dict_keys(['example_skip_dag']) retrieved from /home/airflow/.local/lib/python3.7/site-packages/airflow/example_dags/example_skip_dag.py
[2022-12-03T08:36:17.148+0000] {logging_mixin.py:137} INFO - [2022-12-03T08:36:17.148+0000] {dag.py:2585} INFO - Sync 1 DAGs
[2022-12-03T08:36:17.164+0000] {logging_mixin.py:137} INFO - [2022-12-03T08:36:17.163+0000] {dag.py:3340} INFO - Setting next_dagrun for example_skip_dag to 2022-12-02T08:36:17.163725+00:00, run_after=2022-12-03T08:36:17.163725+00:00
[2022-12-03T08:36:17.177+0000] {processor.py:176} INFO - Processing /home/airflow/.local/lib/python3.7/site-packages/airflow/example_dags/example_skip_dag.py took 0.071 seconds
[2022-12-03T09:58:30.291+0000] {processor.py:154} INFO - Started process (PID=13983) to work on /home/airflow/.local/lib/python3.7/site-packages/airflow/example_dags/example_skip_dag.py
[2022-12-03T09:58:30.293+0000] {processor.py:756} INFO - Processing file /home/airflow/.local/lib/python3.7/site-packages/airflow/example_dags/example_skip_dag.py for tasks to queue
[2022-12-03T09:58:30.294+0000] {logging_mixin.py:137} INFO - [2022-12-03T09:58:30.294+0000] {dagbag.py:537} INFO - Filling up the DagBag from /home/airflow/.local/lib/python3.7/site-packages/airflow/example_dags/example_skip_dag.py
[2022-12-03T09:58:30.304+0000] {processor.py:766} INFO - DAG(s) dict_keys(['example_skip_dag']) retrieved from /home/airflow/.local/lib/python3.7/site-packages/airflow/example_dags/example_skip_dag.py
[2022-12-03T09:58:30.329+0000] {logging_mixin.py:137} INFO - [2022-12-03T09:58:30.329+0000] {dag.py:2585} INFO - Sync 1 DAGs
[2022-12-03T09:58:30.345+0000] {logging_mixin.py:137} INFO - [2022-12-03T09:58:30.345+0000] {dag.py:3340} INFO - Setting next_dagrun for example_skip_dag to 2022-12-02T09:58:30.345028+00:00, run_after=2022-12-03T09:58:30.345028+00:00
[2022-12-03T09:58:30.359+0000] {processor.py:176} INFO - Processing /home/airflow/.local/lib/python3.7/site-packages/airflow/example_dags/example_skip_dag.py took 0.070 seconds
[2022-12-03T11:03:31.285+0000] {processor.py:154} INFO - Started process (PID=14038) to work on /home/airflow/.local/lib/python3.7/site-packages/airflow/example_dags/example_skip_dag.py
[2022-12-03T11:03:31.287+0000] {processor.py:756} INFO - Processing file /home/airflow/.local/lib/python3.7/site-packages/airflow/example_dags/example_skip_dag.py for tasks to queue
[2022-12-03T11:03:31.288+0000] {logging_mixin.py:137} INFO - [2022-12-03T11:03:31.288+0000] {dagbag.py:537} INFO - Filling up the DagBag from /home/airflow/.local/lib/python3.7/site-packages/airflow/example_dags/example_skip_dag.py
[2022-12-03T11:03:31.297+0000] {processor.py:766} INFO - DAG(s) dict_keys(['example_skip_dag']) retrieved from /home/airflow/.local/lib/python3.7/site-packages/airflow/example_dags/example_skip_dag.py
[2022-12-03T11:03:31.324+0000] {logging_mixin.py:137} INFO - [2022-12-03T11:03:31.323+0000] {dag.py:2585} INFO - Sync 1 DAGs
[2022-12-03T11:03:31.340+0000] {logging_mixin.py:137} INFO - [2022-12-03T11:03:31.340+0000] {dag.py:3340} INFO - Setting next_dagrun for example_skip_dag to 2022-12-02T11:03:31.340334+00:00, run_after=2022-12-03T11:03:31.340334+00:00
[2022-12-03T11:03:31.354+0000] {processor.py:176} INFO - Processing /home/airflow/.local/lib/python3.7/site-packages/airflow/example_dags/example_skip_dag.py took 0.071 seconds
[2022-12-03T11:21:01.927+0000] {processor.py:154} INFO - Started process (PID=14112) to work on /home/airflow/.local/lib/python3.7/site-packages/airflow/example_dags/example_skip_dag.py
[2022-12-03T11:21:01.929+0000] {processor.py:756} INFO - Processing file /home/airflow/.local/lib/python3.7/site-packages/airflow/example_dags/example_skip_dag.py for tasks to queue
[2022-12-03T11:21:01.931+0000] {logging_mixin.py:137} INFO - [2022-12-03T11:21:01.931+0000] {dagbag.py:537} INFO - Filling up the DagBag from /home/airflow/.local/lib/python3.7/site-packages/airflow/example_dags/example_skip_dag.py
[2022-12-03T11:21:01.943+0000] {processor.py:766} INFO - DAG(s) dict_keys(['example_skip_dag']) retrieved from /home/airflow/.local/lib/python3.7/site-packages/airflow/example_dags/example_skip_dag.py
[2022-12-03T11:21:01.973+0000] {logging_mixin.py:137} INFO - [2022-12-03T11:21:01.973+0000] {dag.py:2585} INFO - Sync 1 DAGs
[2022-12-03T11:21:01.988+0000] {logging_mixin.py:137} INFO - [2022-12-03T11:21:01.988+0000] {dag.py:3340} INFO - Setting next_dagrun for example_skip_dag to 2022-12-02T11:21:01.988219+00:00, run_after=2022-12-03T11:21:01.988219+00:00
[2022-12-03T11:21:02.001+0000] {processor.py:176} INFO - Processing /home/airflow/.local/lib/python3.7/site-packages/airflow/example_dags/example_skip_dag.py took 0.077 seconds
[2022-12-03T12:21:05.216+0000] {processor.py:154} INFO - Started process (PID=14185) to work on /home/airflow/.local/lib/python3.7/site-packages/airflow/example_dags/example_skip_dag.py
[2022-12-03T12:21:05.218+0000] {processor.py:756} INFO - Processing file /home/airflow/.local/lib/python3.7/site-packages/airflow/example_dags/example_skip_dag.py for tasks to queue
[2022-12-03T12:21:05.220+0000] {logging_mixin.py:137} INFO - [2022-12-03T12:21:05.219+0000] {dagbag.py:537} INFO - Filling up the DagBag from /home/airflow/.local/lib/python3.7/site-packages/airflow/example_dags/example_skip_dag.py
[2022-12-03T12:21:05.232+0000] {processor.py:766} INFO - DAG(s) dict_keys(['example_skip_dag']) retrieved from /home/airflow/.local/lib/python3.7/site-packages/airflow/example_dags/example_skip_dag.py
[2022-12-03T12:21:05.264+0000] {logging_mixin.py:137} INFO - [2022-12-03T12:21:05.264+0000] {dag.py:2585} INFO - Sync 1 DAGs
[2022-12-03T12:21:05.281+0000] {logging_mixin.py:137} INFO - [2022-12-03T12:21:05.281+0000] {dag.py:3340} INFO - Setting next_dagrun for example_skip_dag to 2022-12-02T12:21:05.281485+00:00, run_after=2022-12-03T12:21:05.281485+00:00
[2022-12-03T12:21:05.297+0000] {processor.py:176} INFO - Processing /home/airflow/.local/lib/python3.7/site-packages/airflow/example_dags/example_skip_dag.py took 0.083 seconds
[2022-12-03T13:24:18.248+0000] {processor.py:154} INFO - Started process (PID=14260) to work on /home/airflow/.local/lib/python3.7/site-packages/airflow/example_dags/example_skip_dag.py
[2022-12-03T13:24:18.250+0000] {processor.py:756} INFO - Processing file /home/airflow/.local/lib/python3.7/site-packages/airflow/example_dags/example_skip_dag.py for tasks to queue
[2022-12-03T13:24:18.252+0000] {logging_mixin.py:137} INFO - [2022-12-03T13:24:18.252+0000] {dagbag.py:537} INFO - Filling up the DagBag from /home/airflow/.local/lib/python3.7/site-packages/airflow/example_dags/example_skip_dag.py
[2022-12-03T13:24:18.262+0000] {processor.py:766} INFO - DAG(s) dict_keys(['example_skip_dag']) retrieved from /home/airflow/.local/lib/python3.7/site-packages/airflow/example_dags/example_skip_dag.py
[2022-12-03T13:24:18.295+0000] {logging_mixin.py:137} INFO - [2022-12-03T13:24:18.295+0000] {dag.py:2585} INFO - Sync 1 DAGs
[2022-12-03T13:24:18.313+0000] {logging_mixin.py:137} INFO - [2022-12-03T13:24:18.313+0000] {dag.py:3340} INFO - Setting next_dagrun for example_skip_dag to 2022-12-02T13:24:18.313148+00:00, run_after=2022-12-03T13:24:18.313148+00:00
[2022-12-03T13:24:18.326+0000] {processor.py:176} INFO - Processing /home/airflow/.local/lib/python3.7/site-packages/airflow/example_dags/example_skip_dag.py took 0.082 seconds
[2022-12-03T14:43:48.306+0000] {processor.py:154} INFO - Started process (PID=14315) to work on /home/airflow/.local/lib/python3.7/site-packages/airflow/example_dags/example_skip_dag.py
[2022-12-03T14:43:48.308+0000] {processor.py:756} INFO - Processing file /home/airflow/.local/lib/python3.7/site-packages/airflow/example_dags/example_skip_dag.py for tasks to queue
[2022-12-03T14:43:48.310+0000] {logging_mixin.py:137} INFO - [2022-12-03T14:43:48.310+0000] {dagbag.py:537} INFO - Filling up the DagBag from /home/airflow/.local/lib/python3.7/site-packages/airflow/example_dags/example_skip_dag.py
[2022-12-03T14:43:48.320+0000] {processor.py:766} INFO - DAG(s) dict_keys(['example_skip_dag']) retrieved from /home/airflow/.local/lib/python3.7/site-packages/airflow/example_dags/example_skip_dag.py
[2022-12-03T14:43:48.347+0000] {logging_mixin.py:137} INFO - [2022-12-03T14:43:48.347+0000] {dag.py:2585} INFO - Sync 1 DAGs
[2022-12-03T14:43:48.370+0000] {logging_mixin.py:137} INFO - [2022-12-03T14:43:48.370+0000] {dag.py:3340} INFO - Setting next_dagrun for example_skip_dag to 2022-12-02T14:43:48.370319+00:00, run_after=2022-12-03T14:43:48.370319+00:00
[2022-12-03T14:43:48.384+0000] {processor.py:176} INFO - Processing /home/airflow/.local/lib/python3.7/site-packages/airflow/example_dags/example_skip_dag.py took 0.081 seconds
[2022-12-03T16:03:00.605+0000] {processor.py:154} INFO - Started process (PID=14381) to work on /home/airflow/.local/lib/python3.7/site-packages/airflow/example_dags/example_skip_dag.py
[2022-12-03T16:03:00.607+0000] {processor.py:756} INFO - Processing file /home/airflow/.local/lib/python3.7/site-packages/airflow/example_dags/example_skip_dag.py for tasks to queue
[2022-12-03T16:03:00.609+0000] {logging_mixin.py:137} INFO - [2022-12-03T16:03:00.609+0000] {dagbag.py:537} INFO - Filling up the DagBag from /home/airflow/.local/lib/python3.7/site-packages/airflow/example_dags/example_skip_dag.py
[2022-12-03T16:03:00.622+0000] {processor.py:766} INFO - DAG(s) dict_keys(['example_skip_dag']) retrieved from /home/airflow/.local/lib/python3.7/site-packages/airflow/example_dags/example_skip_dag.py
[2022-12-03T16:03:00.659+0000] {logging_mixin.py:137} INFO - [2022-12-03T16:03:00.659+0000] {dag.py:2585} INFO - Sync 1 DAGs
[2022-12-03T16:03:00.677+0000] {logging_mixin.py:137} INFO - [2022-12-03T16:03:00.677+0000] {dag.py:3340} INFO - Setting next_dagrun for example_skip_dag to 2022-12-02T16:03:00.676940+00:00, run_after=2022-12-03T16:03:00.676940+00:00
[2022-12-03T16:03:00.691+0000] {processor.py:176} INFO - Processing /home/airflow/.local/lib/python3.7/site-packages/airflow/example_dags/example_skip_dag.py took 0.090 seconds
[2022-12-03T17:24:33.239+0000] {processor.py:154} INFO - Started process (PID=14449) to work on /home/airflow/.local/lib/python3.7/site-packages/airflow/example_dags/example_skip_dag.py
[2022-12-03T17:24:33.241+0000] {processor.py:756} INFO - Processing file /home/airflow/.local/lib/python3.7/site-packages/airflow/example_dags/example_skip_dag.py for tasks to queue
[2022-12-03T17:24:33.243+0000] {logging_mixin.py:137} INFO - [2022-12-03T17:24:33.243+0000] {dagbag.py:537} INFO - Filling up the DagBag from /home/airflow/.local/lib/python3.7/site-packages/airflow/example_dags/example_skip_dag.py
[2022-12-03T17:24:33.253+0000] {processor.py:766} INFO - DAG(s) dict_keys(['example_skip_dag']) retrieved from /home/airflow/.local/lib/python3.7/site-packages/airflow/example_dags/example_skip_dag.py
[2022-12-03T17:24:33.280+0000] {logging_mixin.py:137} INFO - [2022-12-03T17:24:33.280+0000] {dag.py:2585} INFO - Sync 1 DAGs
[2022-12-03T17:24:33.297+0000] {logging_mixin.py:137} INFO - [2022-12-03T17:24:33.297+0000] {dag.py:3340} INFO - Setting next_dagrun for example_skip_dag to 2022-12-02T17:24:33.297716+00:00, run_after=2022-12-03T17:24:33.297716+00:00
[2022-12-03T17:24:33.311+0000] {processor.py:176} INFO - Processing /home/airflow/.local/lib/python3.7/site-packages/airflow/example_dags/example_skip_dag.py took 0.075 seconds
[2022-12-03T18:46:59.589+0000] {processor.py:154} INFO - Started process (PID=14516) to work on /home/airflow/.local/lib/python3.7/site-packages/airflow/example_dags/example_skip_dag.py
[2022-12-03T18:46:59.591+0000] {processor.py:756} INFO - Processing file /home/airflow/.local/lib/python3.7/site-packages/airflow/example_dags/example_skip_dag.py for tasks to queue
[2022-12-03T18:46:59.593+0000] {logging_mixin.py:137} INFO - [2022-12-03T18:46:59.592+0000] {dagbag.py:537} INFO - Filling up the DagBag from /home/airflow/.local/lib/python3.7/site-packages/airflow/example_dags/example_skip_dag.py
[2022-12-03T18:46:59.605+0000] {processor.py:766} INFO - DAG(s) dict_keys(['example_skip_dag']) retrieved from /home/airflow/.local/lib/python3.7/site-packages/airflow/example_dags/example_skip_dag.py
[2022-12-03T18:46:59.638+0000] {logging_mixin.py:137} INFO - [2022-12-03T18:46:59.638+0000] {dag.py:2585} INFO - Sync 1 DAGs
[2022-12-03T18:46:59.655+0000] {logging_mixin.py:137} INFO - [2022-12-03T18:46:59.655+0000] {dag.py:3340} INFO - Setting next_dagrun for example_skip_dag to 2022-12-02T18:46:59.655720+00:00, run_after=2022-12-03T18:46:59.655720+00:00
[2022-12-03T18:46:59.668+0000] {processor.py:176} INFO - Processing /home/airflow/.local/lib/python3.7/site-packages/airflow/example_dags/example_skip_dag.py took 0.082 seconds
[2022-12-03T19:40:03.019+0000] {processor.py:154} INFO - Started process (PID=14573) to work on /home/airflow/.local/lib/python3.7/site-packages/airflow/example_dags/example_skip_dag.py
[2022-12-03T19:40:03.021+0000] {processor.py:756} INFO - Processing file /home/airflow/.local/lib/python3.7/site-packages/airflow/example_dags/example_skip_dag.py for tasks to queue
[2022-12-03T19:40:03.022+0000] {logging_mixin.py:137} INFO - [2022-12-03T19:40:03.022+0000] {dagbag.py:537} INFO - Filling up the DagBag from /home/airflow/.local/lib/python3.7/site-packages/airflow/example_dags/example_skip_dag.py
[2022-12-03T19:40:03.034+0000] {processor.py:766} INFO - DAG(s) dict_keys(['example_skip_dag']) retrieved from /home/airflow/.local/lib/python3.7/site-packages/airflow/example_dags/example_skip_dag.py
[2022-12-03T19:40:03.063+0000] {logging_mixin.py:137} INFO - [2022-12-03T19:40:03.063+0000] {dag.py:2585} INFO - Sync 1 DAGs
[2022-12-03T19:40:03.079+0000] {logging_mixin.py:137} INFO - [2022-12-03T19:40:03.079+0000] {dag.py:3340} INFO - Setting next_dagrun for example_skip_dag to 2022-12-02T19:40:03.079378+00:00, run_after=2022-12-03T19:40:03.079378+00:00
[2022-12-03T19:40:03.092+0000] {processor.py:176} INFO - Processing /home/airflow/.local/lib/python3.7/site-packages/airflow/example_dags/example_skip_dag.py took 0.075 seconds
[2022-12-03T20:15:10.737+0000] {processor.py:154} INFO - Started process (PID=14639) to work on /home/airflow/.local/lib/python3.7/site-packages/airflow/example_dags/example_skip_dag.py
[2022-12-03T20:15:10.739+0000] {processor.py:756} INFO - Processing file /home/airflow/.local/lib/python3.7/site-packages/airflow/example_dags/example_skip_dag.py for tasks to queue
[2022-12-03T20:15:10.740+0000] {logging_mixin.py:137} INFO - [2022-12-03T20:15:10.740+0000] {dagbag.py:537} INFO - Filling up the DagBag from /home/airflow/.local/lib/python3.7/site-packages/airflow/example_dags/example_skip_dag.py
[2022-12-03T20:15:10.749+0000] {processor.py:766} INFO - DAG(s) dict_keys(['example_skip_dag']) retrieved from /home/airflow/.local/lib/python3.7/site-packages/airflow/example_dags/example_skip_dag.py
[2022-12-03T20:15:10.776+0000] {logging_mixin.py:137} INFO - [2022-12-03T20:15:10.776+0000] {dag.py:2585} INFO - Sync 1 DAGs
[2022-12-03T20:15:10.793+0000] {logging_mixin.py:137} INFO - [2022-12-03T20:15:10.793+0000] {dag.py:3340} INFO - Setting next_dagrun for example_skip_dag to 2022-12-02T20:15:10.793475+00:00, run_after=2022-12-03T20:15:10.793475+00:00
[2022-12-03T20:15:10.808+0000] {processor.py:176} INFO - Processing /home/airflow/.local/lib/python3.7/site-packages/airflow/example_dags/example_skip_dag.py took 0.075 seconds
[2022-12-03T20:47:37.795+0000] {processor.py:154} INFO - Started process (PID=14704) to work on /home/airflow/.local/lib/python3.7/site-packages/airflow/example_dags/example_skip_dag.py
[2022-12-03T20:47:37.797+0000] {processor.py:756} INFO - Processing file /home/airflow/.local/lib/python3.7/site-packages/airflow/example_dags/example_skip_dag.py for tasks to queue
[2022-12-03T20:47:37.798+0000] {logging_mixin.py:137} INFO - [2022-12-03T20:47:37.798+0000] {dagbag.py:537} INFO - Filling up the DagBag from /home/airflow/.local/lib/python3.7/site-packages/airflow/example_dags/example_skip_dag.py
[2022-12-03T20:47:37.810+0000] {processor.py:766} INFO - DAG(s) dict_keys(['example_skip_dag']) retrieved from /home/airflow/.local/lib/python3.7/site-packages/airflow/example_dags/example_skip_dag.py
[2022-12-03T20:47:37.838+0000] {logging_mixin.py:137} INFO - [2022-12-03T20:47:37.838+0000] {dag.py:2585} INFO - Sync 1 DAGs
[2022-12-03T20:47:37.854+0000] {logging_mixin.py:137} INFO - [2022-12-03T20:47:37.853+0000] {dag.py:3340} INFO - Setting next_dagrun for example_skip_dag to 2022-12-02T20:47:37.853786+00:00, run_after=2022-12-03T20:47:37.853786+00:00
[2022-12-03T20:47:37.866+0000] {processor.py:176} INFO - Processing /home/airflow/.local/lib/python3.7/site-packages/airflow/example_dags/example_skip_dag.py took 0.074 seconds
[2022-12-03T22:10:13.769+0000] {processor.py:154} INFO - Started process (PID=14774) to work on /home/airflow/.local/lib/python3.7/site-packages/airflow/example_dags/example_skip_dag.py
[2022-12-03T22:10:13.770+0000] {processor.py:756} INFO - Processing file /home/airflow/.local/lib/python3.7/site-packages/airflow/example_dags/example_skip_dag.py for tasks to queue
[2022-12-03T22:10:13.771+0000] {logging_mixin.py:137} INFO - [2022-12-03T22:10:13.771+0000] {dagbag.py:537} INFO - Filling up the DagBag from /home/airflow/.local/lib/python3.7/site-packages/airflow/example_dags/example_skip_dag.py
[2022-12-03T22:10:13.780+0000] {processor.py:766} INFO - DAG(s) dict_keys(['example_skip_dag']) retrieved from /home/airflow/.local/lib/python3.7/site-packages/airflow/example_dags/example_skip_dag.py
[2022-12-03T22:10:13.805+0000] {logging_mixin.py:137} INFO - [2022-12-03T22:10:13.805+0000] {dag.py:2585} INFO - Sync 1 DAGs
[2022-12-03T22:10:13.820+0000] {logging_mixin.py:137} INFO - [2022-12-03T22:10:13.820+0000] {dag.py:3340} INFO - Setting next_dagrun for example_skip_dag to 2022-12-02T22:10:13.820256+00:00, run_after=2022-12-03T22:10:13.820256+00:00
[2022-12-03T22:10:13.831+0000] {processor.py:176} INFO - Processing /home/airflow/.local/lib/python3.7/site-packages/airflow/example_dags/example_skip_dag.py took 0.066 seconds
[2022-12-03T23:31:53.586+0000] {processor.py:154} INFO - Started process (PID=14833) to work on /home/airflow/.local/lib/python3.7/site-packages/airflow/example_dags/example_skip_dag.py
[2022-12-03T23:31:53.589+0000] {processor.py:756} INFO - Processing file /home/airflow/.local/lib/python3.7/site-packages/airflow/example_dags/example_skip_dag.py for tasks to queue
[2022-12-03T23:31:53.590+0000] {logging_mixin.py:137} INFO - [2022-12-03T23:31:53.590+0000] {dagbag.py:537} INFO - Filling up the DagBag from /home/airflow/.local/lib/python3.7/site-packages/airflow/example_dags/example_skip_dag.py
[2022-12-03T23:31:53.605+0000] {processor.py:766} INFO - DAG(s) dict_keys(['example_skip_dag']) retrieved from /home/airflow/.local/lib/python3.7/site-packages/airflow/example_dags/example_skip_dag.py
[2022-12-03T23:31:53.652+0000] {logging_mixin.py:137} INFO - [2022-12-03T23:31:53.652+0000] {dag.py:2585} INFO - Sync 1 DAGs
[2022-12-03T23:31:53.670+0000] {logging_mixin.py:137} INFO - [2022-12-03T23:31:53.670+0000] {dag.py:3340} INFO - Setting next_dagrun for example_skip_dag to 2022-12-02T23:31:53.670329+00:00, run_after=2022-12-03T23:31:53.670329+00:00
[2022-12-03T23:31:53.684+0000] {processor.py:176} INFO - Processing /home/airflow/.local/lib/python3.7/site-packages/airflow/example_dags/example_skip_dag.py took 0.100 seconds
