[2022-12-03T00:24:07.770+0000] {processor.py:154} INFO - Started process (PID=13488) to work on /home/airflow/.local/lib/python3.7/site-packages/airflow/example_dags/example_branch_datetime_operator.py
[2022-12-03T00:24:07.772+0000] {processor.py:756} INFO - Processing file /home/airflow/.local/lib/python3.7/site-packages/airflow/example_dags/example_branch_datetime_operator.py for tasks to queue
[2022-12-03T00:24:07.773+0000] {logging_mixin.py:137} INFO - [2022-12-03T00:24:07.773+0000] {dagbag.py:537} INFO - Filling up the DagBag from /home/airflow/.local/lib/python3.7/site-packages/airflow/example_dags/example_branch_datetime_operator.py
[2022-12-03T00:24:07.785+0000] {processor.py:766} INFO - DAG(s) dict_keys(['example_branch_datetime_operator_2', 'example_branch_datetime_operator', 'example_branch_datetime_operator_3']) retrieved from /home/airflow/.local/lib/python3.7/site-packages/airflow/example_dags/example_branch_datetime_operator.py
[2022-12-03T00:24:07.815+0000] {logging_mixin.py:137} INFO - [2022-12-03T00:24:07.815+0000] {dag.py:2585} INFO - Sync 3 DAGs
[2022-12-03T00:24:07.836+0000] {logging_mixin.py:137} INFO - [2022-12-03T00:24:07.835+0000] {dag.py:3340} INFO - Setting next_dagrun for example_branch_datetime_operator to 2022-12-02T00:00:00+00:00, run_after=2022-12-03T00:00:00+00:00
[2022-12-03T00:24:07.841+0000] {logging_mixin.py:137} INFO - [2022-12-03T00:24:07.841+0000] {dag.py:3340} INFO - Setting next_dagrun for example_branch_datetime_operator_2 to 2022-12-02T00:00:00+00:00, run_after=2022-12-03T00:00:00+00:00
[2022-12-03T00:24:07.844+0000] {logging_mixin.py:137} INFO - [2022-12-03T00:24:07.844+0000] {dag.py:3340} INFO - Setting next_dagrun for example_branch_datetime_operator_3 to 2022-12-02T00:00:00+00:00, run_after=2022-12-03T00:00:00+00:00
[2022-12-03T00:24:07.863+0000] {processor.py:176} INFO - Processing /home/airflow/.local/lib/python3.7/site-packages/airflow/example_dags/example_branch_datetime_operator.py took 0.095 seconds
[2022-12-03T01:45:40.736+0000] {processor.py:154} INFO - Started process (PID=13557) to work on /home/airflow/.local/lib/python3.7/site-packages/airflow/example_dags/example_branch_datetime_operator.py
[2022-12-03T01:45:40.737+0000] {processor.py:756} INFO - Processing file /home/airflow/.local/lib/python3.7/site-packages/airflow/example_dags/example_branch_datetime_operator.py for tasks to queue
[2022-12-03T01:45:40.738+0000] {logging_mixin.py:137} INFO - [2022-12-03T01:45:40.738+0000] {dagbag.py:537} INFO - Filling up the DagBag from /home/airflow/.local/lib/python3.7/site-packages/airflow/example_dags/example_branch_datetime_operator.py
[2022-12-03T01:45:40.749+0000] {processor.py:766} INFO - DAG(s) dict_keys(['example_branch_datetime_operator_2', 'example_branch_datetime_operator_3', 'example_branch_datetime_operator']) retrieved from /home/airflow/.local/lib/python3.7/site-packages/airflow/example_dags/example_branch_datetime_operator.py
[2022-12-03T01:45:40.780+0000] {logging_mixin.py:137} INFO - [2022-12-03T01:45:40.780+0000] {dag.py:2585} INFO - Sync 3 DAGs
[2022-12-03T01:45:40.796+0000] {logging_mixin.py:137} INFO - [2022-12-03T01:45:40.796+0000] {dag.py:3340} INFO - Setting next_dagrun for example_branch_datetime_operator to 2022-12-02T00:00:00+00:00, run_after=2022-12-03T00:00:00+00:00
[2022-12-03T01:45:40.800+0000] {logging_mixin.py:137} INFO - [2022-12-03T01:45:40.800+0000] {dag.py:3340} INFO - Setting next_dagrun for example_branch_datetime_operator_2 to 2022-12-02T00:00:00+00:00, run_after=2022-12-03T00:00:00+00:00
[2022-12-03T01:45:40.802+0000] {logging_mixin.py:137} INFO - [2022-12-03T01:45:40.802+0000] {dag.py:3340} INFO - Setting next_dagrun for example_branch_datetime_operator_3 to 2022-12-02T00:00:00+00:00, run_after=2022-12-03T00:00:00+00:00
[2022-12-03T01:45:40.814+0000] {processor.py:176} INFO - Processing /home/airflow/.local/lib/python3.7/site-packages/airflow/example_dags/example_branch_datetime_operator.py took 0.080 seconds
[2022-12-03T03:05:49.416+0000] {processor.py:154} INFO - Started process (PID=13625) to work on /home/airflow/.local/lib/python3.7/site-packages/airflow/example_dags/example_branch_datetime_operator.py
[2022-12-03T03:05:49.419+0000] {processor.py:756} INFO - Processing file /home/airflow/.local/lib/python3.7/site-packages/airflow/example_dags/example_branch_datetime_operator.py for tasks to queue
[2022-12-03T03:05:49.419+0000] {logging_mixin.py:137} INFO - [2022-12-03T03:05:49.419+0000] {dagbag.py:537} INFO - Filling up the DagBag from /home/airflow/.local/lib/python3.7/site-packages/airflow/example_dags/example_branch_datetime_operator.py
[2022-12-03T03:05:49.430+0000] {processor.py:766} INFO - DAG(s) dict_keys(['example_branch_datetime_operator_2', 'example_branch_datetime_operator', 'example_branch_datetime_operator_3']) retrieved from /home/airflow/.local/lib/python3.7/site-packages/airflow/example_dags/example_branch_datetime_operator.py
[2022-12-03T03:05:49.459+0000] {logging_mixin.py:137} INFO - [2022-12-03T03:05:49.459+0000] {dag.py:2585} INFO - Sync 3 DAGs
[2022-12-03T03:05:49.475+0000] {logging_mixin.py:137} INFO - [2022-12-03T03:05:49.475+0000] {dag.py:3340} INFO - Setting next_dagrun for example_branch_datetime_operator to 2022-12-02T00:00:00+00:00, run_after=2022-12-03T00:00:00+00:00
[2022-12-03T03:05:49.480+0000] {logging_mixin.py:137} INFO - [2022-12-03T03:05:49.480+0000] {dag.py:3340} INFO - Setting next_dagrun for example_branch_datetime_operator_2 to 2022-12-02T00:00:00+00:00, run_after=2022-12-03T00:00:00+00:00
[2022-12-03T03:05:49.483+0000] {logging_mixin.py:137} INFO - [2022-12-03T03:05:49.483+0000] {dag.py:3340} INFO - Setting next_dagrun for example_branch_datetime_operator_3 to 2022-12-02T00:00:00+00:00, run_after=2022-12-03T00:00:00+00:00
[2022-12-03T03:05:49.496+0000] {processor.py:176} INFO - Processing /home/airflow/.local/lib/python3.7/site-packages/airflow/example_dags/example_branch_datetime_operator.py took 0.082 seconds
[2022-12-03T04:29:59.631+0000] {processor.py:154} INFO - Started process (PID=13684) to work on /home/airflow/.local/lib/python3.7/site-packages/airflow/example_dags/example_branch_datetime_operator.py
[2022-12-03T04:29:59.635+0000] {processor.py:756} INFO - Processing file /home/airflow/.local/lib/python3.7/site-packages/airflow/example_dags/example_branch_datetime_operator.py for tasks to queue
[2022-12-03T04:29:59.638+0000] {logging_mixin.py:137} INFO - [2022-12-03T04:29:59.637+0000] {dagbag.py:537} INFO - Filling up the DagBag from /home/airflow/.local/lib/python3.7/site-packages/airflow/example_dags/example_branch_datetime_operator.py
[2022-12-03T04:29:59.685+0000] {processor.py:766} INFO - DAG(s) dict_keys(['example_branch_datetime_operator_2', 'example_branch_datetime_operator_3', 'example_branch_datetime_operator']) retrieved from /home/airflow/.local/lib/python3.7/site-packages/airflow/example_dags/example_branch_datetime_operator.py
[2022-12-03T04:29:59.776+0000] {logging_mixin.py:137} INFO - [2022-12-03T04:29:59.776+0000] {dag.py:2585} INFO - Sync 3 DAGs
[2022-12-03T04:29:59.810+0000] {logging_mixin.py:137} INFO - [2022-12-03T04:29:59.809+0000] {dag.py:3340} INFO - Setting next_dagrun for example_branch_datetime_operator to 2022-12-02T00:00:00+00:00, run_after=2022-12-03T00:00:00+00:00
[2022-12-03T04:29:59.824+0000] {logging_mixin.py:137} INFO - [2022-12-03T04:29:59.824+0000] {dag.py:3340} INFO - Setting next_dagrun for example_branch_datetime_operator_2 to 2022-12-02T00:00:00+00:00, run_after=2022-12-03T00:00:00+00:00
[2022-12-03T04:29:59.829+0000] {logging_mixin.py:137} INFO - [2022-12-03T04:29:59.829+0000] {dag.py:3340} INFO - Setting next_dagrun for example_branch_datetime_operator_3 to 2022-12-02T00:00:00+00:00, run_after=2022-12-03T00:00:00+00:00
[2022-12-03T04:29:59.869+0000] {processor.py:176} INFO - Processing /home/airflow/.local/lib/python3.7/site-packages/airflow/example_dags/example_branch_datetime_operator.py took 0.245 seconds
[2022-12-03T05:52:50.311+0000] {processor.py:154} INFO - Started process (PID=13753) to work on /home/airflow/.local/lib/python3.7/site-packages/airflow/example_dags/example_branch_datetime_operator.py
[2022-12-03T05:52:50.315+0000] {processor.py:756} INFO - Processing file /home/airflow/.local/lib/python3.7/site-packages/airflow/example_dags/example_branch_datetime_operator.py for tasks to queue
[2022-12-03T05:52:50.322+0000] {logging_mixin.py:137} INFO - [2022-12-03T05:52:50.322+0000] {dagbag.py:537} INFO - Filling up the DagBag from /home/airflow/.local/lib/python3.7/site-packages/airflow/example_dags/example_branch_datetime_operator.py
[2022-12-03T05:52:50.351+0000] {processor.py:766} INFO - DAG(s) dict_keys(['example_branch_datetime_operator_2', 'example_branch_datetime_operator', 'example_branch_datetime_operator_3']) retrieved from /home/airflow/.local/lib/python3.7/site-packages/airflow/example_dags/example_branch_datetime_operator.py
[2022-12-03T05:52:50.433+0000] {logging_mixin.py:137} INFO - [2022-12-03T05:52:50.433+0000] {dag.py:2585} INFO - Sync 3 DAGs
[2022-12-03T05:52:50.462+0000] {logging_mixin.py:137} INFO - [2022-12-03T05:52:50.462+0000] {dag.py:3340} INFO - Setting next_dagrun for example_branch_datetime_operator to 2022-12-02T00:00:00+00:00, run_after=2022-12-03T00:00:00+00:00
[2022-12-03T05:52:50.473+0000] {logging_mixin.py:137} INFO - [2022-12-03T05:52:50.473+0000] {dag.py:3340} INFO - Setting next_dagrun for example_branch_datetime_operator_2 to 2022-12-02T00:00:00+00:00, run_after=2022-12-03T00:00:00+00:00
[2022-12-03T05:52:50.477+0000] {logging_mixin.py:137} INFO - [2022-12-03T05:52:50.477+0000] {dag.py:3340} INFO - Setting next_dagrun for example_branch_datetime_operator_3 to 2022-12-02T00:00:00+00:00, run_after=2022-12-03T00:00:00+00:00
[2022-12-03T05:52:50.507+0000] {processor.py:176} INFO - Processing /home/airflow/.local/lib/python3.7/site-packages/airflow/example_dags/example_branch_datetime_operator.py took 0.207 seconds
[2022-12-03T07:14:03.908+0000] {processor.py:154} INFO - Started process (PID=13824) to work on /home/airflow/.local/lib/python3.7/site-packages/airflow/example_dags/example_branch_datetime_operator.py
[2022-12-03T07:14:03.913+0000] {processor.py:756} INFO - Processing file /home/airflow/.local/lib/python3.7/site-packages/airflow/example_dags/example_branch_datetime_operator.py for tasks to queue
[2022-12-03T07:14:03.915+0000] {logging_mixin.py:137} INFO - [2022-12-03T07:14:03.915+0000] {dagbag.py:537} INFO - Filling up the DagBag from /home/airflow/.local/lib/python3.7/site-packages/airflow/example_dags/example_branch_datetime_operator.py
[2022-12-03T07:14:03.940+0000] {processor.py:766} INFO - DAG(s) dict_keys(['example_branch_datetime_operator', 'example_branch_datetime_operator_2', 'example_branch_datetime_operator_3']) retrieved from /home/airflow/.local/lib/python3.7/site-packages/airflow/example_dags/example_branch_datetime_operator.py
[2022-12-03T07:14:03.999+0000] {logging_mixin.py:137} INFO - [2022-12-03T07:14:03.999+0000] {dag.py:2585} INFO - Sync 3 DAGs
[2022-12-03T07:14:04.020+0000] {logging_mixin.py:137} INFO - [2022-12-03T07:14:04.020+0000] {dag.py:3340} INFO - Setting next_dagrun for example_branch_datetime_operator to 2022-12-02T00:00:00+00:00, run_after=2022-12-03T00:00:00+00:00
[2022-12-03T07:14:04.025+0000] {logging_mixin.py:137} INFO - [2022-12-03T07:14:04.025+0000] {dag.py:3340} INFO - Setting next_dagrun for example_branch_datetime_operator_2 to 2022-12-02T00:00:00+00:00, run_after=2022-12-03T00:00:00+00:00
[2022-12-03T07:14:04.029+0000] {logging_mixin.py:137} INFO - [2022-12-03T07:14:04.029+0000] {dag.py:3340} INFO - Setting next_dagrun for example_branch_datetime_operator_3 to 2022-12-02T00:00:00+00:00, run_after=2022-12-03T00:00:00+00:00
[2022-12-03T07:14:04.048+0000] {processor.py:176} INFO - Processing /home/airflow/.local/lib/python3.7/site-packages/airflow/example_dags/example_branch_datetime_operator.py took 0.145 seconds
[2022-12-03T08:36:15.919+0000] {processor.py:154} INFO - Started process (PID=13897) to work on /home/airflow/.local/lib/python3.7/site-packages/airflow/example_dags/example_branch_datetime_operator.py
[2022-12-03T08:36:15.921+0000] {processor.py:756} INFO - Processing file /home/airflow/.local/lib/python3.7/site-packages/airflow/example_dags/example_branch_datetime_operator.py for tasks to queue
[2022-12-03T08:36:15.924+0000] {logging_mixin.py:137} INFO - [2022-12-03T08:36:15.924+0000] {dagbag.py:537} INFO - Filling up the DagBag from /home/airflow/.local/lib/python3.7/site-packages/airflow/example_dags/example_branch_datetime_operator.py
[2022-12-03T08:36:15.968+0000] {processor.py:766} INFO - DAG(s) dict_keys(['example_branch_datetime_operator_2', 'example_branch_datetime_operator_3', 'example_branch_datetime_operator']) retrieved from /home/airflow/.local/lib/python3.7/site-packages/airflow/example_dags/example_branch_datetime_operator.py
[2022-12-03T08:36:16.049+0000] {logging_mixin.py:137} INFO - [2022-12-03T08:36:16.049+0000] {dag.py:2585} INFO - Sync 3 DAGs
[2022-12-03T08:36:16.079+0000] {logging_mixin.py:137} INFO - [2022-12-03T08:36:16.079+0000] {dag.py:3340} INFO - Setting next_dagrun for example_branch_datetime_operator to 2022-12-02T00:00:00+00:00, run_after=2022-12-03T00:00:00+00:00
[2022-12-03T08:36:16.083+0000] {logging_mixin.py:137} INFO - [2022-12-03T08:36:16.083+0000] {dag.py:3340} INFO - Setting next_dagrun for example_branch_datetime_operator_2 to 2022-12-02T00:00:00+00:00, run_after=2022-12-03T00:00:00+00:00
[2022-12-03T08:36:16.086+0000] {logging_mixin.py:137} INFO - [2022-12-03T08:36:16.086+0000] {dag.py:3340} INFO - Setting next_dagrun for example_branch_datetime_operator_3 to 2022-12-02T00:00:00+00:00, run_after=2022-12-03T00:00:00+00:00
[2022-12-03T08:36:16.100+0000] {processor.py:176} INFO - Processing /home/airflow/.local/lib/python3.7/site-packages/airflow/example_dags/example_branch_datetime_operator.py took 0.189 seconds
[2022-12-03T09:58:28.814+0000] {processor.py:154} INFO - Started process (PID=13965) to work on /home/airflow/.local/lib/python3.7/site-packages/airflow/example_dags/example_branch_datetime_operator.py
[2022-12-03T09:58:28.819+0000] {processor.py:756} INFO - Processing file /home/airflow/.local/lib/python3.7/site-packages/airflow/example_dags/example_branch_datetime_operator.py for tasks to queue
[2022-12-03T09:58:28.822+0000] {logging_mixin.py:137} INFO - [2022-12-03T09:58:28.822+0000] {dagbag.py:537} INFO - Filling up the DagBag from /home/airflow/.local/lib/python3.7/site-packages/airflow/example_dags/example_branch_datetime_operator.py
[2022-12-03T09:58:28.857+0000] {processor.py:766} INFO - DAG(s) dict_keys(['example_branch_datetime_operator', 'example_branch_datetime_operator_2', 'example_branch_datetime_operator_3']) retrieved from /home/airflow/.local/lib/python3.7/site-packages/airflow/example_dags/example_branch_datetime_operator.py
[2022-12-03T09:58:28.957+0000] {logging_mixin.py:137} INFO - [2022-12-03T09:58:28.957+0000] {dag.py:2585} INFO - Sync 3 DAGs
[2022-12-03T09:58:29.009+0000] {logging_mixin.py:137} INFO - [2022-12-03T09:58:29.009+0000] {dag.py:3340} INFO - Setting next_dagrun for example_branch_datetime_operator to 2022-12-02T00:00:00+00:00, run_after=2022-12-03T00:00:00+00:00
[2022-12-03T09:58:29.014+0000] {logging_mixin.py:137} INFO - [2022-12-03T09:58:29.014+0000] {dag.py:3340} INFO - Setting next_dagrun for example_branch_datetime_operator_2 to 2022-12-02T00:00:00+00:00, run_after=2022-12-03T00:00:00+00:00
[2022-12-03T09:58:29.017+0000] {logging_mixin.py:137} INFO - [2022-12-03T09:58:29.017+0000] {dag.py:3340} INFO - Setting next_dagrun for example_branch_datetime_operator_3 to 2022-12-02T00:00:00+00:00, run_after=2022-12-03T00:00:00+00:00
[2022-12-03T09:58:29.042+0000] {processor.py:176} INFO - Processing /home/airflow/.local/lib/python3.7/site-packages/airflow/example_dags/example_branch_datetime_operator.py took 0.231 seconds
[2022-12-03T11:03:29.476+0000] {processor.py:154} INFO - Started process (PID=14020) to work on /home/airflow/.local/lib/python3.7/site-packages/airflow/example_dags/example_branch_datetime_operator.py
[2022-12-03T11:03:29.478+0000] {processor.py:756} INFO - Processing file /home/airflow/.local/lib/python3.7/site-packages/airflow/example_dags/example_branch_datetime_operator.py for tasks to queue
[2022-12-03T11:03:29.480+0000] {logging_mixin.py:137} INFO - [2022-12-03T11:03:29.480+0000] {dagbag.py:537} INFO - Filling up the DagBag from /home/airflow/.local/lib/python3.7/site-packages/airflow/example_dags/example_branch_datetime_operator.py
[2022-12-03T11:03:29.491+0000] {processor.py:766} INFO - DAG(s) dict_keys(['example_branch_datetime_operator_3', 'example_branch_datetime_operator_2', 'example_branch_datetime_operator']) retrieved from /home/airflow/.local/lib/python3.7/site-packages/airflow/example_dags/example_branch_datetime_operator.py
[2022-12-03T11:03:29.522+0000] {logging_mixin.py:137} INFO - [2022-12-03T11:03:29.522+0000] {dag.py:2585} INFO - Sync 3 DAGs
[2022-12-03T11:03:29.538+0000] {logging_mixin.py:137} INFO - [2022-12-03T11:03:29.538+0000] {dag.py:3340} INFO - Setting next_dagrun for example_branch_datetime_operator to 2022-12-02T00:00:00+00:00, run_after=2022-12-03T00:00:00+00:00
[2022-12-03T11:03:29.542+0000] {logging_mixin.py:137} INFO - [2022-12-03T11:03:29.542+0000] {dag.py:3340} INFO - Setting next_dagrun for example_branch_datetime_operator_2 to 2022-12-02T00:00:00+00:00, run_after=2022-12-03T00:00:00+00:00
[2022-12-03T11:03:29.546+0000] {logging_mixin.py:137} INFO - [2022-12-03T11:03:29.546+0000] {dag.py:3340} INFO - Setting next_dagrun for example_branch_datetime_operator_3 to 2022-12-02T00:00:00+00:00, run_after=2022-12-03T00:00:00+00:00
[2022-12-03T11:03:29.563+0000] {processor.py:176} INFO - Processing /home/airflow/.local/lib/python3.7/site-packages/airflow/example_dags/example_branch_datetime_operator.py took 0.089 seconds
[2022-12-03T11:21:00.263+0000] {processor.py:154} INFO - Started process (PID=14094) to work on /home/airflow/.local/lib/python3.7/site-packages/airflow/example_dags/example_branch_datetime_operator.py
[2022-12-03T11:21:00.264+0000] {processor.py:756} INFO - Processing file /home/airflow/.local/lib/python3.7/site-packages/airflow/example_dags/example_branch_datetime_operator.py for tasks to queue
[2022-12-03T11:21:00.265+0000] {logging_mixin.py:137} INFO - [2022-12-03T11:21:00.265+0000] {dagbag.py:537} INFO - Filling up the DagBag from /home/airflow/.local/lib/python3.7/site-packages/airflow/example_dags/example_branch_datetime_operator.py
[2022-12-03T11:21:00.284+0000] {processor.py:766} INFO - DAG(s) dict_keys(['example_branch_datetime_operator_3', 'example_branch_datetime_operator_2', 'example_branch_datetime_operator']) retrieved from /home/airflow/.local/lib/python3.7/site-packages/airflow/example_dags/example_branch_datetime_operator.py
[2022-12-03T11:21:00.317+0000] {logging_mixin.py:137} INFO - [2022-12-03T11:21:00.316+0000] {dag.py:2585} INFO - Sync 3 DAGs
[2022-12-03T11:21:00.333+0000] {logging_mixin.py:137} INFO - [2022-12-03T11:21:00.333+0000] {dag.py:3340} INFO - Setting next_dagrun for example_branch_datetime_operator to 2022-12-02T00:00:00+00:00, run_after=2022-12-03T00:00:00+00:00
[2022-12-03T11:21:00.338+0000] {logging_mixin.py:137} INFO - [2022-12-03T11:21:00.338+0000] {dag.py:3340} INFO - Setting next_dagrun for example_branch_datetime_operator_2 to 2022-12-02T00:00:00+00:00, run_after=2022-12-03T00:00:00+00:00
[2022-12-03T11:21:00.342+0000] {logging_mixin.py:137} INFO - [2022-12-03T11:21:00.341+0000] {dag.py:3340} INFO - Setting next_dagrun for example_branch_datetime_operator_3 to 2022-12-02T00:00:00+00:00, run_after=2022-12-03T00:00:00+00:00
[2022-12-03T11:21:00.355+0000] {processor.py:176} INFO - Processing /home/airflow/.local/lib/python3.7/site-packages/airflow/example_dags/example_branch_datetime_operator.py took 0.095 seconds
[2022-12-03T12:21:03.978+0000] {processor.py:154} INFO - Started process (PID=14167) to work on /home/airflow/.local/lib/python3.7/site-packages/airflow/example_dags/example_branch_datetime_operator.py
[2022-12-03T12:21:03.982+0000] {processor.py:756} INFO - Processing file /home/airflow/.local/lib/python3.7/site-packages/airflow/example_dags/example_branch_datetime_operator.py for tasks to queue
[2022-12-03T12:21:03.984+0000] {logging_mixin.py:137} INFO - [2022-12-03T12:21:03.984+0000] {dagbag.py:537} INFO - Filling up the DagBag from /home/airflow/.local/lib/python3.7/site-packages/airflow/example_dags/example_branch_datetime_operator.py
[2022-12-03T12:21:04.005+0000] {processor.py:766} INFO - DAG(s) dict_keys(['example_branch_datetime_operator_3', 'example_branch_datetime_operator_2', 'example_branch_datetime_operator']) retrieved from /home/airflow/.local/lib/python3.7/site-packages/airflow/example_dags/example_branch_datetime_operator.py
[2022-12-03T12:21:04.040+0000] {logging_mixin.py:137} INFO - [2022-12-03T12:21:04.040+0000] {dag.py:2585} INFO - Sync 3 DAGs
[2022-12-03T12:21:04.059+0000] {logging_mixin.py:137} INFO - [2022-12-03T12:21:04.059+0000] {dag.py:3340} INFO - Setting next_dagrun for example_branch_datetime_operator to 2022-12-02T00:00:00+00:00, run_after=2022-12-03T00:00:00+00:00
[2022-12-03T12:21:04.063+0000] {logging_mixin.py:137} INFO - [2022-12-03T12:21:04.063+0000] {dag.py:3340} INFO - Setting next_dagrun for example_branch_datetime_operator_2 to 2022-12-02T00:00:00+00:00, run_after=2022-12-03T00:00:00+00:00
[2022-12-03T12:21:04.066+0000] {logging_mixin.py:137} INFO - [2022-12-03T12:21:04.065+0000] {dag.py:3340} INFO - Setting next_dagrun for example_branch_datetime_operator_3 to 2022-12-02T00:00:00+00:00, run_after=2022-12-03T00:00:00+00:00
[2022-12-03T12:21:04.078+0000] {processor.py:176} INFO - Processing /home/airflow/.local/lib/python3.7/site-packages/airflow/example_dags/example_branch_datetime_operator.py took 0.104 seconds
[2022-12-03T13:24:16.402+0000] {processor.py:154} INFO - Started process (PID=14242) to work on /home/airflow/.local/lib/python3.7/site-packages/airflow/example_dags/example_branch_datetime_operator.py
[2022-12-03T13:24:16.404+0000] {processor.py:756} INFO - Processing file /home/airflow/.local/lib/python3.7/site-packages/airflow/example_dags/example_branch_datetime_operator.py for tasks to queue
[2022-12-03T13:24:16.406+0000] {logging_mixin.py:137} INFO - [2022-12-03T13:24:16.405+0000] {dagbag.py:537} INFO - Filling up the DagBag from /home/airflow/.local/lib/python3.7/site-packages/airflow/example_dags/example_branch_datetime_operator.py
[2022-12-03T13:24:16.433+0000] {processor.py:766} INFO - DAG(s) dict_keys(['example_branch_datetime_operator_2', 'example_branch_datetime_operator_3', 'example_branch_datetime_operator']) retrieved from /home/airflow/.local/lib/python3.7/site-packages/airflow/example_dags/example_branch_datetime_operator.py
[2022-12-03T13:24:16.737+0000] {logging_mixin.py:137} INFO - [2022-12-03T13:24:16.714+0000] {dag.py:2585} INFO - Sync 3 DAGs
[2022-12-03T13:24:16.816+0000] {logging_mixin.py:137} INFO - [2022-12-03T13:24:16.816+0000] {dag.py:3340} INFO - Setting next_dagrun for example_branch_datetime_operator to 2022-12-02T00:00:00+00:00, run_after=2022-12-03T00:00:00+00:00
[2022-12-03T13:24:16.832+0000] {logging_mixin.py:137} INFO - [2022-12-03T13:24:16.832+0000] {dag.py:3340} INFO - Setting next_dagrun for example_branch_datetime_operator_2 to 2022-12-02T00:00:00+00:00, run_after=2022-12-03T00:00:00+00:00
[2022-12-03T13:24:16.838+0000] {logging_mixin.py:137} INFO - [2022-12-03T13:24:16.838+0000] {dag.py:3340} INFO - Setting next_dagrun for example_branch_datetime_operator_3 to 2022-12-02T00:00:00+00:00, run_after=2022-12-03T00:00:00+00:00
[2022-12-03T13:24:16.864+0000] {processor.py:176} INFO - Processing /home/airflow/.local/lib/python3.7/site-packages/airflow/example_dags/example_branch_datetime_operator.py took 0.465 seconds
[2022-12-03T14:43:46.895+0000] {processor.py:154} INFO - Started process (PID=14297) to work on /home/airflow/.local/lib/python3.7/site-packages/airflow/example_dags/example_branch_datetime_operator.py
[2022-12-03T14:43:46.897+0000] {processor.py:756} INFO - Processing file /home/airflow/.local/lib/python3.7/site-packages/airflow/example_dags/example_branch_datetime_operator.py for tasks to queue
[2022-12-03T14:43:46.898+0000] {logging_mixin.py:137} INFO - [2022-12-03T14:43:46.898+0000] {dagbag.py:537} INFO - Filling up the DagBag from /home/airflow/.local/lib/python3.7/site-packages/airflow/example_dags/example_branch_datetime_operator.py
[2022-12-03T14:43:46.909+0000] {processor.py:766} INFO - DAG(s) dict_keys(['example_branch_datetime_operator_3', 'example_branch_datetime_operator_2', 'example_branch_datetime_operator']) retrieved from /home/airflow/.local/lib/python3.7/site-packages/airflow/example_dags/example_branch_datetime_operator.py
[2022-12-03T14:43:46.940+0000] {logging_mixin.py:137} INFO - [2022-12-03T14:43:46.940+0000] {dag.py:2585} INFO - Sync 3 DAGs
[2022-12-03T14:43:46.955+0000] {logging_mixin.py:137} INFO - [2022-12-03T14:43:46.955+0000] {dag.py:3340} INFO - Setting next_dagrun for example_branch_datetime_operator to 2022-12-02T00:00:00+00:00, run_after=2022-12-03T00:00:00+00:00
[2022-12-03T14:43:46.958+0000] {logging_mixin.py:137} INFO - [2022-12-03T14:43:46.958+0000] {dag.py:3340} INFO - Setting next_dagrun for example_branch_datetime_operator_2 to 2022-12-02T00:00:00+00:00, run_after=2022-12-03T00:00:00+00:00
[2022-12-03T14:43:46.960+0000] {logging_mixin.py:137} INFO - [2022-12-03T14:43:46.960+0000] {dag.py:3340} INFO - Setting next_dagrun for example_branch_datetime_operator_3 to 2022-12-02T00:00:00+00:00, run_after=2022-12-03T00:00:00+00:00
[2022-12-03T14:43:46.970+0000] {processor.py:176} INFO - Processing /home/airflow/.local/lib/python3.7/site-packages/airflow/example_dags/example_branch_datetime_operator.py took 0.076 seconds
[2022-12-03T16:02:58.882+0000] {processor.py:154} INFO - Started process (PID=14363) to work on /home/airflow/.local/lib/python3.7/site-packages/airflow/example_dags/example_branch_datetime_operator.py
[2022-12-03T16:02:58.885+0000] {processor.py:756} INFO - Processing file /home/airflow/.local/lib/python3.7/site-packages/airflow/example_dags/example_branch_datetime_operator.py for tasks to queue
[2022-12-03T16:02:58.891+0000] {logging_mixin.py:137} INFO - [2022-12-03T16:02:58.891+0000] {dagbag.py:537} INFO - Filling up the DagBag from /home/airflow/.local/lib/python3.7/site-packages/airflow/example_dags/example_branch_datetime_operator.py
[2022-12-03T16:02:58.918+0000] {processor.py:766} INFO - DAG(s) dict_keys(['example_branch_datetime_operator_2', 'example_branch_datetime_operator_3', 'example_branch_datetime_operator']) retrieved from /home/airflow/.local/lib/python3.7/site-packages/airflow/example_dags/example_branch_datetime_operator.py
[2022-12-03T16:02:58.974+0000] {logging_mixin.py:137} INFO - [2022-12-03T16:02:58.974+0000] {dag.py:2585} INFO - Sync 3 DAGs
[2022-12-03T16:02:58.996+0000] {logging_mixin.py:137} INFO - [2022-12-03T16:02:58.995+0000] {dag.py:3340} INFO - Setting next_dagrun for example_branch_datetime_operator to 2022-12-02T00:00:00+00:00, run_after=2022-12-03T00:00:00+00:00
[2022-12-03T16:02:58.999+0000] {logging_mixin.py:137} INFO - [2022-12-03T16:02:58.999+0000] {dag.py:3340} INFO - Setting next_dagrun for example_branch_datetime_operator_2 to 2022-12-02T00:00:00+00:00, run_after=2022-12-03T00:00:00+00:00
[2022-12-03T16:02:59.002+0000] {logging_mixin.py:137} INFO - [2022-12-03T16:02:59.002+0000] {dag.py:3340} INFO - Setting next_dagrun for example_branch_datetime_operator_3 to 2022-12-02T00:00:00+00:00, run_after=2022-12-03T00:00:00+00:00
[2022-12-03T16:02:59.015+0000] {processor.py:176} INFO - Processing /home/airflow/.local/lib/python3.7/site-packages/airflow/example_dags/example_branch_datetime_operator.py took 0.137 seconds
[2022-12-03T17:24:31.218+0000] {processor.py:154} INFO - Started process (PID=14431) to work on /home/airflow/.local/lib/python3.7/site-packages/airflow/example_dags/example_branch_datetime_operator.py
[2022-12-03T17:24:31.219+0000] {processor.py:756} INFO - Processing file /home/airflow/.local/lib/python3.7/site-packages/airflow/example_dags/example_branch_datetime_operator.py for tasks to queue
[2022-12-03T17:24:31.220+0000] {logging_mixin.py:137} INFO - [2022-12-03T17:24:31.220+0000] {dagbag.py:537} INFO - Filling up the DagBag from /home/airflow/.local/lib/python3.7/site-packages/airflow/example_dags/example_branch_datetime_operator.py
[2022-12-03T17:24:31.230+0000] {processor.py:766} INFO - DAG(s) dict_keys(['example_branch_datetime_operator_2', 'example_branch_datetime_operator', 'example_branch_datetime_operator_3']) retrieved from /home/airflow/.local/lib/python3.7/site-packages/airflow/example_dags/example_branch_datetime_operator.py
[2022-12-03T17:24:31.262+0000] {logging_mixin.py:137} INFO - [2022-12-03T17:24:31.262+0000] {dag.py:2585} INFO - Sync 3 DAGs
[2022-12-03T17:24:31.308+0000] {logging_mixin.py:137} INFO - [2022-12-03T17:24:31.308+0000] {dag.py:3340} INFO - Setting next_dagrun for example_branch_datetime_operator to 2022-12-02T00:00:00+00:00, run_after=2022-12-03T00:00:00+00:00
[2022-12-03T17:24:31.316+0000] {logging_mixin.py:137} INFO - [2022-12-03T17:24:31.316+0000] {dag.py:3340} INFO - Setting next_dagrun for example_branch_datetime_operator_2 to 2022-12-02T00:00:00+00:00, run_after=2022-12-03T00:00:00+00:00
[2022-12-03T17:24:31.320+0000] {logging_mixin.py:137} INFO - [2022-12-03T17:24:31.319+0000] {dag.py:3340} INFO - Setting next_dagrun for example_branch_datetime_operator_3 to 2022-12-02T00:00:00+00:00, run_after=2022-12-03T00:00:00+00:00
[2022-12-03T17:24:31.337+0000] {processor.py:176} INFO - Processing /home/airflow/.local/lib/python3.7/site-packages/airflow/example_dags/example_branch_datetime_operator.py took 0.122 seconds
[2022-12-03T18:46:58.059+0000] {processor.py:154} INFO - Started process (PID=14498) to work on /home/airflow/.local/lib/python3.7/site-packages/airflow/example_dags/example_branch_datetime_operator.py
[2022-12-03T18:46:58.061+0000] {processor.py:756} INFO - Processing file /home/airflow/.local/lib/python3.7/site-packages/airflow/example_dags/example_branch_datetime_operator.py for tasks to queue
[2022-12-03T18:46:58.062+0000] {logging_mixin.py:137} INFO - [2022-12-03T18:46:58.062+0000] {dagbag.py:537} INFO - Filling up the DagBag from /home/airflow/.local/lib/python3.7/site-packages/airflow/example_dags/example_branch_datetime_operator.py
[2022-12-03T18:46:58.074+0000] {processor.py:766} INFO - DAG(s) dict_keys(['example_branch_datetime_operator', 'example_branch_datetime_operator_3', 'example_branch_datetime_operator_2']) retrieved from /home/airflow/.local/lib/python3.7/site-packages/airflow/example_dags/example_branch_datetime_operator.py
[2022-12-03T18:46:58.107+0000] {logging_mixin.py:137} INFO - [2022-12-03T18:46:58.107+0000] {dag.py:2585} INFO - Sync 3 DAGs
[2022-12-03T18:46:58.123+0000] {logging_mixin.py:137} INFO - [2022-12-03T18:46:58.123+0000] {dag.py:3340} INFO - Setting next_dagrun for example_branch_datetime_operator to 2022-12-02T00:00:00+00:00, run_after=2022-12-03T00:00:00+00:00
[2022-12-03T18:46:58.126+0000] {logging_mixin.py:137} INFO - [2022-12-03T18:46:58.126+0000] {dag.py:3340} INFO - Setting next_dagrun for example_branch_datetime_operator_2 to 2022-12-02T00:00:00+00:00, run_after=2022-12-03T00:00:00+00:00
[2022-12-03T18:46:58.132+0000] {logging_mixin.py:137} INFO - [2022-12-03T18:46:58.132+0000] {dag.py:3340} INFO - Setting next_dagrun for example_branch_datetime_operator_3 to 2022-12-02T00:00:00+00:00, run_after=2022-12-03T00:00:00+00:00
[2022-12-03T18:46:58.143+0000] {processor.py:176} INFO - Processing /home/airflow/.local/lib/python3.7/site-packages/airflow/example_dags/example_branch_datetime_operator.py took 0.091 seconds
[2022-12-03T19:40:01.422+0000] {processor.py:154} INFO - Started process (PID=14555) to work on /home/airflow/.local/lib/python3.7/site-packages/airflow/example_dags/example_branch_datetime_operator.py
[2022-12-03T19:40:01.424+0000] {processor.py:756} INFO - Processing file /home/airflow/.local/lib/python3.7/site-packages/airflow/example_dags/example_branch_datetime_operator.py for tasks to queue
[2022-12-03T19:40:01.425+0000] {logging_mixin.py:137} INFO - [2022-12-03T19:40:01.425+0000] {dagbag.py:537} INFO - Filling up the DagBag from /home/airflow/.local/lib/python3.7/site-packages/airflow/example_dags/example_branch_datetime_operator.py
[2022-12-03T19:40:01.437+0000] {processor.py:766} INFO - DAG(s) dict_keys(['example_branch_datetime_operator_2', 'example_branch_datetime_operator_3', 'example_branch_datetime_operator']) retrieved from /home/airflow/.local/lib/python3.7/site-packages/airflow/example_dags/example_branch_datetime_operator.py
[2022-12-03T19:40:01.467+0000] {logging_mixin.py:137} INFO - [2022-12-03T19:40:01.467+0000] {dag.py:2585} INFO - Sync 3 DAGs
[2022-12-03T19:40:01.485+0000] {logging_mixin.py:137} INFO - [2022-12-03T19:40:01.485+0000] {dag.py:3340} INFO - Setting next_dagrun for example_branch_datetime_operator to 2022-12-02T00:00:00+00:00, run_after=2022-12-03T00:00:00+00:00
[2022-12-03T19:40:01.489+0000] {logging_mixin.py:137} INFO - [2022-12-03T19:40:01.489+0000] {dag.py:3340} INFO - Setting next_dagrun for example_branch_datetime_operator_2 to 2022-12-02T00:00:00+00:00, run_after=2022-12-03T00:00:00+00:00
[2022-12-03T19:40:01.491+0000] {logging_mixin.py:137} INFO - [2022-12-03T19:40:01.491+0000] {dag.py:3340} INFO - Setting next_dagrun for example_branch_datetime_operator_3 to 2022-12-02T00:00:00+00:00, run_after=2022-12-03T00:00:00+00:00
[2022-12-03T19:40:01.501+0000] {processor.py:176} INFO - Processing /home/airflow/.local/lib/python3.7/site-packages/airflow/example_dags/example_branch_datetime_operator.py took 0.082 seconds
[2022-12-03T20:15:09.148+0000] {processor.py:154} INFO - Started process (PID=14621) to work on /home/airflow/.local/lib/python3.7/site-packages/airflow/example_dags/example_branch_datetime_operator.py
[2022-12-03T20:15:09.149+0000] {processor.py:756} INFO - Processing file /home/airflow/.local/lib/python3.7/site-packages/airflow/example_dags/example_branch_datetime_operator.py for tasks to queue
[2022-12-03T20:15:09.150+0000] {logging_mixin.py:137} INFO - [2022-12-03T20:15:09.150+0000] {dagbag.py:537} INFO - Filling up the DagBag from /home/airflow/.local/lib/python3.7/site-packages/airflow/example_dags/example_branch_datetime_operator.py
[2022-12-03T20:15:09.162+0000] {processor.py:766} INFO - DAG(s) dict_keys(['example_branch_datetime_operator_3', 'example_branch_datetime_operator', 'example_branch_datetime_operator_2']) retrieved from /home/airflow/.local/lib/python3.7/site-packages/airflow/example_dags/example_branch_datetime_operator.py
[2022-12-03T20:15:09.192+0000] {logging_mixin.py:137} INFO - [2022-12-03T20:15:09.192+0000] {dag.py:2585} INFO - Sync 3 DAGs
[2022-12-03T20:15:09.234+0000] {logging_mixin.py:137} INFO - [2022-12-03T20:15:09.234+0000] {dag.py:3340} INFO - Setting next_dagrun for example_branch_datetime_operator to 2022-12-02T00:00:00+00:00, run_after=2022-12-03T00:00:00+00:00
[2022-12-03T20:15:09.242+0000] {logging_mixin.py:137} INFO - [2022-12-03T20:15:09.242+0000] {dag.py:3340} INFO - Setting next_dagrun for example_branch_datetime_operator_2 to 2022-12-02T00:00:00+00:00, run_after=2022-12-03T00:00:00+00:00
[2022-12-03T20:15:09.245+0000] {logging_mixin.py:137} INFO - [2022-12-03T20:15:09.245+0000] {dag.py:3340} INFO - Setting next_dagrun for example_branch_datetime_operator_3 to 2022-12-02T00:00:00+00:00, run_after=2022-12-03T00:00:00+00:00
[2022-12-03T20:15:09.264+0000] {processor.py:176} INFO - Processing /home/airflow/.local/lib/python3.7/site-packages/airflow/example_dags/example_branch_datetime_operator.py took 0.118 seconds
[2022-12-03T20:47:36.031+0000] {processor.py:154} INFO - Started process (PID=14686) to work on /home/airflow/.local/lib/python3.7/site-packages/airflow/example_dags/example_branch_datetime_operator.py
[2022-12-03T20:47:36.033+0000] {processor.py:756} INFO - Processing file /home/airflow/.local/lib/python3.7/site-packages/airflow/example_dags/example_branch_datetime_operator.py for tasks to queue
[2022-12-03T20:47:36.034+0000] {logging_mixin.py:137} INFO - [2022-12-03T20:47:36.034+0000] {dagbag.py:537} INFO - Filling up the DagBag from /home/airflow/.local/lib/python3.7/site-packages/airflow/example_dags/example_branch_datetime_operator.py
[2022-12-03T20:47:36.047+0000] {processor.py:766} INFO - DAG(s) dict_keys(['example_branch_datetime_operator_2', 'example_branch_datetime_operator', 'example_branch_datetime_operator_3']) retrieved from /home/airflow/.local/lib/python3.7/site-packages/airflow/example_dags/example_branch_datetime_operator.py
[2022-12-03T20:47:36.077+0000] {logging_mixin.py:137} INFO - [2022-12-03T20:47:36.077+0000] {dag.py:2585} INFO - Sync 3 DAGs
[2022-12-03T20:47:36.094+0000] {logging_mixin.py:137} INFO - [2022-12-03T20:47:36.094+0000] {dag.py:3340} INFO - Setting next_dagrun for example_branch_datetime_operator to 2022-12-02T00:00:00+00:00, run_after=2022-12-03T00:00:00+00:00
[2022-12-03T20:47:36.098+0000] {logging_mixin.py:137} INFO - [2022-12-03T20:47:36.098+0000] {dag.py:3340} INFO - Setting next_dagrun for example_branch_datetime_operator_2 to 2022-12-02T00:00:00+00:00, run_after=2022-12-03T00:00:00+00:00
[2022-12-03T20:47:36.101+0000] {logging_mixin.py:137} INFO - [2022-12-03T20:47:36.101+0000] {dag.py:3340} INFO - Setting next_dagrun for example_branch_datetime_operator_3 to 2022-12-02T00:00:00+00:00, run_after=2022-12-03T00:00:00+00:00
[2022-12-03T20:47:36.114+0000] {processor.py:176} INFO - Processing /home/airflow/.local/lib/python3.7/site-packages/airflow/example_dags/example_branch_datetime_operator.py took 0.085 seconds
[2022-12-03T22:10:12.503+0000] {processor.py:154} INFO - Started process (PID=14756) to work on /home/airflow/.local/lib/python3.7/site-packages/airflow/example_dags/example_branch_datetime_operator.py
[2022-12-03T22:10:12.507+0000] {processor.py:756} INFO - Processing file /home/airflow/.local/lib/python3.7/site-packages/airflow/example_dags/example_branch_datetime_operator.py for tasks to queue
[2022-12-03T22:10:12.509+0000] {logging_mixin.py:137} INFO - [2022-12-03T22:10:12.509+0000] {dagbag.py:537} INFO - Filling up the DagBag from /home/airflow/.local/lib/python3.7/site-packages/airflow/example_dags/example_branch_datetime_operator.py
[2022-12-03T22:10:12.539+0000] {processor.py:766} INFO - DAG(s) dict_keys(['example_branch_datetime_operator_2', 'example_branch_datetime_operator', 'example_branch_datetime_operator_3']) retrieved from /home/airflow/.local/lib/python3.7/site-packages/airflow/example_dags/example_branch_datetime_operator.py
[2022-12-03T22:10:12.653+0000] {logging_mixin.py:137} INFO - [2022-12-03T22:10:12.652+0000] {dag.py:2585} INFO - Sync 3 DAGs
[2022-12-03T22:10:12.689+0000] {logging_mixin.py:137} INFO - [2022-12-03T22:10:12.689+0000] {dag.py:3340} INFO - Setting next_dagrun for example_branch_datetime_operator to 2022-12-02T00:00:00+00:00, run_after=2022-12-03T00:00:00+00:00
[2022-12-03T22:10:12.704+0000] {logging_mixin.py:137} INFO - [2022-12-03T22:10:12.703+0000] {dag.py:3340} INFO - Setting next_dagrun for example_branch_datetime_operator_2 to 2022-12-02T00:00:00+00:00, run_after=2022-12-03T00:00:00+00:00
[2022-12-03T22:10:12.709+0000] {logging_mixin.py:137} INFO - [2022-12-03T22:10:12.709+0000] {dag.py:3340} INFO - Setting next_dagrun for example_branch_datetime_operator_3 to 2022-12-02T00:00:00+00:00, run_after=2022-12-03T00:00:00+00:00
[2022-12-03T22:10:12.767+0000] {processor.py:176} INFO - Processing /home/airflow/.local/lib/python3.7/site-packages/airflow/example_dags/example_branch_datetime_operator.py took 0.277 seconds
[2022-12-03T23:31:52.035+0000] {processor.py:154} INFO - Started process (PID=14815) to work on /home/airflow/.local/lib/python3.7/site-packages/airflow/example_dags/example_branch_datetime_operator.py
[2022-12-03T23:31:52.036+0000] {processor.py:756} INFO - Processing file /home/airflow/.local/lib/python3.7/site-packages/airflow/example_dags/example_branch_datetime_operator.py for tasks to queue
[2022-12-03T23:31:52.038+0000] {logging_mixin.py:137} INFO - [2022-12-03T23:31:52.037+0000] {dagbag.py:537} INFO - Filling up the DagBag from /home/airflow/.local/lib/python3.7/site-packages/airflow/example_dags/example_branch_datetime_operator.py
[2022-12-03T23:31:52.050+0000] {processor.py:766} INFO - DAG(s) dict_keys(['example_branch_datetime_operator_3', 'example_branch_datetime_operator', 'example_branch_datetime_operator_2']) retrieved from /home/airflow/.local/lib/python3.7/site-packages/airflow/example_dags/example_branch_datetime_operator.py
[2022-12-03T23:31:52.082+0000] {logging_mixin.py:137} INFO - [2022-12-03T23:31:52.082+0000] {dag.py:2585} INFO - Sync 3 DAGs
[2022-12-03T23:31:52.099+0000] {logging_mixin.py:137} INFO - [2022-12-03T23:31:52.098+0000] {dag.py:3340} INFO - Setting next_dagrun for example_branch_datetime_operator to 2022-12-02T00:00:00+00:00, run_after=2022-12-03T00:00:00+00:00
[2022-12-03T23:31:52.103+0000] {logging_mixin.py:137} INFO - [2022-12-03T23:31:52.103+0000] {dag.py:3340} INFO - Setting next_dagrun for example_branch_datetime_operator_2 to 2022-12-02T00:00:00+00:00, run_after=2022-12-03T00:00:00+00:00
[2022-12-03T23:31:52.106+0000] {logging_mixin.py:137} INFO - [2022-12-03T23:31:52.106+0000] {dag.py:3340} INFO - Setting next_dagrun for example_branch_datetime_operator_3 to 2022-12-02T00:00:00+00:00, run_after=2022-12-03T00:00:00+00:00
[2022-12-03T23:31:52.123+0000] {processor.py:176} INFO - Processing /home/airflow/.local/lib/python3.7/site-packages/airflow/example_dags/example_branch_datetime_operator.py took 0.091 seconds
