[2022-12-03T00:24:08.274+0000] {processor.py:154} INFO - Started process (PID=13494) to work on /home/airflow/.local/lib/python3.7/site-packages/airflow/example_dags/example_branch_python_dop_operator_3.py
[2022-12-03T00:24:08.275+0000] {processor.py:756} INFO - Processing file /home/airflow/.local/lib/python3.7/site-packages/airflow/example_dags/example_branch_python_dop_operator_3.py for tasks to queue
[2022-12-03T00:24:08.277+0000] {logging_mixin.py:137} INFO - [2022-12-03T00:24:08.277+0000] {dagbag.py:537} INFO - Filling up the DagBag from /home/airflow/.local/lib/python3.7/site-packages/airflow/example_dags/example_branch_python_dop_operator_3.py
[2022-12-03T00:24:08.304+0000] {processor.py:766} INFO - DAG(s) dict_keys(['example_branch_dop_operator_v3']) retrieved from /home/airflow/.local/lib/python3.7/site-packages/airflow/example_dags/example_branch_python_dop_operator_3.py
[2022-12-03T00:24:08.370+0000] {logging_mixin.py:137} INFO - [2022-12-03T00:24:08.370+0000] {dag.py:2585} INFO - Sync 1 DAGs
[2022-12-03T00:24:08.414+0000] {logging_mixin.py:137} INFO - [2022-12-03T00:24:08.414+0000] {dag.py:3340} INFO - Setting next_dagrun for example_branch_dop_operator_v3 to 2022-12-03T00:23:00+00:00, run_after=2022-12-03T00:24:00+00:00
[2022-12-03T00:24:08.452+0000] {processor.py:176} INFO - Processing /home/airflow/.local/lib/python3.7/site-packages/airflow/example_dags/example_branch_python_dop_operator_3.py took 0.181 seconds
[2022-12-03T01:45:41.133+0000] {processor.py:154} INFO - Started process (PID=13563) to work on /home/airflow/.local/lib/python3.7/site-packages/airflow/example_dags/example_branch_python_dop_operator_3.py
[2022-12-03T01:45:41.135+0000] {processor.py:756} INFO - Processing file /home/airflow/.local/lib/python3.7/site-packages/airflow/example_dags/example_branch_python_dop_operator_3.py for tasks to queue
[2022-12-03T01:45:41.136+0000] {logging_mixin.py:137} INFO - [2022-12-03T01:45:41.136+0000] {dagbag.py:537} INFO - Filling up the DagBag from /home/airflow/.local/lib/python3.7/site-packages/airflow/example_dags/example_branch_python_dop_operator_3.py
[2022-12-03T01:45:41.150+0000] {processor.py:766} INFO - DAG(s) dict_keys(['example_branch_dop_operator_v3']) retrieved from /home/airflow/.local/lib/python3.7/site-packages/airflow/example_dags/example_branch_python_dop_operator_3.py
[2022-12-03T01:45:41.179+0000] {logging_mixin.py:137} INFO - [2022-12-03T01:45:41.178+0000] {dag.py:2585} INFO - Sync 1 DAGs
[2022-12-03T01:45:41.197+0000] {logging_mixin.py:137} INFO - [2022-12-03T01:45:41.197+0000] {dag.py:3340} INFO - Setting next_dagrun for example_branch_dop_operator_v3 to 2022-12-03T01:44:00+00:00, run_after=2022-12-03T01:45:00+00:00
[2022-12-03T01:45:41.209+0000] {processor.py:176} INFO - Processing /home/airflow/.local/lib/python3.7/site-packages/airflow/example_dags/example_branch_python_dop_operator_3.py took 0.078 seconds
[2022-12-03T03:05:49.806+0000] {processor.py:154} INFO - Started process (PID=13631) to work on /home/airflow/.local/lib/python3.7/site-packages/airflow/example_dags/example_branch_python_dop_operator_3.py
[2022-12-03T03:05:49.808+0000] {processor.py:756} INFO - Processing file /home/airflow/.local/lib/python3.7/site-packages/airflow/example_dags/example_branch_python_dop_operator_3.py for tasks to queue
[2022-12-03T03:05:49.809+0000] {logging_mixin.py:137} INFO - [2022-12-03T03:05:49.809+0000] {dagbag.py:537} INFO - Filling up the DagBag from /home/airflow/.local/lib/python3.7/site-packages/airflow/example_dags/example_branch_python_dop_operator_3.py
[2022-12-03T03:05:49.823+0000] {processor.py:766} INFO - DAG(s) dict_keys(['example_branch_dop_operator_v3']) retrieved from /home/airflow/.local/lib/python3.7/site-packages/airflow/example_dags/example_branch_python_dop_operator_3.py
[2022-12-03T03:05:49.850+0000] {logging_mixin.py:137} INFO - [2022-12-03T03:05:49.850+0000] {dag.py:2585} INFO - Sync 1 DAGs
[2022-12-03T03:05:49.866+0000] {logging_mixin.py:137} INFO - [2022-12-03T03:05:49.866+0000] {dag.py:3340} INFO - Setting next_dagrun for example_branch_dop_operator_v3 to 2022-12-03T03:04:00+00:00, run_after=2022-12-03T03:05:00+00:00
[2022-12-03T03:05:49.879+0000] {processor.py:176} INFO - Processing /home/airflow/.local/lib/python3.7/site-packages/airflow/example_dags/example_branch_python_dop_operator_3.py took 0.076 seconds
[2022-12-03T04:30:00.327+0000] {processor.py:154} INFO - Started process (PID=13696) to work on /home/airflow/.local/lib/python3.7/site-packages/airflow/example_dags/example_branch_python_dop_operator_3.py
[2022-12-03T04:30:00.329+0000] {processor.py:756} INFO - Processing file /home/airflow/.local/lib/python3.7/site-packages/airflow/example_dags/example_branch_python_dop_operator_3.py for tasks to queue
[2022-12-03T04:30:00.331+0000] {logging_mixin.py:137} INFO - [2022-12-03T04:30:00.331+0000] {dagbag.py:537} INFO - Filling up the DagBag from /home/airflow/.local/lib/python3.7/site-packages/airflow/example_dags/example_branch_python_dop_operator_3.py
[2022-12-03T04:30:00.347+0000] {processor.py:766} INFO - DAG(s) dict_keys(['example_branch_dop_operator_v3']) retrieved from /home/airflow/.local/lib/python3.7/site-packages/airflow/example_dags/example_branch_python_dop_operator_3.py
[2022-12-03T04:30:00.383+0000] {logging_mixin.py:137} INFO - [2022-12-03T04:30:00.383+0000] {dag.py:2585} INFO - Sync 1 DAGs
[2022-12-03T04:30:00.403+0000] {logging_mixin.py:137} INFO - [2022-12-03T04:30:00.403+0000] {dag.py:3340} INFO - Setting next_dagrun for example_branch_dop_operator_v3 to 2022-12-03T04:29:00+00:00, run_after=2022-12-03T04:30:00+00:00
[2022-12-03T04:30:00.420+0000] {processor.py:176} INFO - Processing /home/airflow/.local/lib/python3.7/site-packages/airflow/example_dags/example_branch_python_dop_operator_3.py took 0.096 seconds
[2022-12-03T05:52:50.839+0000] {processor.py:154} INFO - Started process (PID=13759) to work on /home/airflow/.local/lib/python3.7/site-packages/airflow/example_dags/example_branch_python_dop_operator_3.py
[2022-12-03T05:52:50.841+0000] {processor.py:756} INFO - Processing file /home/airflow/.local/lib/python3.7/site-packages/airflow/example_dags/example_branch_python_dop_operator_3.py for tasks to queue
[2022-12-03T05:52:50.842+0000] {logging_mixin.py:137} INFO - [2022-12-03T05:52:50.842+0000] {dagbag.py:537} INFO - Filling up the DagBag from /home/airflow/.local/lib/python3.7/site-packages/airflow/example_dags/example_branch_python_dop_operator_3.py
[2022-12-03T05:52:50.856+0000] {processor.py:766} INFO - DAG(s) dict_keys(['example_branch_dop_operator_v3']) retrieved from /home/airflow/.local/lib/python3.7/site-packages/airflow/example_dags/example_branch_python_dop_operator_3.py
[2022-12-03T05:52:50.881+0000] {logging_mixin.py:137} INFO - [2022-12-03T05:52:50.881+0000] {dag.py:2585} INFO - Sync 1 DAGs
[2022-12-03T05:52:50.899+0000] {logging_mixin.py:137} INFO - [2022-12-03T05:52:50.899+0000] {dag.py:3340} INFO - Setting next_dagrun for example_branch_dop_operator_v3 to 2022-12-03T05:51:00+00:00, run_after=2022-12-03T05:52:00+00:00
[2022-12-03T05:52:50.912+0000] {processor.py:176} INFO - Processing /home/airflow/.local/lib/python3.7/site-packages/airflow/example_dags/example_branch_python_dop_operator_3.py took 0.075 seconds
[2022-12-03T07:14:04.440+0000] {processor.py:154} INFO - Started process (PID=13830) to work on /home/airflow/.local/lib/python3.7/site-packages/airflow/example_dags/example_branch_python_dop_operator_3.py
[2022-12-03T07:14:04.442+0000] {processor.py:756} INFO - Processing file /home/airflow/.local/lib/python3.7/site-packages/airflow/example_dags/example_branch_python_dop_operator_3.py for tasks to queue
[2022-12-03T07:14:04.443+0000] {logging_mixin.py:137} INFO - [2022-12-03T07:14:04.443+0000] {dagbag.py:537} INFO - Filling up the DagBag from /home/airflow/.local/lib/python3.7/site-packages/airflow/example_dags/example_branch_python_dop_operator_3.py
[2022-12-03T07:14:04.456+0000] {processor.py:766} INFO - DAG(s) dict_keys(['example_branch_dop_operator_v3']) retrieved from /home/airflow/.local/lib/python3.7/site-packages/airflow/example_dags/example_branch_python_dop_operator_3.py
[2022-12-03T07:14:04.485+0000] {logging_mixin.py:137} INFO - [2022-12-03T07:14:04.484+0000] {dag.py:2585} INFO - Sync 1 DAGs
[2022-12-03T07:14:04.504+0000] {logging_mixin.py:137} INFO - [2022-12-03T07:14:04.504+0000] {dag.py:3340} INFO - Setting next_dagrun for example_branch_dop_operator_v3 to 2022-12-03T07:13:00+00:00, run_after=2022-12-03T07:14:00+00:00
[2022-12-03T07:14:04.517+0000] {processor.py:176} INFO - Processing /home/airflow/.local/lib/python3.7/site-packages/airflow/example_dags/example_branch_python_dop_operator_3.py took 0.079 seconds
[2022-12-03T08:36:16.438+0000] {processor.py:154} INFO - Started process (PID=13903) to work on /home/airflow/.local/lib/python3.7/site-packages/airflow/example_dags/example_branch_python_dop_operator_3.py
[2022-12-03T08:36:16.440+0000] {processor.py:756} INFO - Processing file /home/airflow/.local/lib/python3.7/site-packages/airflow/example_dags/example_branch_python_dop_operator_3.py for tasks to queue
[2022-12-03T08:36:16.441+0000] {logging_mixin.py:137} INFO - [2022-12-03T08:36:16.440+0000] {dagbag.py:537} INFO - Filling up the DagBag from /home/airflow/.local/lib/python3.7/site-packages/airflow/example_dags/example_branch_python_dop_operator_3.py
[2022-12-03T08:36:16.455+0000] {processor.py:766} INFO - DAG(s) dict_keys(['example_branch_dop_operator_v3']) retrieved from /home/airflow/.local/lib/python3.7/site-packages/airflow/example_dags/example_branch_python_dop_operator_3.py
[2022-12-03T08:36:16.481+0000] {logging_mixin.py:137} INFO - [2022-12-03T08:36:16.481+0000] {dag.py:2585} INFO - Sync 1 DAGs
[2022-12-03T08:36:16.498+0000] {logging_mixin.py:137} INFO - [2022-12-03T08:36:16.498+0000] {dag.py:3340} INFO - Setting next_dagrun for example_branch_dop_operator_v3 to 2022-12-03T08:35:00+00:00, run_after=2022-12-03T08:36:00+00:00
[2022-12-03T08:36:16.510+0000] {processor.py:176} INFO - Processing /home/airflow/.local/lib/python3.7/site-packages/airflow/example_dags/example_branch_python_dop_operator_3.py took 0.074 seconds
[2022-12-03T09:58:29.605+0000] {processor.py:154} INFO - Started process (PID=13971) to work on /home/airflow/.local/lib/python3.7/site-packages/airflow/example_dags/example_branch_python_dop_operator_3.py
[2022-12-03T09:58:29.607+0000] {processor.py:756} INFO - Processing file /home/airflow/.local/lib/python3.7/site-packages/airflow/example_dags/example_branch_python_dop_operator_3.py for tasks to queue
[2022-12-03T09:58:29.608+0000] {logging_mixin.py:137} INFO - [2022-12-03T09:58:29.608+0000] {dagbag.py:537} INFO - Filling up the DagBag from /home/airflow/.local/lib/python3.7/site-packages/airflow/example_dags/example_branch_python_dop_operator_3.py
[2022-12-03T09:58:29.622+0000] {processor.py:766} INFO - DAG(s) dict_keys(['example_branch_dop_operator_v3']) retrieved from /home/airflow/.local/lib/python3.7/site-packages/airflow/example_dags/example_branch_python_dop_operator_3.py
[2022-12-03T09:58:29.648+0000] {logging_mixin.py:137} INFO - [2022-12-03T09:58:29.648+0000] {dag.py:2585} INFO - Sync 1 DAGs
[2022-12-03T09:58:29.665+0000] {logging_mixin.py:137} INFO - [2022-12-03T09:58:29.665+0000] {dag.py:3340} INFO - Setting next_dagrun for example_branch_dop_operator_v3 to 2022-12-03T09:57:00+00:00, run_after=2022-12-03T09:58:00+00:00
[2022-12-03T09:58:29.678+0000] {processor.py:176} INFO - Processing /home/airflow/.local/lib/python3.7/site-packages/airflow/example_dags/example_branch_python_dop_operator_3.py took 0.076 seconds
[2022-12-03T11:03:30.395+0000] {processor.py:154} INFO - Started process (PID=14026) to work on /home/airflow/.local/lib/python3.7/site-packages/airflow/example_dags/example_branch_python_dop_operator_3.py
[2022-12-03T11:03:30.400+0000] {processor.py:756} INFO - Processing file /home/airflow/.local/lib/python3.7/site-packages/airflow/example_dags/example_branch_python_dop_operator_3.py for tasks to queue
[2022-12-03T11:03:30.401+0000] {logging_mixin.py:137} INFO - [2022-12-03T11:03:30.401+0000] {dagbag.py:537} INFO - Filling up the DagBag from /home/airflow/.local/lib/python3.7/site-packages/airflow/example_dags/example_branch_python_dop_operator_3.py
[2022-12-03T11:03:30.457+0000] {processor.py:766} INFO - DAG(s) dict_keys(['example_branch_dop_operator_v3']) retrieved from /home/airflow/.local/lib/python3.7/site-packages/airflow/example_dags/example_branch_python_dop_operator_3.py
[2022-12-03T11:03:30.548+0000] {logging_mixin.py:137} INFO - [2022-12-03T11:03:30.548+0000] {dag.py:2585} INFO - Sync 1 DAGs
[2022-12-03T11:03:30.575+0000] {logging_mixin.py:137} INFO - [2022-12-03T11:03:30.575+0000] {dag.py:3340} INFO - Setting next_dagrun for example_branch_dop_operator_v3 to 2022-12-03T11:02:00+00:00, run_after=2022-12-03T11:03:00+00:00
[2022-12-03T11:03:30.598+0000] {processor.py:176} INFO - Processing /home/airflow/.local/lib/python3.7/site-packages/airflow/example_dags/example_branch_python_dop_operator_3.py took 0.206 seconds
[2022-12-03T11:21:00.746+0000] {processor.py:154} INFO - Started process (PID=14100) to work on /home/airflow/.local/lib/python3.7/site-packages/airflow/example_dags/example_branch_python_dop_operator_3.py
[2022-12-03T11:21:00.750+0000] {processor.py:756} INFO - Processing file /home/airflow/.local/lib/python3.7/site-packages/airflow/example_dags/example_branch_python_dop_operator_3.py for tasks to queue
[2022-12-03T11:21:00.752+0000] {logging_mixin.py:137} INFO - [2022-12-03T11:21:00.752+0000] {dagbag.py:537} INFO - Filling up the DagBag from /home/airflow/.local/lib/python3.7/site-packages/airflow/example_dags/example_branch_python_dop_operator_3.py
[2022-12-03T11:21:00.808+0000] {processor.py:766} INFO - DAG(s) dict_keys(['example_branch_dop_operator_v3']) retrieved from /home/airflow/.local/lib/python3.7/site-packages/airflow/example_dags/example_branch_python_dop_operator_3.py
[2022-12-03T11:21:00.875+0000] {logging_mixin.py:137} INFO - [2022-12-03T11:21:00.875+0000] {dag.py:2585} INFO - Sync 1 DAGs
[2022-12-03T11:21:00.905+0000] {logging_mixin.py:137} INFO - [2022-12-03T11:21:00.905+0000] {dag.py:3340} INFO - Setting next_dagrun for example_branch_dop_operator_v3 to 2022-12-03T11:20:00+00:00, run_after=2022-12-03T11:21:00+00:00
[2022-12-03T11:21:00.927+0000] {processor.py:176} INFO - Processing /home/airflow/.local/lib/python3.7/site-packages/airflow/example_dags/example_branch_python_dop_operator_3.py took 0.186 seconds
[2022-12-03T12:21:04.461+0000] {processor.py:154} INFO - Started process (PID=14173) to work on /home/airflow/.local/lib/python3.7/site-packages/airflow/example_dags/example_branch_python_dop_operator_3.py
[2022-12-03T12:21:04.463+0000] {processor.py:756} INFO - Processing file /home/airflow/.local/lib/python3.7/site-packages/airflow/example_dags/example_branch_python_dop_operator_3.py for tasks to queue
[2022-12-03T12:21:04.465+0000] {logging_mixin.py:137} INFO - [2022-12-03T12:21:04.464+0000] {dagbag.py:537} INFO - Filling up the DagBag from /home/airflow/.local/lib/python3.7/site-packages/airflow/example_dags/example_branch_python_dop_operator_3.py
[2022-12-03T12:21:04.479+0000] {processor.py:766} INFO - DAG(s) dict_keys(['example_branch_dop_operator_v3']) retrieved from /home/airflow/.local/lib/python3.7/site-packages/airflow/example_dags/example_branch_python_dop_operator_3.py
[2022-12-03T12:21:04.505+0000] {logging_mixin.py:137} INFO - [2022-12-03T12:21:04.505+0000] {dag.py:2585} INFO - Sync 1 DAGs
[2022-12-03T12:21:04.524+0000] {logging_mixin.py:137} INFO - [2022-12-03T12:21:04.524+0000] {dag.py:3340} INFO - Setting next_dagrun for example_branch_dop_operator_v3 to 2022-12-03T12:20:00+00:00, run_after=2022-12-03T12:21:00+00:00
[2022-12-03T12:21:04.538+0000] {processor.py:176} INFO - Processing /home/airflow/.local/lib/python3.7/site-packages/airflow/example_dags/example_branch_python_dop_operator_3.py took 0.079 seconds
[2022-12-03T13:24:17.527+0000] {processor.py:154} INFO - Started process (PID=14248) to work on /home/airflow/.local/lib/python3.7/site-packages/airflow/example_dags/example_branch_python_dop_operator_3.py
[2022-12-03T13:24:17.529+0000] {processor.py:756} INFO - Processing file /home/airflow/.local/lib/python3.7/site-packages/airflow/example_dags/example_branch_python_dop_operator_3.py for tasks to queue
[2022-12-03T13:24:17.531+0000] {logging_mixin.py:137} INFO - [2022-12-03T13:24:17.531+0000] {dagbag.py:537} INFO - Filling up the DagBag from /home/airflow/.local/lib/python3.7/site-packages/airflow/example_dags/example_branch_python_dop_operator_3.py
[2022-12-03T13:24:17.555+0000] {processor.py:766} INFO - DAG(s) dict_keys(['example_branch_dop_operator_v3']) retrieved from /home/airflow/.local/lib/python3.7/site-packages/airflow/example_dags/example_branch_python_dop_operator_3.py
[2022-12-03T13:24:17.587+0000] {logging_mixin.py:137} INFO - [2022-12-03T13:24:17.587+0000] {dag.py:2585} INFO - Sync 1 DAGs
[2022-12-03T13:24:17.611+0000] {logging_mixin.py:137} INFO - [2022-12-03T13:24:17.610+0000] {dag.py:3340} INFO - Setting next_dagrun for example_branch_dop_operator_v3 to 2022-12-03T13:23:00+00:00, run_after=2022-12-03T13:24:00+00:00
[2022-12-03T13:24:17.623+0000] {processor.py:176} INFO - Processing /home/airflow/.local/lib/python3.7/site-packages/airflow/example_dags/example_branch_python_dop_operator_3.py took 0.099 seconds
[2022-12-03T14:43:47.286+0000] {processor.py:154} INFO - Started process (PID=14303) to work on /home/airflow/.local/lib/python3.7/site-packages/airflow/example_dags/example_branch_python_dop_operator_3.py
[2022-12-03T14:43:47.288+0000] {processor.py:756} INFO - Processing file /home/airflow/.local/lib/python3.7/site-packages/airflow/example_dags/example_branch_python_dop_operator_3.py for tasks to queue
[2022-12-03T14:43:47.289+0000] {logging_mixin.py:137} INFO - [2022-12-03T14:43:47.289+0000] {dagbag.py:537} INFO - Filling up the DagBag from /home/airflow/.local/lib/python3.7/site-packages/airflow/example_dags/example_branch_python_dop_operator_3.py
[2022-12-03T14:43:47.302+0000] {processor.py:766} INFO - DAG(s) dict_keys(['example_branch_dop_operator_v3']) retrieved from /home/airflow/.local/lib/python3.7/site-packages/airflow/example_dags/example_branch_python_dop_operator_3.py
[2022-12-03T14:43:47.329+0000] {logging_mixin.py:137} INFO - [2022-12-03T14:43:47.329+0000] {dag.py:2585} INFO - Sync 1 DAGs
[2022-12-03T14:43:47.347+0000] {logging_mixin.py:137} INFO - [2022-12-03T14:43:47.347+0000] {dag.py:3340} INFO - Setting next_dagrun for example_branch_dop_operator_v3 to 2022-12-03T14:42:00+00:00, run_after=2022-12-03T14:43:00+00:00
[2022-12-03T14:43:47.363+0000] {processor.py:176} INFO - Processing /home/airflow/.local/lib/python3.7/site-packages/airflow/example_dags/example_branch_python_dop_operator_3.py took 0.079 seconds
[2022-12-03T16:02:59.296+0000] {processor.py:154} INFO - Started process (PID=14369) to work on /home/airflow/.local/lib/python3.7/site-packages/airflow/example_dags/example_branch_python_dop_operator_3.py
[2022-12-03T16:02:59.297+0000] {processor.py:756} INFO - Processing file /home/airflow/.local/lib/python3.7/site-packages/airflow/example_dags/example_branch_python_dop_operator_3.py for tasks to queue
[2022-12-03T16:02:59.299+0000] {logging_mixin.py:137} INFO - [2022-12-03T16:02:59.298+0000] {dagbag.py:537} INFO - Filling up the DagBag from /home/airflow/.local/lib/python3.7/site-packages/airflow/example_dags/example_branch_python_dop_operator_3.py
[2022-12-03T16:02:59.314+0000] {processor.py:766} INFO - DAG(s) dict_keys(['example_branch_dop_operator_v3']) retrieved from /home/airflow/.local/lib/python3.7/site-packages/airflow/example_dags/example_branch_python_dop_operator_3.py
[2022-12-03T16:02:59.345+0000] {logging_mixin.py:137} INFO - [2022-12-03T16:02:59.345+0000] {dag.py:2585} INFO - Sync 1 DAGs
[2022-12-03T16:02:59.368+0000] {logging_mixin.py:137} INFO - [2022-12-03T16:02:59.368+0000] {dag.py:3340} INFO - Setting next_dagrun for example_branch_dop_operator_v3 to 2022-12-03T16:01:00+00:00, run_after=2022-12-03T16:02:00+00:00
[2022-12-03T16:02:59.382+0000] {processor.py:176} INFO - Processing /home/airflow/.local/lib/python3.7/site-packages/airflow/example_dags/example_branch_python_dop_operator_3.py took 0.089 seconds
[2022-12-03T17:24:32.086+0000] {processor.py:154} INFO - Started process (PID=14437) to work on /home/airflow/.local/lib/python3.7/site-packages/airflow/example_dags/example_branch_python_dop_operator_3.py
[2022-12-03T17:24:32.092+0000] {processor.py:756} INFO - Processing file /home/airflow/.local/lib/python3.7/site-packages/airflow/example_dags/example_branch_python_dop_operator_3.py for tasks to queue
[2022-12-03T17:24:32.094+0000] {logging_mixin.py:137} INFO - [2022-12-03T17:24:32.093+0000] {dagbag.py:537} INFO - Filling up the DagBag from /home/airflow/.local/lib/python3.7/site-packages/airflow/example_dags/example_branch_python_dop_operator_3.py
[2022-12-03T17:24:32.132+0000] {processor.py:766} INFO - DAG(s) dict_keys(['example_branch_dop_operator_v3']) retrieved from /home/airflow/.local/lib/python3.7/site-packages/airflow/example_dags/example_branch_python_dop_operator_3.py
[2022-12-03T17:24:32.218+0000] {logging_mixin.py:137} INFO - [2022-12-03T17:24:32.217+0000] {dag.py:2585} INFO - Sync 1 DAGs
[2022-12-03T17:24:32.253+0000] {logging_mixin.py:137} INFO - [2022-12-03T17:24:32.253+0000] {dag.py:3340} INFO - Setting next_dagrun for example_branch_dop_operator_v3 to 2022-12-03T17:23:00+00:00, run_after=2022-12-03T17:24:00+00:00
[2022-12-03T17:24:32.276+0000] {processor.py:176} INFO - Processing /home/airflow/.local/lib/python3.7/site-packages/airflow/example_dags/example_branch_python_dop_operator_3.py took 0.195 seconds
[2022-12-03T18:46:58.761+0000] {processor.py:154} INFO - Started process (PID=14504) to work on /home/airflow/.local/lib/python3.7/site-packages/airflow/example_dags/example_branch_python_dop_operator_3.py
[2022-12-03T18:46:58.763+0000] {processor.py:756} INFO - Processing file /home/airflow/.local/lib/python3.7/site-packages/airflow/example_dags/example_branch_python_dop_operator_3.py for tasks to queue
[2022-12-03T18:46:58.764+0000] {logging_mixin.py:137} INFO - [2022-12-03T18:46:58.764+0000] {dagbag.py:537} INFO - Filling up the DagBag from /home/airflow/.local/lib/python3.7/site-packages/airflow/example_dags/example_branch_python_dop_operator_3.py
[2022-12-03T18:46:58.777+0000] {processor.py:766} INFO - DAG(s) dict_keys(['example_branch_dop_operator_v3']) retrieved from /home/airflow/.local/lib/python3.7/site-packages/airflow/example_dags/example_branch_python_dop_operator_3.py
[2022-12-03T18:46:58.802+0000] {logging_mixin.py:137} INFO - [2022-12-03T18:46:58.802+0000] {dag.py:2585} INFO - Sync 1 DAGs
[2022-12-03T18:46:58.819+0000] {logging_mixin.py:137} INFO - [2022-12-03T18:46:58.819+0000] {dag.py:3340} INFO - Setting next_dagrun for example_branch_dop_operator_v3 to 2022-12-03T18:45:00+00:00, run_after=2022-12-03T18:46:00+00:00
[2022-12-03T18:46:58.833+0000] {processor.py:176} INFO - Processing /home/airflow/.local/lib/python3.7/site-packages/airflow/example_dags/example_branch_python_dop_operator_3.py took 0.074 seconds
[2022-12-03T19:40:01.939+0000] {processor.py:154} INFO - Started process (PID=14561) to work on /home/airflow/.local/lib/python3.7/site-packages/airflow/example_dags/example_branch_python_dop_operator_3.py
[2022-12-03T19:40:01.946+0000] {processor.py:756} INFO - Processing file /home/airflow/.local/lib/python3.7/site-packages/airflow/example_dags/example_branch_python_dop_operator_3.py for tasks to queue
[2022-12-03T19:40:01.949+0000] {logging_mixin.py:137} INFO - [2022-12-03T19:40:01.949+0000] {dagbag.py:537} INFO - Filling up the DagBag from /home/airflow/.local/lib/python3.7/site-packages/airflow/example_dags/example_branch_python_dop_operator_3.py
[2022-12-03T19:40:01.983+0000] {processor.py:766} INFO - DAG(s) dict_keys(['example_branch_dop_operator_v3']) retrieved from /home/airflow/.local/lib/python3.7/site-packages/airflow/example_dags/example_branch_python_dop_operator_3.py
[2022-12-03T19:40:02.040+0000] {logging_mixin.py:137} INFO - [2022-12-03T19:40:02.040+0000] {dag.py:2585} INFO - Sync 1 DAGs
[2022-12-03T19:40:02.069+0000] {logging_mixin.py:137} INFO - [2022-12-03T19:40:02.069+0000] {dag.py:3340} INFO - Setting next_dagrun for example_branch_dop_operator_v3 to 2022-12-03T19:39:00+00:00, run_after=2022-12-03T19:40:00+00:00
[2022-12-03T19:40:02.091+0000] {processor.py:176} INFO - Processing /home/airflow/.local/lib/python3.7/site-packages/airflow/example_dags/example_branch_python_dop_operator_3.py took 0.157 seconds
[2022-12-03T20:15:09.803+0000] {processor.py:154} INFO - Started process (PID=14627) to work on /home/airflow/.local/lib/python3.7/site-packages/airflow/example_dags/example_branch_python_dop_operator_3.py
[2022-12-03T20:15:09.806+0000] {processor.py:756} INFO - Processing file /home/airflow/.local/lib/python3.7/site-packages/airflow/example_dags/example_branch_python_dop_operator_3.py for tasks to queue
[2022-12-03T20:15:09.807+0000] {logging_mixin.py:137} INFO - [2022-12-03T20:15:09.807+0000] {dagbag.py:537} INFO - Filling up the DagBag from /home/airflow/.local/lib/python3.7/site-packages/airflow/example_dags/example_branch_python_dop_operator_3.py
[2022-12-03T20:15:09.846+0000] {processor.py:766} INFO - DAG(s) dict_keys(['example_branch_dop_operator_v3']) retrieved from /home/airflow/.local/lib/python3.7/site-packages/airflow/example_dags/example_branch_python_dop_operator_3.py
[2022-12-03T20:15:09.895+0000] {logging_mixin.py:137} INFO - [2022-12-03T20:15:09.895+0000] {dag.py:2585} INFO - Sync 1 DAGs
[2022-12-03T20:15:09.920+0000] {logging_mixin.py:137} INFO - [2022-12-03T20:15:09.920+0000] {dag.py:3340} INFO - Setting next_dagrun for example_branch_dop_operator_v3 to 2022-12-03T20:14:00+00:00, run_after=2022-12-03T20:15:00+00:00
[2022-12-03T20:15:09.939+0000] {processor.py:176} INFO - Processing /home/airflow/.local/lib/python3.7/site-packages/airflow/example_dags/example_branch_python_dop_operator_3.py took 0.139 seconds
[2022-12-03T20:47:36.437+0000] {processor.py:154} INFO - Started process (PID=14692) to work on /home/airflow/.local/lib/python3.7/site-packages/airflow/example_dags/example_branch_python_dop_operator_3.py
[2022-12-03T20:47:36.438+0000] {processor.py:756} INFO - Processing file /home/airflow/.local/lib/python3.7/site-packages/airflow/example_dags/example_branch_python_dop_operator_3.py for tasks to queue
[2022-12-03T20:47:36.439+0000] {logging_mixin.py:137} INFO - [2022-12-03T20:47:36.439+0000] {dagbag.py:537} INFO - Filling up the DagBag from /home/airflow/.local/lib/python3.7/site-packages/airflow/example_dags/example_branch_python_dop_operator_3.py
[2022-12-03T20:47:36.453+0000] {processor.py:766} INFO - DAG(s) dict_keys(['example_branch_dop_operator_v3']) retrieved from /home/airflow/.local/lib/python3.7/site-packages/airflow/example_dags/example_branch_python_dop_operator_3.py
[2022-12-03T20:47:36.477+0000] {logging_mixin.py:137} INFO - [2022-12-03T20:47:36.477+0000] {dag.py:2585} INFO - Sync 1 DAGs
[2022-12-03T20:47:36.493+0000] {logging_mixin.py:137} INFO - [2022-12-03T20:47:36.493+0000] {dag.py:3340} INFO - Setting next_dagrun for example_branch_dop_operator_v3 to 2022-12-03T20:46:00+00:00, run_after=2022-12-03T20:47:00+00:00
[2022-12-03T20:47:36.505+0000] {processor.py:176} INFO - Processing /home/airflow/.local/lib/python3.7/site-packages/airflow/example_dags/example_branch_python_dop_operator_3.py took 0.070 seconds
[2022-12-03T22:10:13.110+0000] {processor.py:154} INFO - Started process (PID=14762) to work on /home/airflow/.local/lib/python3.7/site-packages/airflow/example_dags/example_branch_python_dop_operator_3.py
[2022-12-03T22:10:13.112+0000] {processor.py:756} INFO - Processing file /home/airflow/.local/lib/python3.7/site-packages/airflow/example_dags/example_branch_python_dop_operator_3.py for tasks to queue
[2022-12-03T22:10:13.113+0000] {logging_mixin.py:137} INFO - [2022-12-03T22:10:13.113+0000] {dagbag.py:537} INFO - Filling up the DagBag from /home/airflow/.local/lib/python3.7/site-packages/airflow/example_dags/example_branch_python_dop_operator_3.py
[2022-12-03T22:10:13.128+0000] {processor.py:766} INFO - DAG(s) dict_keys(['example_branch_dop_operator_v3']) retrieved from /home/airflow/.local/lib/python3.7/site-packages/airflow/example_dags/example_branch_python_dop_operator_3.py
[2022-12-03T22:10:13.155+0000] {logging_mixin.py:137} INFO - [2022-12-03T22:10:13.155+0000] {dag.py:2585} INFO - Sync 1 DAGs
[2022-12-03T22:10:13.171+0000] {logging_mixin.py:137} INFO - [2022-12-03T22:10:13.171+0000] {dag.py:3340} INFO - Setting next_dagrun for example_branch_dop_operator_v3 to 2022-12-03T22:09:00+00:00, run_after=2022-12-03T22:10:00+00:00
[2022-12-03T22:10:13.184+0000] {processor.py:176} INFO - Processing /home/airflow/.local/lib/python3.7/site-packages/airflow/example_dags/example_branch_python_dop_operator_3.py took 0.076 seconds
[2022-12-03T23:31:52.421+0000] {processor.py:154} INFO - Started process (PID=14821) to work on /home/airflow/.local/lib/python3.7/site-packages/airflow/example_dags/example_branch_python_dop_operator_3.py
[2022-12-03T23:31:52.423+0000] {processor.py:756} INFO - Processing file /home/airflow/.local/lib/python3.7/site-packages/airflow/example_dags/example_branch_python_dop_operator_3.py for tasks to queue
[2022-12-03T23:31:52.424+0000] {logging_mixin.py:137} INFO - [2022-12-03T23:31:52.424+0000] {dagbag.py:537} INFO - Filling up the DagBag from /home/airflow/.local/lib/python3.7/site-packages/airflow/example_dags/example_branch_python_dop_operator_3.py
[2022-12-03T23:31:52.438+0000] {processor.py:766} INFO - DAG(s) dict_keys(['example_branch_dop_operator_v3']) retrieved from /home/airflow/.local/lib/python3.7/site-packages/airflow/example_dags/example_branch_python_dop_operator_3.py
[2022-12-03T23:31:52.465+0000] {logging_mixin.py:137} INFO - [2022-12-03T23:31:52.465+0000] {dag.py:2585} INFO - Sync 1 DAGs
[2022-12-03T23:31:52.483+0000] {logging_mixin.py:137} INFO - [2022-12-03T23:31:52.483+0000] {dag.py:3340} INFO - Setting next_dagrun for example_branch_dop_operator_v3 to 2022-12-03T23:30:00+00:00, run_after=2022-12-03T23:31:00+00:00
[2022-12-03T23:31:52.497+0000] {processor.py:176} INFO - Processing /home/airflow/.local/lib/python3.7/site-packages/airflow/example_dags/example_branch_python_dop_operator_3.py took 0.078 seconds
