[2022-12-03T00:24:10.249+0000] {processor.py:154} INFO - Started process (PID=13510) to work on /home/airflow/.local/lib/python3.7/site-packages/airflow/example_dags/example_trigger_target_dag.py
[2022-12-03T00:24:10.251+0000] {processor.py:756} INFO - Processing file /home/airflow/.local/lib/python3.7/site-packages/airflow/example_dags/example_trigger_target_dag.py for tasks to queue
[2022-12-03T00:24:10.252+0000] {logging_mixin.py:137} INFO - [2022-12-03T00:24:10.252+0000] {dagbag.py:537} INFO - Filling up the DagBag from /home/airflow/.local/lib/python3.7/site-packages/airflow/example_dags/example_trigger_target_dag.py
[2022-12-03T00:24:10.269+0000] {processor.py:766} INFO - DAG(s) dict_keys(['example_trigger_target_dag']) retrieved from /home/airflow/.local/lib/python3.7/site-packages/airflow/example_dags/example_trigger_target_dag.py
[2022-12-03T00:24:10.297+0000] {logging_mixin.py:137} INFO - [2022-12-03T00:24:10.297+0000] {dag.py:2585} INFO - Sync 1 DAGs
[2022-12-03T00:24:10.315+0000] {logging_mixin.py:137} INFO - [2022-12-03T00:24:10.315+0000] {dag.py:3340} INFO - Setting next_dagrun for example_trigger_target_dag to None, run_after=None
[2022-12-03T00:24:10.328+0000] {processor.py:176} INFO - Processing /home/airflow/.local/lib/python3.7/site-packages/airflow/example_dags/example_trigger_target_dag.py took 0.082 seconds
[2022-12-03T01:45:42.364+0000] {processor.py:154} INFO - Started process (PID=13579) to work on /home/airflow/.local/lib/python3.7/site-packages/airflow/example_dags/example_trigger_target_dag.py
[2022-12-03T01:45:42.365+0000] {processor.py:756} INFO - Processing file /home/airflow/.local/lib/python3.7/site-packages/airflow/example_dags/example_trigger_target_dag.py for tasks to queue
[2022-12-03T01:45:42.367+0000] {logging_mixin.py:137} INFO - [2022-12-03T01:45:42.367+0000] {dagbag.py:537} INFO - Filling up the DagBag from /home/airflow/.local/lib/python3.7/site-packages/airflow/example_dags/example_trigger_target_dag.py
[2022-12-03T01:45:42.385+0000] {processor.py:766} INFO - DAG(s) dict_keys(['example_trigger_target_dag']) retrieved from /home/airflow/.local/lib/python3.7/site-packages/airflow/example_dags/example_trigger_target_dag.py
[2022-12-03T01:45:42.430+0000] {logging_mixin.py:137} INFO - [2022-12-03T01:45:42.430+0000] {dag.py:2585} INFO - Sync 1 DAGs
[2022-12-03T01:45:42.453+0000] {logging_mixin.py:137} INFO - [2022-12-03T01:45:42.453+0000] {dag.py:3340} INFO - Setting next_dagrun for example_trigger_target_dag to None, run_after=None
[2022-12-03T01:45:42.470+0000] {processor.py:176} INFO - Processing /home/airflow/.local/lib/python3.7/site-packages/airflow/example_dags/example_trigger_target_dag.py took 0.109 seconds
[2022-12-03T03:05:51.289+0000] {processor.py:154} INFO - Started process (PID=13647) to work on /home/airflow/.local/lib/python3.7/site-packages/airflow/example_dags/example_trigger_target_dag.py
[2022-12-03T03:05:51.291+0000] {processor.py:756} INFO - Processing file /home/airflow/.local/lib/python3.7/site-packages/airflow/example_dags/example_trigger_target_dag.py for tasks to queue
[2022-12-03T03:05:51.292+0000] {logging_mixin.py:137} INFO - [2022-12-03T03:05:51.292+0000] {dagbag.py:537} INFO - Filling up the DagBag from /home/airflow/.local/lib/python3.7/site-packages/airflow/example_dags/example_trigger_target_dag.py
[2022-12-03T03:05:51.306+0000] {processor.py:766} INFO - DAG(s) dict_keys(['example_trigger_target_dag']) retrieved from /home/airflow/.local/lib/python3.7/site-packages/airflow/example_dags/example_trigger_target_dag.py
[2022-12-03T03:05:51.335+0000] {logging_mixin.py:137} INFO - [2022-12-03T03:05:51.335+0000] {dag.py:2585} INFO - Sync 1 DAGs
[2022-12-03T03:05:51.349+0000] {logging_mixin.py:137} INFO - [2022-12-03T03:05:51.349+0000] {dag.py:3340} INFO - Setting next_dagrun for example_trigger_target_dag to None, run_after=None
[2022-12-03T03:05:51.363+0000] {processor.py:176} INFO - Processing /home/airflow/.local/lib/python3.7/site-packages/airflow/example_dags/example_trigger_target_dag.py took 0.077 seconds
[2022-12-03T04:30:01.351+0000] {processor.py:154} INFO - Started process (PID=13714) to work on /home/airflow/.local/lib/python3.7/site-packages/airflow/example_dags/example_trigger_target_dag.py
[2022-12-03T04:30:01.355+0000] {processor.py:756} INFO - Processing file /home/airflow/.local/lib/python3.7/site-packages/airflow/example_dags/example_trigger_target_dag.py for tasks to queue
[2022-12-03T04:30:01.356+0000] {logging_mixin.py:137} INFO - [2022-12-03T04:30:01.356+0000] {dagbag.py:537} INFO - Filling up the DagBag from /home/airflow/.local/lib/python3.7/site-packages/airflow/example_dags/example_trigger_target_dag.py
[2022-12-03T04:30:01.374+0000] {processor.py:766} INFO - DAG(s) dict_keys(['example_trigger_target_dag']) retrieved from /home/airflow/.local/lib/python3.7/site-packages/airflow/example_dags/example_trigger_target_dag.py
[2022-12-03T04:30:01.401+0000] {logging_mixin.py:137} INFO - [2022-12-03T04:30:01.401+0000] {dag.py:2585} INFO - Sync 1 DAGs
[2022-12-03T04:30:01.418+0000] {logging_mixin.py:137} INFO - [2022-12-03T04:30:01.418+0000] {dag.py:3340} INFO - Setting next_dagrun for example_trigger_target_dag to None, run_after=None
[2022-12-03T04:30:01.431+0000] {processor.py:176} INFO - Processing /home/airflow/.local/lib/python3.7/site-packages/airflow/example_dags/example_trigger_target_dag.py took 0.082 seconds
[2022-12-03T05:52:52.161+0000] {processor.py:154} INFO - Started process (PID=13775) to work on /home/airflow/.local/lib/python3.7/site-packages/airflow/example_dags/example_trigger_target_dag.py
[2022-12-03T05:52:52.163+0000] {processor.py:756} INFO - Processing file /home/airflow/.local/lib/python3.7/site-packages/airflow/example_dags/example_trigger_target_dag.py for tasks to queue
[2022-12-03T05:52:52.164+0000] {logging_mixin.py:137} INFO - [2022-12-03T05:52:52.164+0000] {dagbag.py:537} INFO - Filling up the DagBag from /home/airflow/.local/lib/python3.7/site-packages/airflow/example_dags/example_trigger_target_dag.py
[2022-12-03T05:52:52.177+0000] {processor.py:766} INFO - DAG(s) dict_keys(['example_trigger_target_dag']) retrieved from /home/airflow/.local/lib/python3.7/site-packages/airflow/example_dags/example_trigger_target_dag.py
[2022-12-03T05:52:52.204+0000] {logging_mixin.py:137} INFO - [2022-12-03T05:52:52.204+0000] {dag.py:2585} INFO - Sync 1 DAGs
[2022-12-03T05:52:52.218+0000] {logging_mixin.py:137} INFO - [2022-12-03T05:52:52.218+0000] {dag.py:3340} INFO - Setting next_dagrun for example_trigger_target_dag to None, run_after=None
[2022-12-03T05:52:52.231+0000] {processor.py:176} INFO - Processing /home/airflow/.local/lib/python3.7/site-packages/airflow/example_dags/example_trigger_target_dag.py took 0.073 seconds
[2022-12-03T07:14:05.329+0000] {processor.py:154} INFO - Started process (PID=13846) to work on /home/airflow/.local/lib/python3.7/site-packages/airflow/example_dags/example_trigger_target_dag.py
[2022-12-03T07:14:05.331+0000] {processor.py:756} INFO - Processing file /home/airflow/.local/lib/python3.7/site-packages/airflow/example_dags/example_trigger_target_dag.py for tasks to queue
[2022-12-03T07:14:05.332+0000] {logging_mixin.py:137} INFO - [2022-12-03T07:14:05.332+0000] {dagbag.py:537} INFO - Filling up the DagBag from /home/airflow/.local/lib/python3.7/site-packages/airflow/example_dags/example_trigger_target_dag.py
[2022-12-03T07:14:05.347+0000] {processor.py:766} INFO - DAG(s) dict_keys(['example_trigger_target_dag']) retrieved from /home/airflow/.local/lib/python3.7/site-packages/airflow/example_dags/example_trigger_target_dag.py
[2022-12-03T07:14:05.380+0000] {logging_mixin.py:137} INFO - [2022-12-03T07:14:05.380+0000] {dag.py:2585} INFO - Sync 1 DAGs
[2022-12-03T07:14:05.396+0000] {logging_mixin.py:137} INFO - [2022-12-03T07:14:05.396+0000] {dag.py:3340} INFO - Setting next_dagrun for example_trigger_target_dag to None, run_after=None
[2022-12-03T07:14:05.410+0000] {processor.py:176} INFO - Processing /home/airflow/.local/lib/python3.7/site-packages/airflow/example_dags/example_trigger_target_dag.py took 0.083 seconds
[2022-12-03T08:36:17.305+0000] {processor.py:154} INFO - Started process (PID=13919) to work on /home/airflow/.local/lib/python3.7/site-packages/airflow/example_dags/example_trigger_target_dag.py
[2022-12-03T08:36:17.307+0000] {processor.py:756} INFO - Processing file /home/airflow/.local/lib/python3.7/site-packages/airflow/example_dags/example_trigger_target_dag.py for tasks to queue
[2022-12-03T08:36:17.308+0000] {logging_mixin.py:137} INFO - [2022-12-03T08:36:17.308+0000] {dagbag.py:537} INFO - Filling up the DagBag from /home/airflow/.local/lib/python3.7/site-packages/airflow/example_dags/example_trigger_target_dag.py
[2022-12-03T08:36:17.322+0000] {processor.py:766} INFO - DAG(s) dict_keys(['example_trigger_target_dag']) retrieved from /home/airflow/.local/lib/python3.7/site-packages/airflow/example_dags/example_trigger_target_dag.py
[2022-12-03T08:36:17.350+0000] {logging_mixin.py:137} INFO - [2022-12-03T08:36:17.350+0000] {dag.py:2585} INFO - Sync 1 DAGs
[2022-12-03T08:36:17.367+0000] {logging_mixin.py:137} INFO - [2022-12-03T08:36:17.367+0000] {dag.py:3340} INFO - Setting next_dagrun for example_trigger_target_dag to None, run_after=None
[2022-12-03T08:36:17.379+0000] {processor.py:176} INFO - Processing /home/airflow/.local/lib/python3.7/site-packages/airflow/example_dags/example_trigger_target_dag.py took 0.077 seconds
[2022-12-03T09:58:30.479+0000] {processor.py:154} INFO - Started process (PID=13987) to work on /home/airflow/.local/lib/python3.7/site-packages/airflow/example_dags/example_trigger_target_dag.py
[2022-12-03T09:58:30.481+0000] {processor.py:756} INFO - Processing file /home/airflow/.local/lib/python3.7/site-packages/airflow/example_dags/example_trigger_target_dag.py for tasks to queue
[2022-12-03T09:58:30.482+0000] {logging_mixin.py:137} INFO - [2022-12-03T09:58:30.482+0000] {dagbag.py:537} INFO - Filling up the DagBag from /home/airflow/.local/lib/python3.7/site-packages/airflow/example_dags/example_trigger_target_dag.py
[2022-12-03T09:58:30.496+0000] {processor.py:766} INFO - DAG(s) dict_keys(['example_trigger_target_dag']) retrieved from /home/airflow/.local/lib/python3.7/site-packages/airflow/example_dags/example_trigger_target_dag.py
[2022-12-03T09:58:30.524+0000] {logging_mixin.py:137} INFO - [2022-12-03T09:58:30.524+0000] {dag.py:2585} INFO - Sync 1 DAGs
[2022-12-03T09:58:30.546+0000] {logging_mixin.py:137} INFO - [2022-12-03T09:58:30.546+0000] {dag.py:3340} INFO - Setting next_dagrun for example_trigger_target_dag to None, run_after=None
[2022-12-03T09:58:30.566+0000] {processor.py:176} INFO - Processing /home/airflow/.local/lib/python3.7/site-packages/airflow/example_dags/example_trigger_target_dag.py took 0.090 seconds
[2022-12-03T11:03:31.471+0000] {processor.py:154} INFO - Started process (PID=14042) to work on /home/airflow/.local/lib/python3.7/site-packages/airflow/example_dags/example_trigger_target_dag.py
[2022-12-03T11:03:31.473+0000] {processor.py:756} INFO - Processing file /home/airflow/.local/lib/python3.7/site-packages/airflow/example_dags/example_trigger_target_dag.py for tasks to queue
[2022-12-03T11:03:31.474+0000] {logging_mixin.py:137} INFO - [2022-12-03T11:03:31.474+0000] {dagbag.py:537} INFO - Filling up the DagBag from /home/airflow/.local/lib/python3.7/site-packages/airflow/example_dags/example_trigger_target_dag.py
[2022-12-03T11:03:31.487+0000] {processor.py:766} INFO - DAG(s) dict_keys(['example_trigger_target_dag']) retrieved from /home/airflow/.local/lib/python3.7/site-packages/airflow/example_dags/example_trigger_target_dag.py
[2022-12-03T11:03:31.517+0000] {logging_mixin.py:137} INFO - [2022-12-03T11:03:31.517+0000] {dag.py:2585} INFO - Sync 1 DAGs
[2022-12-03T11:03:31.532+0000] {logging_mixin.py:137} INFO - [2022-12-03T11:03:31.532+0000] {dag.py:3340} INFO - Setting next_dagrun for example_trigger_target_dag to None, run_after=None
[2022-12-03T11:03:31.547+0000] {processor.py:176} INFO - Processing /home/airflow/.local/lib/python3.7/site-packages/airflow/example_dags/example_trigger_target_dag.py took 0.079 seconds
[2022-12-03T11:21:02.134+0000] {processor.py:154} INFO - Started process (PID=14116) to work on /home/airflow/.local/lib/python3.7/site-packages/airflow/example_dags/example_trigger_target_dag.py
[2022-12-03T11:21:02.137+0000] {processor.py:756} INFO - Processing file /home/airflow/.local/lib/python3.7/site-packages/airflow/example_dags/example_trigger_target_dag.py for tasks to queue
[2022-12-03T11:21:02.138+0000] {logging_mixin.py:137} INFO - [2022-12-03T11:21:02.138+0000] {dagbag.py:537} INFO - Filling up the DagBag from /home/airflow/.local/lib/python3.7/site-packages/airflow/example_dags/example_trigger_target_dag.py
[2022-12-03T11:21:02.152+0000] {processor.py:766} INFO - DAG(s) dict_keys(['example_trigger_target_dag']) retrieved from /home/airflow/.local/lib/python3.7/site-packages/airflow/example_dags/example_trigger_target_dag.py
[2022-12-03T11:21:02.184+0000] {logging_mixin.py:137} INFO - [2022-12-03T11:21:02.184+0000] {dag.py:2585} INFO - Sync 1 DAGs
[2022-12-03T11:21:02.200+0000] {logging_mixin.py:137} INFO - [2022-12-03T11:21:02.200+0000] {dag.py:3340} INFO - Setting next_dagrun for example_trigger_target_dag to None, run_after=None
[2022-12-03T11:21:02.214+0000] {processor.py:176} INFO - Processing /home/airflow/.local/lib/python3.7/site-packages/airflow/example_dags/example_trigger_target_dag.py took 0.083 seconds
[2022-12-03T12:21:05.433+0000] {processor.py:154} INFO - Started process (PID=14189) to work on /home/airflow/.local/lib/python3.7/site-packages/airflow/example_dags/example_trigger_target_dag.py
[2022-12-03T12:21:05.435+0000] {processor.py:756} INFO - Processing file /home/airflow/.local/lib/python3.7/site-packages/airflow/example_dags/example_trigger_target_dag.py for tasks to queue
[2022-12-03T12:21:05.436+0000] {logging_mixin.py:137} INFO - [2022-12-03T12:21:05.436+0000] {dagbag.py:537} INFO - Filling up the DagBag from /home/airflow/.local/lib/python3.7/site-packages/airflow/example_dags/example_trigger_target_dag.py
[2022-12-03T12:21:05.452+0000] {processor.py:766} INFO - DAG(s) dict_keys(['example_trigger_target_dag']) retrieved from /home/airflow/.local/lib/python3.7/site-packages/airflow/example_dags/example_trigger_target_dag.py
[2022-12-03T12:21:05.482+0000] {logging_mixin.py:137} INFO - [2022-12-03T12:21:05.482+0000] {dag.py:2585} INFO - Sync 1 DAGs
[2022-12-03T12:21:05.500+0000] {logging_mixin.py:137} INFO - [2022-12-03T12:21:05.500+0000] {dag.py:3340} INFO - Setting next_dagrun for example_trigger_target_dag to None, run_after=None
[2022-12-03T12:21:05.514+0000] {processor.py:176} INFO - Processing /home/airflow/.local/lib/python3.7/site-packages/airflow/example_dags/example_trigger_target_dag.py took 0.083 seconds
[2022-12-03T13:24:18.471+0000] {processor.py:154} INFO - Started process (PID=14264) to work on /home/airflow/.local/lib/python3.7/site-packages/airflow/example_dags/example_trigger_target_dag.py
[2022-12-03T13:24:18.472+0000] {processor.py:756} INFO - Processing file /home/airflow/.local/lib/python3.7/site-packages/airflow/example_dags/example_trigger_target_dag.py for tasks to queue
[2022-12-03T13:24:18.473+0000] {logging_mixin.py:137} INFO - [2022-12-03T13:24:18.473+0000] {dagbag.py:537} INFO - Filling up the DagBag from /home/airflow/.local/lib/python3.7/site-packages/airflow/example_dags/example_trigger_target_dag.py
[2022-12-03T13:24:18.489+0000] {processor.py:766} INFO - DAG(s) dict_keys(['example_trigger_target_dag']) retrieved from /home/airflow/.local/lib/python3.7/site-packages/airflow/example_dags/example_trigger_target_dag.py
[2022-12-03T13:24:18.521+0000] {logging_mixin.py:137} INFO - [2022-12-03T13:24:18.521+0000] {dag.py:2585} INFO - Sync 1 DAGs
[2022-12-03T13:24:18.539+0000] {logging_mixin.py:137} INFO - [2022-12-03T13:24:18.539+0000] {dag.py:3340} INFO - Setting next_dagrun for example_trigger_target_dag to None, run_after=None
[2022-12-03T13:24:18.553+0000] {processor.py:176} INFO - Processing /home/airflow/.local/lib/python3.7/site-packages/airflow/example_dags/example_trigger_target_dag.py took 0.085 seconds
[2022-12-03T14:43:48.535+0000] {processor.py:154} INFO - Started process (PID=14319) to work on /home/airflow/.local/lib/python3.7/site-packages/airflow/example_dags/example_trigger_target_dag.py
[2022-12-03T14:43:48.538+0000] {processor.py:756} INFO - Processing file /home/airflow/.local/lib/python3.7/site-packages/airflow/example_dags/example_trigger_target_dag.py for tasks to queue
[2022-12-03T14:43:48.539+0000] {logging_mixin.py:137} INFO - [2022-12-03T14:43:48.539+0000] {dagbag.py:537} INFO - Filling up the DagBag from /home/airflow/.local/lib/python3.7/site-packages/airflow/example_dags/example_trigger_target_dag.py
[2022-12-03T14:43:48.554+0000] {processor.py:766} INFO - DAG(s) dict_keys(['example_trigger_target_dag']) retrieved from /home/airflow/.local/lib/python3.7/site-packages/airflow/example_dags/example_trigger_target_dag.py
[2022-12-03T14:43:48.585+0000] {logging_mixin.py:137} INFO - [2022-12-03T14:43:48.585+0000] {dag.py:2585} INFO - Sync 1 DAGs
[2022-12-03T14:43:48.604+0000] {logging_mixin.py:137} INFO - [2022-12-03T14:43:48.604+0000] {dag.py:3340} INFO - Setting next_dagrun for example_trigger_target_dag to None, run_after=None
[2022-12-03T14:43:48.617+0000] {processor.py:176} INFO - Processing /home/airflow/.local/lib/python3.7/site-packages/airflow/example_dags/example_trigger_target_dag.py took 0.084 seconds
[2022-12-03T16:03:00.837+0000] {processor.py:154} INFO - Started process (PID=14385) to work on /home/airflow/.local/lib/python3.7/site-packages/airflow/example_dags/example_trigger_target_dag.py
[2022-12-03T16:03:00.838+0000] {processor.py:756} INFO - Processing file /home/airflow/.local/lib/python3.7/site-packages/airflow/example_dags/example_trigger_target_dag.py for tasks to queue
[2022-12-03T16:03:00.839+0000] {logging_mixin.py:137} INFO - [2022-12-03T16:03:00.839+0000] {dagbag.py:537} INFO - Filling up the DagBag from /home/airflow/.local/lib/python3.7/site-packages/airflow/example_dags/example_trigger_target_dag.py
[2022-12-03T16:03:00.857+0000] {processor.py:766} INFO - DAG(s) dict_keys(['example_trigger_target_dag']) retrieved from /home/airflow/.local/lib/python3.7/site-packages/airflow/example_dags/example_trigger_target_dag.py
[2022-12-03T16:03:00.888+0000] {logging_mixin.py:137} INFO - [2022-12-03T16:03:00.888+0000] {dag.py:2585} INFO - Sync 1 DAGs
[2022-12-03T16:03:00.909+0000] {logging_mixin.py:137} INFO - [2022-12-03T16:03:00.909+0000] {dag.py:3340} INFO - Setting next_dagrun for example_trigger_target_dag to None, run_after=None
[2022-12-03T16:03:00.923+0000] {processor.py:176} INFO - Processing /home/airflow/.local/lib/python3.7/site-packages/airflow/example_dags/example_trigger_target_dag.py took 0.089 seconds
[2022-12-03T17:24:33.438+0000] {processor.py:154} INFO - Started process (PID=14453) to work on /home/airflow/.local/lib/python3.7/site-packages/airflow/example_dags/example_trigger_target_dag.py
[2022-12-03T17:24:33.440+0000] {processor.py:756} INFO - Processing file /home/airflow/.local/lib/python3.7/site-packages/airflow/example_dags/example_trigger_target_dag.py for tasks to queue
[2022-12-03T17:24:33.442+0000] {logging_mixin.py:137} INFO - [2022-12-03T17:24:33.442+0000] {dagbag.py:537} INFO - Filling up the DagBag from /home/airflow/.local/lib/python3.7/site-packages/airflow/example_dags/example_trigger_target_dag.py
[2022-12-03T17:24:33.456+0000] {processor.py:766} INFO - DAG(s) dict_keys(['example_trigger_target_dag']) retrieved from /home/airflow/.local/lib/python3.7/site-packages/airflow/example_dags/example_trigger_target_dag.py
[2022-12-03T17:24:33.484+0000] {logging_mixin.py:137} INFO - [2022-12-03T17:24:33.484+0000] {dag.py:2585} INFO - Sync 1 DAGs
[2022-12-03T17:24:33.505+0000] {logging_mixin.py:137} INFO - [2022-12-03T17:24:33.505+0000] {dag.py:3340} INFO - Setting next_dagrun for example_trigger_target_dag to None, run_after=None
[2022-12-03T17:24:33.520+0000] {processor.py:176} INFO - Processing /home/airflow/.local/lib/python3.7/site-packages/airflow/example_dags/example_trigger_target_dag.py took 0.084 seconds
[2022-12-03T18:46:59.799+0000] {processor.py:154} INFO - Started process (PID=14520) to work on /home/airflow/.local/lib/python3.7/site-packages/airflow/example_dags/example_trigger_target_dag.py
[2022-12-03T18:46:59.800+0000] {processor.py:756} INFO - Processing file /home/airflow/.local/lib/python3.7/site-packages/airflow/example_dags/example_trigger_target_dag.py for tasks to queue
[2022-12-03T18:46:59.802+0000] {logging_mixin.py:137} INFO - [2022-12-03T18:46:59.802+0000] {dagbag.py:537} INFO - Filling up the DagBag from /home/airflow/.local/lib/python3.7/site-packages/airflow/example_dags/example_trigger_target_dag.py
[2022-12-03T18:46:59.819+0000] {processor.py:766} INFO - DAG(s) dict_keys(['example_trigger_target_dag']) retrieved from /home/airflow/.local/lib/python3.7/site-packages/airflow/example_dags/example_trigger_target_dag.py
[2022-12-03T18:46:59.851+0000] {logging_mixin.py:137} INFO - [2022-12-03T18:46:59.850+0000] {dag.py:2585} INFO - Sync 1 DAGs
[2022-12-03T18:46:59.870+0000] {logging_mixin.py:137} INFO - [2022-12-03T18:46:59.870+0000] {dag.py:3340} INFO - Setting next_dagrun for example_trigger_target_dag to None, run_after=None
[2022-12-03T18:46:59.883+0000] {processor.py:176} INFO - Processing /home/airflow/.local/lib/python3.7/site-packages/airflow/example_dags/example_trigger_target_dag.py took 0.086 seconds
[2022-12-03T19:40:03.212+0000] {processor.py:154} INFO - Started process (PID=14577) to work on /home/airflow/.local/lib/python3.7/site-packages/airflow/example_dags/example_trigger_target_dag.py
[2022-12-03T19:40:03.213+0000] {processor.py:756} INFO - Processing file /home/airflow/.local/lib/python3.7/site-packages/airflow/example_dags/example_trigger_target_dag.py for tasks to queue
[2022-12-03T19:40:03.215+0000] {logging_mixin.py:137} INFO - [2022-12-03T19:40:03.214+0000] {dagbag.py:537} INFO - Filling up the DagBag from /home/airflow/.local/lib/python3.7/site-packages/airflow/example_dags/example_trigger_target_dag.py
[2022-12-03T19:40:03.229+0000] {processor.py:766} INFO - DAG(s) dict_keys(['example_trigger_target_dag']) retrieved from /home/airflow/.local/lib/python3.7/site-packages/airflow/example_dags/example_trigger_target_dag.py
[2022-12-03T19:40:03.256+0000] {logging_mixin.py:137} INFO - [2022-12-03T19:40:03.256+0000] {dag.py:2585} INFO - Sync 1 DAGs
[2022-12-03T19:40:03.272+0000] {logging_mixin.py:137} INFO - [2022-12-03T19:40:03.271+0000] {dag.py:3340} INFO - Setting next_dagrun for example_trigger_target_dag to None, run_after=None
[2022-12-03T19:40:03.284+0000] {processor.py:176} INFO - Processing /home/airflow/.local/lib/python3.7/site-packages/airflow/example_dags/example_trigger_target_dag.py took 0.075 seconds
[2022-12-03T20:15:10.940+0000] {processor.py:154} INFO - Started process (PID=14643) to work on /home/airflow/.local/lib/python3.7/site-packages/airflow/example_dags/example_trigger_target_dag.py
[2022-12-03T20:15:10.942+0000] {processor.py:756} INFO - Processing file /home/airflow/.local/lib/python3.7/site-packages/airflow/example_dags/example_trigger_target_dag.py for tasks to queue
[2022-12-03T20:15:10.944+0000] {logging_mixin.py:137} INFO - [2022-12-03T20:15:10.944+0000] {dagbag.py:537} INFO - Filling up the DagBag from /home/airflow/.local/lib/python3.7/site-packages/airflow/example_dags/example_trigger_target_dag.py
[2022-12-03T20:15:10.959+0000] {processor.py:766} INFO - DAG(s) dict_keys(['example_trigger_target_dag']) retrieved from /home/airflow/.local/lib/python3.7/site-packages/airflow/example_dags/example_trigger_target_dag.py
[2022-12-03T20:15:10.986+0000] {logging_mixin.py:137} INFO - [2022-12-03T20:15:10.986+0000] {dag.py:2585} INFO - Sync 1 DAGs
[2022-12-03T20:15:11.003+0000] {logging_mixin.py:137} INFO - [2022-12-03T20:15:11.003+0000] {dag.py:3340} INFO - Setting next_dagrun for example_trigger_target_dag to None, run_after=None
[2022-12-03T20:15:11.017+0000] {processor.py:176} INFO - Processing /home/airflow/.local/lib/python3.7/site-packages/airflow/example_dags/example_trigger_target_dag.py took 0.079 seconds
[2022-12-03T20:47:37.980+0000] {processor.py:154} INFO - Started process (PID=14708) to work on /home/airflow/.local/lib/python3.7/site-packages/airflow/example_dags/example_trigger_target_dag.py
[2022-12-03T20:47:37.981+0000] {processor.py:756} INFO - Processing file /home/airflow/.local/lib/python3.7/site-packages/airflow/example_dags/example_trigger_target_dag.py for tasks to queue
[2022-12-03T20:47:37.983+0000] {logging_mixin.py:137} INFO - [2022-12-03T20:47:37.983+0000] {dagbag.py:537} INFO - Filling up the DagBag from /home/airflow/.local/lib/python3.7/site-packages/airflow/example_dags/example_trigger_target_dag.py
[2022-12-03T20:47:37.996+0000] {processor.py:766} INFO - DAG(s) dict_keys(['example_trigger_target_dag']) retrieved from /home/airflow/.local/lib/python3.7/site-packages/airflow/example_dags/example_trigger_target_dag.py
[2022-12-03T20:47:38.022+0000] {logging_mixin.py:137} INFO - [2022-12-03T20:47:38.022+0000] {dag.py:2585} INFO - Sync 1 DAGs
[2022-12-03T20:47:38.036+0000] {logging_mixin.py:137} INFO - [2022-12-03T20:47:38.035+0000] {dag.py:3340} INFO - Setting next_dagrun for example_trigger_target_dag to None, run_after=None
[2022-12-03T20:47:38.047+0000] {processor.py:176} INFO - Processing /home/airflow/.local/lib/python3.7/site-packages/airflow/example_dags/example_trigger_target_dag.py took 0.070 seconds
[2022-12-03T22:10:14.027+0000] {processor.py:154} INFO - Started process (PID=14778) to work on /home/airflow/.local/lib/python3.7/site-packages/airflow/example_dags/example_trigger_target_dag.py
[2022-12-03T22:10:14.029+0000] {processor.py:756} INFO - Processing file /home/airflow/.local/lib/python3.7/site-packages/airflow/example_dags/example_trigger_target_dag.py for tasks to queue
[2022-12-03T22:10:14.030+0000] {logging_mixin.py:137} INFO - [2022-12-03T22:10:14.030+0000] {dagbag.py:537} INFO - Filling up the DagBag from /home/airflow/.local/lib/python3.7/site-packages/airflow/example_dags/example_trigger_target_dag.py
[2022-12-03T22:10:14.043+0000] {processor.py:766} INFO - DAG(s) dict_keys(['example_trigger_target_dag']) retrieved from /home/airflow/.local/lib/python3.7/site-packages/airflow/example_dags/example_trigger_target_dag.py
[2022-12-03T22:10:14.069+0000] {logging_mixin.py:137} INFO - [2022-12-03T22:10:14.068+0000] {dag.py:2585} INFO - Sync 1 DAGs
[2022-12-03T22:10:14.082+0000] {logging_mixin.py:137} INFO - [2022-12-03T22:10:14.082+0000] {dag.py:3340} INFO - Setting next_dagrun for example_trigger_target_dag to None, run_after=None
[2022-12-03T22:10:14.093+0000] {processor.py:176} INFO - Processing /home/airflow/.local/lib/python3.7/site-packages/airflow/example_dags/example_trigger_target_dag.py took 0.067 seconds
[2022-12-03T23:31:53.808+0000] {processor.py:154} INFO - Started process (PID=14837) to work on /home/airflow/.local/lib/python3.7/site-packages/airflow/example_dags/example_trigger_target_dag.py
[2022-12-03T23:31:53.810+0000] {processor.py:756} INFO - Processing file /home/airflow/.local/lib/python3.7/site-packages/airflow/example_dags/example_trigger_target_dag.py for tasks to queue
[2022-12-03T23:31:53.811+0000] {logging_mixin.py:137} INFO - [2022-12-03T23:31:53.811+0000] {dagbag.py:537} INFO - Filling up the DagBag from /home/airflow/.local/lib/python3.7/site-packages/airflow/example_dags/example_trigger_target_dag.py
[2022-12-03T23:31:53.825+0000] {processor.py:766} INFO - DAG(s) dict_keys(['example_trigger_target_dag']) retrieved from /home/airflow/.local/lib/python3.7/site-packages/airflow/example_dags/example_trigger_target_dag.py
[2022-12-03T23:31:53.855+0000] {logging_mixin.py:137} INFO - [2022-12-03T23:31:53.854+0000] {dag.py:2585} INFO - Sync 1 DAGs
[2022-12-03T23:31:53.871+0000] {logging_mixin.py:137} INFO - [2022-12-03T23:31:53.871+0000] {dag.py:3340} INFO - Setting next_dagrun for example_trigger_target_dag to None, run_after=None
[2022-12-03T23:31:53.886+0000] {processor.py:176} INFO - Processing /home/airflow/.local/lib/python3.7/site-packages/airflow/example_dags/example_trigger_target_dag.py took 0.080 seconds
