[2022-12-03T00:24:07.542+0000] {processor.py:154} INFO - Started process (PID=13484) to work on /home/airflow/.local/lib/python3.7/site-packages/airflow/example_dags/example_short_circuit_operator.py
[2022-12-03T00:24:07.545+0000] {processor.py:756} INFO - Processing file /home/airflow/.local/lib/python3.7/site-packages/airflow/example_dags/example_short_circuit_operator.py for tasks to queue
[2022-12-03T00:24:07.546+0000] {logging_mixin.py:137} INFO - [2022-12-03T00:24:07.546+0000] {dagbag.py:537} INFO - Filling up the DagBag from /home/airflow/.local/lib/python3.7/site-packages/airflow/example_dags/example_short_circuit_operator.py
[2022-12-03T00:24:07.560+0000] {processor.py:766} INFO - DAG(s) dict_keys(['example_short_circuit_operator']) retrieved from /home/airflow/.local/lib/python3.7/site-packages/airflow/example_dags/example_short_circuit_operator.py
[2022-12-03T00:24:07.592+0000] {logging_mixin.py:137} INFO - [2022-12-03T00:24:07.592+0000] {dag.py:2585} INFO - Sync 1 DAGs
[2022-12-03T00:24:07.610+0000] {logging_mixin.py:137} INFO - [2022-12-03T00:24:07.610+0000] {dag.py:3340} INFO - Setting next_dagrun for example_short_circuit_operator to 2022-12-02T00:24:07.609863+00:00, run_after=2022-12-03T00:24:07.609863+00:00
[2022-12-03T00:24:07.625+0000] {processor.py:176} INFO - Processing /home/airflow/.local/lib/python3.7/site-packages/airflow/example_dags/example_short_circuit_operator.py took 0.089 seconds
[2022-12-03T01:45:40.274+0000] {processor.py:154} INFO - Started process (PID=13553) to work on /home/airflow/.local/lib/python3.7/site-packages/airflow/example_dags/example_short_circuit_operator.py
[2022-12-03T01:45:40.277+0000] {processor.py:756} INFO - Processing file /home/airflow/.local/lib/python3.7/site-packages/airflow/example_dags/example_short_circuit_operator.py for tasks to queue
[2022-12-03T01:45:40.278+0000] {logging_mixin.py:137} INFO - [2022-12-03T01:45:40.278+0000] {dagbag.py:537} INFO - Filling up the DagBag from /home/airflow/.local/lib/python3.7/site-packages/airflow/example_dags/example_short_circuit_operator.py
[2022-12-03T01:45:40.299+0000] {processor.py:766} INFO - DAG(s) dict_keys(['example_short_circuit_operator']) retrieved from /home/airflow/.local/lib/python3.7/site-packages/airflow/example_dags/example_short_circuit_operator.py
[2022-12-03T01:45:40.402+0000] {logging_mixin.py:137} INFO - [2022-12-03T01:45:40.402+0000] {dag.py:2585} INFO - Sync 1 DAGs
[2022-12-03T01:45:40.446+0000] {logging_mixin.py:137} INFO - [2022-12-03T01:45:40.446+0000] {dag.py:3340} INFO - Setting next_dagrun for example_short_circuit_operator to 2022-12-02T01:45:40.446474+00:00, run_after=2022-12-03T01:45:40.446474+00:00
[2022-12-03T01:45:40.483+0000] {processor.py:176} INFO - Processing /home/airflow/.local/lib/python3.7/site-packages/airflow/example_dags/example_short_circuit_operator.py took 0.215 seconds
[2022-12-03T03:05:49.213+0000] {processor.py:154} INFO - Started process (PID=13621) to work on /home/airflow/.local/lib/python3.7/site-packages/airflow/example_dags/example_short_circuit_operator.py
[2022-12-03T03:05:49.215+0000] {processor.py:756} INFO - Processing file /home/airflow/.local/lib/python3.7/site-packages/airflow/example_dags/example_short_circuit_operator.py for tasks to queue
[2022-12-03T03:05:49.217+0000] {logging_mixin.py:137} INFO - [2022-12-03T03:05:49.217+0000] {dagbag.py:537} INFO - Filling up the DagBag from /home/airflow/.local/lib/python3.7/site-packages/airflow/example_dags/example_short_circuit_operator.py
[2022-12-03T03:05:49.232+0000] {processor.py:766} INFO - DAG(s) dict_keys(['example_short_circuit_operator']) retrieved from /home/airflow/.local/lib/python3.7/site-packages/airflow/example_dags/example_short_circuit_operator.py
[2022-12-03T03:05:49.269+0000] {logging_mixin.py:137} INFO - [2022-12-03T03:05:49.269+0000] {dag.py:2585} INFO - Sync 1 DAGs
[2022-12-03T03:05:49.285+0000] {logging_mixin.py:137} INFO - [2022-12-03T03:05:49.285+0000] {dag.py:3340} INFO - Setting next_dagrun for example_short_circuit_operator to 2022-12-02T03:05:49.285260+00:00, run_after=2022-12-03T03:05:49.285260+00:00
[2022-12-03T03:05:49.297+0000] {processor.py:176} INFO - Processing /home/airflow/.local/lib/python3.7/site-packages/airflow/example_dags/example_short_circuit_operator.py took 0.090 seconds
[2022-12-03T04:29:59.065+0000] {processor.py:154} INFO - Started process (PID=13680) to work on /home/airflow/.local/lib/python3.7/site-packages/airflow/example_dags/example_short_circuit_operator.py
[2022-12-03T04:29:59.067+0000] {processor.py:756} INFO - Processing file /home/airflow/.local/lib/python3.7/site-packages/airflow/example_dags/example_short_circuit_operator.py for tasks to queue
[2022-12-03T04:29:59.068+0000] {logging_mixin.py:137} INFO - [2022-12-03T04:29:59.068+0000] {dagbag.py:537} INFO - Filling up the DagBag from /home/airflow/.local/lib/python3.7/site-packages/airflow/example_dags/example_short_circuit_operator.py
[2022-12-03T04:29:59.079+0000] {processor.py:766} INFO - DAG(s) dict_keys(['example_short_circuit_operator']) retrieved from /home/airflow/.local/lib/python3.7/site-packages/airflow/example_dags/example_short_circuit_operator.py
[2022-12-03T04:29:59.111+0000] {logging_mixin.py:137} INFO - [2022-12-03T04:29:59.111+0000] {dag.py:2585} INFO - Sync 1 DAGs
[2022-12-03T04:29:59.135+0000] {logging_mixin.py:137} INFO - [2022-12-03T04:29:59.135+0000] {dag.py:3340} INFO - Setting next_dagrun for example_short_circuit_operator to 2022-12-02T04:29:59.135183+00:00, run_after=2022-12-03T04:29:59.135183+00:00
[2022-12-03T04:29:59.160+0000] {processor.py:176} INFO - Processing /home/airflow/.local/lib/python3.7/site-packages/airflow/example_dags/example_short_circuit_operator.py took 0.097 seconds
[2022-12-03T05:52:49.669+0000] {processor.py:154} INFO - Started process (PID=13749) to work on /home/airflow/.local/lib/python3.7/site-packages/airflow/example_dags/example_short_circuit_operator.py
[2022-12-03T05:52:49.674+0000] {processor.py:756} INFO - Processing file /home/airflow/.local/lib/python3.7/site-packages/airflow/example_dags/example_short_circuit_operator.py for tasks to queue
[2022-12-03T05:52:49.676+0000] {logging_mixin.py:137} INFO - [2022-12-03T05:52:49.675+0000] {dagbag.py:537} INFO - Filling up the DagBag from /home/airflow/.local/lib/python3.7/site-packages/airflow/example_dags/example_short_circuit_operator.py
[2022-12-03T05:52:49.702+0000] {processor.py:766} INFO - DAG(s) dict_keys(['example_short_circuit_operator']) retrieved from /home/airflow/.local/lib/python3.7/site-packages/airflow/example_dags/example_short_circuit_operator.py
[2022-12-03T05:52:49.787+0000] {logging_mixin.py:137} INFO - [2022-12-03T05:52:49.787+0000] {dag.py:2585} INFO - Sync 1 DAGs
[2022-12-03T05:52:49.845+0000] {logging_mixin.py:137} INFO - [2022-12-03T05:52:49.844+0000] {dag.py:3340} INFO - Setting next_dagrun for example_short_circuit_operator to 2022-12-02T05:52:49.844733+00:00, run_after=2022-12-03T05:52:49.844733+00:00
[2022-12-03T05:52:49.901+0000] {processor.py:176} INFO - Processing /home/airflow/.local/lib/python3.7/site-packages/airflow/example_dags/example_short_circuit_operator.py took 0.235 seconds
[2022-12-03T07:14:03.131+0000] {processor.py:154} INFO - Started process (PID=13820) to work on /home/airflow/.local/lib/python3.7/site-packages/airflow/example_dags/example_short_circuit_operator.py
[2022-12-03T07:14:03.135+0000] {processor.py:756} INFO - Processing file /home/airflow/.local/lib/python3.7/site-packages/airflow/example_dags/example_short_circuit_operator.py for tasks to queue
[2022-12-03T07:14:03.139+0000] {logging_mixin.py:137} INFO - [2022-12-03T07:14:03.139+0000] {dagbag.py:537} INFO - Filling up the DagBag from /home/airflow/.local/lib/python3.7/site-packages/airflow/example_dags/example_short_circuit_operator.py
[2022-12-03T07:14:03.210+0000] {processor.py:766} INFO - DAG(s) dict_keys(['example_short_circuit_operator']) retrieved from /home/airflow/.local/lib/python3.7/site-packages/airflow/example_dags/example_short_circuit_operator.py
[2022-12-03T07:14:03.317+0000] {logging_mixin.py:137} INFO - [2022-12-03T07:14:03.317+0000] {dag.py:2585} INFO - Sync 1 DAGs
[2022-12-03T07:14:03.355+0000] {logging_mixin.py:137} INFO - [2022-12-03T07:14:03.354+0000] {dag.py:3340} INFO - Setting next_dagrun for example_short_circuit_operator to 2022-12-02T07:14:03.354600+00:00, run_after=2022-12-03T07:14:03.354600+00:00
[2022-12-03T07:14:03.386+0000] {processor.py:176} INFO - Processing /home/airflow/.local/lib/python3.7/site-packages/airflow/example_dags/example_short_circuit_operator.py took 0.258 seconds
[2022-12-03T08:36:15.251+0000] {processor.py:154} INFO - Started process (PID=13893) to work on /home/airflow/.local/lib/python3.7/site-packages/airflow/example_dags/example_short_circuit_operator.py
[2022-12-03T08:36:15.260+0000] {processor.py:756} INFO - Processing file /home/airflow/.local/lib/python3.7/site-packages/airflow/example_dags/example_short_circuit_operator.py for tasks to queue
[2022-12-03T08:36:15.263+0000] {logging_mixin.py:137} INFO - [2022-12-03T08:36:15.262+0000] {dagbag.py:537} INFO - Filling up the DagBag from /home/airflow/.local/lib/python3.7/site-packages/airflow/example_dags/example_short_circuit_operator.py
[2022-12-03T08:36:15.314+0000] {processor.py:766} INFO - DAG(s) dict_keys(['example_short_circuit_operator']) retrieved from /home/airflow/.local/lib/python3.7/site-packages/airflow/example_dags/example_short_circuit_operator.py
[2022-12-03T08:36:15.390+0000] {logging_mixin.py:137} INFO - [2022-12-03T08:36:15.390+0000] {dag.py:2585} INFO - Sync 1 DAGs
[2022-12-03T08:36:15.425+0000] {logging_mixin.py:137} INFO - [2022-12-03T08:36:15.425+0000] {dag.py:3340} INFO - Setting next_dagrun for example_short_circuit_operator to 2022-12-02T08:36:15.424684+00:00, run_after=2022-12-03T08:36:15.424684+00:00
[2022-12-03T08:36:15.453+0000] {processor.py:176} INFO - Processing /home/airflow/.local/lib/python3.7/site-packages/airflow/example_dags/example_short_circuit_operator.py took 0.207 seconds
[2022-12-03T09:58:28.374+0000] {processor.py:154} INFO - Started process (PID=13961) to work on /home/airflow/.local/lib/python3.7/site-packages/airflow/example_dags/example_short_circuit_operator.py
[2022-12-03T09:58:28.377+0000] {processor.py:756} INFO - Processing file /home/airflow/.local/lib/python3.7/site-packages/airflow/example_dags/example_short_circuit_operator.py for tasks to queue
[2022-12-03T09:58:28.378+0000] {logging_mixin.py:137} INFO - [2022-12-03T09:58:28.378+0000] {dagbag.py:537} INFO - Filling up the DagBag from /home/airflow/.local/lib/python3.7/site-packages/airflow/example_dags/example_short_circuit_operator.py
[2022-12-03T09:58:28.396+0000] {processor.py:766} INFO - DAG(s) dict_keys(['example_short_circuit_operator']) retrieved from /home/airflow/.local/lib/python3.7/site-packages/airflow/example_dags/example_short_circuit_operator.py
[2022-12-03T09:58:28.428+0000] {logging_mixin.py:137} INFO - [2022-12-03T09:58:28.428+0000] {dag.py:2585} INFO - Sync 1 DAGs
[2022-12-03T09:58:28.448+0000] {logging_mixin.py:137} INFO - [2022-12-03T09:58:28.448+0000] {dag.py:3340} INFO - Setting next_dagrun for example_short_circuit_operator to 2022-12-02T09:58:28.448030+00:00, run_after=2022-12-03T09:58:28.448030+00:00
[2022-12-03T09:58:28.463+0000] {processor.py:176} INFO - Processing /home/airflow/.local/lib/python3.7/site-packages/airflow/example_dags/example_short_circuit_operator.py took 0.091 seconds
[2022-12-03T11:03:29.170+0000] {processor.py:154} INFO - Started process (PID=14016) to work on /home/airflow/.local/lib/python3.7/site-packages/airflow/example_dags/example_short_circuit_operator.py
[2022-12-03T11:03:29.171+0000] {processor.py:756} INFO - Processing file /home/airflow/.local/lib/python3.7/site-packages/airflow/example_dags/example_short_circuit_operator.py for tasks to queue
[2022-12-03T11:03:29.172+0000] {logging_mixin.py:137} INFO - [2022-12-03T11:03:29.172+0000] {dagbag.py:537} INFO - Filling up the DagBag from /home/airflow/.local/lib/python3.7/site-packages/airflow/example_dags/example_short_circuit_operator.py
[2022-12-03T11:03:29.185+0000] {processor.py:766} INFO - DAG(s) dict_keys(['example_short_circuit_operator']) retrieved from /home/airflow/.local/lib/python3.7/site-packages/airflow/example_dags/example_short_circuit_operator.py
[2022-12-03T11:03:29.238+0000] {logging_mixin.py:137} INFO - [2022-12-03T11:03:29.237+0000] {dag.py:2585} INFO - Sync 1 DAGs
[2022-12-03T11:03:29.260+0000] {logging_mixin.py:137} INFO - [2022-12-03T11:03:29.260+0000] {dag.py:3340} INFO - Setting next_dagrun for example_short_circuit_operator to 2022-12-02T11:03:29.259823+00:00, run_after=2022-12-03T11:03:29.259823+00:00
[2022-12-03T11:03:29.272+0000] {processor.py:176} INFO - Processing /home/airflow/.local/lib/python3.7/site-packages/airflow/example_dags/example_short_circuit_operator.py took 0.105 seconds
[2022-12-03T11:20:59.942+0000] {processor.py:154} INFO - Started process (PID=14090) to work on /home/airflow/.local/lib/python3.7/site-packages/airflow/example_dags/example_short_circuit_operator.py
[2022-12-03T11:20:59.944+0000] {processor.py:756} INFO - Processing file /home/airflow/.local/lib/python3.7/site-packages/airflow/example_dags/example_short_circuit_operator.py for tasks to queue
[2022-12-03T11:20:59.945+0000] {logging_mixin.py:137} INFO - [2022-12-03T11:20:59.945+0000] {dagbag.py:537} INFO - Filling up the DagBag from /home/airflow/.local/lib/python3.7/site-packages/airflow/example_dags/example_short_circuit_operator.py
[2022-12-03T11:20:59.960+0000] {processor.py:766} INFO - DAG(s) dict_keys(['example_short_circuit_operator']) retrieved from /home/airflow/.local/lib/python3.7/site-packages/airflow/example_dags/example_short_circuit_operator.py
[2022-12-03T11:20:59.995+0000] {logging_mixin.py:137} INFO - [2022-12-03T11:20:59.995+0000] {dag.py:2585} INFO - Sync 1 DAGs
[2022-12-03T11:21:00.012+0000] {logging_mixin.py:137} INFO - [2022-12-03T11:21:00.012+0000] {dag.py:3340} INFO - Setting next_dagrun for example_short_circuit_operator to 2022-12-02T11:21:00.012196+00:00, run_after=2022-12-03T11:21:00.012196+00:00
[2022-12-03T11:21:00.029+0000] {processor.py:176} INFO - Processing /home/airflow/.local/lib/python3.7/site-packages/airflow/example_dags/example_short_circuit_operator.py took 0.089 seconds
[2022-12-03T12:21:03.433+0000] {processor.py:154} INFO - Started process (PID=14163) to work on /home/airflow/.local/lib/python3.7/site-packages/airflow/example_dags/example_short_circuit_operator.py
[2022-12-03T12:21:03.438+0000] {processor.py:756} INFO - Processing file /home/airflow/.local/lib/python3.7/site-packages/airflow/example_dags/example_short_circuit_operator.py for tasks to queue
[2022-12-03T12:21:03.441+0000] {logging_mixin.py:137} INFO - [2022-12-03T12:21:03.441+0000] {dagbag.py:537} INFO - Filling up the DagBag from /home/airflow/.local/lib/python3.7/site-packages/airflow/example_dags/example_short_circuit_operator.py
[2022-12-03T12:21:03.500+0000] {processor.py:766} INFO - DAG(s) dict_keys(['example_short_circuit_operator']) retrieved from /home/airflow/.local/lib/python3.7/site-packages/airflow/example_dags/example_short_circuit_operator.py
[2022-12-03T12:21:03.613+0000] {logging_mixin.py:137} INFO - [2022-12-03T12:21:03.613+0000] {dag.py:2585} INFO - Sync 1 DAGs
[2022-12-03T12:21:03.650+0000] {logging_mixin.py:137} INFO - [2022-12-03T12:21:03.650+0000] {dag.py:3340} INFO - Setting next_dagrun for example_short_circuit_operator to 2022-12-02T12:21:03.650249+00:00, run_after=2022-12-03T12:21:03.650249+00:00
[2022-12-03T12:21:03.684+0000] {processor.py:176} INFO - Processing /home/airflow/.local/lib/python3.7/site-packages/airflow/example_dags/example_short_circuit_operator.py took 0.255 seconds
[2022-12-03T13:24:16.000+0000] {processor.py:154} INFO - Started process (PID=14238) to work on /home/airflow/.local/lib/python3.7/site-packages/airflow/example_dags/example_short_circuit_operator.py
[2022-12-03T13:24:16.002+0000] {processor.py:756} INFO - Processing file /home/airflow/.local/lib/python3.7/site-packages/airflow/example_dags/example_short_circuit_operator.py for tasks to queue
[2022-12-03T13:24:16.003+0000] {logging_mixin.py:137} INFO - [2022-12-03T13:24:16.003+0000] {dagbag.py:537} INFO - Filling up the DagBag from /home/airflow/.local/lib/python3.7/site-packages/airflow/example_dags/example_short_circuit_operator.py
[2022-12-03T13:24:16.017+0000] {processor.py:766} INFO - DAG(s) dict_keys(['example_short_circuit_operator']) retrieved from /home/airflow/.local/lib/python3.7/site-packages/airflow/example_dags/example_short_circuit_operator.py
[2022-12-03T13:24:16.051+0000] {logging_mixin.py:137} INFO - [2022-12-03T13:24:16.051+0000] {dag.py:2585} INFO - Sync 1 DAGs
[2022-12-03T13:24:16.070+0000] {logging_mixin.py:137} INFO - [2022-12-03T13:24:16.070+0000] {dag.py:3340} INFO - Setting next_dagrun for example_short_circuit_operator to 2022-12-02T13:24:16.070008+00:00, run_after=2022-12-03T13:24:16.070008+00:00
[2022-12-03T13:24:16.086+0000] {processor.py:176} INFO - Processing /home/airflow/.local/lib/python3.7/site-packages/airflow/example_dags/example_short_circuit_operator.py took 0.089 seconds
[2022-12-03T14:43:46.389+0000] {processor.py:154} INFO - Started process (PID=14293) to work on /home/airflow/.local/lib/python3.7/site-packages/airflow/example_dags/example_short_circuit_operator.py
[2022-12-03T14:43:46.394+0000] {processor.py:756} INFO - Processing file /home/airflow/.local/lib/python3.7/site-packages/airflow/example_dags/example_short_circuit_operator.py for tasks to queue
[2022-12-03T14:43:46.395+0000] {logging_mixin.py:137} INFO - [2022-12-03T14:43:46.395+0000] {dagbag.py:537} INFO - Filling up the DagBag from /home/airflow/.local/lib/python3.7/site-packages/airflow/example_dags/example_short_circuit_operator.py
[2022-12-03T14:43:46.435+0000] {processor.py:766} INFO - DAG(s) dict_keys(['example_short_circuit_operator']) retrieved from /home/airflow/.local/lib/python3.7/site-packages/airflow/example_dags/example_short_circuit_operator.py
[2022-12-03T14:43:46.528+0000] {logging_mixin.py:137} INFO - [2022-12-03T14:43:46.528+0000] {dag.py:2585} INFO - Sync 1 DAGs
[2022-12-03T14:43:46.553+0000] {logging_mixin.py:137} INFO - [2022-12-03T14:43:46.553+0000] {dag.py:3340} INFO - Setting next_dagrun for example_short_circuit_operator to 2022-12-02T14:43:46.553038+00:00, run_after=2022-12-03T14:43:46.553038+00:00
[2022-12-03T14:43:46.576+0000] {processor.py:176} INFO - Processing /home/airflow/.local/lib/python3.7/site-packages/airflow/example_dags/example_short_circuit_operator.py took 0.191 seconds
[2022-12-03T16:02:58.256+0000] {processor.py:154} INFO - Started process (PID=14359) to work on /home/airflow/.local/lib/python3.7/site-packages/airflow/example_dags/example_short_circuit_operator.py
[2022-12-03T16:02:58.258+0000] {processor.py:756} INFO - Processing file /home/airflow/.local/lib/python3.7/site-packages/airflow/example_dags/example_short_circuit_operator.py for tasks to queue
[2022-12-03T16:02:58.260+0000] {logging_mixin.py:137} INFO - [2022-12-03T16:02:58.260+0000] {dagbag.py:537} INFO - Filling up the DagBag from /home/airflow/.local/lib/python3.7/site-packages/airflow/example_dags/example_short_circuit_operator.py
[2022-12-03T16:02:58.323+0000] {processor.py:766} INFO - DAG(s) dict_keys(['example_short_circuit_operator']) retrieved from /home/airflow/.local/lib/python3.7/site-packages/airflow/example_dags/example_short_circuit_operator.py
[2022-12-03T16:02:58.406+0000] {logging_mixin.py:137} INFO - [2022-12-03T16:02:58.405+0000] {dag.py:2585} INFO - Sync 1 DAGs
[2022-12-03T16:02:58.436+0000] {logging_mixin.py:137} INFO - [2022-12-03T16:02:58.436+0000] {dag.py:3340} INFO - Setting next_dagrun for example_short_circuit_operator to 2022-12-02T16:02:58.436038+00:00, run_after=2022-12-03T16:02:58.436038+00:00
[2022-12-03T16:02:58.458+0000] {processor.py:176} INFO - Processing /home/airflow/.local/lib/python3.7/site-packages/airflow/example_dags/example_short_circuit_operator.py took 0.208 seconds
[2022-12-03T17:24:30.941+0000] {processor.py:154} INFO - Started process (PID=14427) to work on /home/airflow/.local/lib/python3.7/site-packages/airflow/example_dags/example_short_circuit_operator.py
[2022-12-03T17:24:30.942+0000] {processor.py:756} INFO - Processing file /home/airflow/.local/lib/python3.7/site-packages/airflow/example_dags/example_short_circuit_operator.py for tasks to queue
[2022-12-03T17:24:30.945+0000] {logging_mixin.py:137} INFO - [2022-12-03T17:24:30.945+0000] {dagbag.py:537} INFO - Filling up the DagBag from /home/airflow/.local/lib/python3.7/site-packages/airflow/example_dags/example_short_circuit_operator.py
[2022-12-03T17:24:30.958+0000] {processor.py:766} INFO - DAG(s) dict_keys(['example_short_circuit_operator']) retrieved from /home/airflow/.local/lib/python3.7/site-packages/airflow/example_dags/example_short_circuit_operator.py
[2022-12-03T17:24:30.987+0000] {logging_mixin.py:137} INFO - [2022-12-03T17:24:30.986+0000] {dag.py:2585} INFO - Sync 1 DAGs
[2022-12-03T17:24:31.002+0000] {logging_mixin.py:137} INFO - [2022-12-03T17:24:31.002+0000] {dag.py:3340} INFO - Setting next_dagrun for example_short_circuit_operator to 2022-12-02T17:24:31.002726+00:00, run_after=2022-12-03T17:24:31.002726+00:00
[2022-12-03T17:24:31.015+0000] {processor.py:176} INFO - Processing /home/airflow/.local/lib/python3.7/site-packages/airflow/example_dags/example_short_circuit_operator.py took 0.076 seconds
[2022-12-03T18:46:57.325+0000] {processor.py:154} INFO - Started process (PID=14494) to work on /home/airflow/.local/lib/python3.7/site-packages/airflow/example_dags/example_short_circuit_operator.py
[2022-12-03T18:46:57.328+0000] {processor.py:756} INFO - Processing file /home/airflow/.local/lib/python3.7/site-packages/airflow/example_dags/example_short_circuit_operator.py for tasks to queue
[2022-12-03T18:46:57.330+0000] {logging_mixin.py:137} INFO - [2022-12-03T18:46:57.330+0000] {dagbag.py:537} INFO - Filling up the DagBag from /home/airflow/.local/lib/python3.7/site-packages/airflow/example_dags/example_short_circuit_operator.py
[2022-12-03T18:46:57.404+0000] {processor.py:766} INFO - DAG(s) dict_keys(['example_short_circuit_operator']) retrieved from /home/airflow/.local/lib/python3.7/site-packages/airflow/example_dags/example_short_circuit_operator.py
[2022-12-03T18:46:57.514+0000] {logging_mixin.py:137} INFO - [2022-12-03T18:46:57.514+0000] {dag.py:2585} INFO - Sync 1 DAGs
[2022-12-03T18:46:57.549+0000] {logging_mixin.py:137} INFO - [2022-12-03T18:46:57.549+0000] {dag.py:3340} INFO - Setting next_dagrun for example_short_circuit_operator to 2022-12-02T18:46:57.549190+00:00, run_after=2022-12-03T18:46:57.549190+00:00
[2022-12-03T18:46:57.585+0000] {processor.py:176} INFO - Processing /home/airflow/.local/lib/python3.7/site-packages/airflow/example_dags/example_short_circuit_operator.py took 0.281 seconds
[2022-12-03T19:40:01.159+0000] {processor.py:154} INFO - Started process (PID=14551) to work on /home/airflow/.local/lib/python3.7/site-packages/airflow/example_dags/example_short_circuit_operator.py
[2022-12-03T19:40:01.160+0000] {processor.py:756} INFO - Processing file /home/airflow/.local/lib/python3.7/site-packages/airflow/example_dags/example_short_circuit_operator.py for tasks to queue
[2022-12-03T19:40:01.162+0000] {logging_mixin.py:137} INFO - [2022-12-03T19:40:01.162+0000] {dagbag.py:537} INFO - Filling up the DagBag from /home/airflow/.local/lib/python3.7/site-packages/airflow/example_dags/example_short_circuit_operator.py
[2022-12-03T19:40:01.172+0000] {processor.py:766} INFO - DAG(s) dict_keys(['example_short_circuit_operator']) retrieved from /home/airflow/.local/lib/python3.7/site-packages/airflow/example_dags/example_short_circuit_operator.py
[2022-12-03T19:40:01.199+0000] {logging_mixin.py:137} INFO - [2022-12-03T19:40:01.199+0000] {dag.py:2585} INFO - Sync 1 DAGs
[2022-12-03T19:40:01.214+0000] {logging_mixin.py:137} INFO - [2022-12-03T19:40:01.214+0000] {dag.py:3340} INFO - Setting next_dagrun for example_short_circuit_operator to 2022-12-02T19:40:01.214104+00:00, run_after=2022-12-03T19:40:01.214104+00:00
[2022-12-03T19:40:01.226+0000] {processor.py:176} INFO - Processing /home/airflow/.local/lib/python3.7/site-packages/airflow/example_dags/example_short_circuit_operator.py took 0.069 seconds
[2022-12-03T20:15:08.877+0000] {processor.py:154} INFO - Started process (PID=14617) to work on /home/airflow/.local/lib/python3.7/site-packages/airflow/example_dags/example_short_circuit_operator.py
[2022-12-03T20:15:08.880+0000] {processor.py:756} INFO - Processing file /home/airflow/.local/lib/python3.7/site-packages/airflow/example_dags/example_short_circuit_operator.py for tasks to queue
[2022-12-03T20:15:08.881+0000] {logging_mixin.py:137} INFO - [2022-12-03T20:15:08.881+0000] {dagbag.py:537} INFO - Filling up the DagBag from /home/airflow/.local/lib/python3.7/site-packages/airflow/example_dags/example_short_circuit_operator.py
[2022-12-03T20:15:08.892+0000] {processor.py:766} INFO - DAG(s) dict_keys(['example_short_circuit_operator']) retrieved from /home/airflow/.local/lib/python3.7/site-packages/airflow/example_dags/example_short_circuit_operator.py
[2022-12-03T20:15:08.921+0000] {logging_mixin.py:137} INFO - [2022-12-03T20:15:08.921+0000] {dag.py:2585} INFO - Sync 1 DAGs
[2022-12-03T20:15:08.936+0000] {logging_mixin.py:137} INFO - [2022-12-03T20:15:08.936+0000] {dag.py:3340} INFO - Setting next_dagrun for example_short_circuit_operator to 2022-12-02T20:15:08.935997+00:00, run_after=2022-12-03T20:15:08.935997+00:00
[2022-12-03T20:15:08.949+0000] {processor.py:176} INFO - Processing /home/airflow/.local/lib/python3.7/site-packages/airflow/example_dags/example_short_circuit_operator.py took 0.073 seconds
[2022-12-03T20:47:35.802+0000] {processor.py:154} INFO - Started process (PID=14682) to work on /home/airflow/.local/lib/python3.7/site-packages/airflow/example_dags/example_short_circuit_operator.py
[2022-12-03T20:47:35.804+0000] {processor.py:756} INFO - Processing file /home/airflow/.local/lib/python3.7/site-packages/airflow/example_dags/example_short_circuit_operator.py for tasks to queue
[2022-12-03T20:47:35.805+0000] {logging_mixin.py:137} INFO - [2022-12-03T20:47:35.805+0000] {dagbag.py:537} INFO - Filling up the DagBag from /home/airflow/.local/lib/python3.7/site-packages/airflow/example_dags/example_short_circuit_operator.py
[2022-12-03T20:47:35.821+0000] {processor.py:766} INFO - DAG(s) dict_keys(['example_short_circuit_operator']) retrieved from /home/airflow/.local/lib/python3.7/site-packages/airflow/example_dags/example_short_circuit_operator.py
[2022-12-03T20:47:35.857+0000] {logging_mixin.py:137} INFO - [2022-12-03T20:47:35.856+0000] {dag.py:2585} INFO - Sync 1 DAGs
[2022-12-03T20:47:35.876+0000] {logging_mixin.py:137} INFO - [2022-12-03T20:47:35.876+0000] {dag.py:3340} INFO - Setting next_dagrun for example_short_circuit_operator to 2022-12-02T20:47:35.876203+00:00, run_after=2022-12-03T20:47:35.876203+00:00
[2022-12-03T20:47:35.892+0000] {processor.py:176} INFO - Processing /home/airflow/.local/lib/python3.7/site-packages/airflow/example_dags/example_short_circuit_operator.py took 0.092 seconds
[2022-12-03T22:10:11.836+0000] {processor.py:154} INFO - Started process (PID=14752) to work on /home/airflow/.local/lib/python3.7/site-packages/airflow/example_dags/example_short_circuit_operator.py
[2022-12-03T22:10:11.840+0000] {processor.py:756} INFO - Processing file /home/airflow/.local/lib/python3.7/site-packages/airflow/example_dags/example_short_circuit_operator.py for tasks to queue
[2022-12-03T22:10:11.841+0000] {logging_mixin.py:137} INFO - [2022-12-03T22:10:11.841+0000] {dagbag.py:537} INFO - Filling up the DagBag from /home/airflow/.local/lib/python3.7/site-packages/airflow/example_dags/example_short_circuit_operator.py
[2022-12-03T22:10:11.853+0000] {processor.py:766} INFO - DAG(s) dict_keys(['example_short_circuit_operator']) retrieved from /home/airflow/.local/lib/python3.7/site-packages/airflow/example_dags/example_short_circuit_operator.py
[2022-12-03T22:10:11.894+0000] {logging_mixin.py:137} INFO - [2022-12-03T22:10:11.894+0000] {dag.py:2585} INFO - Sync 1 DAGs
[2022-12-03T22:10:11.946+0000] {logging_mixin.py:137} INFO - [2022-12-03T22:10:11.946+0000] {dag.py:3340} INFO - Setting next_dagrun for example_short_circuit_operator to 2022-12-02T22:10:11.946338+00:00, run_after=2022-12-03T22:10:11.946338+00:00
[2022-12-03T22:10:11.972+0000] {processor.py:176} INFO - Processing /home/airflow/.local/lib/python3.7/site-packages/airflow/example_dags/example_short_circuit_operator.py took 0.147 seconds
[2022-12-03T23:31:51.829+0000] {processor.py:154} INFO - Started process (PID=14811) to work on /home/airflow/.local/lib/python3.7/site-packages/airflow/example_dags/example_short_circuit_operator.py
[2022-12-03T23:31:51.831+0000] {processor.py:756} INFO - Processing file /home/airflow/.local/lib/python3.7/site-packages/airflow/example_dags/example_short_circuit_operator.py for tasks to queue
[2022-12-03T23:31:51.832+0000] {logging_mixin.py:137} INFO - [2022-12-03T23:31:51.832+0000] {dagbag.py:537} INFO - Filling up the DagBag from /home/airflow/.local/lib/python3.7/site-packages/airflow/example_dags/example_short_circuit_operator.py
[2022-12-03T23:31:51.844+0000] {processor.py:766} INFO - DAG(s) dict_keys(['example_short_circuit_operator']) retrieved from /home/airflow/.local/lib/python3.7/site-packages/airflow/example_dags/example_short_circuit_operator.py
[2022-12-03T23:31:51.872+0000] {logging_mixin.py:137} INFO - [2022-12-03T23:31:51.872+0000] {dag.py:2585} INFO - Sync 1 DAGs
[2022-12-03T23:31:51.888+0000] {logging_mixin.py:137} INFO - [2022-12-03T23:31:51.888+0000] {dag.py:3340} INFO - Setting next_dagrun for example_short_circuit_operator to 2022-12-02T23:31:51.888632+00:00, run_after=2022-12-03T23:31:51.888632+00:00
[2022-12-03T23:31:51.901+0000] {processor.py:176} INFO - Processing /home/airflow/.local/lib/python3.7/site-packages/airflow/example_dags/example_short_circuit_operator.py took 0.075 seconds
