[2022-12-03T00:24:10.488+0000] {processor.py:154} INFO - Started process (PID=13513) to work on /home/airflow/.local/lib/python3.7/site-packages/airflow/example_dags/example_xcomargs.py
[2022-12-03T00:24:10.490+0000] {processor.py:756} INFO - Processing file /home/airflow/.local/lib/python3.7/site-packages/airflow/example_dags/example_xcomargs.py for tasks to queue
[2022-12-03T00:24:10.492+0000] {logging_mixin.py:137} INFO - [2022-12-03T00:24:10.491+0000] {dagbag.py:537} INFO - Filling up the DagBag from /home/airflow/.local/lib/python3.7/site-packages/airflow/example_dags/example_xcomargs.py
[2022-12-03T00:24:10.511+0000] {processor.py:766} INFO - DAG(s) dict_keys(['example_xcom_args_with_operators', 'example_xcom_args']) retrieved from /home/airflow/.local/lib/python3.7/site-packages/airflow/example_dags/example_xcomargs.py
[2022-12-03T00:24:10.541+0000] {logging_mixin.py:137} INFO - [2022-12-03T00:24:10.541+0000] {dag.py:2585} INFO - Sync 2 DAGs
[2022-12-03T00:24:10.559+0000] {logging_mixin.py:137} INFO - [2022-12-03T00:24:10.559+0000] {dag.py:3340} INFO - Setting next_dagrun for example_xcom_args to None, run_after=None
[2022-12-03T00:24:10.562+0000] {logging_mixin.py:137} INFO - [2022-12-03T00:24:10.562+0000] {dag.py:3340} INFO - Setting next_dagrun for example_xcom_args_with_operators to None, run_after=None
[2022-12-03T00:24:10.574+0000] {processor.py:176} INFO - Processing /home/airflow/.local/lib/python3.7/site-packages/airflow/example_dags/example_xcomargs.py took 0.088 seconds
[2022-12-03T01:45:42.553+0000] {processor.py:154} INFO - Started process (PID=13582) to work on /home/airflow/.local/lib/python3.7/site-packages/airflow/example_dags/example_xcomargs.py
[2022-12-03T01:45:42.556+0000] {processor.py:756} INFO - Processing file /home/airflow/.local/lib/python3.7/site-packages/airflow/example_dags/example_xcomargs.py for tasks to queue
[2022-12-03T01:45:42.557+0000] {logging_mixin.py:137} INFO - [2022-12-03T01:45:42.557+0000] {dagbag.py:537} INFO - Filling up the DagBag from /home/airflow/.local/lib/python3.7/site-packages/airflow/example_dags/example_xcomargs.py
[2022-12-03T01:45:42.575+0000] {processor.py:766} INFO - DAG(s) dict_keys(['example_xcom_args_with_operators', 'example_xcom_args']) retrieved from /home/airflow/.local/lib/python3.7/site-packages/airflow/example_dags/example_xcomargs.py
[2022-12-03T01:45:42.611+0000] {logging_mixin.py:137} INFO - [2022-12-03T01:45:42.610+0000] {dag.py:2585} INFO - Sync 2 DAGs
[2022-12-03T01:45:42.633+0000] {logging_mixin.py:137} INFO - [2022-12-03T01:45:42.633+0000] {dag.py:3340} INFO - Setting next_dagrun for example_xcom_args to None, run_after=None
[2022-12-03T01:45:42.638+0000] {logging_mixin.py:137} INFO - [2022-12-03T01:45:42.638+0000] {dag.py:3340} INFO - Setting next_dagrun for example_xcom_args_with_operators to None, run_after=None
[2022-12-03T01:45:42.651+0000] {processor.py:176} INFO - Processing /home/airflow/.local/lib/python3.7/site-packages/airflow/example_dags/example_xcomargs.py took 0.101 seconds
[2022-12-03T03:05:51.424+0000] {processor.py:154} INFO - Started process (PID=13650) to work on /home/airflow/.local/lib/python3.7/site-packages/airflow/example_dags/example_xcomargs.py
[2022-12-03T03:05:51.426+0000] {processor.py:756} INFO - Processing file /home/airflow/.local/lib/python3.7/site-packages/airflow/example_dags/example_xcomargs.py for tasks to queue
[2022-12-03T03:05:51.427+0000] {logging_mixin.py:137} INFO - [2022-12-03T03:05:51.427+0000] {dagbag.py:537} INFO - Filling up the DagBag from /home/airflow/.local/lib/python3.7/site-packages/airflow/example_dags/example_xcomargs.py
[2022-12-03T03:05:51.442+0000] {processor.py:766} INFO - DAG(s) dict_keys(['example_xcom_args_with_operators', 'example_xcom_args']) retrieved from /home/airflow/.local/lib/python3.7/site-packages/airflow/example_dags/example_xcomargs.py
[2022-12-03T03:05:51.470+0000] {logging_mixin.py:137} INFO - [2022-12-03T03:05:51.469+0000] {dag.py:2585} INFO - Sync 2 DAGs
[2022-12-03T03:05:51.485+0000] {logging_mixin.py:137} INFO - [2022-12-03T03:05:51.485+0000] {dag.py:3340} INFO - Setting next_dagrun for example_xcom_args to None, run_after=None
[2022-12-03T03:05:51.489+0000] {logging_mixin.py:137} INFO - [2022-12-03T03:05:51.489+0000] {dag.py:3340} INFO - Setting next_dagrun for example_xcom_args_with_operators to None, run_after=None
[2022-12-03T03:05:51.500+0000] {processor.py:176} INFO - Processing /home/airflow/.local/lib/python3.7/site-packages/airflow/example_dags/example_xcomargs.py took 0.079 seconds
[2022-12-03T04:30:01.559+0000] {processor.py:154} INFO - Started process (PID=13717) to work on /home/airflow/.local/lib/python3.7/site-packages/airflow/example_dags/example_xcomargs.py
[2022-12-03T04:30:01.561+0000] {processor.py:756} INFO - Processing file /home/airflow/.local/lib/python3.7/site-packages/airflow/example_dags/example_xcomargs.py for tasks to queue
[2022-12-03T04:30:01.562+0000] {logging_mixin.py:137} INFO - [2022-12-03T04:30:01.562+0000] {dagbag.py:537} INFO - Filling up the DagBag from /home/airflow/.local/lib/python3.7/site-packages/airflow/example_dags/example_xcomargs.py
[2022-12-03T04:30:01.577+0000] {processor.py:766} INFO - DAG(s) dict_keys(['example_xcom_args', 'example_xcom_args_with_operators']) retrieved from /home/airflow/.local/lib/python3.7/site-packages/airflow/example_dags/example_xcomargs.py
[2022-12-03T04:30:01.605+0000] {logging_mixin.py:137} INFO - [2022-12-03T04:30:01.605+0000] {dag.py:2585} INFO - Sync 2 DAGs
[2022-12-03T04:30:01.621+0000] {logging_mixin.py:137} INFO - [2022-12-03T04:30:01.621+0000] {dag.py:3340} INFO - Setting next_dagrun for example_xcom_args to None, run_after=None
[2022-12-03T04:30:01.623+0000] {logging_mixin.py:137} INFO - [2022-12-03T04:30:01.623+0000] {dag.py:3340} INFO - Setting next_dagrun for example_xcom_args_with_operators to None, run_after=None
[2022-12-03T04:30:01.634+0000] {processor.py:176} INFO - Processing /home/airflow/.local/lib/python3.7/site-packages/airflow/example_dags/example_xcomargs.py took 0.078 seconds
[2022-12-03T05:52:52.369+0000] {processor.py:154} INFO - Started process (PID=13778) to work on /home/airflow/.local/lib/python3.7/site-packages/airflow/example_dags/example_xcomargs.py
[2022-12-03T05:52:52.371+0000] {processor.py:756} INFO - Processing file /home/airflow/.local/lib/python3.7/site-packages/airflow/example_dags/example_xcomargs.py for tasks to queue
[2022-12-03T05:52:52.372+0000] {logging_mixin.py:137} INFO - [2022-12-03T05:52:52.372+0000] {dagbag.py:537} INFO - Filling up the DagBag from /home/airflow/.local/lib/python3.7/site-packages/airflow/example_dags/example_xcomargs.py
[2022-12-03T05:52:52.390+0000] {processor.py:766} INFO - DAG(s) dict_keys(['example_xcom_args', 'example_xcom_args_with_operators']) retrieved from /home/airflow/.local/lib/python3.7/site-packages/airflow/example_dags/example_xcomargs.py
[2022-12-03T05:52:52.422+0000] {logging_mixin.py:137} INFO - [2022-12-03T05:52:52.422+0000] {dag.py:2585} INFO - Sync 2 DAGs
[2022-12-03T05:52:52.439+0000] {logging_mixin.py:137} INFO - [2022-12-03T05:52:52.439+0000] {dag.py:3340} INFO - Setting next_dagrun for example_xcom_args to None, run_after=None
[2022-12-03T05:52:52.443+0000] {logging_mixin.py:137} INFO - [2022-12-03T05:52:52.442+0000] {dag.py:3340} INFO - Setting next_dagrun for example_xcom_args_with_operators to None, run_after=None
[2022-12-03T05:52:52.455+0000] {processor.py:176} INFO - Processing /home/airflow/.local/lib/python3.7/site-packages/airflow/example_dags/example_xcomargs.py took 0.089 seconds
[2022-12-03T07:14:05.470+0000] {processor.py:154} INFO - Started process (PID=13849) to work on /home/airflow/.local/lib/python3.7/site-packages/airflow/example_dags/example_xcomargs.py
[2022-12-03T07:14:05.471+0000] {processor.py:756} INFO - Processing file /home/airflow/.local/lib/python3.7/site-packages/airflow/example_dags/example_xcomargs.py for tasks to queue
[2022-12-03T07:14:05.473+0000] {logging_mixin.py:137} INFO - [2022-12-03T07:14:05.473+0000] {dagbag.py:537} INFO - Filling up the DagBag from /home/airflow/.local/lib/python3.7/site-packages/airflow/example_dags/example_xcomargs.py
[2022-12-03T07:14:05.489+0000] {processor.py:766} INFO - DAG(s) dict_keys(['example_xcom_args_with_operators', 'example_xcom_args']) retrieved from /home/airflow/.local/lib/python3.7/site-packages/airflow/example_dags/example_xcomargs.py
[2022-12-03T07:14:05.522+0000] {logging_mixin.py:137} INFO - [2022-12-03T07:14:05.521+0000] {dag.py:2585} INFO - Sync 2 DAGs
[2022-12-03T07:14:05.541+0000] {logging_mixin.py:137} INFO - [2022-12-03T07:14:05.541+0000] {dag.py:3340} INFO - Setting next_dagrun for example_xcom_args to None, run_after=None
[2022-12-03T07:14:05.545+0000] {logging_mixin.py:137} INFO - [2022-12-03T07:14:05.545+0000] {dag.py:3340} INFO - Setting next_dagrun for example_xcom_args_with_operators to None, run_after=None
[2022-12-03T07:14:05.560+0000] {processor.py:176} INFO - Processing /home/airflow/.local/lib/python3.7/site-packages/airflow/example_dags/example_xcomargs.py took 0.092 seconds
[2022-12-03T08:36:17.462+0000] {processor.py:154} INFO - Started process (PID=13922) to work on /home/airflow/.local/lib/python3.7/site-packages/airflow/example_dags/example_xcomargs.py
[2022-12-03T08:36:17.464+0000] {processor.py:756} INFO - Processing file /home/airflow/.local/lib/python3.7/site-packages/airflow/example_dags/example_xcomargs.py for tasks to queue
[2022-12-03T08:36:17.465+0000] {logging_mixin.py:137} INFO - [2022-12-03T08:36:17.465+0000] {dagbag.py:537} INFO - Filling up the DagBag from /home/airflow/.local/lib/python3.7/site-packages/airflow/example_dags/example_xcomargs.py
[2022-12-03T08:36:17.481+0000] {processor.py:766} INFO - DAG(s) dict_keys(['example_xcom_args', 'example_xcom_args_with_operators']) retrieved from /home/airflow/.local/lib/python3.7/site-packages/airflow/example_dags/example_xcomargs.py
[2022-12-03T08:36:17.514+0000] {logging_mixin.py:137} INFO - [2022-12-03T08:36:17.514+0000] {dag.py:2585} INFO - Sync 2 DAGs
[2022-12-03T08:36:17.529+0000] {logging_mixin.py:137} INFO - [2022-12-03T08:36:17.529+0000] {dag.py:3340} INFO - Setting next_dagrun for example_xcom_args to None, run_after=None
[2022-12-03T08:36:17.532+0000] {logging_mixin.py:137} INFO - [2022-12-03T08:36:17.532+0000] {dag.py:3340} INFO - Setting next_dagrun for example_xcom_args_with_operators to None, run_after=None
[2022-12-03T08:36:17.543+0000] {processor.py:176} INFO - Processing /home/airflow/.local/lib/python3.7/site-packages/airflow/example_dags/example_xcomargs.py took 0.084 seconds
[2022-12-03T09:58:30.924+0000] {processor.py:154} INFO - Started process (PID=13990) to work on /home/airflow/.local/lib/python3.7/site-packages/airflow/example_dags/example_xcomargs.py
[2022-12-03T09:58:30.927+0000] {processor.py:756} INFO - Processing file /home/airflow/.local/lib/python3.7/site-packages/airflow/example_dags/example_xcomargs.py for tasks to queue
[2022-12-03T09:58:30.929+0000] {logging_mixin.py:137} INFO - [2022-12-03T09:58:30.928+0000] {dagbag.py:537} INFO - Filling up the DagBag from /home/airflow/.local/lib/python3.7/site-packages/airflow/example_dags/example_xcomargs.py
[2022-12-03T09:58:30.949+0000] {processor.py:766} INFO - DAG(s) dict_keys(['example_xcom_args_with_operators', 'example_xcom_args']) retrieved from /home/airflow/.local/lib/python3.7/site-packages/airflow/example_dags/example_xcomargs.py
[2022-12-03T09:58:30.982+0000] {logging_mixin.py:137} INFO - [2022-12-03T09:58:30.982+0000] {dag.py:2585} INFO - Sync 2 DAGs
[2022-12-03T09:58:31.003+0000] {logging_mixin.py:137} INFO - [2022-12-03T09:58:31.003+0000] {dag.py:3340} INFO - Setting next_dagrun for example_xcom_args to None, run_after=None
[2022-12-03T09:58:31.007+0000] {logging_mixin.py:137} INFO - [2022-12-03T09:58:31.007+0000] {dag.py:3340} INFO - Setting next_dagrun for example_xcom_args_with_operators to None, run_after=None
[2022-12-03T09:58:31.028+0000] {processor.py:176} INFO - Processing /home/airflow/.local/lib/python3.7/site-packages/airflow/example_dags/example_xcomargs.py took 0.108 seconds
[2022-12-03T11:03:31.659+0000] {processor.py:154} INFO - Started process (PID=14045) to work on /home/airflow/.local/lib/python3.7/site-packages/airflow/example_dags/example_xcomargs.py
[2022-12-03T11:03:31.662+0000] {processor.py:756} INFO - Processing file /home/airflow/.local/lib/python3.7/site-packages/airflow/example_dags/example_xcomargs.py for tasks to queue
[2022-12-03T11:03:31.663+0000] {logging_mixin.py:137} INFO - [2022-12-03T11:03:31.663+0000] {dagbag.py:537} INFO - Filling up the DagBag from /home/airflow/.local/lib/python3.7/site-packages/airflow/example_dags/example_xcomargs.py
[2022-12-03T11:03:31.678+0000] {processor.py:766} INFO - DAG(s) dict_keys(['example_xcom_args', 'example_xcom_args_with_operators']) retrieved from /home/airflow/.local/lib/python3.7/site-packages/airflow/example_dags/example_xcomargs.py
[2022-12-03T11:03:31.711+0000] {logging_mixin.py:137} INFO - [2022-12-03T11:03:31.711+0000] {dag.py:2585} INFO - Sync 2 DAGs
[2022-12-03T11:03:31.726+0000] {logging_mixin.py:137} INFO - [2022-12-03T11:03:31.726+0000] {dag.py:3340} INFO - Setting next_dagrun for example_xcom_args to None, run_after=None
[2022-12-03T11:03:31.730+0000] {logging_mixin.py:137} INFO - [2022-12-03T11:03:31.730+0000] {dag.py:3340} INFO - Setting next_dagrun for example_xcom_args_with_operators to None, run_after=None
[2022-12-03T11:03:31.741+0000] {processor.py:176} INFO - Processing /home/airflow/.local/lib/python3.7/site-packages/airflow/example_dags/example_xcomargs.py took 0.084 seconds
[2022-12-03T11:21:02.290+0000] {processor.py:154} INFO - Started process (PID=14119) to work on /home/airflow/.local/lib/python3.7/site-packages/airflow/example_dags/example_xcomargs.py
[2022-12-03T11:21:02.292+0000] {processor.py:756} INFO - Processing file /home/airflow/.local/lib/python3.7/site-packages/airflow/example_dags/example_xcomargs.py for tasks to queue
[2022-12-03T11:21:02.293+0000] {logging_mixin.py:137} INFO - [2022-12-03T11:21:02.293+0000] {dagbag.py:537} INFO - Filling up the DagBag from /home/airflow/.local/lib/python3.7/site-packages/airflow/example_dags/example_xcomargs.py
[2022-12-03T11:21:02.310+0000] {processor.py:766} INFO - DAG(s) dict_keys(['example_xcom_args_with_operators', 'example_xcom_args']) retrieved from /home/airflow/.local/lib/python3.7/site-packages/airflow/example_dags/example_xcomargs.py
[2022-12-03T11:21:02.346+0000] {logging_mixin.py:137} INFO - [2022-12-03T11:21:02.345+0000] {dag.py:2585} INFO - Sync 2 DAGs
[2022-12-03T11:21:02.363+0000] {logging_mixin.py:137} INFO - [2022-12-03T11:21:02.362+0000] {dag.py:3340} INFO - Setting next_dagrun for example_xcom_args to None, run_after=None
[2022-12-03T11:21:02.366+0000] {logging_mixin.py:137} INFO - [2022-12-03T11:21:02.366+0000] {dag.py:3340} INFO - Setting next_dagrun for example_xcom_args_with_operators to None, run_after=None
[2022-12-03T11:21:02.380+0000] {processor.py:176} INFO - Processing /home/airflow/.local/lib/python3.7/site-packages/airflow/example_dags/example_xcomargs.py took 0.093 seconds
[2022-12-03T12:21:05.570+0000] {processor.py:154} INFO - Started process (PID=14192) to work on /home/airflow/.local/lib/python3.7/site-packages/airflow/example_dags/example_xcomargs.py
[2022-12-03T12:21:05.572+0000] {processor.py:756} INFO - Processing file /home/airflow/.local/lib/python3.7/site-packages/airflow/example_dags/example_xcomargs.py for tasks to queue
[2022-12-03T12:21:05.573+0000] {logging_mixin.py:137} INFO - [2022-12-03T12:21:05.573+0000] {dagbag.py:537} INFO - Filling up the DagBag from /home/airflow/.local/lib/python3.7/site-packages/airflow/example_dags/example_xcomargs.py
[2022-12-03T12:21:05.590+0000] {processor.py:766} INFO - DAG(s) dict_keys(['example_xcom_args', 'example_xcom_args_with_operators']) retrieved from /home/airflow/.local/lib/python3.7/site-packages/airflow/example_dags/example_xcomargs.py
[2022-12-03T12:21:05.620+0000] {logging_mixin.py:137} INFO - [2022-12-03T12:21:05.620+0000] {dag.py:2585} INFO - Sync 2 DAGs
[2022-12-03T12:21:05.638+0000] {logging_mixin.py:137} INFO - [2022-12-03T12:21:05.637+0000] {dag.py:3340} INFO - Setting next_dagrun for example_xcom_args to None, run_after=None
[2022-12-03T12:21:05.641+0000] {logging_mixin.py:137} INFO - [2022-12-03T12:21:05.641+0000] {dag.py:3340} INFO - Setting next_dagrun for example_xcom_args_with_operators to None, run_after=None
[2022-12-03T12:21:05.657+0000] {processor.py:176} INFO - Processing /home/airflow/.local/lib/python3.7/site-packages/airflow/example_dags/example_xcomargs.py took 0.091 seconds
[2022-12-03T13:24:18.612+0000] {processor.py:154} INFO - Started process (PID=14267) to work on /home/airflow/.local/lib/python3.7/site-packages/airflow/example_dags/example_xcomargs.py
[2022-12-03T13:24:18.614+0000] {processor.py:756} INFO - Processing file /home/airflow/.local/lib/python3.7/site-packages/airflow/example_dags/example_xcomargs.py for tasks to queue
[2022-12-03T13:24:18.615+0000] {logging_mixin.py:137} INFO - [2022-12-03T13:24:18.615+0000] {dagbag.py:537} INFO - Filling up the DagBag from /home/airflow/.local/lib/python3.7/site-packages/airflow/example_dags/example_xcomargs.py
[2022-12-03T13:24:18.631+0000] {processor.py:766} INFO - DAG(s) dict_keys(['example_xcom_args_with_operators', 'example_xcom_args']) retrieved from /home/airflow/.local/lib/python3.7/site-packages/airflow/example_dags/example_xcomargs.py
[2022-12-03T13:24:18.664+0000] {logging_mixin.py:137} INFO - [2022-12-03T13:24:18.664+0000] {dag.py:2585} INFO - Sync 2 DAGs
[2022-12-03T13:24:18.683+0000] {logging_mixin.py:137} INFO - [2022-12-03T13:24:18.683+0000] {dag.py:3340} INFO - Setting next_dagrun for example_xcom_args to None, run_after=None
[2022-12-03T13:24:18.686+0000] {logging_mixin.py:137} INFO - [2022-12-03T13:24:18.686+0000] {dag.py:3340} INFO - Setting next_dagrun for example_xcom_args_with_operators to None, run_after=None
[2022-12-03T13:24:18.699+0000] {processor.py:176} INFO - Processing /home/airflow/.local/lib/python3.7/site-packages/airflow/example_dags/example_xcomargs.py took 0.089 seconds
[2022-12-03T14:43:48.718+0000] {processor.py:154} INFO - Started process (PID=14322) to work on /home/airflow/.local/lib/python3.7/site-packages/airflow/example_dags/example_xcomargs.py
[2022-12-03T14:43:48.720+0000] {processor.py:756} INFO - Processing file /home/airflow/.local/lib/python3.7/site-packages/airflow/example_dags/example_xcomargs.py for tasks to queue
[2022-12-03T14:43:48.722+0000] {logging_mixin.py:137} INFO - [2022-12-03T14:43:48.721+0000] {dagbag.py:537} INFO - Filling up the DagBag from /home/airflow/.local/lib/python3.7/site-packages/airflow/example_dags/example_xcomargs.py
[2022-12-03T14:43:48.741+0000] {processor.py:766} INFO - DAG(s) dict_keys(['example_xcom_args_with_operators', 'example_xcom_args']) retrieved from /home/airflow/.local/lib/python3.7/site-packages/airflow/example_dags/example_xcomargs.py
[2022-12-03T14:43:48.785+0000] {logging_mixin.py:137} INFO - [2022-12-03T14:43:48.785+0000] {dag.py:2585} INFO - Sync 2 DAGs
[2022-12-03T14:43:48.801+0000] {logging_mixin.py:137} INFO - [2022-12-03T14:43:48.801+0000] {dag.py:3340} INFO - Setting next_dagrun for example_xcom_args to None, run_after=None
[2022-12-03T14:43:48.806+0000] {logging_mixin.py:137} INFO - [2022-12-03T14:43:48.805+0000] {dag.py:3340} INFO - Setting next_dagrun for example_xcom_args_with_operators to None, run_after=None
[2022-12-03T14:43:48.822+0000] {processor.py:176} INFO - Processing /home/airflow/.local/lib/python3.7/site-packages/airflow/example_dags/example_xcomargs.py took 0.107 seconds
[2022-12-03T16:03:00.969+0000] {processor.py:154} INFO - Started process (PID=14388) to work on /home/airflow/.local/lib/python3.7/site-packages/airflow/example_dags/example_xcomargs.py
[2022-12-03T16:03:00.971+0000] {processor.py:756} INFO - Processing file /home/airflow/.local/lib/python3.7/site-packages/airflow/example_dags/example_xcomargs.py for tasks to queue
[2022-12-03T16:03:00.973+0000] {logging_mixin.py:137} INFO - [2022-12-03T16:03:00.973+0000] {dagbag.py:537} INFO - Filling up the DagBag from /home/airflow/.local/lib/python3.7/site-packages/airflow/example_dags/example_xcomargs.py
[2022-12-03T16:03:00.994+0000] {processor.py:766} INFO - DAG(s) dict_keys(['example_xcom_args_with_operators', 'example_xcom_args']) retrieved from /home/airflow/.local/lib/python3.7/site-packages/airflow/example_dags/example_xcomargs.py
[2022-12-03T16:03:01.026+0000] {logging_mixin.py:137} INFO - [2022-12-03T16:03:01.026+0000] {dag.py:2585} INFO - Sync 2 DAGs
[2022-12-03T16:03:01.043+0000] {logging_mixin.py:137} INFO - [2022-12-03T16:03:01.043+0000] {dag.py:3340} INFO - Setting next_dagrun for example_xcom_args to None, run_after=None
[2022-12-03T16:03:01.046+0000] {logging_mixin.py:137} INFO - [2022-12-03T16:03:01.046+0000] {dag.py:3340} INFO - Setting next_dagrun for example_xcom_args_with_operators to None, run_after=None
[2022-12-03T16:03:01.059+0000] {processor.py:176} INFO - Processing /home/airflow/.local/lib/python3.7/site-packages/airflow/example_dags/example_xcomargs.py took 0.092 seconds
[2022-12-03T17:24:33.621+0000] {processor.py:154} INFO - Started process (PID=14456) to work on /home/airflow/.local/lib/python3.7/site-packages/airflow/example_dags/example_xcomargs.py
[2022-12-03T17:24:33.623+0000] {processor.py:756} INFO - Processing file /home/airflow/.local/lib/python3.7/site-packages/airflow/example_dags/example_xcomargs.py for tasks to queue
[2022-12-03T17:24:33.624+0000] {logging_mixin.py:137} INFO - [2022-12-03T17:24:33.623+0000] {dagbag.py:537} INFO - Filling up the DagBag from /home/airflow/.local/lib/python3.7/site-packages/airflow/example_dags/example_xcomargs.py
[2022-12-03T17:24:33.642+0000] {processor.py:766} INFO - DAG(s) dict_keys(['example_xcom_args_with_operators', 'example_xcom_args']) retrieved from /home/airflow/.local/lib/python3.7/site-packages/airflow/example_dags/example_xcomargs.py
[2022-12-03T17:24:33.680+0000] {logging_mixin.py:137} INFO - [2022-12-03T17:24:33.680+0000] {dag.py:2585} INFO - Sync 2 DAGs
[2022-12-03T17:24:33.694+0000] {logging_mixin.py:137} INFO - [2022-12-03T17:24:33.694+0000] {dag.py:3340} INFO - Setting next_dagrun for example_xcom_args to None, run_after=None
[2022-12-03T17:24:33.698+0000] {logging_mixin.py:137} INFO - [2022-12-03T17:24:33.698+0000] {dag.py:3340} INFO - Setting next_dagrun for example_xcom_args_with_operators to None, run_after=None
[2022-12-03T17:24:33.710+0000] {processor.py:176} INFO - Processing /home/airflow/.local/lib/python3.7/site-packages/airflow/example_dags/example_xcomargs.py took 0.091 seconds
[2022-12-03T18:46:59.938+0000] {processor.py:154} INFO - Started process (PID=14523) to work on /home/airflow/.local/lib/python3.7/site-packages/airflow/example_dags/example_xcomargs.py
[2022-12-03T18:46:59.940+0000] {processor.py:756} INFO - Processing file /home/airflow/.local/lib/python3.7/site-packages/airflow/example_dags/example_xcomargs.py for tasks to queue
[2022-12-03T18:46:59.942+0000] {logging_mixin.py:137} INFO - [2022-12-03T18:46:59.942+0000] {dagbag.py:537} INFO - Filling up the DagBag from /home/airflow/.local/lib/python3.7/site-packages/airflow/example_dags/example_xcomargs.py
[2022-12-03T18:46:59.959+0000] {processor.py:766} INFO - DAG(s) dict_keys(['example_xcom_args', 'example_xcom_args_with_operators']) retrieved from /home/airflow/.local/lib/python3.7/site-packages/airflow/example_dags/example_xcomargs.py
[2022-12-03T18:46:59.992+0000] {logging_mixin.py:137} INFO - [2022-12-03T18:46:59.992+0000] {dag.py:2585} INFO - Sync 2 DAGs
[2022-12-03T18:47:00.013+0000] {logging_mixin.py:137} INFO - [2022-12-03T18:47:00.013+0000] {dag.py:3340} INFO - Setting next_dagrun for example_xcom_args to None, run_after=None
[2022-12-03T18:47:00.019+0000] {logging_mixin.py:137} INFO - [2022-12-03T18:47:00.019+0000] {dag.py:3340} INFO - Setting next_dagrun for example_xcom_args_with_operators to None, run_after=None
[2022-12-03T18:47:00.038+0000] {processor.py:176} INFO - Processing /home/airflow/.local/lib/python3.7/site-packages/airflow/example_dags/example_xcomargs.py took 0.102 seconds
[2022-12-03T19:40:03.341+0000] {processor.py:154} INFO - Started process (PID=14580) to work on /home/airflow/.local/lib/python3.7/site-packages/airflow/example_dags/example_xcomargs.py
[2022-12-03T19:40:03.343+0000] {processor.py:756} INFO - Processing file /home/airflow/.local/lib/python3.7/site-packages/airflow/example_dags/example_xcomargs.py for tasks to queue
[2022-12-03T19:40:03.344+0000] {logging_mixin.py:137} INFO - [2022-12-03T19:40:03.344+0000] {dagbag.py:537} INFO - Filling up the DagBag from /home/airflow/.local/lib/python3.7/site-packages/airflow/example_dags/example_xcomargs.py
[2022-12-03T19:40:03.361+0000] {processor.py:766} INFO - DAG(s) dict_keys(['example_xcom_args_with_operators', 'example_xcom_args']) retrieved from /home/airflow/.local/lib/python3.7/site-packages/airflow/example_dags/example_xcomargs.py
[2022-12-03T19:40:03.393+0000] {logging_mixin.py:137} INFO - [2022-12-03T19:40:03.393+0000] {dag.py:2585} INFO - Sync 2 DAGs
[2022-12-03T19:40:03.415+0000] {logging_mixin.py:137} INFO - [2022-12-03T19:40:03.415+0000] {dag.py:3340} INFO - Setting next_dagrun for example_xcom_args to None, run_after=None
[2022-12-03T19:40:03.418+0000] {logging_mixin.py:137} INFO - [2022-12-03T19:40:03.418+0000] {dag.py:3340} INFO - Setting next_dagrun for example_xcom_args_with_operators to None, run_after=None
[2022-12-03T19:40:03.434+0000] {processor.py:176} INFO - Processing /home/airflow/.local/lib/python3.7/site-packages/airflow/example_dags/example_xcomargs.py took 0.095 seconds
[2022-12-03T20:15:11.150+0000] {processor.py:154} INFO - Started process (PID=14646) to work on /home/airflow/.local/lib/python3.7/site-packages/airflow/example_dags/example_xcomargs.py
[2022-12-03T20:15:11.152+0000] {processor.py:756} INFO - Processing file /home/airflow/.local/lib/python3.7/site-packages/airflow/example_dags/example_xcomargs.py for tasks to queue
[2022-12-03T20:15:11.153+0000] {logging_mixin.py:137} INFO - [2022-12-03T20:15:11.153+0000] {dagbag.py:537} INFO - Filling up the DagBag from /home/airflow/.local/lib/python3.7/site-packages/airflow/example_dags/example_xcomargs.py
[2022-12-03T20:15:11.170+0000] {processor.py:766} INFO - DAG(s) dict_keys(['example_xcom_args', 'example_xcom_args_with_operators']) retrieved from /home/airflow/.local/lib/python3.7/site-packages/airflow/example_dags/example_xcomargs.py
[2022-12-03T20:15:11.198+0000] {logging_mixin.py:137} INFO - [2022-12-03T20:15:11.197+0000] {dag.py:2585} INFO - Sync 2 DAGs
[2022-12-03T20:15:11.214+0000] {logging_mixin.py:137} INFO - [2022-12-03T20:15:11.214+0000] {dag.py:3340} INFO - Setting next_dagrun for example_xcom_args to None, run_after=None
[2022-12-03T20:15:11.218+0000] {logging_mixin.py:137} INFO - [2022-12-03T20:15:11.218+0000] {dag.py:3340} INFO - Setting next_dagrun for example_xcom_args_with_operators to None, run_after=None
[2022-12-03T20:15:11.230+0000] {processor.py:176} INFO - Processing /home/airflow/.local/lib/python3.7/site-packages/airflow/example_dags/example_xcomargs.py took 0.082 seconds
[2022-12-03T20:47:38.158+0000] {processor.py:154} INFO - Started process (PID=14711) to work on /home/airflow/.local/lib/python3.7/site-packages/airflow/example_dags/example_xcomargs.py
[2022-12-03T20:47:38.159+0000] {processor.py:756} INFO - Processing file /home/airflow/.local/lib/python3.7/site-packages/airflow/example_dags/example_xcomargs.py for tasks to queue
[2022-12-03T20:47:38.161+0000] {logging_mixin.py:137} INFO - [2022-12-03T20:47:38.161+0000] {dagbag.py:537} INFO - Filling up the DagBag from /home/airflow/.local/lib/python3.7/site-packages/airflow/example_dags/example_xcomargs.py
[2022-12-03T20:47:38.178+0000] {processor.py:766} INFO - DAG(s) dict_keys(['example_xcom_args', 'example_xcom_args_with_operators']) retrieved from /home/airflow/.local/lib/python3.7/site-packages/airflow/example_dags/example_xcomargs.py
[2022-12-03T20:47:38.208+0000] {logging_mixin.py:137} INFO - [2022-12-03T20:47:38.208+0000] {dag.py:2585} INFO - Sync 2 DAGs
[2022-12-03T20:47:38.221+0000] {logging_mixin.py:137} INFO - [2022-12-03T20:47:38.221+0000] {dag.py:3340} INFO - Setting next_dagrun for example_xcom_args to None, run_after=None
[2022-12-03T20:47:38.224+0000] {logging_mixin.py:137} INFO - [2022-12-03T20:47:38.224+0000] {dag.py:3340} INFO - Setting next_dagrun for example_xcom_args_with_operators to None, run_after=None
[2022-12-03T20:47:38.238+0000] {processor.py:176} INFO - Processing /home/airflow/.local/lib/python3.7/site-packages/airflow/example_dags/example_xcomargs.py took 0.082 seconds
[2022-12-03T22:10:14.211+0000] {processor.py:154} INFO - Started process (PID=14781) to work on /home/airflow/.local/lib/python3.7/site-packages/airflow/example_dags/example_xcomargs.py
[2022-12-03T22:10:14.213+0000] {processor.py:756} INFO - Processing file /home/airflow/.local/lib/python3.7/site-packages/airflow/example_dags/example_xcomargs.py for tasks to queue
[2022-12-03T22:10:14.215+0000] {logging_mixin.py:137} INFO - [2022-12-03T22:10:14.215+0000] {dagbag.py:537} INFO - Filling up the DagBag from /home/airflow/.local/lib/python3.7/site-packages/airflow/example_dags/example_xcomargs.py
[2022-12-03T22:10:14.232+0000] {processor.py:766} INFO - DAG(s) dict_keys(['example_xcom_args_with_operators', 'example_xcom_args']) retrieved from /home/airflow/.local/lib/python3.7/site-packages/airflow/example_dags/example_xcomargs.py
[2022-12-03T22:10:14.263+0000] {logging_mixin.py:137} INFO - [2022-12-03T22:10:14.263+0000] {dag.py:2585} INFO - Sync 2 DAGs
[2022-12-03T22:10:14.278+0000] {logging_mixin.py:137} INFO - [2022-12-03T22:10:14.278+0000] {dag.py:3340} INFO - Setting next_dagrun for example_xcom_args to None, run_after=None
[2022-12-03T22:10:14.280+0000] {logging_mixin.py:137} INFO - [2022-12-03T22:10:14.280+0000] {dag.py:3340} INFO - Setting next_dagrun for example_xcom_args_with_operators to None, run_after=None
[2022-12-03T22:10:14.290+0000] {processor.py:176} INFO - Processing /home/airflow/.local/lib/python3.7/site-packages/airflow/example_dags/example_xcomargs.py took 0.081 seconds
[2022-12-03T23:31:53.950+0000] {processor.py:154} INFO - Started process (PID=14840) to work on /home/airflow/.local/lib/python3.7/site-packages/airflow/example_dags/example_xcomargs.py
[2022-12-03T23:31:53.952+0000] {processor.py:756} INFO - Processing file /home/airflow/.local/lib/python3.7/site-packages/airflow/example_dags/example_xcomargs.py for tasks to queue
[2022-12-03T23:31:53.953+0000] {logging_mixin.py:137} INFO - [2022-12-03T23:31:53.953+0000] {dagbag.py:537} INFO - Filling up the DagBag from /home/airflow/.local/lib/python3.7/site-packages/airflow/example_dags/example_xcomargs.py
[2022-12-03T23:31:53.969+0000] {processor.py:766} INFO - DAG(s) dict_keys(['example_xcom_args', 'example_xcom_args_with_operators']) retrieved from /home/airflow/.local/lib/python3.7/site-packages/airflow/example_dags/example_xcomargs.py
[2022-12-03T23:31:53.999+0000] {logging_mixin.py:137} INFO - [2022-12-03T23:31:53.999+0000] {dag.py:2585} INFO - Sync 2 DAGs
[2022-12-03T23:31:54.017+0000] {logging_mixin.py:137} INFO - [2022-12-03T23:31:54.016+0000] {dag.py:3340} INFO - Setting next_dagrun for example_xcom_args to None, run_after=None
[2022-12-03T23:31:54.021+0000] {logging_mixin.py:137} INFO - [2022-12-03T23:31:54.020+0000] {dag.py:3340} INFO - Setting next_dagrun for example_xcom_args_with_operators to None, run_after=None
[2022-12-03T23:31:54.034+0000] {processor.py:176} INFO - Processing /home/airflow/.local/lib/python3.7/site-packages/airflow/example_dags/example_xcomargs.py took 0.087 seconds
