[2022-12-03T00:24:10.510+0000] {processor.py:154} INFO - Started process (PID=13514) to work on /home/airflow/.local/lib/python3.7/site-packages/airflow/example_dags/example_branch_day_of_week_operator.py
[2022-12-03T00:24:10.512+0000] {processor.py:756} INFO - Processing file /home/airflow/.local/lib/python3.7/site-packages/airflow/example_dags/example_branch_day_of_week_operator.py for tasks to queue
[2022-12-03T00:24:10.513+0000] {logging_mixin.py:137} INFO - [2022-12-03T00:24:10.513+0000] {dagbag.py:537} INFO - Filling up the DagBag from /home/airflow/.local/lib/python3.7/site-packages/airflow/example_dags/example_branch_day_of_week_operator.py
[2022-12-03T00:24:10.525+0000] {processor.py:766} INFO - DAG(s) dict_keys(['example_weekday_branch_operator']) retrieved from /home/airflow/.local/lib/python3.7/site-packages/airflow/example_dags/example_branch_day_of_week_operator.py
[2022-12-03T00:24:10.554+0000] {logging_mixin.py:137} INFO - [2022-12-03T00:24:10.554+0000] {dag.py:2585} INFO - Sync 1 DAGs
[2022-12-03T00:24:10.571+0000] {logging_mixin.py:137} INFO - [2022-12-03T00:24:10.571+0000] {dag.py:3340} INFO - Setting next_dagrun for example_weekday_branch_operator to 2022-12-02T00:00:00+00:00, run_after=2022-12-03T00:00:00+00:00
[2022-12-03T00:24:10.585+0000] {processor.py:176} INFO - Processing /home/airflow/.local/lib/python3.7/site-packages/airflow/example_dags/example_branch_day_of_week_operator.py took 0.077 seconds
[2022-12-03T01:45:42.636+0000] {processor.py:154} INFO - Started process (PID=13583) to work on /home/airflow/.local/lib/python3.7/site-packages/airflow/example_dags/example_branch_day_of_week_operator.py
[2022-12-03T01:45:42.639+0000] {processor.py:756} INFO - Processing file /home/airflow/.local/lib/python3.7/site-packages/airflow/example_dags/example_branch_day_of_week_operator.py for tasks to queue
[2022-12-03T01:45:42.640+0000] {logging_mixin.py:137} INFO - [2022-12-03T01:45:42.640+0000] {dagbag.py:537} INFO - Filling up the DagBag from /home/airflow/.local/lib/python3.7/site-packages/airflow/example_dags/example_branch_day_of_week_operator.py
[2022-12-03T01:45:42.654+0000] {processor.py:766} INFO - DAG(s) dict_keys(['example_weekday_branch_operator']) retrieved from /home/airflow/.local/lib/python3.7/site-packages/airflow/example_dags/example_branch_day_of_week_operator.py
[2022-12-03T01:45:42.690+0000] {logging_mixin.py:137} INFO - [2022-12-03T01:45:42.690+0000] {dag.py:2585} INFO - Sync 1 DAGs
[2022-12-03T01:45:42.708+0000] {logging_mixin.py:137} INFO - [2022-12-03T01:45:42.708+0000] {dag.py:3340} INFO - Setting next_dagrun for example_weekday_branch_operator to 2022-12-02T00:00:00+00:00, run_after=2022-12-03T00:00:00+00:00
[2022-12-03T01:45:42.724+0000] {processor.py:176} INFO - Processing /home/airflow/.local/lib/python3.7/site-packages/airflow/example_dags/example_branch_day_of_week_operator.py took 0.093 seconds
[2022-12-03T03:05:51.492+0000] {processor.py:154} INFO - Started process (PID=13651) to work on /home/airflow/.local/lib/python3.7/site-packages/airflow/example_dags/example_branch_day_of_week_operator.py
[2022-12-03T03:05:51.493+0000] {processor.py:756} INFO - Processing file /home/airflow/.local/lib/python3.7/site-packages/airflow/example_dags/example_branch_day_of_week_operator.py for tasks to queue
[2022-12-03T03:05:51.494+0000] {logging_mixin.py:137} INFO - [2022-12-03T03:05:51.494+0000] {dagbag.py:537} INFO - Filling up the DagBag from /home/airflow/.local/lib/python3.7/site-packages/airflow/example_dags/example_branch_day_of_week_operator.py
[2022-12-03T03:05:51.505+0000] {processor.py:766} INFO - DAG(s) dict_keys(['example_weekday_branch_operator']) retrieved from /home/airflow/.local/lib/python3.7/site-packages/airflow/example_dags/example_branch_day_of_week_operator.py
[2022-12-03T03:05:51.535+0000] {logging_mixin.py:137} INFO - [2022-12-03T03:05:51.535+0000] {dag.py:2585} INFO - Sync 1 DAGs
[2022-12-03T03:05:51.551+0000] {logging_mixin.py:137} INFO - [2022-12-03T03:05:51.551+0000] {dag.py:3340} INFO - Setting next_dagrun for example_weekday_branch_operator to 2022-12-02T00:00:00+00:00, run_after=2022-12-03T00:00:00+00:00
[2022-12-03T03:05:51.565+0000] {processor.py:176} INFO - Processing /home/airflow/.local/lib/python3.7/site-packages/airflow/example_dags/example_branch_day_of_week_operator.py took 0.076 seconds
[2022-12-03T04:30:01.562+0000] {processor.py:154} INFO - Started process (PID=13718) to work on /home/airflow/.local/lib/python3.7/site-packages/airflow/example_dags/example_branch_day_of_week_operator.py
[2022-12-03T04:30:01.564+0000] {processor.py:756} INFO - Processing file /home/airflow/.local/lib/python3.7/site-packages/airflow/example_dags/example_branch_day_of_week_operator.py for tasks to queue
[2022-12-03T04:30:01.565+0000] {logging_mixin.py:137} INFO - [2022-12-03T04:30:01.565+0000] {dagbag.py:537} INFO - Filling up the DagBag from /home/airflow/.local/lib/python3.7/site-packages/airflow/example_dags/example_branch_day_of_week_operator.py
[2022-12-03T04:30:01.575+0000] {processor.py:766} INFO - DAG(s) dict_keys(['example_weekday_branch_operator']) retrieved from /home/airflow/.local/lib/python3.7/site-packages/airflow/example_dags/example_branch_day_of_week_operator.py
[2022-12-03T04:30:01.603+0000] {logging_mixin.py:137} INFO - [2022-12-03T04:30:01.603+0000] {dag.py:2585} INFO - Sync 1 DAGs
[2022-12-03T04:30:01.619+0000] {logging_mixin.py:137} INFO - [2022-12-03T04:30:01.619+0000] {dag.py:3340} INFO - Setting next_dagrun for example_weekday_branch_operator to 2022-12-02T00:00:00+00:00, run_after=2022-12-03T00:00:00+00:00
[2022-12-03T04:30:01.633+0000] {processor.py:176} INFO - Processing /home/airflow/.local/lib/python3.7/site-packages/airflow/example_dags/example_branch_day_of_week_operator.py took 0.073 seconds
[2022-12-03T05:52:52.390+0000] {processor.py:154} INFO - Started process (PID=13779) to work on /home/airflow/.local/lib/python3.7/site-packages/airflow/example_dags/example_branch_day_of_week_operator.py
[2022-12-03T05:52:52.392+0000] {processor.py:756} INFO - Processing file /home/airflow/.local/lib/python3.7/site-packages/airflow/example_dags/example_branch_day_of_week_operator.py for tasks to queue
[2022-12-03T05:52:52.393+0000] {logging_mixin.py:137} INFO - [2022-12-03T05:52:52.393+0000] {dagbag.py:537} INFO - Filling up the DagBag from /home/airflow/.local/lib/python3.7/site-packages/airflow/example_dags/example_branch_day_of_week_operator.py
[2022-12-03T05:52:52.405+0000] {processor.py:766} INFO - DAG(s) dict_keys(['example_weekday_branch_operator']) retrieved from /home/airflow/.local/lib/python3.7/site-packages/airflow/example_dags/example_branch_day_of_week_operator.py
[2022-12-03T05:52:52.435+0000] {logging_mixin.py:137} INFO - [2022-12-03T05:52:52.435+0000] {dag.py:2585} INFO - Sync 1 DAGs
[2022-12-03T05:52:52.453+0000] {logging_mixin.py:137} INFO - [2022-12-03T05:52:52.453+0000] {dag.py:3340} INFO - Setting next_dagrun for example_weekday_branch_operator to 2022-12-02T00:00:00+00:00, run_after=2022-12-03T00:00:00+00:00
[2022-12-03T05:52:52.468+0000] {processor.py:176} INFO - Processing /home/airflow/.local/lib/python3.7/site-packages/airflow/example_dags/example_branch_day_of_week_operator.py took 0.080 seconds
[2022-12-03T07:14:05.552+0000] {processor.py:154} INFO - Started process (PID=13850) to work on /home/airflow/.local/lib/python3.7/site-packages/airflow/example_dags/example_branch_day_of_week_operator.py
[2022-12-03T07:14:05.554+0000] {processor.py:756} INFO - Processing file /home/airflow/.local/lib/python3.7/site-packages/airflow/example_dags/example_branch_day_of_week_operator.py for tasks to queue
[2022-12-03T07:14:05.555+0000] {logging_mixin.py:137} INFO - [2022-12-03T07:14:05.555+0000] {dagbag.py:537} INFO - Filling up the DagBag from /home/airflow/.local/lib/python3.7/site-packages/airflow/example_dags/example_branch_day_of_week_operator.py
[2022-12-03T07:14:05.569+0000] {processor.py:766} INFO - DAG(s) dict_keys(['example_weekday_branch_operator']) retrieved from /home/airflow/.local/lib/python3.7/site-packages/airflow/example_dags/example_branch_day_of_week_operator.py
[2022-12-03T07:14:05.605+0000] {logging_mixin.py:137} INFO - [2022-12-03T07:14:05.605+0000] {dag.py:2585} INFO - Sync 1 DAGs
[2022-12-03T07:14:05.627+0000] {logging_mixin.py:137} INFO - [2022-12-03T07:14:05.627+0000] {dag.py:3340} INFO - Setting next_dagrun for example_weekday_branch_operator to 2022-12-02T00:00:00+00:00, run_after=2022-12-03T00:00:00+00:00
[2022-12-03T07:14:05.645+0000] {processor.py:176} INFO - Processing /home/airflow/.local/lib/python3.7/site-packages/airflow/example_dags/example_branch_day_of_week_operator.py took 0.095 seconds
[2022-12-03T08:36:17.506+0000] {processor.py:154} INFO - Started process (PID=13923) to work on /home/airflow/.local/lib/python3.7/site-packages/airflow/example_dags/example_branch_day_of_week_operator.py
[2022-12-03T08:36:17.508+0000] {processor.py:756} INFO - Processing file /home/airflow/.local/lib/python3.7/site-packages/airflow/example_dags/example_branch_day_of_week_operator.py for tasks to queue
[2022-12-03T08:36:17.509+0000] {logging_mixin.py:137} INFO - [2022-12-03T08:36:17.509+0000] {dagbag.py:537} INFO - Filling up the DagBag from /home/airflow/.local/lib/python3.7/site-packages/airflow/example_dags/example_branch_day_of_week_operator.py
[2022-12-03T08:36:17.519+0000] {processor.py:766} INFO - DAG(s) dict_keys(['example_weekday_branch_operator']) retrieved from /home/airflow/.local/lib/python3.7/site-packages/airflow/example_dags/example_branch_day_of_week_operator.py
[2022-12-03T08:36:17.548+0000] {logging_mixin.py:137} INFO - [2022-12-03T08:36:17.548+0000] {dag.py:2585} INFO - Sync 1 DAGs
[2022-12-03T08:36:17.565+0000] {logging_mixin.py:137} INFO - [2022-12-03T08:36:17.564+0000] {dag.py:3340} INFO - Setting next_dagrun for example_weekday_branch_operator to 2022-12-02T00:00:00+00:00, run_after=2022-12-03T00:00:00+00:00
[2022-12-03T08:36:17.581+0000] {processor.py:176} INFO - Processing /home/airflow/.local/lib/python3.7/site-packages/airflow/example_dags/example_branch_day_of_week_operator.py took 0.076 seconds
[2022-12-03T09:58:31.015+0000] {processor.py:154} INFO - Started process (PID=13991) to work on /home/airflow/.local/lib/python3.7/site-packages/airflow/example_dags/example_branch_day_of_week_operator.py
[2022-12-03T09:58:31.018+0000] {processor.py:756} INFO - Processing file /home/airflow/.local/lib/python3.7/site-packages/airflow/example_dags/example_branch_day_of_week_operator.py for tasks to queue
[2022-12-03T09:58:31.019+0000] {logging_mixin.py:137} INFO - [2022-12-03T09:58:31.019+0000] {dagbag.py:537} INFO - Filling up the DagBag from /home/airflow/.local/lib/python3.7/site-packages/airflow/example_dags/example_branch_day_of_week_operator.py
[2022-12-03T09:58:31.035+0000] {processor.py:766} INFO - DAG(s) dict_keys(['example_weekday_branch_operator']) retrieved from /home/airflow/.local/lib/python3.7/site-packages/airflow/example_dags/example_branch_day_of_week_operator.py
[2022-12-03T09:58:31.070+0000] {logging_mixin.py:137} INFO - [2022-12-03T09:58:31.070+0000] {dag.py:2585} INFO - Sync 1 DAGs
[2022-12-03T09:58:31.089+0000] {logging_mixin.py:137} INFO - [2022-12-03T09:58:31.089+0000] {dag.py:3340} INFO - Setting next_dagrun for example_weekday_branch_operator to 2022-12-02T00:00:00+00:00, run_after=2022-12-03T00:00:00+00:00
[2022-12-03T09:58:31.103+0000] {processor.py:176} INFO - Processing /home/airflow/.local/lib/python3.7/site-packages/airflow/example_dags/example_branch_day_of_week_operator.py took 0.091 seconds
[2022-12-03T11:03:31.692+0000] {processor.py:154} INFO - Started process (PID=14046) to work on /home/airflow/.local/lib/python3.7/site-packages/airflow/example_dags/example_branch_day_of_week_operator.py
[2022-12-03T11:03:31.694+0000] {processor.py:756} INFO - Processing file /home/airflow/.local/lib/python3.7/site-packages/airflow/example_dags/example_branch_day_of_week_operator.py for tasks to queue
[2022-12-03T11:03:31.696+0000] {logging_mixin.py:137} INFO - [2022-12-03T11:03:31.696+0000] {dagbag.py:537} INFO - Filling up the DagBag from /home/airflow/.local/lib/python3.7/site-packages/airflow/example_dags/example_branch_day_of_week_operator.py
[2022-12-03T11:03:31.706+0000] {processor.py:766} INFO - DAG(s) dict_keys(['example_weekday_branch_operator']) retrieved from /home/airflow/.local/lib/python3.7/site-packages/airflow/example_dags/example_branch_day_of_week_operator.py
[2022-12-03T11:03:31.732+0000] {logging_mixin.py:137} INFO - [2022-12-03T11:03:31.732+0000] {dag.py:2585} INFO - Sync 1 DAGs
[2022-12-03T11:03:31.747+0000] {logging_mixin.py:137} INFO - [2022-12-03T11:03:31.747+0000] {dag.py:3340} INFO - Setting next_dagrun for example_weekday_branch_operator to 2022-12-02T00:00:00+00:00, run_after=2022-12-03T00:00:00+00:00
[2022-12-03T11:03:31.763+0000] {processor.py:176} INFO - Processing /home/airflow/.local/lib/python3.7/site-packages/airflow/example_dags/example_branch_day_of_week_operator.py took 0.075 seconds
[2022-12-03T11:21:02.346+0000] {processor.py:154} INFO - Started process (PID=14120) to work on /home/airflow/.local/lib/python3.7/site-packages/airflow/example_dags/example_branch_day_of_week_operator.py
[2022-12-03T11:21:02.348+0000] {processor.py:756} INFO - Processing file /home/airflow/.local/lib/python3.7/site-packages/airflow/example_dags/example_branch_day_of_week_operator.py for tasks to queue
[2022-12-03T11:21:02.349+0000] {logging_mixin.py:137} INFO - [2022-12-03T11:21:02.349+0000] {dagbag.py:537} INFO - Filling up the DagBag from /home/airflow/.local/lib/python3.7/site-packages/airflow/example_dags/example_branch_day_of_week_operator.py
[2022-12-03T11:21:02.362+0000] {processor.py:766} INFO - DAG(s) dict_keys(['example_weekday_branch_operator']) retrieved from /home/airflow/.local/lib/python3.7/site-packages/airflow/example_dags/example_branch_day_of_week_operator.py
[2022-12-03T11:21:02.394+0000] {logging_mixin.py:137} INFO - [2022-12-03T11:21:02.394+0000] {dag.py:2585} INFO - Sync 1 DAGs
[2022-12-03T11:21:02.414+0000] {logging_mixin.py:137} INFO - [2022-12-03T11:21:02.414+0000] {dag.py:3340} INFO - Setting next_dagrun for example_weekday_branch_operator to 2022-12-02T00:00:00+00:00, run_after=2022-12-03T00:00:00+00:00
[2022-12-03T11:21:02.430+0000] {processor.py:176} INFO - Processing /home/airflow/.local/lib/python3.7/site-packages/airflow/example_dags/example_branch_day_of_week_operator.py took 0.086 seconds
[2022-12-03T12:21:05.657+0000] {processor.py:154} INFO - Started process (PID=14193) to work on /home/airflow/.local/lib/python3.7/site-packages/airflow/example_dags/example_branch_day_of_week_operator.py
[2022-12-03T12:21:05.661+0000] {processor.py:756} INFO - Processing file /home/airflow/.local/lib/python3.7/site-packages/airflow/example_dags/example_branch_day_of_week_operator.py for tasks to queue
[2022-12-03T12:21:05.663+0000] {logging_mixin.py:137} INFO - [2022-12-03T12:21:05.663+0000] {dagbag.py:537} INFO - Filling up the DagBag from /home/airflow/.local/lib/python3.7/site-packages/airflow/example_dags/example_branch_day_of_week_operator.py
[2022-12-03T12:21:05.677+0000] {processor.py:766} INFO - DAG(s) dict_keys(['example_weekday_branch_operator']) retrieved from /home/airflow/.local/lib/python3.7/site-packages/airflow/example_dags/example_branch_day_of_week_operator.py
[2022-12-03T12:21:05.705+0000] {logging_mixin.py:137} INFO - [2022-12-03T12:21:05.705+0000] {dag.py:2585} INFO - Sync 1 DAGs
[2022-12-03T12:21:05.722+0000] {logging_mixin.py:137} INFO - [2022-12-03T12:21:05.722+0000] {dag.py:3340} INFO - Setting next_dagrun for example_weekday_branch_operator to 2022-12-02T00:00:00+00:00, run_after=2022-12-03T00:00:00+00:00
[2022-12-03T12:21:05.737+0000] {processor.py:176} INFO - Processing /home/airflow/.local/lib/python3.7/site-packages/airflow/example_dags/example_branch_day_of_week_operator.py took 0.082 seconds
[2022-12-03T13:24:18.695+0000] {processor.py:154} INFO - Started process (PID=14268) to work on /home/airflow/.local/lib/python3.7/site-packages/airflow/example_dags/example_branch_day_of_week_operator.py
[2022-12-03T13:24:18.697+0000] {processor.py:756} INFO - Processing file /home/airflow/.local/lib/python3.7/site-packages/airflow/example_dags/example_branch_day_of_week_operator.py for tasks to queue
[2022-12-03T13:24:18.699+0000] {logging_mixin.py:137} INFO - [2022-12-03T13:24:18.699+0000] {dagbag.py:537} INFO - Filling up the DagBag from /home/airflow/.local/lib/python3.7/site-packages/airflow/example_dags/example_branch_day_of_week_operator.py
[2022-12-03T13:24:18.712+0000] {processor.py:766} INFO - DAG(s) dict_keys(['example_weekday_branch_operator']) retrieved from /home/airflow/.local/lib/python3.7/site-packages/airflow/example_dags/example_branch_day_of_week_operator.py
[2022-12-03T13:24:18.742+0000] {logging_mixin.py:137} INFO - [2022-12-03T13:24:18.742+0000] {dag.py:2585} INFO - Sync 1 DAGs
[2022-12-03T13:24:18.763+0000] {logging_mixin.py:137} INFO - [2022-12-03T13:24:18.763+0000] {dag.py:3340} INFO - Setting next_dagrun for example_weekday_branch_operator to 2022-12-02T00:00:00+00:00, run_after=2022-12-03T00:00:00+00:00
[2022-12-03T13:24:18.778+0000] {processor.py:176} INFO - Processing /home/airflow/.local/lib/python3.7/site-packages/airflow/example_dags/example_branch_day_of_week_operator.py took 0.084 seconds
[2022-12-03T14:43:48.781+0000] {processor.py:154} INFO - Started process (PID=14329) to work on /home/airflow/.local/lib/python3.7/site-packages/airflow/example_dags/example_branch_day_of_week_operator.py
[2022-12-03T14:43:48.783+0000] {processor.py:756} INFO - Processing file /home/airflow/.local/lib/python3.7/site-packages/airflow/example_dags/example_branch_day_of_week_operator.py for tasks to queue
[2022-12-03T14:43:48.784+0000] {logging_mixin.py:137} INFO - [2022-12-03T14:43:48.784+0000] {dagbag.py:537} INFO - Filling up the DagBag from /home/airflow/.local/lib/python3.7/site-packages/airflow/example_dags/example_branch_day_of_week_operator.py
[2022-12-03T14:43:48.803+0000] {processor.py:766} INFO - DAG(s) dict_keys(['example_weekday_branch_operator']) retrieved from /home/airflow/.local/lib/python3.7/site-packages/airflow/example_dags/example_branch_day_of_week_operator.py
[2022-12-03T14:43:48.841+0000] {logging_mixin.py:137} INFO - [2022-12-03T14:43:48.841+0000] {dag.py:2585} INFO - Sync 1 DAGs
[2022-12-03T14:43:48.863+0000] {logging_mixin.py:137} INFO - [2022-12-03T14:43:48.863+0000] {dag.py:3340} INFO - Setting next_dagrun for example_weekday_branch_operator to 2022-12-02T00:00:00+00:00, run_after=2022-12-03T00:00:00+00:00
[2022-12-03T14:43:48.879+0000] {processor.py:176} INFO - Processing /home/airflow/.local/lib/python3.7/site-packages/airflow/example_dags/example_branch_day_of_week_operator.py took 0.101 seconds
[2022-12-03T16:03:01.068+0000] {processor.py:154} INFO - Started process (PID=14389) to work on /home/airflow/.local/lib/python3.7/site-packages/airflow/example_dags/example_branch_day_of_week_operator.py
[2022-12-03T16:03:01.070+0000] {processor.py:756} INFO - Processing file /home/airflow/.local/lib/python3.7/site-packages/airflow/example_dags/example_branch_day_of_week_operator.py for tasks to queue
[2022-12-03T16:03:01.071+0000] {logging_mixin.py:137} INFO - [2022-12-03T16:03:01.071+0000] {dagbag.py:537} INFO - Filling up the DagBag from /home/airflow/.local/lib/python3.7/site-packages/airflow/example_dags/example_branch_day_of_week_operator.py
[2022-12-03T16:03:01.086+0000] {processor.py:766} INFO - DAG(s) dict_keys(['example_weekday_branch_operator']) retrieved from /home/airflow/.local/lib/python3.7/site-packages/airflow/example_dags/example_branch_day_of_week_operator.py
[2022-12-03T16:03:01.114+0000] {logging_mixin.py:137} INFO - [2022-12-03T16:03:01.114+0000] {dag.py:2585} INFO - Sync 1 DAGs
[2022-12-03T16:03:01.132+0000] {logging_mixin.py:137} INFO - [2022-12-03T16:03:01.132+0000] {dag.py:3340} INFO - Setting next_dagrun for example_weekday_branch_operator to 2022-12-02T00:00:00+00:00, run_after=2022-12-03T00:00:00+00:00
[2022-12-03T16:03:01.149+0000] {processor.py:176} INFO - Processing /home/airflow/.local/lib/python3.7/site-packages/airflow/example_dags/example_branch_day_of_week_operator.py took 0.083 seconds
[2022-12-03T17:24:33.676+0000] {processor.py:154} INFO - Started process (PID=14457) to work on /home/airflow/.local/lib/python3.7/site-packages/airflow/example_dags/example_branch_day_of_week_operator.py
[2022-12-03T17:24:33.678+0000] {processor.py:756} INFO - Processing file /home/airflow/.local/lib/python3.7/site-packages/airflow/example_dags/example_branch_day_of_week_operator.py for tasks to queue
[2022-12-03T17:24:33.679+0000] {logging_mixin.py:137} INFO - [2022-12-03T17:24:33.679+0000] {dagbag.py:537} INFO - Filling up the DagBag from /home/airflow/.local/lib/python3.7/site-packages/airflow/example_dags/example_branch_day_of_week_operator.py
[2022-12-03T17:24:33.690+0000] {processor.py:766} INFO - DAG(s) dict_keys(['example_weekday_branch_operator']) retrieved from /home/airflow/.local/lib/python3.7/site-packages/airflow/example_dags/example_branch_day_of_week_operator.py
[2022-12-03T17:24:33.720+0000] {logging_mixin.py:137} INFO - [2022-12-03T17:24:33.720+0000] {dag.py:2585} INFO - Sync 1 DAGs
[2022-12-03T17:24:33.741+0000] {logging_mixin.py:137} INFO - [2022-12-03T17:24:33.741+0000] {dag.py:3340} INFO - Setting next_dagrun for example_weekday_branch_operator to 2022-12-02T00:00:00+00:00, run_after=2022-12-03T00:00:00+00:00
[2022-12-03T17:24:33.756+0000] {processor.py:176} INFO - Processing /home/airflow/.local/lib/python3.7/site-packages/airflow/example_dags/example_branch_day_of_week_operator.py took 0.083 seconds
[2022-12-03T18:47:00.045+0000] {processor.py:154} INFO - Started process (PID=14524) to work on /home/airflow/.local/lib/python3.7/site-packages/airflow/example_dags/example_branch_day_of_week_operator.py
[2022-12-03T18:47:00.048+0000] {processor.py:756} INFO - Processing file /home/airflow/.local/lib/python3.7/site-packages/airflow/example_dags/example_branch_day_of_week_operator.py for tasks to queue
[2022-12-03T18:47:00.051+0000] {logging_mixin.py:137} INFO - [2022-12-03T18:47:00.050+0000] {dagbag.py:537} INFO - Filling up the DagBag from /home/airflow/.local/lib/python3.7/site-packages/airflow/example_dags/example_branch_day_of_week_operator.py
[2022-12-03T18:47:00.068+0000] {processor.py:766} INFO - DAG(s) dict_keys(['example_weekday_branch_operator']) retrieved from /home/airflow/.local/lib/python3.7/site-packages/airflow/example_dags/example_branch_day_of_week_operator.py
[2022-12-03T18:47:00.098+0000] {logging_mixin.py:137} INFO - [2022-12-03T18:47:00.098+0000] {dag.py:2585} INFO - Sync 1 DAGs
[2022-12-03T18:47:00.115+0000] {logging_mixin.py:137} INFO - [2022-12-03T18:47:00.115+0000] {dag.py:3340} INFO - Setting next_dagrun for example_weekday_branch_operator to 2022-12-02T00:00:00+00:00, run_after=2022-12-03T00:00:00+00:00
[2022-12-03T18:47:00.129+0000] {processor.py:176} INFO - Processing /home/airflow/.local/lib/python3.7/site-packages/airflow/example_dags/example_branch_day_of_week_operator.py took 0.087 seconds
[2022-12-03T19:40:03.419+0000] {processor.py:154} INFO - Started process (PID=14581) to work on /home/airflow/.local/lib/python3.7/site-packages/airflow/example_dags/example_branch_day_of_week_operator.py
[2022-12-03T19:40:03.420+0000] {processor.py:756} INFO - Processing file /home/airflow/.local/lib/python3.7/site-packages/airflow/example_dags/example_branch_day_of_week_operator.py for tasks to queue
[2022-12-03T19:40:03.421+0000] {logging_mixin.py:137} INFO - [2022-12-03T19:40:03.421+0000] {dagbag.py:537} INFO - Filling up the DagBag from /home/airflow/.local/lib/python3.7/site-packages/airflow/example_dags/example_branch_day_of_week_operator.py
[2022-12-03T19:40:03.433+0000] {processor.py:766} INFO - DAG(s) dict_keys(['example_weekday_branch_operator']) retrieved from /home/airflow/.local/lib/python3.7/site-packages/airflow/example_dags/example_branch_day_of_week_operator.py
[2022-12-03T19:40:03.466+0000] {logging_mixin.py:137} INFO - [2022-12-03T19:40:03.465+0000] {dag.py:2585} INFO - Sync 1 DAGs
[2022-12-03T19:40:03.481+0000] {logging_mixin.py:137} INFO - [2022-12-03T19:40:03.481+0000] {dag.py:3340} INFO - Setting next_dagrun for example_weekday_branch_operator to 2022-12-02T00:00:00+00:00, run_after=2022-12-03T00:00:00+00:00
[2022-12-03T19:40:03.494+0000] {processor.py:176} INFO - Processing /home/airflow/.local/lib/python3.7/site-packages/airflow/example_dags/example_branch_day_of_week_operator.py took 0.078 seconds
[2022-12-03T20:15:11.176+0000] {processor.py:154} INFO - Started process (PID=14647) to work on /home/airflow/.local/lib/python3.7/site-packages/airflow/example_dags/example_branch_day_of_week_operator.py
[2022-12-03T20:15:11.178+0000] {processor.py:756} INFO - Processing file /home/airflow/.local/lib/python3.7/site-packages/airflow/example_dags/example_branch_day_of_week_operator.py for tasks to queue
[2022-12-03T20:15:11.180+0000] {logging_mixin.py:137} INFO - [2022-12-03T20:15:11.180+0000] {dagbag.py:537} INFO - Filling up the DagBag from /home/airflow/.local/lib/python3.7/site-packages/airflow/example_dags/example_branch_day_of_week_operator.py
[2022-12-03T20:15:11.191+0000] {processor.py:766} INFO - DAG(s) dict_keys(['example_weekday_branch_operator']) retrieved from /home/airflow/.local/lib/python3.7/site-packages/airflow/example_dags/example_branch_day_of_week_operator.py
[2022-12-03T20:15:11.222+0000] {logging_mixin.py:137} INFO - [2022-12-03T20:15:11.222+0000] {dag.py:2585} INFO - Sync 1 DAGs
[2022-12-03T20:15:11.242+0000] {logging_mixin.py:137} INFO - [2022-12-03T20:15:11.242+0000] {dag.py:3340} INFO - Setting next_dagrun for example_weekday_branch_operator to 2022-12-02T00:00:00+00:00, run_after=2022-12-03T00:00:00+00:00
[2022-12-03T20:15:11.260+0000] {processor.py:176} INFO - Processing /home/airflow/.local/lib/python3.7/site-packages/airflow/example_dags/example_branch_day_of_week_operator.py took 0.087 seconds
[2022-12-03T20:47:38.255+0000] {processor.py:154} INFO - Started process (PID=14712) to work on /home/airflow/.local/lib/python3.7/site-packages/airflow/example_dags/example_branch_day_of_week_operator.py
[2022-12-03T20:47:38.257+0000] {processor.py:756} INFO - Processing file /home/airflow/.local/lib/python3.7/site-packages/airflow/example_dags/example_branch_day_of_week_operator.py for tasks to queue
[2022-12-03T20:47:38.259+0000] {logging_mixin.py:137} INFO - [2022-12-03T20:47:38.259+0000] {dagbag.py:537} INFO - Filling up the DagBag from /home/airflow/.local/lib/python3.7/site-packages/airflow/example_dags/example_branch_day_of_week_operator.py
[2022-12-03T20:47:38.270+0000] {processor.py:766} INFO - DAG(s) dict_keys(['example_weekday_branch_operator']) retrieved from /home/airflow/.local/lib/python3.7/site-packages/airflow/example_dags/example_branch_day_of_week_operator.py
[2022-12-03T20:47:38.295+0000] {logging_mixin.py:137} INFO - [2022-12-03T20:47:38.295+0000] {dag.py:2585} INFO - Sync 1 DAGs
[2022-12-03T20:47:38.312+0000] {logging_mixin.py:137} INFO - [2022-12-03T20:47:38.312+0000] {dag.py:3340} INFO - Setting next_dagrun for example_weekday_branch_operator to 2022-12-02T00:00:00+00:00, run_after=2022-12-03T00:00:00+00:00
[2022-12-03T20:47:38.323+0000] {processor.py:176} INFO - Processing /home/airflow/.local/lib/python3.7/site-packages/airflow/example_dags/example_branch_day_of_week_operator.py took 0.070 seconds
[2022-12-03T22:10:14.220+0000] {processor.py:154} INFO - Started process (PID=14782) to work on /home/airflow/.local/lib/python3.7/site-packages/airflow/example_dags/example_branch_day_of_week_operator.py
[2022-12-03T22:10:14.222+0000] {processor.py:756} INFO - Processing file /home/airflow/.local/lib/python3.7/site-packages/airflow/example_dags/example_branch_day_of_week_operator.py for tasks to queue
[2022-12-03T22:10:14.223+0000] {logging_mixin.py:137} INFO - [2022-12-03T22:10:14.222+0000] {dagbag.py:537} INFO - Filling up the DagBag from /home/airflow/.local/lib/python3.7/site-packages/airflow/example_dags/example_branch_day_of_week_operator.py
[2022-12-03T22:10:14.232+0000] {processor.py:766} INFO - DAG(s) dict_keys(['example_weekday_branch_operator']) retrieved from /home/airflow/.local/lib/python3.7/site-packages/airflow/example_dags/example_branch_day_of_week_operator.py
[2022-12-03T22:10:14.258+0000] {logging_mixin.py:137} INFO - [2022-12-03T22:10:14.258+0000] {dag.py:2585} INFO - Sync 1 DAGs
[2022-12-03T22:10:14.274+0000] {logging_mixin.py:137} INFO - [2022-12-03T22:10:14.274+0000] {dag.py:3340} INFO - Setting next_dagrun for example_weekday_branch_operator to 2022-12-02T00:00:00+00:00, run_after=2022-12-03T00:00:00+00:00
[2022-12-03T22:10:14.287+0000] {processor.py:176} INFO - Processing /home/airflow/.local/lib/python3.7/site-packages/airflow/example_dags/example_branch_day_of_week_operator.py took 0.070 seconds
[2022-12-03T23:31:54.028+0000] {processor.py:154} INFO - Started process (PID=14841) to work on /home/airflow/.local/lib/python3.7/site-packages/airflow/example_dags/example_branch_day_of_week_operator.py
[2022-12-03T23:31:54.029+0000] {processor.py:756} INFO - Processing file /home/airflow/.local/lib/python3.7/site-packages/airflow/example_dags/example_branch_day_of_week_operator.py for tasks to queue
[2022-12-03T23:31:54.031+0000] {logging_mixin.py:137} INFO - [2022-12-03T23:31:54.030+0000] {dagbag.py:537} INFO - Filling up the DagBag from /home/airflow/.local/lib/python3.7/site-packages/airflow/example_dags/example_branch_day_of_week_operator.py
[2022-12-03T23:31:54.043+0000] {processor.py:766} INFO - DAG(s) dict_keys(['example_weekday_branch_operator']) retrieved from /home/airflow/.local/lib/python3.7/site-packages/airflow/example_dags/example_branch_day_of_week_operator.py
[2022-12-03T23:31:54.071+0000] {logging_mixin.py:137} INFO - [2022-12-03T23:31:54.071+0000] {dag.py:2585} INFO - Sync 1 DAGs
[2022-12-03T23:31:54.088+0000] {logging_mixin.py:137} INFO - [2022-12-03T23:31:54.088+0000] {dag.py:3340} INFO - Setting next_dagrun for example_weekday_branch_operator to 2022-12-02T00:00:00+00:00, run_after=2022-12-03T00:00:00+00:00
[2022-12-03T23:31:54.102+0000] {processor.py:176} INFO - Processing /home/airflow/.local/lib/python3.7/site-packages/airflow/example_dags/example_branch_day_of_week_operator.py took 0.076 seconds
