[2022-12-03T00:24:09.014+0000] {processor.py:154} INFO - Started process (PID=13499) to work on /home/airflow/.local/lib/python3.7/site-packages/airflow/example_dags/example_datasets.py
[2022-12-03T00:24:09.016+0000] {processor.py:756} INFO - Processing file /home/airflow/.local/lib/python3.7/site-packages/airflow/example_dags/example_datasets.py for tasks to queue
[2022-12-03T00:24:09.019+0000] {logging_mixin.py:137} INFO - [2022-12-03T00:24:09.018+0000] {dagbag.py:537} INFO - Filling up the DagBag from /home/airflow/.local/lib/python3.7/site-packages/airflow/example_dags/example_datasets.py
[2022-12-03T00:24:09.062+0000] {processor.py:766} INFO - DAG(s) dict_keys(['dataset_produces_1', 'dataset_consumes_unknown_never_scheduled', 'dataset_consumes_1', 'dataset_consumes_1_never_scheduled', 'dataset_consumes_1_and_2', 'dataset_produces_2']) retrieved from /home/airflow/.local/lib/python3.7/site-packages/airflow/example_dags/example_datasets.py
[2022-12-03T00:24:09.191+0000] {logging_mixin.py:137} INFO - [2022-12-03T00:24:09.190+0000] {dag.py:2585} INFO - Sync 6 DAGs
[2022-12-03T00:24:09.236+0000] {logging_mixin.py:137} INFO - [2022-12-03T00:24:09.236+0000] {dag.py:3340} INFO - Setting next_dagrun for dataset_consumes_1 to None, run_after=None
[2022-12-03T00:24:09.250+0000] {logging_mixin.py:137} INFO - [2022-12-03T00:24:09.249+0000] {dag.py:3340} INFO - Setting next_dagrun for dataset_consumes_1_and_2 to None, run_after=None
[2022-12-03T00:24:09.252+0000] {logging_mixin.py:137} INFO - [2022-12-03T00:24:09.252+0000] {dag.py:3340} INFO - Setting next_dagrun for dataset_consumes_1_never_scheduled to None, run_after=None
[2022-12-03T00:24:09.255+0000] {logging_mixin.py:137} INFO - [2022-12-03T00:24:09.255+0000] {dag.py:3340} INFO - Setting next_dagrun for dataset_consumes_unknown_never_scheduled to None, run_after=None
[2022-12-03T00:24:09.259+0000] {logging_mixin.py:137} INFO - [2022-12-03T00:24:09.258+0000] {dag.py:3340} INFO - Setting next_dagrun for dataset_produces_1 to 2022-12-02T00:00:00+00:00, run_after=2022-12-03T00:00:00+00:00
[2022-12-03T00:24:09.261+0000] {logging_mixin.py:137} INFO - [2022-12-03T00:24:09.261+0000] {dag.py:3340} INFO - Setting next_dagrun for dataset_produces_2 to None, run_after=None
[2022-12-03T00:24:09.305+0000] {processor.py:176} INFO - Processing /home/airflow/.local/lib/python3.7/site-packages/airflow/example_dags/example_datasets.py took 0.298 seconds
[2022-12-03T01:45:41.379+0000] {processor.py:154} INFO - Started process (PID=13568) to work on /home/airflow/.local/lib/python3.7/site-packages/airflow/example_dags/example_datasets.py
[2022-12-03T01:45:41.382+0000] {processor.py:756} INFO - Processing file /home/airflow/.local/lib/python3.7/site-packages/airflow/example_dags/example_datasets.py for tasks to queue
[2022-12-03T01:45:41.383+0000] {logging_mixin.py:137} INFO - [2022-12-03T01:45:41.383+0000] {dagbag.py:537} INFO - Filling up the DagBag from /home/airflow/.local/lib/python3.7/site-packages/airflow/example_dags/example_datasets.py
[2022-12-03T01:45:41.395+0000] {processor.py:766} INFO - DAG(s) dict_keys(['dataset_consumes_1_and_2', 'dataset_consumes_unknown_never_scheduled', 'dataset_produces_2', 'dataset_consumes_1', 'dataset_consumes_1_never_scheduled', 'dataset_produces_1']) retrieved from /home/airflow/.local/lib/python3.7/site-packages/airflow/example_dags/example_datasets.py
[2022-12-03T01:45:41.430+0000] {logging_mixin.py:137} INFO - [2022-12-03T01:45:41.430+0000] {dag.py:2585} INFO - Sync 6 DAGs
[2022-12-03T01:45:41.448+0000] {logging_mixin.py:137} INFO - [2022-12-03T01:45:41.448+0000] {dag.py:3340} INFO - Setting next_dagrun for dataset_consumes_1 to None, run_after=None
[2022-12-03T01:45:41.451+0000] {logging_mixin.py:137} INFO - [2022-12-03T01:45:41.451+0000] {dag.py:3340} INFO - Setting next_dagrun for dataset_consumes_1_and_2 to None, run_after=None
[2022-12-03T01:45:41.453+0000] {logging_mixin.py:137} INFO - [2022-12-03T01:45:41.453+0000] {dag.py:3340} INFO - Setting next_dagrun for dataset_consumes_1_never_scheduled to None, run_after=None
[2022-12-03T01:45:41.454+0000] {logging_mixin.py:137} INFO - [2022-12-03T01:45:41.454+0000] {dag.py:3340} INFO - Setting next_dagrun for dataset_consumes_unknown_never_scheduled to None, run_after=None
[2022-12-03T01:45:41.458+0000] {logging_mixin.py:137} INFO - [2022-12-03T01:45:41.458+0000] {dag.py:3340} INFO - Setting next_dagrun for dataset_produces_1 to 2022-12-02T00:00:00+00:00, run_after=2022-12-03T00:00:00+00:00
[2022-12-03T01:45:41.459+0000] {logging_mixin.py:137} INFO - [2022-12-03T01:45:41.459+0000] {dag.py:3340} INFO - Setting next_dagrun for dataset_produces_2 to None, run_after=None
[2022-12-03T01:45:41.477+0000] {processor.py:176} INFO - Processing /home/airflow/.local/lib/python3.7/site-packages/airflow/example_dags/example_datasets.py took 0.099 seconds
[2022-12-03T03:05:50.125+0000] {processor.py:154} INFO - Started process (PID=13636) to work on /home/airflow/.local/lib/python3.7/site-packages/airflow/example_dags/example_datasets.py
[2022-12-03T03:05:50.130+0000] {processor.py:756} INFO - Processing file /home/airflow/.local/lib/python3.7/site-packages/airflow/example_dags/example_datasets.py for tasks to queue
[2022-12-03T03:05:50.133+0000] {logging_mixin.py:137} INFO - [2022-12-03T03:05:50.133+0000] {dagbag.py:537} INFO - Filling up the DagBag from /home/airflow/.local/lib/python3.7/site-packages/airflow/example_dags/example_datasets.py
[2022-12-03T03:05:50.176+0000] {processor.py:766} INFO - DAG(s) dict_keys(['dataset_consumes_1_never_scheduled', 'dataset_produces_1', 'dataset_consumes_1', 'dataset_produces_2', 'dataset_consumes_unknown_never_scheduled', 'dataset_consumes_1_and_2']) retrieved from /home/airflow/.local/lib/python3.7/site-packages/airflow/example_dags/example_datasets.py
[2022-12-03T03:05:50.328+0000] {logging_mixin.py:137} INFO - [2022-12-03T03:05:50.328+0000] {dag.py:2585} INFO - Sync 6 DAGs
[2022-12-03T03:05:50.381+0000] {logging_mixin.py:137} INFO - [2022-12-03T03:05:50.381+0000] {dag.py:3340} INFO - Setting next_dagrun for dataset_consumes_1 to None, run_after=None
[2022-12-03T03:05:50.387+0000] {logging_mixin.py:137} INFO - [2022-12-03T03:05:50.386+0000] {dag.py:3340} INFO - Setting next_dagrun for dataset_consumes_1_and_2 to None, run_after=None
[2022-12-03T03:05:50.394+0000] {logging_mixin.py:137} INFO - [2022-12-03T03:05:50.394+0000] {dag.py:3340} INFO - Setting next_dagrun for dataset_consumes_1_never_scheduled to None, run_after=None
[2022-12-03T03:05:50.397+0000] {logging_mixin.py:137} INFO - [2022-12-03T03:05:50.397+0000] {dag.py:3340} INFO - Setting next_dagrun for dataset_consumes_unknown_never_scheduled to None, run_after=None
[2022-12-03T03:05:50.401+0000] {logging_mixin.py:137} INFO - [2022-12-03T03:05:50.401+0000] {dag.py:3340} INFO - Setting next_dagrun for dataset_produces_1 to 2022-12-02T00:00:00+00:00, run_after=2022-12-03T00:00:00+00:00
[2022-12-03T03:05:50.404+0000] {logging_mixin.py:137} INFO - [2022-12-03T03:05:50.403+0000] {dag.py:3340} INFO - Setting next_dagrun for dataset_produces_2 to None, run_after=None
[2022-12-03T03:05:50.436+0000] {processor.py:176} INFO - Processing /home/airflow/.local/lib/python3.7/site-packages/airflow/example_dags/example_datasets.py took 0.316 seconds
[2022-12-03T04:30:00.681+0000] {processor.py:154} INFO - Started process (PID=13703) to work on /home/airflow/.local/lib/python3.7/site-packages/airflow/example_dags/example_datasets.py
[2022-12-03T04:30:00.683+0000] {processor.py:756} INFO - Processing file /home/airflow/.local/lib/python3.7/site-packages/airflow/example_dags/example_datasets.py for tasks to queue
[2022-12-03T04:30:00.684+0000] {logging_mixin.py:137} INFO - [2022-12-03T04:30:00.684+0000] {dagbag.py:537} INFO - Filling up the DagBag from /home/airflow/.local/lib/python3.7/site-packages/airflow/example_dags/example_datasets.py
[2022-12-03T04:30:00.698+0000] {processor.py:766} INFO - DAG(s) dict_keys(['dataset_produces_2', 'dataset_consumes_unknown_never_scheduled', 'dataset_produces_1', 'dataset_consumes_1_never_scheduled', 'dataset_consumes_1_and_2', 'dataset_consumes_1']) retrieved from /home/airflow/.local/lib/python3.7/site-packages/airflow/example_dags/example_datasets.py
[2022-12-03T04:30:00.738+0000] {logging_mixin.py:137} INFO - [2022-12-03T04:30:00.738+0000] {dag.py:2585} INFO - Sync 6 DAGs
[2022-12-03T04:30:00.755+0000] {logging_mixin.py:137} INFO - [2022-12-03T04:30:00.754+0000] {dag.py:3340} INFO - Setting next_dagrun for dataset_consumes_1 to None, run_after=None
[2022-12-03T04:30:00.759+0000] {logging_mixin.py:137} INFO - [2022-12-03T04:30:00.759+0000] {dag.py:3340} INFO - Setting next_dagrun for dataset_consumes_1_and_2 to None, run_after=None
[2022-12-03T04:30:00.761+0000] {logging_mixin.py:137} INFO - [2022-12-03T04:30:00.761+0000] {dag.py:3340} INFO - Setting next_dagrun for dataset_consumes_1_never_scheduled to None, run_after=None
[2022-12-03T04:30:00.763+0000] {logging_mixin.py:137} INFO - [2022-12-03T04:30:00.763+0000] {dag.py:3340} INFO - Setting next_dagrun for dataset_consumes_unknown_never_scheduled to None, run_after=None
[2022-12-03T04:30:00.769+0000] {logging_mixin.py:137} INFO - [2022-12-03T04:30:00.769+0000] {dag.py:3340} INFO - Setting next_dagrun for dataset_produces_1 to 2022-12-02T00:00:00+00:00, run_after=2022-12-03T00:00:00+00:00
[2022-12-03T04:30:00.772+0000] {logging_mixin.py:137} INFO - [2022-12-03T04:30:00.772+0000] {dag.py:3340} INFO - Setting next_dagrun for dataset_produces_2 to None, run_after=None
[2022-12-03T04:30:00.794+0000] {processor.py:176} INFO - Processing /home/airflow/.local/lib/python3.7/site-packages/airflow/example_dags/example_datasets.py took 0.116 seconds
[2022-12-03T05:52:51.118+0000] {processor.py:154} INFO - Started process (PID=13764) to work on /home/airflow/.local/lib/python3.7/site-packages/airflow/example_dags/example_datasets.py
[2022-12-03T05:52:51.120+0000] {processor.py:756} INFO - Processing file /home/airflow/.local/lib/python3.7/site-packages/airflow/example_dags/example_datasets.py for tasks to queue
[2022-12-03T05:52:51.121+0000] {logging_mixin.py:137} INFO - [2022-12-03T05:52:51.121+0000] {dagbag.py:537} INFO - Filling up the DagBag from /home/airflow/.local/lib/python3.7/site-packages/airflow/example_dags/example_datasets.py
[2022-12-03T05:52:51.131+0000] {processor.py:766} INFO - DAG(s) dict_keys(['dataset_consumes_1', 'dataset_consumes_unknown_never_scheduled', 'dataset_consumes_1_never_scheduled', 'dataset_consumes_1_and_2', 'dataset_produces_2', 'dataset_produces_1']) retrieved from /home/airflow/.local/lib/python3.7/site-packages/airflow/example_dags/example_datasets.py
[2022-12-03T05:52:51.174+0000] {logging_mixin.py:137} INFO - [2022-12-03T05:52:51.173+0000] {dag.py:2585} INFO - Sync 6 DAGs
[2022-12-03T05:52:51.190+0000] {logging_mixin.py:137} INFO - [2022-12-03T05:52:51.190+0000] {dag.py:3340} INFO - Setting next_dagrun for dataset_consumes_1 to None, run_after=None
[2022-12-03T05:52:51.193+0000] {logging_mixin.py:137} INFO - [2022-12-03T05:52:51.193+0000] {dag.py:3340} INFO - Setting next_dagrun for dataset_consumes_1_and_2 to None, run_after=None
[2022-12-03T05:52:51.195+0000] {logging_mixin.py:137} INFO - [2022-12-03T05:52:51.195+0000] {dag.py:3340} INFO - Setting next_dagrun for dataset_consumes_1_never_scheduled to None, run_after=None
[2022-12-03T05:52:51.197+0000] {logging_mixin.py:137} INFO - [2022-12-03T05:52:51.197+0000] {dag.py:3340} INFO - Setting next_dagrun for dataset_consumes_unknown_never_scheduled to None, run_after=None
[2022-12-03T05:52:51.200+0000] {logging_mixin.py:137} INFO - [2022-12-03T05:52:51.199+0000] {dag.py:3340} INFO - Setting next_dagrun for dataset_produces_1 to 2022-12-02T00:00:00+00:00, run_after=2022-12-03T00:00:00+00:00
[2022-12-03T05:52:51.201+0000] {logging_mixin.py:137} INFO - [2022-12-03T05:52:51.201+0000] {dag.py:3340} INFO - Setting next_dagrun for dataset_produces_2 to None, run_after=None
[2022-12-03T05:52:51.218+0000] {processor.py:176} INFO - Processing /home/airflow/.local/lib/python3.7/site-packages/airflow/example_dags/example_datasets.py took 0.103 seconds
[2022-12-03T07:14:04.696+0000] {processor.py:154} INFO - Started process (PID=13835) to work on /home/airflow/.local/lib/python3.7/site-packages/airflow/example_dags/example_datasets.py
[2022-12-03T07:14:04.698+0000] {processor.py:756} INFO - Processing file /home/airflow/.local/lib/python3.7/site-packages/airflow/example_dags/example_datasets.py for tasks to queue
[2022-12-03T07:14:04.699+0000] {logging_mixin.py:137} INFO - [2022-12-03T07:14:04.699+0000] {dagbag.py:537} INFO - Filling up the DagBag from /home/airflow/.local/lib/python3.7/site-packages/airflow/example_dags/example_datasets.py
[2022-12-03T07:14:04.709+0000] {processor.py:766} INFO - DAG(s) dict_keys(['dataset_produces_1', 'dataset_consumes_1', 'dataset_consumes_1_and_2', 'dataset_produces_2', 'dataset_consumes_unknown_never_scheduled', 'dataset_consumes_1_never_scheduled']) retrieved from /home/airflow/.local/lib/python3.7/site-packages/airflow/example_dags/example_datasets.py
[2022-12-03T07:14:04.746+0000] {logging_mixin.py:137} INFO - [2022-12-03T07:14:04.746+0000] {dag.py:2585} INFO - Sync 6 DAGs
[2022-12-03T07:14:04.763+0000] {logging_mixin.py:137} INFO - [2022-12-03T07:14:04.763+0000] {dag.py:3340} INFO - Setting next_dagrun for dataset_consumes_1 to None, run_after=None
[2022-12-03T07:14:04.766+0000] {logging_mixin.py:137} INFO - [2022-12-03T07:14:04.766+0000] {dag.py:3340} INFO - Setting next_dagrun for dataset_consumes_1_and_2 to None, run_after=None
[2022-12-03T07:14:04.767+0000] {logging_mixin.py:137} INFO - [2022-12-03T07:14:04.767+0000] {dag.py:3340} INFO - Setting next_dagrun for dataset_consumes_1_never_scheduled to None, run_after=None
[2022-12-03T07:14:04.769+0000] {logging_mixin.py:137} INFO - [2022-12-03T07:14:04.769+0000] {dag.py:3340} INFO - Setting next_dagrun for dataset_consumes_unknown_never_scheduled to None, run_after=None
[2022-12-03T07:14:04.772+0000] {logging_mixin.py:137} INFO - [2022-12-03T07:14:04.772+0000] {dag.py:3340} INFO - Setting next_dagrun for dataset_produces_1 to 2022-12-02T00:00:00+00:00, run_after=2022-12-03T00:00:00+00:00
[2022-12-03T07:14:04.774+0000] {logging_mixin.py:137} INFO - [2022-12-03T07:14:04.774+0000] {dag.py:3340} INFO - Setting next_dagrun for dataset_produces_2 to None, run_after=None
[2022-12-03T07:14:04.791+0000] {processor.py:176} INFO - Processing /home/airflow/.local/lib/python3.7/site-packages/airflow/example_dags/example_datasets.py took 0.097 seconds
[2022-12-03T08:36:16.715+0000] {processor.py:154} INFO - Started process (PID=13908) to work on /home/airflow/.local/lib/python3.7/site-packages/airflow/example_dags/example_datasets.py
[2022-12-03T08:36:16.717+0000] {processor.py:756} INFO - Processing file /home/airflow/.local/lib/python3.7/site-packages/airflow/example_dags/example_datasets.py for tasks to queue
[2022-12-03T08:36:16.718+0000] {logging_mixin.py:137} INFO - [2022-12-03T08:36:16.718+0000] {dagbag.py:537} INFO - Filling up the DagBag from /home/airflow/.local/lib/python3.7/site-packages/airflow/example_dags/example_datasets.py
[2022-12-03T08:36:16.728+0000] {processor.py:766} INFO - DAG(s) dict_keys(['dataset_consumes_1_never_scheduled', 'dataset_consumes_1', 'dataset_consumes_1_and_2', 'dataset_consumes_unknown_never_scheduled', 'dataset_produces_1', 'dataset_produces_2']) retrieved from /home/airflow/.local/lib/python3.7/site-packages/airflow/example_dags/example_datasets.py
[2022-12-03T08:36:16.763+0000] {logging_mixin.py:137} INFO - [2022-12-03T08:36:16.763+0000] {dag.py:2585} INFO - Sync 6 DAGs
[2022-12-03T08:36:16.780+0000] {logging_mixin.py:137} INFO - [2022-12-03T08:36:16.780+0000] {dag.py:3340} INFO - Setting next_dagrun for dataset_consumes_1 to None, run_after=None
[2022-12-03T08:36:16.783+0000] {logging_mixin.py:137} INFO - [2022-12-03T08:36:16.783+0000] {dag.py:3340} INFO - Setting next_dagrun for dataset_consumes_1_and_2 to None, run_after=None
[2022-12-03T08:36:16.785+0000] {logging_mixin.py:137} INFO - [2022-12-03T08:36:16.785+0000] {dag.py:3340} INFO - Setting next_dagrun for dataset_consumes_1_never_scheduled to None, run_after=None
[2022-12-03T08:36:16.786+0000] {logging_mixin.py:137} INFO - [2022-12-03T08:36:16.786+0000] {dag.py:3340} INFO - Setting next_dagrun for dataset_consumes_unknown_never_scheduled to None, run_after=None
[2022-12-03T08:36:16.789+0000] {logging_mixin.py:137} INFO - [2022-12-03T08:36:16.789+0000] {dag.py:3340} INFO - Setting next_dagrun for dataset_produces_1 to 2022-12-02T00:00:00+00:00, run_after=2022-12-03T00:00:00+00:00
[2022-12-03T08:36:16.791+0000] {logging_mixin.py:137} INFO - [2022-12-03T08:36:16.790+0000] {dag.py:3340} INFO - Setting next_dagrun for dataset_produces_2 to None, run_after=None
[2022-12-03T08:36:16.810+0000] {processor.py:176} INFO - Processing /home/airflow/.local/lib/python3.7/site-packages/airflow/example_dags/example_datasets.py took 0.097 seconds
[2022-12-03T09:58:29.874+0000] {processor.py:154} INFO - Started process (PID=13976) to work on /home/airflow/.local/lib/python3.7/site-packages/airflow/example_dags/example_datasets.py
[2022-12-03T09:58:29.875+0000] {processor.py:756} INFO - Processing file /home/airflow/.local/lib/python3.7/site-packages/airflow/example_dags/example_datasets.py for tasks to queue
[2022-12-03T09:58:29.876+0000] {logging_mixin.py:137} INFO - [2022-12-03T09:58:29.876+0000] {dagbag.py:537} INFO - Filling up the DagBag from /home/airflow/.local/lib/python3.7/site-packages/airflow/example_dags/example_datasets.py
[2022-12-03T09:58:29.886+0000] {processor.py:766} INFO - DAG(s) dict_keys(['dataset_consumes_1_and_2', 'dataset_produces_1', 'dataset_consumes_unknown_never_scheduled', 'dataset_produces_2', 'dataset_consumes_1_never_scheduled', 'dataset_consumes_1']) retrieved from /home/airflow/.local/lib/python3.7/site-packages/airflow/example_dags/example_datasets.py
[2022-12-03T09:58:29.918+0000] {logging_mixin.py:137} INFO - [2022-12-03T09:58:29.918+0000] {dag.py:2585} INFO - Sync 6 DAGs
[2022-12-03T09:58:29.937+0000] {logging_mixin.py:137} INFO - [2022-12-03T09:58:29.936+0000] {dag.py:3340} INFO - Setting next_dagrun for dataset_consumes_1 to None, run_after=None
[2022-12-03T09:58:29.941+0000] {logging_mixin.py:137} INFO - [2022-12-03T09:58:29.941+0000] {dag.py:3340} INFO - Setting next_dagrun for dataset_consumes_1_and_2 to None, run_after=None
[2022-12-03T09:58:29.943+0000] {logging_mixin.py:137} INFO - [2022-12-03T09:58:29.943+0000] {dag.py:3340} INFO - Setting next_dagrun for dataset_consumes_1_never_scheduled to None, run_after=None
[2022-12-03T09:58:29.944+0000] {logging_mixin.py:137} INFO - [2022-12-03T09:58:29.944+0000] {dag.py:3340} INFO - Setting next_dagrun for dataset_consumes_unknown_never_scheduled to None, run_after=None
[2022-12-03T09:58:29.951+0000] {logging_mixin.py:137} INFO - [2022-12-03T09:58:29.951+0000] {dag.py:3340} INFO - Setting next_dagrun for dataset_produces_1 to 2022-12-02T00:00:00+00:00, run_after=2022-12-03T00:00:00+00:00
[2022-12-03T09:58:29.953+0000] {logging_mixin.py:137} INFO - [2022-12-03T09:58:29.953+0000] {dag.py:3340} INFO - Setting next_dagrun for dataset_produces_2 to None, run_after=None
[2022-12-03T09:58:29.986+0000] {processor.py:176} INFO - Processing /home/airflow/.local/lib/python3.7/site-packages/airflow/example_dags/example_datasets.py took 0.114 seconds
[2022-12-03T11:03:30.815+0000] {processor.py:154} INFO - Started process (PID=14031) to work on /home/airflow/.local/lib/python3.7/site-packages/airflow/example_dags/example_datasets.py
[2022-12-03T11:03:30.816+0000] {processor.py:756} INFO - Processing file /home/airflow/.local/lib/python3.7/site-packages/airflow/example_dags/example_datasets.py for tasks to queue
[2022-12-03T11:03:30.817+0000] {logging_mixin.py:137} INFO - [2022-12-03T11:03:30.817+0000] {dagbag.py:537} INFO - Filling up the DagBag from /home/airflow/.local/lib/python3.7/site-packages/airflow/example_dags/example_datasets.py
[2022-12-03T11:03:30.828+0000] {processor.py:766} INFO - DAG(s) dict_keys(['dataset_consumes_1', 'dataset_consumes_1_and_2', 'dataset_consumes_unknown_never_scheduled', 'dataset_consumes_1_never_scheduled', 'dataset_produces_1', 'dataset_produces_2']) retrieved from /home/airflow/.local/lib/python3.7/site-packages/airflow/example_dags/example_datasets.py
[2022-12-03T11:03:30.864+0000] {logging_mixin.py:137} INFO - [2022-12-03T11:03:30.864+0000] {dag.py:2585} INFO - Sync 6 DAGs
[2022-12-03T11:03:30.880+0000] {logging_mixin.py:137} INFO - [2022-12-03T11:03:30.880+0000] {dag.py:3340} INFO - Setting next_dagrun for dataset_consumes_1 to None, run_after=None
[2022-12-03T11:03:30.883+0000] {logging_mixin.py:137} INFO - [2022-12-03T11:03:30.883+0000] {dag.py:3340} INFO - Setting next_dagrun for dataset_consumes_1_and_2 to None, run_after=None
[2022-12-03T11:03:30.884+0000] {logging_mixin.py:137} INFO - [2022-12-03T11:03:30.884+0000] {dag.py:3340} INFO - Setting next_dagrun for dataset_consumes_1_never_scheduled to None, run_after=None
[2022-12-03T11:03:30.885+0000] {logging_mixin.py:137} INFO - [2022-12-03T11:03:30.885+0000] {dag.py:3340} INFO - Setting next_dagrun for dataset_consumes_unknown_never_scheduled to None, run_after=None
[2022-12-03T11:03:30.888+0000] {logging_mixin.py:137} INFO - [2022-12-03T11:03:30.888+0000] {dag.py:3340} INFO - Setting next_dagrun for dataset_produces_1 to 2022-12-02T00:00:00+00:00, run_after=2022-12-03T00:00:00+00:00
[2022-12-03T11:03:30.889+0000] {logging_mixin.py:137} INFO - [2022-12-03T11:03:30.889+0000] {dag.py:3340} INFO - Setting next_dagrun for dataset_produces_2 to None, run_after=None
[2022-12-03T11:03:30.907+0000] {processor.py:176} INFO - Processing /home/airflow/.local/lib/python3.7/site-packages/airflow/example_dags/example_datasets.py took 0.095 seconds
[2022-12-03T11:21:01.408+0000] {processor.py:154} INFO - Started process (PID=14105) to work on /home/airflow/.local/lib/python3.7/site-packages/airflow/example_dags/example_datasets.py
[2022-12-03T11:21:01.412+0000] {processor.py:756} INFO - Processing file /home/airflow/.local/lib/python3.7/site-packages/airflow/example_dags/example_datasets.py for tasks to queue
[2022-12-03T11:21:01.415+0000] {logging_mixin.py:137} INFO - [2022-12-03T11:21:01.415+0000] {dagbag.py:537} INFO - Filling up the DagBag from /home/airflow/.local/lib/python3.7/site-packages/airflow/example_dags/example_datasets.py
[2022-12-03T11:21:01.443+0000] {processor.py:766} INFO - DAG(s) dict_keys(['dataset_consumes_1_and_2', 'dataset_consumes_unknown_never_scheduled', 'dataset_consumes_1_never_scheduled', 'dataset_produces_1', 'dataset_produces_2', 'dataset_consumes_1']) retrieved from /home/airflow/.local/lib/python3.7/site-packages/airflow/example_dags/example_datasets.py
[2022-12-03T11:21:01.534+0000] {logging_mixin.py:137} INFO - [2022-12-03T11:21:01.534+0000] {dag.py:2585} INFO - Sync 6 DAGs
[2022-12-03T11:21:01.563+0000] {logging_mixin.py:137} INFO - [2022-12-03T11:21:01.563+0000] {dag.py:3340} INFO - Setting next_dagrun for dataset_consumes_1 to None, run_after=None
[2022-12-03T11:21:01.567+0000] {logging_mixin.py:137} INFO - [2022-12-03T11:21:01.567+0000] {dag.py:3340} INFO - Setting next_dagrun for dataset_consumes_1_and_2 to None, run_after=None
[2022-12-03T11:21:01.569+0000] {logging_mixin.py:137} INFO - [2022-12-03T11:21:01.569+0000] {dag.py:3340} INFO - Setting next_dagrun for dataset_consumes_1_never_scheduled to None, run_after=None
[2022-12-03T11:21:01.571+0000] {logging_mixin.py:137} INFO - [2022-12-03T11:21:01.571+0000] {dag.py:3340} INFO - Setting next_dagrun for dataset_consumes_unknown_never_scheduled to None, run_after=None
[2022-12-03T11:21:01.574+0000] {logging_mixin.py:137} INFO - [2022-12-03T11:21:01.573+0000] {dag.py:3340} INFO - Setting next_dagrun for dataset_produces_1 to 2022-12-02T00:00:00+00:00, run_after=2022-12-03T00:00:00+00:00
[2022-12-03T11:21:01.575+0000] {logging_mixin.py:137} INFO - [2022-12-03T11:21:01.575+0000] {dag.py:3340} INFO - Setting next_dagrun for dataset_produces_2 to None, run_after=None
[2022-12-03T11:21:01.594+0000] {processor.py:176} INFO - Processing /home/airflow/.local/lib/python3.7/site-packages/airflow/example_dags/example_datasets.py took 0.189 seconds
[2022-12-03T12:21:04.767+0000] {processor.py:154} INFO - Started process (PID=14178) to work on /home/airflow/.local/lib/python3.7/site-packages/airflow/example_dags/example_datasets.py
[2022-12-03T12:21:04.770+0000] {processor.py:756} INFO - Processing file /home/airflow/.local/lib/python3.7/site-packages/airflow/example_dags/example_datasets.py for tasks to queue
[2022-12-03T12:21:04.772+0000] {logging_mixin.py:137} INFO - [2022-12-03T12:21:04.772+0000] {dagbag.py:537} INFO - Filling up the DagBag from /home/airflow/.local/lib/python3.7/site-packages/airflow/example_dags/example_datasets.py
[2022-12-03T12:21:04.784+0000] {processor.py:766} INFO - DAG(s) dict_keys(['dataset_consumes_1', 'dataset_consumes_unknown_never_scheduled', 'dataset_consumes_1_and_2', 'dataset_produces_1', 'dataset_consumes_1_never_scheduled', 'dataset_produces_2']) retrieved from /home/airflow/.local/lib/python3.7/site-packages/airflow/example_dags/example_datasets.py
[2022-12-03T12:21:04.830+0000] {logging_mixin.py:137} INFO - [2022-12-03T12:21:04.829+0000] {dag.py:2585} INFO - Sync 6 DAGs
[2022-12-03T12:21:04.848+0000] {logging_mixin.py:137} INFO - [2022-12-03T12:21:04.848+0000] {dag.py:3340} INFO - Setting next_dagrun for dataset_consumes_1 to None, run_after=None
[2022-12-03T12:21:04.852+0000] {logging_mixin.py:137} INFO - [2022-12-03T12:21:04.852+0000] {dag.py:3340} INFO - Setting next_dagrun for dataset_consumes_1_and_2 to None, run_after=None
[2022-12-03T12:21:04.855+0000] {logging_mixin.py:137} INFO - [2022-12-03T12:21:04.855+0000] {dag.py:3340} INFO - Setting next_dagrun for dataset_consumes_1_never_scheduled to None, run_after=None
[2022-12-03T12:21:04.857+0000] {logging_mixin.py:137} INFO - [2022-12-03T12:21:04.857+0000] {dag.py:3340} INFO - Setting next_dagrun for dataset_consumes_unknown_never_scheduled to None, run_after=None
[2022-12-03T12:21:04.860+0000] {logging_mixin.py:137} INFO - [2022-12-03T12:21:04.860+0000] {dag.py:3340} INFO - Setting next_dagrun for dataset_produces_1 to 2022-12-02T00:00:00+00:00, run_after=2022-12-03T00:00:00+00:00
[2022-12-03T12:21:04.862+0000] {logging_mixin.py:137} INFO - [2022-12-03T12:21:04.862+0000] {dag.py:3340} INFO - Setting next_dagrun for dataset_produces_2 to None, run_after=None
[2022-12-03T12:21:04.882+0000] {processor.py:176} INFO - Processing /home/airflow/.local/lib/python3.7/site-packages/airflow/example_dags/example_datasets.py took 0.118 seconds
[2022-12-03T13:24:17.801+0000] {processor.py:154} INFO - Started process (PID=14253) to work on /home/airflow/.local/lib/python3.7/site-packages/airflow/example_dags/example_datasets.py
[2022-12-03T13:24:17.802+0000] {processor.py:756} INFO - Processing file /home/airflow/.local/lib/python3.7/site-packages/airflow/example_dags/example_datasets.py for tasks to queue
[2022-12-03T13:24:17.804+0000] {logging_mixin.py:137} INFO - [2022-12-03T13:24:17.804+0000] {dagbag.py:537} INFO - Filling up the DagBag from /home/airflow/.local/lib/python3.7/site-packages/airflow/example_dags/example_datasets.py
[2022-12-03T13:24:17.817+0000] {processor.py:766} INFO - DAG(s) dict_keys(['dataset_consumes_1', 'dataset_produces_2', 'dataset_consumes_1_and_2', 'dataset_consumes_1_never_scheduled', 'dataset_consumes_unknown_never_scheduled', 'dataset_produces_1']) retrieved from /home/airflow/.local/lib/python3.7/site-packages/airflow/example_dags/example_datasets.py
[2022-12-03T13:24:17.859+0000] {logging_mixin.py:137} INFO - [2022-12-03T13:24:17.859+0000] {dag.py:2585} INFO - Sync 6 DAGs
[2022-12-03T13:24:17.877+0000] {logging_mixin.py:137} INFO - [2022-12-03T13:24:17.877+0000] {dag.py:3340} INFO - Setting next_dagrun for dataset_consumes_1 to None, run_after=None
[2022-12-03T13:24:17.881+0000] {logging_mixin.py:137} INFO - [2022-12-03T13:24:17.881+0000] {dag.py:3340} INFO - Setting next_dagrun for dataset_consumes_1_and_2 to None, run_after=None
[2022-12-03T13:24:17.884+0000] {logging_mixin.py:137} INFO - [2022-12-03T13:24:17.884+0000] {dag.py:3340} INFO - Setting next_dagrun for dataset_consumes_1_never_scheduled to None, run_after=None
[2022-12-03T13:24:17.886+0000] {logging_mixin.py:137} INFO - [2022-12-03T13:24:17.886+0000] {dag.py:3340} INFO - Setting next_dagrun for dataset_consumes_unknown_never_scheduled to None, run_after=None
[2022-12-03T13:24:17.888+0000] {logging_mixin.py:137} INFO - [2022-12-03T13:24:17.888+0000] {dag.py:3340} INFO - Setting next_dagrun for dataset_produces_1 to 2022-12-02T00:00:00+00:00, run_after=2022-12-03T00:00:00+00:00
[2022-12-03T13:24:17.890+0000] {logging_mixin.py:137} INFO - [2022-12-03T13:24:17.890+0000] {dag.py:3340} INFO - Setting next_dagrun for dataset_produces_2 to None, run_after=None
[2022-12-03T13:24:17.909+0000] {processor.py:176} INFO - Processing /home/airflow/.local/lib/python3.7/site-packages/airflow/example_dags/example_datasets.py took 0.111 seconds
[2022-12-03T14:43:47.542+0000] {processor.py:154} INFO - Started process (PID=14308) to work on /home/airflow/.local/lib/python3.7/site-packages/airflow/example_dags/example_datasets.py
[2022-12-03T14:43:47.544+0000] {processor.py:756} INFO - Processing file /home/airflow/.local/lib/python3.7/site-packages/airflow/example_dags/example_datasets.py for tasks to queue
[2022-12-03T14:43:47.545+0000] {logging_mixin.py:137} INFO - [2022-12-03T14:43:47.545+0000] {dagbag.py:537} INFO - Filling up the DagBag from /home/airflow/.local/lib/python3.7/site-packages/airflow/example_dags/example_datasets.py
[2022-12-03T14:43:47.555+0000] {processor.py:766} INFO - DAG(s) dict_keys(['dataset_produces_1', 'dataset_consumes_1_and_2', 'dataset_produces_2', 'dataset_consumes_unknown_never_scheduled', 'dataset_consumes_1', 'dataset_consumes_1_never_scheduled']) retrieved from /home/airflow/.local/lib/python3.7/site-packages/airflow/example_dags/example_datasets.py
[2022-12-03T14:43:47.595+0000] {logging_mixin.py:137} INFO - [2022-12-03T14:43:47.594+0000] {dag.py:2585} INFO - Sync 6 DAGs
[2022-12-03T14:43:47.615+0000] {logging_mixin.py:137} INFO - [2022-12-03T14:43:47.615+0000] {dag.py:3340} INFO - Setting next_dagrun for dataset_consumes_1 to None, run_after=None
[2022-12-03T14:43:47.620+0000] {logging_mixin.py:137} INFO - [2022-12-03T14:43:47.620+0000] {dag.py:3340} INFO - Setting next_dagrun for dataset_consumes_1_and_2 to None, run_after=None
[2022-12-03T14:43:47.623+0000] {logging_mixin.py:137} INFO - [2022-12-03T14:43:47.622+0000] {dag.py:3340} INFO - Setting next_dagrun for dataset_consumes_1_never_scheduled to None, run_after=None
[2022-12-03T14:43:47.625+0000] {logging_mixin.py:137} INFO - [2022-12-03T14:43:47.624+0000] {dag.py:3340} INFO - Setting next_dagrun for dataset_consumes_unknown_never_scheduled to None, run_after=None
[2022-12-03T14:43:47.628+0000] {logging_mixin.py:137} INFO - [2022-12-03T14:43:47.627+0000] {dag.py:3340} INFO - Setting next_dagrun for dataset_produces_1 to 2022-12-02T00:00:00+00:00, run_after=2022-12-03T00:00:00+00:00
[2022-12-03T14:43:47.630+0000] {logging_mixin.py:137} INFO - [2022-12-03T14:43:47.630+0000] {dag.py:3340} INFO - Setting next_dagrun for dataset_produces_2 to None, run_after=None
[2022-12-03T14:43:47.652+0000] {processor.py:176} INFO - Processing /home/airflow/.local/lib/python3.7/site-packages/airflow/example_dags/example_datasets.py took 0.113 seconds
[2022-12-03T16:02:59.997+0000] {processor.py:154} INFO - Started process (PID=14374) to work on /home/airflow/.local/lib/python3.7/site-packages/airflow/example_dags/example_datasets.py
[2022-12-03T16:03:00.000+0000] {processor.py:756} INFO - Processing file /home/airflow/.local/lib/python3.7/site-packages/airflow/example_dags/example_datasets.py for tasks to queue
[2022-12-03T16:03:00.002+0000] {logging_mixin.py:137} INFO - [2022-12-03T16:03:00.002+0000] {dagbag.py:537} INFO - Filling up the DagBag from /home/airflow/.local/lib/python3.7/site-packages/airflow/example_dags/example_datasets.py
[2022-12-03T16:03:00.022+0000] {processor.py:766} INFO - DAG(s) dict_keys(['dataset_consumes_1_never_scheduled', 'dataset_produces_1', 'dataset_consumes_1_and_2', 'dataset_consumes_unknown_never_scheduled', 'dataset_produces_2', 'dataset_consumes_1']) retrieved from /home/airflow/.local/lib/python3.7/site-packages/airflow/example_dags/example_datasets.py
[2022-12-03T16:03:00.084+0000] {logging_mixin.py:137} INFO - [2022-12-03T16:03:00.084+0000] {dag.py:2585} INFO - Sync 6 DAGs
[2022-12-03T16:03:00.118+0000] {logging_mixin.py:137} INFO - [2022-12-03T16:03:00.118+0000] {dag.py:3340} INFO - Setting next_dagrun for dataset_consumes_1 to None, run_after=None
[2022-12-03T16:03:00.125+0000] {logging_mixin.py:137} INFO - [2022-12-03T16:03:00.125+0000] {dag.py:3340} INFO - Setting next_dagrun for dataset_consumes_1_and_2 to None, run_after=None
[2022-12-03T16:03:00.131+0000] {logging_mixin.py:137} INFO - [2022-12-03T16:03:00.131+0000] {dag.py:3340} INFO - Setting next_dagrun for dataset_consumes_1_never_scheduled to None, run_after=None
[2022-12-03T16:03:00.135+0000] {logging_mixin.py:137} INFO - [2022-12-03T16:03:00.135+0000] {dag.py:3340} INFO - Setting next_dagrun for dataset_consumes_unknown_never_scheduled to None, run_after=None
[2022-12-03T16:03:00.140+0000] {logging_mixin.py:137} INFO - [2022-12-03T16:03:00.140+0000] {dag.py:3340} INFO - Setting next_dagrun for dataset_produces_1 to 2022-12-02T00:00:00+00:00, run_after=2022-12-03T00:00:00+00:00
[2022-12-03T16:03:00.146+0000] {logging_mixin.py:137} INFO - [2022-12-03T16:03:00.146+0000] {dag.py:3340} INFO - Setting next_dagrun for dataset_produces_2 to None, run_after=None
[2022-12-03T16:03:00.175+0000] {processor.py:176} INFO - Processing /home/airflow/.local/lib/python3.7/site-packages/airflow/example_dags/example_datasets.py took 0.181 seconds
[2022-12-03T17:24:32.807+0000] {processor.py:154} INFO - Started process (PID=14442) to work on /home/airflow/.local/lib/python3.7/site-packages/airflow/example_dags/example_datasets.py
[2022-12-03T17:24:32.810+0000] {processor.py:756} INFO - Processing file /home/airflow/.local/lib/python3.7/site-packages/airflow/example_dags/example_datasets.py for tasks to queue
[2022-12-03T17:24:32.811+0000] {logging_mixin.py:137} INFO - [2022-12-03T17:24:32.811+0000] {dagbag.py:537} INFO - Filling up the DagBag from /home/airflow/.local/lib/python3.7/site-packages/airflow/example_dags/example_datasets.py
[2022-12-03T17:24:32.824+0000] {processor.py:766} INFO - DAG(s) dict_keys(['dataset_produces_2', 'dataset_produces_1', 'dataset_consumes_1_never_scheduled', 'dataset_consumes_1_and_2', 'dataset_consumes_1', 'dataset_consumes_unknown_never_scheduled']) retrieved from /home/airflow/.local/lib/python3.7/site-packages/airflow/example_dags/example_datasets.py
[2022-12-03T17:24:32.864+0000] {logging_mixin.py:137} INFO - [2022-12-03T17:24:32.864+0000] {dag.py:2585} INFO - Sync 6 DAGs
[2022-12-03T17:24:32.889+0000] {logging_mixin.py:137} INFO - [2022-12-03T17:24:32.889+0000] {dag.py:3340} INFO - Setting next_dagrun for dataset_consumes_1 to None, run_after=None
[2022-12-03T17:24:32.893+0000] {logging_mixin.py:137} INFO - [2022-12-03T17:24:32.892+0000] {dag.py:3340} INFO - Setting next_dagrun for dataset_consumes_1_and_2 to None, run_after=None
[2022-12-03T17:24:32.895+0000] {logging_mixin.py:137} INFO - [2022-12-03T17:24:32.895+0000] {dag.py:3340} INFO - Setting next_dagrun for dataset_consumes_1_never_scheduled to None, run_after=None
[2022-12-03T17:24:32.898+0000] {logging_mixin.py:137} INFO - [2022-12-03T17:24:32.897+0000] {dag.py:3340} INFO - Setting next_dagrun for dataset_consumes_unknown_never_scheduled to None, run_after=None
[2022-12-03T17:24:32.901+0000] {logging_mixin.py:137} INFO - [2022-12-03T17:24:32.901+0000] {dag.py:3340} INFO - Setting next_dagrun for dataset_produces_1 to 2022-12-02T00:00:00+00:00, run_after=2022-12-03T00:00:00+00:00
[2022-12-03T17:24:32.903+0000] {logging_mixin.py:137} INFO - [2022-12-03T17:24:32.903+0000] {dag.py:3340} INFO - Setting next_dagrun for dataset_produces_2 to None, run_after=None
[2022-12-03T17:24:32.927+0000] {processor.py:176} INFO - Processing /home/airflow/.local/lib/python3.7/site-packages/airflow/example_dags/example_datasets.py took 0.124 seconds
[2022-12-03T18:46:59.069+0000] {processor.py:154} INFO - Started process (PID=14509) to work on /home/airflow/.local/lib/python3.7/site-packages/airflow/example_dags/example_datasets.py
[2022-12-03T18:46:59.070+0000] {processor.py:756} INFO - Processing file /home/airflow/.local/lib/python3.7/site-packages/airflow/example_dags/example_datasets.py for tasks to queue
[2022-12-03T18:46:59.072+0000] {logging_mixin.py:137} INFO - [2022-12-03T18:46:59.071+0000] {dagbag.py:537} INFO - Filling up the DagBag from /home/airflow/.local/lib/python3.7/site-packages/airflow/example_dags/example_datasets.py
[2022-12-03T18:46:59.087+0000] {processor.py:766} INFO - DAG(s) dict_keys(['dataset_consumes_1_and_2', 'dataset_produces_2', 'dataset_consumes_1_never_scheduled', 'dataset_consumes_unknown_never_scheduled', 'dataset_consumes_1', 'dataset_produces_1']) retrieved from /home/airflow/.local/lib/python3.7/site-packages/airflow/example_dags/example_datasets.py
[2022-12-03T18:46:59.161+0000] {logging_mixin.py:137} INFO - [2022-12-03T18:46:59.160+0000] {dag.py:2585} INFO - Sync 6 DAGs
[2022-12-03T18:46:59.187+0000] {logging_mixin.py:137} INFO - [2022-12-03T18:46:59.187+0000] {dag.py:3340} INFO - Setting next_dagrun for dataset_consumes_1 to None, run_after=None
[2022-12-03T18:46:59.195+0000] {logging_mixin.py:137} INFO - [2022-12-03T18:46:59.195+0000] {dag.py:3340} INFO - Setting next_dagrun for dataset_consumes_1_and_2 to None, run_after=None
[2022-12-03T18:46:59.198+0000] {logging_mixin.py:137} INFO - [2022-12-03T18:46:59.198+0000] {dag.py:3340} INFO - Setting next_dagrun for dataset_consumes_1_never_scheduled to None, run_after=None
[2022-12-03T18:46:59.200+0000] {logging_mixin.py:137} INFO - [2022-12-03T18:46:59.200+0000] {dag.py:3340} INFO - Setting next_dagrun for dataset_consumes_unknown_never_scheduled to None, run_after=None
[2022-12-03T18:46:59.204+0000] {logging_mixin.py:137} INFO - [2022-12-03T18:46:59.203+0000] {dag.py:3340} INFO - Setting next_dagrun for dataset_produces_1 to 2022-12-02T00:00:00+00:00, run_after=2022-12-03T00:00:00+00:00
[2022-12-03T18:46:59.206+0000] {logging_mixin.py:137} INFO - [2022-12-03T18:46:59.206+0000] {dag.py:3340} INFO - Setting next_dagrun for dataset_produces_2 to None, run_after=None
[2022-12-03T18:46:59.227+0000] {processor.py:176} INFO - Processing /home/airflow/.local/lib/python3.7/site-packages/airflow/example_dags/example_datasets.py took 0.161 seconds
[2022-12-03T19:40:02.549+0000] {processor.py:154} INFO - Started process (PID=14566) to work on /home/airflow/.local/lib/python3.7/site-packages/airflow/example_dags/example_datasets.py
[2022-12-03T19:40:02.551+0000] {processor.py:756} INFO - Processing file /home/airflow/.local/lib/python3.7/site-packages/airflow/example_dags/example_datasets.py for tasks to queue
[2022-12-03T19:40:02.554+0000] {logging_mixin.py:137} INFO - [2022-12-03T19:40:02.554+0000] {dagbag.py:537} INFO - Filling up the DagBag from /home/airflow/.local/lib/python3.7/site-packages/airflow/example_dags/example_datasets.py
[2022-12-03T19:40:02.586+0000] {processor.py:766} INFO - DAG(s) dict_keys(['dataset_consumes_1_and_2', 'dataset_produces_1', 'dataset_consumes_1', 'dataset_consumes_unknown_never_scheduled', 'dataset_consumes_1_never_scheduled', 'dataset_produces_2']) retrieved from /home/airflow/.local/lib/python3.7/site-packages/airflow/example_dags/example_datasets.py
[2022-12-03T19:40:02.660+0000] {logging_mixin.py:137} INFO - [2022-12-03T19:40:02.660+0000] {dag.py:2585} INFO - Sync 6 DAGs
[2022-12-03T19:40:02.689+0000] {logging_mixin.py:137} INFO - [2022-12-03T19:40:02.689+0000] {dag.py:3340} INFO - Setting next_dagrun for dataset_consumes_1 to None, run_after=None
[2022-12-03T19:40:02.692+0000] {logging_mixin.py:137} INFO - [2022-12-03T19:40:02.692+0000] {dag.py:3340} INFO - Setting next_dagrun for dataset_consumes_1_and_2 to None, run_after=None
[2022-12-03T19:40:02.693+0000] {logging_mixin.py:137} INFO - [2022-12-03T19:40:02.693+0000] {dag.py:3340} INFO - Setting next_dagrun for dataset_consumes_1_never_scheduled to None, run_after=None
[2022-12-03T19:40:02.695+0000] {logging_mixin.py:137} INFO - [2022-12-03T19:40:02.695+0000] {dag.py:3340} INFO - Setting next_dagrun for dataset_consumes_unknown_never_scheduled to None, run_after=None
[2022-12-03T19:40:02.698+0000] {logging_mixin.py:137} INFO - [2022-12-03T19:40:02.698+0000] {dag.py:3340} INFO - Setting next_dagrun for dataset_produces_1 to 2022-12-02T00:00:00+00:00, run_after=2022-12-03T00:00:00+00:00
[2022-12-03T19:40:02.699+0000] {logging_mixin.py:137} INFO - [2022-12-03T19:40:02.699+0000] {dag.py:3340} INFO - Setting next_dagrun for dataset_produces_2 to None, run_after=None
[2022-12-03T19:40:02.717+0000] {processor.py:176} INFO - Processing /home/airflow/.local/lib/python3.7/site-packages/airflow/example_dags/example_datasets.py took 0.181 seconds
[2022-12-03T20:15:10.296+0000] {processor.py:154} INFO - Started process (PID=14632) to work on /home/airflow/.local/lib/python3.7/site-packages/airflow/example_dags/example_datasets.py
[2022-12-03T20:15:10.298+0000] {processor.py:756} INFO - Processing file /home/airflow/.local/lib/python3.7/site-packages/airflow/example_dags/example_datasets.py for tasks to queue
[2022-12-03T20:15:10.299+0000] {logging_mixin.py:137} INFO - [2022-12-03T20:15:10.299+0000] {dagbag.py:537} INFO - Filling up the DagBag from /home/airflow/.local/lib/python3.7/site-packages/airflow/example_dags/example_datasets.py
[2022-12-03T20:15:10.310+0000] {processor.py:766} INFO - DAG(s) dict_keys(['dataset_produces_1', 'dataset_produces_2', 'dataset_consumes_1_never_scheduled', 'dataset_consumes_1', 'dataset_consumes_1_and_2', 'dataset_consumes_unknown_never_scheduled']) retrieved from /home/airflow/.local/lib/python3.7/site-packages/airflow/example_dags/example_datasets.py
[2022-12-03T20:15:10.348+0000] {logging_mixin.py:137} INFO - [2022-12-03T20:15:10.348+0000] {dag.py:2585} INFO - Sync 6 DAGs
[2022-12-03T20:15:10.363+0000] {logging_mixin.py:137} INFO - [2022-12-03T20:15:10.363+0000] {dag.py:3340} INFO - Setting next_dagrun for dataset_consumes_1 to None, run_after=None
[2022-12-03T20:15:10.366+0000] {logging_mixin.py:137} INFO - [2022-12-03T20:15:10.366+0000] {dag.py:3340} INFO - Setting next_dagrun for dataset_consumes_1_and_2 to None, run_after=None
[2022-12-03T20:15:10.368+0000] {logging_mixin.py:137} INFO - [2022-12-03T20:15:10.368+0000] {dag.py:3340} INFO - Setting next_dagrun for dataset_consumes_1_never_scheduled to None, run_after=None
[2022-12-03T20:15:10.370+0000] {logging_mixin.py:137} INFO - [2022-12-03T20:15:10.370+0000] {dag.py:3340} INFO - Setting next_dagrun for dataset_consumes_unknown_never_scheduled to None, run_after=None
[2022-12-03T20:15:10.372+0000] {logging_mixin.py:137} INFO - [2022-12-03T20:15:10.372+0000] {dag.py:3340} INFO - Setting next_dagrun for dataset_produces_1 to 2022-12-02T00:00:00+00:00, run_after=2022-12-03T00:00:00+00:00
[2022-12-03T20:15:10.374+0000] {logging_mixin.py:137} INFO - [2022-12-03T20:15:10.374+0000] {dag.py:3340} INFO - Setting next_dagrun for dataset_produces_2 to None, run_after=None
[2022-12-03T20:15:10.394+0000] {processor.py:176} INFO - Processing /home/airflow/.local/lib/python3.7/site-packages/airflow/example_dags/example_datasets.py took 0.100 seconds
[2022-12-03T20:47:36.987+0000] {processor.py:154} INFO - Started process (PID=14697) to work on /home/airflow/.local/lib/python3.7/site-packages/airflow/example_dags/example_datasets.py
[2022-12-03T20:47:36.992+0000] {processor.py:756} INFO - Processing file /home/airflow/.local/lib/python3.7/site-packages/airflow/example_dags/example_datasets.py for tasks to queue
[2022-12-03T20:47:36.994+0000] {logging_mixin.py:137} INFO - [2022-12-03T20:47:36.994+0000] {dagbag.py:537} INFO - Filling up the DagBag from /home/airflow/.local/lib/python3.7/site-packages/airflow/example_dags/example_datasets.py
[2022-12-03T20:47:37.018+0000] {processor.py:766} INFO - DAG(s) dict_keys(['dataset_consumes_1', 'dataset_produces_1', 'dataset_consumes_1_and_2', 'dataset_produces_2', 'dataset_consumes_1_never_scheduled', 'dataset_consumes_unknown_never_scheduled']) retrieved from /home/airflow/.local/lib/python3.7/site-packages/airflow/example_dags/example_datasets.py
[2022-12-03T20:47:37.073+0000] {logging_mixin.py:137} INFO - [2022-12-03T20:47:37.073+0000] {dag.py:2585} INFO - Sync 6 DAGs
[2022-12-03T20:47:37.101+0000] {logging_mixin.py:137} INFO - [2022-12-03T20:47:37.100+0000] {dag.py:3340} INFO - Setting next_dagrun for dataset_consumes_1 to None, run_after=None
[2022-12-03T20:47:37.107+0000] {logging_mixin.py:137} INFO - [2022-12-03T20:47:37.107+0000] {dag.py:3340} INFO - Setting next_dagrun for dataset_consumes_1_and_2 to None, run_after=None
[2022-12-03T20:47:37.111+0000] {logging_mixin.py:137} INFO - [2022-12-03T20:47:37.111+0000] {dag.py:3340} INFO - Setting next_dagrun for dataset_consumes_1_never_scheduled to None, run_after=None
[2022-12-03T20:47:37.114+0000] {logging_mixin.py:137} INFO - [2022-12-03T20:47:37.113+0000] {dag.py:3340} INFO - Setting next_dagrun for dataset_consumes_unknown_never_scheduled to None, run_after=None
[2022-12-03T20:47:37.122+0000] {logging_mixin.py:137} INFO - [2022-12-03T20:47:37.122+0000] {dag.py:3340} INFO - Setting next_dagrun for dataset_produces_1 to 2022-12-02T00:00:00+00:00, run_after=2022-12-03T00:00:00+00:00
[2022-12-03T20:47:37.126+0000] {logging_mixin.py:137} INFO - [2022-12-03T20:47:37.126+0000] {dag.py:3340} INFO - Setting next_dagrun for dataset_produces_2 to None, run_after=None
[2022-12-03T20:47:37.175+0000] {processor.py:176} INFO - Processing /home/airflow/.local/lib/python3.7/site-packages/airflow/example_dags/example_datasets.py took 0.197 seconds
[2022-12-03T22:10:13.377+0000] {processor.py:154} INFO - Started process (PID=14767) to work on /home/airflow/.local/lib/python3.7/site-packages/airflow/example_dags/example_datasets.py
[2022-12-03T22:10:13.379+0000] {processor.py:756} INFO - Processing file /home/airflow/.local/lib/python3.7/site-packages/airflow/example_dags/example_datasets.py for tasks to queue
[2022-12-03T22:10:13.380+0000] {logging_mixin.py:137} INFO - [2022-12-03T22:10:13.380+0000] {dagbag.py:537} INFO - Filling up the DagBag from /home/airflow/.local/lib/python3.7/site-packages/airflow/example_dags/example_datasets.py
[2022-12-03T22:10:13.390+0000] {processor.py:766} INFO - DAG(s) dict_keys(['dataset_produces_1', 'dataset_consumes_unknown_never_scheduled', 'dataset_consumes_1', 'dataset_produces_2', 'dataset_consumes_1_and_2', 'dataset_consumes_1_never_scheduled']) retrieved from /home/airflow/.local/lib/python3.7/site-packages/airflow/example_dags/example_datasets.py
[2022-12-03T22:10:13.424+0000] {logging_mixin.py:137} INFO - [2022-12-03T22:10:13.424+0000] {dag.py:2585} INFO - Sync 6 DAGs
[2022-12-03T22:10:13.440+0000] {logging_mixin.py:137} INFO - [2022-12-03T22:10:13.440+0000] {dag.py:3340} INFO - Setting next_dagrun for dataset_consumes_1 to None, run_after=None
[2022-12-03T22:10:13.443+0000] {logging_mixin.py:137} INFO - [2022-12-03T22:10:13.443+0000] {dag.py:3340} INFO - Setting next_dagrun for dataset_consumes_1_and_2 to None, run_after=None
[2022-12-03T22:10:13.444+0000] {logging_mixin.py:137} INFO - [2022-12-03T22:10:13.444+0000] {dag.py:3340} INFO - Setting next_dagrun for dataset_consumes_1_never_scheduled to None, run_after=None
[2022-12-03T22:10:13.446+0000] {logging_mixin.py:137} INFO - [2022-12-03T22:10:13.446+0000] {dag.py:3340} INFO - Setting next_dagrun for dataset_consumes_unknown_never_scheduled to None, run_after=None
[2022-12-03T22:10:13.448+0000] {logging_mixin.py:137} INFO - [2022-12-03T22:10:13.448+0000] {dag.py:3340} INFO - Setting next_dagrun for dataset_produces_1 to 2022-12-02T00:00:00+00:00, run_after=2022-12-03T00:00:00+00:00
[2022-12-03T22:10:13.450+0000] {logging_mixin.py:137} INFO - [2022-12-03T22:10:13.450+0000] {dag.py:3340} INFO - Setting next_dagrun for dataset_produces_2 to None, run_after=None
[2022-12-03T22:10:13.469+0000] {processor.py:176} INFO - Processing /home/airflow/.local/lib/python3.7/site-packages/airflow/example_dags/example_datasets.py took 0.095 seconds
[2022-12-03T23:31:52.776+0000] {processor.py:154} INFO - Started process (PID=14826) to work on /home/airflow/.local/lib/python3.7/site-packages/airflow/example_dags/example_datasets.py
[2022-12-03T23:31:52.779+0000] {processor.py:756} INFO - Processing file /home/airflow/.local/lib/python3.7/site-packages/airflow/example_dags/example_datasets.py for tasks to queue
[2022-12-03T23:31:52.781+0000] {logging_mixin.py:137} INFO - [2022-12-03T23:31:52.780+0000] {dagbag.py:537} INFO - Filling up the DagBag from /home/airflow/.local/lib/python3.7/site-packages/airflow/example_dags/example_datasets.py
[2022-12-03T23:31:52.801+0000] {processor.py:766} INFO - DAG(s) dict_keys(['dataset_consumes_1', 'dataset_produces_1', 'dataset_consumes_unknown_never_scheduled', 'dataset_consumes_1_never_scheduled', 'dataset_consumes_1_and_2', 'dataset_produces_2']) retrieved from /home/airflow/.local/lib/python3.7/site-packages/airflow/example_dags/example_datasets.py
[2022-12-03T23:31:52.868+0000] {logging_mixin.py:137} INFO - [2022-12-03T23:31:52.868+0000] {dag.py:2585} INFO - Sync 6 DAGs
[2022-12-03T23:31:52.891+0000] {logging_mixin.py:137} INFO - [2022-12-03T23:31:52.891+0000] {dag.py:3340} INFO - Setting next_dagrun for dataset_consumes_1 to None, run_after=None
[2022-12-03T23:31:52.896+0000] {logging_mixin.py:137} INFO - [2022-12-03T23:31:52.896+0000] {dag.py:3340} INFO - Setting next_dagrun for dataset_consumes_1_and_2 to None, run_after=None
[2022-12-03T23:31:52.899+0000] {logging_mixin.py:137} INFO - [2022-12-03T23:31:52.899+0000] {dag.py:3340} INFO - Setting next_dagrun for dataset_consumes_1_never_scheduled to None, run_after=None
[2022-12-03T23:31:52.902+0000] {logging_mixin.py:137} INFO - [2022-12-03T23:31:52.902+0000] {dag.py:3340} INFO - Setting next_dagrun for dataset_consumes_unknown_never_scheduled to None, run_after=None
[2022-12-03T23:31:52.905+0000] {logging_mixin.py:137} INFO - [2022-12-03T23:31:52.905+0000] {dag.py:3340} INFO - Setting next_dagrun for dataset_produces_1 to 2022-12-02T00:00:00+00:00, run_after=2022-12-03T00:00:00+00:00
[2022-12-03T23:31:52.910+0000] {logging_mixin.py:137} INFO - [2022-12-03T23:31:52.910+0000] {dag.py:3340} INFO - Setting next_dagrun for dataset_produces_2 to None, run_after=None
[2022-12-03T23:31:52.964+0000] {processor.py:176} INFO - Processing /home/airflow/.local/lib/python3.7/site-packages/airflow/example_dags/example_datasets.py took 0.198 seconds
