[2022-12-03T00:24:08.142+0000] {processor.py:154} INFO - Started process (PID=13493) to work on /home/airflow/.local/lib/python3.7/site-packages/airflow/example_dags/example_external_task_marker_dag.py
[2022-12-03T00:24:08.143+0000] {processor.py:756} INFO - Processing file /home/airflow/.local/lib/python3.7/site-packages/airflow/example_dags/example_external_task_marker_dag.py for tasks to queue
[2022-12-03T00:24:08.145+0000] {logging_mixin.py:137} INFO - [2022-12-03T00:24:08.145+0000] {dagbag.py:537} INFO - Filling up the DagBag from /home/airflow/.local/lib/python3.7/site-packages/airflow/example_dags/example_external_task_marker_dag.py
[2022-12-03T00:24:08.157+0000] {processor.py:766} INFO - DAG(s) dict_keys(['example_external_task_marker_child', 'example_external_task_marker_parent']) retrieved from /home/airflow/.local/lib/python3.7/site-packages/airflow/example_dags/example_external_task_marker_dag.py
[2022-12-03T00:24:08.289+0000] {logging_mixin.py:137} INFO - [2022-12-03T00:24:08.289+0000] {dag.py:2585} INFO - Sync 2 DAGs
[2022-12-03T00:24:08.330+0000] {logging_mixin.py:137} INFO - [2022-12-03T00:24:08.330+0000] {dag.py:3340} INFO - Setting next_dagrun for example_external_task_marker_child to None, run_after=None
[2022-12-03T00:24:08.336+0000] {logging_mixin.py:137} INFO - [2022-12-03T00:24:08.336+0000] {dag.py:3340} INFO - Setting next_dagrun for example_external_task_marker_parent to None, run_after=None
[2022-12-03T00:24:08.363+0000] {processor.py:176} INFO - Processing /home/airflow/.local/lib/python3.7/site-packages/airflow/example_dags/example_external_task_marker_dag.py took 0.224 seconds
[2022-12-03T01:45:41.020+0000] {processor.py:154} INFO - Started process (PID=13562) to work on /home/airflow/.local/lib/python3.7/site-packages/airflow/example_dags/example_external_task_marker_dag.py
[2022-12-03T01:45:41.021+0000] {processor.py:756} INFO - Processing file /home/airflow/.local/lib/python3.7/site-packages/airflow/example_dags/example_external_task_marker_dag.py for tasks to queue
[2022-12-03T01:45:41.022+0000] {logging_mixin.py:137} INFO - [2022-12-03T01:45:41.022+0000] {dagbag.py:537} INFO - Filling up the DagBag from /home/airflow/.local/lib/python3.7/site-packages/airflow/example_dags/example_external_task_marker_dag.py
[2022-12-03T01:45:41.031+0000] {processor.py:766} INFO - DAG(s) dict_keys(['example_external_task_marker_child', 'example_external_task_marker_parent']) retrieved from /home/airflow/.local/lib/python3.7/site-packages/airflow/example_dags/example_external_task_marker_dag.py
[2022-12-03T01:45:41.143+0000] {logging_mixin.py:137} INFO - [2022-12-03T01:45:41.143+0000] {dag.py:2585} INFO - Sync 2 DAGs
[2022-12-03T01:45:41.158+0000] {logging_mixin.py:137} INFO - [2022-12-03T01:45:41.158+0000] {dag.py:3340} INFO - Setting next_dagrun for example_external_task_marker_child to None, run_after=None
[2022-12-03T01:45:41.161+0000] {logging_mixin.py:137} INFO - [2022-12-03T01:45:41.161+0000] {dag.py:3340} INFO - Setting next_dagrun for example_external_task_marker_parent to None, run_after=None
[2022-12-03T01:45:41.173+0000] {processor.py:176} INFO - Processing /home/airflow/.local/lib/python3.7/site-packages/airflow/example_dags/example_external_task_marker_dag.py took 0.156 seconds
[2022-12-03T03:05:49.802+0000] {processor.py:154} INFO - Started process (PID=13630) to work on /home/airflow/.local/lib/python3.7/site-packages/airflow/example_dags/example_external_task_marker_dag.py
[2022-12-03T03:05:49.804+0000] {processor.py:756} INFO - Processing file /home/airflow/.local/lib/python3.7/site-packages/airflow/example_dags/example_external_task_marker_dag.py for tasks to queue
[2022-12-03T03:05:49.805+0000] {logging_mixin.py:137} INFO - [2022-12-03T03:05:49.805+0000] {dagbag.py:537} INFO - Filling up the DagBag from /home/airflow/.local/lib/python3.7/site-packages/airflow/example_dags/example_external_task_marker_dag.py
[2022-12-03T03:05:49.815+0000] {processor.py:766} INFO - DAG(s) dict_keys(['example_external_task_marker_child', 'example_external_task_marker_parent']) retrieved from /home/airflow/.local/lib/python3.7/site-packages/airflow/example_dags/example_external_task_marker_dag.py
[2022-12-03T03:05:49.919+0000] {logging_mixin.py:137} INFO - [2022-12-03T03:05:49.919+0000] {dag.py:2585} INFO - Sync 2 DAGs
[2022-12-03T03:05:49.934+0000] {logging_mixin.py:137} INFO - [2022-12-03T03:05:49.934+0000] {dag.py:3340} INFO - Setting next_dagrun for example_external_task_marker_child to None, run_after=None
[2022-12-03T03:05:49.937+0000] {logging_mixin.py:137} INFO - [2022-12-03T03:05:49.937+0000] {dag.py:3340} INFO - Setting next_dagrun for example_external_task_marker_parent to None, run_after=None
[2022-12-03T03:05:49.947+0000] {processor.py:176} INFO - Processing /home/airflow/.local/lib/python3.7/site-packages/airflow/example_dags/example_external_task_marker_dag.py took 0.147 seconds
[2022-12-03T04:30:00.200+0000] {processor.py:154} INFO - Started process (PID=13695) to work on /home/airflow/.local/lib/python3.7/site-packages/airflow/example_dags/example_external_task_marker_dag.py
[2022-12-03T04:30:00.202+0000] {processor.py:756} INFO - Processing file /home/airflow/.local/lib/python3.7/site-packages/airflow/example_dags/example_external_task_marker_dag.py for tasks to queue
[2022-12-03T04:30:00.203+0000] {logging_mixin.py:137} INFO - [2022-12-03T04:30:00.203+0000] {dagbag.py:537} INFO - Filling up the DagBag from /home/airflow/.local/lib/python3.7/site-packages/airflow/example_dags/example_external_task_marker_dag.py
[2022-12-03T04:30:00.213+0000] {processor.py:766} INFO - DAG(s) dict_keys(['example_external_task_marker_parent', 'example_external_task_marker_child']) retrieved from /home/airflow/.local/lib/python3.7/site-packages/airflow/example_dags/example_external_task_marker_dag.py
[2022-12-03T04:30:00.349+0000] {logging_mixin.py:137} INFO - [2022-12-03T04:30:00.349+0000] {dag.py:2585} INFO - Sync 2 DAGs
[2022-12-03T04:30:00.366+0000] {logging_mixin.py:137} INFO - [2022-12-03T04:30:00.366+0000] {dag.py:3340} INFO - Setting next_dagrun for example_external_task_marker_child to None, run_after=None
[2022-12-03T04:30:00.379+0000] {logging_mixin.py:137} INFO - [2022-12-03T04:30:00.378+0000] {dag.py:3340} INFO - Setting next_dagrun for example_external_task_marker_parent to None, run_after=None
[2022-12-03T04:30:00.393+0000] {processor.py:176} INFO - Processing /home/airflow/.local/lib/python3.7/site-packages/airflow/example_dags/example_external_task_marker_dag.py took 0.196 seconds
[2022-12-03T05:52:50.782+0000] {processor.py:154} INFO - Started process (PID=13758) to work on /home/airflow/.local/lib/python3.7/site-packages/airflow/example_dags/example_external_task_marker_dag.py
[2022-12-03T05:52:50.783+0000] {processor.py:756} INFO - Processing file /home/airflow/.local/lib/python3.7/site-packages/airflow/example_dags/example_external_task_marker_dag.py for tasks to queue
[2022-12-03T05:52:50.784+0000] {logging_mixin.py:137} INFO - [2022-12-03T05:52:50.784+0000] {dagbag.py:537} INFO - Filling up the DagBag from /home/airflow/.local/lib/python3.7/site-packages/airflow/example_dags/example_external_task_marker_dag.py
[2022-12-03T05:52:50.795+0000] {processor.py:766} INFO - DAG(s) dict_keys(['example_external_task_marker_child', 'example_external_task_marker_parent']) retrieved from /home/airflow/.local/lib/python3.7/site-packages/airflow/example_dags/example_external_task_marker_dag.py
[2022-12-03T05:52:50.908+0000] {logging_mixin.py:137} INFO - [2022-12-03T05:52:50.908+0000] {dag.py:2585} INFO - Sync 2 DAGs
[2022-12-03T05:52:50.925+0000] {logging_mixin.py:137} INFO - [2022-12-03T05:52:50.925+0000] {dag.py:3340} INFO - Setting next_dagrun for example_external_task_marker_child to None, run_after=None
[2022-12-03T05:52:50.930+0000] {logging_mixin.py:137} INFO - [2022-12-03T05:52:50.929+0000] {dag.py:3340} INFO - Setting next_dagrun for example_external_task_marker_parent to None, run_after=None
[2022-12-03T05:52:50.942+0000] {processor.py:176} INFO - Processing /home/airflow/.local/lib/python3.7/site-packages/airflow/example_dags/example_external_task_marker_dag.py took 0.162 seconds
[2022-12-03T07:14:04.338+0000] {processor.py:154} INFO - Started process (PID=13829) to work on /home/airflow/.local/lib/python3.7/site-packages/airflow/example_dags/example_external_task_marker_dag.py
[2022-12-03T07:14:04.341+0000] {processor.py:756} INFO - Processing file /home/airflow/.local/lib/python3.7/site-packages/airflow/example_dags/example_external_task_marker_dag.py for tasks to queue
[2022-12-03T07:14:04.342+0000] {logging_mixin.py:137} INFO - [2022-12-03T07:14:04.342+0000] {dagbag.py:537} INFO - Filling up the DagBag from /home/airflow/.local/lib/python3.7/site-packages/airflow/example_dags/example_external_task_marker_dag.py
[2022-12-03T07:14:04.350+0000] {processor.py:766} INFO - DAG(s) dict_keys(['example_external_task_marker_child', 'example_external_task_marker_parent']) retrieved from /home/airflow/.local/lib/python3.7/site-packages/airflow/example_dags/example_external_task_marker_dag.py
[2022-12-03T07:14:04.456+0000] {logging_mixin.py:137} INFO - [2022-12-03T07:14:04.456+0000] {dag.py:2585} INFO - Sync 2 DAGs
[2022-12-03T07:14:04.471+0000] {logging_mixin.py:137} INFO - [2022-12-03T07:14:04.471+0000] {dag.py:3340} INFO - Setting next_dagrun for example_external_task_marker_child to None, run_after=None
[2022-12-03T07:14:04.475+0000] {logging_mixin.py:137} INFO - [2022-12-03T07:14:04.475+0000] {dag.py:3340} INFO - Setting next_dagrun for example_external_task_marker_parent to None, run_after=None
[2022-12-03T07:14:04.486+0000] {processor.py:176} INFO - Processing /home/airflow/.local/lib/python3.7/site-packages/airflow/example_dags/example_external_task_marker_dag.py took 0.151 seconds
[2022-12-03T08:36:16.401+0000] {processor.py:154} INFO - Started process (PID=13902) to work on /home/airflow/.local/lib/python3.7/site-packages/airflow/example_dags/example_external_task_marker_dag.py
[2022-12-03T08:36:16.403+0000] {processor.py:756} INFO - Processing file /home/airflow/.local/lib/python3.7/site-packages/airflow/example_dags/example_external_task_marker_dag.py for tasks to queue
[2022-12-03T08:36:16.404+0000] {logging_mixin.py:137} INFO - [2022-12-03T08:36:16.404+0000] {dagbag.py:537} INFO - Filling up the DagBag from /home/airflow/.local/lib/python3.7/site-packages/airflow/example_dags/example_external_task_marker_dag.py
[2022-12-03T08:36:16.419+0000] {processor.py:766} INFO - DAG(s) dict_keys(['example_external_task_marker_child', 'example_external_task_marker_parent']) retrieved from /home/airflow/.local/lib/python3.7/site-packages/airflow/example_dags/example_external_task_marker_dag.py
[2022-12-03T08:36:16.525+0000] {logging_mixin.py:137} INFO - [2022-12-03T08:36:16.525+0000] {dag.py:2585} INFO - Sync 2 DAGs
[2022-12-03T08:36:16.541+0000] {logging_mixin.py:137} INFO - [2022-12-03T08:36:16.541+0000] {dag.py:3340} INFO - Setting next_dagrun for example_external_task_marker_child to None, run_after=None
[2022-12-03T08:36:16.544+0000] {logging_mixin.py:137} INFO - [2022-12-03T08:36:16.544+0000] {dag.py:3340} INFO - Setting next_dagrun for example_external_task_marker_parent to None, run_after=None
[2022-12-03T08:36:16.554+0000] {processor.py:176} INFO - Processing /home/airflow/.local/lib/python3.7/site-packages/airflow/example_dags/example_external_task_marker_dag.py took 0.155 seconds
[2022-12-03T09:58:29.600+0000] {processor.py:154} INFO - Started process (PID=13970) to work on /home/airflow/.local/lib/python3.7/site-packages/airflow/example_dags/example_external_task_marker_dag.py
[2022-12-03T09:58:29.602+0000] {processor.py:756} INFO - Processing file /home/airflow/.local/lib/python3.7/site-packages/airflow/example_dags/example_external_task_marker_dag.py for tasks to queue
[2022-12-03T09:58:29.603+0000] {logging_mixin.py:137} INFO - [2022-12-03T09:58:29.602+0000] {dagbag.py:537} INFO - Filling up the DagBag from /home/airflow/.local/lib/python3.7/site-packages/airflow/example_dags/example_external_task_marker_dag.py
[2022-12-03T09:58:29.613+0000] {processor.py:766} INFO - DAG(s) dict_keys(['example_external_task_marker_child', 'example_external_task_marker_parent']) retrieved from /home/airflow/.local/lib/python3.7/site-packages/airflow/example_dags/example_external_task_marker_dag.py
[2022-12-03T09:58:29.724+0000] {logging_mixin.py:137} INFO - [2022-12-03T09:58:29.724+0000] {dag.py:2585} INFO - Sync 2 DAGs
[2022-12-03T09:58:29.739+0000] {logging_mixin.py:137} INFO - [2022-12-03T09:58:29.739+0000] {dag.py:3340} INFO - Setting next_dagrun for example_external_task_marker_child to None, run_after=None
[2022-12-03T09:58:29.742+0000] {logging_mixin.py:137} INFO - [2022-12-03T09:58:29.742+0000] {dag.py:3340} INFO - Setting next_dagrun for example_external_task_marker_parent to None, run_after=None
[2022-12-03T09:58:29.752+0000] {processor.py:176} INFO - Processing /home/airflow/.local/lib/python3.7/site-packages/airflow/example_dags/example_external_task_marker_dag.py took 0.155 seconds
[2022-12-03T11:03:30.292+0000] {processor.py:154} INFO - Started process (PID=14025) to work on /home/airflow/.local/lib/python3.7/site-packages/airflow/example_dags/example_external_task_marker_dag.py
[2022-12-03T11:03:30.296+0000] {processor.py:756} INFO - Processing file /home/airflow/.local/lib/python3.7/site-packages/airflow/example_dags/example_external_task_marker_dag.py for tasks to queue
[2022-12-03T11:03:30.298+0000] {logging_mixin.py:137} INFO - [2022-12-03T11:03:30.297+0000] {dagbag.py:537} INFO - Filling up the DagBag from /home/airflow/.local/lib/python3.7/site-packages/airflow/example_dags/example_external_task_marker_dag.py
[2022-12-03T11:03:30.330+0000] {processor.py:766} INFO - DAG(s) dict_keys(['example_external_task_marker_child', 'example_external_task_marker_parent']) retrieved from /home/airflow/.local/lib/python3.7/site-packages/airflow/example_dags/example_external_task_marker_dag.py
[2022-12-03T11:03:30.549+0000] {logging_mixin.py:137} INFO - [2022-12-03T11:03:30.549+0000] {dag.py:2585} INFO - Sync 2 DAGs
[2022-12-03T11:03:30.582+0000] {logging_mixin.py:137} INFO - [2022-12-03T11:03:30.582+0000] {dag.py:3340} INFO - Setting next_dagrun for example_external_task_marker_child to None, run_after=None
[2022-12-03T11:03:30.588+0000] {logging_mixin.py:137} INFO - [2022-12-03T11:03:30.588+0000] {dag.py:3340} INFO - Setting next_dagrun for example_external_task_marker_parent to None, run_after=None
[2022-12-03T11:03:30.604+0000] {processor.py:176} INFO - Processing /home/airflow/.local/lib/python3.7/site-packages/airflow/example_dags/example_external_task_marker_dag.py took 0.315 seconds
[2022-12-03T11:21:00.604+0000] {processor.py:154} INFO - Started process (PID=14099) to work on /home/airflow/.local/lib/python3.7/site-packages/airflow/example_dags/example_external_task_marker_dag.py
[2022-12-03T11:21:00.609+0000] {processor.py:756} INFO - Processing file /home/airflow/.local/lib/python3.7/site-packages/airflow/example_dags/example_external_task_marker_dag.py for tasks to queue
[2022-12-03T11:21:00.612+0000] {logging_mixin.py:137} INFO - [2022-12-03T11:21:00.611+0000] {dagbag.py:537} INFO - Filling up the DagBag from /home/airflow/.local/lib/python3.7/site-packages/airflow/example_dags/example_external_task_marker_dag.py
[2022-12-03T11:21:00.633+0000] {processor.py:766} INFO - DAG(s) dict_keys(['example_external_task_marker_parent', 'example_external_task_marker_child']) retrieved from /home/airflow/.local/lib/python3.7/site-packages/airflow/example_dags/example_external_task_marker_dag.py
[2022-12-03T11:21:00.873+0000] {logging_mixin.py:137} INFO - [2022-12-03T11:21:00.873+0000] {dag.py:2585} INFO - Sync 2 DAGs
[2022-12-03T11:21:00.902+0000] {logging_mixin.py:137} INFO - [2022-12-03T11:21:00.902+0000] {dag.py:3340} INFO - Setting next_dagrun for example_external_task_marker_child to None, run_after=None
[2022-12-03T11:21:00.907+0000] {logging_mixin.py:137} INFO - [2022-12-03T11:21:00.907+0000] {dag.py:3340} INFO - Setting next_dagrun for example_external_task_marker_parent to None, run_after=None
[2022-12-03T11:21:00.925+0000] {processor.py:176} INFO - Processing /home/airflow/.local/lib/python3.7/site-packages/airflow/example_dags/example_external_task_marker_dag.py took 0.326 seconds
[2022-12-03T12:21:04.409+0000] {processor.py:154} INFO - Started process (PID=14172) to work on /home/airflow/.local/lib/python3.7/site-packages/airflow/example_dags/example_external_task_marker_dag.py
[2022-12-03T12:21:04.412+0000] {processor.py:756} INFO - Processing file /home/airflow/.local/lib/python3.7/site-packages/airflow/example_dags/example_external_task_marker_dag.py for tasks to queue
[2022-12-03T12:21:04.413+0000] {logging_mixin.py:137} INFO - [2022-12-03T12:21:04.413+0000] {dagbag.py:537} INFO - Filling up the DagBag from /home/airflow/.local/lib/python3.7/site-packages/airflow/example_dags/example_external_task_marker_dag.py
[2022-12-03T12:21:04.425+0000] {processor.py:766} INFO - DAG(s) dict_keys(['example_external_task_marker_parent', 'example_external_task_marker_child']) retrieved from /home/airflow/.local/lib/python3.7/site-packages/airflow/example_dags/example_external_task_marker_dag.py
[2022-12-03T12:21:04.537+0000] {logging_mixin.py:137} INFO - [2022-12-03T12:21:04.537+0000] {dag.py:2585} INFO - Sync 2 DAGs
[2022-12-03T12:21:04.558+0000] {logging_mixin.py:137} INFO - [2022-12-03T12:21:04.558+0000] {dag.py:3340} INFO - Setting next_dagrun for example_external_task_marker_child to None, run_after=None
[2022-12-03T12:21:04.562+0000] {logging_mixin.py:137} INFO - [2022-12-03T12:21:04.561+0000] {dag.py:3340} INFO - Setting next_dagrun for example_external_task_marker_parent to None, run_after=None
[2022-12-03T12:21:04.576+0000] {processor.py:176} INFO - Processing /home/airflow/.local/lib/python3.7/site-packages/airflow/example_dags/example_external_task_marker_dag.py took 0.169 seconds
[2022-12-03T13:24:17.352+0000] {processor.py:154} INFO - Started process (PID=14247) to work on /home/airflow/.local/lib/python3.7/site-packages/airflow/example_dags/example_external_task_marker_dag.py
[2022-12-03T13:24:17.355+0000] {processor.py:756} INFO - Processing file /home/airflow/.local/lib/python3.7/site-packages/airflow/example_dags/example_external_task_marker_dag.py for tasks to queue
[2022-12-03T13:24:17.357+0000] {logging_mixin.py:137} INFO - [2022-12-03T13:24:17.357+0000] {dagbag.py:537} INFO - Filling up the DagBag from /home/airflow/.local/lib/python3.7/site-packages/airflow/example_dags/example_external_task_marker_dag.py
[2022-12-03T13:24:17.374+0000] {processor.py:766} INFO - DAG(s) dict_keys(['example_external_task_marker_parent', 'example_external_task_marker_child']) retrieved from /home/airflow/.local/lib/python3.7/site-packages/airflow/example_dags/example_external_task_marker_dag.py
[2022-12-03T13:24:17.546+0000] {logging_mixin.py:137} INFO - [2022-12-03T13:24:17.546+0000] {dag.py:2585} INFO - Sync 2 DAGs
[2022-12-03T13:24:17.564+0000] {logging_mixin.py:137} INFO - [2022-12-03T13:24:17.564+0000] {dag.py:3340} INFO - Setting next_dagrun for example_external_task_marker_child to None, run_after=None
[2022-12-03T13:24:17.568+0000] {logging_mixin.py:137} INFO - [2022-12-03T13:24:17.568+0000] {dag.py:3340} INFO - Setting next_dagrun for example_external_task_marker_parent to None, run_after=None
[2022-12-03T13:24:17.580+0000] {processor.py:176} INFO - Processing /home/airflow/.local/lib/python3.7/site-packages/airflow/example_dags/example_external_task_marker_dag.py took 0.235 seconds
[2022-12-03T14:43:47.180+0000] {processor.py:154} INFO - Started process (PID=14302) to work on /home/airflow/.local/lib/python3.7/site-packages/airflow/example_dags/example_external_task_marker_dag.py
[2022-12-03T14:43:47.181+0000] {processor.py:756} INFO - Processing file /home/airflow/.local/lib/python3.7/site-packages/airflow/example_dags/example_external_task_marker_dag.py for tasks to queue
[2022-12-03T14:43:47.183+0000] {logging_mixin.py:137} INFO - [2022-12-03T14:43:47.182+0000] {dagbag.py:537} INFO - Filling up the DagBag from /home/airflow/.local/lib/python3.7/site-packages/airflow/example_dags/example_external_task_marker_dag.py
[2022-12-03T14:43:47.192+0000] {processor.py:766} INFO - DAG(s) dict_keys(['example_external_task_marker_parent', 'example_external_task_marker_child']) retrieved from /home/airflow/.local/lib/python3.7/site-packages/airflow/example_dags/example_external_task_marker_dag.py
[2022-12-03T14:43:47.304+0000] {logging_mixin.py:137} INFO - [2022-12-03T14:43:47.304+0000] {dag.py:2585} INFO - Sync 2 DAGs
[2022-12-03T14:43:47.320+0000] {logging_mixin.py:137} INFO - [2022-12-03T14:43:47.319+0000] {dag.py:3340} INFO - Setting next_dagrun for example_external_task_marker_child to None, run_after=None
[2022-12-03T14:43:47.323+0000] {logging_mixin.py:137} INFO - [2022-12-03T14:43:47.323+0000] {dag.py:3340} INFO - Setting next_dagrun for example_external_task_marker_parent to None, run_after=None
[2022-12-03T14:43:47.334+0000] {processor.py:176} INFO - Processing /home/airflow/.local/lib/python3.7/site-packages/airflow/example_dags/example_external_task_marker_dag.py took 0.156 seconds
[2022-12-03T16:02:59.230+0000] {processor.py:154} INFO - Started process (PID=14368) to work on /home/airflow/.local/lib/python3.7/site-packages/airflow/example_dags/example_external_task_marker_dag.py
[2022-12-03T16:02:59.232+0000] {processor.py:756} INFO - Processing file /home/airflow/.local/lib/python3.7/site-packages/airflow/example_dags/example_external_task_marker_dag.py for tasks to queue
[2022-12-03T16:02:59.233+0000] {logging_mixin.py:137} INFO - [2022-12-03T16:02:59.233+0000] {dagbag.py:537} INFO - Filling up the DagBag from /home/airflow/.local/lib/python3.7/site-packages/airflow/example_dags/example_external_task_marker_dag.py
[2022-12-03T16:02:59.243+0000] {processor.py:766} INFO - DAG(s) dict_keys(['example_external_task_marker_child', 'example_external_task_marker_parent']) retrieved from /home/airflow/.local/lib/python3.7/site-packages/airflow/example_dags/example_external_task_marker_dag.py
[2022-12-03T16:02:59.365+0000] {logging_mixin.py:137} INFO - [2022-12-03T16:02:59.365+0000] {dag.py:2585} INFO - Sync 2 DAGs
[2022-12-03T16:02:59.384+0000] {logging_mixin.py:137} INFO - [2022-12-03T16:02:59.384+0000] {dag.py:3340} INFO - Setting next_dagrun for example_external_task_marker_child to None, run_after=None
[2022-12-03T16:02:59.389+0000] {logging_mixin.py:137} INFO - [2022-12-03T16:02:59.389+0000] {dag.py:3340} INFO - Setting next_dagrun for example_external_task_marker_parent to None, run_after=None
[2022-12-03T16:02:59.750+0000] {processor.py:176} INFO - Processing /home/airflow/.local/lib/python3.7/site-packages/airflow/example_dags/example_external_task_marker_dag.py took 0.522 seconds
[2022-12-03T17:24:31.983+0000] {processor.py:154} INFO - Started process (PID=14436) to work on /home/airflow/.local/lib/python3.7/site-packages/airflow/example_dags/example_external_task_marker_dag.py
[2022-12-03T17:24:31.987+0000] {processor.py:756} INFO - Processing file /home/airflow/.local/lib/python3.7/site-packages/airflow/example_dags/example_external_task_marker_dag.py for tasks to queue
[2022-12-03T17:24:31.988+0000] {logging_mixin.py:137} INFO - [2022-12-03T17:24:31.988+0000] {dagbag.py:537} INFO - Filling up the DagBag from /home/airflow/.local/lib/python3.7/site-packages/airflow/example_dags/example_external_task_marker_dag.py
[2022-12-03T17:24:32.017+0000] {processor.py:766} INFO - DAG(s) dict_keys(['example_external_task_marker_child', 'example_external_task_marker_parent']) retrieved from /home/airflow/.local/lib/python3.7/site-packages/airflow/example_dags/example_external_task_marker_dag.py
[2022-12-03T17:24:32.264+0000] {logging_mixin.py:137} INFO - [2022-12-03T17:24:32.264+0000] {dag.py:2585} INFO - Sync 2 DAGs
[2022-12-03T17:24:32.301+0000] {logging_mixin.py:137} INFO - [2022-12-03T17:24:32.301+0000] {dag.py:3340} INFO - Setting next_dagrun for example_external_task_marker_child to None, run_after=None
[2022-12-03T17:24:32.307+0000] {logging_mixin.py:137} INFO - [2022-12-03T17:24:32.307+0000] {dag.py:3340} INFO - Setting next_dagrun for example_external_task_marker_parent to None, run_after=None
[2022-12-03T17:24:32.340+0000] {processor.py:176} INFO - Processing /home/airflow/.local/lib/python3.7/site-packages/airflow/example_dags/example_external_task_marker_dag.py took 0.361 seconds
[2022-12-03T18:46:58.692+0000] {processor.py:154} INFO - Started process (PID=14503) to work on /home/airflow/.local/lib/python3.7/site-packages/airflow/example_dags/example_external_task_marker_dag.py
[2022-12-03T18:46:58.695+0000] {processor.py:756} INFO - Processing file /home/airflow/.local/lib/python3.7/site-packages/airflow/example_dags/example_external_task_marker_dag.py for tasks to queue
[2022-12-03T18:46:58.696+0000] {logging_mixin.py:137} INFO - [2022-12-03T18:46:58.696+0000] {dagbag.py:537} INFO - Filling up the DagBag from /home/airflow/.local/lib/python3.7/site-packages/airflow/example_dags/example_external_task_marker_dag.py
[2022-12-03T18:46:58.705+0000] {processor.py:766} INFO - DAG(s) dict_keys(['example_external_task_marker_parent', 'example_external_task_marker_child']) retrieved from /home/airflow/.local/lib/python3.7/site-packages/airflow/example_dags/example_external_task_marker_dag.py
[2022-12-03T18:46:58.825+0000] {logging_mixin.py:137} INFO - [2022-12-03T18:46:58.825+0000] {dag.py:2585} INFO - Sync 2 DAGs
[2022-12-03T18:46:58.842+0000] {logging_mixin.py:137} INFO - [2022-12-03T18:46:58.842+0000] {dag.py:3340} INFO - Setting next_dagrun for example_external_task_marker_child to None, run_after=None
[2022-12-03T18:46:58.845+0000] {logging_mixin.py:137} INFO - [2022-12-03T18:46:58.845+0000] {dag.py:3340} INFO - Setting next_dagrun for example_external_task_marker_parent to None, run_after=None
[2022-12-03T18:46:58.858+0000] {processor.py:176} INFO - Processing /home/airflow/.local/lib/python3.7/site-packages/airflow/example_dags/example_external_task_marker_dag.py took 0.168 seconds
[2022-12-03T19:40:01.780+0000] {processor.py:154} INFO - Started process (PID=14560) to work on /home/airflow/.local/lib/python3.7/site-packages/airflow/example_dags/example_external_task_marker_dag.py
[2022-12-03T19:40:01.789+0000] {processor.py:756} INFO - Processing file /home/airflow/.local/lib/python3.7/site-packages/airflow/example_dags/example_external_task_marker_dag.py for tasks to queue
[2022-12-03T19:40:01.793+0000] {logging_mixin.py:137} INFO - [2022-12-03T19:40:01.793+0000] {dagbag.py:537} INFO - Filling up the DagBag from /home/airflow/.local/lib/python3.7/site-packages/airflow/example_dags/example_external_task_marker_dag.py
[2022-12-03T19:40:01.819+0000] {processor.py:766} INFO - DAG(s) dict_keys(['example_external_task_marker_parent', 'example_external_task_marker_child']) retrieved from /home/airflow/.local/lib/python3.7/site-packages/airflow/example_dags/example_external_task_marker_dag.py
[2022-12-03T19:40:02.000+0000] {logging_mixin.py:137} INFO - [2022-12-03T19:40:02.000+0000] {dag.py:2585} INFO - Sync 2 DAGs
[2022-12-03T19:40:02.034+0000] {logging_mixin.py:137} INFO - [2022-12-03T19:40:02.034+0000] {dag.py:3340} INFO - Setting next_dagrun for example_external_task_marker_child to None, run_after=None
[2022-12-03T19:40:02.039+0000] {logging_mixin.py:137} INFO - [2022-12-03T19:40:02.039+0000] {dag.py:3340} INFO - Setting next_dagrun for example_external_task_marker_parent to None, run_after=None
[2022-12-03T19:40:02.064+0000] {processor.py:176} INFO - Processing /home/airflow/.local/lib/python3.7/site-packages/airflow/example_dags/example_external_task_marker_dag.py took 0.287 seconds
[2022-12-03T20:15:09.737+0000] {processor.py:154} INFO - Started process (PID=14626) to work on /home/airflow/.local/lib/python3.7/site-packages/airflow/example_dags/example_external_task_marker_dag.py
[2022-12-03T20:15:09.742+0000] {processor.py:756} INFO - Processing file /home/airflow/.local/lib/python3.7/site-packages/airflow/example_dags/example_external_task_marker_dag.py for tasks to queue
[2022-12-03T20:15:09.743+0000] {logging_mixin.py:137} INFO - [2022-12-03T20:15:09.743+0000] {dagbag.py:537} INFO - Filling up the DagBag from /home/airflow/.local/lib/python3.7/site-packages/airflow/example_dags/example_external_task_marker_dag.py
[2022-12-03T20:15:09.760+0000] {processor.py:766} INFO - DAG(s) dict_keys(['example_external_task_marker_child', 'example_external_task_marker_parent']) retrieved from /home/airflow/.local/lib/python3.7/site-packages/airflow/example_dags/example_external_task_marker_dag.py
[2022-12-03T20:15:09.892+0000] {logging_mixin.py:137} INFO - [2022-12-03T20:15:09.892+0000] {dag.py:2585} INFO - Sync 2 DAGs
[2022-12-03T20:15:09.926+0000] {logging_mixin.py:137} INFO - [2022-12-03T20:15:09.926+0000] {dag.py:3340} INFO - Setting next_dagrun for example_external_task_marker_child to None, run_after=None
[2022-12-03T20:15:09.932+0000] {logging_mixin.py:137} INFO - [2022-12-03T20:15:09.932+0000] {dag.py:3340} INFO - Setting next_dagrun for example_external_task_marker_parent to None, run_after=None
[2022-12-03T20:15:09.953+0000] {processor.py:176} INFO - Processing /home/airflow/.local/lib/python3.7/site-packages/airflow/example_dags/example_external_task_marker_dag.py took 0.221 seconds
[2022-12-03T20:47:36.435+0000] {processor.py:154} INFO - Started process (PID=14691) to work on /home/airflow/.local/lib/python3.7/site-packages/airflow/example_dags/example_external_task_marker_dag.py
[2022-12-03T20:47:36.437+0000] {processor.py:756} INFO - Processing file /home/airflow/.local/lib/python3.7/site-packages/airflow/example_dags/example_external_task_marker_dag.py for tasks to queue
[2022-12-03T20:47:36.438+0000] {logging_mixin.py:137} INFO - [2022-12-03T20:47:36.438+0000] {dagbag.py:537} INFO - Filling up the DagBag from /home/airflow/.local/lib/python3.7/site-packages/airflow/example_dags/example_external_task_marker_dag.py
[2022-12-03T20:47:36.448+0000] {processor.py:766} INFO - DAG(s) dict_keys(['example_external_task_marker_child', 'example_external_task_marker_parent']) retrieved from /home/airflow/.local/lib/python3.7/site-packages/airflow/example_dags/example_external_task_marker_dag.py
[2022-12-03T20:47:36.579+0000] {logging_mixin.py:137} INFO - [2022-12-03T20:47:36.579+0000] {dag.py:2585} INFO - Sync 2 DAGs
[2022-12-03T20:47:36.627+0000] {logging_mixin.py:137} INFO - [2022-12-03T20:47:36.627+0000] {dag.py:3340} INFO - Setting next_dagrun for example_external_task_marker_child to None, run_after=None
[2022-12-03T20:47:36.639+0000] {logging_mixin.py:137} INFO - [2022-12-03T20:47:36.639+0000] {dag.py:3340} INFO - Setting next_dagrun for example_external_task_marker_parent to None, run_after=None
[2022-12-03T20:47:36.686+0000] {processor.py:176} INFO - Processing /home/airflow/.local/lib/python3.7/site-packages/airflow/example_dags/example_external_task_marker_dag.py took 0.255 seconds
[2022-12-03T22:10:13.028+0000] {processor.py:154} INFO - Started process (PID=14761) to work on /home/airflow/.local/lib/python3.7/site-packages/airflow/example_dags/example_external_task_marker_dag.py
[2022-12-03T22:10:13.029+0000] {processor.py:756} INFO - Processing file /home/airflow/.local/lib/python3.7/site-packages/airflow/example_dags/example_external_task_marker_dag.py for tasks to queue
[2022-12-03T22:10:13.031+0000] {logging_mixin.py:137} INFO - [2022-12-03T22:10:13.030+0000] {dagbag.py:537} INFO - Filling up the DagBag from /home/airflow/.local/lib/python3.7/site-packages/airflow/example_dags/example_external_task_marker_dag.py
[2022-12-03T22:10:13.040+0000] {processor.py:766} INFO - DAG(s) dict_keys(['example_external_task_marker_child', 'example_external_task_marker_parent']) retrieved from /home/airflow/.local/lib/python3.7/site-packages/airflow/example_dags/example_external_task_marker_dag.py
[2022-12-03T22:10:13.150+0000] {logging_mixin.py:137} INFO - [2022-12-03T22:10:13.150+0000] {dag.py:2585} INFO - Sync 2 DAGs
[2022-12-03T22:10:13.165+0000] {logging_mixin.py:137} INFO - [2022-12-03T22:10:13.165+0000] {dag.py:3340} INFO - Setting next_dagrun for example_external_task_marker_child to None, run_after=None
[2022-12-03T22:10:13.168+0000] {logging_mixin.py:137} INFO - [2022-12-03T22:10:13.168+0000] {dag.py:3340} INFO - Setting next_dagrun for example_external_task_marker_parent to None, run_after=None
[2022-12-03T22:10:13.179+0000] {processor.py:176} INFO - Processing /home/airflow/.local/lib/python3.7/site-packages/airflow/example_dags/example_external_task_marker_dag.py took 0.153 seconds
[2022-12-03T23:31:52.319+0000] {processor.py:154} INFO - Started process (PID=14820) to work on /home/airflow/.local/lib/python3.7/site-packages/airflow/example_dags/example_external_task_marker_dag.py
[2022-12-03T23:31:52.322+0000] {processor.py:756} INFO - Processing file /home/airflow/.local/lib/python3.7/site-packages/airflow/example_dags/example_external_task_marker_dag.py for tasks to queue
[2022-12-03T23:31:52.323+0000] {logging_mixin.py:137} INFO - [2022-12-03T23:31:52.323+0000] {dagbag.py:537} INFO - Filling up the DagBag from /home/airflow/.local/lib/python3.7/site-packages/airflow/example_dags/example_external_task_marker_dag.py
[2022-12-03T23:31:52.332+0000] {processor.py:766} INFO - DAG(s) dict_keys(['example_external_task_marker_child', 'example_external_task_marker_parent']) retrieved from /home/airflow/.local/lib/python3.7/site-packages/airflow/example_dags/example_external_task_marker_dag.py
[2022-12-03T23:31:52.442+0000] {logging_mixin.py:137} INFO - [2022-12-03T23:31:52.442+0000] {dag.py:2585} INFO - Sync 2 DAGs
[2022-12-03T23:31:52.458+0000] {logging_mixin.py:137} INFO - [2022-12-03T23:31:52.458+0000] {dag.py:3340} INFO - Setting next_dagrun for example_external_task_marker_child to None, run_after=None
[2022-12-03T23:31:52.461+0000] {logging_mixin.py:137} INFO - [2022-12-03T23:31:52.461+0000] {dag.py:3340} INFO - Setting next_dagrun for example_external_task_marker_parent to None, run_after=None
[2022-12-03T23:31:52.472+0000] {processor.py:176} INFO - Processing /home/airflow/.local/lib/python3.7/site-packages/airflow/example_dags/example_external_task_marker_dag.py took 0.156 seconds
