[2022-12-03T00:24:09.442+0000] {processor.py:154} INFO - Started process (PID=13503) to work on /home/airflow/.local/lib/python3.7/site-packages/airflow/example_dags/example_latest_only.py
[2022-12-03T00:24:09.444+0000] {processor.py:756} INFO - Processing file /home/airflow/.local/lib/python3.7/site-packages/airflow/example_dags/example_latest_only.py for tasks to queue
[2022-12-03T00:24:09.445+0000] {logging_mixin.py:137} INFO - [2022-12-03T00:24:09.445+0000] {dagbag.py:537} INFO - Filling up the DagBag from /home/airflow/.local/lib/python3.7/site-packages/airflow/example_dags/example_latest_only.py
[2022-12-03T00:24:09.455+0000] {processor.py:766} INFO - DAG(s) dict_keys(['latest_only']) retrieved from /home/airflow/.local/lib/python3.7/site-packages/airflow/example_dags/example_latest_only.py
[2022-12-03T00:24:09.480+0000] {logging_mixin.py:137} INFO - [2022-12-03T00:24:09.480+0000] {dag.py:2585} INFO - Sync 1 DAGs
[2022-12-03T00:24:09.495+0000] {logging_mixin.py:137} INFO - [2022-12-03T00:24:09.495+0000] {dag.py:3340} INFO - Setting next_dagrun for latest_only to 2022-12-02T20:24:09.495328+00:00, run_after=2022-12-03T00:24:09.495328+00:00
[2022-12-03T00:24:09.507+0000] {processor.py:176} INFO - Processing /home/airflow/.local/lib/python3.7/site-packages/airflow/example_dags/example_latest_only.py took 0.068 seconds
[2022-12-03T01:45:41.591+0000] {processor.py:154} INFO - Started process (PID=13572) to work on /home/airflow/.local/lib/python3.7/site-packages/airflow/example_dags/example_latest_only.py
[2022-12-03T01:45:41.592+0000] {processor.py:756} INFO - Processing file /home/airflow/.local/lib/python3.7/site-packages/airflow/example_dags/example_latest_only.py for tasks to queue
[2022-12-03T01:45:41.594+0000] {logging_mixin.py:137} INFO - [2022-12-03T01:45:41.594+0000] {dagbag.py:537} INFO - Filling up the DagBag from /home/airflow/.local/lib/python3.7/site-packages/airflow/example_dags/example_latest_only.py
[2022-12-03T01:45:41.603+0000] {processor.py:766} INFO - DAG(s) dict_keys(['latest_only']) retrieved from /home/airflow/.local/lib/python3.7/site-packages/airflow/example_dags/example_latest_only.py
[2022-12-03T01:45:41.628+0000] {logging_mixin.py:137} INFO - [2022-12-03T01:45:41.628+0000] {dag.py:2585} INFO - Sync 1 DAGs
[2022-12-03T01:45:41.642+0000] {logging_mixin.py:137} INFO - [2022-12-03T01:45:41.642+0000] {dag.py:3340} INFO - Setting next_dagrun for latest_only to 2022-12-02T21:45:41.642250+00:00, run_after=2022-12-03T01:45:41.642250+00:00
[2022-12-03T01:45:41.655+0000] {processor.py:176} INFO - Processing /home/airflow/.local/lib/python3.7/site-packages/airflow/example_dags/example_latest_only.py took 0.067 seconds
[2022-12-03T03:05:50.682+0000] {processor.py:154} INFO - Started process (PID=13640) to work on /home/airflow/.local/lib/python3.7/site-packages/airflow/example_dags/example_latest_only.py
[2022-12-03T03:05:50.687+0000] {processor.py:756} INFO - Processing file /home/airflow/.local/lib/python3.7/site-packages/airflow/example_dags/example_latest_only.py for tasks to queue
[2022-12-03T03:05:50.689+0000] {logging_mixin.py:137} INFO - [2022-12-03T03:05:50.688+0000] {dagbag.py:537} INFO - Filling up the DagBag from /home/airflow/.local/lib/python3.7/site-packages/airflow/example_dags/example_latest_only.py
[2022-12-03T03:05:50.712+0000] {processor.py:766} INFO - DAG(s) dict_keys(['latest_only']) retrieved from /home/airflow/.local/lib/python3.7/site-packages/airflow/example_dags/example_latest_only.py
[2022-12-03T03:05:50.810+0000] {logging_mixin.py:137} INFO - [2022-12-03T03:05:50.810+0000] {dag.py:2585} INFO - Sync 1 DAGs
[2022-12-03T03:05:50.846+0000] {logging_mixin.py:137} INFO - [2022-12-03T03:05:50.845+0000] {dag.py:3340} INFO - Setting next_dagrun for latest_only to 2022-12-02T23:05:50.845534+00:00, run_after=2022-12-03T03:05:50.845534+00:00
[2022-12-03T03:05:50.874+0000] {processor.py:176} INFO - Processing /home/airflow/.local/lib/python3.7/site-packages/airflow/example_dags/example_latest_only.py took 0.196 seconds
[2022-12-03T04:30:00.920+0000] {processor.py:154} INFO - Started process (PID=13707) to work on /home/airflow/.local/lib/python3.7/site-packages/airflow/example_dags/example_latest_only.py
[2022-12-03T04:30:00.924+0000] {processor.py:756} INFO - Processing file /home/airflow/.local/lib/python3.7/site-packages/airflow/example_dags/example_latest_only.py for tasks to queue
[2022-12-03T04:30:00.925+0000] {logging_mixin.py:137} INFO - [2022-12-03T04:30:00.925+0000] {dagbag.py:537} INFO - Filling up the DagBag from /home/airflow/.local/lib/python3.7/site-packages/airflow/example_dags/example_latest_only.py
[2022-12-03T04:30:00.939+0000] {processor.py:766} INFO - DAG(s) dict_keys(['latest_only']) retrieved from /home/airflow/.local/lib/python3.7/site-packages/airflow/example_dags/example_latest_only.py
[2022-12-03T04:30:00.971+0000] {logging_mixin.py:137} INFO - [2022-12-03T04:30:00.971+0000] {dag.py:2585} INFO - Sync 1 DAGs
[2022-12-03T04:30:00.993+0000] {logging_mixin.py:137} INFO - [2022-12-03T04:30:00.993+0000] {dag.py:3340} INFO - Setting next_dagrun for latest_only to 2022-12-03T00:30:00.992965+00:00, run_after=2022-12-03T04:30:00.992965+00:00
[2022-12-03T04:30:01.013+0000] {processor.py:176} INFO - Processing /home/airflow/.local/lib/python3.7/site-packages/airflow/example_dags/example_latest_only.py took 0.096 seconds
[2022-12-03T05:52:51.332+0000] {processor.py:154} INFO - Started process (PID=13768) to work on /home/airflow/.local/lib/python3.7/site-packages/airflow/example_dags/example_latest_only.py
[2022-12-03T05:52:51.334+0000] {processor.py:756} INFO - Processing file /home/airflow/.local/lib/python3.7/site-packages/airflow/example_dags/example_latest_only.py for tasks to queue
[2022-12-03T05:52:51.335+0000] {logging_mixin.py:137} INFO - [2022-12-03T05:52:51.335+0000] {dagbag.py:537} INFO - Filling up the DagBag from /home/airflow/.local/lib/python3.7/site-packages/airflow/example_dags/example_latest_only.py
[2022-12-03T05:52:51.344+0000] {processor.py:766} INFO - DAG(s) dict_keys(['latest_only']) retrieved from /home/airflow/.local/lib/python3.7/site-packages/airflow/example_dags/example_latest_only.py
[2022-12-03T05:52:51.368+0000] {logging_mixin.py:137} INFO - [2022-12-03T05:52:51.368+0000] {dag.py:2585} INFO - Sync 1 DAGs
[2022-12-03T05:52:51.384+0000] {logging_mixin.py:137} INFO - [2022-12-03T05:52:51.384+0000] {dag.py:3340} INFO - Setting next_dagrun for latest_only to 2022-12-03T01:52:51.384251+00:00, run_after=2022-12-03T05:52:51.384251+00:00
[2022-12-03T05:52:51.396+0000] {processor.py:176} INFO - Processing /home/airflow/.local/lib/python3.7/site-packages/airflow/example_dags/example_latest_only.py took 0.066 seconds
[2022-12-03T07:14:04.905+0000] {processor.py:154} INFO - Started process (PID=13839) to work on /home/airflow/.local/lib/python3.7/site-packages/airflow/example_dags/example_latest_only.py
[2022-12-03T07:14:04.906+0000] {processor.py:756} INFO - Processing file /home/airflow/.local/lib/python3.7/site-packages/airflow/example_dags/example_latest_only.py for tasks to queue
[2022-12-03T07:14:04.907+0000] {logging_mixin.py:137} INFO - [2022-12-03T07:14:04.907+0000] {dagbag.py:537} INFO - Filling up the DagBag from /home/airflow/.local/lib/python3.7/site-packages/airflow/example_dags/example_latest_only.py
[2022-12-03T07:14:04.921+0000] {processor.py:766} INFO - DAG(s) dict_keys(['latest_only']) retrieved from /home/airflow/.local/lib/python3.7/site-packages/airflow/example_dags/example_latest_only.py
[2022-12-03T07:14:04.952+0000] {logging_mixin.py:137} INFO - [2022-12-03T07:14:04.952+0000] {dag.py:2585} INFO - Sync 1 DAGs
[2022-12-03T07:14:04.968+0000] {logging_mixin.py:137} INFO - [2022-12-03T07:14:04.968+0000] {dag.py:3340} INFO - Setting next_dagrun for latest_only to 2022-12-03T03:14:04.967872+00:00, run_after=2022-12-03T07:14:04.967872+00:00
[2022-12-03T07:14:04.982+0000] {processor.py:176} INFO - Processing /home/airflow/.local/lib/python3.7/site-packages/airflow/example_dags/example_latest_only.py took 0.079 seconds
[2022-12-03T08:36:16.923+0000] {processor.py:154} INFO - Started process (PID=13912) to work on /home/airflow/.local/lib/python3.7/site-packages/airflow/example_dags/example_latest_only.py
[2022-12-03T08:36:16.926+0000] {processor.py:756} INFO - Processing file /home/airflow/.local/lib/python3.7/site-packages/airflow/example_dags/example_latest_only.py for tasks to queue
[2022-12-03T08:36:16.927+0000] {logging_mixin.py:137} INFO - [2022-12-03T08:36:16.927+0000] {dagbag.py:537} INFO - Filling up the DagBag from /home/airflow/.local/lib/python3.7/site-packages/airflow/example_dags/example_latest_only.py
[2022-12-03T08:36:16.936+0000] {processor.py:766} INFO - DAG(s) dict_keys(['latest_only']) retrieved from /home/airflow/.local/lib/python3.7/site-packages/airflow/example_dags/example_latest_only.py
[2022-12-03T08:36:16.961+0000] {logging_mixin.py:137} INFO - [2022-12-03T08:36:16.961+0000] {dag.py:2585} INFO - Sync 1 DAGs
[2022-12-03T08:36:16.976+0000] {logging_mixin.py:137} INFO - [2022-12-03T08:36:16.975+0000] {dag.py:3340} INFO - Setting next_dagrun for latest_only to 2022-12-03T04:36:16.975771+00:00, run_after=2022-12-03T08:36:16.975771+00:00
[2022-12-03T08:36:16.988+0000] {processor.py:176} INFO - Processing /home/airflow/.local/lib/python3.7/site-packages/airflow/example_dags/example_latest_only.py took 0.068 seconds
[2022-12-03T09:58:30.107+0000] {processor.py:154} INFO - Started process (PID=13980) to work on /home/airflow/.local/lib/python3.7/site-packages/airflow/example_dags/example_latest_only.py
[2022-12-03T09:58:30.109+0000] {processor.py:756} INFO - Processing file /home/airflow/.local/lib/python3.7/site-packages/airflow/example_dags/example_latest_only.py for tasks to queue
[2022-12-03T09:58:30.110+0000] {logging_mixin.py:137} INFO - [2022-12-03T09:58:30.110+0000] {dagbag.py:537} INFO - Filling up the DagBag from /home/airflow/.local/lib/python3.7/site-packages/airflow/example_dags/example_latest_only.py
[2022-12-03T09:58:30.119+0000] {processor.py:766} INFO - DAG(s) dict_keys(['latest_only']) retrieved from /home/airflow/.local/lib/python3.7/site-packages/airflow/example_dags/example_latest_only.py
[2022-12-03T09:58:30.144+0000] {logging_mixin.py:137} INFO - [2022-12-03T09:58:30.144+0000] {dag.py:2585} INFO - Sync 1 DAGs
[2022-12-03T09:58:30.159+0000] {logging_mixin.py:137} INFO - [2022-12-03T09:58:30.159+0000] {dag.py:3340} INFO - Setting next_dagrun for latest_only to 2022-12-03T05:58:30.159231+00:00, run_after=2022-12-03T09:58:30.159231+00:00
[2022-12-03T09:58:30.170+0000] {processor.py:176} INFO - Processing /home/airflow/.local/lib/python3.7/site-packages/airflow/example_dags/example_latest_only.py took 0.065 seconds
[2022-12-03T11:03:31.020+0000] {processor.py:154} INFO - Started process (PID=14035) to work on /home/airflow/.local/lib/python3.7/site-packages/airflow/example_dags/example_latest_only.py
[2022-12-03T11:03:31.021+0000] {processor.py:756} INFO - Processing file /home/airflow/.local/lib/python3.7/site-packages/airflow/example_dags/example_latest_only.py for tasks to queue
[2022-12-03T11:03:31.022+0000] {logging_mixin.py:137} INFO - [2022-12-03T11:03:31.022+0000] {dagbag.py:537} INFO - Filling up the DagBag from /home/airflow/.local/lib/python3.7/site-packages/airflow/example_dags/example_latest_only.py
[2022-12-03T11:03:31.032+0000] {processor.py:766} INFO - DAG(s) dict_keys(['latest_only']) retrieved from /home/airflow/.local/lib/python3.7/site-packages/airflow/example_dags/example_latest_only.py
[2022-12-03T11:03:31.058+0000] {logging_mixin.py:137} INFO - [2022-12-03T11:03:31.058+0000] {dag.py:2585} INFO - Sync 1 DAGs
[2022-12-03T11:03:31.072+0000] {logging_mixin.py:137} INFO - [2022-12-03T11:03:31.072+0000] {dag.py:3340} INFO - Setting next_dagrun for latest_only to 2022-12-03T07:03:31.072393+00:00, run_after=2022-12-03T11:03:31.072393+00:00
[2022-12-03T11:03:31.084+0000] {processor.py:176} INFO - Processing /home/airflow/.local/lib/python3.7/site-packages/airflow/example_dags/example_latest_only.py took 0.067 seconds
[2022-12-03T11:21:01.713+0000] {processor.py:154} INFO - Started process (PID=14109) to work on /home/airflow/.local/lib/python3.7/site-packages/airflow/example_dags/example_latest_only.py
[2022-12-03T11:21:01.714+0000] {processor.py:756} INFO - Processing file /home/airflow/.local/lib/python3.7/site-packages/airflow/example_dags/example_latest_only.py for tasks to queue
[2022-12-03T11:21:01.717+0000] {logging_mixin.py:137} INFO - [2022-12-03T11:21:01.716+0000] {dagbag.py:537} INFO - Filling up the DagBag from /home/airflow/.local/lib/python3.7/site-packages/airflow/example_dags/example_latest_only.py
[2022-12-03T11:21:01.726+0000] {processor.py:766} INFO - DAG(s) dict_keys(['latest_only']) retrieved from /home/airflow/.local/lib/python3.7/site-packages/airflow/example_dags/example_latest_only.py
[2022-12-03T11:21:01.753+0000] {logging_mixin.py:137} INFO - [2022-12-03T11:21:01.753+0000] {dag.py:2585} INFO - Sync 1 DAGs
[2022-12-03T11:21:01.771+0000] {logging_mixin.py:137} INFO - [2022-12-03T11:21:01.771+0000] {dag.py:3340} INFO - Setting next_dagrun for latest_only to 2022-12-03T07:21:01.771223+00:00, run_after=2022-12-03T11:21:01.771223+00:00
[2022-12-03T11:21:01.784+0000] {processor.py:176} INFO - Processing /home/airflow/.local/lib/python3.7/site-packages/airflow/example_dags/example_latest_only.py took 0.073 seconds
[2022-12-03T12:21:05.007+0000] {processor.py:154} INFO - Started process (PID=14182) to work on /home/airflow/.local/lib/python3.7/site-packages/airflow/example_dags/example_latest_only.py
[2022-12-03T12:21:05.009+0000] {processor.py:756} INFO - Processing file /home/airflow/.local/lib/python3.7/site-packages/airflow/example_dags/example_latest_only.py for tasks to queue
[2022-12-03T12:21:05.011+0000] {logging_mixin.py:137} INFO - [2022-12-03T12:21:05.011+0000] {dagbag.py:537} INFO - Filling up the DagBag from /home/airflow/.local/lib/python3.7/site-packages/airflow/example_dags/example_latest_only.py
[2022-12-03T12:21:05.021+0000] {processor.py:766} INFO - DAG(s) dict_keys(['latest_only']) retrieved from /home/airflow/.local/lib/python3.7/site-packages/airflow/example_dags/example_latest_only.py
[2022-12-03T12:21:05.048+0000] {logging_mixin.py:137} INFO - [2022-12-03T12:21:05.048+0000] {dag.py:2585} INFO - Sync 1 DAGs
[2022-12-03T12:21:05.064+0000] {logging_mixin.py:137} INFO - [2022-12-03T12:21:05.064+0000] {dag.py:3340} INFO - Setting next_dagrun for latest_only to 2022-12-03T08:21:05.064665+00:00, run_after=2022-12-03T12:21:05.064665+00:00
[2022-12-03T12:21:05.079+0000] {processor.py:176} INFO - Processing /home/airflow/.local/lib/python3.7/site-packages/airflow/example_dags/example_latest_only.py took 0.074 seconds
[2022-12-03T13:24:18.025+0000] {processor.py:154} INFO - Started process (PID=14257) to work on /home/airflow/.local/lib/python3.7/site-packages/airflow/example_dags/example_latest_only.py
[2022-12-03T13:24:18.027+0000] {processor.py:756} INFO - Processing file /home/airflow/.local/lib/python3.7/site-packages/airflow/example_dags/example_latest_only.py for tasks to queue
[2022-12-03T13:24:18.029+0000] {logging_mixin.py:137} INFO - [2022-12-03T13:24:18.029+0000] {dagbag.py:537} INFO - Filling up the DagBag from /home/airflow/.local/lib/python3.7/site-packages/airflow/example_dags/example_latest_only.py
[2022-12-03T13:24:18.038+0000] {processor.py:766} INFO - DAG(s) dict_keys(['latest_only']) retrieved from /home/airflow/.local/lib/python3.7/site-packages/airflow/example_dags/example_latest_only.py
[2022-12-03T13:24:18.064+0000] {logging_mixin.py:137} INFO - [2022-12-03T13:24:18.063+0000] {dag.py:2585} INFO - Sync 1 DAGs
[2022-12-03T13:24:18.081+0000] {logging_mixin.py:137} INFO - [2022-12-03T13:24:18.080+0000] {dag.py:3340} INFO - Setting next_dagrun for latest_only to 2022-12-03T09:24:18.080759+00:00, run_after=2022-12-03T13:24:18.080759+00:00
[2022-12-03T13:24:18.094+0000] {processor.py:176} INFO - Processing /home/airflow/.local/lib/python3.7/site-packages/airflow/example_dags/example_latest_only.py took 0.071 seconds
[2022-12-03T14:43:48.090+0000] {processor.py:154} INFO - Started process (PID=14312) to work on /home/airflow/.local/lib/python3.7/site-packages/airflow/example_dags/example_latest_only.py
[2022-12-03T14:43:48.092+0000] {processor.py:756} INFO - Processing file /home/airflow/.local/lib/python3.7/site-packages/airflow/example_dags/example_latest_only.py for tasks to queue
[2022-12-03T14:43:48.094+0000] {logging_mixin.py:137} INFO - [2022-12-03T14:43:48.094+0000] {dagbag.py:537} INFO - Filling up the DagBag from /home/airflow/.local/lib/python3.7/site-packages/airflow/example_dags/example_latest_only.py
[2022-12-03T14:43:48.107+0000] {processor.py:766} INFO - DAG(s) dict_keys(['latest_only']) retrieved from /home/airflow/.local/lib/python3.7/site-packages/airflow/example_dags/example_latest_only.py
[2022-12-03T14:43:48.136+0000] {logging_mixin.py:137} INFO - [2022-12-03T14:43:48.136+0000] {dag.py:2585} INFO - Sync 1 DAGs
[2022-12-03T14:43:48.151+0000] {logging_mixin.py:137} INFO - [2022-12-03T14:43:48.151+0000] {dag.py:3340} INFO - Setting next_dagrun for latest_only to 2022-12-03T10:43:48.151487+00:00, run_after=2022-12-03T14:43:48.151487+00:00
[2022-12-03T14:43:48.164+0000] {processor.py:176} INFO - Processing /home/airflow/.local/lib/python3.7/site-packages/airflow/example_dags/example_latest_only.py took 0.078 seconds
[2022-12-03T16:03:00.352+0000] {processor.py:154} INFO - Started process (PID=14378) to work on /home/airflow/.local/lib/python3.7/site-packages/airflow/example_dags/example_latest_only.py
[2022-12-03T16:03:00.354+0000] {processor.py:756} INFO - Processing file /home/airflow/.local/lib/python3.7/site-packages/airflow/example_dags/example_latest_only.py for tasks to queue
[2022-12-03T16:03:00.355+0000] {logging_mixin.py:137} INFO - [2022-12-03T16:03:00.355+0000] {dagbag.py:537} INFO - Filling up the DagBag from /home/airflow/.local/lib/python3.7/site-packages/airflow/example_dags/example_latest_only.py
[2022-12-03T16:03:00.369+0000] {processor.py:766} INFO - DAG(s) dict_keys(['latest_only']) retrieved from /home/airflow/.local/lib/python3.7/site-packages/airflow/example_dags/example_latest_only.py
[2022-12-03T16:03:00.409+0000] {logging_mixin.py:137} INFO - [2022-12-03T16:03:00.409+0000] {dag.py:2585} INFO - Sync 1 DAGs
[2022-12-03T16:03:00.428+0000] {logging_mixin.py:137} INFO - [2022-12-03T16:03:00.428+0000] {dag.py:3340} INFO - Setting next_dagrun for latest_only to 2022-12-03T12:03:00.428618+00:00, run_after=2022-12-03T16:03:00.428618+00:00
[2022-12-03T16:03:00.450+0000] {processor.py:176} INFO - Processing /home/airflow/.local/lib/python3.7/site-packages/airflow/example_dags/example_latest_only.py took 0.103 seconds
[2022-12-03T17:24:33.047+0000] {processor.py:154} INFO - Started process (PID=14446) to work on /home/airflow/.local/lib/python3.7/site-packages/airflow/example_dags/example_latest_only.py
[2022-12-03T17:24:33.048+0000] {processor.py:756} INFO - Processing file /home/airflow/.local/lib/python3.7/site-packages/airflow/example_dags/example_latest_only.py for tasks to queue
[2022-12-03T17:24:33.050+0000] {logging_mixin.py:137} INFO - [2022-12-03T17:24:33.050+0000] {dagbag.py:537} INFO - Filling up the DagBag from /home/airflow/.local/lib/python3.7/site-packages/airflow/example_dags/example_latest_only.py
[2022-12-03T17:24:33.059+0000] {processor.py:766} INFO - DAG(s) dict_keys(['latest_only']) retrieved from /home/airflow/.local/lib/python3.7/site-packages/airflow/example_dags/example_latest_only.py
[2022-12-03T17:24:33.084+0000] {logging_mixin.py:137} INFO - [2022-12-03T17:24:33.084+0000] {dag.py:2585} INFO - Sync 1 DAGs
[2022-12-03T17:24:33.099+0000] {logging_mixin.py:137} INFO - [2022-12-03T17:24:33.099+0000] {dag.py:3340} INFO - Setting next_dagrun for latest_only to 2022-12-03T13:24:33.099636+00:00, run_after=2022-12-03T17:24:33.099636+00:00
[2022-12-03T17:24:33.111+0000] {processor.py:176} INFO - Processing /home/airflow/.local/lib/python3.7/site-packages/airflow/example_dags/example_latest_only.py took 0.067 seconds
[2022-12-03T18:46:59.378+0000] {processor.py:154} INFO - Started process (PID=14513) to work on /home/airflow/.local/lib/python3.7/site-packages/airflow/example_dags/example_latest_only.py
[2022-12-03T18:46:59.380+0000] {processor.py:756} INFO - Processing file /home/airflow/.local/lib/python3.7/site-packages/airflow/example_dags/example_latest_only.py for tasks to queue
[2022-12-03T18:46:59.382+0000] {logging_mixin.py:137} INFO - [2022-12-03T18:46:59.382+0000] {dagbag.py:537} INFO - Filling up the DagBag from /home/airflow/.local/lib/python3.7/site-packages/airflow/example_dags/example_latest_only.py
[2022-12-03T18:46:59.393+0000] {processor.py:766} INFO - DAG(s) dict_keys(['latest_only']) retrieved from /home/airflow/.local/lib/python3.7/site-packages/airflow/example_dags/example_latest_only.py
[2022-12-03T18:46:59.422+0000] {logging_mixin.py:137} INFO - [2022-12-03T18:46:59.422+0000] {dag.py:2585} INFO - Sync 1 DAGs
[2022-12-03T18:46:59.439+0000] {logging_mixin.py:137} INFO - [2022-12-03T18:46:59.439+0000] {dag.py:3340} INFO - Setting next_dagrun for latest_only to 2022-12-03T14:46:59.439040+00:00, run_after=2022-12-03T18:46:59.439040+00:00
[2022-12-03T18:46:59.453+0000] {processor.py:176} INFO - Processing /home/airflow/.local/lib/python3.7/site-packages/airflow/example_dags/example_latest_only.py took 0.077 seconds
[2022-12-03T19:40:02.831+0000] {processor.py:154} INFO - Started process (PID=14570) to work on /home/airflow/.local/lib/python3.7/site-packages/airflow/example_dags/example_latest_only.py
[2022-12-03T19:40:02.833+0000] {processor.py:756} INFO - Processing file /home/airflow/.local/lib/python3.7/site-packages/airflow/example_dags/example_latest_only.py for tasks to queue
[2022-12-03T19:40:02.833+0000] {logging_mixin.py:137} INFO - [2022-12-03T19:40:02.833+0000] {dagbag.py:537} INFO - Filling up the DagBag from /home/airflow/.local/lib/python3.7/site-packages/airflow/example_dags/example_latest_only.py
[2022-12-03T19:40:02.842+0000] {processor.py:766} INFO - DAG(s) dict_keys(['latest_only']) retrieved from /home/airflow/.local/lib/python3.7/site-packages/airflow/example_dags/example_latest_only.py
[2022-12-03T19:40:02.868+0000] {logging_mixin.py:137} INFO - [2022-12-03T19:40:02.868+0000] {dag.py:2585} INFO - Sync 1 DAGs
[2022-12-03T19:40:02.884+0000] {logging_mixin.py:137} INFO - [2022-12-03T19:40:02.884+0000] {dag.py:3340} INFO - Setting next_dagrun for latest_only to 2022-12-03T15:40:02.883984+00:00, run_after=2022-12-03T19:40:02.883984+00:00
[2022-12-03T19:40:02.896+0000] {processor.py:176} INFO - Processing /home/airflow/.local/lib/python3.7/site-packages/airflow/example_dags/example_latest_only.py took 0.067 seconds
[2022-12-03T20:15:10.531+0000] {processor.py:154} INFO - Started process (PID=14636) to work on /home/airflow/.local/lib/python3.7/site-packages/airflow/example_dags/example_latest_only.py
[2022-12-03T20:15:10.534+0000] {processor.py:756} INFO - Processing file /home/airflow/.local/lib/python3.7/site-packages/airflow/example_dags/example_latest_only.py for tasks to queue
[2022-12-03T20:15:10.535+0000] {logging_mixin.py:137} INFO - [2022-12-03T20:15:10.534+0000] {dagbag.py:537} INFO - Filling up the DagBag from /home/airflow/.local/lib/python3.7/site-packages/airflow/example_dags/example_latest_only.py
[2022-12-03T20:15:10.545+0000] {processor.py:766} INFO - DAG(s) dict_keys(['latest_only']) retrieved from /home/airflow/.local/lib/python3.7/site-packages/airflow/example_dags/example_latest_only.py
[2022-12-03T20:15:10.575+0000] {logging_mixin.py:137} INFO - [2022-12-03T20:15:10.575+0000] {dag.py:2585} INFO - Sync 1 DAGs
[2022-12-03T20:15:10.592+0000] {logging_mixin.py:137} INFO - [2022-12-03T20:15:10.592+0000] {dag.py:3340} INFO - Setting next_dagrun for latest_only to 2022-12-03T16:15:10.591981+00:00, run_after=2022-12-03T20:15:10.591981+00:00
[2022-12-03T20:15:10.605+0000] {processor.py:176} INFO - Processing /home/airflow/.local/lib/python3.7/site-packages/airflow/example_dags/example_latest_only.py took 0.075 seconds
[2022-12-03T20:47:37.437+0000] {processor.py:154} INFO - Started process (PID=14701) to work on /home/airflow/.local/lib/python3.7/site-packages/airflow/example_dags/example_latest_only.py
[2022-12-03T20:47:37.440+0000] {processor.py:756} INFO - Processing file /home/airflow/.local/lib/python3.7/site-packages/airflow/example_dags/example_latest_only.py for tasks to queue
[2022-12-03T20:47:37.443+0000] {logging_mixin.py:137} INFO - [2022-12-03T20:47:37.443+0000] {dagbag.py:537} INFO - Filling up the DagBag from /home/airflow/.local/lib/python3.7/site-packages/airflow/example_dags/example_latest_only.py
[2022-12-03T20:47:37.468+0000] {processor.py:766} INFO - DAG(s) dict_keys(['latest_only']) retrieved from /home/airflow/.local/lib/python3.7/site-packages/airflow/example_dags/example_latest_only.py
[2022-12-03T20:47:37.536+0000] {logging_mixin.py:137} INFO - [2022-12-03T20:47:37.536+0000] {dag.py:2585} INFO - Sync 1 DAGs
[2022-12-03T20:47:37.562+0000] {logging_mixin.py:137} INFO - [2022-12-03T20:47:37.562+0000] {dag.py:3340} INFO - Setting next_dagrun for latest_only to 2022-12-03T16:47:37.562598+00:00, run_after=2022-12-03T20:47:37.562598+00:00
[2022-12-03T20:47:37.585+0000] {processor.py:176} INFO - Processing /home/airflow/.local/lib/python3.7/site-packages/airflow/example_dags/example_latest_only.py took 0.151 seconds
[2022-12-03T22:10:13.585+0000] {processor.py:154} INFO - Started process (PID=14771) to work on /home/airflow/.local/lib/python3.7/site-packages/airflow/example_dags/example_latest_only.py
[2022-12-03T22:10:13.587+0000] {processor.py:756} INFO - Processing file /home/airflow/.local/lib/python3.7/site-packages/airflow/example_dags/example_latest_only.py for tasks to queue
[2022-12-03T22:10:13.588+0000] {logging_mixin.py:137} INFO - [2022-12-03T22:10:13.588+0000] {dagbag.py:537} INFO - Filling up the DagBag from /home/airflow/.local/lib/python3.7/site-packages/airflow/example_dags/example_latest_only.py
[2022-12-03T22:10:13.598+0000] {processor.py:766} INFO - DAG(s) dict_keys(['latest_only']) retrieved from /home/airflow/.local/lib/python3.7/site-packages/airflow/example_dags/example_latest_only.py
[2022-12-03T22:10:13.623+0000] {logging_mixin.py:137} INFO - [2022-12-03T22:10:13.623+0000] {dag.py:2585} INFO - Sync 1 DAGs
[2022-12-03T22:10:13.638+0000] {logging_mixin.py:137} INFO - [2022-12-03T22:10:13.637+0000] {dag.py:3340} INFO - Setting next_dagrun for latest_only to 2022-12-03T18:10:13.637853+00:00, run_after=2022-12-03T22:10:13.637853+00:00
[2022-12-03T22:10:13.650+0000] {processor.py:176} INFO - Processing /home/airflow/.local/lib/python3.7/site-packages/airflow/example_dags/example_latest_only.py took 0.067 seconds
[2022-12-03T23:31:53.207+0000] {processor.py:154} INFO - Started process (PID=14830) to work on /home/airflow/.local/lib/python3.7/site-packages/airflow/example_dags/example_latest_only.py
[2022-12-03T23:31:53.211+0000] {processor.py:756} INFO - Processing file /home/airflow/.local/lib/python3.7/site-packages/airflow/example_dags/example_latest_only.py for tasks to queue
[2022-12-03T23:31:53.213+0000] {logging_mixin.py:137} INFO - [2022-12-03T23:31:53.213+0000] {dagbag.py:537} INFO - Filling up the DagBag from /home/airflow/.local/lib/python3.7/site-packages/airflow/example_dags/example_latest_only.py
[2022-12-03T23:31:53.237+0000] {processor.py:766} INFO - DAG(s) dict_keys(['latest_only']) retrieved from /home/airflow/.local/lib/python3.7/site-packages/airflow/example_dags/example_latest_only.py
[2022-12-03T23:31:53.290+0000] {logging_mixin.py:137} INFO - [2022-12-03T23:31:53.290+0000] {dag.py:2585} INFO - Sync 1 DAGs
[2022-12-03T23:31:53.317+0000] {logging_mixin.py:137} INFO - [2022-12-03T23:31:53.317+0000] {dag.py:3340} INFO - Setting next_dagrun for latest_only to 2022-12-03T19:31:53.316734+00:00, run_after=2022-12-03T23:31:53.316734+00:00
[2022-12-03T23:31:53.341+0000] {processor.py:176} INFO - Processing /home/airflow/.local/lib/python3.7/site-packages/airflow/example_dags/example_latest_only.py took 0.138 seconds
