[2022-12-03T00:24:08.520+0000] {processor.py:154} INFO - Started process (PID=13496) to work on /home/airflow/.local/lib/python3.7/site-packages/airflow/example_dags/example_local_kubernetes_executor.py
[2022-12-03T00:24:08.528+0000] {processor.py:756} INFO - Processing file /home/airflow/.local/lib/python3.7/site-packages/airflow/example_dags/example_local_kubernetes_executor.py for tasks to queue
[2022-12-03T00:24:08.530+0000] {logging_mixin.py:137} INFO - [2022-12-03T00:24:08.530+0000] {dagbag.py:537} INFO - Filling up the DagBag from /home/airflow/.local/lib/python3.7/site-packages/airflow/example_dags/example_local_kubernetes_executor.py
[2022-12-03T00:24:08.583+0000] {processor.py:766} INFO - DAG(s) dict_keys(['example_local_kubernetes_executor']) retrieved from /home/airflow/.local/lib/python3.7/site-packages/airflow/example_dags/example_local_kubernetes_executor.py
[2022-12-03T00:24:08.664+0000] {logging_mixin.py:137} INFO - [2022-12-03T00:24:08.664+0000] {dag.py:2585} INFO - Sync 1 DAGs
[2022-12-03T00:24:08.699+0000] {logging_mixin.py:137} INFO - [2022-12-03T00:24:08.698+0000] {dag.py:3340} INFO - Setting next_dagrun for example_local_kubernetes_executor to None, run_after=None
[2022-12-03T00:24:08.731+0000] {processor.py:176} INFO - Processing /home/airflow/.local/lib/python3.7/site-packages/airflow/example_dags/example_local_kubernetes_executor.py took 0.226 seconds
[2022-12-03T01:45:41.233+0000] {processor.py:154} INFO - Started process (PID=13565) to work on /home/airflow/.local/lib/python3.7/site-packages/airflow/example_dags/example_local_kubernetes_executor.py
[2022-12-03T01:45:41.235+0000] {processor.py:756} INFO - Processing file /home/airflow/.local/lib/python3.7/site-packages/airflow/example_dags/example_local_kubernetes_executor.py for tasks to queue
[2022-12-03T01:45:41.236+0000] {logging_mixin.py:137} INFO - [2022-12-03T01:45:41.236+0000] {dagbag.py:537} INFO - Filling up the DagBag from /home/airflow/.local/lib/python3.7/site-packages/airflow/example_dags/example_local_kubernetes_executor.py
[2022-12-03T01:45:41.250+0000] {processor.py:766} INFO - DAG(s) dict_keys(['example_local_kubernetes_executor']) retrieved from /home/airflow/.local/lib/python3.7/site-packages/airflow/example_dags/example_local_kubernetes_executor.py
[2022-12-03T01:45:41.280+0000] {logging_mixin.py:137} INFO - [2022-12-03T01:45:41.279+0000] {dag.py:2585} INFO - Sync 1 DAGs
[2022-12-03T01:45:41.296+0000] {logging_mixin.py:137} INFO - [2022-12-03T01:45:41.295+0000] {dag.py:3340} INFO - Setting next_dagrun for example_local_kubernetes_executor to None, run_after=None
[2022-12-03T01:45:41.308+0000] {processor.py:176} INFO - Processing /home/airflow/.local/lib/python3.7/site-packages/airflow/example_dags/example_local_kubernetes_executor.py took 0.077 seconds
[2022-12-03T03:05:49.969+0000] {processor.py:154} INFO - Started process (PID=13633) to work on /home/airflow/.local/lib/python3.7/site-packages/airflow/example_dags/example_local_kubernetes_executor.py
[2022-12-03T03:05:49.971+0000] {processor.py:756} INFO - Processing file /home/airflow/.local/lib/python3.7/site-packages/airflow/example_dags/example_local_kubernetes_executor.py for tasks to queue
[2022-12-03T03:05:49.971+0000] {logging_mixin.py:137} INFO - [2022-12-03T03:05:49.971+0000] {dagbag.py:537} INFO - Filling up the DagBag from /home/airflow/.local/lib/python3.7/site-packages/airflow/example_dags/example_local_kubernetes_executor.py
[2022-12-03T03:05:49.987+0000] {processor.py:766} INFO - DAG(s) dict_keys(['example_local_kubernetes_executor']) retrieved from /home/airflow/.local/lib/python3.7/site-packages/airflow/example_dags/example_local_kubernetes_executor.py
[2022-12-03T03:05:50.016+0000] {logging_mixin.py:137} INFO - [2022-12-03T03:05:50.016+0000] {dag.py:2585} INFO - Sync 1 DAGs
[2022-12-03T03:05:50.031+0000] {logging_mixin.py:137} INFO - [2022-12-03T03:05:50.031+0000] {dag.py:3340} INFO - Setting next_dagrun for example_local_kubernetes_executor to None, run_after=None
[2022-12-03T03:05:50.042+0000] {processor.py:176} INFO - Processing /home/airflow/.local/lib/python3.7/site-packages/airflow/example_dags/example_local_kubernetes_executor.py took 0.075 seconds
[2022-12-03T04:30:00.448+0000] {processor.py:154} INFO - Started process (PID=13700) to work on /home/airflow/.local/lib/python3.7/site-packages/airflow/example_dags/example_local_kubernetes_executor.py
[2022-12-03T04:30:00.450+0000] {processor.py:756} INFO - Processing file /home/airflow/.local/lib/python3.7/site-packages/airflow/example_dags/example_local_kubernetes_executor.py for tasks to queue
[2022-12-03T04:30:00.452+0000] {logging_mixin.py:137} INFO - [2022-12-03T04:30:00.452+0000] {dagbag.py:537} INFO - Filling up the DagBag from /home/airflow/.local/lib/python3.7/site-packages/airflow/example_dags/example_local_kubernetes_executor.py
[2022-12-03T04:30:00.470+0000] {processor.py:766} INFO - DAG(s) dict_keys(['example_local_kubernetes_executor']) retrieved from /home/airflow/.local/lib/python3.7/site-packages/airflow/example_dags/example_local_kubernetes_executor.py
[2022-12-03T04:30:00.499+0000] {logging_mixin.py:137} INFO - [2022-12-03T04:30:00.499+0000] {dag.py:2585} INFO - Sync 1 DAGs
[2022-12-03T04:30:00.520+0000] {logging_mixin.py:137} INFO - [2022-12-03T04:30:00.520+0000] {dag.py:3340} INFO - Setting next_dagrun for example_local_kubernetes_executor to None, run_after=None
[2022-12-03T04:30:00.539+0000] {processor.py:176} INFO - Processing /home/airflow/.local/lib/python3.7/site-packages/airflow/example_dags/example_local_kubernetes_executor.py took 0.095 seconds
[2022-12-03T05:52:50.965+0000] {processor.py:154} INFO - Started process (PID=13761) to work on /home/airflow/.local/lib/python3.7/site-packages/airflow/example_dags/example_local_kubernetes_executor.py
[2022-12-03T05:52:50.967+0000] {processor.py:756} INFO - Processing file /home/airflow/.local/lib/python3.7/site-packages/airflow/example_dags/example_local_kubernetes_executor.py for tasks to queue
[2022-12-03T05:52:50.969+0000] {logging_mixin.py:137} INFO - [2022-12-03T05:52:50.969+0000] {dagbag.py:537} INFO - Filling up the DagBag from /home/airflow/.local/lib/python3.7/site-packages/airflow/example_dags/example_local_kubernetes_executor.py
[2022-12-03T05:52:50.982+0000] {processor.py:766} INFO - DAG(s) dict_keys(['example_local_kubernetes_executor']) retrieved from /home/airflow/.local/lib/python3.7/site-packages/airflow/example_dags/example_local_kubernetes_executor.py
[2022-12-03T05:52:51.007+0000] {logging_mixin.py:137} INFO - [2022-12-03T05:52:51.007+0000] {dag.py:2585} INFO - Sync 1 DAGs
[2022-12-03T05:52:51.025+0000] {logging_mixin.py:137} INFO - [2022-12-03T05:52:51.025+0000] {dag.py:3340} INFO - Setting next_dagrun for example_local_kubernetes_executor to None, run_after=None
[2022-12-03T05:52:51.037+0000] {processor.py:176} INFO - Processing /home/airflow/.local/lib/python3.7/site-packages/airflow/example_dags/example_local_kubernetes_executor.py took 0.074 seconds
[2022-12-03T07:14:04.540+0000] {processor.py:154} INFO - Started process (PID=13832) to work on /home/airflow/.local/lib/python3.7/site-packages/airflow/example_dags/example_local_kubernetes_executor.py
[2022-12-03T07:14:04.541+0000] {processor.py:756} INFO - Processing file /home/airflow/.local/lib/python3.7/site-packages/airflow/example_dags/example_local_kubernetes_executor.py for tasks to queue
[2022-12-03T07:14:04.542+0000] {logging_mixin.py:137} INFO - [2022-12-03T07:14:04.542+0000] {dagbag.py:537} INFO - Filling up the DagBag from /home/airflow/.local/lib/python3.7/site-packages/airflow/example_dags/example_local_kubernetes_executor.py
[2022-12-03T07:14:04.556+0000] {processor.py:766} INFO - DAG(s) dict_keys(['example_local_kubernetes_executor']) retrieved from /home/airflow/.local/lib/python3.7/site-packages/airflow/example_dags/example_local_kubernetes_executor.py
[2022-12-03T07:14:04.585+0000] {logging_mixin.py:137} INFO - [2022-12-03T07:14:04.585+0000] {dag.py:2585} INFO - Sync 1 DAGs
[2022-12-03T07:14:04.601+0000] {logging_mixin.py:137} INFO - [2022-12-03T07:14:04.601+0000] {dag.py:3340} INFO - Setting next_dagrun for example_local_kubernetes_executor to None, run_after=None
[2022-12-03T07:14:04.614+0000] {processor.py:176} INFO - Processing /home/airflow/.local/lib/python3.7/site-packages/airflow/example_dags/example_local_kubernetes_executor.py took 0.077 seconds
[2022-12-03T08:36:16.577+0000] {processor.py:154} INFO - Started process (PID=13905) to work on /home/airflow/.local/lib/python3.7/site-packages/airflow/example_dags/example_local_kubernetes_executor.py
[2022-12-03T08:36:16.578+0000] {processor.py:756} INFO - Processing file /home/airflow/.local/lib/python3.7/site-packages/airflow/example_dags/example_local_kubernetes_executor.py for tasks to queue
[2022-12-03T08:36:16.580+0000] {logging_mixin.py:137} INFO - [2022-12-03T08:36:16.580+0000] {dagbag.py:537} INFO - Filling up the DagBag from /home/airflow/.local/lib/python3.7/site-packages/airflow/example_dags/example_local_kubernetes_executor.py
[2022-12-03T08:36:16.595+0000] {processor.py:766} INFO - DAG(s) dict_keys(['example_local_kubernetes_executor']) retrieved from /home/airflow/.local/lib/python3.7/site-packages/airflow/example_dags/example_local_kubernetes_executor.py
[2022-12-03T08:36:16.623+0000] {logging_mixin.py:137} INFO - [2022-12-03T08:36:16.623+0000] {dag.py:2585} INFO - Sync 1 DAGs
[2022-12-03T08:36:16.638+0000] {logging_mixin.py:137} INFO - [2022-12-03T08:36:16.638+0000] {dag.py:3340} INFO - Setting next_dagrun for example_local_kubernetes_executor to None, run_after=None
[2022-12-03T08:36:16.651+0000] {processor.py:176} INFO - Processing /home/airflow/.local/lib/python3.7/site-packages/airflow/example_dags/example_local_kubernetes_executor.py took 0.076 seconds
[2022-12-03T09:58:29.775+0000] {processor.py:154} INFO - Started process (PID=13973) to work on /home/airflow/.local/lib/python3.7/site-packages/airflow/example_dags/example_local_kubernetes_executor.py
[2022-12-03T09:58:29.776+0000] {processor.py:756} INFO - Processing file /home/airflow/.local/lib/python3.7/site-packages/airflow/example_dags/example_local_kubernetes_executor.py for tasks to queue
[2022-12-03T09:58:29.777+0000] {logging_mixin.py:137} INFO - [2022-12-03T09:58:29.777+0000] {dagbag.py:537} INFO - Filling up the DagBag from /home/airflow/.local/lib/python3.7/site-packages/airflow/example_dags/example_local_kubernetes_executor.py
[2022-12-03T09:58:29.792+0000] {processor.py:766} INFO - DAG(s) dict_keys(['example_local_kubernetes_executor']) retrieved from /home/airflow/.local/lib/python3.7/site-packages/airflow/example_dags/example_local_kubernetes_executor.py
[2022-12-03T09:58:29.818+0000] {logging_mixin.py:137} INFO - [2022-12-03T09:58:29.818+0000] {dag.py:2585} INFO - Sync 1 DAGs
[2022-12-03T09:58:29.833+0000] {logging_mixin.py:137} INFO - [2022-12-03T09:58:29.833+0000] {dag.py:3340} INFO - Setting next_dagrun for example_local_kubernetes_executor to None, run_after=None
[2022-12-03T09:58:29.844+0000] {processor.py:176} INFO - Processing /home/airflow/.local/lib/python3.7/site-packages/airflow/example_dags/example_local_kubernetes_executor.py took 0.072 seconds
[2022-12-03T11:03:30.630+0000] {processor.py:154} INFO - Started process (PID=14028) to work on /home/airflow/.local/lib/python3.7/site-packages/airflow/example_dags/example_local_kubernetes_executor.py
[2022-12-03T11:03:30.631+0000] {processor.py:756} INFO - Processing file /home/airflow/.local/lib/python3.7/site-packages/airflow/example_dags/example_local_kubernetes_executor.py for tasks to queue
[2022-12-03T11:03:30.632+0000] {logging_mixin.py:137} INFO - [2022-12-03T11:03:30.632+0000] {dagbag.py:537} INFO - Filling up the DagBag from /home/airflow/.local/lib/python3.7/site-packages/airflow/example_dags/example_local_kubernetes_executor.py
[2022-12-03T11:03:30.649+0000] {processor.py:766} INFO - DAG(s) dict_keys(['example_local_kubernetes_executor']) retrieved from /home/airflow/.local/lib/python3.7/site-packages/airflow/example_dags/example_local_kubernetes_executor.py
[2022-12-03T11:03:30.678+0000] {logging_mixin.py:137} INFO - [2022-12-03T11:03:30.678+0000] {dag.py:2585} INFO - Sync 1 DAGs
[2022-12-03T11:03:30.693+0000] {logging_mixin.py:137} INFO - [2022-12-03T11:03:30.693+0000] {dag.py:3340} INFO - Setting next_dagrun for example_local_kubernetes_executor to None, run_after=None
[2022-12-03T11:03:30.707+0000] {processor.py:176} INFO - Processing /home/airflow/.local/lib/python3.7/site-packages/airflow/example_dags/example_local_kubernetes_executor.py took 0.079 seconds
[2022-12-03T11:21:00.984+0000] {processor.py:154} INFO - Started process (PID=14102) to work on /home/airflow/.local/lib/python3.7/site-packages/airflow/example_dags/example_local_kubernetes_executor.py
[2022-12-03T11:21:01.006+0000] {processor.py:756} INFO - Processing file /home/airflow/.local/lib/python3.7/site-packages/airflow/example_dags/example_local_kubernetes_executor.py for tasks to queue
[2022-12-03T11:21:01.009+0000] {logging_mixin.py:137} INFO - [2022-12-03T11:21:01.009+0000] {dagbag.py:537} INFO - Filling up the DagBag from /home/airflow/.local/lib/python3.7/site-packages/airflow/example_dags/example_local_kubernetes_executor.py
[2022-12-03T11:21:01.057+0000] {processor.py:766} INFO - DAG(s) dict_keys(['example_local_kubernetes_executor']) retrieved from /home/airflow/.local/lib/python3.7/site-packages/airflow/example_dags/example_local_kubernetes_executor.py
[2022-12-03T11:21:01.104+0000] {logging_mixin.py:137} INFO - [2022-12-03T11:21:01.104+0000] {dag.py:2585} INFO - Sync 1 DAGs
[2022-12-03T11:21:01.131+0000] {logging_mixin.py:137} INFO - [2022-12-03T11:21:01.130+0000] {dag.py:3340} INFO - Setting next_dagrun for example_local_kubernetes_executor to None, run_after=None
[2022-12-03T11:21:01.176+0000] {processor.py:176} INFO - Processing /home/airflow/.local/lib/python3.7/site-packages/airflow/example_dags/example_local_kubernetes_executor.py took 0.196 seconds
[2022-12-03T12:21:04.602+0000] {processor.py:154} INFO - Started process (PID=14175) to work on /home/airflow/.local/lib/python3.7/site-packages/airflow/example_dags/example_local_kubernetes_executor.py
[2022-12-03T12:21:04.604+0000] {processor.py:756} INFO - Processing file /home/airflow/.local/lib/python3.7/site-packages/airflow/example_dags/example_local_kubernetes_executor.py for tasks to queue
[2022-12-03T12:21:04.605+0000] {logging_mixin.py:137} INFO - [2022-12-03T12:21:04.605+0000] {dagbag.py:537} INFO - Filling up the DagBag from /home/airflow/.local/lib/python3.7/site-packages/airflow/example_dags/example_local_kubernetes_executor.py
[2022-12-03T12:21:04.621+0000] {processor.py:766} INFO - DAG(s) dict_keys(['example_local_kubernetes_executor']) retrieved from /home/airflow/.local/lib/python3.7/site-packages/airflow/example_dags/example_local_kubernetes_executor.py
[2022-12-03T12:21:04.650+0000] {logging_mixin.py:137} INFO - [2022-12-03T12:21:04.650+0000] {dag.py:2585} INFO - Sync 1 DAGs
[2022-12-03T12:21:04.668+0000] {logging_mixin.py:137} INFO - [2022-12-03T12:21:04.667+0000] {dag.py:3340} INFO - Setting next_dagrun for example_local_kubernetes_executor to None, run_after=None
[2022-12-03T12:21:04.682+0000] {processor.py:176} INFO - Processing /home/airflow/.local/lib/python3.7/site-packages/airflow/example_dags/example_local_kubernetes_executor.py took 0.082 seconds
[2022-12-03T13:24:17.647+0000] {processor.py:154} INFO - Started process (PID=14250) to work on /home/airflow/.local/lib/python3.7/site-packages/airflow/example_dags/example_local_kubernetes_executor.py
[2022-12-03T13:24:17.648+0000] {processor.py:756} INFO - Processing file /home/airflow/.local/lib/python3.7/site-packages/airflow/example_dags/example_local_kubernetes_executor.py for tasks to queue
[2022-12-03T13:24:17.649+0000] {logging_mixin.py:137} INFO - [2022-12-03T13:24:17.649+0000] {dagbag.py:537} INFO - Filling up the DagBag from /home/airflow/.local/lib/python3.7/site-packages/airflow/example_dags/example_local_kubernetes_executor.py
[2022-12-03T13:24:17.665+0000] {processor.py:766} INFO - DAG(s) dict_keys(['example_local_kubernetes_executor']) retrieved from /home/airflow/.local/lib/python3.7/site-packages/airflow/example_dags/example_local_kubernetes_executor.py
[2022-12-03T13:24:17.692+0000] {logging_mixin.py:137} INFO - [2022-12-03T13:24:17.692+0000] {dag.py:2585} INFO - Sync 1 DAGs
[2022-12-03T13:24:17.710+0000] {logging_mixin.py:137} INFO - [2022-12-03T13:24:17.710+0000] {dag.py:3340} INFO - Setting next_dagrun for example_local_kubernetes_executor to None, run_after=None
[2022-12-03T13:24:17.721+0000] {processor.py:176} INFO - Processing /home/airflow/.local/lib/python3.7/site-packages/airflow/example_dags/example_local_kubernetes_executor.py took 0.077 seconds
[2022-12-03T14:43:47.387+0000] {processor.py:154} INFO - Started process (PID=14305) to work on /home/airflow/.local/lib/python3.7/site-packages/airflow/example_dags/example_local_kubernetes_executor.py
[2022-12-03T14:43:47.389+0000] {processor.py:756} INFO - Processing file /home/airflow/.local/lib/python3.7/site-packages/airflow/example_dags/example_local_kubernetes_executor.py for tasks to queue
[2022-12-03T14:43:47.390+0000] {logging_mixin.py:137} INFO - [2022-12-03T14:43:47.390+0000] {dagbag.py:537} INFO - Filling up the DagBag from /home/airflow/.local/lib/python3.7/site-packages/airflow/example_dags/example_local_kubernetes_executor.py
[2022-12-03T14:43:47.404+0000] {processor.py:766} INFO - DAG(s) dict_keys(['example_local_kubernetes_executor']) retrieved from /home/airflow/.local/lib/python3.7/site-packages/airflow/example_dags/example_local_kubernetes_executor.py
[2022-12-03T14:43:47.432+0000] {logging_mixin.py:137} INFO - [2022-12-03T14:43:47.432+0000] {dag.py:2585} INFO - Sync 1 DAGs
[2022-12-03T14:43:47.447+0000] {logging_mixin.py:137} INFO - [2022-12-03T14:43:47.447+0000] {dag.py:3340} INFO - Setting next_dagrun for example_local_kubernetes_executor to None, run_after=None
[2022-12-03T14:43:47.459+0000] {processor.py:176} INFO - Processing /home/airflow/.local/lib/python3.7/site-packages/airflow/example_dags/example_local_kubernetes_executor.py took 0.074 seconds
[2022-12-03T16:02:59.792+0000] {processor.py:154} INFO - Started process (PID=14371) to work on /home/airflow/.local/lib/python3.7/site-packages/airflow/example_dags/example_local_kubernetes_executor.py
[2022-12-03T16:02:59.794+0000] {processor.py:756} INFO - Processing file /home/airflow/.local/lib/python3.7/site-packages/airflow/example_dags/example_local_kubernetes_executor.py for tasks to queue
[2022-12-03T16:02:59.796+0000] {logging_mixin.py:137} INFO - [2022-12-03T16:02:59.796+0000] {dagbag.py:537} INFO - Filling up the DagBag from /home/airflow/.local/lib/python3.7/site-packages/airflow/example_dags/example_local_kubernetes_executor.py
[2022-12-03T16:02:59.818+0000] {processor.py:766} INFO - DAG(s) dict_keys(['example_local_kubernetes_executor']) retrieved from /home/airflow/.local/lib/python3.7/site-packages/airflow/example_dags/example_local_kubernetes_executor.py
[2022-12-03T16:02:59.853+0000] {logging_mixin.py:137} INFO - [2022-12-03T16:02:59.853+0000] {dag.py:2585} INFO - Sync 1 DAGs
[2022-12-03T16:02:59.874+0000] {logging_mixin.py:137} INFO - [2022-12-03T16:02:59.874+0000] {dag.py:3340} INFO - Setting next_dagrun for example_local_kubernetes_executor to None, run_after=None
[2022-12-03T16:02:59.893+0000] {processor.py:176} INFO - Processing /home/airflow/.local/lib/python3.7/site-packages/airflow/example_dags/example_local_kubernetes_executor.py took 0.103 seconds
[2022-12-03T17:24:32.647+0000] {processor.py:154} INFO - Started process (PID=14439) to work on /home/airflow/.local/lib/python3.7/site-packages/airflow/example_dags/example_local_kubernetes_executor.py
[2022-12-03T17:24:32.650+0000] {processor.py:756} INFO - Processing file /home/airflow/.local/lib/python3.7/site-packages/airflow/example_dags/example_local_kubernetes_executor.py for tasks to queue
[2022-12-03T17:24:32.652+0000] {logging_mixin.py:137} INFO - [2022-12-03T17:24:32.651+0000] {dagbag.py:537} INFO - Filling up the DagBag from /home/airflow/.local/lib/python3.7/site-packages/airflow/example_dags/example_local_kubernetes_executor.py
[2022-12-03T17:24:32.672+0000] {processor.py:766} INFO - DAG(s) dict_keys(['example_local_kubernetes_executor']) retrieved from /home/airflow/.local/lib/python3.7/site-packages/airflow/example_dags/example_local_kubernetes_executor.py
[2022-12-03T17:24:32.708+0000] {logging_mixin.py:137} INFO - [2022-12-03T17:24:32.708+0000] {dag.py:2585} INFO - Sync 1 DAGs
[2022-12-03T17:24:32.727+0000] {logging_mixin.py:137} INFO - [2022-12-03T17:24:32.727+0000] {dag.py:3340} INFO - Setting next_dagrun for example_local_kubernetes_executor to None, run_after=None
[2022-12-03T17:24:32.741+0000] {processor.py:176} INFO - Processing /home/airflow/.local/lib/python3.7/site-packages/airflow/example_dags/example_local_kubernetes_executor.py took 0.096 seconds
[2022-12-03T18:46:58.888+0000] {processor.py:154} INFO - Started process (PID=14506) to work on /home/airflow/.local/lib/python3.7/site-packages/airflow/example_dags/example_local_kubernetes_executor.py
[2022-12-03T18:46:58.890+0000] {processor.py:756} INFO - Processing file /home/airflow/.local/lib/python3.7/site-packages/airflow/example_dags/example_local_kubernetes_executor.py for tasks to queue
[2022-12-03T18:46:58.891+0000] {logging_mixin.py:137} INFO - [2022-12-03T18:46:58.891+0000] {dagbag.py:537} INFO - Filling up the DagBag from /home/airflow/.local/lib/python3.7/site-packages/airflow/example_dags/example_local_kubernetes_executor.py
[2022-12-03T18:46:58.906+0000] {processor.py:766} INFO - DAG(s) dict_keys(['example_local_kubernetes_executor']) retrieved from /home/airflow/.local/lib/python3.7/site-packages/airflow/example_dags/example_local_kubernetes_executor.py
[2022-12-03T18:46:58.933+0000] {logging_mixin.py:137} INFO - [2022-12-03T18:46:58.933+0000] {dag.py:2585} INFO - Sync 1 DAGs
[2022-12-03T18:46:58.950+0000] {logging_mixin.py:137} INFO - [2022-12-03T18:46:58.949+0000] {dag.py:3340} INFO - Setting next_dagrun for example_local_kubernetes_executor to None, run_after=None
[2022-12-03T18:46:58.966+0000] {processor.py:176} INFO - Processing /home/airflow/.local/lib/python3.7/site-packages/airflow/example_dags/example_local_kubernetes_executor.py took 0.081 seconds
[2022-12-03T19:40:02.142+0000] {processor.py:154} INFO - Started process (PID=14563) to work on /home/airflow/.local/lib/python3.7/site-packages/airflow/example_dags/example_local_kubernetes_executor.py
[2022-12-03T19:40:02.148+0000] {processor.py:756} INFO - Processing file /home/airflow/.local/lib/python3.7/site-packages/airflow/example_dags/example_local_kubernetes_executor.py for tasks to queue
[2022-12-03T19:40:02.153+0000] {logging_mixin.py:137} INFO - [2022-12-03T19:40:02.153+0000] {dagbag.py:537} INFO - Filling up the DagBag from /home/airflow/.local/lib/python3.7/site-packages/airflow/example_dags/example_local_kubernetes_executor.py
[2022-12-03T19:40:02.191+0000] {processor.py:766} INFO - DAG(s) dict_keys(['example_local_kubernetes_executor']) retrieved from /home/airflow/.local/lib/python3.7/site-packages/airflow/example_dags/example_local_kubernetes_executor.py
[2022-12-03T19:40:02.251+0000] {logging_mixin.py:137} INFO - [2022-12-03T19:40:02.251+0000] {dag.py:2585} INFO - Sync 1 DAGs
[2022-12-03T19:40:02.282+0000] {logging_mixin.py:137} INFO - [2022-12-03T19:40:02.282+0000] {dag.py:3340} INFO - Setting next_dagrun for example_local_kubernetes_executor to None, run_after=None
[2022-12-03T19:40:02.315+0000] {processor.py:176} INFO - Processing /home/airflow/.local/lib/python3.7/site-packages/airflow/example_dags/example_local_kubernetes_executor.py took 0.180 seconds
[2022-12-03T20:15:10.128+0000] {processor.py:154} INFO - Started process (PID=14629) to work on /home/airflow/.local/lib/python3.7/site-packages/airflow/example_dags/example_local_kubernetes_executor.py
[2022-12-03T20:15:10.132+0000] {processor.py:756} INFO - Processing file /home/airflow/.local/lib/python3.7/site-packages/airflow/example_dags/example_local_kubernetes_executor.py for tasks to queue
[2022-12-03T20:15:10.134+0000] {logging_mixin.py:137} INFO - [2022-12-03T20:15:10.134+0000] {dagbag.py:537} INFO - Filling up the DagBag from /home/airflow/.local/lib/python3.7/site-packages/airflow/example_dags/example_local_kubernetes_executor.py
[2022-12-03T20:15:10.169+0000] {processor.py:766} INFO - DAG(s) dict_keys(['example_local_kubernetes_executor']) retrieved from /home/airflow/.local/lib/python3.7/site-packages/airflow/example_dags/example_local_kubernetes_executor.py
[2022-12-03T20:15:10.238+0000] {logging_mixin.py:137} INFO - [2022-12-03T20:15:10.238+0000] {dag.py:2585} INFO - Sync 1 DAGs
[2022-12-03T20:15:10.255+0000] {logging_mixin.py:137} INFO - [2022-12-03T20:15:10.255+0000] {dag.py:3340} INFO - Setting next_dagrun for example_local_kubernetes_executor to None, run_after=None
[2022-12-03T20:15:10.267+0000] {processor.py:176} INFO - Processing /home/airflow/.local/lib/python3.7/site-packages/airflow/example_dags/example_local_kubernetes_executor.py took 0.142 seconds
[2022-12-03T20:47:36.740+0000] {processor.py:154} INFO - Started process (PID=14694) to work on /home/airflow/.local/lib/python3.7/site-packages/airflow/example_dags/example_local_kubernetes_executor.py
[2022-12-03T20:47:36.749+0000] {processor.py:756} INFO - Processing file /home/airflow/.local/lib/python3.7/site-packages/airflow/example_dags/example_local_kubernetes_executor.py for tasks to queue
[2022-12-03T20:47:36.753+0000] {logging_mixin.py:137} INFO - [2022-12-03T20:47:36.753+0000] {dagbag.py:537} INFO - Filling up the DagBag from /home/airflow/.local/lib/python3.7/site-packages/airflow/example_dags/example_local_kubernetes_executor.py
[2022-12-03T20:47:36.783+0000] {processor.py:766} INFO - DAG(s) dict_keys(['example_local_kubernetes_executor']) retrieved from /home/airflow/.local/lib/python3.7/site-packages/airflow/example_dags/example_local_kubernetes_executor.py
[2022-12-03T20:47:36.842+0000] {logging_mixin.py:137} INFO - [2022-12-03T20:47:36.842+0000] {dag.py:2585} INFO - Sync 1 DAGs
[2022-12-03T20:47:36.881+0000] {logging_mixin.py:137} INFO - [2022-12-03T20:47:36.881+0000] {dag.py:3340} INFO - Setting next_dagrun for example_local_kubernetes_executor to None, run_after=None
[2022-12-03T20:47:36.910+0000] {processor.py:176} INFO - Processing /home/airflow/.local/lib/python3.7/site-packages/airflow/example_dags/example_local_kubernetes_executor.py took 0.178 seconds
[2022-12-03T22:10:13.284+0000] {processor.py:154} INFO - Started process (PID=14764) to work on /home/airflow/.local/lib/python3.7/site-packages/airflow/example_dags/example_local_kubernetes_executor.py
[2022-12-03T22:10:13.286+0000] {processor.py:756} INFO - Processing file /home/airflow/.local/lib/python3.7/site-packages/airflow/example_dags/example_local_kubernetes_executor.py for tasks to queue
[2022-12-03T22:10:13.286+0000] {logging_mixin.py:137} INFO - [2022-12-03T22:10:13.286+0000] {dagbag.py:537} INFO - Filling up the DagBag from /home/airflow/.local/lib/python3.7/site-packages/airflow/example_dags/example_local_kubernetes_executor.py
[2022-12-03T22:10:13.301+0000] {processor.py:766} INFO - DAG(s) dict_keys(['example_local_kubernetes_executor']) retrieved from /home/airflow/.local/lib/python3.7/site-packages/airflow/example_dags/example_local_kubernetes_executor.py
[2022-12-03T22:10:13.325+0000] {logging_mixin.py:137} INFO - [2022-12-03T22:10:13.325+0000] {dag.py:2585} INFO - Sync 1 DAGs
[2022-12-03T22:10:13.340+0000] {logging_mixin.py:137} INFO - [2022-12-03T22:10:13.340+0000] {dag.py:3340} INFO - Setting next_dagrun for example_local_kubernetes_executor to None, run_after=None
[2022-12-03T22:10:13.351+0000] {processor.py:176} INFO - Processing /home/airflow/.local/lib/python3.7/site-packages/airflow/example_dags/example_local_kubernetes_executor.py took 0.069 seconds
[2022-12-03T23:31:52.521+0000] {processor.py:154} INFO - Started process (PID=14823) to work on /home/airflow/.local/lib/python3.7/site-packages/airflow/example_dags/example_local_kubernetes_executor.py
[2022-12-03T23:31:52.523+0000] {processor.py:756} INFO - Processing file /home/airflow/.local/lib/python3.7/site-packages/airflow/example_dags/example_local_kubernetes_executor.py for tasks to queue
[2022-12-03T23:31:52.524+0000] {logging_mixin.py:137} INFO - [2022-12-03T23:31:52.524+0000] {dagbag.py:537} INFO - Filling up the DagBag from /home/airflow/.local/lib/python3.7/site-packages/airflow/example_dags/example_local_kubernetes_executor.py
[2022-12-03T23:31:52.538+0000] {processor.py:766} INFO - DAG(s) dict_keys(['example_local_kubernetes_executor']) retrieved from /home/airflow/.local/lib/python3.7/site-packages/airflow/example_dags/example_local_kubernetes_executor.py
[2022-12-03T23:31:52.563+0000] {logging_mixin.py:137} INFO - [2022-12-03T23:31:52.563+0000] {dag.py:2585} INFO - Sync 1 DAGs
[2022-12-03T23:31:52.580+0000] {logging_mixin.py:137} INFO - [2022-12-03T23:31:52.580+0000] {dag.py:3340} INFO - Setting next_dagrun for example_local_kubernetes_executor to None, run_after=None
[2022-12-03T23:31:52.603+0000] {processor.py:176} INFO - Processing /home/airflow/.local/lib/python3.7/site-packages/airflow/example_dags/example_local_kubernetes_executor.py took 0.084 seconds
