[2022-12-03T00:24:07.871+0000] {processor.py:154} INFO - Started process (PID=13489) to work on /home/airflow/.local/lib/python3.7/site-packages/airflow/example_dags/example_nested_branch_dag.py
[2022-12-03T00:24:07.873+0000] {processor.py:756} INFO - Processing file /home/airflow/.local/lib/python3.7/site-packages/airflow/example_dags/example_nested_branch_dag.py for tasks to queue
[2022-12-03T00:24:07.874+0000] {logging_mixin.py:137} INFO - [2022-12-03T00:24:07.874+0000] {dagbag.py:537} INFO - Filling up the DagBag from /home/airflow/.local/lib/python3.7/site-packages/airflow/example_dags/example_nested_branch_dag.py
[2022-12-03T00:24:07.892+0000] {processor.py:766} INFO - DAG(s) dict_keys(['example_nested_branch_dag']) retrieved from /home/airflow/.local/lib/python3.7/site-packages/airflow/example_dags/example_nested_branch_dag.py
[2022-12-03T00:24:07.927+0000] {logging_mixin.py:137} INFO - [2022-12-03T00:24:07.926+0000] {dag.py:2585} INFO - Sync 1 DAGs
[2022-12-03T00:24:07.949+0000] {logging_mixin.py:137} INFO - [2022-12-03T00:24:07.949+0000] {dag.py:3340} INFO - Setting next_dagrun for example_nested_branch_dag to 2022-12-02T00:00:00+00:00, run_after=2022-12-03T00:00:00+00:00
[2022-12-03T00:24:07.966+0000] {processor.py:176} INFO - Processing /home/airflow/.local/lib/python3.7/site-packages/airflow/example_dags/example_nested_branch_dag.py took 0.098 seconds
[2022-12-03T01:45:40.830+0000] {processor.py:154} INFO - Started process (PID=13558) to work on /home/airflow/.local/lib/python3.7/site-packages/airflow/example_dags/example_nested_branch_dag.py
[2022-12-03T01:45:40.831+0000] {processor.py:756} INFO - Processing file /home/airflow/.local/lib/python3.7/site-packages/airflow/example_dags/example_nested_branch_dag.py for tasks to queue
[2022-12-03T01:45:40.832+0000] {logging_mixin.py:137} INFO - [2022-12-03T01:45:40.832+0000] {dagbag.py:537} INFO - Filling up the DagBag from /home/airflow/.local/lib/python3.7/site-packages/airflow/example_dags/example_nested_branch_dag.py
[2022-12-03T01:45:40.848+0000] {processor.py:766} INFO - DAG(s) dict_keys(['example_nested_branch_dag']) retrieved from /home/airflow/.local/lib/python3.7/site-packages/airflow/example_dags/example_nested_branch_dag.py
[2022-12-03T01:45:40.876+0000] {logging_mixin.py:137} INFO - [2022-12-03T01:45:40.876+0000] {dag.py:2585} INFO - Sync 1 DAGs
[2022-12-03T01:45:40.892+0000] {logging_mixin.py:137} INFO - [2022-12-03T01:45:40.892+0000] {dag.py:3340} INFO - Setting next_dagrun for example_nested_branch_dag to 2022-12-02T00:00:00+00:00, run_after=2022-12-03T00:00:00+00:00
[2022-12-03T01:45:40.905+0000] {processor.py:176} INFO - Processing /home/airflow/.local/lib/python3.7/site-packages/airflow/example_dags/example_nested_branch_dag.py took 0.077 seconds
[2022-12-03T03:05:49.512+0000] {processor.py:154} INFO - Started process (PID=13626) to work on /home/airflow/.local/lib/python3.7/site-packages/airflow/example_dags/example_nested_branch_dag.py
[2022-12-03T03:05:49.513+0000] {processor.py:756} INFO - Processing file /home/airflow/.local/lib/python3.7/site-packages/airflow/example_dags/example_nested_branch_dag.py for tasks to queue
[2022-12-03T03:05:49.514+0000] {logging_mixin.py:137} INFO - [2022-12-03T03:05:49.514+0000] {dagbag.py:537} INFO - Filling up the DagBag from /home/airflow/.local/lib/python3.7/site-packages/airflow/example_dags/example_nested_branch_dag.py
[2022-12-03T03:05:49.530+0000] {processor.py:766} INFO - DAG(s) dict_keys(['example_nested_branch_dag']) retrieved from /home/airflow/.local/lib/python3.7/site-packages/airflow/example_dags/example_nested_branch_dag.py
[2022-12-03T03:05:49.559+0000] {logging_mixin.py:137} INFO - [2022-12-03T03:05:49.559+0000] {dag.py:2585} INFO - Sync 1 DAGs
[2022-12-03T03:05:49.573+0000] {logging_mixin.py:137} INFO - [2022-12-03T03:05:49.573+0000] {dag.py:3340} INFO - Setting next_dagrun for example_nested_branch_dag to 2022-12-02T00:00:00+00:00, run_after=2022-12-03T00:00:00+00:00
[2022-12-03T03:05:49.585+0000] {processor.py:176} INFO - Processing /home/airflow/.local/lib/python3.7/site-packages/airflow/example_dags/example_nested_branch_dag.py took 0.075 seconds
[2022-12-03T04:29:59.644+0000] {processor.py:154} INFO - Started process (PID=13685) to work on /home/airflow/.local/lib/python3.7/site-packages/airflow/example_dags/example_nested_branch_dag.py
[2022-12-03T04:29:59.647+0000] {processor.py:756} INFO - Processing file /home/airflow/.local/lib/python3.7/site-packages/airflow/example_dags/example_nested_branch_dag.py for tasks to queue
[2022-12-03T04:29:59.649+0000] {logging_mixin.py:137} INFO - [2022-12-03T04:29:59.649+0000] {dagbag.py:537} INFO - Filling up the DagBag from /home/airflow/.local/lib/python3.7/site-packages/airflow/example_dags/example_nested_branch_dag.py
[2022-12-03T04:29:59.691+0000] {processor.py:766} INFO - DAG(s) dict_keys(['example_nested_branch_dag']) retrieved from /home/airflow/.local/lib/python3.7/site-packages/airflow/example_dags/example_nested_branch_dag.py
[2022-12-03T04:29:59.736+0000] {logging_mixin.py:137} INFO - [2022-12-03T04:29:59.736+0000] {dag.py:2585} INFO - Sync 1 DAGs
[2022-12-03T04:29:59.781+0000] {logging_mixin.py:137} INFO - [2022-12-03T04:29:59.780+0000] {dag.py:3340} INFO - Setting next_dagrun for example_nested_branch_dag to 2022-12-02T00:00:00+00:00, run_after=2022-12-03T00:00:00+00:00
[2022-12-03T04:29:59.800+0000] {processor.py:176} INFO - Processing /home/airflow/.local/lib/python3.7/site-packages/airflow/example_dags/example_nested_branch_dag.py took 0.159 seconds
[2022-12-03T05:52:50.328+0000] {processor.py:154} INFO - Started process (PID=13754) to work on /home/airflow/.local/lib/python3.7/site-packages/airflow/example_dags/example_nested_branch_dag.py
[2022-12-03T05:52:50.330+0000] {processor.py:756} INFO - Processing file /home/airflow/.local/lib/python3.7/site-packages/airflow/example_dags/example_nested_branch_dag.py for tasks to queue
[2022-12-03T05:52:50.332+0000] {logging_mixin.py:137} INFO - [2022-12-03T05:52:50.332+0000] {dagbag.py:537} INFO - Filling up the DagBag from /home/airflow/.local/lib/python3.7/site-packages/airflow/example_dags/example_nested_branch_dag.py
[2022-12-03T05:52:50.360+0000] {processor.py:766} INFO - DAG(s) dict_keys(['example_nested_branch_dag']) retrieved from /home/airflow/.local/lib/python3.7/site-packages/airflow/example_dags/example_nested_branch_dag.py
[2022-12-03T05:52:50.430+0000] {logging_mixin.py:137} INFO - [2022-12-03T05:52:50.430+0000] {dag.py:2585} INFO - Sync 1 DAGs
[2022-12-03T05:52:50.462+0000] {logging_mixin.py:137} INFO - [2022-12-03T05:52:50.462+0000] {dag.py:3340} INFO - Setting next_dagrun for example_nested_branch_dag to 2022-12-02T00:00:00+00:00, run_after=2022-12-03T00:00:00+00:00
[2022-12-03T05:52:50.488+0000] {processor.py:176} INFO - Processing /home/airflow/.local/lib/python3.7/site-packages/airflow/example_dags/example_nested_branch_dag.py took 0.163 seconds
[2022-12-03T07:14:04.099+0000] {processor.py:154} INFO - Started process (PID=13825) to work on /home/airflow/.local/lib/python3.7/site-packages/airflow/example_dags/example_nested_branch_dag.py
[2022-12-03T07:14:04.103+0000] {processor.py:756} INFO - Processing file /home/airflow/.local/lib/python3.7/site-packages/airflow/example_dags/example_nested_branch_dag.py for tasks to queue
[2022-12-03T07:14:04.105+0000] {logging_mixin.py:137} INFO - [2022-12-03T07:14:04.105+0000] {dagbag.py:537} INFO - Filling up the DagBag from /home/airflow/.local/lib/python3.7/site-packages/airflow/example_dags/example_nested_branch_dag.py
[2022-12-03T07:14:04.121+0000] {processor.py:766} INFO - DAG(s) dict_keys(['example_nested_branch_dag']) retrieved from /home/airflow/.local/lib/python3.7/site-packages/airflow/example_dags/example_nested_branch_dag.py
[2022-12-03T07:14:04.154+0000] {logging_mixin.py:137} INFO - [2022-12-03T07:14:04.154+0000] {dag.py:2585} INFO - Sync 1 DAGs
[2022-12-03T07:14:04.184+0000] {logging_mixin.py:137} INFO - [2022-12-03T07:14:04.184+0000] {dag.py:3340} INFO - Setting next_dagrun for example_nested_branch_dag to 2022-12-02T00:00:00+00:00, run_after=2022-12-03T00:00:00+00:00
[2022-12-03T07:14:04.203+0000] {processor.py:176} INFO - Processing /home/airflow/.local/lib/python3.7/site-packages/airflow/example_dags/example_nested_branch_dag.py took 0.109 seconds
[2022-12-03T08:36:15.959+0000] {processor.py:154} INFO - Started process (PID=13898) to work on /home/airflow/.local/lib/python3.7/site-packages/airflow/example_dags/example_nested_branch_dag.py
[2022-12-03T08:36:15.963+0000] {processor.py:756} INFO - Processing file /home/airflow/.local/lib/python3.7/site-packages/airflow/example_dags/example_nested_branch_dag.py for tasks to queue
[2022-12-03T08:36:15.966+0000] {logging_mixin.py:137} INFO - [2022-12-03T08:36:15.966+0000] {dagbag.py:537} INFO - Filling up the DagBag from /home/airflow/.local/lib/python3.7/site-packages/airflow/example_dags/example_nested_branch_dag.py
[2022-12-03T08:36:16.003+0000] {processor.py:766} INFO - DAG(s) dict_keys(['example_nested_branch_dag']) retrieved from /home/airflow/.local/lib/python3.7/site-packages/airflow/example_dags/example_nested_branch_dag.py
[2022-12-03T08:36:16.062+0000] {logging_mixin.py:137} INFO - [2022-12-03T08:36:16.062+0000] {dag.py:2585} INFO - Sync 1 DAGs
[2022-12-03T08:36:16.088+0000] {logging_mixin.py:137} INFO - [2022-12-03T08:36:16.088+0000] {dag.py:3340} INFO - Setting next_dagrun for example_nested_branch_dag to 2022-12-02T00:00:00+00:00, run_after=2022-12-03T00:00:00+00:00
[2022-12-03T08:36:16.101+0000] {processor.py:176} INFO - Processing /home/airflow/.local/lib/python3.7/site-packages/airflow/example_dags/example_nested_branch_dag.py took 0.146 seconds
[2022-12-03T09:58:28.977+0000] {processor.py:154} INFO - Started process (PID=13966) to work on /home/airflow/.local/lib/python3.7/site-packages/airflow/example_dags/example_nested_branch_dag.py
[2022-12-03T09:58:28.980+0000] {processor.py:756} INFO - Processing file /home/airflow/.local/lib/python3.7/site-packages/airflow/example_dags/example_nested_branch_dag.py for tasks to queue
[2022-12-03T09:58:28.981+0000] {logging_mixin.py:137} INFO - [2022-12-03T09:58:28.981+0000] {dagbag.py:537} INFO - Filling up the DagBag from /home/airflow/.local/lib/python3.7/site-packages/airflow/example_dags/example_nested_branch_dag.py
[2022-12-03T09:58:29.027+0000] {processor.py:766} INFO - DAG(s) dict_keys(['example_nested_branch_dag']) retrieved from /home/airflow/.local/lib/python3.7/site-packages/airflow/example_dags/example_nested_branch_dag.py
[2022-12-03T09:58:29.094+0000] {logging_mixin.py:137} INFO - [2022-12-03T09:58:29.094+0000] {dag.py:2585} INFO - Sync 1 DAGs
[2022-12-03T09:58:29.155+0000] {logging_mixin.py:137} INFO - [2022-12-03T09:58:29.155+0000] {dag.py:3340} INFO - Setting next_dagrun for example_nested_branch_dag to 2022-12-02T00:00:00+00:00, run_after=2022-12-03T00:00:00+00:00
[2022-12-03T09:58:29.197+0000] {processor.py:176} INFO - Processing /home/airflow/.local/lib/python3.7/site-packages/airflow/example_dags/example_nested_branch_dag.py took 0.224 seconds
[2022-12-03T11:03:29.476+0000] {processor.py:154} INFO - Started process (PID=14021) to work on /home/airflow/.local/lib/python3.7/site-packages/airflow/example_dags/example_nested_branch_dag.py
[2022-12-03T11:03:29.478+0000] {processor.py:756} INFO - Processing file /home/airflow/.local/lib/python3.7/site-packages/airflow/example_dags/example_nested_branch_dag.py for tasks to queue
[2022-12-03T11:03:29.479+0000] {logging_mixin.py:137} INFO - [2022-12-03T11:03:29.479+0000] {dagbag.py:537} INFO - Filling up the DagBag from /home/airflow/.local/lib/python3.7/site-packages/airflow/example_dags/example_nested_branch_dag.py
[2022-12-03T11:03:29.493+0000] {processor.py:766} INFO - DAG(s) dict_keys(['example_nested_branch_dag']) retrieved from /home/airflow/.local/lib/python3.7/site-packages/airflow/example_dags/example_nested_branch_dag.py
[2022-12-03T11:03:29.518+0000] {logging_mixin.py:137} INFO - [2022-12-03T11:03:29.518+0000] {dag.py:2585} INFO - Sync 1 DAGs
[2022-12-03T11:03:29.534+0000] {logging_mixin.py:137} INFO - [2022-12-03T11:03:29.534+0000] {dag.py:3340} INFO - Setting next_dagrun for example_nested_branch_dag to 2022-12-02T00:00:00+00:00, run_after=2022-12-03T00:00:00+00:00
[2022-12-03T11:03:29.555+0000] {processor.py:176} INFO - Processing /home/airflow/.local/lib/python3.7/site-packages/airflow/example_dags/example_nested_branch_dag.py took 0.081 seconds
[2022-12-03T11:21:00.271+0000] {processor.py:154} INFO - Started process (PID=14095) to work on /home/airflow/.local/lib/python3.7/site-packages/airflow/example_dags/example_nested_branch_dag.py
[2022-12-03T11:21:00.272+0000] {processor.py:756} INFO - Processing file /home/airflow/.local/lib/python3.7/site-packages/airflow/example_dags/example_nested_branch_dag.py for tasks to queue
[2022-12-03T11:21:00.273+0000] {logging_mixin.py:137} INFO - [2022-12-03T11:21:00.273+0000] {dagbag.py:537} INFO - Filling up the DagBag from /home/airflow/.local/lib/python3.7/site-packages/airflow/example_dags/example_nested_branch_dag.py
[2022-12-03T11:21:00.290+0000] {processor.py:766} INFO - DAG(s) dict_keys(['example_nested_branch_dag']) retrieved from /home/airflow/.local/lib/python3.7/site-packages/airflow/example_dags/example_nested_branch_dag.py
[2022-12-03T11:21:00.318+0000] {logging_mixin.py:137} INFO - [2022-12-03T11:21:00.318+0000] {dag.py:2585} INFO - Sync 1 DAGs
[2022-12-03T11:21:00.333+0000] {logging_mixin.py:137} INFO - [2022-12-03T11:21:00.333+0000] {dag.py:3340} INFO - Setting next_dagrun for example_nested_branch_dag to 2022-12-02T00:00:00+00:00, run_after=2022-12-03T00:00:00+00:00
[2022-12-03T11:21:00.349+0000] {processor.py:176} INFO - Processing /home/airflow/.local/lib/python3.7/site-packages/airflow/example_dags/example_nested_branch_dag.py took 0.081 seconds
[2022-12-03T12:21:04.105+0000] {processor.py:154} INFO - Started process (PID=14168) to work on /home/airflow/.local/lib/python3.7/site-packages/airflow/example_dags/example_nested_branch_dag.py
[2022-12-03T12:21:04.107+0000] {processor.py:756} INFO - Processing file /home/airflow/.local/lib/python3.7/site-packages/airflow/example_dags/example_nested_branch_dag.py for tasks to queue
[2022-12-03T12:21:04.108+0000] {logging_mixin.py:137} INFO - [2022-12-03T12:21:04.108+0000] {dagbag.py:537} INFO - Filling up the DagBag from /home/airflow/.local/lib/python3.7/site-packages/airflow/example_dags/example_nested_branch_dag.py
[2022-12-03T12:21:04.126+0000] {processor.py:766} INFO - DAG(s) dict_keys(['example_nested_branch_dag']) retrieved from /home/airflow/.local/lib/python3.7/site-packages/airflow/example_dags/example_nested_branch_dag.py
[2022-12-03T12:21:04.154+0000] {logging_mixin.py:137} INFO - [2022-12-03T12:21:04.154+0000] {dag.py:2585} INFO - Sync 1 DAGs
[2022-12-03T12:21:04.171+0000] {logging_mixin.py:137} INFO - [2022-12-03T12:21:04.171+0000] {dag.py:3340} INFO - Setting next_dagrun for example_nested_branch_dag to 2022-12-02T00:00:00+00:00, run_after=2022-12-03T00:00:00+00:00
[2022-12-03T12:21:04.183+0000] {processor.py:176} INFO - Processing /home/airflow/.local/lib/python3.7/site-packages/airflow/example_dags/example_nested_branch_dag.py took 0.081 seconds
[2022-12-03T13:24:16.922+0000] {processor.py:154} INFO - Started process (PID=14243) to work on /home/airflow/.local/lib/python3.7/site-packages/airflow/example_dags/example_nested_branch_dag.py
[2022-12-03T13:24:16.924+0000] {processor.py:756} INFO - Processing file /home/airflow/.local/lib/python3.7/site-packages/airflow/example_dags/example_nested_branch_dag.py for tasks to queue
[2022-12-03T13:24:16.926+0000] {logging_mixin.py:137} INFO - [2022-12-03T13:24:16.926+0000] {dagbag.py:537} INFO - Filling up the DagBag from /home/airflow/.local/lib/python3.7/site-packages/airflow/example_dags/example_nested_branch_dag.py
[2022-12-03T13:24:16.976+0000] {processor.py:766} INFO - DAG(s) dict_keys(['example_nested_branch_dag']) retrieved from /home/airflow/.local/lib/python3.7/site-packages/airflow/example_dags/example_nested_branch_dag.py
[2022-12-03T13:24:17.059+0000] {logging_mixin.py:137} INFO - [2022-12-03T13:24:17.059+0000] {dag.py:2585} INFO - Sync 1 DAGs
[2022-12-03T13:24:17.097+0000] {logging_mixin.py:137} INFO - [2022-12-03T13:24:17.097+0000] {dag.py:3340} INFO - Setting next_dagrun for example_nested_branch_dag to 2022-12-02T00:00:00+00:00, run_after=2022-12-03T00:00:00+00:00
[2022-12-03T13:24:17.136+0000] {processor.py:176} INFO - Processing /home/airflow/.local/lib/python3.7/site-packages/airflow/example_dags/example_nested_branch_dag.py took 0.218 seconds
[2022-12-03T14:43:46.993+0000] {processor.py:154} INFO - Started process (PID=14298) to work on /home/airflow/.local/lib/python3.7/site-packages/airflow/example_dags/example_nested_branch_dag.py
[2022-12-03T14:43:46.994+0000] {processor.py:756} INFO - Processing file /home/airflow/.local/lib/python3.7/site-packages/airflow/example_dags/example_nested_branch_dag.py for tasks to queue
[2022-12-03T14:43:46.995+0000] {logging_mixin.py:137} INFO - [2022-12-03T14:43:46.995+0000] {dagbag.py:537} INFO - Filling up the DagBag from /home/airflow/.local/lib/python3.7/site-packages/airflow/example_dags/example_nested_branch_dag.py
[2022-12-03T14:43:47.010+0000] {processor.py:766} INFO - DAG(s) dict_keys(['example_nested_branch_dag']) retrieved from /home/airflow/.local/lib/python3.7/site-packages/airflow/example_dags/example_nested_branch_dag.py
[2022-12-03T14:43:47.036+0000] {logging_mixin.py:137} INFO - [2022-12-03T14:43:47.036+0000] {dag.py:2585} INFO - Sync 1 DAGs
[2022-12-03T14:43:47.051+0000] {logging_mixin.py:137} INFO - [2022-12-03T14:43:47.051+0000] {dag.py:3340} INFO - Setting next_dagrun for example_nested_branch_dag to 2022-12-02T00:00:00+00:00, run_after=2022-12-03T00:00:00+00:00
[2022-12-03T14:43:47.063+0000] {processor.py:176} INFO - Processing /home/airflow/.local/lib/python3.7/site-packages/airflow/example_dags/example_nested_branch_dag.py took 0.073 seconds
[2022-12-03T16:02:58.933+0000] {processor.py:154} INFO - Started process (PID=14364) to work on /home/airflow/.local/lib/python3.7/site-packages/airflow/example_dags/example_nested_branch_dag.py
[2022-12-03T16:02:58.935+0000] {processor.py:756} INFO - Processing file /home/airflow/.local/lib/python3.7/site-packages/airflow/example_dags/example_nested_branch_dag.py for tasks to queue
[2022-12-03T16:02:58.937+0000] {logging_mixin.py:137} INFO - [2022-12-03T16:02:58.937+0000] {dagbag.py:537} INFO - Filling up the DagBag from /home/airflow/.local/lib/python3.7/site-packages/airflow/example_dags/example_nested_branch_dag.py
[2022-12-03T16:02:58.963+0000] {processor.py:766} INFO - DAG(s) dict_keys(['example_nested_branch_dag']) retrieved from /home/airflow/.local/lib/python3.7/site-packages/airflow/example_dags/example_nested_branch_dag.py
[2022-12-03T16:02:58.995+0000] {logging_mixin.py:137} INFO - [2022-12-03T16:02:58.995+0000] {dag.py:2585} INFO - Sync 1 DAGs
[2022-12-03T16:02:59.013+0000] {logging_mixin.py:137} INFO - [2022-12-03T16:02:59.013+0000] {dag.py:3340} INFO - Setting next_dagrun for example_nested_branch_dag to 2022-12-02T00:00:00+00:00, run_after=2022-12-03T00:00:00+00:00
[2022-12-03T16:02:59.031+0000] {processor.py:176} INFO - Processing /home/airflow/.local/lib/python3.7/site-packages/airflow/example_dags/example_nested_branch_dag.py took 0.100 seconds
[2022-12-03T17:24:31.385+0000] {processor.py:154} INFO - Started process (PID=14432) to work on /home/airflow/.local/lib/python3.7/site-packages/airflow/example_dags/example_nested_branch_dag.py
[2022-12-03T17:24:31.393+0000] {processor.py:756} INFO - Processing file /home/airflow/.local/lib/python3.7/site-packages/airflow/example_dags/example_nested_branch_dag.py for tasks to queue
[2022-12-03T17:24:31.398+0000] {logging_mixin.py:137} INFO - [2022-12-03T17:24:31.398+0000] {dagbag.py:537} INFO - Filling up the DagBag from /home/airflow/.local/lib/python3.7/site-packages/airflow/example_dags/example_nested_branch_dag.py
[2022-12-03T17:24:31.452+0000] {processor.py:766} INFO - DAG(s) dict_keys(['example_nested_branch_dag']) retrieved from /home/airflow/.local/lib/python3.7/site-packages/airflow/example_dags/example_nested_branch_dag.py
[2022-12-03T17:24:31.537+0000] {logging_mixin.py:137} INFO - [2022-12-03T17:24:31.536+0000] {dag.py:2585} INFO - Sync 1 DAGs
[2022-12-03T17:24:31.571+0000] {logging_mixin.py:137} INFO - [2022-12-03T17:24:31.571+0000] {dag.py:3340} INFO - Setting next_dagrun for example_nested_branch_dag to 2022-12-02T00:00:00+00:00, run_after=2022-12-03T00:00:00+00:00
[2022-12-03T17:24:31.600+0000] {processor.py:176} INFO - Processing /home/airflow/.local/lib/python3.7/site-packages/airflow/example_dags/example_nested_branch_dag.py took 0.222 seconds
[2022-12-03T18:46:58.166+0000] {processor.py:154} INFO - Started process (PID=14499) to work on /home/airflow/.local/lib/python3.7/site-packages/airflow/example_dags/example_nested_branch_dag.py
[2022-12-03T18:46:58.167+0000] {processor.py:756} INFO - Processing file /home/airflow/.local/lib/python3.7/site-packages/airflow/example_dags/example_nested_branch_dag.py for tasks to queue
[2022-12-03T18:46:58.168+0000] {logging_mixin.py:137} INFO - [2022-12-03T18:46:58.168+0000] {dagbag.py:537} INFO - Filling up the DagBag from /home/airflow/.local/lib/python3.7/site-packages/airflow/example_dags/example_nested_branch_dag.py
[2022-12-03T18:46:58.183+0000] {processor.py:766} INFO - DAG(s) dict_keys(['example_nested_branch_dag']) retrieved from /home/airflow/.local/lib/python3.7/site-packages/airflow/example_dags/example_nested_branch_dag.py
[2022-12-03T18:46:58.213+0000] {logging_mixin.py:137} INFO - [2022-12-03T18:46:58.213+0000] {dag.py:2585} INFO - Sync 1 DAGs
[2022-12-03T18:46:58.245+0000] {logging_mixin.py:137} INFO - [2022-12-03T18:46:58.244+0000] {dag.py:3340} INFO - Setting next_dagrun for example_nested_branch_dag to 2022-12-02T00:00:00+00:00, run_after=2022-12-03T00:00:00+00:00
[2022-12-03T18:46:58.268+0000] {processor.py:176} INFO - Processing /home/airflow/.local/lib/python3.7/site-packages/airflow/example_dags/example_nested_branch_dag.py took 0.105 seconds
[2022-12-03T19:40:01.440+0000] {processor.py:154} INFO - Started process (PID=14556) to work on /home/airflow/.local/lib/python3.7/site-packages/airflow/example_dags/example_nested_branch_dag.py
[2022-12-03T19:40:01.441+0000] {processor.py:756} INFO - Processing file /home/airflow/.local/lib/python3.7/site-packages/airflow/example_dags/example_nested_branch_dag.py for tasks to queue
[2022-12-03T19:40:01.442+0000] {logging_mixin.py:137} INFO - [2022-12-03T19:40:01.442+0000] {dagbag.py:537} INFO - Filling up the DagBag from /home/airflow/.local/lib/python3.7/site-packages/airflow/example_dags/example_nested_branch_dag.py
[2022-12-03T19:40:01.458+0000] {processor.py:766} INFO - DAG(s) dict_keys(['example_nested_branch_dag']) retrieved from /home/airflow/.local/lib/python3.7/site-packages/airflow/example_dags/example_nested_branch_dag.py
[2022-12-03T19:40:01.487+0000] {logging_mixin.py:137} INFO - [2022-12-03T19:40:01.487+0000] {dag.py:2585} INFO - Sync 1 DAGs
[2022-12-03T19:40:01.502+0000] {logging_mixin.py:137} INFO - [2022-12-03T19:40:01.502+0000] {dag.py:3340} INFO - Setting next_dagrun for example_nested_branch_dag to 2022-12-02T00:00:00+00:00, run_after=2022-12-03T00:00:00+00:00
[2022-12-03T19:40:01.523+0000] {processor.py:176} INFO - Processing /home/airflow/.local/lib/python3.7/site-packages/airflow/example_dags/example_nested_branch_dag.py took 0.085 seconds
[2022-12-03T20:15:09.159+0000] {processor.py:154} INFO - Started process (PID=14622) to work on /home/airflow/.local/lib/python3.7/site-packages/airflow/example_dags/example_nested_branch_dag.py
[2022-12-03T20:15:09.160+0000] {processor.py:756} INFO - Processing file /home/airflow/.local/lib/python3.7/site-packages/airflow/example_dags/example_nested_branch_dag.py for tasks to queue
[2022-12-03T20:15:09.161+0000] {logging_mixin.py:137} INFO - [2022-12-03T20:15:09.161+0000] {dagbag.py:537} INFO - Filling up the DagBag from /home/airflow/.local/lib/python3.7/site-packages/airflow/example_dags/example_nested_branch_dag.py
[2022-12-03T20:15:09.176+0000] {processor.py:766} INFO - DAG(s) dict_keys(['example_nested_branch_dag']) retrieved from /home/airflow/.local/lib/python3.7/site-packages/airflow/example_dags/example_nested_branch_dag.py
[2022-12-03T20:15:09.229+0000] {logging_mixin.py:137} INFO - [2022-12-03T20:15:09.229+0000] {dag.py:2585} INFO - Sync 1 DAGs
[2022-12-03T20:15:09.256+0000] {logging_mixin.py:137} INFO - [2022-12-03T20:15:09.256+0000] {dag.py:3340} INFO - Setting next_dagrun for example_nested_branch_dag to 2022-12-02T00:00:00+00:00, run_after=2022-12-03T00:00:00+00:00
[2022-12-03T20:15:09.276+0000] {processor.py:176} INFO - Processing /home/airflow/.local/lib/python3.7/site-packages/airflow/example_dags/example_nested_branch_dag.py took 0.119 seconds
[2022-12-03T20:47:36.123+0000] {processor.py:154} INFO - Started process (PID=14687) to work on /home/airflow/.local/lib/python3.7/site-packages/airflow/example_dags/example_nested_branch_dag.py
[2022-12-03T20:47:36.125+0000] {processor.py:756} INFO - Processing file /home/airflow/.local/lib/python3.7/site-packages/airflow/example_dags/example_nested_branch_dag.py for tasks to queue
[2022-12-03T20:47:36.126+0000] {logging_mixin.py:137} INFO - [2022-12-03T20:47:36.126+0000] {dagbag.py:537} INFO - Filling up the DagBag from /home/airflow/.local/lib/python3.7/site-packages/airflow/example_dags/example_nested_branch_dag.py
[2022-12-03T20:47:36.148+0000] {processor.py:766} INFO - DAG(s) dict_keys(['example_nested_branch_dag']) retrieved from /home/airflow/.local/lib/python3.7/site-packages/airflow/example_dags/example_nested_branch_dag.py
[2022-12-03T20:47:36.178+0000] {logging_mixin.py:137} INFO - [2022-12-03T20:47:36.178+0000] {dag.py:2585} INFO - Sync 1 DAGs
[2022-12-03T20:47:36.194+0000] {logging_mixin.py:137} INFO - [2022-12-03T20:47:36.194+0000] {dag.py:3340} INFO - Setting next_dagrun for example_nested_branch_dag to 2022-12-02T00:00:00+00:00, run_after=2022-12-03T00:00:00+00:00
[2022-12-03T20:47:36.206+0000] {processor.py:176} INFO - Processing /home/airflow/.local/lib/python3.7/site-packages/airflow/example_dags/example_nested_branch_dag.py took 0.085 seconds
[2022-12-03T22:10:12.500+0000] {processor.py:154} INFO - Started process (PID=14757) to work on /home/airflow/.local/lib/python3.7/site-packages/airflow/example_dags/example_nested_branch_dag.py
[2022-12-03T22:10:12.503+0000] {processor.py:756} INFO - Processing file /home/airflow/.local/lib/python3.7/site-packages/airflow/example_dags/example_nested_branch_dag.py for tasks to queue
[2022-12-03T22:10:12.505+0000] {logging_mixin.py:137} INFO - [2022-12-03T22:10:12.505+0000] {dagbag.py:537} INFO - Filling up the DagBag from /home/airflow/.local/lib/python3.7/site-packages/airflow/example_dags/example_nested_branch_dag.py
[2022-12-03T22:10:12.543+0000] {processor.py:766} INFO - DAG(s) dict_keys(['example_nested_branch_dag']) retrieved from /home/airflow/.local/lib/python3.7/site-packages/airflow/example_dags/example_nested_branch_dag.py
[2022-12-03T22:10:12.622+0000] {logging_mixin.py:137} INFO - [2022-12-03T22:10:12.622+0000] {dag.py:2585} INFO - Sync 1 DAGs
[2022-12-03T22:10:12.660+0000] {logging_mixin.py:137} INFO - [2022-12-03T22:10:12.660+0000] {dag.py:3340} INFO - Setting next_dagrun for example_nested_branch_dag to 2022-12-02T00:00:00+00:00, run_after=2022-12-03T00:00:00+00:00
[2022-12-03T22:10:12.686+0000] {processor.py:176} INFO - Processing /home/airflow/.local/lib/python3.7/site-packages/airflow/example_dags/example_nested_branch_dag.py took 0.189 seconds
[2022-12-03T23:31:52.123+0000] {processor.py:154} INFO - Started process (PID=14816) to work on /home/airflow/.local/lib/python3.7/site-packages/airflow/example_dags/example_nested_branch_dag.py
[2022-12-03T23:31:52.125+0000] {processor.py:756} INFO - Processing file /home/airflow/.local/lib/python3.7/site-packages/airflow/example_dags/example_nested_branch_dag.py for tasks to queue
[2022-12-03T23:31:52.126+0000] {logging_mixin.py:137} INFO - [2022-12-03T23:31:52.126+0000] {dagbag.py:537} INFO - Filling up the DagBag from /home/airflow/.local/lib/python3.7/site-packages/airflow/example_dags/example_nested_branch_dag.py
[2022-12-03T23:31:52.143+0000] {processor.py:766} INFO - DAG(s) dict_keys(['example_nested_branch_dag']) retrieved from /home/airflow/.local/lib/python3.7/site-packages/airflow/example_dags/example_nested_branch_dag.py
[2022-12-03T23:31:52.168+0000] {logging_mixin.py:137} INFO - [2022-12-03T23:31:52.168+0000] {dag.py:2585} INFO - Sync 1 DAGs
[2022-12-03T23:31:52.186+0000] {logging_mixin.py:137} INFO - [2022-12-03T23:31:52.186+0000] {dag.py:3340} INFO - Setting next_dagrun for example_nested_branch_dag to 2022-12-02T00:00:00+00:00, run_after=2022-12-03T00:00:00+00:00
[2022-12-03T23:31:52.198+0000] {processor.py:176} INFO - Processing /home/airflow/.local/lib/python3.7/site-packages/airflow/example_dags/example_nested_branch_dag.py took 0.077 seconds
