[2022-12-03T00:24:09.825+0000] {processor.py:154} INFO - Started process (PID=13509) to work on /home/airflow/.local/lib/python3.7/site-packages/airflow/example_dags/example_branch_labels.py
[2022-12-03T00:24:09.827+0000] {processor.py:756} INFO - Processing file /home/airflow/.local/lib/python3.7/site-packages/airflow/example_dags/example_branch_labels.py for tasks to queue
[2022-12-03T00:24:09.828+0000] {logging_mixin.py:137} INFO - [2022-12-03T00:24:09.828+0000] {dagbag.py:537} INFO - Filling up the DagBag from /home/airflow/.local/lib/python3.7/site-packages/airflow/example_dags/example_branch_labels.py
[2022-12-03T00:24:09.839+0000] {processor.py:766} INFO - DAG(s) dict_keys(['example_branch_labels']) retrieved from /home/airflow/.local/lib/python3.7/site-packages/airflow/example_dags/example_branch_labels.py
[2022-12-03T00:24:09.873+0000] {logging_mixin.py:137} INFO - [2022-12-03T00:24:09.873+0000] {dag.py:2585} INFO - Sync 1 DAGs
[2022-12-03T00:24:10.090+0000] {logging_mixin.py:137} INFO - [2022-12-03T00:24:10.090+0000] {dag.py:3340} INFO - Setting next_dagrun for example_branch_labels to 2022-12-02T00:00:00+00:00, run_after=2022-12-03T00:00:00+00:00
[2022-12-03T00:24:10.200+0000] {processor.py:176} INFO - Processing /home/airflow/.local/lib/python3.7/site-packages/airflow/example_dags/example_branch_labels.py took 0.378 seconds
[2022-12-03T01:45:42.277+0000] {processor.py:154} INFO - Started process (PID=13578) to work on /home/airflow/.local/lib/python3.7/site-packages/airflow/example_dags/example_branch_labels.py
[2022-12-03T01:45:42.279+0000] {processor.py:756} INFO - Processing file /home/airflow/.local/lib/python3.7/site-packages/airflow/example_dags/example_branch_labels.py for tasks to queue
[2022-12-03T01:45:42.281+0000] {logging_mixin.py:137} INFO - [2022-12-03T01:45:42.281+0000] {dagbag.py:537} INFO - Filling up the DagBag from /home/airflow/.local/lib/python3.7/site-packages/airflow/example_dags/example_branch_labels.py
[2022-12-03T01:45:42.295+0000] {processor.py:766} INFO - DAG(s) dict_keys(['example_branch_labels']) retrieved from /home/airflow/.local/lib/python3.7/site-packages/airflow/example_dags/example_branch_labels.py
[2022-12-03T01:45:42.328+0000] {logging_mixin.py:137} INFO - [2022-12-03T01:45:42.328+0000] {dag.py:2585} INFO - Sync 1 DAGs
[2022-12-03T01:45:42.353+0000] {logging_mixin.py:137} INFO - [2022-12-03T01:45:42.353+0000] {dag.py:3340} INFO - Setting next_dagrun for example_branch_labels to 2022-12-02T00:00:00+00:00, run_after=2022-12-03T00:00:00+00:00
[2022-12-03T01:45:42.373+0000] {processor.py:176} INFO - Processing /home/airflow/.local/lib/python3.7/site-packages/airflow/example_dags/example_branch_labels.py took 0.100 seconds
[2022-12-03T03:05:51.232+0000] {processor.py:154} INFO - Started process (PID=13646) to work on /home/airflow/.local/lib/python3.7/site-packages/airflow/example_dags/example_branch_labels.py
[2022-12-03T03:05:51.234+0000] {processor.py:756} INFO - Processing file /home/airflow/.local/lib/python3.7/site-packages/airflow/example_dags/example_branch_labels.py for tasks to queue
[2022-12-03T03:05:51.235+0000] {logging_mixin.py:137} INFO - [2022-12-03T03:05:51.234+0000] {dagbag.py:537} INFO - Filling up the DagBag from /home/airflow/.local/lib/python3.7/site-packages/airflow/example_dags/example_branch_labels.py
[2022-12-03T03:05:51.245+0000] {processor.py:766} INFO - DAG(s) dict_keys(['example_branch_labels']) retrieved from /home/airflow/.local/lib/python3.7/site-packages/airflow/example_dags/example_branch_labels.py
[2022-12-03T03:05:51.274+0000] {logging_mixin.py:137} INFO - [2022-12-03T03:05:51.274+0000] {dag.py:2585} INFO - Sync 1 DAGs
[2022-12-03T03:05:51.292+0000] {logging_mixin.py:137} INFO - [2022-12-03T03:05:51.292+0000] {dag.py:3340} INFO - Setting next_dagrun for example_branch_labels to 2022-12-02T00:00:00+00:00, run_after=2022-12-03T00:00:00+00:00
[2022-12-03T03:05:51.304+0000] {processor.py:176} INFO - Processing /home/airflow/.local/lib/python3.7/site-packages/airflow/example_dags/example_branch_labels.py took 0.073 seconds
[2022-12-03T04:30:01.271+0000] {processor.py:154} INFO - Started process (PID=13713) to work on /home/airflow/.local/lib/python3.7/site-packages/airflow/example_dags/example_branch_labels.py
[2022-12-03T04:30:01.273+0000] {processor.py:756} INFO - Processing file /home/airflow/.local/lib/python3.7/site-packages/airflow/example_dags/example_branch_labels.py for tasks to queue
[2022-12-03T04:30:01.274+0000] {logging_mixin.py:137} INFO - [2022-12-03T04:30:01.274+0000] {dagbag.py:537} INFO - Filling up the DagBag from /home/airflow/.local/lib/python3.7/site-packages/airflow/example_dags/example_branch_labels.py
[2022-12-03T04:30:01.283+0000] {processor.py:766} INFO - DAG(s) dict_keys(['example_branch_labels']) retrieved from /home/airflow/.local/lib/python3.7/site-packages/airflow/example_dags/example_branch_labels.py
[2022-12-03T04:30:01.311+0000] {logging_mixin.py:137} INFO - [2022-12-03T04:30:01.310+0000] {dag.py:2585} INFO - Sync 1 DAGs
[2022-12-03T04:30:01.327+0000] {logging_mixin.py:137} INFO - [2022-12-03T04:30:01.327+0000] {dag.py:3340} INFO - Setting next_dagrun for example_branch_labels to 2022-12-02T00:00:00+00:00, run_after=2022-12-03T00:00:00+00:00
[2022-12-03T04:30:01.342+0000] {processor.py:176} INFO - Processing /home/airflow/.local/lib/python3.7/site-packages/airflow/example_dags/example_branch_labels.py took 0.073 seconds
[2022-12-03T05:52:51.663+0000] {processor.py:154} INFO - Started process (PID=13774) to work on /home/airflow/.local/lib/python3.7/site-packages/airflow/example_dags/example_branch_labels.py
[2022-12-03T05:52:51.664+0000] {processor.py:756} INFO - Processing file /home/airflow/.local/lib/python3.7/site-packages/airflow/example_dags/example_branch_labels.py for tasks to queue
[2022-12-03T05:52:51.666+0000] {logging_mixin.py:137} INFO - [2022-12-03T05:52:51.665+0000] {dagbag.py:537} INFO - Filling up the DagBag from /home/airflow/.local/lib/python3.7/site-packages/airflow/example_dags/example_branch_labels.py
[2022-12-03T05:52:51.675+0000] {processor.py:766} INFO - DAG(s) dict_keys(['example_branch_labels']) retrieved from /home/airflow/.local/lib/python3.7/site-packages/airflow/example_dags/example_branch_labels.py
[2022-12-03T05:52:52.076+0000] {logging_mixin.py:137} INFO - [2022-12-03T05:52:52.076+0000] {dag.py:2585} INFO - Sync 1 DAGs
[2022-12-03T05:52:52.100+0000] {logging_mixin.py:137} INFO - [2022-12-03T05:52:52.100+0000] {dag.py:3340} INFO - Setting next_dagrun for example_branch_labels to 2022-12-02T00:00:00+00:00, run_after=2022-12-03T00:00:00+00:00
[2022-12-03T05:52:52.134+0000] {processor.py:176} INFO - Processing /home/airflow/.local/lib/python3.7/site-packages/airflow/example_dags/example_branch_labels.py took 0.474 seconds
[2022-12-03T07:14:05.268+0000] {processor.py:154} INFO - Started process (PID=13845) to work on /home/airflow/.local/lib/python3.7/site-packages/airflow/example_dags/example_branch_labels.py
[2022-12-03T07:14:05.270+0000] {processor.py:756} INFO - Processing file /home/airflow/.local/lib/python3.7/site-packages/airflow/example_dags/example_branch_labels.py for tasks to queue
[2022-12-03T07:14:05.271+0000] {logging_mixin.py:137} INFO - [2022-12-03T07:14:05.271+0000] {dagbag.py:537} INFO - Filling up the DagBag from /home/airflow/.local/lib/python3.7/site-packages/airflow/example_dags/example_branch_labels.py
[2022-12-03T07:14:05.283+0000] {processor.py:766} INFO - DAG(s) dict_keys(['example_branch_labels']) retrieved from /home/airflow/.local/lib/python3.7/site-packages/airflow/example_dags/example_branch_labels.py
[2022-12-03T07:14:05.311+0000] {logging_mixin.py:137} INFO - [2022-12-03T07:14:05.311+0000] {dag.py:2585} INFO - Sync 1 DAGs
[2022-12-03T07:14:05.329+0000] {logging_mixin.py:137} INFO - [2022-12-03T07:14:05.329+0000] {dag.py:3340} INFO - Setting next_dagrun for example_branch_labels to 2022-12-02T00:00:00+00:00, run_after=2022-12-03T00:00:00+00:00
[2022-12-03T07:14:05.341+0000] {processor.py:176} INFO - Processing /home/airflow/.local/lib/python3.7/site-packages/airflow/example_dags/example_branch_labels.py took 0.075 seconds
[2022-12-03T08:36:17.268+0000] {processor.py:154} INFO - Started process (PID=13918) to work on /home/airflow/.local/lib/python3.7/site-packages/airflow/example_dags/example_branch_labels.py
[2022-12-03T08:36:17.271+0000] {processor.py:756} INFO - Processing file /home/airflow/.local/lib/python3.7/site-packages/airflow/example_dags/example_branch_labels.py for tasks to queue
[2022-12-03T08:36:17.272+0000] {logging_mixin.py:137} INFO - [2022-12-03T08:36:17.272+0000] {dagbag.py:537} INFO - Filling up the DagBag from /home/airflow/.local/lib/python3.7/site-packages/airflow/example_dags/example_branch_labels.py
[2022-12-03T08:36:17.282+0000] {processor.py:766} INFO - DAG(s) dict_keys(['example_branch_labels']) retrieved from /home/airflow/.local/lib/python3.7/site-packages/airflow/example_dags/example_branch_labels.py
[2022-12-03T08:36:17.312+0000] {logging_mixin.py:137} INFO - [2022-12-03T08:36:17.312+0000] {dag.py:2585} INFO - Sync 1 DAGs
[2022-12-03T08:36:17.327+0000] {logging_mixin.py:137} INFO - [2022-12-03T08:36:17.327+0000] {dag.py:3340} INFO - Setting next_dagrun for example_branch_labels to 2022-12-02T00:00:00+00:00, run_after=2022-12-03T00:00:00+00:00
[2022-12-03T08:36:17.340+0000] {processor.py:176} INFO - Processing /home/airflow/.local/lib/python3.7/site-packages/airflow/example_dags/example_branch_labels.py took 0.074 seconds
[2022-12-03T09:58:30.458+0000] {processor.py:154} INFO - Started process (PID=13986) to work on /home/airflow/.local/lib/python3.7/site-packages/airflow/example_dags/example_branch_labels.py
[2022-12-03T09:58:30.460+0000] {processor.py:756} INFO - Processing file /home/airflow/.local/lib/python3.7/site-packages/airflow/example_dags/example_branch_labels.py for tasks to queue
[2022-12-03T09:58:30.461+0000] {logging_mixin.py:137} INFO - [2022-12-03T09:58:30.461+0000] {dagbag.py:537} INFO - Filling up the DagBag from /home/airflow/.local/lib/python3.7/site-packages/airflow/example_dags/example_branch_labels.py
[2022-12-03T09:58:30.472+0000] {processor.py:766} INFO - DAG(s) dict_keys(['example_branch_labels']) retrieved from /home/airflow/.local/lib/python3.7/site-packages/airflow/example_dags/example_branch_labels.py
[2022-12-03T09:58:30.499+0000] {logging_mixin.py:137} INFO - [2022-12-03T09:58:30.499+0000] {dag.py:2585} INFO - Sync 1 DAGs
[2022-12-03T09:58:30.516+0000] {logging_mixin.py:137} INFO - [2022-12-03T09:58:30.515+0000] {dag.py:3340} INFO - Setting next_dagrun for example_branch_labels to 2022-12-02T00:00:00+00:00, run_after=2022-12-03T00:00:00+00:00
[2022-12-03T09:58:30.532+0000] {processor.py:176} INFO - Processing /home/airflow/.local/lib/python3.7/site-packages/airflow/example_dags/example_branch_labels.py took 0.076 seconds
[2022-12-03T11:03:31.469+0000] {processor.py:154} INFO - Started process (PID=14041) to work on /home/airflow/.local/lib/python3.7/site-packages/airflow/example_dags/example_branch_labels.py
[2022-12-03T11:03:31.470+0000] {processor.py:756} INFO - Processing file /home/airflow/.local/lib/python3.7/site-packages/airflow/example_dags/example_branch_labels.py for tasks to queue
[2022-12-03T11:03:31.471+0000] {logging_mixin.py:137} INFO - [2022-12-03T11:03:31.471+0000] {dagbag.py:537} INFO - Filling up the DagBag from /home/airflow/.local/lib/python3.7/site-packages/airflow/example_dags/example_branch_labels.py
[2022-12-03T11:03:31.481+0000] {processor.py:766} INFO - DAG(s) dict_keys(['example_branch_labels']) retrieved from /home/airflow/.local/lib/python3.7/site-packages/airflow/example_dags/example_branch_labels.py
[2022-12-03T11:03:31.508+0000] {logging_mixin.py:137} INFO - [2022-12-03T11:03:31.508+0000] {dag.py:2585} INFO - Sync 1 DAGs
[2022-12-03T11:03:31.523+0000] {logging_mixin.py:137} INFO - [2022-12-03T11:03:31.523+0000] {dag.py:3340} INFO - Setting next_dagrun for example_branch_labels to 2022-12-02T00:00:00+00:00, run_after=2022-12-03T00:00:00+00:00
[2022-12-03T11:03:31.535+0000] {processor.py:176} INFO - Processing /home/airflow/.local/lib/python3.7/site-packages/airflow/example_dags/example_branch_labels.py took 0.069 seconds
[2022-12-03T11:21:02.079+0000] {processor.py:154} INFO - Started process (PID=14115) to work on /home/airflow/.local/lib/python3.7/site-packages/airflow/example_dags/example_branch_labels.py
[2022-12-03T11:21:02.081+0000] {processor.py:756} INFO - Processing file /home/airflow/.local/lib/python3.7/site-packages/airflow/example_dags/example_branch_labels.py for tasks to queue
[2022-12-03T11:21:02.083+0000] {logging_mixin.py:137} INFO - [2022-12-03T11:21:02.082+0000] {dagbag.py:537} INFO - Filling up the DagBag from /home/airflow/.local/lib/python3.7/site-packages/airflow/example_dags/example_branch_labels.py
[2022-12-03T11:21:02.093+0000] {processor.py:766} INFO - DAG(s) dict_keys(['example_branch_labels']) retrieved from /home/airflow/.local/lib/python3.7/site-packages/airflow/example_dags/example_branch_labels.py
[2022-12-03T11:21:02.122+0000] {logging_mixin.py:137} INFO - [2022-12-03T11:21:02.122+0000] {dag.py:2585} INFO - Sync 1 DAGs
[2022-12-03T11:21:02.142+0000] {logging_mixin.py:137} INFO - [2022-12-03T11:21:02.142+0000] {dag.py:3340} INFO - Setting next_dagrun for example_branch_labels to 2022-12-02T00:00:00+00:00, run_after=2022-12-03T00:00:00+00:00
[2022-12-03T11:21:02.153+0000] {processor.py:176} INFO - Processing /home/airflow/.local/lib/python3.7/site-packages/airflow/example_dags/example_branch_labels.py took 0.076 seconds
[2022-12-03T12:21:05.363+0000] {processor.py:154} INFO - Started process (PID=14188) to work on /home/airflow/.local/lib/python3.7/site-packages/airflow/example_dags/example_branch_labels.py
[2022-12-03T12:21:05.365+0000] {processor.py:756} INFO - Processing file /home/airflow/.local/lib/python3.7/site-packages/airflow/example_dags/example_branch_labels.py for tasks to queue
[2022-12-03T12:21:05.366+0000] {logging_mixin.py:137} INFO - [2022-12-03T12:21:05.366+0000] {dagbag.py:537} INFO - Filling up the DagBag from /home/airflow/.local/lib/python3.7/site-packages/airflow/example_dags/example_branch_labels.py
[2022-12-03T12:21:05.377+0000] {processor.py:766} INFO - DAG(s) dict_keys(['example_branch_labels']) retrieved from /home/airflow/.local/lib/python3.7/site-packages/airflow/example_dags/example_branch_labels.py
[2022-12-03T12:21:05.405+0000] {logging_mixin.py:137} INFO - [2022-12-03T12:21:05.405+0000] {dag.py:2585} INFO - Sync 1 DAGs
[2022-12-03T12:21:05.422+0000] {logging_mixin.py:137} INFO - [2022-12-03T12:21:05.422+0000] {dag.py:3340} INFO - Setting next_dagrun for example_branch_labels to 2022-12-02T00:00:00+00:00, run_after=2022-12-03T00:00:00+00:00
[2022-12-03T12:21:05.439+0000] {processor.py:176} INFO - Processing /home/airflow/.local/lib/python3.7/site-packages/airflow/example_dags/example_branch_labels.py took 0.079 seconds
[2022-12-03T13:24:18.395+0000] {processor.py:154} INFO - Started process (PID=14263) to work on /home/airflow/.local/lib/python3.7/site-packages/airflow/example_dags/example_branch_labels.py
[2022-12-03T13:24:18.397+0000] {processor.py:756} INFO - Processing file /home/airflow/.local/lib/python3.7/site-packages/airflow/example_dags/example_branch_labels.py for tasks to queue
[2022-12-03T13:24:18.398+0000] {logging_mixin.py:137} INFO - [2022-12-03T13:24:18.398+0000] {dagbag.py:537} INFO - Filling up the DagBag from /home/airflow/.local/lib/python3.7/site-packages/airflow/example_dags/example_branch_labels.py
[2022-12-03T13:24:18.408+0000] {processor.py:766} INFO - DAG(s) dict_keys(['example_branch_labels']) retrieved from /home/airflow/.local/lib/python3.7/site-packages/airflow/example_dags/example_branch_labels.py
[2022-12-03T13:24:18.442+0000] {logging_mixin.py:137} INFO - [2022-12-03T13:24:18.441+0000] {dag.py:2585} INFO - Sync 1 DAGs
[2022-12-03T13:24:18.462+0000] {logging_mixin.py:137} INFO - [2022-12-03T13:24:18.462+0000] {dag.py:3340} INFO - Setting next_dagrun for example_branch_labels to 2022-12-02T00:00:00+00:00, run_after=2022-12-03T00:00:00+00:00
[2022-12-03T13:24:18.477+0000] {processor.py:176} INFO - Processing /home/airflow/.local/lib/python3.7/site-packages/airflow/example_dags/example_branch_labels.py took 0.084 seconds
[2022-12-03T14:43:48.486+0000] {processor.py:154} INFO - Started process (PID=14318) to work on /home/airflow/.local/lib/python3.7/site-packages/airflow/example_dags/example_branch_labels.py
[2022-12-03T14:43:48.489+0000] {processor.py:756} INFO - Processing file /home/airflow/.local/lib/python3.7/site-packages/airflow/example_dags/example_branch_labels.py for tasks to queue
[2022-12-03T14:43:48.491+0000] {logging_mixin.py:137} INFO - [2022-12-03T14:43:48.491+0000] {dagbag.py:537} INFO - Filling up the DagBag from /home/airflow/.local/lib/python3.7/site-packages/airflow/example_dags/example_branch_labels.py
[2022-12-03T14:43:48.503+0000] {processor.py:766} INFO - DAG(s) dict_keys(['example_branch_labels']) retrieved from /home/airflow/.local/lib/python3.7/site-packages/airflow/example_dags/example_branch_labels.py
[2022-12-03T14:43:48.539+0000] {logging_mixin.py:137} INFO - [2022-12-03T14:43:48.539+0000] {dag.py:2585} INFO - Sync 1 DAGs
[2022-12-03T14:43:48.556+0000] {logging_mixin.py:137} INFO - [2022-12-03T14:43:48.556+0000] {dag.py:3340} INFO - Setting next_dagrun for example_branch_labels to 2022-12-02T00:00:00+00:00, run_after=2022-12-03T00:00:00+00:00
[2022-12-03T14:43:48.570+0000] {processor.py:176} INFO - Processing /home/airflow/.local/lib/python3.7/site-packages/airflow/example_dags/example_branch_labels.py took 0.086 seconds
[2022-12-03T16:03:00.744+0000] {processor.py:154} INFO - Started process (PID=14384) to work on /home/airflow/.local/lib/python3.7/site-packages/airflow/example_dags/example_branch_labels.py
[2022-12-03T16:03:00.746+0000] {processor.py:756} INFO - Processing file /home/airflow/.local/lib/python3.7/site-packages/airflow/example_dags/example_branch_labels.py for tasks to queue
[2022-12-03T16:03:00.748+0000] {logging_mixin.py:137} INFO - [2022-12-03T16:03:00.747+0000] {dagbag.py:537} INFO - Filling up the DagBag from /home/airflow/.local/lib/python3.7/site-packages/airflow/example_dags/example_branch_labels.py
[2022-12-03T16:03:00.759+0000] {processor.py:766} INFO - DAG(s) dict_keys(['example_branch_labels']) retrieved from /home/airflow/.local/lib/python3.7/site-packages/airflow/example_dags/example_branch_labels.py
[2022-12-03T16:03:00.790+0000] {logging_mixin.py:137} INFO - [2022-12-03T16:03:00.789+0000] {dag.py:2585} INFO - Sync 1 DAGs
[2022-12-03T16:03:00.808+0000] {logging_mixin.py:137} INFO - [2022-12-03T16:03:00.808+0000] {dag.py:3340} INFO - Setting next_dagrun for example_branch_labels to 2022-12-02T00:00:00+00:00, run_after=2022-12-03T00:00:00+00:00
[2022-12-03T16:03:00.823+0000] {processor.py:176} INFO - Processing /home/airflow/.local/lib/python3.7/site-packages/airflow/example_dags/example_branch_labels.py took 0.083 seconds
[2022-12-03T17:24:33.407+0000] {processor.py:154} INFO - Started process (PID=14452) to work on /home/airflow/.local/lib/python3.7/site-packages/airflow/example_dags/example_branch_labels.py
[2022-12-03T17:24:33.409+0000] {processor.py:756} INFO - Processing file /home/airflow/.local/lib/python3.7/site-packages/airflow/example_dags/example_branch_labels.py for tasks to queue
[2022-12-03T17:24:33.410+0000] {logging_mixin.py:137} INFO - [2022-12-03T17:24:33.410+0000] {dagbag.py:537} INFO - Filling up the DagBag from /home/airflow/.local/lib/python3.7/site-packages/airflow/example_dags/example_branch_labels.py
[2022-12-03T17:24:33.421+0000] {processor.py:766} INFO - DAG(s) dict_keys(['example_branch_labels']) retrieved from /home/airflow/.local/lib/python3.7/site-packages/airflow/example_dags/example_branch_labels.py
[2022-12-03T17:24:33.451+0000] {logging_mixin.py:137} INFO - [2022-12-03T17:24:33.451+0000] {dag.py:2585} INFO - Sync 1 DAGs
[2022-12-03T17:24:33.469+0000] {logging_mixin.py:137} INFO - [2022-12-03T17:24:33.469+0000] {dag.py:3340} INFO - Setting next_dagrun for example_branch_labels to 2022-12-02T00:00:00+00:00, run_after=2022-12-03T00:00:00+00:00
[2022-12-03T17:24:33.481+0000] {processor.py:176} INFO - Processing /home/airflow/.local/lib/python3.7/site-packages/airflow/example_dags/example_branch_labels.py took 0.077 seconds
[2022-12-03T18:46:59.724+0000] {processor.py:154} INFO - Started process (PID=14519) to work on /home/airflow/.local/lib/python3.7/site-packages/airflow/example_dags/example_branch_labels.py
[2022-12-03T18:46:59.728+0000] {processor.py:756} INFO - Processing file /home/airflow/.local/lib/python3.7/site-packages/airflow/example_dags/example_branch_labels.py for tasks to queue
[2022-12-03T18:46:59.730+0000] {logging_mixin.py:137} INFO - [2022-12-03T18:46:59.730+0000] {dagbag.py:537} INFO - Filling up the DagBag from /home/airflow/.local/lib/python3.7/site-packages/airflow/example_dags/example_branch_labels.py
[2022-12-03T18:46:59.740+0000] {processor.py:766} INFO - DAG(s) dict_keys(['example_branch_labels']) retrieved from /home/airflow/.local/lib/python3.7/site-packages/airflow/example_dags/example_branch_labels.py
[2022-12-03T18:46:59.770+0000] {logging_mixin.py:137} INFO - [2022-12-03T18:46:59.770+0000] {dag.py:2585} INFO - Sync 1 DAGs
[2022-12-03T18:46:59.786+0000] {logging_mixin.py:137} INFO - [2022-12-03T18:46:59.786+0000] {dag.py:3340} INFO - Setting next_dagrun for example_branch_labels to 2022-12-02T00:00:00+00:00, run_after=2022-12-03T00:00:00+00:00
[2022-12-03T18:46:59.799+0000] {processor.py:176} INFO - Processing /home/airflow/.local/lib/python3.7/site-packages/airflow/example_dags/example_branch_labels.py took 0.078 seconds
[2022-12-03T19:40:03.147+0000] {processor.py:154} INFO - Started process (PID=14576) to work on /home/airflow/.local/lib/python3.7/site-packages/airflow/example_dags/example_branch_labels.py
[2022-12-03T19:40:03.149+0000] {processor.py:756} INFO - Processing file /home/airflow/.local/lib/python3.7/site-packages/airflow/example_dags/example_branch_labels.py for tasks to queue
[2022-12-03T19:40:03.150+0000] {logging_mixin.py:137} INFO - [2022-12-03T19:40:03.150+0000] {dagbag.py:537} INFO - Filling up the DagBag from /home/airflow/.local/lib/python3.7/site-packages/airflow/example_dags/example_branch_labels.py
[2022-12-03T19:40:03.159+0000] {processor.py:766} INFO - DAG(s) dict_keys(['example_branch_labels']) retrieved from /home/airflow/.local/lib/python3.7/site-packages/airflow/example_dags/example_branch_labels.py
[2022-12-03T19:40:03.187+0000] {logging_mixin.py:137} INFO - [2022-12-03T19:40:03.187+0000] {dag.py:2585} INFO - Sync 1 DAGs
[2022-12-03T19:40:03.205+0000] {logging_mixin.py:137} INFO - [2022-12-03T19:40:03.205+0000] {dag.py:3340} INFO - Setting next_dagrun for example_branch_labels to 2022-12-02T00:00:00+00:00, run_after=2022-12-03T00:00:00+00:00
[2022-12-03T19:40:03.220+0000] {processor.py:176} INFO - Processing /home/airflow/.local/lib/python3.7/site-packages/airflow/example_dags/example_branch_labels.py took 0.075 seconds
[2022-12-03T20:15:10.931+0000] {processor.py:154} INFO - Started process (PID=14642) to work on /home/airflow/.local/lib/python3.7/site-packages/airflow/example_dags/example_branch_labels.py
[2022-12-03T20:15:10.933+0000] {processor.py:756} INFO - Processing file /home/airflow/.local/lib/python3.7/site-packages/airflow/example_dags/example_branch_labels.py for tasks to queue
[2022-12-03T20:15:10.934+0000] {logging_mixin.py:137} INFO - [2022-12-03T20:15:10.934+0000] {dagbag.py:537} INFO - Filling up the DagBag from /home/airflow/.local/lib/python3.7/site-packages/airflow/example_dags/example_branch_labels.py
[2022-12-03T20:15:10.946+0000] {processor.py:766} INFO - DAG(s) dict_keys(['example_branch_labels']) retrieved from /home/airflow/.local/lib/python3.7/site-packages/airflow/example_dags/example_branch_labels.py
[2022-12-03T20:15:10.974+0000] {logging_mixin.py:137} INFO - [2022-12-03T20:15:10.974+0000] {dag.py:2585} INFO - Sync 1 DAGs
[2022-12-03T20:15:10.992+0000] {logging_mixin.py:137} INFO - [2022-12-03T20:15:10.991+0000] {dag.py:3340} INFO - Setting next_dagrun for example_branch_labels to 2022-12-02T00:00:00+00:00, run_after=2022-12-03T00:00:00+00:00
[2022-12-03T20:15:11.003+0000] {processor.py:176} INFO - Processing /home/airflow/.local/lib/python3.7/site-packages/airflow/example_dags/example_branch_labels.py took 0.074 seconds
[2022-12-03T20:47:37.977+0000] {processor.py:154} INFO - Started process (PID=14707) to work on /home/airflow/.local/lib/python3.7/site-packages/airflow/example_dags/example_branch_labels.py
[2022-12-03T20:47:37.979+0000] {processor.py:756} INFO - Processing file /home/airflow/.local/lib/python3.7/site-packages/airflow/example_dags/example_branch_labels.py for tasks to queue
[2022-12-03T20:47:37.981+0000] {logging_mixin.py:137} INFO - [2022-12-03T20:47:37.981+0000] {dagbag.py:537} INFO - Filling up the DagBag from /home/airflow/.local/lib/python3.7/site-packages/airflow/example_dags/example_branch_labels.py
[2022-12-03T20:47:37.992+0000] {processor.py:766} INFO - DAG(s) dict_keys(['example_branch_labels']) retrieved from /home/airflow/.local/lib/python3.7/site-packages/airflow/example_dags/example_branch_labels.py
[2022-12-03T20:47:38.020+0000] {logging_mixin.py:137} INFO - [2022-12-03T20:47:38.020+0000] {dag.py:2585} INFO - Sync 1 DAGs
[2022-12-03T20:47:38.036+0000] {logging_mixin.py:137} INFO - [2022-12-03T20:47:38.036+0000] {dag.py:3340} INFO - Setting next_dagrun for example_branch_labels to 2022-12-02T00:00:00+00:00, run_after=2022-12-03T00:00:00+00:00
[2022-12-03T20:47:38.047+0000] {processor.py:176} INFO - Processing /home/airflow/.local/lib/python3.7/site-packages/airflow/example_dags/example_branch_labels.py took 0.072 seconds
[2022-12-03T22:10:13.942+0000] {processor.py:154} INFO - Started process (PID=14777) to work on /home/airflow/.local/lib/python3.7/site-packages/airflow/example_dags/example_branch_labels.py
[2022-12-03T22:10:13.943+0000] {processor.py:756} INFO - Processing file /home/airflow/.local/lib/python3.7/site-packages/airflow/example_dags/example_branch_labels.py for tasks to queue
[2022-12-03T22:10:13.944+0000] {logging_mixin.py:137} INFO - [2022-12-03T22:10:13.944+0000] {dagbag.py:537} INFO - Filling up the DagBag from /home/airflow/.local/lib/python3.7/site-packages/airflow/example_dags/example_branch_labels.py
[2022-12-03T22:10:13.952+0000] {processor.py:766} INFO - DAG(s) dict_keys(['example_branch_labels']) retrieved from /home/airflow/.local/lib/python3.7/site-packages/airflow/example_dags/example_branch_labels.py
[2022-12-03T22:10:13.979+0000] {logging_mixin.py:137} INFO - [2022-12-03T22:10:13.979+0000] {dag.py:2585} INFO - Sync 1 DAGs
[2022-12-03T22:10:13.994+0000] {logging_mixin.py:137} INFO - [2022-12-03T22:10:13.994+0000] {dag.py:3340} INFO - Setting next_dagrun for example_branch_labels to 2022-12-02T00:00:00+00:00, run_after=2022-12-03T00:00:00+00:00
[2022-12-03T22:10:14.005+0000] {processor.py:176} INFO - Processing /home/airflow/.local/lib/python3.7/site-packages/airflow/example_dags/example_branch_labels.py took 0.067 seconds
[2022-12-03T23:31:53.746+0000] {processor.py:154} INFO - Started process (PID=14836) to work on /home/airflow/.local/lib/python3.7/site-packages/airflow/example_dags/example_branch_labels.py
[2022-12-03T23:31:53.747+0000] {processor.py:756} INFO - Processing file /home/airflow/.local/lib/python3.7/site-packages/airflow/example_dags/example_branch_labels.py for tasks to queue
[2022-12-03T23:31:53.748+0000] {logging_mixin.py:137} INFO - [2022-12-03T23:31:53.748+0000] {dagbag.py:537} INFO - Filling up the DagBag from /home/airflow/.local/lib/python3.7/site-packages/airflow/example_dags/example_branch_labels.py
[2022-12-03T23:31:53.759+0000] {processor.py:766} INFO - DAG(s) dict_keys(['example_branch_labels']) retrieved from /home/airflow/.local/lib/python3.7/site-packages/airflow/example_dags/example_branch_labels.py
[2022-12-03T23:31:53.788+0000] {logging_mixin.py:137} INFO - [2022-12-03T23:31:53.788+0000] {dag.py:2585} INFO - Sync 1 DAGs
[2022-12-03T23:31:53.806+0000] {logging_mixin.py:137} INFO - [2022-12-03T23:31:53.806+0000] {dag.py:3340} INFO - Setting next_dagrun for example_branch_labels to 2022-12-02T00:00:00+00:00, run_after=2022-12-03T00:00:00+00:00
[2022-12-03T23:31:53.819+0000] {processor.py:176} INFO - Processing /home/airflow/.local/lib/python3.7/site-packages/airflow/example_dags/example_branch_labels.py took 0.076 seconds
