[2022-12-03T00:24:07.543+0000] {processor.py:154} INFO - Started process (PID=13483) to work on /home/airflow/.local/lib/python3.7/site-packages/airflow/example_dags/example_task_group_decorator.py
[2022-12-03T00:24:07.545+0000] {processor.py:756} INFO - Processing file /home/airflow/.local/lib/python3.7/site-packages/airflow/example_dags/example_task_group_decorator.py for tasks to queue
[2022-12-03T00:24:07.546+0000] {logging_mixin.py:137} INFO - [2022-12-03T00:24:07.546+0000] {dagbag.py:537} INFO - Filling up the DagBag from /home/airflow/.local/lib/python3.7/site-packages/airflow/example_dags/example_task_group_decorator.py
[2022-12-03T00:24:07.568+0000] {processor.py:766} INFO - DAG(s) dict_keys(['example_task_group_decorator']) retrieved from /home/airflow/.local/lib/python3.7/site-packages/airflow/example_dags/example_task_group_decorator.py
[2022-12-03T00:24:07.599+0000] {logging_mixin.py:137} INFO - [2022-12-03T00:24:07.599+0000] {dag.py:2585} INFO - Sync 1 DAGs
[2022-12-03T00:24:07.616+0000] {logging_mixin.py:137} INFO - [2022-12-03T00:24:07.616+0000] {dag.py:3340} INFO - Setting next_dagrun for example_task_group_decorator to 2022-12-02T00:24:07.616231+00:00, run_after=2022-12-03T00:24:07.616231+00:00
[2022-12-03T00:24:07.634+0000] {processor.py:176} INFO - Processing /home/airflow/.local/lib/python3.7/site-packages/airflow/example_dags/example_task_group_decorator.py took 0.094 seconds
[2022-12-03T01:45:40.270+0000] {processor.py:154} INFO - Started process (PID=13552) to work on /home/airflow/.local/lib/python3.7/site-packages/airflow/example_dags/example_task_group_decorator.py
[2022-12-03T01:45:40.275+0000] {processor.py:756} INFO - Processing file /home/airflow/.local/lib/python3.7/site-packages/airflow/example_dags/example_task_group_decorator.py for tasks to queue
[2022-12-03T01:45:40.277+0000] {logging_mixin.py:137} INFO - [2022-12-03T01:45:40.277+0000] {dagbag.py:537} INFO - Filling up the DagBag from /home/airflow/.local/lib/python3.7/site-packages/airflow/example_dags/example_task_group_decorator.py
[2022-12-03T01:45:40.315+0000] {processor.py:766} INFO - DAG(s) dict_keys(['example_task_group_decorator']) retrieved from /home/airflow/.local/lib/python3.7/site-packages/airflow/example_dags/example_task_group_decorator.py
[2022-12-03T01:45:40.423+0000] {logging_mixin.py:137} INFO - [2022-12-03T01:45:40.423+0000] {dag.py:2585} INFO - Sync 1 DAGs
[2022-12-03T01:45:40.482+0000] {logging_mixin.py:137} INFO - [2022-12-03T01:45:40.481+0000] {dag.py:3340} INFO - Setting next_dagrun for example_task_group_decorator to 2022-12-02T01:45:40.481434+00:00, run_after=2022-12-03T01:45:40.481434+00:00
[2022-12-03T01:45:40.508+0000] {processor.py:176} INFO - Processing /home/airflow/.local/lib/python3.7/site-packages/airflow/example_dags/example_task_group_decorator.py took 0.245 seconds
[2022-12-03T03:05:49.211+0000] {processor.py:154} INFO - Started process (PID=13620) to work on /home/airflow/.local/lib/python3.7/site-packages/airflow/example_dags/example_task_group_decorator.py
[2022-12-03T03:05:49.214+0000] {processor.py:756} INFO - Processing file /home/airflow/.local/lib/python3.7/site-packages/airflow/example_dags/example_task_group_decorator.py for tasks to queue
[2022-12-03T03:05:49.215+0000] {logging_mixin.py:137} INFO - [2022-12-03T03:05:49.215+0000] {dagbag.py:537} INFO - Filling up the DagBag from /home/airflow/.local/lib/python3.7/site-packages/airflow/example_dags/example_task_group_decorator.py
[2022-12-03T03:05:49.237+0000] {processor.py:766} INFO - DAG(s) dict_keys(['example_task_group_decorator']) retrieved from /home/airflow/.local/lib/python3.7/site-packages/airflow/example_dags/example_task_group_decorator.py
[2022-12-03T03:05:49.269+0000] {logging_mixin.py:137} INFO - [2022-12-03T03:05:49.269+0000] {dag.py:2585} INFO - Sync 1 DAGs
[2022-12-03T03:05:49.285+0000] {logging_mixin.py:137} INFO - [2022-12-03T03:05:49.285+0000] {dag.py:3340} INFO - Setting next_dagrun for example_task_group_decorator to 2022-12-02T03:05:49.285241+00:00, run_after=2022-12-03T03:05:49.285241+00:00
[2022-12-03T03:05:49.298+0000] {processor.py:176} INFO - Processing /home/airflow/.local/lib/python3.7/site-packages/airflow/example_dags/example_task_group_decorator.py took 0.089 seconds
[2022-12-03T04:29:59.063+0000] {processor.py:154} INFO - Started process (PID=13679) to work on /home/airflow/.local/lib/python3.7/site-packages/airflow/example_dags/example_task_group_decorator.py
[2022-12-03T04:29:59.064+0000] {processor.py:756} INFO - Processing file /home/airflow/.local/lib/python3.7/site-packages/airflow/example_dags/example_task_group_decorator.py for tasks to queue
[2022-12-03T04:29:59.066+0000] {logging_mixin.py:137} INFO - [2022-12-03T04:29:59.066+0000] {dagbag.py:537} INFO - Filling up the DagBag from /home/airflow/.local/lib/python3.7/site-packages/airflow/example_dags/example_task_group_decorator.py
[2022-12-03T04:29:59.085+0000] {processor.py:766} INFO - DAG(s) dict_keys(['example_task_group_decorator']) retrieved from /home/airflow/.local/lib/python3.7/site-packages/airflow/example_dags/example_task_group_decorator.py
[2022-12-03T04:29:59.119+0000] {logging_mixin.py:137} INFO - [2022-12-03T04:29:59.118+0000] {dag.py:2585} INFO - Sync 1 DAGs
[2022-12-03T04:29:59.145+0000] {logging_mixin.py:137} INFO - [2022-12-03T04:29:59.145+0000] {dag.py:3340} INFO - Setting next_dagrun for example_task_group_decorator to 2022-12-02T04:29:59.145355+00:00, run_after=2022-12-03T04:29:59.145355+00:00
[2022-12-03T04:29:59.174+0000] {processor.py:176} INFO - Processing /home/airflow/.local/lib/python3.7/site-packages/airflow/example_dags/example_task_group_decorator.py took 0.114 seconds
[2022-12-03T05:52:49.673+0000] {processor.py:154} INFO - Started process (PID=13748) to work on /home/airflow/.local/lib/python3.7/site-packages/airflow/example_dags/example_task_group_decorator.py
[2022-12-03T05:52:49.675+0000] {processor.py:756} INFO - Processing file /home/airflow/.local/lib/python3.7/site-packages/airflow/example_dags/example_task_group_decorator.py for tasks to queue
[2022-12-03T05:52:49.677+0000] {logging_mixin.py:137} INFO - [2022-12-03T05:52:49.677+0000] {dagbag.py:537} INFO - Filling up the DagBag from /home/airflow/.local/lib/python3.7/site-packages/airflow/example_dags/example_task_group_decorator.py
[2022-12-03T05:52:49.707+0000] {processor.py:766} INFO - DAG(s) dict_keys(['example_task_group_decorator']) retrieved from /home/airflow/.local/lib/python3.7/site-packages/airflow/example_dags/example_task_group_decorator.py
[2022-12-03T05:52:49.786+0000] {logging_mixin.py:137} INFO - [2022-12-03T05:52:49.786+0000] {dag.py:2585} INFO - Sync 1 DAGs
[2022-12-03T05:52:49.836+0000] {logging_mixin.py:137} INFO - [2022-12-03T05:52:49.836+0000] {dag.py:3340} INFO - Setting next_dagrun for example_task_group_decorator to 2022-12-02T05:52:49.836106+00:00, run_after=2022-12-03T05:52:49.836106+00:00
[2022-12-03T05:52:49.884+0000] {processor.py:176} INFO - Processing /home/airflow/.local/lib/python3.7/site-packages/airflow/example_dags/example_task_group_decorator.py took 0.215 seconds
[2022-12-03T07:14:03.134+0000] {processor.py:154} INFO - Started process (PID=13819) to work on /home/airflow/.local/lib/python3.7/site-packages/airflow/example_dags/example_task_group_decorator.py
[2022-12-03T07:14:03.138+0000] {processor.py:756} INFO - Processing file /home/airflow/.local/lib/python3.7/site-packages/airflow/example_dags/example_task_group_decorator.py for tasks to queue
[2022-12-03T07:14:03.140+0000] {logging_mixin.py:137} INFO - [2022-12-03T07:14:03.140+0000] {dagbag.py:537} INFO - Filling up the DagBag from /home/airflow/.local/lib/python3.7/site-packages/airflow/example_dags/example_task_group_decorator.py
[2022-12-03T07:14:03.226+0000] {processor.py:766} INFO - DAG(s) dict_keys(['example_task_group_decorator']) retrieved from /home/airflow/.local/lib/python3.7/site-packages/airflow/example_dags/example_task_group_decorator.py
[2022-12-03T07:14:03.318+0000] {logging_mixin.py:137} INFO - [2022-12-03T07:14:03.318+0000] {dag.py:2585} INFO - Sync 1 DAGs
[2022-12-03T07:14:03.353+0000] {logging_mixin.py:137} INFO - [2022-12-03T07:14:03.353+0000] {dag.py:3340} INFO - Setting next_dagrun for example_task_group_decorator to 2022-12-02T07:14:03.353265+00:00, run_after=2022-12-03T07:14:03.353265+00:00
[2022-12-03T07:14:03.386+0000] {processor.py:176} INFO - Processing /home/airflow/.local/lib/python3.7/site-packages/airflow/example_dags/example_task_group_decorator.py took 0.269 seconds
[2022-12-03T08:36:15.251+0000] {processor.py:154} INFO - Started process (PID=13892) to work on /home/airflow/.local/lib/python3.7/site-packages/airflow/example_dags/example_task_group_decorator.py
[2022-12-03T08:36:15.259+0000] {processor.py:756} INFO - Processing file /home/airflow/.local/lib/python3.7/site-packages/airflow/example_dags/example_task_group_decorator.py for tasks to queue
[2022-12-03T08:36:15.262+0000] {logging_mixin.py:137} INFO - [2022-12-03T08:36:15.262+0000] {dagbag.py:537} INFO - Filling up the DagBag from /home/airflow/.local/lib/python3.7/site-packages/airflow/example_dags/example_task_group_decorator.py
[2022-12-03T08:36:15.324+0000] {processor.py:766} INFO - DAG(s) dict_keys(['example_task_group_decorator']) retrieved from /home/airflow/.local/lib/python3.7/site-packages/airflow/example_dags/example_task_group_decorator.py
[2022-12-03T08:36:15.389+0000] {logging_mixin.py:137} INFO - [2022-12-03T08:36:15.389+0000] {dag.py:2585} INFO - Sync 1 DAGs
[2022-12-03T08:36:15.423+0000] {logging_mixin.py:137} INFO - [2022-12-03T08:36:15.423+0000] {dag.py:3340} INFO - Setting next_dagrun for example_task_group_decorator to 2022-12-02T08:36:15.422536+00:00, run_after=2022-12-03T08:36:15.422536+00:00
[2022-12-03T08:36:15.453+0000] {processor.py:176} INFO - Processing /home/airflow/.local/lib/python3.7/site-packages/airflow/example_dags/example_task_group_decorator.py took 0.212 seconds
[2022-12-03T09:58:28.362+0000] {processor.py:154} INFO - Started process (PID=13960) to work on /home/airflow/.local/lib/python3.7/site-packages/airflow/example_dags/example_task_group_decorator.py
[2022-12-03T09:58:28.366+0000] {processor.py:756} INFO - Processing file /home/airflow/.local/lib/python3.7/site-packages/airflow/example_dags/example_task_group_decorator.py for tasks to queue
[2022-12-03T09:58:28.370+0000] {logging_mixin.py:137} INFO - [2022-12-03T09:58:28.370+0000] {dagbag.py:537} INFO - Filling up the DagBag from /home/airflow/.local/lib/python3.7/site-packages/airflow/example_dags/example_task_group_decorator.py
[2022-12-03T09:58:28.408+0000] {processor.py:766} INFO - DAG(s) dict_keys(['example_task_group_decorator']) retrieved from /home/airflow/.local/lib/python3.7/site-packages/airflow/example_dags/example_task_group_decorator.py
[2022-12-03T09:58:28.438+0000] {logging_mixin.py:137} INFO - [2022-12-03T09:58:28.438+0000] {dag.py:2585} INFO - Sync 1 DAGs
[2022-12-03T09:58:28.454+0000] {logging_mixin.py:137} INFO - [2022-12-03T09:58:28.454+0000] {dag.py:3340} INFO - Setting next_dagrun for example_task_group_decorator to 2022-12-02T09:58:28.454543+00:00, run_after=2022-12-03T09:58:28.454543+00:00
[2022-12-03T09:58:28.472+0000] {processor.py:176} INFO - Processing /home/airflow/.local/lib/python3.7/site-packages/airflow/example_dags/example_task_group_decorator.py took 0.113 seconds
[2022-12-03T11:03:29.165+0000] {processor.py:154} INFO - Started process (PID=14015) to work on /home/airflow/.local/lib/python3.7/site-packages/airflow/example_dags/example_task_group_decorator.py
[2022-12-03T11:03:29.167+0000] {processor.py:756} INFO - Processing file /home/airflow/.local/lib/python3.7/site-packages/airflow/example_dags/example_task_group_decorator.py for tasks to queue
[2022-12-03T11:03:29.168+0000] {logging_mixin.py:137} INFO - [2022-12-03T11:03:29.168+0000] {dagbag.py:537} INFO - Filling up the DagBag from /home/airflow/.local/lib/python3.7/site-packages/airflow/example_dags/example_task_group_decorator.py
[2022-12-03T11:03:29.188+0000] {processor.py:766} INFO - DAG(s) dict_keys(['example_task_group_decorator']) retrieved from /home/airflow/.local/lib/python3.7/site-packages/airflow/example_dags/example_task_group_decorator.py
[2022-12-03T11:03:29.238+0000] {logging_mixin.py:137} INFO - [2022-12-03T11:03:29.237+0000] {dag.py:2585} INFO - Sync 1 DAGs
[2022-12-03T11:03:29.260+0000] {logging_mixin.py:137} INFO - [2022-12-03T11:03:29.260+0000] {dag.py:3340} INFO - Setting next_dagrun for example_task_group_decorator to 2022-12-02T11:03:29.259823+00:00, run_after=2022-12-03T11:03:29.259823+00:00
[2022-12-03T11:03:29.272+0000] {processor.py:176} INFO - Processing /home/airflow/.local/lib/python3.7/site-packages/airflow/example_dags/example_task_group_decorator.py took 0.110 seconds
[2022-12-03T11:20:59.942+0000] {processor.py:154} INFO - Started process (PID=14089) to work on /home/airflow/.local/lib/python3.7/site-packages/airflow/example_dags/example_task_group_decorator.py
[2022-12-03T11:20:59.944+0000] {processor.py:756} INFO - Processing file /home/airflow/.local/lib/python3.7/site-packages/airflow/example_dags/example_task_group_decorator.py for tasks to queue
[2022-12-03T11:20:59.945+0000] {logging_mixin.py:137} INFO - [2022-12-03T11:20:59.945+0000] {dagbag.py:537} INFO - Filling up the DagBag from /home/airflow/.local/lib/python3.7/site-packages/airflow/example_dags/example_task_group_decorator.py
[2022-12-03T11:20:59.967+0000] {processor.py:766} INFO - DAG(s) dict_keys(['example_task_group_decorator']) retrieved from /home/airflow/.local/lib/python3.7/site-packages/airflow/example_dags/example_task_group_decorator.py
[2022-12-03T11:20:59.997+0000] {logging_mixin.py:137} INFO - [2022-12-03T11:20:59.997+0000] {dag.py:2585} INFO - Sync 1 DAGs
[2022-12-03T11:21:00.012+0000] {logging_mixin.py:137} INFO - [2022-12-03T11:21:00.012+0000] {dag.py:3340} INFO - Setting next_dagrun for example_task_group_decorator to 2022-12-02T11:21:00.012623+00:00, run_after=2022-12-03T11:21:00.012623+00:00
[2022-12-03T11:21:00.030+0000] {processor.py:176} INFO - Processing /home/airflow/.local/lib/python3.7/site-packages/airflow/example_dags/example_task_group_decorator.py took 0.090 seconds
[2022-12-03T12:21:03.419+0000] {processor.py:154} INFO - Started process (PID=14162) to work on /home/airflow/.local/lib/python3.7/site-packages/airflow/example_dags/example_task_group_decorator.py
[2022-12-03T12:21:03.422+0000] {processor.py:756} INFO - Processing file /home/airflow/.local/lib/python3.7/site-packages/airflow/example_dags/example_task_group_decorator.py for tasks to queue
[2022-12-03T12:21:03.424+0000] {logging_mixin.py:137} INFO - [2022-12-03T12:21:03.424+0000] {dagbag.py:537} INFO - Filling up the DagBag from /home/airflow/.local/lib/python3.7/site-packages/airflow/example_dags/example_task_group_decorator.py
[2022-12-03T12:21:03.503+0000] {processor.py:766} INFO - DAG(s) dict_keys(['example_task_group_decorator']) retrieved from /home/airflow/.local/lib/python3.7/site-packages/airflow/example_dags/example_task_group_decorator.py
[2022-12-03T12:21:03.612+0000] {logging_mixin.py:137} INFO - [2022-12-03T12:21:03.611+0000] {dag.py:2585} INFO - Sync 1 DAGs
[2022-12-03T12:21:03.652+0000] {logging_mixin.py:137} INFO - [2022-12-03T12:21:03.652+0000] {dag.py:3340} INFO - Setting next_dagrun for example_task_group_decorator to 2022-12-02T12:21:03.651928+00:00, run_after=2022-12-03T12:21:03.651928+00:00
[2022-12-03T12:21:03.684+0000] {processor.py:176} INFO - Processing /home/airflow/.local/lib/python3.7/site-packages/airflow/example_dags/example_task_group_decorator.py took 0.273 seconds
[2022-12-03T13:24:15.995+0000] {processor.py:154} INFO - Started process (PID=14237) to work on /home/airflow/.local/lib/python3.7/site-packages/airflow/example_dags/example_task_group_decorator.py
[2022-12-03T13:24:15.998+0000] {processor.py:756} INFO - Processing file /home/airflow/.local/lib/python3.7/site-packages/airflow/example_dags/example_task_group_decorator.py for tasks to queue
[2022-12-03T13:24:16.002+0000] {logging_mixin.py:137} INFO - [2022-12-03T13:24:16.002+0000] {dagbag.py:537} INFO - Filling up the DagBag from /home/airflow/.local/lib/python3.7/site-packages/airflow/example_dags/example_task_group_decorator.py
[2022-12-03T13:24:16.024+0000] {processor.py:766} INFO - DAG(s) dict_keys(['example_task_group_decorator']) retrieved from /home/airflow/.local/lib/python3.7/site-packages/airflow/example_dags/example_task_group_decorator.py
[2022-12-03T13:24:16.056+0000] {logging_mixin.py:137} INFO - [2022-12-03T13:24:16.056+0000] {dag.py:2585} INFO - Sync 1 DAGs
[2022-12-03T13:24:16.075+0000] {logging_mixin.py:137} INFO - [2022-12-03T13:24:16.075+0000] {dag.py:3340} INFO - Setting next_dagrun for example_task_group_decorator to 2022-12-02T13:24:16.074914+00:00, run_after=2022-12-03T13:24:16.074914+00:00
[2022-12-03T13:24:16.098+0000] {processor.py:176} INFO - Processing /home/airflow/.local/lib/python3.7/site-packages/airflow/example_dags/example_task_group_decorator.py took 0.107 seconds
[2022-12-03T14:43:46.385+0000] {processor.py:154} INFO - Started process (PID=14292) to work on /home/airflow/.local/lib/python3.7/site-packages/airflow/example_dags/example_task_group_decorator.py
[2022-12-03T14:43:46.387+0000] {processor.py:756} INFO - Processing file /home/airflow/.local/lib/python3.7/site-packages/airflow/example_dags/example_task_group_decorator.py for tasks to queue
[2022-12-03T14:43:46.389+0000] {logging_mixin.py:137} INFO - [2022-12-03T14:43:46.389+0000] {dagbag.py:537} INFO - Filling up the DagBag from /home/airflow/.local/lib/python3.7/site-packages/airflow/example_dags/example_task_group_decorator.py
[2022-12-03T14:43:46.442+0000] {processor.py:766} INFO - DAG(s) dict_keys(['example_task_group_decorator']) retrieved from /home/airflow/.local/lib/python3.7/site-packages/airflow/example_dags/example_task_group_decorator.py
[2022-12-03T14:43:46.527+0000] {logging_mixin.py:137} INFO - [2022-12-03T14:43:46.527+0000] {dag.py:2585} INFO - Sync 1 DAGs
[2022-12-03T14:43:46.553+0000] {logging_mixin.py:137} INFO - [2022-12-03T14:43:46.553+0000] {dag.py:3340} INFO - Setting next_dagrun for example_task_group_decorator to 2022-12-02T14:43:46.553058+00:00, run_after=2022-12-03T14:43:46.553058+00:00
[2022-12-03T14:43:46.576+0000] {processor.py:176} INFO - Processing /home/airflow/.local/lib/python3.7/site-packages/airflow/example_dags/example_task_group_decorator.py took 0.206 seconds
[2022-12-03T16:02:58.228+0000] {processor.py:154} INFO - Started process (PID=14358) to work on /home/airflow/.local/lib/python3.7/site-packages/airflow/example_dags/example_task_group_decorator.py
[2022-12-03T16:02:58.230+0000] {processor.py:756} INFO - Processing file /home/airflow/.local/lib/python3.7/site-packages/airflow/example_dags/example_task_group_decorator.py for tasks to queue
[2022-12-03T16:02:58.232+0000] {logging_mixin.py:137} INFO - [2022-12-03T16:02:58.232+0000] {dagbag.py:537} INFO - Filling up the DagBag from /home/airflow/.local/lib/python3.7/site-packages/airflow/example_dags/example_task_group_decorator.py
[2022-12-03T16:02:58.324+0000] {processor.py:766} INFO - DAG(s) dict_keys(['example_task_group_decorator']) retrieved from /home/airflow/.local/lib/python3.7/site-packages/airflow/example_dags/example_task_group_decorator.py
[2022-12-03T16:02:58.405+0000] {logging_mixin.py:137} INFO - [2022-12-03T16:02:58.404+0000] {dag.py:2585} INFO - Sync 1 DAGs
[2022-12-03T16:02:58.432+0000] {logging_mixin.py:137} INFO - [2022-12-03T16:02:58.432+0000] {dag.py:3340} INFO - Setting next_dagrun for example_task_group_decorator to 2022-12-02T16:02:58.432206+00:00, run_after=2022-12-03T16:02:58.432206+00:00
[2022-12-03T16:02:58.459+0000] {processor.py:176} INFO - Processing /home/airflow/.local/lib/python3.7/site-packages/airflow/example_dags/example_task_group_decorator.py took 0.235 seconds
[2022-12-03T17:24:30.939+0000] {processor.py:154} INFO - Started process (PID=14426) to work on /home/airflow/.local/lib/python3.7/site-packages/airflow/example_dags/example_task_group_decorator.py
[2022-12-03T17:24:30.941+0000] {processor.py:756} INFO - Processing file /home/airflow/.local/lib/python3.7/site-packages/airflow/example_dags/example_task_group_decorator.py for tasks to queue
[2022-12-03T17:24:30.942+0000] {logging_mixin.py:137} INFO - [2022-12-03T17:24:30.942+0000] {dagbag.py:537} INFO - Filling up the DagBag from /home/airflow/.local/lib/python3.7/site-packages/airflow/example_dags/example_task_group_decorator.py
[2022-12-03T17:24:30.962+0000] {processor.py:766} INFO - DAG(s) dict_keys(['example_task_group_decorator']) retrieved from /home/airflow/.local/lib/python3.7/site-packages/airflow/example_dags/example_task_group_decorator.py
[2022-12-03T17:24:30.989+0000] {logging_mixin.py:137} INFO - [2022-12-03T17:24:30.989+0000] {dag.py:2585} INFO - Sync 1 DAGs
[2022-12-03T17:24:31.003+0000] {logging_mixin.py:137} INFO - [2022-12-03T17:24:31.003+0000] {dag.py:3340} INFO - Setting next_dagrun for example_task_group_decorator to 2022-12-02T17:24:31.003148+00:00, run_after=2022-12-03T17:24:31.003148+00:00
[2022-12-03T17:24:31.015+0000] {processor.py:176} INFO - Processing /home/airflow/.local/lib/python3.7/site-packages/airflow/example_dags/example_task_group_decorator.py took 0.081 seconds
[2022-12-03T18:46:57.313+0000] {processor.py:154} INFO - Started process (PID=14493) to work on /home/airflow/.local/lib/python3.7/site-packages/airflow/example_dags/example_task_group_decorator.py
[2022-12-03T18:46:57.334+0000] {processor.py:756} INFO - Processing file /home/airflow/.local/lib/python3.7/site-packages/airflow/example_dags/example_task_group_decorator.py for tasks to queue
[2022-12-03T18:46:57.344+0000] {logging_mixin.py:137} INFO - [2022-12-03T18:46:57.343+0000] {dagbag.py:537} INFO - Filling up the DagBag from /home/airflow/.local/lib/python3.7/site-packages/airflow/example_dags/example_task_group_decorator.py
[2022-12-03T18:46:57.408+0000] {processor.py:766} INFO - DAG(s) dict_keys(['example_task_group_decorator']) retrieved from /home/airflow/.local/lib/python3.7/site-packages/airflow/example_dags/example_task_group_decorator.py
[2022-12-03T18:46:57.506+0000] {logging_mixin.py:137} INFO - [2022-12-03T18:46:57.506+0000] {dag.py:2585} INFO - Sync 1 DAGs
[2022-12-03T18:46:57.548+0000] {logging_mixin.py:137} INFO - [2022-12-03T18:46:57.548+0000] {dag.py:3340} INFO - Setting next_dagrun for example_task_group_decorator to 2022-12-02T18:46:57.547915+00:00, run_after=2022-12-03T18:46:57.547915+00:00
[2022-12-03T18:46:57.587+0000] {processor.py:176} INFO - Processing /home/airflow/.local/lib/python3.7/site-packages/airflow/example_dags/example_task_group_decorator.py took 0.279 seconds
[2022-12-03T19:40:01.155+0000] {processor.py:154} INFO - Started process (PID=14550) to work on /home/airflow/.local/lib/python3.7/site-packages/airflow/example_dags/example_task_group_decorator.py
[2022-12-03T19:40:01.157+0000] {processor.py:756} INFO - Processing file /home/airflow/.local/lib/python3.7/site-packages/airflow/example_dags/example_task_group_decorator.py for tasks to queue
[2022-12-03T19:40:01.158+0000] {logging_mixin.py:137} INFO - [2022-12-03T19:40:01.158+0000] {dagbag.py:537} INFO - Filling up the DagBag from /home/airflow/.local/lib/python3.7/site-packages/airflow/example_dags/example_task_group_decorator.py
[2022-12-03T19:40:01.174+0000] {processor.py:766} INFO - DAG(s) dict_keys(['example_task_group_decorator']) retrieved from /home/airflow/.local/lib/python3.7/site-packages/airflow/example_dags/example_task_group_decorator.py
[2022-12-03T19:40:01.200+0000] {logging_mixin.py:137} INFO - [2022-12-03T19:40:01.200+0000] {dag.py:2585} INFO - Sync 1 DAGs
[2022-12-03T19:40:01.214+0000] {logging_mixin.py:137} INFO - [2022-12-03T19:40:01.214+0000] {dag.py:3340} INFO - Setting next_dagrun for example_task_group_decorator to 2022-12-02T19:40:01.214104+00:00, run_after=2022-12-03T19:40:01.214104+00:00
[2022-12-03T19:40:01.226+0000] {processor.py:176} INFO - Processing /home/airflow/.local/lib/python3.7/site-packages/airflow/example_dags/example_task_group_decorator.py took 0.073 seconds
[2022-12-03T20:15:08.874+0000] {processor.py:154} INFO - Started process (PID=14616) to work on /home/airflow/.local/lib/python3.7/site-packages/airflow/example_dags/example_task_group_decorator.py
[2022-12-03T20:15:08.876+0000] {processor.py:756} INFO - Processing file /home/airflow/.local/lib/python3.7/site-packages/airflow/example_dags/example_task_group_decorator.py for tasks to queue
[2022-12-03T20:15:08.877+0000] {logging_mixin.py:137} INFO - [2022-12-03T20:15:08.877+0000] {dagbag.py:537} INFO - Filling up the DagBag from /home/airflow/.local/lib/python3.7/site-packages/airflow/example_dags/example_task_group_decorator.py
[2022-12-03T20:15:08.895+0000] {processor.py:766} INFO - DAG(s) dict_keys(['example_task_group_decorator']) retrieved from /home/airflow/.local/lib/python3.7/site-packages/airflow/example_dags/example_task_group_decorator.py
[2022-12-03T20:15:08.924+0000] {logging_mixin.py:137} INFO - [2022-12-03T20:15:08.924+0000] {dag.py:2585} INFO - Sync 1 DAGs
[2022-12-03T20:15:08.940+0000] {logging_mixin.py:137} INFO - [2022-12-03T20:15:08.940+0000] {dag.py:3340} INFO - Setting next_dagrun for example_task_group_decorator to 2022-12-02T20:15:08.940226+00:00, run_after=2022-12-03T20:15:08.940226+00:00
[2022-12-03T20:15:08.953+0000] {processor.py:176} INFO - Processing /home/airflow/.local/lib/python3.7/site-packages/airflow/example_dags/example_task_group_decorator.py took 0.081 seconds
[2022-12-03T20:47:35.802+0000] {processor.py:154} INFO - Started process (PID=14681) to work on /home/airflow/.local/lib/python3.7/site-packages/airflow/example_dags/example_task_group_decorator.py
[2022-12-03T20:47:35.804+0000] {processor.py:756} INFO - Processing file /home/airflow/.local/lib/python3.7/site-packages/airflow/example_dags/example_task_group_decorator.py for tasks to queue
[2022-12-03T20:47:35.805+0000] {logging_mixin.py:137} INFO - [2022-12-03T20:47:35.805+0000] {dagbag.py:537} INFO - Filling up the DagBag from /home/airflow/.local/lib/python3.7/site-packages/airflow/example_dags/example_task_group_decorator.py
[2022-12-03T20:47:35.830+0000] {processor.py:766} INFO - DAG(s) dict_keys(['example_task_group_decorator']) retrieved from /home/airflow/.local/lib/python3.7/site-packages/airflow/example_dags/example_task_group_decorator.py
[2022-12-03T20:47:35.866+0000] {logging_mixin.py:137} INFO - [2022-12-03T20:47:35.866+0000] {dag.py:2585} INFO - Sync 1 DAGs
[2022-12-03T20:47:35.882+0000] {logging_mixin.py:137} INFO - [2022-12-03T20:47:35.882+0000] {dag.py:3340} INFO - Setting next_dagrun for example_task_group_decorator to 2022-12-02T20:47:35.882562+00:00, run_after=2022-12-03T20:47:35.882562+00:00
[2022-12-03T20:47:35.900+0000] {processor.py:176} INFO - Processing /home/airflow/.local/lib/python3.7/site-packages/airflow/example_dags/example_task_group_decorator.py took 0.102 seconds
[2022-12-03T22:10:11.824+0000] {processor.py:154} INFO - Started process (PID=14751) to work on /home/airflow/.local/lib/python3.7/site-packages/airflow/example_dags/example_task_group_decorator.py
[2022-12-03T22:10:11.826+0000] {processor.py:756} INFO - Processing file /home/airflow/.local/lib/python3.7/site-packages/airflow/example_dags/example_task_group_decorator.py for tasks to queue
[2022-12-03T22:10:11.828+0000] {logging_mixin.py:137} INFO - [2022-12-03T22:10:11.828+0000] {dagbag.py:537} INFO - Filling up the DagBag from /home/airflow/.local/lib/python3.7/site-packages/airflow/example_dags/example_task_group_decorator.py
[2022-12-03T22:10:11.853+0000] {processor.py:766} INFO - DAG(s) dict_keys(['example_task_group_decorator']) retrieved from /home/airflow/.local/lib/python3.7/site-packages/airflow/example_dags/example_task_group_decorator.py
[2022-12-03T22:10:11.922+0000] {logging_mixin.py:137} INFO - [2022-12-03T22:10:11.922+0000] {dag.py:2585} INFO - Sync 1 DAGs
[2022-12-03T22:10:11.956+0000] {logging_mixin.py:137} INFO - [2022-12-03T22:10:11.955+0000] {dag.py:3340} INFO - Setting next_dagrun for example_task_group_decorator to 2022-12-02T22:10:11.955741+00:00, run_after=2022-12-03T22:10:11.955741+00:00
[2022-12-03T22:10:12.002+0000] {processor.py:176} INFO - Processing /home/airflow/.local/lib/python3.7/site-packages/airflow/example_dags/example_task_group_decorator.py took 0.181 seconds
[2022-12-03T23:31:51.823+0000] {processor.py:154} INFO - Started process (PID=14810) to work on /home/airflow/.local/lib/python3.7/site-packages/airflow/example_dags/example_task_group_decorator.py
[2022-12-03T23:31:51.825+0000] {processor.py:756} INFO - Processing file /home/airflow/.local/lib/python3.7/site-packages/airflow/example_dags/example_task_group_decorator.py for tasks to queue
[2022-12-03T23:31:51.828+0000] {logging_mixin.py:137} INFO - [2022-12-03T23:31:51.828+0000] {dagbag.py:537} INFO - Filling up the DagBag from /home/airflow/.local/lib/python3.7/site-packages/airflow/example_dags/example_task_group_decorator.py
[2022-12-03T23:31:51.849+0000] {processor.py:766} INFO - DAG(s) dict_keys(['example_task_group_decorator']) retrieved from /home/airflow/.local/lib/python3.7/site-packages/airflow/example_dags/example_task_group_decorator.py
[2022-12-03T23:31:51.879+0000] {logging_mixin.py:137} INFO - [2022-12-03T23:31:51.879+0000] {dag.py:2585} INFO - Sync 1 DAGs
[2022-12-03T23:31:51.897+0000] {logging_mixin.py:137} INFO - [2022-12-03T23:31:51.897+0000] {dag.py:3340} INFO - Setting next_dagrun for example_task_group_decorator to 2022-12-02T23:31:51.896877+00:00, run_after=2022-12-03T23:31:51.896877+00:00
[2022-12-03T23:31:51.912+0000] {processor.py:176} INFO - Processing /home/airflow/.local/lib/python3.7/site-packages/airflow/example_dags/example_task_group_decorator.py took 0.092 seconds
