[2022-12-03T00:24:08.127+0000] {processor.py:154} INFO - Started process (PID=13492) to work on /home/airflow/.local/lib/python3.7/site-packages/airflow/example_dags/example_dag_decorator.py
[2022-12-03T00:24:08.129+0000] {processor.py:756} INFO - Processing file /home/airflow/.local/lib/python3.7/site-packages/airflow/example_dags/example_dag_decorator.py for tasks to queue
[2022-12-03T00:24:08.130+0000] {logging_mixin.py:137} INFO - [2022-12-03T00:24:08.130+0000] {dagbag.py:537} INFO - Filling up the DagBag from /home/airflow/.local/lib/python3.7/site-packages/airflow/example_dags/example_dag_decorator.py
[2022-12-03T00:24:08.144+0000] {logging_mixin.py:137} INFO - [2022-12-03T00:24:08.143+0000] {taskmixin.py:205} WARNING - Dependency <Task(_PythonDecoratedOperator): prepare_email>, send_email already registered for DAG: example_dag_decorator
[2022-12-03T00:24:08.144+0000] {logging_mixin.py:137} INFO - [2022-12-03T00:24:08.144+0000] {taskmixin.py:205} WARNING - Dependency <Task(EmailOperator): send_email>, prepare_email already registered for DAG: example_dag_decorator
[2022-12-03T00:24:08.156+0000] {processor.py:766} INFO - DAG(s) dict_keys(['example_dag_decorator']) retrieved from /home/airflow/.local/lib/python3.7/site-packages/airflow/example_dags/example_dag_decorator.py
[2022-12-03T00:24:08.212+0000] {logging_mixin.py:137} INFO - [2022-12-03T00:24:08.211+0000] {dag.py:2585} INFO - Sync 1 DAGs
[2022-12-03T00:24:08.224+0000] {logging_mixin.py:137} INFO - [2022-12-03T00:24:08.224+0000] {dag.py:3340} INFO - Setting next_dagrun for example_dag_decorator to None, run_after=None
[2022-12-03T00:24:08.236+0000] {processor.py:176} INFO - Processing /home/airflow/.local/lib/python3.7/site-packages/airflow/example_dags/example_dag_decorator.py took 0.112 seconds
[2022-12-03T01:45:41.016+0000] {processor.py:154} INFO - Started process (PID=13561) to work on /home/airflow/.local/lib/python3.7/site-packages/airflow/example_dags/example_dag_decorator.py
[2022-12-03T01:45:41.018+0000] {processor.py:756} INFO - Processing file /home/airflow/.local/lib/python3.7/site-packages/airflow/example_dags/example_dag_decorator.py for tasks to queue
[2022-12-03T01:45:41.019+0000] {logging_mixin.py:137} INFO - [2022-12-03T01:45:41.019+0000] {dagbag.py:537} INFO - Filling up the DagBag from /home/airflow/.local/lib/python3.7/site-packages/airflow/example_dags/example_dag_decorator.py
[2022-12-03T01:45:41.029+0000] {logging_mixin.py:137} INFO - [2022-12-03T01:45:41.029+0000] {taskmixin.py:205} WARNING - Dependency <Task(_PythonDecoratedOperator): prepare_email>, send_email already registered for DAG: example_dag_decorator
[2022-12-03T01:45:41.030+0000] {logging_mixin.py:137} INFO - [2022-12-03T01:45:41.030+0000] {taskmixin.py:205} WARNING - Dependency <Task(EmailOperator): send_email>, prepare_email already registered for DAG: example_dag_decorator
[2022-12-03T01:45:41.038+0000] {processor.py:766} INFO - DAG(s) dict_keys(['example_dag_decorator']) retrieved from /home/airflow/.local/lib/python3.7/site-packages/airflow/example_dags/example_dag_decorator.py
[2022-12-03T01:45:41.086+0000] {logging_mixin.py:137} INFO - [2022-12-03T01:45:41.086+0000] {dag.py:2585} INFO - Sync 1 DAGs
[2022-12-03T01:45:41.100+0000] {logging_mixin.py:137} INFO - [2022-12-03T01:45:41.100+0000] {dag.py:3340} INFO - Setting next_dagrun for example_dag_decorator to None, run_after=None
[2022-12-03T01:45:41.112+0000] {processor.py:176} INFO - Processing /home/airflow/.local/lib/python3.7/site-packages/airflow/example_dags/example_dag_decorator.py took 0.098 seconds
[2022-12-03T03:05:49.693+0000] {processor.py:154} INFO - Started process (PID=13629) to work on /home/airflow/.local/lib/python3.7/site-packages/airflow/example_dags/example_dag_decorator.py
[2022-12-03T03:05:49.695+0000] {processor.py:756} INFO - Processing file /home/airflow/.local/lib/python3.7/site-packages/airflow/example_dags/example_dag_decorator.py for tasks to queue
[2022-12-03T03:05:49.696+0000] {logging_mixin.py:137} INFO - [2022-12-03T03:05:49.695+0000] {dagbag.py:537} INFO - Filling up the DagBag from /home/airflow/.local/lib/python3.7/site-packages/airflow/example_dags/example_dag_decorator.py
[2022-12-03T03:05:49.705+0000] {logging_mixin.py:137} INFO - [2022-12-03T03:05:49.705+0000] {taskmixin.py:205} WARNING - Dependency <Task(_PythonDecoratedOperator): prepare_email>, send_email already registered for DAG: example_dag_decorator
[2022-12-03T03:05:49.707+0000] {logging_mixin.py:137} INFO - [2022-12-03T03:05:49.706+0000] {taskmixin.py:205} WARNING - Dependency <Task(EmailOperator): send_email>, prepare_email already registered for DAG: example_dag_decorator
[2022-12-03T03:05:49.715+0000] {processor.py:766} INFO - DAG(s) dict_keys(['example_dag_decorator']) retrieved from /home/airflow/.local/lib/python3.7/site-packages/airflow/example_dags/example_dag_decorator.py
[2022-12-03T03:05:49.757+0000] {logging_mixin.py:137} INFO - [2022-12-03T03:05:49.757+0000] {dag.py:2585} INFO - Sync 1 DAGs
[2022-12-03T03:05:49.770+0000] {logging_mixin.py:137} INFO - [2022-12-03T03:05:49.770+0000] {dag.py:3340} INFO - Setting next_dagrun for example_dag_decorator to None, run_after=None
[2022-12-03T03:05:49.781+0000] {processor.py:176} INFO - Processing /home/airflow/.local/lib/python3.7/site-packages/airflow/example_dags/example_dag_decorator.py took 0.091 seconds
[2022-12-03T04:30:00.168+0000] {processor.py:154} INFO - Started process (PID=13690) to work on /home/airflow/.local/lib/python3.7/site-packages/airflow/example_dags/example_dag_decorator.py
[2022-12-03T04:30:00.171+0000] {processor.py:756} INFO - Processing file /home/airflow/.local/lib/python3.7/site-packages/airflow/example_dags/example_dag_decorator.py for tasks to queue
[2022-12-03T04:30:00.178+0000] {logging_mixin.py:137} INFO - [2022-12-03T04:30:00.178+0000] {dagbag.py:537} INFO - Filling up the DagBag from /home/airflow/.local/lib/python3.7/site-packages/airflow/example_dags/example_dag_decorator.py
[2022-12-03T04:30:00.193+0000] {logging_mixin.py:137} INFO - [2022-12-03T04:30:00.193+0000] {taskmixin.py:205} WARNING - Dependency <Task(_PythonDecoratedOperator): prepare_email>, send_email already registered for DAG: example_dag_decorator
[2022-12-03T04:30:00.194+0000] {logging_mixin.py:137} INFO - [2022-12-03T04:30:00.194+0000] {taskmixin.py:205} WARNING - Dependency <Task(EmailOperator): send_email>, prepare_email already registered for DAG: example_dag_decorator
[2022-12-03T04:30:00.206+0000] {processor.py:766} INFO - DAG(s) dict_keys(['example_dag_decorator']) retrieved from /home/airflow/.local/lib/python3.7/site-packages/airflow/example_dags/example_dag_decorator.py
[2022-12-03T04:30:00.259+0000] {logging_mixin.py:137} INFO - [2022-12-03T04:30:00.258+0000] {dag.py:2585} INFO - Sync 1 DAGs
[2022-12-03T04:30:00.274+0000] {logging_mixin.py:137} INFO - [2022-12-03T04:30:00.274+0000] {dag.py:3340} INFO - Setting next_dagrun for example_dag_decorator to None, run_after=None
[2022-12-03T04:30:00.289+0000] {processor.py:176} INFO - Processing /home/airflow/.local/lib/python3.7/site-packages/airflow/example_dags/example_dag_decorator.py took 0.142 seconds
[2022-12-03T05:52:50.710+0000] {processor.py:154} INFO - Started process (PID=13757) to work on /home/airflow/.local/lib/python3.7/site-packages/airflow/example_dags/example_dag_decorator.py
[2022-12-03T05:52:50.712+0000] {processor.py:756} INFO - Processing file /home/airflow/.local/lib/python3.7/site-packages/airflow/example_dags/example_dag_decorator.py for tasks to queue
[2022-12-03T05:52:50.713+0000] {logging_mixin.py:137} INFO - [2022-12-03T05:52:50.713+0000] {dagbag.py:537} INFO - Filling up the DagBag from /home/airflow/.local/lib/python3.7/site-packages/airflow/example_dags/example_dag_decorator.py
[2022-12-03T05:52:50.723+0000] {logging_mixin.py:137} INFO - [2022-12-03T05:52:50.723+0000] {taskmixin.py:205} WARNING - Dependency <Task(_PythonDecoratedOperator): prepare_email>, send_email already registered for DAG: example_dag_decorator
[2022-12-03T05:52:50.724+0000] {logging_mixin.py:137} INFO - [2022-12-03T05:52:50.724+0000] {taskmixin.py:205} WARNING - Dependency <Task(EmailOperator): send_email>, prepare_email already registered for DAG: example_dag_decorator
[2022-12-03T05:52:50.736+0000] {processor.py:766} INFO - DAG(s) dict_keys(['example_dag_decorator']) retrieved from /home/airflow/.local/lib/python3.7/site-packages/airflow/example_dags/example_dag_decorator.py
[2022-12-03T05:52:50.790+0000] {logging_mixin.py:137} INFO - [2022-12-03T05:52:50.790+0000] {dag.py:2585} INFO - Sync 1 DAGs
[2022-12-03T05:52:50.804+0000] {logging_mixin.py:137} INFO - [2022-12-03T05:52:50.804+0000] {dag.py:3340} INFO - Setting next_dagrun for example_dag_decorator to None, run_after=None
[2022-12-03T05:52:50.818+0000] {processor.py:176} INFO - Processing /home/airflow/.local/lib/python3.7/site-packages/airflow/example_dags/example_dag_decorator.py took 0.110 seconds
[2022-12-03T07:14:04.315+0000] {processor.py:154} INFO - Started process (PID=13828) to work on /home/airflow/.local/lib/python3.7/site-packages/airflow/example_dags/example_dag_decorator.py
[2022-12-03T07:14:04.316+0000] {processor.py:756} INFO - Processing file /home/airflow/.local/lib/python3.7/site-packages/airflow/example_dags/example_dag_decorator.py for tasks to queue
[2022-12-03T07:14:04.318+0000] {logging_mixin.py:137} INFO - [2022-12-03T07:14:04.317+0000] {dagbag.py:537} INFO - Filling up the DagBag from /home/airflow/.local/lib/python3.7/site-packages/airflow/example_dags/example_dag_decorator.py
[2022-12-03T07:14:04.330+0000] {logging_mixin.py:137} INFO - [2022-12-03T07:14:04.330+0000] {taskmixin.py:205} WARNING - Dependency <Task(_PythonDecoratedOperator): prepare_email>, send_email already registered for DAG: example_dag_decorator
[2022-12-03T07:14:04.331+0000] {logging_mixin.py:137} INFO - [2022-12-03T07:14:04.331+0000] {taskmixin.py:205} WARNING - Dependency <Task(EmailOperator): send_email>, prepare_email already registered for DAG: example_dag_decorator
[2022-12-03T07:14:04.344+0000] {processor.py:766} INFO - DAG(s) dict_keys(['example_dag_decorator']) retrieved from /home/airflow/.local/lib/python3.7/site-packages/airflow/example_dags/example_dag_decorator.py
[2022-12-03T07:14:04.392+0000] {logging_mixin.py:137} INFO - [2022-12-03T07:14:04.392+0000] {dag.py:2585} INFO - Sync 1 DAGs
[2022-12-03T07:14:04.406+0000] {logging_mixin.py:137} INFO - [2022-12-03T07:14:04.406+0000] {dag.py:3340} INFO - Setting next_dagrun for example_dag_decorator to None, run_after=None
[2022-12-03T07:14:04.418+0000] {processor.py:176} INFO - Processing /home/airflow/.local/lib/python3.7/site-packages/airflow/example_dags/example_dag_decorator.py took 0.106 seconds
[2022-12-03T08:36:16.290+0000] {processor.py:154} INFO - Started process (PID=13901) to work on /home/airflow/.local/lib/python3.7/site-packages/airflow/example_dags/example_dag_decorator.py
[2022-12-03T08:36:16.292+0000] {processor.py:756} INFO - Processing file /home/airflow/.local/lib/python3.7/site-packages/airflow/example_dags/example_dag_decorator.py for tasks to queue
[2022-12-03T08:36:16.293+0000] {logging_mixin.py:137} INFO - [2022-12-03T08:36:16.293+0000] {dagbag.py:537} INFO - Filling up the DagBag from /home/airflow/.local/lib/python3.7/site-packages/airflow/example_dags/example_dag_decorator.py
[2022-12-03T08:36:16.303+0000] {logging_mixin.py:137} INFO - [2022-12-03T08:36:16.303+0000] {taskmixin.py:205} WARNING - Dependency <Task(_PythonDecoratedOperator): prepare_email>, send_email already registered for DAG: example_dag_decorator
[2022-12-03T08:36:16.305+0000] {logging_mixin.py:137} INFO - [2022-12-03T08:36:16.305+0000] {taskmixin.py:205} WARNING - Dependency <Task(EmailOperator): send_email>, prepare_email already registered for DAG: example_dag_decorator
[2022-12-03T08:36:16.314+0000] {processor.py:766} INFO - DAG(s) dict_keys(['example_dag_decorator']) retrieved from /home/airflow/.local/lib/python3.7/site-packages/airflow/example_dags/example_dag_decorator.py
[2022-12-03T08:36:16.372+0000] {logging_mixin.py:137} INFO - [2022-12-03T08:36:16.372+0000] {dag.py:2585} INFO - Sync 1 DAGs
[2022-12-03T08:36:16.394+0000] {logging_mixin.py:137} INFO - [2022-12-03T08:36:16.394+0000] {dag.py:3340} INFO - Setting next_dagrun for example_dag_decorator to None, run_after=None
[2022-12-03T08:36:16.411+0000] {processor.py:176} INFO - Processing /home/airflow/.local/lib/python3.7/site-packages/airflow/example_dags/example_dag_decorator.py took 0.123 seconds
[2022-12-03T09:58:29.473+0000] {processor.py:154} INFO - Started process (PID=13969) to work on /home/airflow/.local/lib/python3.7/site-packages/airflow/example_dags/example_dag_decorator.py
[2022-12-03T09:58:29.475+0000] {processor.py:756} INFO - Processing file /home/airflow/.local/lib/python3.7/site-packages/airflow/example_dags/example_dag_decorator.py for tasks to queue
[2022-12-03T09:58:29.477+0000] {logging_mixin.py:137} INFO - [2022-12-03T09:58:29.476+0000] {dagbag.py:537} INFO - Filling up the DagBag from /home/airflow/.local/lib/python3.7/site-packages/airflow/example_dags/example_dag_decorator.py
[2022-12-03T09:58:29.489+0000] {logging_mixin.py:137} INFO - [2022-12-03T09:58:29.489+0000] {taskmixin.py:205} WARNING - Dependency <Task(_PythonDecoratedOperator): prepare_email>, send_email already registered for DAG: example_dag_decorator
[2022-12-03T09:58:29.491+0000] {logging_mixin.py:137} INFO - [2022-12-03T09:58:29.491+0000] {taskmixin.py:205} WARNING - Dependency <Task(EmailOperator): send_email>, prepare_email already registered for DAG: example_dag_decorator
[2022-12-03T09:58:29.505+0000] {processor.py:766} INFO - DAG(s) dict_keys(['example_dag_decorator']) retrieved from /home/airflow/.local/lib/python3.7/site-packages/airflow/example_dags/example_dag_decorator.py
[2022-12-03T09:58:29.550+0000] {logging_mixin.py:137} INFO - [2022-12-03T09:58:29.550+0000] {dag.py:2585} INFO - Sync 1 DAGs
[2022-12-03T09:58:29.563+0000] {logging_mixin.py:137} INFO - [2022-12-03T09:58:29.563+0000] {dag.py:3340} INFO - Setting next_dagrun for example_dag_decorator to None, run_after=None
[2022-12-03T09:58:29.574+0000] {processor.py:176} INFO - Processing /home/airflow/.local/lib/python3.7/site-packages/airflow/example_dags/example_dag_decorator.py took 0.105 seconds
[2022-12-03T11:03:30.037+0000] {processor.py:154} INFO - Started process (PID=14024) to work on /home/airflow/.local/lib/python3.7/site-packages/airflow/example_dags/example_dag_decorator.py
[2022-12-03T11:03:30.040+0000] {processor.py:756} INFO - Processing file /home/airflow/.local/lib/python3.7/site-packages/airflow/example_dags/example_dag_decorator.py for tasks to queue
[2022-12-03T11:03:30.042+0000] {logging_mixin.py:137} INFO - [2022-12-03T11:03:30.042+0000] {dagbag.py:537} INFO - Filling up the DagBag from /home/airflow/.local/lib/python3.7/site-packages/airflow/example_dags/example_dag_decorator.py
[2022-12-03T11:03:30.082+0000] {logging_mixin.py:137} INFO - [2022-12-03T11:03:30.081+0000] {taskmixin.py:205} WARNING - Dependency <Task(_PythonDecoratedOperator): prepare_email>, send_email already registered for DAG: example_dag_decorator
[2022-12-03T11:03:30.084+0000] {logging_mixin.py:137} INFO - [2022-12-03T11:03:30.083+0000] {taskmixin.py:205} WARNING - Dependency <Task(EmailOperator): send_email>, prepare_email already registered for DAG: example_dag_decorator
[2022-12-03T11:03:30.133+0000] {processor.py:766} INFO - DAG(s) dict_keys(['example_dag_decorator']) retrieved from /home/airflow/.local/lib/python3.7/site-packages/airflow/example_dags/example_dag_decorator.py
[2022-12-03T11:03:30.287+0000] {logging_mixin.py:137} INFO - [2022-12-03T11:03:30.286+0000] {dag.py:2585} INFO - Sync 1 DAGs
[2022-12-03T11:03:30.315+0000] {logging_mixin.py:137} INFO - [2022-12-03T11:03:30.315+0000] {dag.py:3340} INFO - Setting next_dagrun for example_dag_decorator to None, run_after=None
[2022-12-03T11:03:30.360+0000] {processor.py:176} INFO - Processing /home/airflow/.local/lib/python3.7/site-packages/airflow/example_dags/example_dag_decorator.py took 0.326 seconds
[2022-12-03T11:21:00.479+0000] {processor.py:154} INFO - Started process (PID=14098) to work on /home/airflow/.local/lib/python3.7/site-packages/airflow/example_dags/example_dag_decorator.py
[2022-12-03T11:21:00.481+0000] {processor.py:756} INFO - Processing file /home/airflow/.local/lib/python3.7/site-packages/airflow/example_dags/example_dag_decorator.py for tasks to queue
[2022-12-03T11:21:00.483+0000] {logging_mixin.py:137} INFO - [2022-12-03T11:21:00.483+0000] {dagbag.py:537} INFO - Filling up the DagBag from /home/airflow/.local/lib/python3.7/site-packages/airflow/example_dags/example_dag_decorator.py
[2022-12-03T11:21:00.498+0000] {logging_mixin.py:137} INFO - [2022-12-03T11:21:00.498+0000] {taskmixin.py:205} WARNING - Dependency <Task(_PythonDecoratedOperator): prepare_email>, send_email already registered for DAG: example_dag_decorator
[2022-12-03T11:21:00.501+0000] {logging_mixin.py:137} INFO - [2022-12-03T11:21:00.501+0000] {taskmixin.py:205} WARNING - Dependency <Task(EmailOperator): send_email>, prepare_email already registered for DAG: example_dag_decorator
[2022-12-03T11:21:00.518+0000] {processor.py:766} INFO - DAG(s) dict_keys(['example_dag_decorator']) retrieved from /home/airflow/.local/lib/python3.7/site-packages/airflow/example_dags/example_dag_decorator.py
[2022-12-03T11:21:00.624+0000] {logging_mixin.py:137} INFO - [2022-12-03T11:21:00.624+0000] {dag.py:2585} INFO - Sync 1 DAGs
[2022-12-03T11:21:00.672+0000] {logging_mixin.py:137} INFO - [2022-12-03T11:21:00.672+0000] {dag.py:3340} INFO - Setting next_dagrun for example_dag_decorator to None, run_after=None
[2022-12-03T11:21:00.708+0000] {processor.py:176} INFO - Processing /home/airflow/.local/lib/python3.7/site-packages/airflow/example_dags/example_dag_decorator.py took 0.231 seconds
[2022-12-03T12:21:04.325+0000] {processor.py:154} INFO - Started process (PID=14171) to work on /home/airflow/.local/lib/python3.7/site-packages/airflow/example_dags/example_dag_decorator.py
[2022-12-03T12:21:04.327+0000] {processor.py:756} INFO - Processing file /home/airflow/.local/lib/python3.7/site-packages/airflow/example_dags/example_dag_decorator.py for tasks to queue
[2022-12-03T12:21:04.328+0000] {logging_mixin.py:137} INFO - [2022-12-03T12:21:04.328+0000] {dagbag.py:537} INFO - Filling up the DagBag from /home/airflow/.local/lib/python3.7/site-packages/airflow/example_dags/example_dag_decorator.py
[2022-12-03T12:21:04.340+0000] {logging_mixin.py:137} INFO - [2022-12-03T12:21:04.340+0000] {taskmixin.py:205} WARNING - Dependency <Task(_PythonDecoratedOperator): prepare_email>, send_email already registered for DAG: example_dag_decorator
[2022-12-03T12:21:04.341+0000] {logging_mixin.py:137} INFO - [2022-12-03T12:21:04.341+0000] {taskmixin.py:205} WARNING - Dependency <Task(EmailOperator): send_email>, prepare_email already registered for DAG: example_dag_decorator
[2022-12-03T12:21:04.351+0000] {processor.py:766} INFO - DAG(s) dict_keys(['example_dag_decorator']) retrieved from /home/airflow/.local/lib/python3.7/site-packages/airflow/example_dags/example_dag_decorator.py
[2022-12-03T12:21:04.405+0000] {logging_mixin.py:137} INFO - [2022-12-03T12:21:04.405+0000] {dag.py:2585} INFO - Sync 1 DAGs
[2022-12-03T12:21:04.420+0000] {logging_mixin.py:137} INFO - [2022-12-03T12:21:04.420+0000] {dag.py:3340} INFO - Setting next_dagrun for example_dag_decorator to None, run_after=None
[2022-12-03T12:21:04.436+0000] {processor.py:176} INFO - Processing /home/airflow/.local/lib/python3.7/site-packages/airflow/example_dags/example_dag_decorator.py took 0.113 seconds
[2022-12-03T13:24:17.318+0000] {processor.py:154} INFO - Started process (PID=14246) to work on /home/airflow/.local/lib/python3.7/site-packages/airflow/example_dags/example_dag_decorator.py
[2022-12-03T13:24:17.321+0000] {processor.py:756} INFO - Processing file /home/airflow/.local/lib/python3.7/site-packages/airflow/example_dags/example_dag_decorator.py for tasks to queue
[2022-12-03T13:24:17.324+0000] {logging_mixin.py:137} INFO - [2022-12-03T13:24:17.324+0000] {dagbag.py:537} INFO - Filling up the DagBag from /home/airflow/.local/lib/python3.7/site-packages/airflow/example_dags/example_dag_decorator.py
[2022-12-03T13:24:17.341+0000] {logging_mixin.py:137} INFO - [2022-12-03T13:24:17.341+0000] {taskmixin.py:205} WARNING - Dependency <Task(_PythonDecoratedOperator): prepare_email>, send_email already registered for DAG: example_dag_decorator
[2022-12-03T13:24:17.344+0000] {logging_mixin.py:137} INFO - [2022-12-03T13:24:17.344+0000] {taskmixin.py:205} WARNING - Dependency <Task(EmailOperator): send_email>, prepare_email already registered for DAG: example_dag_decorator
[2022-12-03T13:24:17.357+0000] {processor.py:766} INFO - DAG(s) dict_keys(['example_dag_decorator']) retrieved from /home/airflow/.local/lib/python3.7/site-packages/airflow/example_dags/example_dag_decorator.py
[2022-12-03T13:24:17.448+0000] {logging_mixin.py:137} INFO - [2022-12-03T13:24:17.447+0000] {dag.py:2585} INFO - Sync 1 DAGs
[2022-12-03T13:24:17.466+0000] {logging_mixin.py:137} INFO - [2022-12-03T13:24:17.466+0000] {dag.py:3340} INFO - Setting next_dagrun for example_dag_decorator to None, run_after=None
[2022-12-03T13:24:17.494+0000] {processor.py:176} INFO - Processing /home/airflow/.local/lib/python3.7/site-packages/airflow/example_dags/example_dag_decorator.py took 0.178 seconds
[2022-12-03T14:43:47.170+0000] {processor.py:154} INFO - Started process (PID=14301) to work on /home/airflow/.local/lib/python3.7/site-packages/airflow/example_dags/example_dag_decorator.py
[2022-12-03T14:43:47.172+0000] {processor.py:756} INFO - Processing file /home/airflow/.local/lib/python3.7/site-packages/airflow/example_dags/example_dag_decorator.py for tasks to queue
[2022-12-03T14:43:47.173+0000] {logging_mixin.py:137} INFO - [2022-12-03T14:43:47.173+0000] {dagbag.py:537} INFO - Filling up the DagBag from /home/airflow/.local/lib/python3.7/site-packages/airflow/example_dags/example_dag_decorator.py
[2022-12-03T14:43:47.183+0000] {logging_mixin.py:137} INFO - [2022-12-03T14:43:47.183+0000] {taskmixin.py:205} WARNING - Dependency <Task(_PythonDecoratedOperator): prepare_email>, send_email already registered for DAG: example_dag_decorator
[2022-12-03T14:43:47.184+0000] {logging_mixin.py:137} INFO - [2022-12-03T14:43:47.184+0000] {taskmixin.py:205} WARNING - Dependency <Task(EmailOperator): send_email>, prepare_email already registered for DAG: example_dag_decorator
[2022-12-03T14:43:47.192+0000] {processor.py:766} INFO - DAG(s) dict_keys(['example_dag_decorator']) retrieved from /home/airflow/.local/lib/python3.7/site-packages/airflow/example_dags/example_dag_decorator.py
[2022-12-03T14:43:47.239+0000] {logging_mixin.py:137} INFO - [2022-12-03T14:43:47.239+0000] {dag.py:2585} INFO - Sync 1 DAGs
[2022-12-03T14:43:47.253+0000] {logging_mixin.py:137} INFO - [2022-12-03T14:43:47.253+0000] {dag.py:3340} INFO - Setting next_dagrun for example_dag_decorator to None, run_after=None
[2022-12-03T14:43:47.265+0000] {processor.py:176} INFO - Processing /home/airflow/.local/lib/python3.7/site-packages/airflow/example_dags/example_dag_decorator.py took 0.096 seconds
[2022-12-03T16:02:59.159+0000] {processor.py:154} INFO - Started process (PID=14367) to work on /home/airflow/.local/lib/python3.7/site-packages/airflow/example_dags/example_dag_decorator.py
[2022-12-03T16:02:59.161+0000] {processor.py:756} INFO - Processing file /home/airflow/.local/lib/python3.7/site-packages/airflow/example_dags/example_dag_decorator.py for tasks to queue
[2022-12-03T16:02:59.162+0000] {logging_mixin.py:137} INFO - [2022-12-03T16:02:59.162+0000] {dagbag.py:537} INFO - Filling up the DagBag from /home/airflow/.local/lib/python3.7/site-packages/airflow/example_dags/example_dag_decorator.py
[2022-12-03T16:02:59.172+0000] {logging_mixin.py:137} INFO - [2022-12-03T16:02:59.172+0000] {taskmixin.py:205} WARNING - Dependency <Task(_PythonDecoratedOperator): prepare_email>, send_email already registered for DAG: example_dag_decorator
[2022-12-03T16:02:59.174+0000] {logging_mixin.py:137} INFO - [2022-12-03T16:02:59.174+0000] {taskmixin.py:205} WARNING - Dependency <Task(EmailOperator): send_email>, prepare_email already registered for DAG: example_dag_decorator
[2022-12-03T16:02:59.184+0000] {processor.py:766} INFO - DAG(s) dict_keys(['example_dag_decorator']) retrieved from /home/airflow/.local/lib/python3.7/site-packages/airflow/example_dags/example_dag_decorator.py
[2022-12-03T16:02:59.237+0000] {logging_mixin.py:137} INFO - [2022-12-03T16:02:59.237+0000] {dag.py:2585} INFO - Sync 1 DAGs
[2022-12-03T16:02:59.257+0000] {logging_mixin.py:137} INFO - [2022-12-03T16:02:59.257+0000] {dag.py:3340} INFO - Setting next_dagrun for example_dag_decorator to None, run_after=None
[2022-12-03T16:02:59.272+0000] {processor.py:176} INFO - Processing /home/airflow/.local/lib/python3.7/site-packages/airflow/example_dags/example_dag_decorator.py took 0.115 seconds
[2022-12-03T17:24:31.736+0000] {processor.py:154} INFO - Started process (PID=14435) to work on /home/airflow/.local/lib/python3.7/site-packages/airflow/example_dags/example_dag_decorator.py
[2022-12-03T17:24:31.740+0000] {processor.py:756} INFO - Processing file /home/airflow/.local/lib/python3.7/site-packages/airflow/example_dags/example_dag_decorator.py for tasks to queue
[2022-12-03T17:24:31.742+0000] {logging_mixin.py:137} INFO - [2022-12-03T17:24:31.742+0000] {dagbag.py:537} INFO - Filling up the DagBag from /home/airflow/.local/lib/python3.7/site-packages/airflow/example_dags/example_dag_decorator.py
[2022-12-03T17:24:31.779+0000] {logging_mixin.py:137} INFO - [2022-12-03T17:24:31.779+0000] {taskmixin.py:205} WARNING - Dependency <Task(_PythonDecoratedOperator): prepare_email>, send_email already registered for DAG: example_dag_decorator
[2022-12-03T17:24:31.785+0000] {logging_mixin.py:137} INFO - [2022-12-03T17:24:31.784+0000] {taskmixin.py:205} WARNING - Dependency <Task(EmailOperator): send_email>, prepare_email already registered for DAG: example_dag_decorator
[2022-12-03T17:24:31.830+0000] {processor.py:766} INFO - DAG(s) dict_keys(['example_dag_decorator']) retrieved from /home/airflow/.local/lib/python3.7/site-packages/airflow/example_dags/example_dag_decorator.py
[2022-12-03T17:24:31.971+0000] {logging_mixin.py:137} INFO - [2022-12-03T17:24:31.971+0000] {dag.py:2585} INFO - Sync 1 DAGs
[2022-12-03T17:24:31.997+0000] {logging_mixin.py:137} INFO - [2022-12-03T17:24:31.997+0000] {dag.py:3340} INFO - Setting next_dagrun for example_dag_decorator to None, run_after=None
[2022-12-03T17:24:32.043+0000] {processor.py:176} INFO - Processing /home/airflow/.local/lib/python3.7/site-packages/airflow/example_dags/example_dag_decorator.py took 0.310 seconds
[2022-12-03T18:46:58.629+0000] {processor.py:154} INFO - Started process (PID=14502) to work on /home/airflow/.local/lib/python3.7/site-packages/airflow/example_dags/example_dag_decorator.py
[2022-12-03T18:46:58.632+0000] {processor.py:756} INFO - Processing file /home/airflow/.local/lib/python3.7/site-packages/airflow/example_dags/example_dag_decorator.py for tasks to queue
[2022-12-03T18:46:58.633+0000] {logging_mixin.py:137} INFO - [2022-12-03T18:46:58.633+0000] {dagbag.py:537} INFO - Filling up the DagBag from /home/airflow/.local/lib/python3.7/site-packages/airflow/example_dags/example_dag_decorator.py
[2022-12-03T18:46:58.646+0000] {logging_mixin.py:137} INFO - [2022-12-03T18:46:58.646+0000] {taskmixin.py:205} WARNING - Dependency <Task(_PythonDecoratedOperator): prepare_email>, send_email already registered for DAG: example_dag_decorator
[2022-12-03T18:46:58.647+0000] {logging_mixin.py:137} INFO - [2022-12-03T18:46:58.647+0000] {taskmixin.py:205} WARNING - Dependency <Task(EmailOperator): send_email>, prepare_email already registered for DAG: example_dag_decorator
[2022-12-03T18:46:58.657+0000] {processor.py:766} INFO - DAG(s) dict_keys(['example_dag_decorator']) retrieved from /home/airflow/.local/lib/python3.7/site-packages/airflow/example_dags/example_dag_decorator.py
[2022-12-03T18:46:58.707+0000] {logging_mixin.py:137} INFO - [2022-12-03T18:46:58.707+0000] {dag.py:2585} INFO - Sync 1 DAGs
[2022-12-03T18:46:58.722+0000] {logging_mixin.py:137} INFO - [2022-12-03T18:46:58.722+0000] {dag.py:3340} INFO - Setting next_dagrun for example_dag_decorator to None, run_after=None
[2022-12-03T18:46:58.738+0000] {processor.py:176} INFO - Processing /home/airflow/.local/lib/python3.7/site-packages/airflow/example_dags/example_dag_decorator.py took 0.113 seconds
[2022-12-03T19:40:01.685+0000] {processor.py:154} INFO - Started process (PID=14559) to work on /home/airflow/.local/lib/python3.7/site-packages/airflow/example_dags/example_dag_decorator.py
[2022-12-03T19:40:01.693+0000] {processor.py:756} INFO - Processing file /home/airflow/.local/lib/python3.7/site-packages/airflow/example_dags/example_dag_decorator.py for tasks to queue
[2022-12-03T19:40:01.695+0000] {logging_mixin.py:137} INFO - [2022-12-03T19:40:01.695+0000] {dagbag.py:537} INFO - Filling up the DagBag from /home/airflow/.local/lib/python3.7/site-packages/airflow/example_dags/example_dag_decorator.py
[2022-12-03T19:40:01.721+0000] {logging_mixin.py:137} INFO - [2022-12-03T19:40:01.721+0000] {taskmixin.py:205} WARNING - Dependency <Task(_PythonDecoratedOperator): prepare_email>, send_email already registered for DAG: example_dag_decorator
[2022-12-03T19:40:01.722+0000] {logging_mixin.py:137} INFO - [2022-12-03T19:40:01.722+0000] {taskmixin.py:205} WARNING - Dependency <Task(EmailOperator): send_email>, prepare_email already registered for DAG: example_dag_decorator
[2022-12-03T19:40:01.748+0000] {processor.py:766} INFO - DAG(s) dict_keys(['example_dag_decorator']) retrieved from /home/airflow/.local/lib/python3.7/site-packages/airflow/example_dags/example_dag_decorator.py
[2022-12-03T19:40:01.853+0000] {logging_mixin.py:137} INFO - [2022-12-03T19:40:01.853+0000] {dag.py:2585} INFO - Sync 1 DAGs
[2022-12-03T19:40:01.879+0000] {logging_mixin.py:137} INFO - [2022-12-03T19:40:01.879+0000] {dag.py:3340} INFO - Setting next_dagrun for example_dag_decorator to None, run_after=None
[2022-12-03T19:40:01.897+0000] {processor.py:176} INFO - Processing /home/airflow/.local/lib/python3.7/site-packages/airflow/example_dags/example_dag_decorator.py took 0.220 seconds
[2022-12-03T20:15:09.564+0000] {processor.py:154} INFO - Started process (PID=14625) to work on /home/airflow/.local/lib/python3.7/site-packages/airflow/example_dags/example_dag_decorator.py
[2022-12-03T20:15:09.568+0000] {processor.py:756} INFO - Processing file /home/airflow/.local/lib/python3.7/site-packages/airflow/example_dags/example_dag_decorator.py for tasks to queue
[2022-12-03T20:15:09.570+0000] {logging_mixin.py:137} INFO - [2022-12-03T20:15:09.569+0000] {dagbag.py:537} INFO - Filling up the DagBag from /home/airflow/.local/lib/python3.7/site-packages/airflow/example_dags/example_dag_decorator.py
[2022-12-03T20:15:09.593+0000] {logging_mixin.py:137} INFO - [2022-12-03T20:15:09.593+0000] {taskmixin.py:205} WARNING - Dependency <Task(_PythonDecoratedOperator): prepare_email>, send_email already registered for DAG: example_dag_decorator
[2022-12-03T20:15:09.595+0000] {logging_mixin.py:137} INFO - [2022-12-03T20:15:09.594+0000] {taskmixin.py:205} WARNING - Dependency <Task(EmailOperator): send_email>, prepare_email already registered for DAG: example_dag_decorator
[2022-12-03T20:15:09.614+0000] {processor.py:766} INFO - DAG(s) dict_keys(['example_dag_decorator']) retrieved from /home/airflow/.local/lib/python3.7/site-packages/airflow/example_dags/example_dag_decorator.py
[2022-12-03T20:15:09.716+0000] {logging_mixin.py:137} INFO - [2022-12-03T20:15:09.716+0000] {dag.py:2585} INFO - Sync 1 DAGs
[2022-12-03T20:15:09.740+0000] {logging_mixin.py:137} INFO - [2022-12-03T20:15:09.740+0000] {dag.py:3340} INFO - Setting next_dagrun for example_dag_decorator to None, run_after=None
[2022-12-03T20:15:09.769+0000] {processor.py:176} INFO - Processing /home/airflow/.local/lib/python3.7/site-packages/airflow/example_dags/example_dag_decorator.py took 0.209 seconds
[2022-12-03T20:47:36.317+0000] {processor.py:154} INFO - Started process (PID=14690) to work on /home/airflow/.local/lib/python3.7/site-packages/airflow/example_dags/example_dag_decorator.py
[2022-12-03T20:47:36.319+0000] {processor.py:756} INFO - Processing file /home/airflow/.local/lib/python3.7/site-packages/airflow/example_dags/example_dag_decorator.py for tasks to queue
[2022-12-03T20:47:36.320+0000] {logging_mixin.py:137} INFO - [2022-12-03T20:47:36.320+0000] {dagbag.py:537} INFO - Filling up the DagBag from /home/airflow/.local/lib/python3.7/site-packages/airflow/example_dags/example_dag_decorator.py
[2022-12-03T20:47:36.330+0000] {logging_mixin.py:137} INFO - [2022-12-03T20:47:36.330+0000] {taskmixin.py:205} WARNING - Dependency <Task(_PythonDecoratedOperator): prepare_email>, send_email already registered for DAG: example_dag_decorator
[2022-12-03T20:47:36.332+0000] {logging_mixin.py:137} INFO - [2022-12-03T20:47:36.332+0000] {taskmixin.py:205} WARNING - Dependency <Task(EmailOperator): send_email>, prepare_email already registered for DAG: example_dag_decorator
[2022-12-03T20:47:36.341+0000] {processor.py:766} INFO - DAG(s) dict_keys(['example_dag_decorator']) retrieved from /home/airflow/.local/lib/python3.7/site-packages/airflow/example_dags/example_dag_decorator.py
[2022-12-03T20:47:36.387+0000] {logging_mixin.py:137} INFO - [2022-12-03T20:47:36.387+0000] {dag.py:2585} INFO - Sync 1 DAGs
[2022-12-03T20:47:36.400+0000] {logging_mixin.py:137} INFO - [2022-12-03T20:47:36.400+0000] {dag.py:3340} INFO - Setting next_dagrun for example_dag_decorator to None, run_after=None
[2022-12-03T20:47:36.411+0000] {processor.py:176} INFO - Processing /home/airflow/.local/lib/python3.7/site-packages/airflow/example_dags/example_dag_decorator.py took 0.096 seconds
[2022-12-03T22:10:12.975+0000] {processor.py:154} INFO - Started process (PID=14760) to work on /home/airflow/.local/lib/python3.7/site-packages/airflow/example_dags/example_dag_decorator.py
[2022-12-03T22:10:12.977+0000] {processor.py:756} INFO - Processing file /home/airflow/.local/lib/python3.7/site-packages/airflow/example_dags/example_dag_decorator.py for tasks to queue
[2022-12-03T22:10:12.978+0000] {logging_mixin.py:137} INFO - [2022-12-03T22:10:12.978+0000] {dagbag.py:537} INFO - Filling up the DagBag from /home/airflow/.local/lib/python3.7/site-packages/airflow/example_dags/example_dag_decorator.py
[2022-12-03T22:10:12.988+0000] {logging_mixin.py:137} INFO - [2022-12-03T22:10:12.988+0000] {taskmixin.py:205} WARNING - Dependency <Task(_PythonDecoratedOperator): prepare_email>, send_email already registered for DAG: example_dag_decorator
[2022-12-03T22:10:12.990+0000] {logging_mixin.py:137} INFO - [2022-12-03T22:10:12.989+0000] {taskmixin.py:205} WARNING - Dependency <Task(EmailOperator): send_email>, prepare_email already registered for DAG: example_dag_decorator
[2022-12-03T22:10:12.999+0000] {processor.py:766} INFO - DAG(s) dict_keys(['example_dag_decorator']) retrieved from /home/airflow/.local/lib/python3.7/site-packages/airflow/example_dags/example_dag_decorator.py
[2022-12-03T22:10:13.053+0000] {logging_mixin.py:137} INFO - [2022-12-03T22:10:13.053+0000] {dag.py:2585} INFO - Sync 1 DAGs
[2022-12-03T22:10:13.071+0000] {logging_mixin.py:137} INFO - [2022-12-03T22:10:13.070+0000] {dag.py:3340} INFO - Setting next_dagrun for example_dag_decorator to None, run_after=None
[2022-12-03T22:10:13.085+0000] {processor.py:176} INFO - Processing /home/airflow/.local/lib/python3.7/site-packages/airflow/example_dags/example_dag_decorator.py took 0.112 seconds
[2022-12-03T23:31:52.308+0000] {processor.py:154} INFO - Started process (PID=14819) to work on /home/airflow/.local/lib/python3.7/site-packages/airflow/example_dags/example_dag_decorator.py
[2022-12-03T23:31:52.309+0000] {processor.py:756} INFO - Processing file /home/airflow/.local/lib/python3.7/site-packages/airflow/example_dags/example_dag_decorator.py for tasks to queue
[2022-12-03T23:31:52.310+0000] {logging_mixin.py:137} INFO - [2022-12-03T23:31:52.310+0000] {dagbag.py:537} INFO - Filling up the DagBag from /home/airflow/.local/lib/python3.7/site-packages/airflow/example_dags/example_dag_decorator.py
[2022-12-03T23:31:52.321+0000] {logging_mixin.py:137} INFO - [2022-12-03T23:31:52.321+0000] {taskmixin.py:205} WARNING - Dependency <Task(_PythonDecoratedOperator): prepare_email>, send_email already registered for DAG: example_dag_decorator
[2022-12-03T23:31:52.321+0000] {logging_mixin.py:137} INFO - [2022-12-03T23:31:52.321+0000] {taskmixin.py:205} WARNING - Dependency <Task(EmailOperator): send_email>, prepare_email already registered for DAG: example_dag_decorator
[2022-12-03T23:31:52.330+0000] {processor.py:766} INFO - DAG(s) dict_keys(['example_dag_decorator']) retrieved from /home/airflow/.local/lib/python3.7/site-packages/airflow/example_dags/example_dag_decorator.py
[2022-12-03T23:31:52.375+0000] {logging_mixin.py:137} INFO - [2022-12-03T23:31:52.375+0000] {dag.py:2585} INFO - Sync 1 DAGs
[2022-12-03T23:31:52.388+0000] {logging_mixin.py:137} INFO - [2022-12-03T23:31:52.388+0000] {dag.py:3340} INFO - Setting next_dagrun for example_dag_decorator to None, run_after=None
[2022-12-03T23:31:52.400+0000] {processor.py:176} INFO - Processing /home/airflow/.local/lib/python3.7/site-packages/airflow/example_dags/example_dag_decorator.py took 0.094 seconds
