[2022-12-03T00:24:07.897+0000] {processor.py:154} INFO - Started process (PID=13490) to work on /home/airflow/.local/lib/python3.7/site-packages/airflow/example_dags/example_time_delta_sensor_async.py
[2022-12-03T00:24:07.899+0000] {processor.py:756} INFO - Processing file /home/airflow/.local/lib/python3.7/site-packages/airflow/example_dags/example_time_delta_sensor_async.py for tasks to queue
[2022-12-03T00:24:07.901+0000] {logging_mixin.py:137} INFO - [2022-12-03T00:24:07.901+0000] {dagbag.py:537} INFO - Filling up the DagBag from /home/airflow/.local/lib/python3.7/site-packages/airflow/example_dags/example_time_delta_sensor_async.py
[2022-12-03T00:24:07.915+0000] {processor.py:766} INFO - DAG(s) dict_keys(['example_time_delta_sensor_async']) retrieved from /home/airflow/.local/lib/python3.7/site-packages/airflow/example_dags/example_time_delta_sensor_async.py
[2022-12-03T00:24:08.069+0000] {logging_mixin.py:137} INFO - [2022-12-03T00:24:08.069+0000] {dag.py:2585} INFO - Sync 1 DAGs
[2022-12-03T00:24:08.092+0000] {logging_mixin.py:137} INFO - [2022-12-03T00:24:08.092+0000] {dag.py:3340} INFO - Setting next_dagrun for example_time_delta_sensor_async to None, run_after=None
[2022-12-03T00:24:08.109+0000] {processor.py:176} INFO - Processing /home/airflow/.local/lib/python3.7/site-packages/airflow/example_dags/example_time_delta_sensor_async.py took 0.214 seconds
[2022-12-03T01:45:40.840+0000] {processor.py:154} INFO - Started process (PID=13559) to work on /home/airflow/.local/lib/python3.7/site-packages/airflow/example_dags/example_time_delta_sensor_async.py
[2022-12-03T01:45:40.842+0000] {processor.py:756} INFO - Processing file /home/airflow/.local/lib/python3.7/site-packages/airflow/example_dags/example_time_delta_sensor_async.py for tasks to queue
[2022-12-03T01:45:40.843+0000] {logging_mixin.py:137} INFO - [2022-12-03T01:45:40.843+0000] {dagbag.py:537} INFO - Filling up the DagBag from /home/airflow/.local/lib/python3.7/site-packages/airflow/example_dags/example_time_delta_sensor_async.py
[2022-12-03T01:45:40.851+0000] {processor.py:766} INFO - DAG(s) dict_keys(['example_time_delta_sensor_async']) retrieved from /home/airflow/.local/lib/python3.7/site-packages/airflow/example_dags/example_time_delta_sensor_async.py
[2022-12-03T01:45:40.969+0000] {logging_mixin.py:137} INFO - [2022-12-03T01:45:40.969+0000] {dag.py:2585} INFO - Sync 1 DAGs
[2022-12-03T01:45:40.982+0000] {logging_mixin.py:137} INFO - [2022-12-03T01:45:40.982+0000] {dag.py:3340} INFO - Setting next_dagrun for example_time_delta_sensor_async to None, run_after=None
[2022-12-03T01:45:40.995+0000] {processor.py:176} INFO - Processing /home/airflow/.local/lib/python3.7/site-packages/airflow/example_dags/example_time_delta_sensor_async.py took 0.156 seconds
[2022-12-03T03:05:49.524+0000] {processor.py:154} INFO - Started process (PID=13627) to work on /home/airflow/.local/lib/python3.7/site-packages/airflow/example_dags/example_time_delta_sensor_async.py
[2022-12-03T03:05:49.525+0000] {processor.py:756} INFO - Processing file /home/airflow/.local/lib/python3.7/site-packages/airflow/example_dags/example_time_delta_sensor_async.py for tasks to queue
[2022-12-03T03:05:49.526+0000] {logging_mixin.py:137} INFO - [2022-12-03T03:05:49.526+0000] {dagbag.py:537} INFO - Filling up the DagBag from /home/airflow/.local/lib/python3.7/site-packages/airflow/example_dags/example_time_delta_sensor_async.py
[2022-12-03T03:05:49.534+0000] {processor.py:766} INFO - DAG(s) dict_keys(['example_time_delta_sensor_async']) retrieved from /home/airflow/.local/lib/python3.7/site-packages/airflow/example_dags/example_time_delta_sensor_async.py
[2022-12-03T03:05:49.639+0000] {logging_mixin.py:137} INFO - [2022-12-03T03:05:49.639+0000] {dag.py:2585} INFO - Sync 1 DAGs
[2022-12-03T03:05:49.654+0000] {logging_mixin.py:137} INFO - [2022-12-03T03:05:49.654+0000] {dag.py:3340} INFO - Setting next_dagrun for example_time_delta_sensor_async to None, run_after=None
[2022-12-03T03:05:49.666+0000] {processor.py:176} INFO - Processing /home/airflow/.local/lib/python3.7/site-packages/airflow/example_dags/example_time_delta_sensor_async.py took 0.145 seconds
[2022-12-03T04:29:59.843+0000] {processor.py:154} INFO - Started process (PID=13686) to work on /home/airflow/.local/lib/python3.7/site-packages/airflow/example_dags/example_time_delta_sensor_async.py
[2022-12-03T04:29:59.846+0000] {processor.py:756} INFO - Processing file /home/airflow/.local/lib/python3.7/site-packages/airflow/example_dags/example_time_delta_sensor_async.py for tasks to queue
[2022-12-03T04:29:59.849+0000] {logging_mixin.py:137} INFO - [2022-12-03T04:29:59.848+0000] {dagbag.py:537} INFO - Filling up the DagBag from /home/airflow/.local/lib/python3.7/site-packages/airflow/example_dags/example_time_delta_sensor_async.py
[2022-12-03T04:29:59.886+0000] {processor.py:766} INFO - DAG(s) dict_keys(['example_time_delta_sensor_async']) retrieved from /home/airflow/.local/lib/python3.7/site-packages/airflow/example_dags/example_time_delta_sensor_async.py
[2022-12-03T04:30:00.073+0000] {logging_mixin.py:137} INFO - [2022-12-03T04:30:00.072+0000] {dag.py:2585} INFO - Sync 1 DAGs
[2022-12-03T04:30:00.124+0000] {logging_mixin.py:137} INFO - [2022-12-03T04:30:00.124+0000] {dag.py:3340} INFO - Setting next_dagrun for example_time_delta_sensor_async to None, run_after=None
[2022-12-03T04:30:00.160+0000] {processor.py:176} INFO - Processing /home/airflow/.local/lib/python3.7/site-packages/airflow/example_dags/example_time_delta_sensor_async.py took 0.329 seconds
[2022-12-03T05:52:50.532+0000] {processor.py:154} INFO - Started process (PID=13755) to work on /home/airflow/.local/lib/python3.7/site-packages/airflow/example_dags/example_time_delta_sensor_async.py
[2022-12-03T05:52:50.534+0000] {processor.py:756} INFO - Processing file /home/airflow/.local/lib/python3.7/site-packages/airflow/example_dags/example_time_delta_sensor_async.py for tasks to queue
[2022-12-03T05:52:50.536+0000] {logging_mixin.py:137} INFO - [2022-12-03T05:52:50.536+0000] {dagbag.py:537} INFO - Filling up the DagBag from /home/airflow/.local/lib/python3.7/site-packages/airflow/example_dags/example_time_delta_sensor_async.py
[2022-12-03T05:52:50.554+0000] {processor.py:766} INFO - DAG(s) dict_keys(['example_time_delta_sensor_async']) retrieved from /home/airflow/.local/lib/python3.7/site-packages/airflow/example_dags/example_time_delta_sensor_async.py
[2022-12-03T05:52:50.720+0000] {logging_mixin.py:137} INFO - [2022-12-03T05:52:50.719+0000] {dag.py:2585} INFO - Sync 1 DAGs
[2022-12-03T05:52:50.737+0000] {logging_mixin.py:137} INFO - [2022-12-03T05:52:50.737+0000] {dag.py:3340} INFO - Setting next_dagrun for example_time_delta_sensor_async to None, run_after=None
[2022-12-03T05:52:50.759+0000] {processor.py:176} INFO - Processing /home/airflow/.local/lib/python3.7/site-packages/airflow/example_dags/example_time_delta_sensor_async.py took 0.231 seconds
[2022-12-03T07:14:04.103+0000] {processor.py:154} INFO - Started process (PID=13826) to work on /home/airflow/.local/lib/python3.7/site-packages/airflow/example_dags/example_time_delta_sensor_async.py
[2022-12-03T07:14:04.104+0000] {processor.py:756} INFO - Processing file /home/airflow/.local/lib/python3.7/site-packages/airflow/example_dags/example_time_delta_sensor_async.py for tasks to queue
[2022-12-03T07:14:04.106+0000] {logging_mixin.py:137} INFO - [2022-12-03T07:14:04.106+0000] {dagbag.py:537} INFO - Filling up the DagBag from /home/airflow/.local/lib/python3.7/site-packages/airflow/example_dags/example_time_delta_sensor_async.py
[2022-12-03T07:14:04.115+0000] {processor.py:766} INFO - DAG(s) dict_keys(['example_time_delta_sensor_async']) retrieved from /home/airflow/.local/lib/python3.7/site-packages/airflow/example_dags/example_time_delta_sensor_async.py
[2022-12-03T07:14:04.262+0000] {logging_mixin.py:137} INFO - [2022-12-03T07:14:04.262+0000] {dag.py:2585} INFO - Sync 1 DAGs
[2022-12-03T07:14:04.277+0000] {logging_mixin.py:137} INFO - [2022-12-03T07:14:04.277+0000] {dag.py:3340} INFO - Setting next_dagrun for example_time_delta_sensor_async to None, run_after=None
[2022-12-03T07:14:04.291+0000] {processor.py:176} INFO - Processing /home/airflow/.local/lib/python3.7/site-packages/airflow/example_dags/example_time_delta_sensor_async.py took 0.191 seconds
[2022-12-03T08:36:16.125+0000] {processor.py:154} INFO - Started process (PID=13899) to work on /home/airflow/.local/lib/python3.7/site-packages/airflow/example_dags/example_time_delta_sensor_async.py
[2022-12-03T08:36:16.127+0000] {processor.py:756} INFO - Processing file /home/airflow/.local/lib/python3.7/site-packages/airflow/example_dags/example_time_delta_sensor_async.py for tasks to queue
[2022-12-03T08:36:16.128+0000] {logging_mixin.py:137} INFO - [2022-12-03T08:36:16.128+0000] {dagbag.py:537} INFO - Filling up the DagBag from /home/airflow/.local/lib/python3.7/site-packages/airflow/example_dags/example_time_delta_sensor_async.py
[2022-12-03T08:36:16.136+0000] {processor.py:766} INFO - DAG(s) dict_keys(['example_time_delta_sensor_async']) retrieved from /home/airflow/.local/lib/python3.7/site-packages/airflow/example_dags/example_time_delta_sensor_async.py
[2022-12-03T08:36:16.240+0000] {logging_mixin.py:137} INFO - [2022-12-03T08:36:16.240+0000] {dag.py:2585} INFO - Sync 1 DAGs
[2022-12-03T08:36:16.253+0000] {logging_mixin.py:137} INFO - [2022-12-03T08:36:16.253+0000] {dag.py:3340} INFO - Setting next_dagrun for example_time_delta_sensor_async to None, run_after=None
[2022-12-03T08:36:16.264+0000] {processor.py:176} INFO - Processing /home/airflow/.local/lib/python3.7/site-packages/airflow/example_dags/example_time_delta_sensor_async.py took 0.141 seconds
[2022-12-03T09:58:29.093+0000] {processor.py:154} INFO - Started process (PID=13967) to work on /home/airflow/.local/lib/python3.7/site-packages/airflow/example_dags/example_time_delta_sensor_async.py
[2022-12-03T09:58:29.097+0000] {processor.py:756} INFO - Processing file /home/airflow/.local/lib/python3.7/site-packages/airflow/example_dags/example_time_delta_sensor_async.py for tasks to queue
[2022-12-03T09:58:29.100+0000] {logging_mixin.py:137} INFO - [2022-12-03T09:58:29.100+0000] {dagbag.py:537} INFO - Filling up the DagBag from /home/airflow/.local/lib/python3.7/site-packages/airflow/example_dags/example_time_delta_sensor_async.py
[2022-12-03T09:58:29.125+0000] {processor.py:766} INFO - DAG(s) dict_keys(['example_time_delta_sensor_async']) retrieved from /home/airflow/.local/lib/python3.7/site-packages/airflow/example_dags/example_time_delta_sensor_async.py
[2022-12-03T09:58:29.384+0000] {logging_mixin.py:137} INFO - [2022-12-03T09:58:29.384+0000] {dag.py:2585} INFO - Sync 1 DAGs
[2022-12-03T09:58:29.419+0000] {logging_mixin.py:137} INFO - [2022-12-03T09:58:29.419+0000] {dag.py:3340} INFO - Setting next_dagrun for example_time_delta_sensor_async to None, run_after=None
[2022-12-03T09:58:29.437+0000] {processor.py:176} INFO - Processing /home/airflow/.local/lib/python3.7/site-packages/airflow/example_dags/example_time_delta_sensor_async.py took 0.347 seconds
[2022-12-03T11:03:29.596+0000] {processor.py:154} INFO - Started process (PID=14022) to work on /home/airflow/.local/lib/python3.7/site-packages/airflow/example_dags/example_time_delta_sensor_async.py
[2022-12-03T11:03:29.600+0000] {processor.py:756} INFO - Processing file /home/airflow/.local/lib/python3.7/site-packages/airflow/example_dags/example_time_delta_sensor_async.py for tasks to queue
[2022-12-03T11:03:29.603+0000] {logging_mixin.py:137} INFO - [2022-12-03T11:03:29.603+0000] {dagbag.py:537} INFO - Filling up the DagBag from /home/airflow/.local/lib/python3.7/site-packages/airflow/example_dags/example_time_delta_sensor_async.py
[2022-12-03T11:03:29.635+0000] {processor.py:766} INFO - DAG(s) dict_keys(['example_time_delta_sensor_async']) retrieved from /home/airflow/.local/lib/python3.7/site-packages/airflow/example_dags/example_time_delta_sensor_async.py
[2022-12-03T11:03:29.916+0000] {logging_mixin.py:137} INFO - [2022-12-03T11:03:29.916+0000] {dag.py:2585} INFO - Sync 1 DAGs
[2022-12-03T11:03:29.949+0000] {logging_mixin.py:137} INFO - [2022-12-03T11:03:29.949+0000] {dag.py:3340} INFO - Setting next_dagrun for example_time_delta_sensor_async to None, run_after=None
[2022-12-03T11:03:29.979+0000] {processor.py:176} INFO - Processing /home/airflow/.local/lib/python3.7/site-packages/airflow/example_dags/example_time_delta_sensor_async.py took 0.386 seconds
[2022-12-03T11:21:00.375+0000] {processor.py:154} INFO - Started process (PID=14096) to work on /home/airflow/.local/lib/python3.7/site-packages/airflow/example_dags/example_time_delta_sensor_async.py
[2022-12-03T11:21:00.376+0000] {processor.py:756} INFO - Processing file /home/airflow/.local/lib/python3.7/site-packages/airflow/example_dags/example_time_delta_sensor_async.py for tasks to queue
[2022-12-03T11:21:00.377+0000] {logging_mixin.py:137} INFO - [2022-12-03T11:21:00.377+0000] {dagbag.py:537} INFO - Filling up the DagBag from /home/airflow/.local/lib/python3.7/site-packages/airflow/example_dags/example_time_delta_sensor_async.py
[2022-12-03T11:21:00.388+0000] {processor.py:766} INFO - DAG(s) dict_keys(['example_time_delta_sensor_async']) retrieved from /home/airflow/.local/lib/python3.7/site-packages/airflow/example_dags/example_time_delta_sensor_async.py
[2022-12-03T11:21:00.514+0000] {logging_mixin.py:137} INFO - [2022-12-03T11:21:00.513+0000] {dag.py:2585} INFO - Sync 1 DAGs
[2022-12-03T11:21:00.542+0000] {logging_mixin.py:137} INFO - [2022-12-03T11:21:00.542+0000] {dag.py:3340} INFO - Setting next_dagrun for example_time_delta_sensor_async to None, run_after=None
[2022-12-03T11:21:00.563+0000] {processor.py:176} INFO - Processing /home/airflow/.local/lib/python3.7/site-packages/airflow/example_dags/example_time_delta_sensor_async.py took 0.190 seconds
[2022-12-03T12:21:04.209+0000] {processor.py:154} INFO - Started process (PID=14169) to work on /home/airflow/.local/lib/python3.7/site-packages/airflow/example_dags/example_time_delta_sensor_async.py
[2022-12-03T12:21:04.211+0000] {processor.py:756} INFO - Processing file /home/airflow/.local/lib/python3.7/site-packages/airflow/example_dags/example_time_delta_sensor_async.py for tasks to queue
[2022-12-03T12:21:04.211+0000] {logging_mixin.py:137} INFO - [2022-12-03T12:21:04.211+0000] {dagbag.py:537} INFO - Filling up the DagBag from /home/airflow/.local/lib/python3.7/site-packages/airflow/example_dags/example_time_delta_sensor_async.py
[2022-12-03T12:21:04.223+0000] {processor.py:766} INFO - DAG(s) dict_keys(['example_time_delta_sensor_async']) retrieved from /home/airflow/.local/lib/python3.7/site-packages/airflow/example_dags/example_time_delta_sensor_async.py
[2022-12-03T12:21:04.351+0000] {logging_mixin.py:137} INFO - [2022-12-03T12:21:04.351+0000] {dag.py:2585} INFO - Sync 1 DAGs
[2022-12-03T12:21:04.370+0000] {logging_mixin.py:137} INFO - [2022-12-03T12:21:04.370+0000] {dag.py:3340} INFO - Setting next_dagrun for example_time_delta_sensor_async to None, run_after=None
[2022-12-03T12:21:04.384+0000] {processor.py:176} INFO - Processing /home/airflow/.local/lib/python3.7/site-packages/airflow/example_dags/example_time_delta_sensor_async.py took 0.178 seconds
[2022-12-03T13:24:16.964+0000] {processor.py:154} INFO - Started process (PID=14244) to work on /home/airflow/.local/lib/python3.7/site-packages/airflow/example_dags/example_time_delta_sensor_async.py
[2022-12-03T13:24:16.968+0000] {processor.py:756} INFO - Processing file /home/airflow/.local/lib/python3.7/site-packages/airflow/example_dags/example_time_delta_sensor_async.py for tasks to queue
[2022-12-03T13:24:16.970+0000] {logging_mixin.py:137} INFO - [2022-12-03T13:24:16.970+0000] {dagbag.py:537} INFO - Filling up the DagBag from /home/airflow/.local/lib/python3.7/site-packages/airflow/example_dags/example_time_delta_sensor_async.py
[2022-12-03T13:24:16.998+0000] {processor.py:766} INFO - DAG(s) dict_keys(['example_time_delta_sensor_async']) retrieved from /home/airflow/.local/lib/python3.7/site-packages/airflow/example_dags/example_time_delta_sensor_async.py
[2022-12-03T13:24:17.249+0000] {logging_mixin.py:137} INFO - [2022-12-03T13:24:17.248+0000] {dag.py:2585} INFO - Sync 1 DAGs
[2022-12-03T13:24:17.264+0000] {logging_mixin.py:137} INFO - [2022-12-03T13:24:17.264+0000] {dag.py:3340} INFO - Setting next_dagrun for example_time_delta_sensor_async to None, run_after=None
[2022-12-03T13:24:17.277+0000] {processor.py:176} INFO - Processing /home/airflow/.local/lib/python3.7/site-packages/airflow/example_dags/example_time_delta_sensor_async.py took 0.317 seconds
[2022-12-03T14:43:46.999+0000] {processor.py:154} INFO - Started process (PID=14299) to work on /home/airflow/.local/lib/python3.7/site-packages/airflow/example_dags/example_time_delta_sensor_async.py
[2022-12-03T14:43:47.000+0000] {processor.py:756} INFO - Processing file /home/airflow/.local/lib/python3.7/site-packages/airflow/example_dags/example_time_delta_sensor_async.py for tasks to queue
[2022-12-03T14:43:47.001+0000] {logging_mixin.py:137} INFO - [2022-12-03T14:43:47.001+0000] {dagbag.py:537} INFO - Filling up the DagBag from /home/airflow/.local/lib/python3.7/site-packages/airflow/example_dags/example_time_delta_sensor_async.py
[2022-12-03T14:43:47.009+0000] {processor.py:766} INFO - DAG(s) dict_keys(['example_time_delta_sensor_async']) retrieved from /home/airflow/.local/lib/python3.7/site-packages/airflow/example_dags/example_time_delta_sensor_async.py
[2022-12-03T14:43:47.123+0000] {logging_mixin.py:137} INFO - [2022-12-03T14:43:47.123+0000] {dag.py:2585} INFO - Sync 1 DAGs
[2022-12-03T14:43:47.137+0000] {logging_mixin.py:137} INFO - [2022-12-03T14:43:47.137+0000] {dag.py:3340} INFO - Setting next_dagrun for example_time_delta_sensor_async to None, run_after=None
[2022-12-03T14:43:47.149+0000] {processor.py:176} INFO - Processing /home/airflow/.local/lib/python3.7/site-packages/airflow/example_dags/example_time_delta_sensor_async.py took 0.152 seconds
[2022-12-03T16:02:59.042+0000] {processor.py:154} INFO - Started process (PID=14365) to work on /home/airflow/.local/lib/python3.7/site-packages/airflow/example_dags/example_time_delta_sensor_async.py
[2022-12-03T16:02:59.046+0000] {processor.py:756} INFO - Processing file /home/airflow/.local/lib/python3.7/site-packages/airflow/example_dags/example_time_delta_sensor_async.py for tasks to queue
[2022-12-03T16:02:59.047+0000] {logging_mixin.py:137} INFO - [2022-12-03T16:02:59.047+0000] {dagbag.py:537} INFO - Filling up the DagBag from /home/airflow/.local/lib/python3.7/site-packages/airflow/example_dags/example_time_delta_sensor_async.py
[2022-12-03T16:02:59.058+0000] {processor.py:766} INFO - DAG(s) dict_keys(['example_time_delta_sensor_async']) retrieved from /home/airflow/.local/lib/python3.7/site-packages/airflow/example_dags/example_time_delta_sensor_async.py
[2022-12-03T16:02:59.176+0000] {logging_mixin.py:137} INFO - [2022-12-03T16:02:59.176+0000] {dag.py:2585} INFO - Sync 1 DAGs
[2022-12-03T16:02:59.192+0000] {logging_mixin.py:137} INFO - [2022-12-03T16:02:59.192+0000] {dag.py:3340} INFO - Setting next_dagrun for example_time_delta_sensor_async to None, run_after=None
[2022-12-03T16:02:59.205+0000] {processor.py:176} INFO - Processing /home/airflow/.local/lib/python3.7/site-packages/airflow/example_dags/example_time_delta_sensor_async.py took 0.165 seconds
[2022-12-03T17:24:31.377+0000] {processor.py:154} INFO - Started process (PID=14433) to work on /home/airflow/.local/lib/python3.7/site-packages/airflow/example_dags/example_time_delta_sensor_async.py
[2022-12-03T17:24:31.379+0000] {processor.py:756} INFO - Processing file /home/airflow/.local/lib/python3.7/site-packages/airflow/example_dags/example_time_delta_sensor_async.py for tasks to queue
[2022-12-03T17:24:31.382+0000] {logging_mixin.py:137} INFO - [2022-12-03T17:24:31.381+0000] {dagbag.py:537} INFO - Filling up the DagBag from /home/airflow/.local/lib/python3.7/site-packages/airflow/example_dags/example_time_delta_sensor_async.py
[2022-12-03T17:24:31.415+0000] {processor.py:766} INFO - DAG(s) dict_keys(['example_time_delta_sensor_async']) retrieved from /home/airflow/.local/lib/python3.7/site-packages/airflow/example_dags/example_time_delta_sensor_async.py
[2022-12-03T17:24:31.621+0000] {logging_mixin.py:137} INFO - [2022-12-03T17:24:31.621+0000] {dag.py:2585} INFO - Sync 1 DAGs
[2022-12-03T17:24:31.652+0000] {logging_mixin.py:137} INFO - [2022-12-03T17:24:31.652+0000] {dag.py:3340} INFO - Setting next_dagrun for example_time_delta_sensor_async to None, run_after=None
[2022-12-03T17:24:31.691+0000] {processor.py:176} INFO - Processing /home/airflow/.local/lib/python3.7/site-packages/airflow/example_dags/example_time_delta_sensor_async.py took 0.319 seconds
[2022-12-03T18:46:58.168+0000] {processor.py:154} INFO - Started process (PID=14500) to work on /home/airflow/.local/lib/python3.7/site-packages/airflow/example_dags/example_time_delta_sensor_async.py
[2022-12-03T18:46:58.170+0000] {processor.py:756} INFO - Processing file /home/airflow/.local/lib/python3.7/site-packages/airflow/example_dags/example_time_delta_sensor_async.py for tasks to queue
[2022-12-03T18:46:58.171+0000] {logging_mixin.py:137} INFO - [2022-12-03T18:46:58.171+0000] {dagbag.py:537} INFO - Filling up the DagBag from /home/airflow/.local/lib/python3.7/site-packages/airflow/example_dags/example_time_delta_sensor_async.py
[2022-12-03T18:46:58.179+0000] {processor.py:766} INFO - DAG(s) dict_keys(['example_time_delta_sensor_async']) retrieved from /home/airflow/.local/lib/python3.7/site-packages/airflow/example_dags/example_time_delta_sensor_async.py
[2022-12-03T18:46:58.555+0000] {logging_mixin.py:137} INFO - [2022-12-03T18:46:58.555+0000] {dag.py:2585} INFO - Sync 1 DAGs
[2022-12-03T18:46:58.573+0000] {logging_mixin.py:137} INFO - [2022-12-03T18:46:58.573+0000] {dag.py:3340} INFO - Setting next_dagrun for example_time_delta_sensor_async to None, run_after=None
[2022-12-03T18:46:58.593+0000] {processor.py:176} INFO - Processing /home/airflow/.local/lib/python3.7/site-packages/airflow/example_dags/example_time_delta_sensor_async.py took 0.427 seconds
[2022-12-03T19:40:01.524+0000] {processor.py:154} INFO - Started process (PID=14557) to work on /home/airflow/.local/lib/python3.7/site-packages/airflow/example_dags/example_time_delta_sensor_async.py
[2022-12-03T19:40:01.526+0000] {processor.py:756} INFO - Processing file /home/airflow/.local/lib/python3.7/site-packages/airflow/example_dags/example_time_delta_sensor_async.py for tasks to queue
[2022-12-03T19:40:01.527+0000] {logging_mixin.py:137} INFO - [2022-12-03T19:40:01.527+0000] {dagbag.py:537} INFO - Filling up the DagBag from /home/airflow/.local/lib/python3.7/site-packages/airflow/example_dags/example_time_delta_sensor_async.py
[2022-12-03T19:40:01.537+0000] {processor.py:766} INFO - DAG(s) dict_keys(['example_time_delta_sensor_async']) retrieved from /home/airflow/.local/lib/python3.7/site-packages/airflow/example_dags/example_time_delta_sensor_async.py
[2022-12-03T19:40:01.655+0000] {logging_mixin.py:137} INFO - [2022-12-03T19:40:01.655+0000] {dag.py:2585} INFO - Sync 1 DAGs
[2022-12-03T19:40:01.700+0000] {logging_mixin.py:137} INFO - [2022-12-03T19:40:01.700+0000] {dag.py:3340} INFO - Setting next_dagrun for example_time_delta_sensor_async to None, run_after=None
[2022-12-03T19:40:01.732+0000] {processor.py:176} INFO - Processing /home/airflow/.local/lib/python3.7/site-packages/airflow/example_dags/example_time_delta_sensor_async.py took 0.210 seconds
[2022-12-03T20:15:09.302+0000] {processor.py:154} INFO - Started process (PID=14623) to work on /home/airflow/.local/lib/python3.7/site-packages/airflow/example_dags/example_time_delta_sensor_async.py
[2022-12-03T20:15:09.306+0000] {processor.py:756} INFO - Processing file /home/airflow/.local/lib/python3.7/site-packages/airflow/example_dags/example_time_delta_sensor_async.py for tasks to queue
[2022-12-03T20:15:09.308+0000] {logging_mixin.py:137} INFO - [2022-12-03T20:15:09.308+0000] {dagbag.py:537} INFO - Filling up the DagBag from /home/airflow/.local/lib/python3.7/site-packages/airflow/example_dags/example_time_delta_sensor_async.py
[2022-12-03T20:15:09.319+0000] {processor.py:766} INFO - DAG(s) dict_keys(['example_time_delta_sensor_async']) retrieved from /home/airflow/.local/lib/python3.7/site-packages/airflow/example_dags/example_time_delta_sensor_async.py
[2022-12-03T20:15:09.457+0000] {logging_mixin.py:137} INFO - [2022-12-03T20:15:09.456+0000] {dag.py:2585} INFO - Sync 1 DAGs
[2022-12-03T20:15:09.480+0000] {logging_mixin.py:137} INFO - [2022-12-03T20:15:09.480+0000] {dag.py:3340} INFO - Setting next_dagrun for example_time_delta_sensor_async to None, run_after=None
[2022-12-03T20:15:09.507+0000] {processor.py:176} INFO - Processing /home/airflow/.local/lib/python3.7/site-packages/airflow/example_dags/example_time_delta_sensor_async.py took 0.208 seconds
[2022-12-03T20:47:36.138+0000] {processor.py:154} INFO - Started process (PID=14688) to work on /home/airflow/.local/lib/python3.7/site-packages/airflow/example_dags/example_time_delta_sensor_async.py
[2022-12-03T20:47:36.140+0000] {processor.py:756} INFO - Processing file /home/airflow/.local/lib/python3.7/site-packages/airflow/example_dags/example_time_delta_sensor_async.py for tasks to queue
[2022-12-03T20:47:36.142+0000] {logging_mixin.py:137} INFO - [2022-12-03T20:47:36.141+0000] {dagbag.py:537} INFO - Filling up the DagBag from /home/airflow/.local/lib/python3.7/site-packages/airflow/example_dags/example_time_delta_sensor_async.py
[2022-12-03T20:47:36.150+0000] {processor.py:766} INFO - DAG(s) dict_keys(['example_time_delta_sensor_async']) retrieved from /home/airflow/.local/lib/python3.7/site-packages/airflow/example_dags/example_time_delta_sensor_async.py
[2022-12-03T20:47:36.266+0000] {logging_mixin.py:137} INFO - [2022-12-03T20:47:36.266+0000] {dag.py:2585} INFO - Sync 1 DAGs
[2022-12-03T20:47:36.281+0000] {logging_mixin.py:137} INFO - [2022-12-03T20:47:36.281+0000] {dag.py:3340} INFO - Setting next_dagrun for example_time_delta_sensor_async to None, run_after=None
[2022-12-03T20:47:36.293+0000] {processor.py:176} INFO - Processing /home/airflow/.local/lib/python3.7/site-packages/airflow/example_dags/example_time_delta_sensor_async.py took 0.157 seconds
[2022-12-03T22:10:12.741+0000] {processor.py:154} INFO - Started process (PID=14758) to work on /home/airflow/.local/lib/python3.7/site-packages/airflow/example_dags/example_time_delta_sensor_async.py
[2022-12-03T22:10:12.748+0000] {processor.py:756} INFO - Processing file /home/airflow/.local/lib/python3.7/site-packages/airflow/example_dags/example_time_delta_sensor_async.py for tasks to queue
[2022-12-03T22:10:12.750+0000] {logging_mixin.py:137} INFO - [2022-12-03T22:10:12.750+0000] {dagbag.py:537} INFO - Filling up the DagBag from /home/airflow/.local/lib/python3.7/site-packages/airflow/example_dags/example_time_delta_sensor_async.py
[2022-12-03T22:10:12.773+0000] {processor.py:766} INFO - DAG(s) dict_keys(['example_time_delta_sensor_async']) retrieved from /home/airflow/.local/lib/python3.7/site-packages/airflow/example_dags/example_time_delta_sensor_async.py
[2022-12-03T22:10:12.975+0000] {logging_mixin.py:137} INFO - [2022-12-03T22:10:12.975+0000] {dag.py:2585} INFO - Sync 1 DAGs
[2022-12-03T22:10:12.990+0000] {logging_mixin.py:137} INFO - [2022-12-03T22:10:12.990+0000] {dag.py:3340} INFO - Setting next_dagrun for example_time_delta_sensor_async to None, run_after=None
[2022-12-03T22:10:13.003+0000] {processor.py:176} INFO - Processing /home/airflow/.local/lib/python3.7/site-packages/airflow/example_dags/example_time_delta_sensor_async.py took 0.267 seconds
[2022-12-03T23:31:52.146+0000] {processor.py:154} INFO - Started process (PID=14817) to work on /home/airflow/.local/lib/python3.7/site-packages/airflow/example_dags/example_time_delta_sensor_async.py
[2022-12-03T23:31:52.148+0000] {processor.py:756} INFO - Processing file /home/airflow/.local/lib/python3.7/site-packages/airflow/example_dags/example_time_delta_sensor_async.py for tasks to queue
[2022-12-03T23:31:52.149+0000] {logging_mixin.py:137} INFO - [2022-12-03T23:31:52.149+0000] {dagbag.py:537} INFO - Filling up the DagBag from /home/airflow/.local/lib/python3.7/site-packages/airflow/example_dags/example_time_delta_sensor_async.py
[2022-12-03T23:31:52.159+0000] {processor.py:766} INFO - DAG(s) dict_keys(['example_time_delta_sensor_async']) retrieved from /home/airflow/.local/lib/python3.7/site-packages/airflow/example_dags/example_time_delta_sensor_async.py
[2022-12-03T23:31:52.263+0000] {logging_mixin.py:137} INFO - [2022-12-03T23:31:52.263+0000] {dag.py:2585} INFO - Sync 1 DAGs
[2022-12-03T23:31:52.278+0000] {logging_mixin.py:137} INFO - [2022-12-03T23:31:52.278+0000] {dag.py:3340} INFO - Setting next_dagrun for example_time_delta_sensor_async to None, run_after=None
[2022-12-03T23:31:52.291+0000] {processor.py:176} INFO - Processing /home/airflow/.local/lib/python3.7/site-packages/airflow/example_dags/example_time_delta_sensor_async.py took 0.147 seconds
