[2022-12-03T00:24:10.367+0000] {processor.py:154} INFO - Started process (PID=13512) to work on /home/airflow/.local/lib/python3.7/site-packages/airflow/example_dags/example_python_operator.py
[2022-12-03T00:24:10.371+0000] {processor.py:756} INFO - Processing file /home/airflow/.local/lib/python3.7/site-packages/airflow/example_dags/example_python_operator.py for tasks to queue
[2022-12-03T00:24:10.373+0000] {logging_mixin.py:137} INFO - [2022-12-03T00:24:10.372+0000] {dagbag.py:537} INFO - Filling up the DagBag from /home/airflow/.local/lib/python3.7/site-packages/airflow/example_dags/example_python_operator.py
[2022-12-03T00:24:10.385+0000] {logging_mixin.py:137} INFO - [2022-12-03T00:24:10.385+0000] {taskmixin.py:205} WARNING - Dependency <Task(_PythonDecoratedOperator): print_the_context>, log_sql_query already registered for DAG: example_python_operator
[2022-12-03T00:24:10.386+0000] {logging_mixin.py:137} INFO - [2022-12-03T00:24:10.386+0000] {taskmixin.py:205} WARNING - Dependency <Task(_PythonDecoratedOperator): log_sql_query>, print_the_context already registered for DAG: example_python_operator
[2022-12-03T00:24:10.388+0000] {logging_mixin.py:137} INFO - [2022-12-03T00:24:10.388+0000] {taskmixin.py:205} WARNING - Dependency <Task(_PythonDecoratedOperator): print_the_context>, log_sql_query already registered for DAG: example_python_operator
[2022-12-03T00:24:10.389+0000] {logging_mixin.py:137} INFO - [2022-12-03T00:24:10.389+0000] {taskmixin.py:205} WARNING - Dependency <Task(_PythonDecoratedOperator): log_sql_query>, print_the_context already registered for DAG: example_python_operator
[2022-12-03T00:24:10.391+0000] {logging_mixin.py:137} INFO - [2022-12-03T00:24:10.391+0000] {taskmixin.py:205} WARNING - Dependency <Task(_PythonDecoratedOperator): print_the_context>, log_sql_query already registered for DAG: example_python_operator
[2022-12-03T00:24:10.392+0000] {logging_mixin.py:137} INFO - [2022-12-03T00:24:10.391+0000] {taskmixin.py:205} WARNING - Dependency <Task(_PythonDecoratedOperator): log_sql_query>, print_the_context already registered for DAG: example_python_operator
[2022-12-03T00:24:10.394+0000] {logging_mixin.py:137} INFO - [2022-12-03T00:24:10.394+0000] {taskmixin.py:205} WARNING - Dependency <Task(_PythonDecoratedOperator): print_the_context>, log_sql_query already registered for DAG: example_python_operator
[2022-12-03T00:24:10.395+0000] {logging_mixin.py:137} INFO - [2022-12-03T00:24:10.395+0000] {taskmixin.py:205} WARNING - Dependency <Task(_PythonDecoratedOperator): log_sql_query>, print_the_context already registered for DAG: example_python_operator
[2022-12-03T00:24:10.401+0000] {processor.py:766} INFO - DAG(s) dict_keys(['example_python_operator']) retrieved from /home/airflow/.local/lib/python3.7/site-packages/airflow/example_dags/example_python_operator.py
[2022-12-03T00:24:10.436+0000] {logging_mixin.py:137} INFO - [2022-12-03T00:24:10.436+0000] {dag.py:2585} INFO - Sync 1 DAGs
[2022-12-03T00:24:10.459+0000] {logging_mixin.py:137} INFO - [2022-12-03T00:24:10.459+0000] {dag.py:3340} INFO - Setting next_dagrun for example_python_operator to None, run_after=None
[2022-12-03T00:24:10.480+0000] {processor.py:176} INFO - Processing /home/airflow/.local/lib/python3.7/site-packages/airflow/example_dags/example_python_operator.py took 0.116 seconds
[2022-12-03T01:45:42.496+0000] {processor.py:154} INFO - Started process (PID=13581) to work on /home/airflow/.local/lib/python3.7/site-packages/airflow/example_dags/example_python_operator.py
[2022-12-03T01:45:42.498+0000] {processor.py:756} INFO - Processing file /home/airflow/.local/lib/python3.7/site-packages/airflow/example_dags/example_python_operator.py for tasks to queue
[2022-12-03T01:45:42.499+0000] {logging_mixin.py:137} INFO - [2022-12-03T01:45:42.499+0000] {dagbag.py:537} INFO - Filling up the DagBag from /home/airflow/.local/lib/python3.7/site-packages/airflow/example_dags/example_python_operator.py
[2022-12-03T01:45:42.511+0000] {logging_mixin.py:137} INFO - [2022-12-03T01:45:42.511+0000] {taskmixin.py:205} WARNING - Dependency <Task(_PythonDecoratedOperator): print_the_context>, log_sql_query already registered for DAG: example_python_operator
[2022-12-03T01:45:42.514+0000] {logging_mixin.py:137} INFO - [2022-12-03T01:45:42.514+0000] {taskmixin.py:205} WARNING - Dependency <Task(_PythonDecoratedOperator): log_sql_query>, print_the_context already registered for DAG: example_python_operator
[2022-12-03T01:45:42.515+0000] {logging_mixin.py:137} INFO - [2022-12-03T01:45:42.515+0000] {taskmixin.py:205} WARNING - Dependency <Task(_PythonDecoratedOperator): print_the_context>, log_sql_query already registered for DAG: example_python_operator
[2022-12-03T01:45:42.518+0000] {logging_mixin.py:137} INFO - [2022-12-03T01:45:42.517+0000] {taskmixin.py:205} WARNING - Dependency <Task(_PythonDecoratedOperator): log_sql_query>, print_the_context already registered for DAG: example_python_operator
[2022-12-03T01:45:42.520+0000] {logging_mixin.py:137} INFO - [2022-12-03T01:45:42.520+0000] {taskmixin.py:205} WARNING - Dependency <Task(_PythonDecoratedOperator): print_the_context>, log_sql_query already registered for DAG: example_python_operator
[2022-12-03T01:45:42.522+0000] {logging_mixin.py:137} INFO - [2022-12-03T01:45:42.522+0000] {taskmixin.py:205} WARNING - Dependency <Task(_PythonDecoratedOperator): log_sql_query>, print_the_context already registered for DAG: example_python_operator
[2022-12-03T01:45:42.525+0000] {logging_mixin.py:137} INFO - [2022-12-03T01:45:42.525+0000] {taskmixin.py:205} WARNING - Dependency <Task(_PythonDecoratedOperator): print_the_context>, log_sql_query already registered for DAG: example_python_operator
[2022-12-03T01:45:42.528+0000] {logging_mixin.py:137} INFO - [2022-12-03T01:45:42.528+0000] {taskmixin.py:205} WARNING - Dependency <Task(_PythonDecoratedOperator): log_sql_query>, print_the_context already registered for DAG: example_python_operator
[2022-12-03T01:45:42.536+0000] {processor.py:766} INFO - DAG(s) dict_keys(['example_python_operator']) retrieved from /home/airflow/.local/lib/python3.7/site-packages/airflow/example_dags/example_python_operator.py
[2022-12-03T01:45:42.569+0000] {logging_mixin.py:137} INFO - [2022-12-03T01:45:42.569+0000] {dag.py:2585} INFO - Sync 1 DAGs
[2022-12-03T01:45:42.586+0000] {logging_mixin.py:137} INFO - [2022-12-03T01:45:42.586+0000] {dag.py:3340} INFO - Setting next_dagrun for example_python_operator to None, run_after=None
[2022-12-03T01:45:42.601+0000] {processor.py:176} INFO - Processing /home/airflow/.local/lib/python3.7/site-packages/airflow/example_dags/example_python_operator.py took 0.108 seconds
[2022-12-03T03:05:51.384+0000] {processor.py:154} INFO - Started process (PID=13649) to work on /home/airflow/.local/lib/python3.7/site-packages/airflow/example_dags/example_python_operator.py
[2022-12-03T03:05:51.386+0000] {processor.py:756} INFO - Processing file /home/airflow/.local/lib/python3.7/site-packages/airflow/example_dags/example_python_operator.py for tasks to queue
[2022-12-03T03:05:51.387+0000] {logging_mixin.py:137} INFO - [2022-12-03T03:05:51.387+0000] {dagbag.py:537} INFO - Filling up the DagBag from /home/airflow/.local/lib/python3.7/site-packages/airflow/example_dags/example_python_operator.py
[2022-12-03T03:05:51.397+0000] {logging_mixin.py:137} INFO - [2022-12-03T03:05:51.397+0000] {taskmixin.py:205} WARNING - Dependency <Task(_PythonDecoratedOperator): print_the_context>, log_sql_query already registered for DAG: example_python_operator
[2022-12-03T03:05:51.400+0000] {logging_mixin.py:137} INFO - [2022-12-03T03:05:51.399+0000] {taskmixin.py:205} WARNING - Dependency <Task(_PythonDecoratedOperator): log_sql_query>, print_the_context already registered for DAG: example_python_operator
[2022-12-03T03:05:51.401+0000] {logging_mixin.py:137} INFO - [2022-12-03T03:05:51.401+0000] {taskmixin.py:205} WARNING - Dependency <Task(_PythonDecoratedOperator): print_the_context>, log_sql_query already registered for DAG: example_python_operator
[2022-12-03T03:05:51.402+0000] {logging_mixin.py:137} INFO - [2022-12-03T03:05:51.402+0000] {taskmixin.py:205} WARNING - Dependency <Task(_PythonDecoratedOperator): log_sql_query>, print_the_context already registered for DAG: example_python_operator
[2022-12-03T03:05:51.404+0000] {logging_mixin.py:137} INFO - [2022-12-03T03:05:51.404+0000] {taskmixin.py:205} WARNING - Dependency <Task(_PythonDecoratedOperator): print_the_context>, log_sql_query already registered for DAG: example_python_operator
[2022-12-03T03:05:51.405+0000] {logging_mixin.py:137} INFO - [2022-12-03T03:05:51.405+0000] {taskmixin.py:205} WARNING - Dependency <Task(_PythonDecoratedOperator): log_sql_query>, print_the_context already registered for DAG: example_python_operator
[2022-12-03T03:05:51.406+0000] {logging_mixin.py:137} INFO - [2022-12-03T03:05:51.406+0000] {taskmixin.py:205} WARNING - Dependency <Task(_PythonDecoratedOperator): print_the_context>, log_sql_query already registered for DAG: example_python_operator
[2022-12-03T03:05:51.407+0000] {logging_mixin.py:137} INFO - [2022-12-03T03:05:51.407+0000] {taskmixin.py:205} WARNING - Dependency <Task(_PythonDecoratedOperator): log_sql_query>, print_the_context already registered for DAG: example_python_operator
[2022-12-03T03:05:51.413+0000] {processor.py:766} INFO - DAG(s) dict_keys(['example_python_operator']) retrieved from /home/airflow/.local/lib/python3.7/site-packages/airflow/example_dags/example_python_operator.py
[2022-12-03T03:05:51.441+0000] {logging_mixin.py:137} INFO - [2022-12-03T03:05:51.441+0000] {dag.py:2585} INFO - Sync 1 DAGs
[2022-12-03T03:05:51.457+0000] {logging_mixin.py:137} INFO - [2022-12-03T03:05:51.457+0000] {dag.py:3340} INFO - Setting next_dagrun for example_python_operator to None, run_after=None
[2022-12-03T03:05:51.469+0000] {processor.py:176} INFO - Processing /home/airflow/.local/lib/python3.7/site-packages/airflow/example_dags/example_python_operator.py took 0.087 seconds
[2022-12-03T04:30:01.454+0000] {processor.py:154} INFO - Started process (PID=13716) to work on /home/airflow/.local/lib/python3.7/site-packages/airflow/example_dags/example_python_operator.py
[2022-12-03T04:30:01.456+0000] {processor.py:756} INFO - Processing file /home/airflow/.local/lib/python3.7/site-packages/airflow/example_dags/example_python_operator.py for tasks to queue
[2022-12-03T04:30:01.457+0000] {logging_mixin.py:137} INFO - [2022-12-03T04:30:01.457+0000] {dagbag.py:537} INFO - Filling up the DagBag from /home/airflow/.local/lib/python3.7/site-packages/airflow/example_dags/example_python_operator.py
[2022-12-03T04:30:01.466+0000] {logging_mixin.py:137} INFO - [2022-12-03T04:30:01.466+0000] {taskmixin.py:205} WARNING - Dependency <Task(_PythonDecoratedOperator): print_the_context>, log_sql_query already registered for DAG: example_python_operator
[2022-12-03T04:30:01.467+0000] {logging_mixin.py:137} INFO - [2022-12-03T04:30:01.467+0000] {taskmixin.py:205} WARNING - Dependency <Task(_PythonDecoratedOperator): log_sql_query>, print_the_context already registered for DAG: example_python_operator
[2022-12-03T04:30:01.469+0000] {logging_mixin.py:137} INFO - [2022-12-03T04:30:01.469+0000] {taskmixin.py:205} WARNING - Dependency <Task(_PythonDecoratedOperator): print_the_context>, log_sql_query already registered for DAG: example_python_operator
[2022-12-03T04:30:01.469+0000] {logging_mixin.py:137} INFO - [2022-12-03T04:30:01.469+0000] {taskmixin.py:205} WARNING - Dependency <Task(_PythonDecoratedOperator): log_sql_query>, print_the_context already registered for DAG: example_python_operator
[2022-12-03T04:30:01.471+0000] {logging_mixin.py:137} INFO - [2022-12-03T04:30:01.471+0000] {taskmixin.py:205} WARNING - Dependency <Task(_PythonDecoratedOperator): print_the_context>, log_sql_query already registered for DAG: example_python_operator
[2022-12-03T04:30:01.471+0000] {logging_mixin.py:137} INFO - [2022-12-03T04:30:01.471+0000] {taskmixin.py:205} WARNING - Dependency <Task(_PythonDecoratedOperator): log_sql_query>, print_the_context already registered for DAG: example_python_operator
[2022-12-03T04:30:01.473+0000] {logging_mixin.py:137} INFO - [2022-12-03T04:30:01.473+0000] {taskmixin.py:205} WARNING - Dependency <Task(_PythonDecoratedOperator): print_the_context>, log_sql_query already registered for DAG: example_python_operator
[2022-12-03T04:30:01.474+0000] {logging_mixin.py:137} INFO - [2022-12-03T04:30:01.474+0000] {taskmixin.py:205} WARNING - Dependency <Task(_PythonDecoratedOperator): log_sql_query>, print_the_context already registered for DAG: example_python_operator
[2022-12-03T04:30:01.479+0000] {processor.py:766} INFO - DAG(s) dict_keys(['example_python_operator']) retrieved from /home/airflow/.local/lib/python3.7/site-packages/airflow/example_dags/example_python_operator.py
[2022-12-03T04:30:01.510+0000] {logging_mixin.py:137} INFO - [2022-12-03T04:30:01.509+0000] {dag.py:2585} INFO - Sync 1 DAGs
[2022-12-03T04:30:01.523+0000] {logging_mixin.py:137} INFO - [2022-12-03T04:30:01.523+0000] {dag.py:3340} INFO - Setting next_dagrun for example_python_operator to None, run_after=None
[2022-12-03T04:30:01.535+0000] {processor.py:176} INFO - Processing /home/airflow/.local/lib/python3.7/site-packages/airflow/example_dags/example_python_operator.py took 0.083 seconds
[2022-12-03T05:52:52.259+0000] {processor.py:154} INFO - Started process (PID=13777) to work on /home/airflow/.local/lib/python3.7/site-packages/airflow/example_dags/example_python_operator.py
[2022-12-03T05:52:52.265+0000] {processor.py:756} INFO - Processing file /home/airflow/.local/lib/python3.7/site-packages/airflow/example_dags/example_python_operator.py for tasks to queue
[2022-12-03T05:52:52.266+0000] {logging_mixin.py:137} INFO - [2022-12-03T05:52:52.266+0000] {dagbag.py:537} INFO - Filling up the DagBag from /home/airflow/.local/lib/python3.7/site-packages/airflow/example_dags/example_python_operator.py
[2022-12-03T05:52:52.277+0000] {logging_mixin.py:137} INFO - [2022-12-03T05:52:52.277+0000] {taskmixin.py:205} WARNING - Dependency <Task(_PythonDecoratedOperator): print_the_context>, log_sql_query already registered for DAG: example_python_operator
[2022-12-03T05:52:52.280+0000] {logging_mixin.py:137} INFO - [2022-12-03T05:52:52.279+0000] {taskmixin.py:205} WARNING - Dependency <Task(_PythonDecoratedOperator): log_sql_query>, print_the_context already registered for DAG: example_python_operator
[2022-12-03T05:52:52.281+0000] {logging_mixin.py:137} INFO - [2022-12-03T05:52:52.281+0000] {taskmixin.py:205} WARNING - Dependency <Task(_PythonDecoratedOperator): print_the_context>, log_sql_query already registered for DAG: example_python_operator
[2022-12-03T05:52:52.284+0000] {logging_mixin.py:137} INFO - [2022-12-03T05:52:52.283+0000] {taskmixin.py:205} WARNING - Dependency <Task(_PythonDecoratedOperator): log_sql_query>, print_the_context already registered for DAG: example_python_operator
[2022-12-03T05:52:52.286+0000] {logging_mixin.py:137} INFO - [2022-12-03T05:52:52.286+0000] {taskmixin.py:205} WARNING - Dependency <Task(_PythonDecoratedOperator): print_the_context>, log_sql_query already registered for DAG: example_python_operator
[2022-12-03T05:52:52.288+0000] {logging_mixin.py:137} INFO - [2022-12-03T05:52:52.288+0000] {taskmixin.py:205} WARNING - Dependency <Task(_PythonDecoratedOperator): log_sql_query>, print_the_context already registered for DAG: example_python_operator
[2022-12-03T05:52:52.291+0000] {logging_mixin.py:137} INFO - [2022-12-03T05:52:52.291+0000] {taskmixin.py:205} WARNING - Dependency <Task(_PythonDecoratedOperator): print_the_context>, log_sql_query already registered for DAG: example_python_operator
[2022-12-03T05:52:52.292+0000] {logging_mixin.py:137} INFO - [2022-12-03T05:52:52.292+0000] {taskmixin.py:205} WARNING - Dependency <Task(_PythonDecoratedOperator): log_sql_query>, print_the_context already registered for DAG: example_python_operator
[2022-12-03T05:52:52.299+0000] {processor.py:766} INFO - DAG(s) dict_keys(['example_python_operator']) retrieved from /home/airflow/.local/lib/python3.7/site-packages/airflow/example_dags/example_python_operator.py
[2022-12-03T05:52:52.329+0000] {logging_mixin.py:137} INFO - [2022-12-03T05:52:52.329+0000] {dag.py:2585} INFO - Sync 1 DAGs
[2022-12-03T05:52:52.346+0000] {logging_mixin.py:137} INFO - [2022-12-03T05:52:52.346+0000] {dag.py:3340} INFO - Setting next_dagrun for example_python_operator to None, run_after=None
[2022-12-03T05:52:52.364+0000] {processor.py:176} INFO - Processing /home/airflow/.local/lib/python3.7/site-packages/airflow/example_dags/example_python_operator.py took 0.107 seconds
[2022-12-03T07:14:05.434+0000] {processor.py:154} INFO - Started process (PID=13848) to work on /home/airflow/.local/lib/python3.7/site-packages/airflow/example_dags/example_python_operator.py
[2022-12-03T07:14:05.435+0000] {processor.py:756} INFO - Processing file /home/airflow/.local/lib/python3.7/site-packages/airflow/example_dags/example_python_operator.py for tasks to queue
[2022-12-03T07:14:05.437+0000] {logging_mixin.py:137} INFO - [2022-12-03T07:14:05.437+0000] {dagbag.py:537} INFO - Filling up the DagBag from /home/airflow/.local/lib/python3.7/site-packages/airflow/example_dags/example_python_operator.py
[2022-12-03T07:14:05.448+0000] {logging_mixin.py:137} INFO - [2022-12-03T07:14:05.448+0000] {taskmixin.py:205} WARNING - Dependency <Task(_PythonDecoratedOperator): print_the_context>, log_sql_query already registered for DAG: example_python_operator
[2022-12-03T07:14:05.449+0000] {logging_mixin.py:137} INFO - [2022-12-03T07:14:05.449+0000] {taskmixin.py:205} WARNING - Dependency <Task(_PythonDecoratedOperator): log_sql_query>, print_the_context already registered for DAG: example_python_operator
[2022-12-03T07:14:05.451+0000] {logging_mixin.py:137} INFO - [2022-12-03T07:14:05.450+0000] {taskmixin.py:205} WARNING - Dependency <Task(_PythonDecoratedOperator): print_the_context>, log_sql_query already registered for DAG: example_python_operator
[2022-12-03T07:14:05.451+0000] {logging_mixin.py:137} INFO - [2022-12-03T07:14:05.451+0000] {taskmixin.py:205} WARNING - Dependency <Task(_PythonDecoratedOperator): log_sql_query>, print_the_context already registered for DAG: example_python_operator
[2022-12-03T07:14:05.452+0000] {logging_mixin.py:137} INFO - [2022-12-03T07:14:05.452+0000] {taskmixin.py:205} WARNING - Dependency <Task(_PythonDecoratedOperator): print_the_context>, log_sql_query already registered for DAG: example_python_operator
[2022-12-03T07:14:05.453+0000] {logging_mixin.py:137} INFO - [2022-12-03T07:14:05.453+0000] {taskmixin.py:205} WARNING - Dependency <Task(_PythonDecoratedOperator): log_sql_query>, print_the_context already registered for DAG: example_python_operator
[2022-12-03T07:14:05.455+0000] {logging_mixin.py:137} INFO - [2022-12-03T07:14:05.455+0000] {taskmixin.py:205} WARNING - Dependency <Task(_PythonDecoratedOperator): print_the_context>, log_sql_query already registered for DAG: example_python_operator
[2022-12-03T07:14:05.456+0000] {logging_mixin.py:137} INFO - [2022-12-03T07:14:05.456+0000] {taskmixin.py:205} WARNING - Dependency <Task(_PythonDecoratedOperator): log_sql_query>, print_the_context already registered for DAG: example_python_operator
[2022-12-03T07:14:05.463+0000] {processor.py:766} INFO - DAG(s) dict_keys(['example_python_operator']) retrieved from /home/airflow/.local/lib/python3.7/site-packages/airflow/example_dags/example_python_operator.py
[2022-12-03T07:14:05.498+0000] {logging_mixin.py:137} INFO - [2022-12-03T07:14:05.498+0000] {dag.py:2585} INFO - Sync 1 DAGs
[2022-12-03T07:14:05.515+0000] {logging_mixin.py:137} INFO - [2022-12-03T07:14:05.514+0000] {dag.py:3340} INFO - Setting next_dagrun for example_python_operator to None, run_after=None
[2022-12-03T07:14:05.528+0000] {processor.py:176} INFO - Processing /home/airflow/.local/lib/python3.7/site-packages/airflow/example_dags/example_python_operator.py took 0.097 seconds
[2022-12-03T08:36:17.403+0000] {processor.py:154} INFO - Started process (PID=13921) to work on /home/airflow/.local/lib/python3.7/site-packages/airflow/example_dags/example_python_operator.py
[2022-12-03T08:36:17.405+0000] {processor.py:756} INFO - Processing file /home/airflow/.local/lib/python3.7/site-packages/airflow/example_dags/example_python_operator.py for tasks to queue
[2022-12-03T08:36:17.406+0000] {logging_mixin.py:137} INFO - [2022-12-03T08:36:17.406+0000] {dagbag.py:537} INFO - Filling up the DagBag from /home/airflow/.local/lib/python3.7/site-packages/airflow/example_dags/example_python_operator.py
[2022-12-03T08:36:17.417+0000] {logging_mixin.py:137} INFO - [2022-12-03T08:36:17.417+0000] {taskmixin.py:205} WARNING - Dependency <Task(_PythonDecoratedOperator): print_the_context>, log_sql_query already registered for DAG: example_python_operator
[2022-12-03T08:36:17.418+0000] {logging_mixin.py:137} INFO - [2022-12-03T08:36:17.418+0000] {taskmixin.py:205} WARNING - Dependency <Task(_PythonDecoratedOperator): log_sql_query>, print_the_context already registered for DAG: example_python_operator
[2022-12-03T08:36:17.419+0000] {logging_mixin.py:137} INFO - [2022-12-03T08:36:17.419+0000] {taskmixin.py:205} WARNING - Dependency <Task(_PythonDecoratedOperator): print_the_context>, log_sql_query already registered for DAG: example_python_operator
[2022-12-03T08:36:17.420+0000] {logging_mixin.py:137} INFO - [2022-12-03T08:36:17.420+0000] {taskmixin.py:205} WARNING - Dependency <Task(_PythonDecoratedOperator): log_sql_query>, print_the_context already registered for DAG: example_python_operator
[2022-12-03T08:36:17.421+0000] {logging_mixin.py:137} INFO - [2022-12-03T08:36:17.421+0000] {taskmixin.py:205} WARNING - Dependency <Task(_PythonDecoratedOperator): print_the_context>, log_sql_query already registered for DAG: example_python_operator
[2022-12-03T08:36:17.422+0000] {logging_mixin.py:137} INFO - [2022-12-03T08:36:17.422+0000] {taskmixin.py:205} WARNING - Dependency <Task(_PythonDecoratedOperator): log_sql_query>, print_the_context already registered for DAG: example_python_operator
[2022-12-03T08:36:17.423+0000] {logging_mixin.py:137} INFO - [2022-12-03T08:36:17.423+0000] {taskmixin.py:205} WARNING - Dependency <Task(_PythonDecoratedOperator): print_the_context>, log_sql_query already registered for DAG: example_python_operator
[2022-12-03T08:36:17.424+0000] {logging_mixin.py:137} INFO - [2022-12-03T08:36:17.423+0000] {taskmixin.py:205} WARNING - Dependency <Task(_PythonDecoratedOperator): log_sql_query>, print_the_context already registered for DAG: example_python_operator
[2022-12-03T08:36:17.429+0000] {processor.py:766} INFO - DAG(s) dict_keys(['example_python_operator']) retrieved from /home/airflow/.local/lib/python3.7/site-packages/airflow/example_dags/example_python_operator.py
[2022-12-03T08:36:17.457+0000] {logging_mixin.py:137} INFO - [2022-12-03T08:36:17.457+0000] {dag.py:2585} INFO - Sync 1 DAGs
[2022-12-03T08:36:17.473+0000] {logging_mixin.py:137} INFO - [2022-12-03T08:36:17.473+0000] {dag.py:3340} INFO - Setting next_dagrun for example_python_operator to None, run_after=None
[2022-12-03T08:36:17.485+0000] {processor.py:176} INFO - Processing /home/airflow/.local/lib/python3.7/site-packages/airflow/example_dags/example_python_operator.py took 0.084 seconds
[2022-12-03T09:58:30.780+0000] {processor.py:154} INFO - Started process (PID=13989) to work on /home/airflow/.local/lib/python3.7/site-packages/airflow/example_dags/example_python_operator.py
[2022-12-03T09:58:30.879+0000] {processor.py:756} INFO - Processing file /home/airflow/.local/lib/python3.7/site-packages/airflow/example_dags/example_python_operator.py for tasks to queue
[2022-12-03T09:58:30.880+0000] {logging_mixin.py:137} INFO - [2022-12-03T09:58:30.880+0000] {dagbag.py:537} INFO - Filling up the DagBag from /home/airflow/.local/lib/python3.7/site-packages/airflow/example_dags/example_python_operator.py
[2022-12-03T09:58:30.894+0000] {logging_mixin.py:137} INFO - [2022-12-03T09:58:30.893+0000] {taskmixin.py:205} WARNING - Dependency <Task(_PythonDecoratedOperator): print_the_context>, log_sql_query already registered for DAG: example_python_operator
[2022-12-03T09:58:30.895+0000] {logging_mixin.py:137} INFO - [2022-12-03T09:58:30.895+0000] {taskmixin.py:205} WARNING - Dependency <Task(_PythonDecoratedOperator): log_sql_query>, print_the_context already registered for DAG: example_python_operator
[2022-12-03T09:58:30.897+0000] {logging_mixin.py:137} INFO - [2022-12-03T09:58:30.897+0000] {taskmixin.py:205} WARNING - Dependency <Task(_PythonDecoratedOperator): print_the_context>, log_sql_query already registered for DAG: example_python_operator
[2022-12-03T09:58:30.899+0000] {logging_mixin.py:137} INFO - [2022-12-03T09:58:30.899+0000] {taskmixin.py:205} WARNING - Dependency <Task(_PythonDecoratedOperator): log_sql_query>, print_the_context already registered for DAG: example_python_operator
[2022-12-03T09:58:30.901+0000] {logging_mixin.py:137} INFO - [2022-12-03T09:58:30.901+0000] {taskmixin.py:205} WARNING - Dependency <Task(_PythonDecoratedOperator): print_the_context>, log_sql_query already registered for DAG: example_python_operator
[2022-12-03T09:58:30.902+0000] {logging_mixin.py:137} INFO - [2022-12-03T09:58:30.901+0000] {taskmixin.py:205} WARNING - Dependency <Task(_PythonDecoratedOperator): log_sql_query>, print_the_context already registered for DAG: example_python_operator
[2022-12-03T09:58:30.903+0000] {logging_mixin.py:137} INFO - [2022-12-03T09:58:30.903+0000] {taskmixin.py:205} WARNING - Dependency <Task(_PythonDecoratedOperator): print_the_context>, log_sql_query already registered for DAG: example_python_operator
[2022-12-03T09:58:30.905+0000] {logging_mixin.py:137} INFO - [2022-12-03T09:58:30.905+0000] {taskmixin.py:205} WARNING - Dependency <Task(_PythonDecoratedOperator): log_sql_query>, print_the_context already registered for DAG: example_python_operator
[2022-12-03T09:58:30.911+0000] {processor.py:766} INFO - DAG(s) dict_keys(['example_python_operator']) retrieved from /home/airflow/.local/lib/python3.7/site-packages/airflow/example_dags/example_python_operator.py
[2022-12-03T09:58:30.952+0000] {logging_mixin.py:137} INFO - [2022-12-03T09:58:30.952+0000] {dag.py:2585} INFO - Sync 1 DAGs
[2022-12-03T09:58:30.971+0000] {logging_mixin.py:137} INFO - [2022-12-03T09:58:30.971+0000] {dag.py:3340} INFO - Setting next_dagrun for example_python_operator to None, run_after=None
[2022-12-03T09:58:30.986+0000] {processor.py:176} INFO - Processing /home/airflow/.local/lib/python3.7/site-packages/airflow/example_dags/example_python_operator.py took 0.210 seconds
[2022-12-03T11:03:31.575+0000] {processor.py:154} INFO - Started process (PID=14044) to work on /home/airflow/.local/lib/python3.7/site-packages/airflow/example_dags/example_python_operator.py
[2022-12-03T11:03:31.577+0000] {processor.py:756} INFO - Processing file /home/airflow/.local/lib/python3.7/site-packages/airflow/example_dags/example_python_operator.py for tasks to queue
[2022-12-03T11:03:31.578+0000] {logging_mixin.py:137} INFO - [2022-12-03T11:03:31.578+0000] {dagbag.py:537} INFO - Filling up the DagBag from /home/airflow/.local/lib/python3.7/site-packages/airflow/example_dags/example_python_operator.py
[2022-12-03T11:03:31.589+0000] {logging_mixin.py:137} INFO - [2022-12-03T11:03:31.589+0000] {taskmixin.py:205} WARNING - Dependency <Task(_PythonDecoratedOperator): print_the_context>, log_sql_query already registered for DAG: example_python_operator
[2022-12-03T11:03:31.590+0000] {logging_mixin.py:137} INFO - [2022-12-03T11:03:31.590+0000] {taskmixin.py:205} WARNING - Dependency <Task(_PythonDecoratedOperator): log_sql_query>, print_the_context already registered for DAG: example_python_operator
[2022-12-03T11:03:31.592+0000] {logging_mixin.py:137} INFO - [2022-12-03T11:03:31.592+0000] {taskmixin.py:205} WARNING - Dependency <Task(_PythonDecoratedOperator): print_the_context>, log_sql_query already registered for DAG: example_python_operator
[2022-12-03T11:03:31.594+0000] {logging_mixin.py:137} INFO - [2022-12-03T11:03:31.594+0000] {taskmixin.py:205} WARNING - Dependency <Task(_PythonDecoratedOperator): log_sql_query>, print_the_context already registered for DAG: example_python_operator
[2022-12-03T11:03:31.595+0000] {logging_mixin.py:137} INFO - [2022-12-03T11:03:31.595+0000] {taskmixin.py:205} WARNING - Dependency <Task(_PythonDecoratedOperator): print_the_context>, log_sql_query already registered for DAG: example_python_operator
[2022-12-03T11:03:31.596+0000] {logging_mixin.py:137} INFO - [2022-12-03T11:03:31.596+0000] {taskmixin.py:205} WARNING - Dependency <Task(_PythonDecoratedOperator): log_sql_query>, print_the_context already registered for DAG: example_python_operator
[2022-12-03T11:03:31.598+0000] {logging_mixin.py:137} INFO - [2022-12-03T11:03:31.598+0000] {taskmixin.py:205} WARNING - Dependency <Task(_PythonDecoratedOperator): print_the_context>, log_sql_query already registered for DAG: example_python_operator
[2022-12-03T11:03:31.598+0000] {logging_mixin.py:137} INFO - [2022-12-03T11:03:31.598+0000] {taskmixin.py:205} WARNING - Dependency <Task(_PythonDecoratedOperator): log_sql_query>, print_the_context already registered for DAG: example_python_operator
[2022-12-03T11:03:31.603+0000] {processor.py:766} INFO - DAG(s) dict_keys(['example_python_operator']) retrieved from /home/airflow/.local/lib/python3.7/site-packages/airflow/example_dags/example_python_operator.py
[2022-12-03T11:03:31.631+0000] {logging_mixin.py:137} INFO - [2022-12-03T11:03:31.631+0000] {dag.py:2585} INFO - Sync 1 DAGs
[2022-12-03T11:03:31.649+0000] {logging_mixin.py:137} INFO - [2022-12-03T11:03:31.649+0000] {dag.py:3340} INFO - Setting next_dagrun for example_python_operator to None, run_after=None
[2022-12-03T11:03:31.666+0000] {processor.py:176} INFO - Processing /home/airflow/.local/lib/python3.7/site-packages/airflow/example_dags/example_python_operator.py took 0.093 seconds
[2022-12-03T11:21:02.237+0000] {processor.py:154} INFO - Started process (PID=14118) to work on /home/airflow/.local/lib/python3.7/site-packages/airflow/example_dags/example_python_operator.py
[2022-12-03T11:21:02.239+0000] {processor.py:756} INFO - Processing file /home/airflow/.local/lib/python3.7/site-packages/airflow/example_dags/example_python_operator.py for tasks to queue
[2022-12-03T11:21:02.241+0000] {logging_mixin.py:137} INFO - [2022-12-03T11:21:02.241+0000] {dagbag.py:537} INFO - Filling up the DagBag from /home/airflow/.local/lib/python3.7/site-packages/airflow/example_dags/example_python_operator.py
[2022-12-03T11:21:02.251+0000] {logging_mixin.py:137} INFO - [2022-12-03T11:21:02.251+0000] {taskmixin.py:205} WARNING - Dependency <Task(_PythonDecoratedOperator): print_the_context>, log_sql_query already registered for DAG: example_python_operator
[2022-12-03T11:21:02.252+0000] {logging_mixin.py:137} INFO - [2022-12-03T11:21:02.252+0000] {taskmixin.py:205} WARNING - Dependency <Task(_PythonDecoratedOperator): log_sql_query>, print_the_context already registered for DAG: example_python_operator
[2022-12-03T11:21:02.253+0000] {logging_mixin.py:137} INFO - [2022-12-03T11:21:02.253+0000] {taskmixin.py:205} WARNING - Dependency <Task(_PythonDecoratedOperator): print_the_context>, log_sql_query already registered for DAG: example_python_operator
[2022-12-03T11:21:02.254+0000] {logging_mixin.py:137} INFO - [2022-12-03T11:21:02.254+0000] {taskmixin.py:205} WARNING - Dependency <Task(_PythonDecoratedOperator): log_sql_query>, print_the_context already registered for DAG: example_python_operator
[2022-12-03T11:21:02.255+0000] {logging_mixin.py:137} INFO - [2022-12-03T11:21:02.255+0000] {taskmixin.py:205} WARNING - Dependency <Task(_PythonDecoratedOperator): print_the_context>, log_sql_query already registered for DAG: example_python_operator
[2022-12-03T11:21:02.256+0000] {logging_mixin.py:137} INFO - [2022-12-03T11:21:02.256+0000] {taskmixin.py:205} WARNING - Dependency <Task(_PythonDecoratedOperator): log_sql_query>, print_the_context already registered for DAG: example_python_operator
[2022-12-03T11:21:02.257+0000] {logging_mixin.py:137} INFO - [2022-12-03T11:21:02.257+0000] {taskmixin.py:205} WARNING - Dependency <Task(_PythonDecoratedOperator): print_the_context>, log_sql_query already registered for DAG: example_python_operator
[2022-12-03T11:21:02.259+0000] {logging_mixin.py:137} INFO - [2022-12-03T11:21:02.259+0000] {taskmixin.py:205} WARNING - Dependency <Task(_PythonDecoratedOperator): log_sql_query>, print_the_context already registered for DAG: example_python_operator
[2022-12-03T11:21:02.264+0000] {processor.py:766} INFO - DAG(s) dict_keys(['example_python_operator']) retrieved from /home/airflow/.local/lib/python3.7/site-packages/airflow/example_dags/example_python_operator.py
[2022-12-03T11:21:02.294+0000] {logging_mixin.py:137} INFO - [2022-12-03T11:21:02.294+0000] {dag.py:2585} INFO - Sync 1 DAGs
[2022-12-03T11:21:02.309+0000] {logging_mixin.py:137} INFO - [2022-12-03T11:21:02.309+0000] {dag.py:3340} INFO - Setting next_dagrun for example_python_operator to None, run_after=None
[2022-12-03T11:21:02.323+0000] {processor.py:176} INFO - Processing /home/airflow/.local/lib/python3.7/site-packages/airflow/example_dags/example_python_operator.py took 0.088 seconds
[2022-12-03T12:21:05.538+0000] {processor.py:154} INFO - Started process (PID=14191) to work on /home/airflow/.local/lib/python3.7/site-packages/airflow/example_dags/example_python_operator.py
[2022-12-03T12:21:05.539+0000] {processor.py:756} INFO - Processing file /home/airflow/.local/lib/python3.7/site-packages/airflow/example_dags/example_python_operator.py for tasks to queue
[2022-12-03T12:21:05.541+0000] {logging_mixin.py:137} INFO - [2022-12-03T12:21:05.541+0000] {dagbag.py:537} INFO - Filling up the DagBag from /home/airflow/.local/lib/python3.7/site-packages/airflow/example_dags/example_python_operator.py
[2022-12-03T12:21:05.553+0000] {logging_mixin.py:137} INFO - [2022-12-03T12:21:05.553+0000] {taskmixin.py:205} WARNING - Dependency <Task(_PythonDecoratedOperator): print_the_context>, log_sql_query already registered for DAG: example_python_operator
[2022-12-03T12:21:05.554+0000] {logging_mixin.py:137} INFO - [2022-12-03T12:21:05.554+0000] {taskmixin.py:205} WARNING - Dependency <Task(_PythonDecoratedOperator): log_sql_query>, print_the_context already registered for DAG: example_python_operator
[2022-12-03T12:21:05.556+0000] {logging_mixin.py:137} INFO - [2022-12-03T12:21:05.556+0000] {taskmixin.py:205} WARNING - Dependency <Task(_PythonDecoratedOperator): print_the_context>, log_sql_query already registered for DAG: example_python_operator
[2022-12-03T12:21:05.557+0000] {logging_mixin.py:137} INFO - [2022-12-03T12:21:05.557+0000] {taskmixin.py:205} WARNING - Dependency <Task(_PythonDecoratedOperator): log_sql_query>, print_the_context already registered for DAG: example_python_operator
[2022-12-03T12:21:05.558+0000] {logging_mixin.py:137} INFO - [2022-12-03T12:21:05.558+0000] {taskmixin.py:205} WARNING - Dependency <Task(_PythonDecoratedOperator): print_the_context>, log_sql_query already registered for DAG: example_python_operator
[2022-12-03T12:21:05.559+0000] {logging_mixin.py:137} INFO - [2022-12-03T12:21:05.559+0000] {taskmixin.py:205} WARNING - Dependency <Task(_PythonDecoratedOperator): log_sql_query>, print_the_context already registered for DAG: example_python_operator
[2022-12-03T12:21:05.560+0000] {logging_mixin.py:137} INFO - [2022-12-03T12:21:05.560+0000] {taskmixin.py:205} WARNING - Dependency <Task(_PythonDecoratedOperator): print_the_context>, log_sql_query already registered for DAG: example_python_operator
[2022-12-03T12:21:05.561+0000] {logging_mixin.py:137} INFO - [2022-12-03T12:21:05.561+0000] {taskmixin.py:205} WARNING - Dependency <Task(_PythonDecoratedOperator): log_sql_query>, print_the_context already registered for DAG: example_python_operator
[2022-12-03T12:21:05.567+0000] {processor.py:766} INFO - DAG(s) dict_keys(['example_python_operator']) retrieved from /home/airflow/.local/lib/python3.7/site-packages/airflow/example_dags/example_python_operator.py
[2022-12-03T12:21:05.598+0000] {logging_mixin.py:137} INFO - [2022-12-03T12:21:05.597+0000] {dag.py:2585} INFO - Sync 1 DAGs
[2022-12-03T12:21:05.616+0000] {logging_mixin.py:137} INFO - [2022-12-03T12:21:05.616+0000] {dag.py:3340} INFO - Setting next_dagrun for example_python_operator to None, run_after=None
[2022-12-03T12:21:05.630+0000] {processor.py:176} INFO - Processing /home/airflow/.local/lib/python3.7/site-packages/airflow/example_dags/example_python_operator.py took 0.095 seconds
[2022-12-03T13:24:18.580+0000] {processor.py:154} INFO - Started process (PID=14266) to work on /home/airflow/.local/lib/python3.7/site-packages/airflow/example_dags/example_python_operator.py
[2022-12-03T13:24:18.582+0000] {processor.py:756} INFO - Processing file /home/airflow/.local/lib/python3.7/site-packages/airflow/example_dags/example_python_operator.py for tasks to queue
[2022-12-03T13:24:18.583+0000] {logging_mixin.py:137} INFO - [2022-12-03T13:24:18.583+0000] {dagbag.py:537} INFO - Filling up the DagBag from /home/airflow/.local/lib/python3.7/site-packages/airflow/example_dags/example_python_operator.py
[2022-12-03T13:24:18.595+0000] {logging_mixin.py:137} INFO - [2022-12-03T13:24:18.595+0000] {taskmixin.py:205} WARNING - Dependency <Task(_PythonDecoratedOperator): print_the_context>, log_sql_query already registered for DAG: example_python_operator
[2022-12-03T13:24:18.597+0000] {logging_mixin.py:137} INFO - [2022-12-03T13:24:18.596+0000] {taskmixin.py:205} WARNING - Dependency <Task(_PythonDecoratedOperator): log_sql_query>, print_the_context already registered for DAG: example_python_operator
[2022-12-03T13:24:18.598+0000] {logging_mixin.py:137} INFO - [2022-12-03T13:24:18.598+0000] {taskmixin.py:205} WARNING - Dependency <Task(_PythonDecoratedOperator): print_the_context>, log_sql_query already registered for DAG: example_python_operator
[2022-12-03T13:24:18.598+0000] {logging_mixin.py:137} INFO - [2022-12-03T13:24:18.598+0000] {taskmixin.py:205} WARNING - Dependency <Task(_PythonDecoratedOperator): log_sql_query>, print_the_context already registered for DAG: example_python_operator
[2022-12-03T13:24:18.600+0000] {logging_mixin.py:137} INFO - [2022-12-03T13:24:18.600+0000] {taskmixin.py:205} WARNING - Dependency <Task(_PythonDecoratedOperator): print_the_context>, log_sql_query already registered for DAG: example_python_operator
[2022-12-03T13:24:18.600+0000] {logging_mixin.py:137} INFO - [2022-12-03T13:24:18.600+0000] {taskmixin.py:205} WARNING - Dependency <Task(_PythonDecoratedOperator): log_sql_query>, print_the_context already registered for DAG: example_python_operator
[2022-12-03T13:24:18.601+0000] {logging_mixin.py:137} INFO - [2022-12-03T13:24:18.601+0000] {taskmixin.py:205} WARNING - Dependency <Task(_PythonDecoratedOperator): print_the_context>, log_sql_query already registered for DAG: example_python_operator
[2022-12-03T13:24:18.602+0000] {logging_mixin.py:137} INFO - [2022-12-03T13:24:18.602+0000] {taskmixin.py:205} WARNING - Dependency <Task(_PythonDecoratedOperator): log_sql_query>, print_the_context already registered for DAG: example_python_operator
[2022-12-03T13:24:18.608+0000] {processor.py:766} INFO - DAG(s) dict_keys(['example_python_operator']) retrieved from /home/airflow/.local/lib/python3.7/site-packages/airflow/example_dags/example_python_operator.py
[2022-12-03T13:24:18.637+0000] {logging_mixin.py:137} INFO - [2022-12-03T13:24:18.637+0000] {dag.py:2585} INFO - Sync 1 DAGs
[2022-12-03T13:24:18.652+0000] {logging_mixin.py:137} INFO - [2022-12-03T13:24:18.652+0000] {dag.py:3340} INFO - Setting next_dagrun for example_python_operator to None, run_after=None
[2022-12-03T13:24:18.671+0000] {processor.py:176} INFO - Processing /home/airflow/.local/lib/python3.7/site-packages/airflow/example_dags/example_python_operator.py took 0.094 seconds
[2022-12-03T14:43:48.641+0000] {processor.py:154} INFO - Started process (PID=14321) to work on /home/airflow/.local/lib/python3.7/site-packages/airflow/example_dags/example_python_operator.py
[2022-12-03T14:43:48.643+0000] {processor.py:756} INFO - Processing file /home/airflow/.local/lib/python3.7/site-packages/airflow/example_dags/example_python_operator.py for tasks to queue
[2022-12-03T14:43:48.644+0000] {logging_mixin.py:137} INFO - [2022-12-03T14:43:48.644+0000] {dagbag.py:537} INFO - Filling up the DagBag from /home/airflow/.local/lib/python3.7/site-packages/airflow/example_dags/example_python_operator.py
[2022-12-03T14:43:48.655+0000] {logging_mixin.py:137} INFO - [2022-12-03T14:43:48.655+0000] {taskmixin.py:205} WARNING - Dependency <Task(_PythonDecoratedOperator): print_the_context>, log_sql_query already registered for DAG: example_python_operator
[2022-12-03T14:43:48.657+0000] {logging_mixin.py:137} INFO - [2022-12-03T14:43:48.657+0000] {taskmixin.py:205} WARNING - Dependency <Task(_PythonDecoratedOperator): log_sql_query>, print_the_context already registered for DAG: example_python_operator
[2022-12-03T14:43:48.659+0000] {logging_mixin.py:137} INFO - [2022-12-03T14:43:48.659+0000] {taskmixin.py:205} WARNING - Dependency <Task(_PythonDecoratedOperator): print_the_context>, log_sql_query already registered for DAG: example_python_operator
[2022-12-03T14:43:48.660+0000] {logging_mixin.py:137} INFO - [2022-12-03T14:43:48.660+0000] {taskmixin.py:205} WARNING - Dependency <Task(_PythonDecoratedOperator): log_sql_query>, print_the_context already registered for DAG: example_python_operator
[2022-12-03T14:43:48.661+0000] {logging_mixin.py:137} INFO - [2022-12-03T14:43:48.661+0000] {taskmixin.py:205} WARNING - Dependency <Task(_PythonDecoratedOperator): print_the_context>, log_sql_query already registered for DAG: example_python_operator
[2022-12-03T14:43:48.662+0000] {logging_mixin.py:137} INFO - [2022-12-03T14:43:48.662+0000] {taskmixin.py:205} WARNING - Dependency <Task(_PythonDecoratedOperator): log_sql_query>, print_the_context already registered for DAG: example_python_operator
[2022-12-03T14:43:48.663+0000] {logging_mixin.py:137} INFO - [2022-12-03T14:43:48.663+0000] {taskmixin.py:205} WARNING - Dependency <Task(_PythonDecoratedOperator): print_the_context>, log_sql_query already registered for DAG: example_python_operator
[2022-12-03T14:43:48.664+0000] {logging_mixin.py:137} INFO - [2022-12-03T14:43:48.664+0000] {taskmixin.py:205} WARNING - Dependency <Task(_PythonDecoratedOperator): log_sql_query>, print_the_context already registered for DAG: example_python_operator
[2022-12-03T14:43:48.669+0000] {processor.py:766} INFO - DAG(s) dict_keys(['example_python_operator']) retrieved from /home/airflow/.local/lib/python3.7/site-packages/airflow/example_dags/example_python_operator.py
[2022-12-03T14:43:48.700+0000] {logging_mixin.py:137} INFO - [2022-12-03T14:43:48.700+0000] {dag.py:2585} INFO - Sync 1 DAGs
[2022-12-03T14:43:48.721+0000] {logging_mixin.py:137} INFO - [2022-12-03T14:43:48.721+0000] {dag.py:3340} INFO - Setting next_dagrun for example_python_operator to None, run_after=None
[2022-12-03T14:43:48.739+0000] {processor.py:176} INFO - Processing /home/airflow/.local/lib/python3.7/site-packages/airflow/example_dags/example_python_operator.py took 0.100 seconds
[2022-12-03T16:03:00.954+0000] {processor.py:154} INFO - Started process (PID=14387) to work on /home/airflow/.local/lib/python3.7/site-packages/airflow/example_dags/example_python_operator.py
[2022-12-03T16:03:00.956+0000] {processor.py:756} INFO - Processing file /home/airflow/.local/lib/python3.7/site-packages/airflow/example_dags/example_python_operator.py for tasks to queue
[2022-12-03T16:03:00.957+0000] {logging_mixin.py:137} INFO - [2022-12-03T16:03:00.957+0000] {dagbag.py:537} INFO - Filling up the DagBag from /home/airflow/.local/lib/python3.7/site-packages/airflow/example_dags/example_python_operator.py
[2022-12-03T16:03:00.970+0000] {logging_mixin.py:137} INFO - [2022-12-03T16:03:00.970+0000] {taskmixin.py:205} WARNING - Dependency <Task(_PythonDecoratedOperator): print_the_context>, log_sql_query already registered for DAG: example_python_operator
[2022-12-03T16:03:00.971+0000] {logging_mixin.py:137} INFO - [2022-12-03T16:03:00.971+0000] {taskmixin.py:205} WARNING - Dependency <Task(_PythonDecoratedOperator): log_sql_query>, print_the_context already registered for DAG: example_python_operator
[2022-12-03T16:03:00.973+0000] {logging_mixin.py:137} INFO - [2022-12-03T16:03:00.973+0000] {taskmixin.py:205} WARNING - Dependency <Task(_PythonDecoratedOperator): print_the_context>, log_sql_query already registered for DAG: example_python_operator
[2022-12-03T16:03:00.974+0000] {logging_mixin.py:137} INFO - [2022-12-03T16:03:00.974+0000] {taskmixin.py:205} WARNING - Dependency <Task(_PythonDecoratedOperator): log_sql_query>, print_the_context already registered for DAG: example_python_operator
[2022-12-03T16:03:00.975+0000] {logging_mixin.py:137} INFO - [2022-12-03T16:03:00.975+0000] {taskmixin.py:205} WARNING - Dependency <Task(_PythonDecoratedOperator): print_the_context>, log_sql_query already registered for DAG: example_python_operator
[2022-12-03T16:03:00.977+0000] {logging_mixin.py:137} INFO - [2022-12-03T16:03:00.977+0000] {taskmixin.py:205} WARNING - Dependency <Task(_PythonDecoratedOperator): log_sql_query>, print_the_context already registered for DAG: example_python_operator
[2022-12-03T16:03:00.978+0000] {logging_mixin.py:137} INFO - [2022-12-03T16:03:00.978+0000] {taskmixin.py:205} WARNING - Dependency <Task(_PythonDecoratedOperator): print_the_context>, log_sql_query already registered for DAG: example_python_operator
[2022-12-03T16:03:00.979+0000] {logging_mixin.py:137} INFO - [2022-12-03T16:03:00.979+0000] {taskmixin.py:205} WARNING - Dependency <Task(_PythonDecoratedOperator): log_sql_query>, print_the_context already registered for DAG: example_python_operator
[2022-12-03T16:03:00.985+0000] {processor.py:766} INFO - DAG(s) dict_keys(['example_python_operator']) retrieved from /home/airflow/.local/lib/python3.7/site-packages/airflow/example_dags/example_python_operator.py
[2022-12-03T16:03:01.016+0000] {logging_mixin.py:137} INFO - [2022-12-03T16:03:01.015+0000] {dag.py:2585} INFO - Sync 1 DAGs
[2022-12-03T16:03:01.033+0000] {logging_mixin.py:137} INFO - [2022-12-03T16:03:01.033+0000] {dag.py:3340} INFO - Setting next_dagrun for example_python_operator to None, run_after=None
[2022-12-03T16:03:01.045+0000] {processor.py:176} INFO - Processing /home/airflow/.local/lib/python3.7/site-packages/airflow/example_dags/example_python_operator.py took 0.094 seconds
[2022-12-03T17:24:33.551+0000] {processor.py:154} INFO - Started process (PID=14455) to work on /home/airflow/.local/lib/python3.7/site-packages/airflow/example_dags/example_python_operator.py
[2022-12-03T17:24:33.553+0000] {processor.py:756} INFO - Processing file /home/airflow/.local/lib/python3.7/site-packages/airflow/example_dags/example_python_operator.py for tasks to queue
[2022-12-03T17:24:33.554+0000] {logging_mixin.py:137} INFO - [2022-12-03T17:24:33.554+0000] {dagbag.py:537} INFO - Filling up the DagBag from /home/airflow/.local/lib/python3.7/site-packages/airflow/example_dags/example_python_operator.py
[2022-12-03T17:24:33.566+0000] {logging_mixin.py:137} INFO - [2022-12-03T17:24:33.566+0000] {taskmixin.py:205} WARNING - Dependency <Task(_PythonDecoratedOperator): print_the_context>, log_sql_query already registered for DAG: example_python_operator
[2022-12-03T17:24:33.567+0000] {logging_mixin.py:137} INFO - [2022-12-03T17:24:33.567+0000] {taskmixin.py:205} WARNING - Dependency <Task(_PythonDecoratedOperator): log_sql_query>, print_the_context already registered for DAG: example_python_operator
[2022-12-03T17:24:33.568+0000] {logging_mixin.py:137} INFO - [2022-12-03T17:24:33.568+0000] {taskmixin.py:205} WARNING - Dependency <Task(_PythonDecoratedOperator): print_the_context>, log_sql_query already registered for DAG: example_python_operator
[2022-12-03T17:24:33.570+0000] {logging_mixin.py:137} INFO - [2022-12-03T17:24:33.569+0000] {taskmixin.py:205} WARNING - Dependency <Task(_PythonDecoratedOperator): log_sql_query>, print_the_context already registered for DAG: example_python_operator
[2022-12-03T17:24:33.571+0000] {logging_mixin.py:137} INFO - [2022-12-03T17:24:33.571+0000] {taskmixin.py:205} WARNING - Dependency <Task(_PythonDecoratedOperator): print_the_context>, log_sql_query already registered for DAG: example_python_operator
[2022-12-03T17:24:33.572+0000] {logging_mixin.py:137} INFO - [2022-12-03T17:24:33.572+0000] {taskmixin.py:205} WARNING - Dependency <Task(_PythonDecoratedOperator): log_sql_query>, print_the_context already registered for DAG: example_python_operator
[2022-12-03T17:24:33.574+0000] {logging_mixin.py:137} INFO - [2022-12-03T17:24:33.574+0000] {taskmixin.py:205} WARNING - Dependency <Task(_PythonDecoratedOperator): print_the_context>, log_sql_query already registered for DAG: example_python_operator
[2022-12-03T17:24:33.574+0000] {logging_mixin.py:137} INFO - [2022-12-03T17:24:33.574+0000] {taskmixin.py:205} WARNING - Dependency <Task(_PythonDecoratedOperator): log_sql_query>, print_the_context already registered for DAG: example_python_operator
[2022-12-03T17:24:33.581+0000] {processor.py:766} INFO - DAG(s) dict_keys(['example_python_operator']) retrieved from /home/airflow/.local/lib/python3.7/site-packages/airflow/example_dags/example_python_operator.py
[2022-12-03T17:24:33.611+0000] {logging_mixin.py:137} INFO - [2022-12-03T17:24:33.611+0000] {dag.py:2585} INFO - Sync 1 DAGs
[2022-12-03T17:24:33.633+0000] {logging_mixin.py:137} INFO - [2022-12-03T17:24:33.633+0000] {dag.py:3340} INFO - Setting next_dagrun for example_python_operator to None, run_after=None
[2022-12-03T17:24:33.648+0000] {processor.py:176} INFO - Processing /home/airflow/.local/lib/python3.7/site-packages/airflow/example_dags/example_python_operator.py took 0.099 seconds
[2022-12-03T18:46:59.911+0000] {processor.py:154} INFO - Started process (PID=14522) to work on /home/airflow/.local/lib/python3.7/site-packages/airflow/example_dags/example_python_operator.py
[2022-12-03T18:46:59.914+0000] {processor.py:756} INFO - Processing file /home/airflow/.local/lib/python3.7/site-packages/airflow/example_dags/example_python_operator.py for tasks to queue
[2022-12-03T18:46:59.916+0000] {logging_mixin.py:137} INFO - [2022-12-03T18:46:59.916+0000] {dagbag.py:537} INFO - Filling up the DagBag from /home/airflow/.local/lib/python3.7/site-packages/airflow/example_dags/example_python_operator.py
[2022-12-03T18:46:59.932+0000] {logging_mixin.py:137} INFO - [2022-12-03T18:46:59.931+0000] {taskmixin.py:205} WARNING - Dependency <Task(_PythonDecoratedOperator): print_the_context>, log_sql_query already registered for DAG: example_python_operator
[2022-12-03T18:46:59.933+0000] {logging_mixin.py:137} INFO - [2022-12-03T18:46:59.933+0000] {taskmixin.py:205} WARNING - Dependency <Task(_PythonDecoratedOperator): log_sql_query>, print_the_context already registered for DAG: example_python_operator
[2022-12-03T18:46:59.936+0000] {logging_mixin.py:137} INFO - [2022-12-03T18:46:59.935+0000] {taskmixin.py:205} WARNING - Dependency <Task(_PythonDecoratedOperator): print_the_context>, log_sql_query already registered for DAG: example_python_operator
[2022-12-03T18:46:59.937+0000] {logging_mixin.py:137} INFO - [2022-12-03T18:46:59.936+0000] {taskmixin.py:205} WARNING - Dependency <Task(_PythonDecoratedOperator): log_sql_query>, print_the_context already registered for DAG: example_python_operator
[2022-12-03T18:46:59.938+0000] {logging_mixin.py:137} INFO - [2022-12-03T18:46:59.938+0000] {taskmixin.py:205} WARNING - Dependency <Task(_PythonDecoratedOperator): print_the_context>, log_sql_query already registered for DAG: example_python_operator
[2022-12-03T18:46:59.939+0000] {logging_mixin.py:137} INFO - [2022-12-03T18:46:59.939+0000] {taskmixin.py:205} WARNING - Dependency <Task(_PythonDecoratedOperator): log_sql_query>, print_the_context already registered for DAG: example_python_operator
[2022-12-03T18:46:59.941+0000] {logging_mixin.py:137} INFO - [2022-12-03T18:46:59.941+0000] {taskmixin.py:205} WARNING - Dependency <Task(_PythonDecoratedOperator): print_the_context>, log_sql_query already registered for DAG: example_python_operator
[2022-12-03T18:46:59.943+0000] {logging_mixin.py:137} INFO - [2022-12-03T18:46:59.942+0000] {taskmixin.py:205} WARNING - Dependency <Task(_PythonDecoratedOperator): log_sql_query>, print_the_context already registered for DAG: example_python_operator
[2022-12-03T18:46:59.948+0000] {processor.py:766} INFO - DAG(s) dict_keys(['example_python_operator']) retrieved from /home/airflow/.local/lib/python3.7/site-packages/airflow/example_dags/example_python_operator.py
[2022-12-03T18:46:59.979+0000] {logging_mixin.py:137} INFO - [2022-12-03T18:46:59.979+0000] {dag.py:2585} INFO - Sync 1 DAGs
[2022-12-03T18:46:59.997+0000] {logging_mixin.py:137} INFO - [2022-12-03T18:46:59.996+0000] {dag.py:3340} INFO - Setting next_dagrun for example_python_operator to None, run_after=None
[2022-12-03T18:47:00.012+0000] {processor.py:176} INFO - Processing /home/airflow/.local/lib/python3.7/site-packages/airflow/example_dags/example_python_operator.py took 0.104 seconds
[2022-12-03T19:40:03.307+0000] {processor.py:154} INFO - Started process (PID=14579) to work on /home/airflow/.local/lib/python3.7/site-packages/airflow/example_dags/example_python_operator.py
[2022-12-03T19:40:03.309+0000] {processor.py:756} INFO - Processing file /home/airflow/.local/lib/python3.7/site-packages/airflow/example_dags/example_python_operator.py for tasks to queue
[2022-12-03T19:40:03.310+0000] {logging_mixin.py:137} INFO - [2022-12-03T19:40:03.310+0000] {dagbag.py:537} INFO - Filling up the DagBag from /home/airflow/.local/lib/python3.7/site-packages/airflow/example_dags/example_python_operator.py
[2022-12-03T19:40:03.321+0000] {logging_mixin.py:137} INFO - [2022-12-03T19:40:03.321+0000] {taskmixin.py:205} WARNING - Dependency <Task(_PythonDecoratedOperator): print_the_context>, log_sql_query already registered for DAG: example_python_operator
[2022-12-03T19:40:03.322+0000] {logging_mixin.py:137} INFO - [2022-12-03T19:40:03.322+0000] {taskmixin.py:205} WARNING - Dependency <Task(_PythonDecoratedOperator): log_sql_query>, print_the_context already registered for DAG: example_python_operator
[2022-12-03T19:40:03.323+0000] {logging_mixin.py:137} INFO - [2022-12-03T19:40:03.323+0000] {taskmixin.py:205} WARNING - Dependency <Task(_PythonDecoratedOperator): print_the_context>, log_sql_query already registered for DAG: example_python_operator
[2022-12-03T19:40:03.324+0000] {logging_mixin.py:137} INFO - [2022-12-03T19:40:03.324+0000] {taskmixin.py:205} WARNING - Dependency <Task(_PythonDecoratedOperator): log_sql_query>, print_the_context already registered for DAG: example_python_operator
[2022-12-03T19:40:03.325+0000] {logging_mixin.py:137} INFO - [2022-12-03T19:40:03.325+0000] {taskmixin.py:205} WARNING - Dependency <Task(_PythonDecoratedOperator): print_the_context>, log_sql_query already registered for DAG: example_python_operator
[2022-12-03T19:40:03.326+0000] {logging_mixin.py:137} INFO - [2022-12-03T19:40:03.326+0000] {taskmixin.py:205} WARNING - Dependency <Task(_PythonDecoratedOperator): log_sql_query>, print_the_context already registered for DAG: example_python_operator
[2022-12-03T19:40:03.328+0000] {logging_mixin.py:137} INFO - [2022-12-03T19:40:03.327+0000] {taskmixin.py:205} WARNING - Dependency <Task(_PythonDecoratedOperator): print_the_context>, log_sql_query already registered for DAG: example_python_operator
[2022-12-03T19:40:03.329+0000] {logging_mixin.py:137} INFO - [2022-12-03T19:40:03.328+0000] {taskmixin.py:205} WARNING - Dependency <Task(_PythonDecoratedOperator): log_sql_query>, print_the_context already registered for DAG: example_python_operator
[2022-12-03T19:40:03.334+0000] {processor.py:766} INFO - DAG(s) dict_keys(['example_python_operator']) retrieved from /home/airflow/.local/lib/python3.7/site-packages/airflow/example_dags/example_python_operator.py
[2022-12-03T19:40:03.360+0000] {logging_mixin.py:137} INFO - [2022-12-03T19:40:03.360+0000] {dag.py:2585} INFO - Sync 1 DAGs
[2022-12-03T19:40:03.378+0000] {logging_mixin.py:137} INFO - [2022-12-03T19:40:03.378+0000] {dag.py:3340} INFO - Setting next_dagrun for example_python_operator to None, run_after=None
[2022-12-03T19:40:03.393+0000] {processor.py:176} INFO - Processing /home/airflow/.local/lib/python3.7/site-packages/airflow/example_dags/example_python_operator.py took 0.088 seconds
[2022-12-03T20:15:11.050+0000] {processor.py:154} INFO - Started process (PID=14645) to work on /home/airflow/.local/lib/python3.7/site-packages/airflow/example_dags/example_python_operator.py
[2022-12-03T20:15:11.053+0000] {processor.py:756} INFO - Processing file /home/airflow/.local/lib/python3.7/site-packages/airflow/example_dags/example_python_operator.py for tasks to queue
[2022-12-03T20:15:11.056+0000] {logging_mixin.py:137} INFO - [2022-12-03T20:15:11.056+0000] {dagbag.py:537} INFO - Filling up the DagBag from /home/airflow/.local/lib/python3.7/site-packages/airflow/example_dags/example_python_operator.py
[2022-12-03T20:15:11.070+0000] {logging_mixin.py:137} INFO - [2022-12-03T20:15:11.070+0000] {taskmixin.py:205} WARNING - Dependency <Task(_PythonDecoratedOperator): print_the_context>, log_sql_query already registered for DAG: example_python_operator
[2022-12-03T20:15:11.071+0000] {logging_mixin.py:137} INFO - [2022-12-03T20:15:11.071+0000] {taskmixin.py:205} WARNING - Dependency <Task(_PythonDecoratedOperator): log_sql_query>, print_the_context already registered for DAG: example_python_operator
[2022-12-03T20:15:11.072+0000] {logging_mixin.py:137} INFO - [2022-12-03T20:15:11.072+0000] {taskmixin.py:205} WARNING - Dependency <Task(_PythonDecoratedOperator): print_the_context>, log_sql_query already registered for DAG: example_python_operator
[2022-12-03T20:15:11.075+0000] {logging_mixin.py:137} INFO - [2022-12-03T20:15:11.075+0000] {taskmixin.py:205} WARNING - Dependency <Task(_PythonDecoratedOperator): log_sql_query>, print_the_context already registered for DAG: example_python_operator
[2022-12-03T20:15:11.078+0000] {logging_mixin.py:137} INFO - [2022-12-03T20:15:11.078+0000] {taskmixin.py:205} WARNING - Dependency <Task(_PythonDecoratedOperator): print_the_context>, log_sql_query already registered for DAG: example_python_operator
[2022-12-03T20:15:11.079+0000] {logging_mixin.py:137} INFO - [2022-12-03T20:15:11.079+0000] {taskmixin.py:205} WARNING - Dependency <Task(_PythonDecoratedOperator): log_sql_query>, print_the_context already registered for DAG: example_python_operator
[2022-12-03T20:15:11.080+0000] {logging_mixin.py:137} INFO - [2022-12-03T20:15:11.080+0000] {taskmixin.py:205} WARNING - Dependency <Task(_PythonDecoratedOperator): print_the_context>, log_sql_query already registered for DAG: example_python_operator
[2022-12-03T20:15:11.082+0000] {logging_mixin.py:137} INFO - [2022-12-03T20:15:11.081+0000] {taskmixin.py:205} WARNING - Dependency <Task(_PythonDecoratedOperator): log_sql_query>, print_the_context already registered for DAG: example_python_operator
[2022-12-03T20:15:11.087+0000] {processor.py:766} INFO - DAG(s) dict_keys(['example_python_operator']) retrieved from /home/airflow/.local/lib/python3.7/site-packages/airflow/example_dags/example_python_operator.py
[2022-12-03T20:15:11.118+0000] {logging_mixin.py:137} INFO - [2022-12-03T20:15:11.118+0000] {dag.py:2585} INFO - Sync 1 DAGs
[2022-12-03T20:15:11.135+0000] {logging_mixin.py:137} INFO - [2022-12-03T20:15:11.135+0000] {dag.py:3340} INFO - Setting next_dagrun for example_python_operator to None, run_after=None
[2022-12-03T20:15:11.151+0000] {processor.py:176} INFO - Processing /home/airflow/.local/lib/python3.7/site-packages/airflow/example_dags/example_python_operator.py took 0.103 seconds
[2022-12-03T20:47:38.155+0000] {processor.py:154} INFO - Started process (PID=14710) to work on /home/airflow/.local/lib/python3.7/site-packages/airflow/example_dags/example_python_operator.py
[2022-12-03T20:47:38.157+0000] {processor.py:756} INFO - Processing file /home/airflow/.local/lib/python3.7/site-packages/airflow/example_dags/example_python_operator.py for tasks to queue
[2022-12-03T20:47:38.158+0000] {logging_mixin.py:137} INFO - [2022-12-03T20:47:38.158+0000] {dagbag.py:537} INFO - Filling up the DagBag from /home/airflow/.local/lib/python3.7/site-packages/airflow/example_dags/example_python_operator.py
[2022-12-03T20:47:38.168+0000] {logging_mixin.py:137} INFO - [2022-12-03T20:47:38.168+0000] {taskmixin.py:205} WARNING - Dependency <Task(_PythonDecoratedOperator): print_the_context>, log_sql_query already registered for DAG: example_python_operator
[2022-12-03T20:47:38.169+0000] {logging_mixin.py:137} INFO - [2022-12-03T20:47:38.169+0000] {taskmixin.py:205} WARNING - Dependency <Task(_PythonDecoratedOperator): log_sql_query>, print_the_context already registered for DAG: example_python_operator
[2022-12-03T20:47:38.170+0000] {logging_mixin.py:137} INFO - [2022-12-03T20:47:38.170+0000] {taskmixin.py:205} WARNING - Dependency <Task(_PythonDecoratedOperator): print_the_context>, log_sql_query already registered for DAG: example_python_operator
[2022-12-03T20:47:38.172+0000] {logging_mixin.py:137} INFO - [2022-12-03T20:47:38.172+0000] {taskmixin.py:205} WARNING - Dependency <Task(_PythonDecoratedOperator): log_sql_query>, print_the_context already registered for DAG: example_python_operator
[2022-12-03T20:47:38.173+0000] {logging_mixin.py:137} INFO - [2022-12-03T20:47:38.173+0000] {taskmixin.py:205} WARNING - Dependency <Task(_PythonDecoratedOperator): print_the_context>, log_sql_query already registered for DAG: example_python_operator
[2022-12-03T20:47:38.173+0000] {logging_mixin.py:137} INFO - [2022-12-03T20:47:38.173+0000] {taskmixin.py:205} WARNING - Dependency <Task(_PythonDecoratedOperator): log_sql_query>, print_the_context already registered for DAG: example_python_operator
[2022-12-03T20:47:38.174+0000] {logging_mixin.py:137} INFO - [2022-12-03T20:47:38.174+0000] {taskmixin.py:205} WARNING - Dependency <Task(_PythonDecoratedOperator): print_the_context>, log_sql_query already registered for DAG: example_python_operator
[2022-12-03T20:47:38.175+0000] {logging_mixin.py:137} INFO - [2022-12-03T20:47:38.175+0000] {taskmixin.py:205} WARNING - Dependency <Task(_PythonDecoratedOperator): log_sql_query>, print_the_context already registered for DAG: example_python_operator
[2022-12-03T20:47:38.180+0000] {processor.py:766} INFO - DAG(s) dict_keys(['example_python_operator']) retrieved from /home/airflow/.local/lib/python3.7/site-packages/airflow/example_dags/example_python_operator.py
[2022-12-03T20:47:38.205+0000] {logging_mixin.py:137} INFO - [2022-12-03T20:47:38.205+0000] {dag.py:2585} INFO - Sync 1 DAGs
[2022-12-03T20:47:38.220+0000] {logging_mixin.py:137} INFO - [2022-12-03T20:47:38.220+0000] {dag.py:3340} INFO - Setting next_dagrun for example_python_operator to None, run_after=None
[2022-12-03T20:47:38.232+0000] {processor.py:176} INFO - Processing /home/airflow/.local/lib/python3.7/site-packages/airflow/example_dags/example_python_operator.py took 0.080 seconds
[2022-12-03T22:10:14.120+0000] {processor.py:154} INFO - Started process (PID=14780) to work on /home/airflow/.local/lib/python3.7/site-packages/airflow/example_dags/example_python_operator.py
[2022-12-03T22:10:14.121+0000] {processor.py:756} INFO - Processing file /home/airflow/.local/lib/python3.7/site-packages/airflow/example_dags/example_python_operator.py for tasks to queue
[2022-12-03T22:10:14.122+0000] {logging_mixin.py:137} INFO - [2022-12-03T22:10:14.122+0000] {dagbag.py:537} INFO - Filling up the DagBag from /home/airflow/.local/lib/python3.7/site-packages/airflow/example_dags/example_python_operator.py
[2022-12-03T22:10:14.132+0000] {logging_mixin.py:137} INFO - [2022-12-03T22:10:14.131+0000] {taskmixin.py:205} WARNING - Dependency <Task(_PythonDecoratedOperator): print_the_context>, log_sql_query already registered for DAG: example_python_operator
[2022-12-03T22:10:14.133+0000] {logging_mixin.py:137} INFO - [2022-12-03T22:10:14.132+0000] {taskmixin.py:205} WARNING - Dependency <Task(_PythonDecoratedOperator): log_sql_query>, print_the_context already registered for DAG: example_python_operator
[2022-12-03T22:10:14.134+0000] {logging_mixin.py:137} INFO - [2022-12-03T22:10:14.133+0000] {taskmixin.py:205} WARNING - Dependency <Task(_PythonDecoratedOperator): print_the_context>, log_sql_query already registered for DAG: example_python_operator
[2022-12-03T22:10:14.134+0000] {logging_mixin.py:137} INFO - [2022-12-03T22:10:14.134+0000] {taskmixin.py:205} WARNING - Dependency <Task(_PythonDecoratedOperator): log_sql_query>, print_the_context already registered for DAG: example_python_operator
[2022-12-03T22:10:14.135+0000] {logging_mixin.py:137} INFO - [2022-12-03T22:10:14.135+0000] {taskmixin.py:205} WARNING - Dependency <Task(_PythonDecoratedOperator): print_the_context>, log_sql_query already registered for DAG: example_python_operator
[2022-12-03T22:10:14.136+0000] {logging_mixin.py:137} INFO - [2022-12-03T22:10:14.136+0000] {taskmixin.py:205} WARNING - Dependency <Task(_PythonDecoratedOperator): log_sql_query>, print_the_context already registered for DAG: example_python_operator
[2022-12-03T22:10:14.138+0000] {logging_mixin.py:137} INFO - [2022-12-03T22:10:14.138+0000] {taskmixin.py:205} WARNING - Dependency <Task(_PythonDecoratedOperator): print_the_context>, log_sql_query already registered for DAG: example_python_operator
[2022-12-03T22:10:14.139+0000] {logging_mixin.py:137} INFO - [2022-12-03T22:10:14.139+0000] {taskmixin.py:205} WARNING - Dependency <Task(_PythonDecoratedOperator): log_sql_query>, print_the_context already registered for DAG: example_python_operator
[2022-12-03T22:10:14.143+0000] {processor.py:766} INFO - DAG(s) dict_keys(['example_python_operator']) retrieved from /home/airflow/.local/lib/python3.7/site-packages/airflow/example_dags/example_python_operator.py
[2022-12-03T22:10:14.171+0000] {logging_mixin.py:137} INFO - [2022-12-03T22:10:14.170+0000] {dag.py:2585} INFO - Sync 1 DAGs
[2022-12-03T22:10:14.185+0000] {logging_mixin.py:137} INFO - [2022-12-03T22:10:14.185+0000] {dag.py:3340} INFO - Setting next_dagrun for example_python_operator to None, run_after=None
[2022-12-03T22:10:14.198+0000] {processor.py:176} INFO - Processing /home/airflow/.local/lib/python3.7/site-packages/airflow/example_dags/example_python_operator.py took 0.080 seconds
[2022-12-03T23:31:53.914+0000] {processor.py:154} INFO - Started process (PID=14839) to work on /home/airflow/.local/lib/python3.7/site-packages/airflow/example_dags/example_python_operator.py
[2022-12-03T23:31:53.916+0000] {processor.py:756} INFO - Processing file /home/airflow/.local/lib/python3.7/site-packages/airflow/example_dags/example_python_operator.py for tasks to queue
[2022-12-03T23:31:53.917+0000] {logging_mixin.py:137} INFO - [2022-12-03T23:31:53.917+0000] {dagbag.py:537} INFO - Filling up the DagBag from /home/airflow/.local/lib/python3.7/site-packages/airflow/example_dags/example_python_operator.py
[2022-12-03T23:31:53.929+0000] {logging_mixin.py:137} INFO - [2022-12-03T23:31:53.929+0000] {taskmixin.py:205} WARNING - Dependency <Task(_PythonDecoratedOperator): print_the_context>, log_sql_query already registered for DAG: example_python_operator
[2022-12-03T23:31:53.930+0000] {logging_mixin.py:137} INFO - [2022-12-03T23:31:53.930+0000] {taskmixin.py:205} WARNING - Dependency <Task(_PythonDecoratedOperator): log_sql_query>, print_the_context already registered for DAG: example_python_operator
[2022-12-03T23:31:53.932+0000] {logging_mixin.py:137} INFO - [2022-12-03T23:31:53.932+0000] {taskmixin.py:205} WARNING - Dependency <Task(_PythonDecoratedOperator): print_the_context>, log_sql_query already registered for DAG: example_python_operator
[2022-12-03T23:31:53.933+0000] {logging_mixin.py:137} INFO - [2022-12-03T23:31:53.933+0000] {taskmixin.py:205} WARNING - Dependency <Task(_PythonDecoratedOperator): log_sql_query>, print_the_context already registered for DAG: example_python_operator
[2022-12-03T23:31:53.934+0000] {logging_mixin.py:137} INFO - [2022-12-03T23:31:53.934+0000] {taskmixin.py:205} WARNING - Dependency <Task(_PythonDecoratedOperator): print_the_context>, log_sql_query already registered for DAG: example_python_operator
[2022-12-03T23:31:53.935+0000] {logging_mixin.py:137} INFO - [2022-12-03T23:31:53.935+0000] {taskmixin.py:205} WARNING - Dependency <Task(_PythonDecoratedOperator): log_sql_query>, print_the_context already registered for DAG: example_python_operator
[2022-12-03T23:31:53.936+0000] {logging_mixin.py:137} INFO - [2022-12-03T23:31:53.936+0000] {taskmixin.py:205} WARNING - Dependency <Task(_PythonDecoratedOperator): print_the_context>, log_sql_query already registered for DAG: example_python_operator
[2022-12-03T23:31:53.937+0000] {logging_mixin.py:137} INFO - [2022-12-03T23:31:53.937+0000] {taskmixin.py:205} WARNING - Dependency <Task(_PythonDecoratedOperator): log_sql_query>, print_the_context already registered for DAG: example_python_operator
[2022-12-03T23:31:53.944+0000] {processor.py:766} INFO - DAG(s) dict_keys(['example_python_operator']) retrieved from /home/airflow/.local/lib/python3.7/site-packages/airflow/example_dags/example_python_operator.py
[2022-12-03T23:31:53.974+0000] {logging_mixin.py:137} INFO - [2022-12-03T23:31:53.974+0000] {dag.py:2585} INFO - Sync 1 DAGs
[2022-12-03T23:31:53.992+0000] {logging_mixin.py:137} INFO - [2022-12-03T23:31:53.992+0000] {dag.py:3340} INFO - Setting next_dagrun for example_python_operator to None, run_after=None
[2022-12-03T23:31:54.005+0000] {processor.py:176} INFO - Processing /home/airflow/.local/lib/python3.7/site-packages/airflow/example_dags/example_python_operator.py took 0.093 seconds
