[2022-12-03T00:24:08.410+0000] {processor.py:154} INFO - Started process (PID=13495) to work on /home/airflow/.local/lib/python3.7/site-packages/airflow/example_dags/example_latest_only_with_trigger.py
[2022-12-03T00:24:08.413+0000] {processor.py:756} INFO - Processing file /home/airflow/.local/lib/python3.7/site-packages/airflow/example_dags/example_latest_only_with_trigger.py for tasks to queue
[2022-12-03T00:24:08.418+0000] {logging_mixin.py:137} INFO - [2022-12-03T00:24:08.414+0000] {dagbag.py:537} INFO - Filling up the DagBag from /home/airflow/.local/lib/python3.7/site-packages/airflow/example_dags/example_latest_only_with_trigger.py
[2022-12-03T00:24:08.457+0000] {processor.py:766} INFO - DAG(s) dict_keys(['latest_only_with_trigger']) retrieved from /home/airflow/.local/lib/python3.7/site-packages/airflow/example_dags/example_latest_only_with_trigger.py
[2022-12-03T00:24:08.553+0000] {logging_mixin.py:137} INFO - [2022-12-03T00:24:08.553+0000] {dag.py:2585} INFO - Sync 1 DAGs
[2022-12-03T00:24:08.607+0000] {logging_mixin.py:137} INFO - [2022-12-03T00:24:08.607+0000] {dag.py:3340} INFO - Setting next_dagrun for latest_only_with_trigger to 2022-12-02T20:24:08.607380+00:00, run_after=2022-12-03T00:24:08.607380+00:00
[2022-12-03T00:24:08.642+0000] {processor.py:176} INFO - Processing /home/airflow/.local/lib/python3.7/site-packages/airflow/example_dags/example_latest_only_with_trigger.py took 0.238 seconds
[2022-12-03T01:45:41.198+0000] {processor.py:154} INFO - Started process (PID=13564) to work on /home/airflow/.local/lib/python3.7/site-packages/airflow/example_dags/example_latest_only_with_trigger.py
[2022-12-03T01:45:41.200+0000] {processor.py:756} INFO - Processing file /home/airflow/.local/lib/python3.7/site-packages/airflow/example_dags/example_latest_only_with_trigger.py for tasks to queue
[2022-12-03T01:45:41.201+0000] {logging_mixin.py:137} INFO - [2022-12-03T01:45:41.201+0000] {dagbag.py:537} INFO - Filling up the DagBag from /home/airflow/.local/lib/python3.7/site-packages/airflow/example_dags/example_latest_only_with_trigger.py
[2022-12-03T01:45:41.210+0000] {processor.py:766} INFO - DAG(s) dict_keys(['latest_only_with_trigger']) retrieved from /home/airflow/.local/lib/python3.7/site-packages/airflow/example_dags/example_latest_only_with_trigger.py
[2022-12-03T01:45:41.237+0000] {logging_mixin.py:137} INFO - [2022-12-03T01:45:41.237+0000] {dag.py:2585} INFO - Sync 1 DAGs
[2022-12-03T01:45:41.253+0000] {logging_mixin.py:137} INFO - [2022-12-03T01:45:41.253+0000] {dag.py:3340} INFO - Setting next_dagrun for latest_only_with_trigger to 2022-12-02T21:45:41.253026+00:00, run_after=2022-12-03T01:45:41.253026+00:00
[2022-12-03T01:45:41.265+0000] {processor.py:176} INFO - Processing /home/airflow/.local/lib/python3.7/site-packages/airflow/example_dags/example_latest_only_with_trigger.py took 0.070 seconds
[2022-12-03T03:05:49.900+0000] {processor.py:154} INFO - Started process (PID=13632) to work on /home/airflow/.local/lib/python3.7/site-packages/airflow/example_dags/example_latest_only_with_trigger.py
[2022-12-03T03:05:49.901+0000] {processor.py:756} INFO - Processing file /home/airflow/.local/lib/python3.7/site-packages/airflow/example_dags/example_latest_only_with_trigger.py for tasks to queue
[2022-12-03T03:05:49.902+0000] {logging_mixin.py:137} INFO - [2022-12-03T03:05:49.902+0000] {dagbag.py:537} INFO - Filling up the DagBag from /home/airflow/.local/lib/python3.7/site-packages/airflow/example_dags/example_latest_only_with_trigger.py
[2022-12-03T03:05:49.912+0000] {processor.py:766} INFO - DAG(s) dict_keys(['latest_only_with_trigger']) retrieved from /home/airflow/.local/lib/python3.7/site-packages/airflow/example_dags/example_latest_only_with_trigger.py
[2022-12-03T03:05:49.940+0000] {logging_mixin.py:137} INFO - [2022-12-03T03:05:49.940+0000] {dag.py:2585} INFO - Sync 1 DAGs
[2022-12-03T03:05:49.955+0000] {logging_mixin.py:137} INFO - [2022-12-03T03:05:49.954+0000] {dag.py:3340} INFO - Setting next_dagrun for latest_only_with_trigger to 2022-12-02T23:05:49.954846+00:00, run_after=2022-12-03T03:05:49.954846+00:00
[2022-12-03T03:05:49.969+0000] {processor.py:176} INFO - Processing /home/airflow/.local/lib/python3.7/site-packages/airflow/example_dags/example_latest_only_with_trigger.py took 0.071 seconds
[2022-12-03T04:30:00.425+0000] {processor.py:154} INFO - Started process (PID=13699) to work on /home/airflow/.local/lib/python3.7/site-packages/airflow/example_dags/example_latest_only_with_trigger.py
[2022-12-03T04:30:00.427+0000] {processor.py:756} INFO - Processing file /home/airflow/.local/lib/python3.7/site-packages/airflow/example_dags/example_latest_only_with_trigger.py for tasks to queue
[2022-12-03T04:30:00.429+0000] {logging_mixin.py:137} INFO - [2022-12-03T04:30:00.429+0000] {dagbag.py:537} INFO - Filling up the DagBag from /home/airflow/.local/lib/python3.7/site-packages/airflow/example_dags/example_latest_only_with_trigger.py
[2022-12-03T04:30:00.447+0000] {processor.py:766} INFO - DAG(s) dict_keys(['latest_only_with_trigger']) retrieved from /home/airflow/.local/lib/python3.7/site-packages/airflow/example_dags/example_latest_only_with_trigger.py
[2022-12-03T04:30:00.490+0000] {logging_mixin.py:137} INFO - [2022-12-03T04:30:00.490+0000] {dag.py:2585} INFO - Sync 1 DAGs
[2022-12-03T04:30:00.508+0000] {logging_mixin.py:137} INFO - [2022-12-03T04:30:00.508+0000] {dag.py:3340} INFO - Setting next_dagrun for latest_only_with_trigger to 2022-12-03T00:30:00.508216+00:00, run_after=2022-12-03T04:30:00.508216+00:00
[2022-12-03T04:30:00.531+0000] {processor.py:176} INFO - Processing /home/airflow/.local/lib/python3.7/site-packages/airflow/example_dags/example_latest_only_with_trigger.py took 0.112 seconds
[2022-12-03T05:52:50.934+0000] {processor.py:154} INFO - Started process (PID=13760) to work on /home/airflow/.local/lib/python3.7/site-packages/airflow/example_dags/example_latest_only_with_trigger.py
[2022-12-03T05:52:50.935+0000] {processor.py:756} INFO - Processing file /home/airflow/.local/lib/python3.7/site-packages/airflow/example_dags/example_latest_only_with_trigger.py for tasks to queue
[2022-12-03T05:52:50.938+0000] {logging_mixin.py:137} INFO - [2022-12-03T05:52:50.937+0000] {dagbag.py:537} INFO - Filling up the DagBag from /home/airflow/.local/lib/python3.7/site-packages/airflow/example_dags/example_latest_only_with_trigger.py
[2022-12-03T05:52:50.948+0000] {processor.py:766} INFO - DAG(s) dict_keys(['latest_only_with_trigger']) retrieved from /home/airflow/.local/lib/python3.7/site-packages/airflow/example_dags/example_latest_only_with_trigger.py
[2022-12-03T05:52:50.976+0000] {logging_mixin.py:137} INFO - [2022-12-03T05:52:50.976+0000] {dag.py:2585} INFO - Sync 1 DAGs
[2022-12-03T05:52:50.992+0000] {logging_mixin.py:137} INFO - [2022-12-03T05:52:50.992+0000] {dag.py:3340} INFO - Setting next_dagrun for latest_only_with_trigger to 2022-12-03T01:52:50.992752+00:00, run_after=2022-12-03T05:52:50.992752+00:00
[2022-12-03T05:52:51.006+0000] {processor.py:176} INFO - Processing /home/airflow/.local/lib/python3.7/site-packages/airflow/example_dags/example_latest_only_with_trigger.py took 0.074 seconds
[2022-12-03T07:14:04.508+0000] {processor.py:154} INFO - Started process (PID=13831) to work on /home/airflow/.local/lib/python3.7/site-packages/airflow/example_dags/example_latest_only_with_trigger.py
[2022-12-03T07:14:04.510+0000] {processor.py:756} INFO - Processing file /home/airflow/.local/lib/python3.7/site-packages/airflow/example_dags/example_latest_only_with_trigger.py for tasks to queue
[2022-12-03T07:14:04.511+0000] {logging_mixin.py:137} INFO - [2022-12-03T07:14:04.511+0000] {dagbag.py:537} INFO - Filling up the DagBag from /home/airflow/.local/lib/python3.7/site-packages/airflow/example_dags/example_latest_only_with_trigger.py
[2022-12-03T07:14:04.522+0000] {processor.py:766} INFO - DAG(s) dict_keys(['latest_only_with_trigger']) retrieved from /home/airflow/.local/lib/python3.7/site-packages/airflow/example_dags/example_latest_only_with_trigger.py
[2022-12-03T07:14:04.550+0000] {logging_mixin.py:137} INFO - [2022-12-03T07:14:04.550+0000] {dag.py:2585} INFO - Sync 1 DAGs
[2022-12-03T07:14:04.565+0000] {logging_mixin.py:137} INFO - [2022-12-03T07:14:04.565+0000] {dag.py:3340} INFO - Setting next_dagrun for latest_only_with_trigger to 2022-12-03T03:14:04.565223+00:00, run_after=2022-12-03T07:14:04.565223+00:00
[2022-12-03T07:14:04.579+0000] {processor.py:176} INFO - Processing /home/airflow/.local/lib/python3.7/site-packages/airflow/example_dags/example_latest_only_with_trigger.py took 0.073 seconds
[2022-12-03T08:36:16.531+0000] {processor.py:154} INFO - Started process (PID=13904) to work on /home/airflow/.local/lib/python3.7/site-packages/airflow/example_dags/example_latest_only_with_trigger.py
[2022-12-03T08:36:16.533+0000] {processor.py:756} INFO - Processing file /home/airflow/.local/lib/python3.7/site-packages/airflow/example_dags/example_latest_only_with_trigger.py for tasks to queue
[2022-12-03T08:36:16.534+0000] {logging_mixin.py:137} INFO - [2022-12-03T08:36:16.534+0000] {dagbag.py:537} INFO - Filling up the DagBag from /home/airflow/.local/lib/python3.7/site-packages/airflow/example_dags/example_latest_only_with_trigger.py
[2022-12-03T08:36:16.544+0000] {processor.py:766} INFO - DAG(s) dict_keys(['latest_only_with_trigger']) retrieved from /home/airflow/.local/lib/python3.7/site-packages/airflow/example_dags/example_latest_only_with_trigger.py
[2022-12-03T08:36:16.573+0000] {logging_mixin.py:137} INFO - [2022-12-03T08:36:16.573+0000] {dag.py:2585} INFO - Sync 1 DAGs
[2022-12-03T08:36:16.587+0000] {logging_mixin.py:137} INFO - [2022-12-03T08:36:16.587+0000] {dag.py:3340} INFO - Setting next_dagrun for latest_only_with_trigger to 2022-12-03T04:36:16.587469+00:00, run_after=2022-12-03T08:36:16.587469+00:00
[2022-12-03T08:36:16.601+0000] {processor.py:176} INFO - Processing /home/airflow/.local/lib/python3.7/site-packages/airflow/example_dags/example_latest_only_with_trigger.py took 0.072 seconds
[2022-12-03T09:58:29.700+0000] {processor.py:154} INFO - Started process (PID=13972) to work on /home/airflow/.local/lib/python3.7/site-packages/airflow/example_dags/example_latest_only_with_trigger.py
[2022-12-03T09:58:29.701+0000] {processor.py:756} INFO - Processing file /home/airflow/.local/lib/python3.7/site-packages/airflow/example_dags/example_latest_only_with_trigger.py for tasks to queue
[2022-12-03T09:58:29.702+0000] {logging_mixin.py:137} INFO - [2022-12-03T09:58:29.702+0000] {dagbag.py:537} INFO - Filling up the DagBag from /home/airflow/.local/lib/python3.7/site-packages/airflow/example_dags/example_latest_only_with_trigger.py
[2022-12-03T09:58:29.711+0000] {processor.py:766} INFO - DAG(s) dict_keys(['latest_only_with_trigger']) retrieved from /home/airflow/.local/lib/python3.7/site-packages/airflow/example_dags/example_latest_only_with_trigger.py
[2022-12-03T09:58:29.736+0000] {logging_mixin.py:137} INFO - [2022-12-03T09:58:29.736+0000] {dag.py:2585} INFO - Sync 1 DAGs
[2022-12-03T09:58:29.752+0000] {logging_mixin.py:137} INFO - [2022-12-03T09:58:29.751+0000] {dag.py:3340} INFO - Setting next_dagrun for latest_only_with_trigger to 2022-12-03T05:58:29.751819+00:00, run_after=2022-12-03T09:58:29.751819+00:00
[2022-12-03T09:58:29.764+0000] {processor.py:176} INFO - Processing /home/airflow/.local/lib/python3.7/site-packages/airflow/example_dags/example_latest_only_with_trigger.py took 0.067 seconds
[2022-12-03T11:03:30.627+0000] {processor.py:154} INFO - Started process (PID=14027) to work on /home/airflow/.local/lib/python3.7/site-packages/airflow/example_dags/example_latest_only_with_trigger.py
[2022-12-03T11:03:30.629+0000] {processor.py:756} INFO - Processing file /home/airflow/.local/lib/python3.7/site-packages/airflow/example_dags/example_latest_only_with_trigger.py for tasks to queue
[2022-12-03T11:03:30.630+0000] {logging_mixin.py:137} INFO - [2022-12-03T11:03:30.630+0000] {dagbag.py:537} INFO - Filling up the DagBag from /home/airflow/.local/lib/python3.7/site-packages/airflow/example_dags/example_latest_only_with_trigger.py
[2022-12-03T11:03:30.641+0000] {processor.py:766} INFO - DAG(s) dict_keys(['latest_only_with_trigger']) retrieved from /home/airflow/.local/lib/python3.7/site-packages/airflow/example_dags/example_latest_only_with_trigger.py
[2022-12-03T11:03:30.673+0000] {logging_mixin.py:137} INFO - [2022-12-03T11:03:30.672+0000] {dag.py:2585} INFO - Sync 1 DAGs
[2022-12-03T11:03:30.691+0000] {logging_mixin.py:137} INFO - [2022-12-03T11:03:30.691+0000] {dag.py:3340} INFO - Setting next_dagrun for latest_only_with_trigger to 2022-12-03T07:03:30.691651+00:00, run_after=2022-12-03T11:03:30.691651+00:00
[2022-12-03T11:03:30.704+0000] {processor.py:176} INFO - Processing /home/airflow/.local/lib/python3.7/site-packages/airflow/example_dags/example_latest_only_with_trigger.py took 0.081 seconds
[2022-12-03T11:21:00.974+0000] {processor.py:154} INFO - Started process (PID=14101) to work on /home/airflow/.local/lib/python3.7/site-packages/airflow/example_dags/example_latest_only_with_trigger.py
[2022-12-03T11:21:00.979+0000] {processor.py:756} INFO - Processing file /home/airflow/.local/lib/python3.7/site-packages/airflow/example_dags/example_latest_only_with_trigger.py for tasks to queue
[2022-12-03T11:21:00.985+0000] {logging_mixin.py:137} INFO - [2022-12-03T11:21:00.985+0000] {dagbag.py:537} INFO - Filling up the DagBag from /home/airflow/.local/lib/python3.7/site-packages/airflow/example_dags/example_latest_only_with_trigger.py
[2022-12-03T11:21:01.028+0000] {processor.py:766} INFO - DAG(s) dict_keys(['latest_only_with_trigger']) retrieved from /home/airflow/.local/lib/python3.7/site-packages/airflow/example_dags/example_latest_only_with_trigger.py
[2022-12-03T11:21:01.088+0000] {logging_mixin.py:137} INFO - [2022-12-03T11:21:01.088+0000] {dag.py:2585} INFO - Sync 1 DAGs
[2022-12-03T11:21:01.120+0000] {logging_mixin.py:137} INFO - [2022-12-03T11:21:01.120+0000] {dag.py:3340} INFO - Setting next_dagrun for latest_only_with_trigger to 2022-12-03T07:21:01.119638+00:00, run_after=2022-12-03T11:21:01.119638+00:00
[2022-12-03T11:21:01.146+0000] {processor.py:176} INFO - Processing /home/airflow/.local/lib/python3.7/site-packages/airflow/example_dags/example_latest_only_with_trigger.py took 0.175 seconds
[2022-12-03T12:21:04.562+0000] {processor.py:154} INFO - Started process (PID=14174) to work on /home/airflow/.local/lib/python3.7/site-packages/airflow/example_dags/example_latest_only_with_trigger.py
[2022-12-03T12:21:04.564+0000] {processor.py:756} INFO - Processing file /home/airflow/.local/lib/python3.7/site-packages/airflow/example_dags/example_latest_only_with_trigger.py for tasks to queue
[2022-12-03T12:21:04.565+0000] {logging_mixin.py:137} INFO - [2022-12-03T12:21:04.565+0000] {dagbag.py:537} INFO - Filling up the DagBag from /home/airflow/.local/lib/python3.7/site-packages/airflow/example_dags/example_latest_only_with_trigger.py
[2022-12-03T12:21:04.576+0000] {processor.py:766} INFO - DAG(s) dict_keys(['latest_only_with_trigger']) retrieved from /home/airflow/.local/lib/python3.7/site-packages/airflow/example_dags/example_latest_only_with_trigger.py
[2022-12-03T12:21:04.606+0000] {logging_mixin.py:137} INFO - [2022-12-03T12:21:04.606+0000] {dag.py:2585} INFO - Sync 1 DAGs
[2022-12-03T12:21:04.623+0000] {logging_mixin.py:137} INFO - [2022-12-03T12:21:04.623+0000] {dag.py:3340} INFO - Setting next_dagrun for latest_only_with_trigger to 2022-12-03T08:21:04.622906+00:00, run_after=2022-12-03T12:21:04.622906+00:00
[2022-12-03T12:21:04.638+0000] {processor.py:176} INFO - Processing /home/airflow/.local/lib/python3.7/site-packages/airflow/example_dags/example_latest_only_with_trigger.py took 0.078 seconds
[2022-12-03T13:24:17.608+0000] {processor.py:154} INFO - Started process (PID=14249) to work on /home/airflow/.local/lib/python3.7/site-packages/airflow/example_dags/example_latest_only_with_trigger.py
[2022-12-03T13:24:17.609+0000] {processor.py:756} INFO - Processing file /home/airflow/.local/lib/python3.7/site-packages/airflow/example_dags/example_latest_only_with_trigger.py for tasks to queue
[2022-12-03T13:24:17.610+0000] {logging_mixin.py:137} INFO - [2022-12-03T13:24:17.610+0000] {dagbag.py:537} INFO - Filling up the DagBag from /home/airflow/.local/lib/python3.7/site-packages/airflow/example_dags/example_latest_only_with_trigger.py
[2022-12-03T13:24:17.621+0000] {processor.py:766} INFO - DAG(s) dict_keys(['latest_only_with_trigger']) retrieved from /home/airflow/.local/lib/python3.7/site-packages/airflow/example_dags/example_latest_only_with_trigger.py
[2022-12-03T13:24:17.655+0000] {logging_mixin.py:137} INFO - [2022-12-03T13:24:17.655+0000] {dag.py:2585} INFO - Sync 1 DAGs
[2022-12-03T13:24:17.672+0000] {logging_mixin.py:137} INFO - [2022-12-03T13:24:17.672+0000] {dag.py:3340} INFO - Setting next_dagrun for latest_only_with_trigger to 2022-12-03T09:24:17.672626+00:00, run_after=2022-12-03T13:24:17.672626+00:00
[2022-12-03T13:24:17.685+0000] {processor.py:176} INFO - Processing /home/airflow/.local/lib/python3.7/site-packages/airflow/example_dags/example_latest_only_with_trigger.py took 0.080 seconds
[2022-12-03T14:43:47.354+0000] {processor.py:154} INFO - Started process (PID=14304) to work on /home/airflow/.local/lib/python3.7/site-packages/airflow/example_dags/example_latest_only_with_trigger.py
[2022-12-03T14:43:47.356+0000] {processor.py:756} INFO - Processing file /home/airflow/.local/lib/python3.7/site-packages/airflow/example_dags/example_latest_only_with_trigger.py for tasks to queue
[2022-12-03T14:43:47.358+0000] {logging_mixin.py:137} INFO - [2022-12-03T14:43:47.358+0000] {dagbag.py:537} INFO - Filling up the DagBag from /home/airflow/.local/lib/python3.7/site-packages/airflow/example_dags/example_latest_only_with_trigger.py
[2022-12-03T14:43:47.368+0000] {processor.py:766} INFO - DAG(s) dict_keys(['latest_only_with_trigger']) retrieved from /home/airflow/.local/lib/python3.7/site-packages/airflow/example_dags/example_latest_only_with_trigger.py
[2022-12-03T14:43:47.398+0000] {logging_mixin.py:137} INFO - [2022-12-03T14:43:47.398+0000] {dag.py:2585} INFO - Sync 1 DAGs
[2022-12-03T14:43:47.413+0000] {logging_mixin.py:137} INFO - [2022-12-03T14:43:47.413+0000] {dag.py:3340} INFO - Setting next_dagrun for latest_only_with_trigger to 2022-12-03T10:43:47.413571+00:00, run_after=2022-12-03T14:43:47.413571+00:00
[2022-12-03T14:43:47.427+0000] {processor.py:176} INFO - Processing /home/airflow/.local/lib/python3.7/site-packages/airflow/example_dags/example_latest_only_with_trigger.py took 0.075 seconds
[2022-12-03T16:02:59.670+0000] {processor.py:154} INFO - Started process (PID=14370) to work on /home/airflow/.local/lib/python3.7/site-packages/airflow/example_dags/example_latest_only_with_trigger.py
[2022-12-03T16:02:59.744+0000] {processor.py:756} INFO - Processing file /home/airflow/.local/lib/python3.7/site-packages/airflow/example_dags/example_latest_only_with_trigger.py for tasks to queue
[2022-12-03T16:02:59.745+0000] {logging_mixin.py:137} INFO - [2022-12-03T16:02:59.745+0000] {dagbag.py:537} INFO - Filling up the DagBag from /home/airflow/.local/lib/python3.7/site-packages/airflow/example_dags/example_latest_only_with_trigger.py
[2022-12-03T16:02:59.758+0000] {processor.py:766} INFO - DAG(s) dict_keys(['latest_only_with_trigger']) retrieved from /home/airflow/.local/lib/python3.7/site-packages/airflow/example_dags/example_latest_only_with_trigger.py
[2022-12-03T16:02:59.796+0000] {logging_mixin.py:137} INFO - [2022-12-03T16:02:59.796+0000] {dag.py:2585} INFO - Sync 1 DAGs
[2022-12-03T16:02:59.816+0000] {logging_mixin.py:137} INFO - [2022-12-03T16:02:59.816+0000] {dag.py:3340} INFO - Setting next_dagrun for latest_only_with_trigger to 2022-12-03T12:02:59.816136+00:00, run_after=2022-12-03T16:02:59.816136+00:00
[2022-12-03T16:02:59.838+0000] {processor.py:176} INFO - Processing /home/airflow/.local/lib/python3.7/site-packages/airflow/example_dags/example_latest_only_with_trigger.py took 0.174 seconds
[2022-12-03T17:24:32.331+0000] {processor.py:154} INFO - Started process (PID=14438) to work on /home/airflow/.local/lib/python3.7/site-packages/airflow/example_dags/example_latest_only_with_trigger.py
[2022-12-03T17:24:32.334+0000] {processor.py:756} INFO - Processing file /home/airflow/.local/lib/python3.7/site-packages/airflow/example_dags/example_latest_only_with_trigger.py for tasks to queue
[2022-12-03T17:24:32.336+0000] {logging_mixin.py:137} INFO - [2022-12-03T17:24:32.336+0000] {dagbag.py:537} INFO - Filling up the DagBag from /home/airflow/.local/lib/python3.7/site-packages/airflow/example_dags/example_latest_only_with_trigger.py
[2022-12-03T17:24:32.350+0000] {processor.py:766} INFO - DAG(s) dict_keys(['latest_only_with_trigger']) retrieved from /home/airflow/.local/lib/python3.7/site-packages/airflow/example_dags/example_latest_only_with_trigger.py
[2022-12-03T17:24:32.584+0000] {logging_mixin.py:137} INFO - [2022-12-03T17:24:32.584+0000] {dag.py:2585} INFO - Sync 1 DAGs
[2022-12-03T17:24:32.609+0000] {logging_mixin.py:137} INFO - [2022-12-03T17:24:32.609+0000] {dag.py:3340} INFO - Setting next_dagrun for latest_only_with_trigger to 2022-12-03T13:24:32.609163+00:00, run_after=2022-12-03T17:24:32.609163+00:00
[2022-12-03T17:24:32.649+0000] {processor.py:176} INFO - Processing /home/airflow/.local/lib/python3.7/site-packages/airflow/example_dags/example_latest_only_with_trigger.py took 0.320 seconds
[2022-12-03T18:46:58.858+0000] {processor.py:154} INFO - Started process (PID=14505) to work on /home/airflow/.local/lib/python3.7/site-packages/airflow/example_dags/example_latest_only_with_trigger.py
[2022-12-03T18:46:58.861+0000] {processor.py:756} INFO - Processing file /home/airflow/.local/lib/python3.7/site-packages/airflow/example_dags/example_latest_only_with_trigger.py for tasks to queue
[2022-12-03T18:46:58.862+0000] {logging_mixin.py:137} INFO - [2022-12-03T18:46:58.862+0000] {dagbag.py:537} INFO - Filling up the DagBag from /home/airflow/.local/lib/python3.7/site-packages/airflow/example_dags/example_latest_only_with_trigger.py
[2022-12-03T18:46:58.873+0000] {processor.py:766} INFO - DAG(s) dict_keys(['latest_only_with_trigger']) retrieved from /home/airflow/.local/lib/python3.7/site-packages/airflow/example_dags/example_latest_only_with_trigger.py
[2022-12-03T18:46:58.902+0000] {logging_mixin.py:137} INFO - [2022-12-03T18:46:58.902+0000] {dag.py:2585} INFO - Sync 1 DAGs
[2022-12-03T18:46:58.918+0000] {logging_mixin.py:137} INFO - [2022-12-03T18:46:58.918+0000] {dag.py:3340} INFO - Setting next_dagrun for latest_only_with_trigger to 2022-12-03T14:46:58.918762+00:00, run_after=2022-12-03T18:46:58.918762+00:00
[2022-12-03T18:46:58.931+0000] {processor.py:176} INFO - Processing /home/airflow/.local/lib/python3.7/site-packages/airflow/example_dags/example_latest_only_with_trigger.py took 0.075 seconds
[2022-12-03T19:40:02.106+0000] {processor.py:154} INFO - Started process (PID=14562) to work on /home/airflow/.local/lib/python3.7/site-packages/airflow/example_dags/example_latest_only_with_trigger.py
[2022-12-03T19:40:02.110+0000] {processor.py:756} INFO - Processing file /home/airflow/.local/lib/python3.7/site-packages/airflow/example_dags/example_latest_only_with_trigger.py for tasks to queue
[2022-12-03T19:40:02.111+0000] {logging_mixin.py:137} INFO - [2022-12-03T19:40:02.111+0000] {dagbag.py:537} INFO - Filling up the DagBag from /home/airflow/.local/lib/python3.7/site-packages/airflow/example_dags/example_latest_only_with_trigger.py
[2022-12-03T19:40:02.135+0000] {processor.py:766} INFO - DAG(s) dict_keys(['latest_only_with_trigger']) retrieved from /home/airflow/.local/lib/python3.7/site-packages/airflow/example_dags/example_latest_only_with_trigger.py
[2022-12-03T19:40:02.181+0000] {logging_mixin.py:137} INFO - [2022-12-03T19:40:02.181+0000] {dag.py:2585} INFO - Sync 1 DAGs
[2022-12-03T19:40:02.229+0000] {logging_mixin.py:137} INFO - [2022-12-03T19:40:02.229+0000] {dag.py:3340} INFO - Setting next_dagrun for latest_only_with_trigger to 2022-12-03T15:40:02.229304+00:00, run_after=2022-12-03T19:40:02.229304+00:00
[2022-12-03T19:40:02.252+0000] {processor.py:176} INFO - Processing /home/airflow/.local/lib/python3.7/site-packages/airflow/example_dags/example_latest_only_with_trigger.py took 0.151 seconds
[2022-12-03T20:15:09.976+0000] {processor.py:154} INFO - Started process (PID=14628) to work on /home/airflow/.local/lib/python3.7/site-packages/airflow/example_dags/example_latest_only_with_trigger.py
[2022-12-03T20:15:09.982+0000] {processor.py:756} INFO - Processing file /home/airflow/.local/lib/python3.7/site-packages/airflow/example_dags/example_latest_only_with_trigger.py for tasks to queue
[2022-12-03T20:15:09.984+0000] {logging_mixin.py:137} INFO - [2022-12-03T20:15:09.984+0000] {dagbag.py:537} INFO - Filling up the DagBag from /home/airflow/.local/lib/python3.7/site-packages/airflow/example_dags/example_latest_only_with_trigger.py
[2022-12-03T20:15:10.000+0000] {processor.py:766} INFO - DAG(s) dict_keys(['latest_only_with_trigger']) retrieved from /home/airflow/.local/lib/python3.7/site-packages/airflow/example_dags/example_latest_only_with_trigger.py
[2022-12-03T20:15:10.046+0000] {logging_mixin.py:137} INFO - [2022-12-03T20:15:10.046+0000] {dag.py:2585} INFO - Sync 1 DAGs
[2022-12-03T20:15:10.070+0000] {logging_mixin.py:137} INFO - [2022-12-03T20:15:10.070+0000] {dag.py:3340} INFO - Setting next_dagrun for latest_only_with_trigger to 2022-12-03T16:15:10.070115+00:00, run_after=2022-12-03T20:15:10.070115+00:00
[2022-12-03T20:15:10.090+0000] {processor.py:176} INFO - Processing /home/airflow/.local/lib/python3.7/site-packages/airflow/example_dags/example_latest_only_with_trigger.py took 0.118 seconds
[2022-12-03T20:47:36.528+0000] {processor.py:154} INFO - Started process (PID=14693) to work on /home/airflow/.local/lib/python3.7/site-packages/airflow/example_dags/example_latest_only_with_trigger.py
[2022-12-03T20:47:36.530+0000] {processor.py:756} INFO - Processing file /home/airflow/.local/lib/python3.7/site-packages/airflow/example_dags/example_latest_only_with_trigger.py for tasks to queue
[2022-12-03T20:47:36.531+0000] {logging_mixin.py:137} INFO - [2022-12-03T20:47:36.531+0000] {dagbag.py:537} INFO - Filling up the DagBag from /home/airflow/.local/lib/python3.7/site-packages/airflow/example_dags/example_latest_only_with_trigger.py
[2022-12-03T20:47:36.569+0000] {processor.py:766} INFO - DAG(s) dict_keys(['latest_only_with_trigger']) retrieved from /home/airflow/.local/lib/python3.7/site-packages/airflow/example_dags/example_latest_only_with_trigger.py
[2022-12-03T20:47:36.620+0000] {logging_mixin.py:137} INFO - [2022-12-03T20:47:36.620+0000] {dag.py:2585} INFO - Sync 1 DAGs
[2022-12-03T20:47:36.703+0000] {logging_mixin.py:137} INFO - [2022-12-03T20:47:36.702+0000] {dag.py:3340} INFO - Setting next_dagrun for latest_only_with_trigger to 2022-12-03T16:47:36.702659+00:00, run_after=2022-12-03T20:47:36.702659+00:00
[2022-12-03T20:47:36.758+0000] {processor.py:176} INFO - Processing /home/airflow/.local/lib/python3.7/site-packages/airflow/example_dags/example_latest_only_with_trigger.py took 0.231 seconds
[2022-12-03T22:10:13.203+0000] {processor.py:154} INFO - Started process (PID=14763) to work on /home/airflow/.local/lib/python3.7/site-packages/airflow/example_dags/example_latest_only_with_trigger.py
[2022-12-03T22:10:13.204+0000] {processor.py:756} INFO - Processing file /home/airflow/.local/lib/python3.7/site-packages/airflow/example_dags/example_latest_only_with_trigger.py for tasks to queue
[2022-12-03T22:10:13.205+0000] {logging_mixin.py:137} INFO - [2022-12-03T22:10:13.205+0000] {dagbag.py:537} INFO - Filling up the DagBag from /home/airflow/.local/lib/python3.7/site-packages/airflow/example_dags/example_latest_only_with_trigger.py
[2022-12-03T22:10:13.214+0000] {processor.py:766} INFO - DAG(s) dict_keys(['latest_only_with_trigger']) retrieved from /home/airflow/.local/lib/python3.7/site-packages/airflow/example_dags/example_latest_only_with_trigger.py
[2022-12-03T22:10:13.240+0000] {logging_mixin.py:137} INFO - [2022-12-03T22:10:13.240+0000] {dag.py:2585} INFO - Sync 1 DAGs
[2022-12-03T22:10:13.253+0000] {logging_mixin.py:137} INFO - [2022-12-03T22:10:13.253+0000] {dag.py:3340} INFO - Setting next_dagrun for latest_only_with_trigger to 2022-12-03T18:10:13.253547+00:00, run_after=2022-12-03T22:10:13.253547+00:00
[2022-12-03T22:10:13.263+0000] {processor.py:176} INFO - Processing /home/airflow/.local/lib/python3.7/site-packages/airflow/example_dags/example_latest_only_with_trigger.py took 0.062 seconds
[2022-12-03T23:31:52.495+0000] {processor.py:154} INFO - Started process (PID=14822) to work on /home/airflow/.local/lib/python3.7/site-packages/airflow/example_dags/example_latest_only_with_trigger.py
[2022-12-03T23:31:52.498+0000] {processor.py:756} INFO - Processing file /home/airflow/.local/lib/python3.7/site-packages/airflow/example_dags/example_latest_only_with_trigger.py for tasks to queue
[2022-12-03T23:31:52.499+0000] {logging_mixin.py:137} INFO - [2022-12-03T23:31:52.498+0000] {dagbag.py:537} INFO - Filling up the DagBag from /home/airflow/.local/lib/python3.7/site-packages/airflow/example_dags/example_latest_only_with_trigger.py
[2022-12-03T23:31:52.509+0000] {processor.py:766} INFO - DAG(s) dict_keys(['latest_only_with_trigger']) retrieved from /home/airflow/.local/lib/python3.7/site-packages/airflow/example_dags/example_latest_only_with_trigger.py
[2022-12-03T23:31:52.536+0000] {logging_mixin.py:137} INFO - [2022-12-03T23:31:52.536+0000] {dag.py:2585} INFO - Sync 1 DAGs
[2022-12-03T23:31:52.551+0000] {logging_mixin.py:137} INFO - [2022-12-03T23:31:52.550+0000] {dag.py:3340} INFO - Setting next_dagrun for latest_only_with_trigger to 2022-12-03T19:31:52.550792+00:00, run_after=2022-12-03T23:31:52.550792+00:00
[2022-12-03T23:31:52.564+0000] {processor.py:176} INFO - Processing /home/airflow/.local/lib/python3.7/site-packages/airflow/example_dags/example_latest_only_with_trigger.py took 0.070 seconds
