[2022-12-03T00:24:09.061+0000] {processor.py:154} INFO - Started process (PID=13500) to work on /home/airflow/.local/lib/python3.7/site-packages/airflow/example_dags/example_complex.py
[2022-12-03T00:24:09.067+0000] {processor.py:756} INFO - Processing file /home/airflow/.local/lib/python3.7/site-packages/airflow/example_dags/example_complex.py for tasks to queue
[2022-12-03T00:24:09.070+0000] {logging_mixin.py:137} INFO - [2022-12-03T00:24:09.070+0000] {dagbag.py:537} INFO - Filling up the DagBag from /home/airflow/.local/lib/python3.7/site-packages/airflow/example_dags/example_complex.py
[2022-12-03T00:24:09.119+0000] {logging_mixin.py:137} INFO - [2022-12-03T00:24:09.119+0000] {taskmixin.py:205} WARNING - Dependency <Task(BashOperator): create_entry_group>, delete_entry_group already registered for DAG: example_complex
[2022-12-03T00:24:09.121+0000] {logging_mixin.py:137} INFO - [2022-12-03T00:24:09.121+0000] {taskmixin.py:205} WARNING - Dependency <Task(BashOperator): delete_entry_group>, create_entry_group already registered for DAG: example_complex
[2022-12-03T00:24:09.122+0000] {logging_mixin.py:137} INFO - [2022-12-03T00:24:09.122+0000] {taskmixin.py:205} WARNING - Dependency <Task(BashOperator): create_entry_gcs>, delete_entry already registered for DAG: example_complex
[2022-12-03T00:24:09.123+0000] {logging_mixin.py:137} INFO - [2022-12-03T00:24:09.123+0000] {taskmixin.py:205} WARNING - Dependency <Task(BashOperator): delete_entry>, create_entry_gcs already registered for DAG: example_complex
[2022-12-03T00:24:09.125+0000] {logging_mixin.py:137} INFO - [2022-12-03T00:24:09.125+0000] {taskmixin.py:205} WARNING - Dependency <Task(BashOperator): create_tag>, delete_tag already registered for DAG: example_complex
[2022-12-03T00:24:09.126+0000] {logging_mixin.py:137} INFO - [2022-12-03T00:24:09.126+0000] {taskmixin.py:205} WARNING - Dependency <Task(BashOperator): delete_tag>, create_tag already registered for DAG: example_complex
[2022-12-03T00:24:09.138+0000] {processor.py:766} INFO - DAG(s) dict_keys(['example_complex']) retrieved from /home/airflow/.local/lib/python3.7/site-packages/airflow/example_dags/example_complex.py
[2022-12-03T00:24:09.259+0000] {logging_mixin.py:137} INFO - [2022-12-03T00:24:09.259+0000] {dag.py:2585} INFO - Sync 1 DAGs
[2022-12-03T00:24:09.296+0000] {logging_mixin.py:137} INFO - [2022-12-03T00:24:09.295+0000] {dag.py:3340} INFO - Setting next_dagrun for example_complex to None, run_after=None
[2022-12-03T00:24:09.314+0000] {processor.py:176} INFO - Processing /home/airflow/.local/lib/python3.7/site-packages/airflow/example_dags/example_complex.py took 0.266 seconds
[2022-12-03T01:45:41.426+0000] {processor.py:154} INFO - Started process (PID=13569) to work on /home/airflow/.local/lib/python3.7/site-packages/airflow/example_dags/example_complex.py
[2022-12-03T01:45:41.428+0000] {processor.py:756} INFO - Processing file /home/airflow/.local/lib/python3.7/site-packages/airflow/example_dags/example_complex.py for tasks to queue
[2022-12-03T01:45:41.429+0000] {logging_mixin.py:137} INFO - [2022-12-03T01:45:41.429+0000] {dagbag.py:537} INFO - Filling up the DagBag from /home/airflow/.local/lib/python3.7/site-packages/airflow/example_dags/example_complex.py
[2022-12-03T01:45:41.437+0000] {logging_mixin.py:137} INFO - [2022-12-03T01:45:41.437+0000] {taskmixin.py:205} WARNING - Dependency <Task(BashOperator): create_entry_group>, delete_entry_group already registered for DAG: example_complex
[2022-12-03T01:45:41.438+0000] {logging_mixin.py:137} INFO - [2022-12-03T01:45:41.438+0000] {taskmixin.py:205} WARNING - Dependency <Task(BashOperator): delete_entry_group>, create_entry_group already registered for DAG: example_complex
[2022-12-03T01:45:41.439+0000] {logging_mixin.py:137} INFO - [2022-12-03T01:45:41.439+0000] {taskmixin.py:205} WARNING - Dependency <Task(BashOperator): create_entry_gcs>, delete_entry already registered for DAG: example_complex
[2022-12-03T01:45:41.440+0000] {logging_mixin.py:137} INFO - [2022-12-03T01:45:41.440+0000] {taskmixin.py:205} WARNING - Dependency <Task(BashOperator): delete_entry>, create_entry_gcs already registered for DAG: example_complex
[2022-12-03T01:45:41.442+0000] {logging_mixin.py:137} INFO - [2022-12-03T01:45:41.442+0000] {taskmixin.py:205} WARNING - Dependency <Task(BashOperator): create_tag>, delete_tag already registered for DAG: example_complex
[2022-12-03T01:45:41.443+0000] {logging_mixin.py:137} INFO - [2022-12-03T01:45:41.443+0000] {taskmixin.py:205} WARNING - Dependency <Task(BashOperator): delete_tag>, create_tag already registered for DAG: example_complex
[2022-12-03T01:45:41.449+0000] {processor.py:766} INFO - DAG(s) dict_keys(['example_complex']) retrieved from /home/airflow/.local/lib/python3.7/site-packages/airflow/example_dags/example_complex.py
[2022-12-03T01:45:41.479+0000] {logging_mixin.py:137} INFO - [2022-12-03T01:45:41.479+0000] {dag.py:2585} INFO - Sync 1 DAGs
[2022-12-03T01:45:41.497+0000] {logging_mixin.py:137} INFO - [2022-12-03T01:45:41.497+0000] {dag.py:3340} INFO - Setting next_dagrun for example_complex to None, run_after=None
[2022-12-03T01:45:41.509+0000] {processor.py:176} INFO - Processing /home/airflow/.local/lib/python3.7/site-packages/airflow/example_dags/example_complex.py took 0.085 seconds
[2022-12-03T03:05:50.394+0000] {processor.py:154} INFO - Started process (PID=13637) to work on /home/airflow/.local/lib/python3.7/site-packages/airflow/example_dags/example_complex.py
[2022-12-03T03:05:50.397+0000] {processor.py:756} INFO - Processing file /home/airflow/.local/lib/python3.7/site-packages/airflow/example_dags/example_complex.py for tasks to queue
[2022-12-03T03:05:50.399+0000] {logging_mixin.py:137} INFO - [2022-12-03T03:05:50.399+0000] {dagbag.py:537} INFO - Filling up the DagBag from /home/airflow/.local/lib/python3.7/site-packages/airflow/example_dags/example_complex.py
[2022-12-03T03:05:50.415+0000] {logging_mixin.py:137} INFO - [2022-12-03T03:05:50.414+0000] {taskmixin.py:205} WARNING - Dependency <Task(BashOperator): create_entry_group>, delete_entry_group already registered for DAG: example_complex
[2022-12-03T03:05:50.417+0000] {logging_mixin.py:137} INFO - [2022-12-03T03:05:50.416+0000] {taskmixin.py:205} WARNING - Dependency <Task(BashOperator): delete_entry_group>, create_entry_group already registered for DAG: example_complex
[2022-12-03T03:05:50.418+0000] {logging_mixin.py:137} INFO - [2022-12-03T03:05:50.418+0000] {taskmixin.py:205} WARNING - Dependency <Task(BashOperator): create_entry_gcs>, delete_entry already registered for DAG: example_complex
[2022-12-03T03:05:50.419+0000] {logging_mixin.py:137} INFO - [2022-12-03T03:05:50.419+0000] {taskmixin.py:205} WARNING - Dependency <Task(BashOperator): delete_entry>, create_entry_gcs already registered for DAG: example_complex
[2022-12-03T03:05:50.421+0000] {logging_mixin.py:137} INFO - [2022-12-03T03:05:50.420+0000] {taskmixin.py:205} WARNING - Dependency <Task(BashOperator): create_tag>, delete_tag already registered for DAG: example_complex
[2022-12-03T03:05:50.421+0000] {logging_mixin.py:137} INFO - [2022-12-03T03:05:50.421+0000] {taskmixin.py:205} WARNING - Dependency <Task(BashOperator): delete_tag>, create_tag already registered for DAG: example_complex
[2022-12-03T03:05:50.428+0000] {processor.py:766} INFO - DAG(s) dict_keys(['example_complex']) retrieved from /home/airflow/.local/lib/python3.7/site-packages/airflow/example_dags/example_complex.py
[2022-12-03T03:05:50.511+0000] {logging_mixin.py:137} INFO - [2022-12-03T03:05:50.511+0000] {dag.py:2585} INFO - Sync 1 DAGs
[2022-12-03T03:05:50.555+0000] {logging_mixin.py:137} INFO - [2022-12-03T03:05:50.555+0000] {dag.py:3340} INFO - Setting next_dagrun for example_complex to None, run_after=None
[2022-12-03T03:05:50.579+0000] {processor.py:176} INFO - Processing /home/airflow/.local/lib/python3.7/site-packages/airflow/example_dags/example_complex.py took 0.189 seconds
[2022-12-03T04:30:00.686+0000] {processor.py:154} INFO - Started process (PID=13704) to work on /home/airflow/.local/lib/python3.7/site-packages/airflow/example_dags/example_complex.py
[2022-12-03T04:30:00.688+0000] {processor.py:756} INFO - Processing file /home/airflow/.local/lib/python3.7/site-packages/airflow/example_dags/example_complex.py for tasks to queue
[2022-12-03T04:30:00.690+0000] {logging_mixin.py:137} INFO - [2022-12-03T04:30:00.690+0000] {dagbag.py:537} INFO - Filling up the DagBag from /home/airflow/.local/lib/python3.7/site-packages/airflow/example_dags/example_complex.py
[2022-12-03T04:30:00.698+0000] {logging_mixin.py:137} INFO - [2022-12-03T04:30:00.698+0000] {taskmixin.py:205} WARNING - Dependency <Task(BashOperator): create_entry_group>, delete_entry_group already registered for DAG: example_complex
[2022-12-03T04:30:00.700+0000] {logging_mixin.py:137} INFO - [2022-12-03T04:30:00.700+0000] {taskmixin.py:205} WARNING - Dependency <Task(BashOperator): delete_entry_group>, create_entry_group already registered for DAG: example_complex
[2022-12-03T04:30:00.701+0000] {logging_mixin.py:137} INFO - [2022-12-03T04:30:00.701+0000] {taskmixin.py:205} WARNING - Dependency <Task(BashOperator): create_entry_gcs>, delete_entry already registered for DAG: example_complex
[2022-12-03T04:30:00.702+0000] {logging_mixin.py:137} INFO - [2022-12-03T04:30:00.702+0000] {taskmixin.py:205} WARNING - Dependency <Task(BashOperator): delete_entry>, create_entry_gcs already registered for DAG: example_complex
[2022-12-03T04:30:00.703+0000] {logging_mixin.py:137} INFO - [2022-12-03T04:30:00.703+0000] {taskmixin.py:205} WARNING - Dependency <Task(BashOperator): create_tag>, delete_tag already registered for DAG: example_complex
[2022-12-03T04:30:00.704+0000] {logging_mixin.py:137} INFO - [2022-12-03T04:30:00.704+0000] {taskmixin.py:205} WARNING - Dependency <Task(BashOperator): delete_tag>, create_tag already registered for DAG: example_complex
[2022-12-03T04:30:00.710+0000] {processor.py:766} INFO - DAG(s) dict_keys(['example_complex']) retrieved from /home/airflow/.local/lib/python3.7/site-packages/airflow/example_dags/example_complex.py
[2022-12-03T04:30:00.744+0000] {logging_mixin.py:137} INFO - [2022-12-03T04:30:00.744+0000] {dag.py:2585} INFO - Sync 1 DAGs
[2022-12-03T04:30:00.763+0000] {logging_mixin.py:137} INFO - [2022-12-03T04:30:00.763+0000] {dag.py:3340} INFO - Setting next_dagrun for example_complex to None, run_after=None
[2022-12-03T04:30:00.785+0000] {processor.py:176} INFO - Processing /home/airflow/.local/lib/python3.7/site-packages/airflow/example_dags/example_complex.py took 0.102 seconds
[2022-12-03T05:52:51.158+0000] {processor.py:154} INFO - Started process (PID=13765) to work on /home/airflow/.local/lib/python3.7/site-packages/airflow/example_dags/example_complex.py
[2022-12-03T05:52:51.160+0000] {processor.py:756} INFO - Processing file /home/airflow/.local/lib/python3.7/site-packages/airflow/example_dags/example_complex.py for tasks to queue
[2022-12-03T05:52:51.162+0000] {logging_mixin.py:137} INFO - [2022-12-03T05:52:51.161+0000] {dagbag.py:537} INFO - Filling up the DagBag from /home/airflow/.local/lib/python3.7/site-packages/airflow/example_dags/example_complex.py
[2022-12-03T05:52:51.169+0000] {logging_mixin.py:137} INFO - [2022-12-03T05:52:51.169+0000] {taskmixin.py:205} WARNING - Dependency <Task(BashOperator): create_entry_group>, delete_entry_group already registered for DAG: example_complex
[2022-12-03T05:52:51.170+0000] {logging_mixin.py:137} INFO - [2022-12-03T05:52:51.170+0000] {taskmixin.py:205} WARNING - Dependency <Task(BashOperator): delete_entry_group>, create_entry_group already registered for DAG: example_complex
[2022-12-03T05:52:51.172+0000] {logging_mixin.py:137} INFO - [2022-12-03T05:52:51.172+0000] {taskmixin.py:205} WARNING - Dependency <Task(BashOperator): create_entry_gcs>, delete_entry already registered for DAG: example_complex
[2022-12-03T05:52:51.173+0000] {logging_mixin.py:137} INFO - [2022-12-03T05:52:51.173+0000] {taskmixin.py:205} WARNING - Dependency <Task(BashOperator): delete_entry>, create_entry_gcs already registered for DAG: example_complex
[2022-12-03T05:52:51.174+0000] {logging_mixin.py:137} INFO - [2022-12-03T05:52:51.174+0000] {taskmixin.py:205} WARNING - Dependency <Task(BashOperator): create_tag>, delete_tag already registered for DAG: example_complex
[2022-12-03T05:52:51.176+0000] {logging_mixin.py:137} INFO - [2022-12-03T05:52:51.176+0000] {taskmixin.py:205} WARNING - Dependency <Task(BashOperator): delete_tag>, create_tag already registered for DAG: example_complex
[2022-12-03T05:52:51.181+0000] {processor.py:766} INFO - DAG(s) dict_keys(['example_complex']) retrieved from /home/airflow/.local/lib/python3.7/site-packages/airflow/example_dags/example_complex.py
[2022-12-03T05:52:51.211+0000] {logging_mixin.py:137} INFO - [2022-12-03T05:52:51.211+0000] {dag.py:2585} INFO - Sync 1 DAGs
[2022-12-03T05:52:51.227+0000] {logging_mixin.py:137} INFO - [2022-12-03T05:52:51.227+0000] {dag.py:3340} INFO - Setting next_dagrun for example_complex to None, run_after=None
[2022-12-03T05:52:51.240+0000] {processor.py:176} INFO - Processing /home/airflow/.local/lib/python3.7/site-packages/airflow/example_dags/example_complex.py took 0.084 seconds
[2022-12-03T07:14:04.742+0000] {processor.py:154} INFO - Started process (PID=13836) to work on /home/airflow/.local/lib/python3.7/site-packages/airflow/example_dags/example_complex.py
[2022-12-03T07:14:04.743+0000] {processor.py:756} INFO - Processing file /home/airflow/.local/lib/python3.7/site-packages/airflow/example_dags/example_complex.py for tasks to queue
[2022-12-03T07:14:04.744+0000] {logging_mixin.py:137} INFO - [2022-12-03T07:14:04.744+0000] {dagbag.py:537} INFO - Filling up the DagBag from /home/airflow/.local/lib/python3.7/site-packages/airflow/example_dags/example_complex.py
[2022-12-03T07:14:04.752+0000] {logging_mixin.py:137} INFO - [2022-12-03T07:14:04.752+0000] {taskmixin.py:205} WARNING - Dependency <Task(BashOperator): create_entry_group>, delete_entry_group already registered for DAG: example_complex
[2022-12-03T07:14:04.753+0000] {logging_mixin.py:137} INFO - [2022-12-03T07:14:04.753+0000] {taskmixin.py:205} WARNING - Dependency <Task(BashOperator): delete_entry_group>, create_entry_group already registered for DAG: example_complex
[2022-12-03T07:14:04.754+0000] {logging_mixin.py:137} INFO - [2022-12-03T07:14:04.753+0000] {taskmixin.py:205} WARNING - Dependency <Task(BashOperator): create_entry_gcs>, delete_entry already registered for DAG: example_complex
[2022-12-03T07:14:04.754+0000] {logging_mixin.py:137} INFO - [2022-12-03T07:14:04.754+0000] {taskmixin.py:205} WARNING - Dependency <Task(BashOperator): delete_entry>, create_entry_gcs already registered for DAG: example_complex
[2022-12-03T07:14:04.755+0000] {logging_mixin.py:137} INFO - [2022-12-03T07:14:04.755+0000] {taskmixin.py:205} WARNING - Dependency <Task(BashOperator): create_tag>, delete_tag already registered for DAG: example_complex
[2022-12-03T07:14:04.756+0000] {logging_mixin.py:137} INFO - [2022-12-03T07:14:04.756+0000] {taskmixin.py:205} WARNING - Dependency <Task(BashOperator): delete_tag>, create_tag already registered for DAG: example_complex
[2022-12-03T07:14:04.761+0000] {processor.py:766} INFO - DAG(s) dict_keys(['example_complex']) retrieved from /home/airflow/.local/lib/python3.7/site-packages/airflow/example_dags/example_complex.py
[2022-12-03T07:14:04.791+0000] {logging_mixin.py:137} INFO - [2022-12-03T07:14:04.791+0000] {dag.py:2585} INFO - Sync 1 DAGs
[2022-12-03T07:14:04.806+0000] {logging_mixin.py:137} INFO - [2022-12-03T07:14:04.806+0000] {dag.py:3340} INFO - Setting next_dagrun for example_complex to None, run_after=None
[2022-12-03T07:14:04.820+0000] {processor.py:176} INFO - Processing /home/airflow/.local/lib/python3.7/site-packages/airflow/example_dags/example_complex.py took 0.080 seconds
[2022-12-03T08:36:16.771+0000] {processor.py:154} INFO - Started process (PID=13909) to work on /home/airflow/.local/lib/python3.7/site-packages/airflow/example_dags/example_complex.py
[2022-12-03T08:36:16.772+0000] {processor.py:756} INFO - Processing file /home/airflow/.local/lib/python3.7/site-packages/airflow/example_dags/example_complex.py for tasks to queue
[2022-12-03T08:36:16.773+0000] {logging_mixin.py:137} INFO - [2022-12-03T08:36:16.773+0000] {dagbag.py:537} INFO - Filling up the DagBag from /home/airflow/.local/lib/python3.7/site-packages/airflow/example_dags/example_complex.py
[2022-12-03T08:36:16.781+0000] {logging_mixin.py:137} INFO - [2022-12-03T08:36:16.781+0000] {taskmixin.py:205} WARNING - Dependency <Task(BashOperator): create_entry_group>, delete_entry_group already registered for DAG: example_complex
[2022-12-03T08:36:16.782+0000] {logging_mixin.py:137} INFO - [2022-12-03T08:36:16.782+0000] {taskmixin.py:205} WARNING - Dependency <Task(BashOperator): delete_entry_group>, create_entry_group already registered for DAG: example_complex
[2022-12-03T08:36:16.783+0000] {logging_mixin.py:137} INFO - [2022-12-03T08:36:16.783+0000] {taskmixin.py:205} WARNING - Dependency <Task(BashOperator): create_entry_gcs>, delete_entry already registered for DAG: example_complex
[2022-12-03T08:36:16.784+0000] {logging_mixin.py:137} INFO - [2022-12-03T08:36:16.784+0000] {taskmixin.py:205} WARNING - Dependency <Task(BashOperator): delete_entry>, create_entry_gcs already registered for DAG: example_complex
[2022-12-03T08:36:16.785+0000] {logging_mixin.py:137} INFO - [2022-12-03T08:36:16.785+0000] {taskmixin.py:205} WARNING - Dependency <Task(BashOperator): create_tag>, delete_tag already registered for DAG: example_complex
[2022-12-03T08:36:16.786+0000] {logging_mixin.py:137} INFO - [2022-12-03T08:36:16.786+0000] {taskmixin.py:205} WARNING - Dependency <Task(BashOperator): delete_tag>, create_tag already registered for DAG: example_complex
[2022-12-03T08:36:16.792+0000] {processor.py:766} INFO - DAG(s) dict_keys(['example_complex']) retrieved from /home/airflow/.local/lib/python3.7/site-packages/airflow/example_dags/example_complex.py
[2022-12-03T08:36:16.824+0000] {logging_mixin.py:137} INFO - [2022-12-03T08:36:16.824+0000] {dag.py:2585} INFO - Sync 1 DAGs
[2022-12-03T08:36:16.839+0000] {logging_mixin.py:137} INFO - [2022-12-03T08:36:16.839+0000] {dag.py:3340} INFO - Setting next_dagrun for example_complex to None, run_after=None
[2022-12-03T08:36:16.851+0000] {processor.py:176} INFO - Processing /home/airflow/.local/lib/python3.7/site-packages/airflow/example_dags/example_complex.py took 0.083 seconds
[2022-12-03T09:58:29.971+0000] {processor.py:154} INFO - Started process (PID=13977) to work on /home/airflow/.local/lib/python3.7/site-packages/airflow/example_dags/example_complex.py
[2022-12-03T09:58:29.973+0000] {processor.py:756} INFO - Processing file /home/airflow/.local/lib/python3.7/site-packages/airflow/example_dags/example_complex.py for tasks to queue
[2022-12-03T09:58:29.974+0000] {logging_mixin.py:137} INFO - [2022-12-03T09:58:29.974+0000] {dagbag.py:537} INFO - Filling up the DagBag from /home/airflow/.local/lib/python3.7/site-packages/airflow/example_dags/example_complex.py
[2022-12-03T09:58:29.982+0000] {logging_mixin.py:137} INFO - [2022-12-03T09:58:29.982+0000] {taskmixin.py:205} WARNING - Dependency <Task(BashOperator): create_entry_group>, delete_entry_group already registered for DAG: example_complex
[2022-12-03T09:58:29.984+0000] {logging_mixin.py:137} INFO - [2022-12-03T09:58:29.984+0000] {taskmixin.py:205} WARNING - Dependency <Task(BashOperator): delete_entry_group>, create_entry_group already registered for DAG: example_complex
[2022-12-03T09:58:29.985+0000] {logging_mixin.py:137} INFO - [2022-12-03T09:58:29.985+0000] {taskmixin.py:205} WARNING - Dependency <Task(BashOperator): create_entry_gcs>, delete_entry already registered for DAG: example_complex
[2022-12-03T09:58:29.986+0000] {logging_mixin.py:137} INFO - [2022-12-03T09:58:29.986+0000] {taskmixin.py:205} WARNING - Dependency <Task(BashOperator): delete_entry>, create_entry_gcs already registered for DAG: example_complex
[2022-12-03T09:58:29.987+0000] {logging_mixin.py:137} INFO - [2022-12-03T09:58:29.987+0000] {taskmixin.py:205} WARNING - Dependency <Task(BashOperator): create_tag>, delete_tag already registered for DAG: example_complex
[2022-12-03T09:58:29.988+0000] {logging_mixin.py:137} INFO - [2022-12-03T09:58:29.988+0000] {taskmixin.py:205} WARNING - Dependency <Task(BashOperator): delete_tag>, create_tag already registered for DAG: example_complex
[2022-12-03T09:58:29.999+0000] {processor.py:766} INFO - DAG(s) dict_keys(['example_complex']) retrieved from /home/airflow/.local/lib/python3.7/site-packages/airflow/example_dags/example_complex.py
[2022-12-03T09:58:30.032+0000] {logging_mixin.py:137} INFO - [2022-12-03T09:58:30.032+0000] {dag.py:2585} INFO - Sync 1 DAGs
[2022-12-03T09:58:30.048+0000] {logging_mixin.py:137} INFO - [2022-12-03T09:58:30.048+0000] {dag.py:3340} INFO - Setting next_dagrun for example_complex to None, run_after=None
[2022-12-03T09:58:30.061+0000] {processor.py:176} INFO - Processing /home/airflow/.local/lib/python3.7/site-packages/airflow/example_dags/example_complex.py took 0.092 seconds
[2022-12-03T11:03:30.907+0000] {processor.py:154} INFO - Started process (PID=14032) to work on /home/airflow/.local/lib/python3.7/site-packages/airflow/example_dags/example_complex.py
[2022-12-03T11:03:30.908+0000] {processor.py:756} INFO - Processing file /home/airflow/.local/lib/python3.7/site-packages/airflow/example_dags/example_complex.py for tasks to queue
[2022-12-03T11:03:30.909+0000] {logging_mixin.py:137} INFO - [2022-12-03T11:03:30.909+0000] {dagbag.py:537} INFO - Filling up the DagBag from /home/airflow/.local/lib/python3.7/site-packages/airflow/example_dags/example_complex.py
[2022-12-03T11:03:30.918+0000] {logging_mixin.py:137} INFO - [2022-12-03T11:03:30.918+0000] {taskmixin.py:205} WARNING - Dependency <Task(BashOperator): create_entry_group>, delete_entry_group already registered for DAG: example_complex
[2022-12-03T11:03:30.919+0000] {logging_mixin.py:137} INFO - [2022-12-03T11:03:30.919+0000] {taskmixin.py:205} WARNING - Dependency <Task(BashOperator): delete_entry_group>, create_entry_group already registered for DAG: example_complex
[2022-12-03T11:03:30.920+0000] {logging_mixin.py:137} INFO - [2022-12-03T11:03:30.920+0000] {taskmixin.py:205} WARNING - Dependency <Task(BashOperator): create_entry_gcs>, delete_entry already registered for DAG: example_complex
[2022-12-03T11:03:30.920+0000] {logging_mixin.py:137} INFO - [2022-12-03T11:03:30.920+0000] {taskmixin.py:205} WARNING - Dependency <Task(BashOperator): delete_entry>, create_entry_gcs already registered for DAG: example_complex
[2022-12-03T11:03:30.921+0000] {logging_mixin.py:137} INFO - [2022-12-03T11:03:30.921+0000] {taskmixin.py:205} WARNING - Dependency <Task(BashOperator): create_tag>, delete_tag already registered for DAG: example_complex
[2022-12-03T11:03:30.922+0000] {logging_mixin.py:137} INFO - [2022-12-03T11:03:30.922+0000] {taskmixin.py:205} WARNING - Dependency <Task(BashOperator): delete_tag>, create_tag already registered for DAG: example_complex
[2022-12-03T11:03:30.928+0000] {processor.py:766} INFO - DAG(s) dict_keys(['example_complex']) retrieved from /home/airflow/.local/lib/python3.7/site-packages/airflow/example_dags/example_complex.py
[2022-12-03T11:03:30.961+0000] {logging_mixin.py:137} INFO - [2022-12-03T11:03:30.961+0000] {dag.py:2585} INFO - Sync 1 DAGs
[2022-12-03T11:03:30.976+0000] {logging_mixin.py:137} INFO - [2022-12-03T11:03:30.976+0000] {dag.py:3340} INFO - Setting next_dagrun for example_complex to None, run_after=None
[2022-12-03T11:03:30.988+0000] {processor.py:176} INFO - Processing /home/airflow/.local/lib/python3.7/site-packages/airflow/example_dags/example_complex.py took 0.084 seconds
[2022-12-03T11:21:01.497+0000] {processor.py:154} INFO - Started process (PID=14106) to work on /home/airflow/.local/lib/python3.7/site-packages/airflow/example_dags/example_complex.py
[2022-12-03T11:21:01.502+0000] {processor.py:756} INFO - Processing file /home/airflow/.local/lib/python3.7/site-packages/airflow/example_dags/example_complex.py for tasks to queue
[2022-12-03T11:21:01.504+0000] {logging_mixin.py:137} INFO - [2022-12-03T11:21:01.503+0000] {dagbag.py:537} INFO - Filling up the DagBag from /home/airflow/.local/lib/python3.7/site-packages/airflow/example_dags/example_complex.py
[2022-12-03T11:21:01.517+0000] {logging_mixin.py:137} INFO - [2022-12-03T11:21:01.517+0000] {taskmixin.py:205} WARNING - Dependency <Task(BashOperator): create_entry_group>, delete_entry_group already registered for DAG: example_complex
[2022-12-03T11:21:01.523+0000] {logging_mixin.py:137} INFO - [2022-12-03T11:21:01.523+0000] {taskmixin.py:205} WARNING - Dependency <Task(BashOperator): delete_entry_group>, create_entry_group already registered for DAG: example_complex
[2022-12-03T11:21:01.525+0000] {logging_mixin.py:137} INFO - [2022-12-03T11:21:01.525+0000] {taskmixin.py:205} WARNING - Dependency <Task(BashOperator): create_entry_gcs>, delete_entry already registered for DAG: example_complex
[2022-12-03T11:21:01.526+0000] {logging_mixin.py:137} INFO - [2022-12-03T11:21:01.526+0000] {taskmixin.py:205} WARNING - Dependency <Task(BashOperator): delete_entry>, create_entry_gcs already registered for DAG: example_complex
[2022-12-03T11:21:01.530+0000] {logging_mixin.py:137} INFO - [2022-12-03T11:21:01.530+0000] {taskmixin.py:205} WARNING - Dependency <Task(BashOperator): create_tag>, delete_tag already registered for DAG: example_complex
[2022-12-03T11:21:01.533+0000] {logging_mixin.py:137} INFO - [2022-12-03T11:21:01.533+0000] {taskmixin.py:205} WARNING - Dependency <Task(BashOperator): delete_tag>, create_tag already registered for DAG: example_complex
[2022-12-03T11:21:01.544+0000] {processor.py:766} INFO - DAG(s) dict_keys(['example_complex']) retrieved from /home/airflow/.local/lib/python3.7/site-packages/airflow/example_dags/example_complex.py
[2022-12-03T11:21:01.584+0000] {logging_mixin.py:137} INFO - [2022-12-03T11:21:01.584+0000] {dag.py:2585} INFO - Sync 1 DAGs
[2022-12-03T11:21:01.600+0000] {logging_mixin.py:137} INFO - [2022-12-03T11:21:01.600+0000] {dag.py:3340} INFO - Setting next_dagrun for example_complex to None, run_after=None
[2022-12-03T11:21:01.616+0000] {processor.py:176} INFO - Processing /home/airflow/.local/lib/python3.7/site-packages/airflow/example_dags/example_complex.py took 0.126 seconds
[2022-12-03T12:21:04.814+0000] {processor.py:154} INFO - Started process (PID=14179) to work on /home/airflow/.local/lib/python3.7/site-packages/airflow/example_dags/example_complex.py
[2022-12-03T12:21:04.816+0000] {processor.py:756} INFO - Processing file /home/airflow/.local/lib/python3.7/site-packages/airflow/example_dags/example_complex.py for tasks to queue
[2022-12-03T12:21:04.818+0000] {logging_mixin.py:137} INFO - [2022-12-03T12:21:04.817+0000] {dagbag.py:537} INFO - Filling up the DagBag from /home/airflow/.local/lib/python3.7/site-packages/airflow/example_dags/example_complex.py
[2022-12-03T12:21:04.825+0000] {logging_mixin.py:137} INFO - [2022-12-03T12:21:04.825+0000] {taskmixin.py:205} WARNING - Dependency <Task(BashOperator): create_entry_group>, delete_entry_group already registered for DAG: example_complex
[2022-12-03T12:21:04.826+0000] {logging_mixin.py:137} INFO - [2022-12-03T12:21:04.826+0000] {taskmixin.py:205} WARNING - Dependency <Task(BashOperator): delete_entry_group>, create_entry_group already registered for DAG: example_complex
[2022-12-03T12:21:04.828+0000] {logging_mixin.py:137} INFO - [2022-12-03T12:21:04.827+0000] {taskmixin.py:205} WARNING - Dependency <Task(BashOperator): create_entry_gcs>, delete_entry already registered for DAG: example_complex
[2022-12-03T12:21:04.829+0000] {logging_mixin.py:137} INFO - [2022-12-03T12:21:04.829+0000] {taskmixin.py:205} WARNING - Dependency <Task(BashOperator): delete_entry>, create_entry_gcs already registered for DAG: example_complex
[2022-12-03T12:21:04.830+0000] {logging_mixin.py:137} INFO - [2022-12-03T12:21:04.830+0000] {taskmixin.py:205} WARNING - Dependency <Task(BashOperator): create_tag>, delete_tag already registered for DAG: example_complex
[2022-12-03T12:21:04.832+0000] {logging_mixin.py:137} INFO - [2022-12-03T12:21:04.831+0000] {taskmixin.py:205} WARNING - Dependency <Task(BashOperator): delete_tag>, create_tag already registered for DAG: example_complex
[2022-12-03T12:21:04.837+0000] {processor.py:766} INFO - DAG(s) dict_keys(['example_complex']) retrieved from /home/airflow/.local/lib/python3.7/site-packages/airflow/example_dags/example_complex.py
[2022-12-03T12:21:04.873+0000] {logging_mixin.py:137} INFO - [2022-12-03T12:21:04.873+0000] {dag.py:2585} INFO - Sync 1 DAGs
[2022-12-03T12:21:04.890+0000] {logging_mixin.py:137} INFO - [2022-12-03T12:21:04.890+0000] {dag.py:3340} INFO - Setting next_dagrun for example_complex to None, run_after=None
[2022-12-03T12:21:04.905+0000] {processor.py:176} INFO - Processing /home/airflow/.local/lib/python3.7/site-packages/airflow/example_dags/example_complex.py took 0.094 seconds
[2022-12-03T13:24:17.846+0000] {processor.py:154} INFO - Started process (PID=14254) to work on /home/airflow/.local/lib/python3.7/site-packages/airflow/example_dags/example_complex.py
[2022-12-03T13:24:17.848+0000] {processor.py:756} INFO - Processing file /home/airflow/.local/lib/python3.7/site-packages/airflow/example_dags/example_complex.py for tasks to queue
[2022-12-03T13:24:17.849+0000] {logging_mixin.py:137} INFO - [2022-12-03T13:24:17.848+0000] {dagbag.py:537} INFO - Filling up the DagBag from /home/airflow/.local/lib/python3.7/site-packages/airflow/example_dags/example_complex.py
[2022-12-03T13:24:17.856+0000] {logging_mixin.py:137} INFO - [2022-12-03T13:24:17.856+0000] {taskmixin.py:205} WARNING - Dependency <Task(BashOperator): create_entry_group>, delete_entry_group already registered for DAG: example_complex
[2022-12-03T13:24:17.858+0000] {logging_mixin.py:137} INFO - [2022-12-03T13:24:17.857+0000] {taskmixin.py:205} WARNING - Dependency <Task(BashOperator): delete_entry_group>, create_entry_group already registered for DAG: example_complex
[2022-12-03T13:24:17.861+0000] {logging_mixin.py:137} INFO - [2022-12-03T13:24:17.861+0000] {taskmixin.py:205} WARNING - Dependency <Task(BashOperator): create_entry_gcs>, delete_entry already registered for DAG: example_complex
[2022-12-03T13:24:17.862+0000] {logging_mixin.py:137} INFO - [2022-12-03T13:24:17.862+0000] {taskmixin.py:205} WARNING - Dependency <Task(BashOperator): delete_entry>, create_entry_gcs already registered for DAG: example_complex
[2022-12-03T13:24:17.863+0000] {logging_mixin.py:137} INFO - [2022-12-03T13:24:17.863+0000] {taskmixin.py:205} WARNING - Dependency <Task(BashOperator): create_tag>, delete_tag already registered for DAG: example_complex
[2022-12-03T13:24:17.864+0000] {logging_mixin.py:137} INFO - [2022-12-03T13:24:17.864+0000] {taskmixin.py:205} WARNING - Dependency <Task(BashOperator): delete_tag>, create_tag already registered for DAG: example_complex
[2022-12-03T13:24:17.869+0000] {processor.py:766} INFO - DAG(s) dict_keys(['example_complex']) retrieved from /home/airflow/.local/lib/python3.7/site-packages/airflow/example_dags/example_complex.py
[2022-12-03T13:24:17.905+0000] {logging_mixin.py:137} INFO - [2022-12-03T13:24:17.904+0000] {dag.py:2585} INFO - Sync 1 DAGs
[2022-12-03T13:24:17.923+0000] {logging_mixin.py:137} INFO - [2022-12-03T13:24:17.923+0000] {dag.py:3340} INFO - Setting next_dagrun for example_complex to None, run_after=None
[2022-12-03T13:24:17.938+0000] {processor.py:176} INFO - Processing /home/airflow/.local/lib/python3.7/site-packages/airflow/example_dags/example_complex.py took 0.094 seconds
[2022-12-03T14:43:47.581+0000] {processor.py:154} INFO - Started process (PID=14309) to work on /home/airflow/.local/lib/python3.7/site-packages/airflow/example_dags/example_complex.py
[2022-12-03T14:43:47.584+0000] {processor.py:756} INFO - Processing file /home/airflow/.local/lib/python3.7/site-packages/airflow/example_dags/example_complex.py for tasks to queue
[2022-12-03T14:43:47.585+0000] {logging_mixin.py:137} INFO - [2022-12-03T14:43:47.585+0000] {dagbag.py:537} INFO - Filling up the DagBag from /home/airflow/.local/lib/python3.7/site-packages/airflow/example_dags/example_complex.py
[2022-12-03T14:43:47.592+0000] {logging_mixin.py:137} INFO - [2022-12-03T14:43:47.592+0000] {taskmixin.py:205} WARNING - Dependency <Task(BashOperator): create_entry_group>, delete_entry_group already registered for DAG: example_complex
[2022-12-03T14:43:47.595+0000] {logging_mixin.py:137} INFO - [2022-12-03T14:43:47.595+0000] {taskmixin.py:205} WARNING - Dependency <Task(BashOperator): delete_entry_group>, create_entry_group already registered for DAG: example_complex
[2022-12-03T14:43:47.598+0000] {logging_mixin.py:137} INFO - [2022-12-03T14:43:47.597+0000] {taskmixin.py:205} WARNING - Dependency <Task(BashOperator): create_entry_gcs>, delete_entry already registered for DAG: example_complex
[2022-12-03T14:43:47.598+0000] {logging_mixin.py:137} INFO - [2022-12-03T14:43:47.598+0000] {taskmixin.py:205} WARNING - Dependency <Task(BashOperator): delete_entry>, create_entry_gcs already registered for DAG: example_complex
[2022-12-03T14:43:47.599+0000] {logging_mixin.py:137} INFO - [2022-12-03T14:43:47.599+0000] {taskmixin.py:205} WARNING - Dependency <Task(BashOperator): create_tag>, delete_tag already registered for DAG: example_complex
[2022-12-03T14:43:47.600+0000] {logging_mixin.py:137} INFO - [2022-12-03T14:43:47.600+0000] {taskmixin.py:205} WARNING - Dependency <Task(BashOperator): delete_tag>, create_tag already registered for DAG: example_complex
[2022-12-03T14:43:47.606+0000] {processor.py:766} INFO - DAG(s) dict_keys(['example_complex']) retrieved from /home/airflow/.local/lib/python3.7/site-packages/airflow/example_dags/example_complex.py
[2022-12-03T14:43:47.645+0000] {logging_mixin.py:137} INFO - [2022-12-03T14:43:47.645+0000] {dag.py:2585} INFO - Sync 1 DAGs
[2022-12-03T14:43:47.663+0000] {logging_mixin.py:137} INFO - [2022-12-03T14:43:47.663+0000] {dag.py:3340} INFO - Setting next_dagrun for example_complex to None, run_after=None
[2022-12-03T14:43:47.971+0000] {processor.py:176} INFO - Processing /home/airflow/.local/lib/python3.7/site-packages/airflow/example_dags/example_complex.py took 0.392 seconds
[2022-12-03T16:03:00.077+0000] {processor.py:154} INFO - Started process (PID=14375) to work on /home/airflow/.local/lib/python3.7/site-packages/airflow/example_dags/example_complex.py
[2022-12-03T16:03:00.079+0000] {processor.py:756} INFO - Processing file /home/airflow/.local/lib/python3.7/site-packages/airflow/example_dags/example_complex.py for tasks to queue
[2022-12-03T16:03:00.082+0000] {logging_mixin.py:137} INFO - [2022-12-03T16:03:00.082+0000] {dagbag.py:537} INFO - Filling up the DagBag from /home/airflow/.local/lib/python3.7/site-packages/airflow/example_dags/example_complex.py
[2022-12-03T16:03:00.094+0000] {logging_mixin.py:137} INFO - [2022-12-03T16:03:00.094+0000] {taskmixin.py:205} WARNING - Dependency <Task(BashOperator): create_entry_group>, delete_entry_group already registered for DAG: example_complex
[2022-12-03T16:03:00.098+0000] {logging_mixin.py:137} INFO - [2022-12-03T16:03:00.098+0000] {taskmixin.py:205} WARNING - Dependency <Task(BashOperator): delete_entry_group>, create_entry_group already registered for DAG: example_complex
[2022-12-03T16:03:00.100+0000] {logging_mixin.py:137} INFO - [2022-12-03T16:03:00.100+0000] {taskmixin.py:205} WARNING - Dependency <Task(BashOperator): create_entry_gcs>, delete_entry already registered for DAG: example_complex
[2022-12-03T16:03:00.102+0000] {logging_mixin.py:137} INFO - [2022-12-03T16:03:00.101+0000] {taskmixin.py:205} WARNING - Dependency <Task(BashOperator): delete_entry>, create_entry_gcs already registered for DAG: example_complex
[2022-12-03T16:03:00.103+0000] {logging_mixin.py:137} INFO - [2022-12-03T16:03:00.103+0000] {taskmixin.py:205} WARNING - Dependency <Task(BashOperator): create_tag>, delete_tag already registered for DAG: example_complex
[2022-12-03T16:03:00.105+0000] {logging_mixin.py:137} INFO - [2022-12-03T16:03:00.105+0000] {taskmixin.py:205} WARNING - Dependency <Task(BashOperator): delete_tag>, create_tag already registered for DAG: example_complex
[2022-12-03T16:03:00.116+0000] {processor.py:766} INFO - DAG(s) dict_keys(['example_complex']) retrieved from /home/airflow/.local/lib/python3.7/site-packages/airflow/example_dags/example_complex.py
[2022-12-03T16:03:00.163+0000] {logging_mixin.py:137} INFO - [2022-12-03T16:03:00.163+0000] {dag.py:2585} INFO - Sync 1 DAGs
[2022-12-03T16:03:00.191+0000] {logging_mixin.py:137} INFO - [2022-12-03T16:03:00.191+0000] {dag.py:3340} INFO - Setting next_dagrun for example_complex to None, run_after=None
[2022-12-03T16:03:00.219+0000] {processor.py:176} INFO - Processing /home/airflow/.local/lib/python3.7/site-packages/airflow/example_dags/example_complex.py took 0.145 seconds
[2022-12-03T17:24:32.893+0000] {processor.py:154} INFO - Started process (PID=14443) to work on /home/airflow/.local/lib/python3.7/site-packages/airflow/example_dags/example_complex.py
[2022-12-03T17:24:32.895+0000] {processor.py:756} INFO - Processing file /home/airflow/.local/lib/python3.7/site-packages/airflow/example_dags/example_complex.py for tasks to queue
[2022-12-03T17:24:32.896+0000] {logging_mixin.py:137} INFO - [2022-12-03T17:24:32.896+0000] {dagbag.py:537} INFO - Filling up the DagBag from /home/airflow/.local/lib/python3.7/site-packages/airflow/example_dags/example_complex.py
[2022-12-03T17:24:32.905+0000] {logging_mixin.py:137} INFO - [2022-12-03T17:24:32.905+0000] {taskmixin.py:205} WARNING - Dependency <Task(BashOperator): create_entry_group>, delete_entry_group already registered for DAG: example_complex
[2022-12-03T17:24:32.906+0000] {logging_mixin.py:137} INFO - [2022-12-03T17:24:32.906+0000] {taskmixin.py:205} WARNING - Dependency <Task(BashOperator): delete_entry_group>, create_entry_group already registered for DAG: example_complex
[2022-12-03T17:24:32.907+0000] {logging_mixin.py:137} INFO - [2022-12-03T17:24:32.907+0000] {taskmixin.py:205} WARNING - Dependency <Task(BashOperator): create_entry_gcs>, delete_entry already registered for DAG: example_complex
[2022-12-03T17:24:32.908+0000] {logging_mixin.py:137} INFO - [2022-12-03T17:24:32.908+0000] {taskmixin.py:205} WARNING - Dependency <Task(BashOperator): delete_entry>, create_entry_gcs already registered for DAG: example_complex
[2022-12-03T17:24:32.909+0000] {logging_mixin.py:137} INFO - [2022-12-03T17:24:32.909+0000] {taskmixin.py:205} WARNING - Dependency <Task(BashOperator): create_tag>, delete_tag already registered for DAG: example_complex
[2022-12-03T17:24:32.911+0000] {logging_mixin.py:137} INFO - [2022-12-03T17:24:32.910+0000] {taskmixin.py:205} WARNING - Dependency <Task(BashOperator): delete_tag>, create_tag already registered for DAG: example_complex
[2022-12-03T17:24:32.917+0000] {processor.py:766} INFO - DAG(s) dict_keys(['example_complex']) retrieved from /home/airflow/.local/lib/python3.7/site-packages/airflow/example_dags/example_complex.py
[2022-12-03T17:24:32.957+0000] {logging_mixin.py:137} INFO - [2022-12-03T17:24:32.957+0000] {dag.py:2585} INFO - Sync 1 DAGs
[2022-12-03T17:24:32.975+0000] {logging_mixin.py:137} INFO - [2022-12-03T17:24:32.975+0000] {dag.py:3340} INFO - Setting next_dagrun for example_complex to None, run_after=None
[2022-12-03T17:24:32.989+0000] {processor.py:176} INFO - Processing /home/airflow/.local/lib/python3.7/site-packages/airflow/example_dags/example_complex.py took 0.100 seconds
[2022-12-03T18:46:59.136+0000] {processor.py:154} INFO - Started process (PID=14510) to work on /home/airflow/.local/lib/python3.7/site-packages/airflow/example_dags/example_complex.py
[2022-12-03T18:46:59.138+0000] {processor.py:756} INFO - Processing file /home/airflow/.local/lib/python3.7/site-packages/airflow/example_dags/example_complex.py for tasks to queue
[2022-12-03T18:46:59.141+0000] {logging_mixin.py:137} INFO - [2022-12-03T18:46:59.141+0000] {dagbag.py:537} INFO - Filling up the DagBag from /home/airflow/.local/lib/python3.7/site-packages/airflow/example_dags/example_complex.py
[2022-12-03T18:46:59.149+0000] {logging_mixin.py:137} INFO - [2022-12-03T18:46:59.149+0000] {taskmixin.py:205} WARNING - Dependency <Task(BashOperator): create_entry_group>, delete_entry_group already registered for DAG: example_complex
[2022-12-03T18:46:59.156+0000] {logging_mixin.py:137} INFO - [2022-12-03T18:46:59.156+0000] {taskmixin.py:205} WARNING - Dependency <Task(BashOperator): delete_entry_group>, create_entry_group already registered for DAG: example_complex
[2022-12-03T18:46:59.165+0000] {logging_mixin.py:137} INFO - [2022-12-03T18:46:59.165+0000] {taskmixin.py:205} WARNING - Dependency <Task(BashOperator): create_entry_gcs>, delete_entry already registered for DAG: example_complex
[2022-12-03T18:46:59.168+0000] {logging_mixin.py:137} INFO - [2022-12-03T18:46:59.168+0000] {taskmixin.py:205} WARNING - Dependency <Task(BashOperator): delete_entry>, create_entry_gcs already registered for DAG: example_complex
[2022-12-03T18:46:59.169+0000] {logging_mixin.py:137} INFO - [2022-12-03T18:46:59.169+0000] {taskmixin.py:205} WARNING - Dependency <Task(BashOperator): create_tag>, delete_tag already registered for DAG: example_complex
[2022-12-03T18:46:59.171+0000] {logging_mixin.py:137} INFO - [2022-12-03T18:46:59.171+0000] {taskmixin.py:205} WARNING - Dependency <Task(BashOperator): delete_tag>, create_tag already registered for DAG: example_complex
[2022-12-03T18:46:59.183+0000] {processor.py:766} INFO - DAG(s) dict_keys(['example_complex']) retrieved from /home/airflow/.local/lib/python3.7/site-packages/airflow/example_dags/example_complex.py
[2022-12-03T18:46:59.225+0000] {logging_mixin.py:137} INFO - [2022-12-03T18:46:59.225+0000] {dag.py:2585} INFO - Sync 1 DAGs
[2022-12-03T18:46:59.246+0000] {logging_mixin.py:137} INFO - [2022-12-03T18:46:59.246+0000] {dag.py:3340} INFO - Setting next_dagrun for example_complex to None, run_after=None
[2022-12-03T18:46:59.270+0000] {processor.py:176} INFO - Processing /home/airflow/.local/lib/python3.7/site-packages/airflow/example_dags/example_complex.py took 0.137 seconds
[2022-12-03T19:40:02.606+0000] {processor.py:154} INFO - Started process (PID=14567) to work on /home/airflow/.local/lib/python3.7/site-packages/airflow/example_dags/example_complex.py
[2022-12-03T19:40:02.609+0000] {processor.py:756} INFO - Processing file /home/airflow/.local/lib/python3.7/site-packages/airflow/example_dags/example_complex.py for tasks to queue
[2022-12-03T19:40:02.612+0000] {logging_mixin.py:137} INFO - [2022-12-03T19:40:02.612+0000] {dagbag.py:537} INFO - Filling up the DagBag from /home/airflow/.local/lib/python3.7/site-packages/airflow/example_dags/example_complex.py
[2022-12-03T19:40:02.633+0000] {logging_mixin.py:137} INFO - [2022-12-03T19:40:02.632+0000] {taskmixin.py:205} WARNING - Dependency <Task(BashOperator): create_entry_group>, delete_entry_group already registered for DAG: example_complex
[2022-12-03T19:40:02.636+0000] {logging_mixin.py:137} INFO - [2022-12-03T19:40:02.635+0000] {taskmixin.py:205} WARNING - Dependency <Task(BashOperator): delete_entry_group>, create_entry_group already registered for DAG: example_complex
[2022-12-03T19:40:02.637+0000] {logging_mixin.py:137} INFO - [2022-12-03T19:40:02.637+0000] {taskmixin.py:205} WARNING - Dependency <Task(BashOperator): create_entry_gcs>, delete_entry already registered for DAG: example_complex
[2022-12-03T19:40:02.639+0000] {logging_mixin.py:137} INFO - [2022-12-03T19:40:02.639+0000] {taskmixin.py:205} WARNING - Dependency <Task(BashOperator): delete_entry>, create_entry_gcs already registered for DAG: example_complex
[2022-12-03T19:40:02.640+0000] {logging_mixin.py:137} INFO - [2022-12-03T19:40:02.640+0000] {taskmixin.py:205} WARNING - Dependency <Task(BashOperator): create_tag>, delete_tag already registered for DAG: example_complex
[2022-12-03T19:40:02.642+0000] {logging_mixin.py:137} INFO - [2022-12-03T19:40:02.642+0000] {taskmixin.py:205} WARNING - Dependency <Task(BashOperator): delete_tag>, create_tag already registered for DAG: example_complex
[2022-12-03T19:40:02.651+0000] {processor.py:766} INFO - DAG(s) dict_keys(['example_complex']) retrieved from /home/airflow/.local/lib/python3.7/site-packages/airflow/example_dags/example_complex.py
[2022-12-03T19:40:02.698+0000] {logging_mixin.py:137} INFO - [2022-12-03T19:40:02.698+0000] {dag.py:2585} INFO - Sync 1 DAGs
[2022-12-03T19:40:02.713+0000] {logging_mixin.py:137} INFO - [2022-12-03T19:40:02.713+0000] {dag.py:3340} INFO - Setting next_dagrun for example_complex to None, run_after=None
[2022-12-03T19:40:02.724+0000] {processor.py:176} INFO - Processing /home/airflow/.local/lib/python3.7/site-packages/airflow/example_dags/example_complex.py took 0.122 seconds
[2022-12-03T20:15:10.388+0000] {processor.py:154} INFO - Started process (PID=14633) to work on /home/airflow/.local/lib/python3.7/site-packages/airflow/example_dags/example_complex.py
[2022-12-03T20:15:10.390+0000] {processor.py:756} INFO - Processing file /home/airflow/.local/lib/python3.7/site-packages/airflow/example_dags/example_complex.py for tasks to queue
[2022-12-03T20:15:10.391+0000] {logging_mixin.py:137} INFO - [2022-12-03T20:15:10.391+0000] {dagbag.py:537} INFO - Filling up the DagBag from /home/airflow/.local/lib/python3.7/site-packages/airflow/example_dags/example_complex.py
[2022-12-03T20:15:10.400+0000] {logging_mixin.py:137} INFO - [2022-12-03T20:15:10.399+0000] {taskmixin.py:205} WARNING - Dependency <Task(BashOperator): create_entry_group>, delete_entry_group already registered for DAG: example_complex
[2022-12-03T20:15:10.401+0000] {logging_mixin.py:137} INFO - [2022-12-03T20:15:10.401+0000] {taskmixin.py:205} WARNING - Dependency <Task(BashOperator): delete_entry_group>, create_entry_group already registered for DAG: example_complex
[2022-12-03T20:15:10.402+0000] {logging_mixin.py:137} INFO - [2022-12-03T20:15:10.402+0000] {taskmixin.py:205} WARNING - Dependency <Task(BashOperator): create_entry_gcs>, delete_entry already registered for DAG: example_complex
[2022-12-03T20:15:10.403+0000] {logging_mixin.py:137} INFO - [2022-12-03T20:15:10.402+0000] {taskmixin.py:205} WARNING - Dependency <Task(BashOperator): delete_entry>, create_entry_gcs already registered for DAG: example_complex
[2022-12-03T20:15:10.404+0000] {logging_mixin.py:137} INFO - [2022-12-03T20:15:10.404+0000] {taskmixin.py:205} WARNING - Dependency <Task(BashOperator): create_tag>, delete_tag already registered for DAG: example_complex
[2022-12-03T20:15:10.404+0000] {logging_mixin.py:137} INFO - [2022-12-03T20:15:10.404+0000] {taskmixin.py:205} WARNING - Dependency <Task(BashOperator): delete_tag>, create_tag already registered for DAG: example_complex
[2022-12-03T20:15:10.410+0000] {processor.py:766} INFO - DAG(s) dict_keys(['example_complex']) retrieved from /home/airflow/.local/lib/python3.7/site-packages/airflow/example_dags/example_complex.py
[2022-12-03T20:15:10.447+0000] {logging_mixin.py:137} INFO - [2022-12-03T20:15:10.447+0000] {dag.py:2585} INFO - Sync 1 DAGs
[2022-12-03T20:15:10.466+0000] {logging_mixin.py:137} INFO - [2022-12-03T20:15:10.466+0000] {dag.py:3340} INFO - Setting next_dagrun for example_complex to None, run_after=None
[2022-12-03T20:15:10.478+0000] {processor.py:176} INFO - Processing /home/airflow/.local/lib/python3.7/site-packages/airflow/example_dags/example_complex.py took 0.093 seconds
[2022-12-03T20:47:37.165+0000] {processor.py:154} INFO - Started process (PID=14698) to work on /home/airflow/.local/lib/python3.7/site-packages/airflow/example_dags/example_complex.py
[2022-12-03T20:47:37.170+0000] {processor.py:756} INFO - Processing file /home/airflow/.local/lib/python3.7/site-packages/airflow/example_dags/example_complex.py for tasks to queue
[2022-12-03T20:47:37.174+0000] {logging_mixin.py:137} INFO - [2022-12-03T20:47:37.174+0000] {dagbag.py:537} INFO - Filling up the DagBag from /home/airflow/.local/lib/python3.7/site-packages/airflow/example_dags/example_complex.py
[2022-12-03T20:47:37.198+0000] {logging_mixin.py:137} INFO - [2022-12-03T20:47:37.197+0000] {taskmixin.py:205} WARNING - Dependency <Task(BashOperator): create_entry_group>, delete_entry_group already registered for DAG: example_complex
[2022-12-03T20:47:37.200+0000] {logging_mixin.py:137} INFO - [2022-12-03T20:47:37.199+0000] {taskmixin.py:205} WARNING - Dependency <Task(BashOperator): delete_entry_group>, create_entry_group already registered for DAG: example_complex
[2022-12-03T20:47:37.201+0000] {logging_mixin.py:137} INFO - [2022-12-03T20:47:37.201+0000] {taskmixin.py:205} WARNING - Dependency <Task(BashOperator): create_entry_gcs>, delete_entry already registered for DAG: example_complex
[2022-12-03T20:47:37.203+0000] {logging_mixin.py:137} INFO - [2022-12-03T20:47:37.202+0000] {taskmixin.py:205} WARNING - Dependency <Task(BashOperator): delete_entry>, create_entry_gcs already registered for DAG: example_complex
[2022-12-03T20:47:37.206+0000] {logging_mixin.py:137} INFO - [2022-12-03T20:47:37.206+0000] {taskmixin.py:205} WARNING - Dependency <Task(BashOperator): create_tag>, delete_tag already registered for DAG: example_complex
[2022-12-03T20:47:37.208+0000] {logging_mixin.py:137} INFO - [2022-12-03T20:47:37.207+0000] {taskmixin.py:205} WARNING - Dependency <Task(BashOperator): delete_tag>, create_tag already registered for DAG: example_complex
[2022-12-03T20:47:37.220+0000] {processor.py:766} INFO - DAG(s) dict_keys(['example_complex']) retrieved from /home/airflow/.local/lib/python3.7/site-packages/airflow/example_dags/example_complex.py
[2022-12-03T20:47:37.295+0000] {logging_mixin.py:137} INFO - [2022-12-03T20:47:37.295+0000] {dag.py:2585} INFO - Sync 1 DAGs
[2022-12-03T20:47:37.327+0000] {logging_mixin.py:137} INFO - [2022-12-03T20:47:37.327+0000] {dag.py:3340} INFO - Setting next_dagrun for example_complex to None, run_after=None
[2022-12-03T20:47:37.354+0000] {processor.py:176} INFO - Processing /home/airflow/.local/lib/python3.7/site-packages/airflow/example_dags/example_complex.py took 0.193 seconds
[2022-12-03T22:10:13.468+0000] {processor.py:154} INFO - Started process (PID=14768) to work on /home/airflow/.local/lib/python3.7/site-packages/airflow/example_dags/example_complex.py
[2022-12-03T22:10:13.472+0000] {processor.py:756} INFO - Processing file /home/airflow/.local/lib/python3.7/site-packages/airflow/example_dags/example_complex.py for tasks to queue
[2022-12-03T22:10:13.473+0000] {logging_mixin.py:137} INFO - [2022-12-03T22:10:13.473+0000] {dagbag.py:537} INFO - Filling up the DagBag from /home/airflow/.local/lib/python3.7/site-packages/airflow/example_dags/example_complex.py
[2022-12-03T22:10:13.481+0000] {logging_mixin.py:137} INFO - [2022-12-03T22:10:13.481+0000] {taskmixin.py:205} WARNING - Dependency <Task(BashOperator): create_entry_group>, delete_entry_group already registered for DAG: example_complex
[2022-12-03T22:10:13.482+0000] {logging_mixin.py:137} INFO - [2022-12-03T22:10:13.481+0000] {taskmixin.py:205} WARNING - Dependency <Task(BashOperator): delete_entry_group>, create_entry_group already registered for DAG: example_complex
[2022-12-03T22:10:13.483+0000] {logging_mixin.py:137} INFO - [2022-12-03T22:10:13.483+0000] {taskmixin.py:205} WARNING - Dependency <Task(BashOperator): create_entry_gcs>, delete_entry already registered for DAG: example_complex
[2022-12-03T22:10:13.483+0000] {logging_mixin.py:137} INFO - [2022-12-03T22:10:13.483+0000] {taskmixin.py:205} WARNING - Dependency <Task(BashOperator): delete_entry>, create_entry_gcs already registered for DAG: example_complex
[2022-12-03T22:10:13.484+0000] {logging_mixin.py:137} INFO - [2022-12-03T22:10:13.484+0000] {taskmixin.py:205} WARNING - Dependency <Task(BashOperator): create_tag>, delete_tag already registered for DAG: example_complex
[2022-12-03T22:10:13.485+0000] {logging_mixin.py:137} INFO - [2022-12-03T22:10:13.485+0000] {taskmixin.py:205} WARNING - Dependency <Task(BashOperator): delete_tag>, create_tag already registered for DAG: example_complex
[2022-12-03T22:10:13.491+0000] {processor.py:766} INFO - DAG(s) dict_keys(['example_complex']) retrieved from /home/airflow/.local/lib/python3.7/site-packages/airflow/example_dags/example_complex.py
[2022-12-03T22:10:13.521+0000] {logging_mixin.py:137} INFO - [2022-12-03T22:10:13.520+0000] {dag.py:2585} INFO - Sync 1 DAGs
[2022-12-03T22:10:13.536+0000] {logging_mixin.py:137} INFO - [2022-12-03T22:10:13.536+0000] {dag.py:3340} INFO - Setting next_dagrun for example_complex to None, run_after=None
[2022-12-03T22:10:13.548+0000] {processor.py:176} INFO - Processing /home/airflow/.local/lib/python3.7/site-packages/airflow/example_dags/example_complex.py took 0.082 seconds
[2022-12-03T23:31:52.826+0000] {processor.py:154} INFO - Started process (PID=14827) to work on /home/airflow/.local/lib/python3.7/site-packages/airflow/example_dags/example_complex.py
[2022-12-03T23:31:52.830+0000] {processor.py:756} INFO - Processing file /home/airflow/.local/lib/python3.7/site-packages/airflow/example_dags/example_complex.py for tasks to queue
[2022-12-03T23:31:52.833+0000] {logging_mixin.py:137} INFO - [2022-12-03T23:31:52.833+0000] {dagbag.py:537} INFO - Filling up the DagBag from /home/airflow/.local/lib/python3.7/site-packages/airflow/example_dags/example_complex.py
[2022-12-03T23:31:52.847+0000] {logging_mixin.py:137} INFO - [2022-12-03T23:31:52.847+0000] {taskmixin.py:205} WARNING - Dependency <Task(BashOperator): create_entry_group>, delete_entry_group already registered for DAG: example_complex
[2022-12-03T23:31:52.852+0000] {logging_mixin.py:137} INFO - [2022-12-03T23:31:52.852+0000] {taskmixin.py:205} WARNING - Dependency <Task(BashOperator): delete_entry_group>, create_entry_group already registered for DAG: example_complex
[2022-12-03T23:31:52.854+0000] {logging_mixin.py:137} INFO - [2022-12-03T23:31:52.854+0000] {taskmixin.py:205} WARNING - Dependency <Task(BashOperator): create_entry_gcs>, delete_entry already registered for DAG: example_complex
[2022-12-03T23:31:52.855+0000] {logging_mixin.py:137} INFO - [2022-12-03T23:31:52.855+0000] {taskmixin.py:205} WARNING - Dependency <Task(BashOperator): delete_entry>, create_entry_gcs already registered for DAG: example_complex
[2022-12-03T23:31:52.856+0000] {logging_mixin.py:137} INFO - [2022-12-03T23:31:52.856+0000] {taskmixin.py:205} WARNING - Dependency <Task(BashOperator): create_tag>, delete_tag already registered for DAG: example_complex
[2022-12-03T23:31:52.857+0000] {logging_mixin.py:137} INFO - [2022-12-03T23:31:52.857+0000] {taskmixin.py:205} WARNING - Dependency <Task(BashOperator): delete_tag>, create_tag already registered for DAG: example_complex
[2022-12-03T23:31:52.865+0000] {processor.py:766} INFO - DAG(s) dict_keys(['example_complex']) retrieved from /home/airflow/.local/lib/python3.7/site-packages/airflow/example_dags/example_complex.py
[2022-12-03T23:31:52.942+0000] {logging_mixin.py:137} INFO - [2022-12-03T23:31:52.942+0000] {dag.py:2585} INFO - Sync 1 DAGs
[2022-12-03T23:31:52.969+0000] {logging_mixin.py:137} INFO - [2022-12-03T23:31:52.969+0000] {dag.py:3340} INFO - Setting next_dagrun for example_complex to None, run_after=None
[2022-12-03T23:31:52.996+0000] {processor.py:176} INFO - Processing /home/airflow/.local/lib/python3.7/site-packages/airflow/example_dags/example_complex.py took 0.173 seconds
