[2022-12-03T00:24:08.697+0000] {processor.py:154} INFO - Started process (PID=13497) to work on /home/airflow/.local/lib/python3.7/site-packages/airflow/example_dags/example_trigger_controller_dag.py
[2022-12-03T00:24:08.702+0000] {processor.py:756} INFO - Processing file /home/airflow/.local/lib/python3.7/site-packages/airflow/example_dags/example_trigger_controller_dag.py for tasks to queue
[2022-12-03T00:24:08.705+0000] {logging_mixin.py:137} INFO - [2022-12-03T00:24:08.705+0000] {dagbag.py:537} INFO - Filling up the DagBag from /home/airflow/.local/lib/python3.7/site-packages/airflow/example_dags/example_trigger_controller_dag.py
[2022-12-03T00:24:08.732+0000] {processor.py:766} INFO - DAG(s) dict_keys(['example_trigger_controller_dag']) retrieved from /home/airflow/.local/lib/python3.7/site-packages/airflow/example_dags/example_trigger_controller_dag.py
[2022-12-03T00:24:08.814+0000] {logging_mixin.py:137} INFO - [2022-12-03T00:24:08.813+0000] {dag.py:2585} INFO - Sync 1 DAGs
[2022-12-03T00:24:08.908+0000] {logging_mixin.py:137} INFO - [2022-12-03T00:24:08.908+0000] {dag.py:3340} INFO - Setting next_dagrun for example_trigger_controller_dag to 2021-01-01T00:00:00+00:00, run_after=2021-01-01T00:00:00+00:00
[2022-12-03T00:24:08.941+0000] {processor.py:176} INFO - Processing /home/airflow/.local/lib/python3.7/site-packages/airflow/example_dags/example_trigger_controller_dag.py took 0.251 seconds
[2022-12-03T01:45:41.290+0000] {processor.py:154} INFO - Started process (PID=13566) to work on /home/airflow/.local/lib/python3.7/site-packages/airflow/example_dags/example_trigger_controller_dag.py
[2022-12-03T01:45:41.291+0000] {processor.py:756} INFO - Processing file /home/airflow/.local/lib/python3.7/site-packages/airflow/example_dags/example_trigger_controller_dag.py for tasks to queue
[2022-12-03T01:45:41.292+0000] {logging_mixin.py:137} INFO - [2022-12-03T01:45:41.292+0000] {dagbag.py:537} INFO - Filling up the DagBag from /home/airflow/.local/lib/python3.7/site-packages/airflow/example_dags/example_trigger_controller_dag.py
[2022-12-03T01:45:41.301+0000] {processor.py:766} INFO - DAG(s) dict_keys(['example_trigger_controller_dag']) retrieved from /home/airflow/.local/lib/python3.7/site-packages/airflow/example_dags/example_trigger_controller_dag.py
[2022-12-03T01:45:41.328+0000] {logging_mixin.py:137} INFO - [2022-12-03T01:45:41.328+0000] {dag.py:2585} INFO - Sync 1 DAGs
[2022-12-03T01:45:41.343+0000] {logging_mixin.py:137} INFO - [2022-12-03T01:45:41.343+0000] {dag.py:3340} INFO - Setting next_dagrun for example_trigger_controller_dag to 2021-01-01T00:00:00+00:00, run_after=2021-01-01T00:00:00+00:00
[2022-12-03T01:45:41.354+0000] {processor.py:176} INFO - Processing /home/airflow/.local/lib/python3.7/site-packages/airflow/example_dags/example_trigger_controller_dag.py took 0.067 seconds
[2022-12-03T03:05:49.992+0000] {processor.py:154} INFO - Started process (PID=13634) to work on /home/airflow/.local/lib/python3.7/site-packages/airflow/example_dags/example_trigger_controller_dag.py
[2022-12-03T03:05:49.994+0000] {processor.py:756} INFO - Processing file /home/airflow/.local/lib/python3.7/site-packages/airflow/example_dags/example_trigger_controller_dag.py for tasks to queue
[2022-12-03T03:05:49.995+0000] {logging_mixin.py:137} INFO - [2022-12-03T03:05:49.995+0000] {dagbag.py:537} INFO - Filling up the DagBag from /home/airflow/.local/lib/python3.7/site-packages/airflow/example_dags/example_trigger_controller_dag.py
[2022-12-03T03:05:50.003+0000] {processor.py:766} INFO - DAG(s) dict_keys(['example_trigger_controller_dag']) retrieved from /home/airflow/.local/lib/python3.7/site-packages/airflow/example_dags/example_trigger_controller_dag.py
[2022-12-03T03:05:50.029+0000] {logging_mixin.py:137} INFO - [2022-12-03T03:05:50.029+0000] {dag.py:2585} INFO - Sync 1 DAGs
[2022-12-03T03:05:50.043+0000] {logging_mixin.py:137} INFO - [2022-12-03T03:05:50.043+0000] {dag.py:3340} INFO - Setting next_dagrun for example_trigger_controller_dag to 2021-01-01T00:00:00+00:00, run_after=2021-01-01T00:00:00+00:00
[2022-12-03T03:05:50.061+0000] {processor.py:176} INFO - Processing /home/airflow/.local/lib/python3.7/site-packages/airflow/example_dags/example_trigger_controller_dag.py took 0.071 seconds
[2022-12-03T04:30:00.567+0000] {processor.py:154} INFO - Started process (PID=13701) to work on /home/airflow/.local/lib/python3.7/site-packages/airflow/example_dags/example_trigger_controller_dag.py
[2022-12-03T04:30:00.570+0000] {processor.py:756} INFO - Processing file /home/airflow/.local/lib/python3.7/site-packages/airflow/example_dags/example_trigger_controller_dag.py for tasks to queue
[2022-12-03T04:30:00.572+0000] {logging_mixin.py:137} INFO - [2022-12-03T04:30:00.572+0000] {dagbag.py:537} INFO - Filling up the DagBag from /home/airflow/.local/lib/python3.7/site-packages/airflow/example_dags/example_trigger_controller_dag.py
[2022-12-03T04:30:00.584+0000] {processor.py:766} INFO - DAG(s) dict_keys(['example_trigger_controller_dag']) retrieved from /home/airflow/.local/lib/python3.7/site-packages/airflow/example_dags/example_trigger_controller_dag.py
[2022-12-03T04:30:00.614+0000] {logging_mixin.py:137} INFO - [2022-12-03T04:30:00.614+0000] {dag.py:2585} INFO - Sync 1 DAGs
[2022-12-03T04:30:00.631+0000] {logging_mixin.py:137} INFO - [2022-12-03T04:30:00.631+0000] {dag.py:3340} INFO - Setting next_dagrun for example_trigger_controller_dag to 2021-01-01T00:00:00+00:00, run_after=2021-01-01T00:00:00+00:00
[2022-12-03T04:30:00.646+0000] {processor.py:176} INFO - Processing /home/airflow/.local/lib/python3.7/site-packages/airflow/example_dags/example_trigger_controller_dag.py took 0.085 seconds
[2022-12-03T05:52:51.029+0000] {processor.py:154} INFO - Started process (PID=13762) to work on /home/airflow/.local/lib/python3.7/site-packages/airflow/example_dags/example_trigger_controller_dag.py
[2022-12-03T05:52:51.030+0000] {processor.py:756} INFO - Processing file /home/airflow/.local/lib/python3.7/site-packages/airflow/example_dags/example_trigger_controller_dag.py for tasks to queue
[2022-12-03T05:52:51.031+0000] {logging_mixin.py:137} INFO - [2022-12-03T05:52:51.031+0000] {dagbag.py:537} INFO - Filling up the DagBag from /home/airflow/.local/lib/python3.7/site-packages/airflow/example_dags/example_trigger_controller_dag.py
[2022-12-03T05:52:51.039+0000] {processor.py:766} INFO - DAG(s) dict_keys(['example_trigger_controller_dag']) retrieved from /home/airflow/.local/lib/python3.7/site-packages/airflow/example_dags/example_trigger_controller_dag.py
[2022-12-03T05:52:51.066+0000] {logging_mixin.py:137} INFO - [2022-12-03T05:52:51.066+0000] {dag.py:2585} INFO - Sync 1 DAGs
[2022-12-03T05:52:51.081+0000] {logging_mixin.py:137} INFO - [2022-12-03T05:52:51.081+0000] {dag.py:3340} INFO - Setting next_dagrun for example_trigger_controller_dag to 2021-01-01T00:00:00+00:00, run_after=2021-01-01T00:00:00+00:00
[2022-12-03T05:52:51.093+0000] {processor.py:176} INFO - Processing /home/airflow/.local/lib/python3.7/site-packages/airflow/example_dags/example_trigger_controller_dag.py took 0.068 seconds
[2022-12-03T07:14:04.602+0000] {processor.py:154} INFO - Started process (PID=13833) to work on /home/airflow/.local/lib/python3.7/site-packages/airflow/example_dags/example_trigger_controller_dag.py
[2022-12-03T07:14:04.603+0000] {processor.py:756} INFO - Processing file /home/airflow/.local/lib/python3.7/site-packages/airflow/example_dags/example_trigger_controller_dag.py for tasks to queue
[2022-12-03T07:14:04.605+0000] {logging_mixin.py:137} INFO - [2022-12-03T07:14:04.604+0000] {dagbag.py:537} INFO - Filling up the DagBag from /home/airflow/.local/lib/python3.7/site-packages/airflow/example_dags/example_trigger_controller_dag.py
[2022-12-03T07:14:04.612+0000] {processor.py:766} INFO - DAG(s) dict_keys(['example_trigger_controller_dag']) retrieved from /home/airflow/.local/lib/python3.7/site-packages/airflow/example_dags/example_trigger_controller_dag.py
[2022-12-03T07:14:04.640+0000] {logging_mixin.py:137} INFO - [2022-12-03T07:14:04.640+0000] {dag.py:2585} INFO - Sync 1 DAGs
[2022-12-03T07:14:04.658+0000] {logging_mixin.py:137} INFO - [2022-12-03T07:14:04.658+0000] {dag.py:3340} INFO - Setting next_dagrun for example_trigger_controller_dag to 2021-01-01T00:00:00+00:00, run_after=2021-01-01T00:00:00+00:00
[2022-12-03T07:14:04.673+0000] {processor.py:176} INFO - Processing /home/airflow/.local/lib/python3.7/site-packages/airflow/example_dags/example_trigger_controller_dag.py took 0.074 seconds
[2022-12-03T08:36:16.624+0000] {processor.py:154} INFO - Started process (PID=13906) to work on /home/airflow/.local/lib/python3.7/site-packages/airflow/example_dags/example_trigger_controller_dag.py
[2022-12-03T08:36:16.626+0000] {processor.py:756} INFO - Processing file /home/airflow/.local/lib/python3.7/site-packages/airflow/example_dags/example_trigger_controller_dag.py for tasks to queue
[2022-12-03T08:36:16.627+0000] {logging_mixin.py:137} INFO - [2022-12-03T08:36:16.627+0000] {dagbag.py:537} INFO - Filling up the DagBag from /home/airflow/.local/lib/python3.7/site-packages/airflow/example_dags/example_trigger_controller_dag.py
[2022-12-03T08:36:16.635+0000] {processor.py:766} INFO - DAG(s) dict_keys(['example_trigger_controller_dag']) retrieved from /home/airflow/.local/lib/python3.7/site-packages/airflow/example_dags/example_trigger_controller_dag.py
[2022-12-03T08:36:16.663+0000] {logging_mixin.py:137} INFO - [2022-12-03T08:36:16.663+0000] {dag.py:2585} INFO - Sync 1 DAGs
[2022-12-03T08:36:16.680+0000] {logging_mixin.py:137} INFO - [2022-12-03T08:36:16.680+0000] {dag.py:3340} INFO - Setting next_dagrun for example_trigger_controller_dag to 2021-01-01T00:00:00+00:00, run_after=2021-01-01T00:00:00+00:00
[2022-12-03T08:36:16.690+0000] {processor.py:176} INFO - Processing /home/airflow/.local/lib/python3.7/site-packages/airflow/example_dags/example_trigger_controller_dag.py took 0.069 seconds
[2022-12-03T09:58:29.787+0000] {processor.py:154} INFO - Started process (PID=13974) to work on /home/airflow/.local/lib/python3.7/site-packages/airflow/example_dags/example_trigger_controller_dag.py
[2022-12-03T09:58:29.789+0000] {processor.py:756} INFO - Processing file /home/airflow/.local/lib/python3.7/site-packages/airflow/example_dags/example_trigger_controller_dag.py for tasks to queue
[2022-12-03T09:58:29.790+0000] {logging_mixin.py:137} INFO - [2022-12-03T09:58:29.790+0000] {dagbag.py:537} INFO - Filling up the DagBag from /home/airflow/.local/lib/python3.7/site-packages/airflow/example_dags/example_trigger_controller_dag.py
[2022-12-03T09:58:29.797+0000] {processor.py:766} INFO - DAG(s) dict_keys(['example_trigger_controller_dag']) retrieved from /home/airflow/.local/lib/python3.7/site-packages/airflow/example_dags/example_trigger_controller_dag.py
[2022-12-03T09:58:29.824+0000] {logging_mixin.py:137} INFO - [2022-12-03T09:58:29.824+0000] {dag.py:2585} INFO - Sync 1 DAGs
[2022-12-03T09:58:29.839+0000] {logging_mixin.py:137} INFO - [2022-12-03T09:58:29.839+0000] {dag.py:3340} INFO - Setting next_dagrun for example_trigger_controller_dag to 2021-01-01T00:00:00+00:00, run_after=2021-01-01T00:00:00+00:00
[2022-12-03T09:58:29.851+0000] {processor.py:176} INFO - Processing /home/airflow/.local/lib/python3.7/site-packages/airflow/example_dags/example_trigger_controller_dag.py took 0.066 seconds
[2022-12-03T11:03:30.729+0000] {processor.py:154} INFO - Started process (PID=14029) to work on /home/airflow/.local/lib/python3.7/site-packages/airflow/example_dags/example_trigger_controller_dag.py
[2022-12-03T11:03:30.730+0000] {processor.py:756} INFO - Processing file /home/airflow/.local/lib/python3.7/site-packages/airflow/example_dags/example_trigger_controller_dag.py for tasks to queue
[2022-12-03T11:03:30.731+0000] {logging_mixin.py:137} INFO - [2022-12-03T11:03:30.731+0000] {dagbag.py:537} INFO - Filling up the DagBag from /home/airflow/.local/lib/python3.7/site-packages/airflow/example_dags/example_trigger_controller_dag.py
[2022-12-03T11:03:30.739+0000] {processor.py:766} INFO - DAG(s) dict_keys(['example_trigger_controller_dag']) retrieved from /home/airflow/.local/lib/python3.7/site-packages/airflow/example_dags/example_trigger_controller_dag.py
[2022-12-03T11:03:30.765+0000] {logging_mixin.py:137} INFO - [2022-12-03T11:03:30.765+0000] {dag.py:2585} INFO - Sync 1 DAGs
[2022-12-03T11:03:30.780+0000] {logging_mixin.py:137} INFO - [2022-12-03T11:03:30.779+0000] {dag.py:3340} INFO - Setting next_dagrun for example_trigger_controller_dag to 2021-01-01T00:00:00+00:00, run_after=2021-01-01T00:00:00+00:00
[2022-12-03T11:03:30.790+0000] {processor.py:176} INFO - Processing /home/airflow/.local/lib/python3.7/site-packages/airflow/example_dags/example_trigger_controller_dag.py took 0.063 seconds
[2022-12-03T11:21:01.195+0000] {processor.py:154} INFO - Started process (PID=14103) to work on /home/airflow/.local/lib/python3.7/site-packages/airflow/example_dags/example_trigger_controller_dag.py
[2022-12-03T11:21:01.198+0000] {processor.py:756} INFO - Processing file /home/airflow/.local/lib/python3.7/site-packages/airflow/example_dags/example_trigger_controller_dag.py for tasks to queue
[2022-12-03T11:21:01.201+0000] {logging_mixin.py:137} INFO - [2022-12-03T11:21:01.201+0000] {dagbag.py:537} INFO - Filling up the DagBag from /home/airflow/.local/lib/python3.7/site-packages/airflow/example_dags/example_trigger_controller_dag.py
[2022-12-03T11:21:01.222+0000] {processor.py:766} INFO - DAG(s) dict_keys(['example_trigger_controller_dag']) retrieved from /home/airflow/.local/lib/python3.7/site-packages/airflow/example_dags/example_trigger_controller_dag.py
[2022-12-03T11:21:01.305+0000] {logging_mixin.py:137} INFO - [2022-12-03T11:21:01.305+0000] {dag.py:2585} INFO - Sync 1 DAGs
[2022-12-03T11:21:01.335+0000] {logging_mixin.py:137} INFO - [2022-12-03T11:21:01.335+0000] {dag.py:3340} INFO - Setting next_dagrun for example_trigger_controller_dag to 2021-01-01T00:00:00+00:00, run_after=2021-01-01T00:00:00+00:00
[2022-12-03T11:21:01.358+0000] {processor.py:176} INFO - Processing /home/airflow/.local/lib/python3.7/site-packages/airflow/example_dags/example_trigger_controller_dag.py took 0.167 seconds
[2022-12-03T12:21:04.664+0000] {processor.py:154} INFO - Started process (PID=14176) to work on /home/airflow/.local/lib/python3.7/site-packages/airflow/example_dags/example_trigger_controller_dag.py
[2022-12-03T12:21:04.666+0000] {processor.py:756} INFO - Processing file /home/airflow/.local/lib/python3.7/site-packages/airflow/example_dags/example_trigger_controller_dag.py for tasks to queue
[2022-12-03T12:21:04.669+0000] {logging_mixin.py:137} INFO - [2022-12-03T12:21:04.669+0000] {dagbag.py:537} INFO - Filling up the DagBag from /home/airflow/.local/lib/python3.7/site-packages/airflow/example_dags/example_trigger_controller_dag.py
[2022-12-03T12:21:04.678+0000] {processor.py:766} INFO - DAG(s) dict_keys(['example_trigger_controller_dag']) retrieved from /home/airflow/.local/lib/python3.7/site-packages/airflow/example_dags/example_trigger_controller_dag.py
[2022-12-03T12:21:04.708+0000] {logging_mixin.py:137} INFO - [2022-12-03T12:21:04.708+0000] {dag.py:2585} INFO - Sync 1 DAGs
[2022-12-03T12:21:04.725+0000] {logging_mixin.py:137} INFO - [2022-12-03T12:21:04.725+0000] {dag.py:3340} INFO - Setting next_dagrun for example_trigger_controller_dag to 2021-01-01T00:00:00+00:00, run_after=2021-01-01T00:00:00+00:00
[2022-12-03T12:21:04.741+0000] {processor.py:176} INFO - Processing /home/airflow/.local/lib/python3.7/site-packages/airflow/example_dags/example_trigger_controller_dag.py took 0.080 seconds
[2022-12-03T13:24:17.708+0000] {processor.py:154} INFO - Started process (PID=14251) to work on /home/airflow/.local/lib/python3.7/site-packages/airflow/example_dags/example_trigger_controller_dag.py
[2022-12-03T13:24:17.709+0000] {processor.py:756} INFO - Processing file /home/airflow/.local/lib/python3.7/site-packages/airflow/example_dags/example_trigger_controller_dag.py for tasks to queue
[2022-12-03T13:24:17.710+0000] {logging_mixin.py:137} INFO - [2022-12-03T13:24:17.710+0000] {dagbag.py:537} INFO - Filling up the DagBag from /home/airflow/.local/lib/python3.7/site-packages/airflow/example_dags/example_trigger_controller_dag.py
[2022-12-03T13:24:17.718+0000] {processor.py:766} INFO - DAG(s) dict_keys(['example_trigger_controller_dag']) retrieved from /home/airflow/.local/lib/python3.7/site-packages/airflow/example_dags/example_trigger_controller_dag.py
[2022-12-03T13:24:17.749+0000] {logging_mixin.py:137} INFO - [2022-12-03T13:24:17.748+0000] {dag.py:2585} INFO - Sync 1 DAGs
[2022-12-03T13:24:17.764+0000] {logging_mixin.py:137} INFO - [2022-12-03T13:24:17.764+0000] {dag.py:3340} INFO - Setting next_dagrun for example_trigger_controller_dag to 2021-01-01T00:00:00+00:00, run_after=2021-01-01T00:00:00+00:00
[2022-12-03T13:24:17.777+0000] {processor.py:176} INFO - Processing /home/airflow/.local/lib/python3.7/site-packages/airflow/example_dags/example_trigger_controller_dag.py took 0.072 seconds
[2022-12-03T14:43:47.450+0000] {processor.py:154} INFO - Started process (PID=14306) to work on /home/airflow/.local/lib/python3.7/site-packages/airflow/example_dags/example_trigger_controller_dag.py
[2022-12-03T14:43:47.452+0000] {processor.py:756} INFO - Processing file /home/airflow/.local/lib/python3.7/site-packages/airflow/example_dags/example_trigger_controller_dag.py for tasks to queue
[2022-12-03T14:43:47.453+0000] {logging_mixin.py:137} INFO - [2022-12-03T14:43:47.452+0000] {dagbag.py:537} INFO - Filling up the DagBag from /home/airflow/.local/lib/python3.7/site-packages/airflow/example_dags/example_trigger_controller_dag.py
[2022-12-03T14:43:47.461+0000] {processor.py:766} INFO - DAG(s) dict_keys(['example_trigger_controller_dag']) retrieved from /home/airflow/.local/lib/python3.7/site-packages/airflow/example_dags/example_trigger_controller_dag.py
[2022-12-03T14:43:47.492+0000] {logging_mixin.py:137} INFO - [2022-12-03T14:43:47.492+0000] {dag.py:2585} INFO - Sync 1 DAGs
[2022-12-03T14:43:47.507+0000] {logging_mixin.py:137} INFO - [2022-12-03T14:43:47.507+0000] {dag.py:3340} INFO - Setting next_dagrun for example_trigger_controller_dag to 2021-01-01T00:00:00+00:00, run_after=2021-01-01T00:00:00+00:00
[2022-12-03T14:43:47.520+0000] {processor.py:176} INFO - Processing /home/airflow/.local/lib/python3.7/site-packages/airflow/example_dags/example_trigger_controller_dag.py took 0.073 seconds
[2022-12-03T16:02:59.869+0000] {processor.py:154} INFO - Started process (PID=14372) to work on /home/airflow/.local/lib/python3.7/site-packages/airflow/example_dags/example_trigger_controller_dag.py
[2022-12-03T16:02:59.871+0000] {processor.py:756} INFO - Processing file /home/airflow/.local/lib/python3.7/site-packages/airflow/example_dags/example_trigger_controller_dag.py for tasks to queue
[2022-12-03T16:02:59.873+0000] {logging_mixin.py:137} INFO - [2022-12-03T16:02:59.873+0000] {dagbag.py:537} INFO - Filling up the DagBag from /home/airflow/.local/lib/python3.7/site-packages/airflow/example_dags/example_trigger_controller_dag.py
[2022-12-03T16:02:59.885+0000] {processor.py:766} INFO - DAG(s) dict_keys(['example_trigger_controller_dag']) retrieved from /home/airflow/.local/lib/python3.7/site-packages/airflow/example_dags/example_trigger_controller_dag.py
[2022-12-03T16:02:59.933+0000] {logging_mixin.py:137} INFO - [2022-12-03T16:02:59.933+0000] {dag.py:2585} INFO - Sync 1 DAGs
[2022-12-03T16:02:59.950+0000] {logging_mixin.py:137} INFO - [2022-12-03T16:02:59.950+0000] {dag.py:3340} INFO - Setting next_dagrun for example_trigger_controller_dag to 2021-01-01T00:00:00+00:00, run_after=2021-01-01T00:00:00+00:00
[2022-12-03T16:02:59.966+0000] {processor.py:176} INFO - Processing /home/airflow/.local/lib/python3.7/site-packages/airflow/example_dags/example_trigger_controller_dag.py took 0.100 seconds
[2022-12-03T17:24:32.686+0000] {processor.py:154} INFO - Started process (PID=14440) to work on /home/airflow/.local/lib/python3.7/site-packages/airflow/example_dags/example_trigger_controller_dag.py
[2022-12-03T17:24:32.689+0000] {processor.py:756} INFO - Processing file /home/airflow/.local/lib/python3.7/site-packages/airflow/example_dags/example_trigger_controller_dag.py for tasks to queue
[2022-12-03T17:24:32.691+0000] {logging_mixin.py:137} INFO - [2022-12-03T17:24:32.691+0000] {dagbag.py:537} INFO - Filling up the DagBag from /home/airflow/.local/lib/python3.7/site-packages/airflow/example_dags/example_trigger_controller_dag.py
[2022-12-03T17:24:32.703+0000] {processor.py:766} INFO - DAG(s) dict_keys(['example_trigger_controller_dag']) retrieved from /home/airflow/.local/lib/python3.7/site-packages/airflow/example_dags/example_trigger_controller_dag.py
[2022-12-03T17:24:32.733+0000] {logging_mixin.py:137} INFO - [2022-12-03T17:24:32.733+0000] {dag.py:2585} INFO - Sync 1 DAGs
[2022-12-03T17:24:32.754+0000] {logging_mixin.py:137} INFO - [2022-12-03T17:24:32.754+0000] {dag.py:3340} INFO - Setting next_dagrun for example_trigger_controller_dag to 2021-01-01T00:00:00+00:00, run_after=2021-01-01T00:00:00+00:00
[2022-12-03T17:24:32.772+0000] {processor.py:176} INFO - Processing /home/airflow/.local/lib/python3.7/site-packages/airflow/example_dags/example_trigger_controller_dag.py took 0.090 seconds
[2022-12-03T18:46:58.961+0000] {processor.py:154} INFO - Started process (PID=14507) to work on /home/airflow/.local/lib/python3.7/site-packages/airflow/example_dags/example_trigger_controller_dag.py
[2022-12-03T18:46:58.963+0000] {processor.py:756} INFO - Processing file /home/airflow/.local/lib/python3.7/site-packages/airflow/example_dags/example_trigger_controller_dag.py for tasks to queue
[2022-12-03T18:46:58.964+0000] {logging_mixin.py:137} INFO - [2022-12-03T18:46:58.964+0000] {dagbag.py:537} INFO - Filling up the DagBag from /home/airflow/.local/lib/python3.7/site-packages/airflow/example_dags/example_trigger_controller_dag.py
[2022-12-03T18:46:58.972+0000] {processor.py:766} INFO - DAG(s) dict_keys(['example_trigger_controller_dag']) retrieved from /home/airflow/.local/lib/python3.7/site-packages/airflow/example_dags/example_trigger_controller_dag.py
[2022-12-03T18:46:59.004+0000] {logging_mixin.py:137} INFO - [2022-12-03T18:46:59.003+0000] {dag.py:2585} INFO - Sync 1 DAGs
[2022-12-03T18:46:59.021+0000] {logging_mixin.py:137} INFO - [2022-12-03T18:46:59.021+0000] {dag.py:3340} INFO - Setting next_dagrun for example_trigger_controller_dag to 2021-01-01T00:00:00+00:00, run_after=2021-01-01T00:00:00+00:00
[2022-12-03T18:46:59.035+0000] {processor.py:176} INFO - Processing /home/airflow/.local/lib/python3.7/site-packages/airflow/example_dags/example_trigger_controller_dag.py took 0.077 seconds
[2022-12-03T19:40:02.301+0000] {processor.py:154} INFO - Started process (PID=14564) to work on /home/airflow/.local/lib/python3.7/site-packages/airflow/example_dags/example_trigger_controller_dag.py
[2022-12-03T19:40:02.305+0000] {processor.py:756} INFO - Processing file /home/airflow/.local/lib/python3.7/site-packages/airflow/example_dags/example_trigger_controller_dag.py for tasks to queue
[2022-12-03T19:40:02.308+0000] {logging_mixin.py:137} INFO - [2022-12-03T19:40:02.307+0000] {dagbag.py:537} INFO - Filling up the DagBag from /home/airflow/.local/lib/python3.7/site-packages/airflow/example_dags/example_trigger_controller_dag.py
[2022-12-03T19:40:02.335+0000] {processor.py:766} INFO - DAG(s) dict_keys(['example_trigger_controller_dag']) retrieved from /home/airflow/.local/lib/python3.7/site-packages/airflow/example_dags/example_trigger_controller_dag.py
[2022-12-03T19:40:02.417+0000] {logging_mixin.py:137} INFO - [2022-12-03T19:40:02.417+0000] {dag.py:2585} INFO - Sync 1 DAGs
[2022-12-03T19:40:02.466+0000] {logging_mixin.py:137} INFO - [2022-12-03T19:40:02.465+0000] {dag.py:3340} INFO - Setting next_dagrun for example_trigger_controller_dag to 2021-01-01T00:00:00+00:00, run_after=2021-01-01T00:00:00+00:00
[2022-12-03T19:40:02.491+0000] {processor.py:176} INFO - Processing /home/airflow/.local/lib/python3.7/site-packages/airflow/example_dags/example_trigger_controller_dag.py took 0.199 seconds
[2022-12-03T20:15:10.152+0000] {processor.py:154} INFO - Started process (PID=14630) to work on /home/airflow/.local/lib/python3.7/site-packages/airflow/example_dags/example_trigger_controller_dag.py
[2022-12-03T20:15:10.156+0000] {processor.py:756} INFO - Processing file /home/airflow/.local/lib/python3.7/site-packages/airflow/example_dags/example_trigger_controller_dag.py for tasks to queue
[2022-12-03T20:15:10.158+0000] {logging_mixin.py:137} INFO - [2022-12-03T20:15:10.158+0000] {dagbag.py:537} INFO - Filling up the DagBag from /home/airflow/.local/lib/python3.7/site-packages/airflow/example_dags/example_trigger_controller_dag.py
[2022-12-03T20:15:10.180+0000] {processor.py:766} INFO - DAG(s) dict_keys(['example_trigger_controller_dag']) retrieved from /home/airflow/.local/lib/python3.7/site-packages/airflow/example_dags/example_trigger_controller_dag.py
[2022-12-03T20:15:10.245+0000] {logging_mixin.py:137} INFO - [2022-12-03T20:15:10.245+0000] {dag.py:2585} INFO - Sync 1 DAGs
[2022-12-03T20:15:10.260+0000] {logging_mixin.py:137} INFO - [2022-12-03T20:15:10.260+0000] {dag.py:3340} INFO - Setting next_dagrun for example_trigger_controller_dag to 2021-01-01T00:00:00+00:00, run_after=2021-01-01T00:00:00+00:00
[2022-12-03T20:15:10.273+0000] {processor.py:176} INFO - Processing /home/airflow/.local/lib/python3.7/site-packages/airflow/example_dags/example_trigger_controller_dag.py took 0.125 seconds
[2022-12-03T20:47:36.794+0000] {processor.py:154} INFO - Started process (PID=14695) to work on /home/airflow/.local/lib/python3.7/site-packages/airflow/example_dags/example_trigger_controller_dag.py
[2022-12-03T20:47:36.800+0000] {processor.py:756} INFO - Processing file /home/airflow/.local/lib/python3.7/site-packages/airflow/example_dags/example_trigger_controller_dag.py for tasks to queue
[2022-12-03T20:47:36.802+0000] {logging_mixin.py:137} INFO - [2022-12-03T20:47:36.802+0000] {dagbag.py:537} INFO - Filling up the DagBag from /home/airflow/.local/lib/python3.7/site-packages/airflow/example_dags/example_trigger_controller_dag.py
[2022-12-03T20:47:36.825+0000] {processor.py:766} INFO - DAG(s) dict_keys(['example_trigger_controller_dag']) retrieved from /home/airflow/.local/lib/python3.7/site-packages/airflow/example_dags/example_trigger_controller_dag.py
[2022-12-03T20:47:36.880+0000] {logging_mixin.py:137} INFO - [2022-12-03T20:47:36.880+0000] {dag.py:2585} INFO - Sync 1 DAGs
[2022-12-03T20:47:36.905+0000] {logging_mixin.py:137} INFO - [2022-12-03T20:47:36.905+0000] {dag.py:3340} INFO - Setting next_dagrun for example_trigger_controller_dag to 2021-01-01T00:00:00+00:00, run_after=2021-01-01T00:00:00+00:00
[2022-12-03T20:47:36.927+0000] {processor.py:176} INFO - Processing /home/airflow/.local/lib/python3.7/site-packages/airflow/example_dags/example_trigger_controller_dag.py took 0.138 seconds
[2022-12-03T22:10:13.288+0000] {processor.py:154} INFO - Started process (PID=14765) to work on /home/airflow/.local/lib/python3.7/site-packages/airflow/example_dags/example_trigger_controller_dag.py
[2022-12-03T22:10:13.289+0000] {processor.py:756} INFO - Processing file /home/airflow/.local/lib/python3.7/site-packages/airflow/example_dags/example_trigger_controller_dag.py for tasks to queue
[2022-12-03T22:10:13.290+0000] {logging_mixin.py:137} INFO - [2022-12-03T22:10:13.290+0000] {dagbag.py:537} INFO - Filling up the DagBag from /home/airflow/.local/lib/python3.7/site-packages/airflow/example_dags/example_trigger_controller_dag.py
[2022-12-03T22:10:13.298+0000] {processor.py:766} INFO - DAG(s) dict_keys(['example_trigger_controller_dag']) retrieved from /home/airflow/.local/lib/python3.7/site-packages/airflow/example_dags/example_trigger_controller_dag.py
[2022-12-03T22:10:13.325+0000] {logging_mixin.py:137} INFO - [2022-12-03T22:10:13.325+0000] {dag.py:2585} INFO - Sync 1 DAGs
[2022-12-03T22:10:13.339+0000] {logging_mixin.py:137} INFO - [2022-12-03T22:10:13.339+0000] {dag.py:3340} INFO - Setting next_dagrun for example_trigger_controller_dag to 2021-01-01T00:00:00+00:00, run_after=2021-01-01T00:00:00+00:00
[2022-12-03T22:10:13.352+0000] {processor.py:176} INFO - Processing /home/airflow/.local/lib/python3.7/site-packages/airflow/example_dags/example_trigger_controller_dag.py took 0.066 seconds
[2022-12-03T23:31:52.611+0000] {processor.py:154} INFO - Started process (PID=14824) to work on /home/airflow/.local/lib/python3.7/site-packages/airflow/example_dags/example_trigger_controller_dag.py
[2022-12-03T23:31:52.613+0000] {processor.py:756} INFO - Processing file /home/airflow/.local/lib/python3.7/site-packages/airflow/example_dags/example_trigger_controller_dag.py for tasks to queue
[2022-12-03T23:31:52.615+0000] {logging_mixin.py:137} INFO - [2022-12-03T23:31:52.615+0000] {dagbag.py:537} INFO - Filling up the DagBag from /home/airflow/.local/lib/python3.7/site-packages/airflow/example_dags/example_trigger_controller_dag.py
[2022-12-03T23:31:52.631+0000] {processor.py:766} INFO - DAG(s) dict_keys(['example_trigger_controller_dag']) retrieved from /home/airflow/.local/lib/python3.7/site-packages/airflow/example_dags/example_trigger_controller_dag.py
[2022-12-03T23:31:52.669+0000] {logging_mixin.py:137} INFO - [2022-12-03T23:31:52.669+0000] {dag.py:2585} INFO - Sync 1 DAGs
[2022-12-03T23:31:52.699+0000] {logging_mixin.py:137} INFO - [2022-12-03T23:31:52.699+0000] {dag.py:3340} INFO - Setting next_dagrun for example_trigger_controller_dag to 2021-01-01T00:00:00+00:00, run_after=2021-01-01T00:00:00+00:00
[2022-12-03T23:31:52.733+0000] {processor.py:176} INFO - Processing /home/airflow/.local/lib/python3.7/site-packages/airflow/example_dags/example_trigger_controller_dag.py took 0.135 seconds
