[2022-12-03T00:24:10.618+0000] {processor.py:154} INFO - Started process (PID=13516) to work on /home/airflow/.local/lib/python3.7/site-packages/airflow/example_dags/example_xcom.py
[2022-12-03T00:24:10.620+0000] {processor.py:756} INFO - Processing file /home/airflow/.local/lib/python3.7/site-packages/airflow/example_dags/example_xcom.py for tasks to queue
[2022-12-03T00:24:10.621+0000] {logging_mixin.py:137} INFO - [2022-12-03T00:24:10.621+0000] {dagbag.py:537} INFO - Filling up the DagBag from /home/airflow/.local/lib/python3.7/site-packages/airflow/example_dags/example_xcom.py
[2022-12-03T00:24:10.638+0000] {processor.py:766} INFO - DAG(s) dict_keys(['example_xcom']) retrieved from /home/airflow/.local/lib/python3.7/site-packages/airflow/example_dags/example_xcom.py
[2022-12-03T00:24:10.665+0000] {logging_mixin.py:137} INFO - [2022-12-03T00:24:10.665+0000] {dag.py:2585} INFO - Sync 1 DAGs
[2022-12-03T00:24:10.683+0000] {logging_mixin.py:137} INFO - [2022-12-03T00:24:10.683+0000] {dag.py:3340} INFO - Setting next_dagrun for example_xcom to 2021-01-01T00:00:00+00:00, run_after=2021-01-01T00:00:00+00:00
[2022-12-03T00:24:10.697+0000] {processor.py:176} INFO - Processing /home/airflow/.local/lib/python3.7/site-packages/airflow/example_dags/example_xcom.py took 0.081 seconds
[2022-12-03T01:45:42.754+0000] {processor.py:154} INFO - Started process (PID=13585) to work on /home/airflow/.local/lib/python3.7/site-packages/airflow/example_dags/example_xcom.py
[2022-12-03T01:45:42.756+0000] {processor.py:756} INFO - Processing file /home/airflow/.local/lib/python3.7/site-packages/airflow/example_dags/example_xcom.py for tasks to queue
[2022-12-03T01:45:42.757+0000] {logging_mixin.py:137} INFO - [2022-12-03T01:45:42.757+0000] {dagbag.py:537} INFO - Filling up the DagBag from /home/airflow/.local/lib/python3.7/site-packages/airflow/example_dags/example_xcom.py
[2022-12-03T01:45:42.774+0000] {processor.py:766} INFO - DAG(s) dict_keys(['example_xcom']) retrieved from /home/airflow/.local/lib/python3.7/site-packages/airflow/example_dags/example_xcom.py
[2022-12-03T01:45:42.809+0000] {logging_mixin.py:137} INFO - [2022-12-03T01:45:42.809+0000] {dag.py:2585} INFO - Sync 1 DAGs
[2022-12-03T01:45:42.828+0000] {logging_mixin.py:137} INFO - [2022-12-03T01:45:42.828+0000] {dag.py:3340} INFO - Setting next_dagrun for example_xcom to 2021-01-01T00:00:00+00:00, run_after=2021-01-01T00:00:00+00:00
[2022-12-03T01:45:42.844+0000] {processor.py:176} INFO - Processing /home/airflow/.local/lib/python3.7/site-packages/airflow/example_dags/example_xcom.py took 0.092 seconds
[2022-12-03T03:05:51.587+0000] {processor.py:154} INFO - Started process (PID=13653) to work on /home/airflow/.local/lib/python3.7/site-packages/airflow/example_dags/example_xcom.py
[2022-12-03T03:05:51.589+0000] {processor.py:756} INFO - Processing file /home/airflow/.local/lib/python3.7/site-packages/airflow/example_dags/example_xcom.py for tasks to queue
[2022-12-03T03:05:51.590+0000] {logging_mixin.py:137} INFO - [2022-12-03T03:05:51.590+0000] {dagbag.py:537} INFO - Filling up the DagBag from /home/airflow/.local/lib/python3.7/site-packages/airflow/example_dags/example_xcom.py
[2022-12-03T03:05:51.604+0000] {processor.py:766} INFO - DAG(s) dict_keys(['example_xcom']) retrieved from /home/airflow/.local/lib/python3.7/site-packages/airflow/example_dags/example_xcom.py
[2022-12-03T03:05:51.633+0000] {logging_mixin.py:137} INFO - [2022-12-03T03:05:51.633+0000] {dag.py:2585} INFO - Sync 1 DAGs
[2022-12-03T03:05:51.648+0000] {logging_mixin.py:137} INFO - [2022-12-03T03:05:51.647+0000] {dag.py:3340} INFO - Setting next_dagrun for example_xcom to 2021-01-01T00:00:00+00:00, run_after=2021-01-01T00:00:00+00:00
[2022-12-03T03:05:51.663+0000] {processor.py:176} INFO - Processing /home/airflow/.local/lib/python3.7/site-packages/airflow/example_dags/example_xcom.py took 0.078 seconds
[2022-12-03T04:30:02.094+0000] {processor.py:154} INFO - Started process (PID=13720) to work on /home/airflow/.local/lib/python3.7/site-packages/airflow/example_dags/example_xcom.py
[2022-12-03T04:30:02.097+0000] {processor.py:756} INFO - Processing file /home/airflow/.local/lib/python3.7/site-packages/airflow/example_dags/example_xcom.py for tasks to queue
[2022-12-03T04:30:02.100+0000] {logging_mixin.py:137} INFO - [2022-12-03T04:30:02.100+0000] {dagbag.py:537} INFO - Filling up the DagBag from /home/airflow/.local/lib/python3.7/site-packages/airflow/example_dags/example_xcom.py
[2022-12-03T04:30:02.121+0000] {processor.py:766} INFO - DAG(s) dict_keys(['example_xcom']) retrieved from /home/airflow/.local/lib/python3.7/site-packages/airflow/example_dags/example_xcom.py
[2022-12-03T04:30:02.157+0000] {logging_mixin.py:137} INFO - [2022-12-03T04:30:02.157+0000] {dag.py:2585} INFO - Sync 1 DAGs
[2022-12-03T04:30:02.176+0000] {logging_mixin.py:137} INFO - [2022-12-03T04:30:02.176+0000] {dag.py:3340} INFO - Setting next_dagrun for example_xcom to 2021-01-01T00:00:00+00:00, run_after=2021-01-01T00:00:00+00:00
[2022-12-03T04:30:02.198+0000] {processor.py:176} INFO - Processing /home/airflow/.local/lib/python3.7/site-packages/airflow/example_dags/example_xcom.py took 0.109 seconds
[2022-12-03T05:52:52.496+0000] {processor.py:154} INFO - Started process (PID=13781) to work on /home/airflow/.local/lib/python3.7/site-packages/airflow/example_dags/example_xcom.py
[2022-12-03T05:52:52.498+0000] {processor.py:756} INFO - Processing file /home/airflow/.local/lib/python3.7/site-packages/airflow/example_dags/example_xcom.py for tasks to queue
[2022-12-03T05:52:52.499+0000] {logging_mixin.py:137} INFO - [2022-12-03T05:52:52.499+0000] {dagbag.py:537} INFO - Filling up the DagBag from /home/airflow/.local/lib/python3.7/site-packages/airflow/example_dags/example_xcom.py
[2022-12-03T05:52:52.516+0000] {processor.py:766} INFO - DAG(s) dict_keys(['example_xcom']) retrieved from /home/airflow/.local/lib/python3.7/site-packages/airflow/example_dags/example_xcom.py
[2022-12-03T05:52:52.549+0000] {logging_mixin.py:137} INFO - [2022-12-03T05:52:52.549+0000] {dag.py:2585} INFO - Sync 1 DAGs
[2022-12-03T05:52:52.564+0000] {logging_mixin.py:137} INFO - [2022-12-03T05:52:52.564+0000] {dag.py:3340} INFO - Setting next_dagrun for example_xcom to 2021-01-01T00:00:00+00:00, run_after=2021-01-01T00:00:00+00:00
[2022-12-03T05:52:52.581+0000] {processor.py:176} INFO - Processing /home/airflow/.local/lib/python3.7/site-packages/airflow/example_dags/example_xcom.py took 0.088 seconds
[2022-12-03T07:14:05.851+0000] {processor.py:154} INFO - Started process (PID=13852) to work on /home/airflow/.local/lib/python3.7/site-packages/airflow/example_dags/example_xcom.py
[2022-12-03T07:14:05.954+0000] {processor.py:756} INFO - Processing file /home/airflow/.local/lib/python3.7/site-packages/airflow/example_dags/example_xcom.py for tasks to queue
[2022-12-03T07:14:05.956+0000] {logging_mixin.py:137} INFO - [2022-12-03T07:14:05.956+0000] {dagbag.py:537} INFO - Filling up the DagBag from /home/airflow/.local/lib/python3.7/site-packages/airflow/example_dags/example_xcom.py
[2022-12-03T07:14:05.978+0000] {processor.py:766} INFO - DAG(s) dict_keys(['example_xcom']) retrieved from /home/airflow/.local/lib/python3.7/site-packages/airflow/example_dags/example_xcom.py
[2022-12-03T07:14:06.032+0000] {logging_mixin.py:137} INFO - [2022-12-03T07:14:06.031+0000] {dag.py:2585} INFO - Sync 1 DAGs
[2022-12-03T07:14:06.068+0000] {logging_mixin.py:137} INFO - [2022-12-03T07:14:06.067+0000] {dag.py:3340} INFO - Setting next_dagrun for example_xcom to 2021-01-01T00:00:00+00:00, run_after=2021-01-01T00:00:00+00:00
[2022-12-03T07:14:06.088+0000] {processor.py:176} INFO - Processing /home/airflow/.local/lib/python3.7/site-packages/airflow/example_dags/example_xcom.py took 0.419 seconds
[2022-12-03T08:36:17.611+0000] {processor.py:154} INFO - Started process (PID=13925) to work on /home/airflow/.local/lib/python3.7/site-packages/airflow/example_dags/example_xcom.py
[2022-12-03T08:36:17.613+0000] {processor.py:756} INFO - Processing file /home/airflow/.local/lib/python3.7/site-packages/airflow/example_dags/example_xcom.py for tasks to queue
[2022-12-03T08:36:17.614+0000] {logging_mixin.py:137} INFO - [2022-12-03T08:36:17.614+0000] {dagbag.py:537} INFO - Filling up the DagBag from /home/airflow/.local/lib/python3.7/site-packages/airflow/example_dags/example_xcom.py
[2022-12-03T08:36:17.628+0000] {processor.py:766} INFO - DAG(s) dict_keys(['example_xcom']) retrieved from /home/airflow/.local/lib/python3.7/site-packages/airflow/example_dags/example_xcom.py
[2022-12-03T08:36:17.888+0000] {logging_mixin.py:137} INFO - [2022-12-03T08:36:17.888+0000] {dag.py:2585} INFO - Sync 1 DAGs
[2022-12-03T08:36:17.911+0000] {logging_mixin.py:137} INFO - [2022-12-03T08:36:17.911+0000] {dag.py:3340} INFO - Setting next_dagrun for example_xcom to 2021-01-01T00:00:00+00:00, run_after=2021-01-01T00:00:00+00:00
[2022-12-03T08:36:17.945+0000] {processor.py:176} INFO - Processing /home/airflow/.local/lib/python3.7/site-packages/airflow/example_dags/example_xcom.py took 0.336 seconds
[2022-12-03T09:58:31.133+0000] {processor.py:154} INFO - Started process (PID=13993) to work on /home/airflow/.local/lib/python3.7/site-packages/airflow/example_dags/example_xcom.py
[2022-12-03T09:58:31.135+0000] {processor.py:756} INFO - Processing file /home/airflow/.local/lib/python3.7/site-packages/airflow/example_dags/example_xcom.py for tasks to queue
[2022-12-03T09:58:31.137+0000] {logging_mixin.py:137} INFO - [2022-12-03T09:58:31.137+0000] {dagbag.py:537} INFO - Filling up the DagBag from /home/airflow/.local/lib/python3.7/site-packages/airflow/example_dags/example_xcom.py
[2022-12-03T09:58:31.156+0000] {processor.py:766} INFO - DAG(s) dict_keys(['example_xcom']) retrieved from /home/airflow/.local/lib/python3.7/site-packages/airflow/example_dags/example_xcom.py
[2022-12-03T09:58:31.189+0000] {logging_mixin.py:137} INFO - [2022-12-03T09:58:31.189+0000] {dag.py:2585} INFO - Sync 1 DAGs
[2022-12-03T09:58:31.206+0000] {logging_mixin.py:137} INFO - [2022-12-03T09:58:31.206+0000] {dag.py:3340} INFO - Setting next_dagrun for example_xcom to 2021-01-01T00:00:00+00:00, run_after=2021-01-01T00:00:00+00:00
[2022-12-03T09:58:31.221+0000] {processor.py:176} INFO - Processing /home/airflow/.local/lib/python3.7/site-packages/airflow/example_dags/example_xcom.py took 0.090 seconds
[2022-12-03T11:03:31.788+0000] {processor.py:154} INFO - Started process (PID=14048) to work on /home/airflow/.local/lib/python3.7/site-packages/airflow/example_dags/example_xcom.py
[2022-12-03T11:03:31.790+0000] {processor.py:756} INFO - Processing file /home/airflow/.local/lib/python3.7/site-packages/airflow/example_dags/example_xcom.py for tasks to queue
[2022-12-03T11:03:31.791+0000] {logging_mixin.py:137} INFO - [2022-12-03T11:03:31.791+0000] {dagbag.py:537} INFO - Filling up the DagBag from /home/airflow/.local/lib/python3.7/site-packages/airflow/example_dags/example_xcom.py
[2022-12-03T11:03:31.806+0000] {processor.py:766} INFO - DAG(s) dict_keys(['example_xcom']) retrieved from /home/airflow/.local/lib/python3.7/site-packages/airflow/example_dags/example_xcom.py
[2022-12-03T11:03:31.833+0000] {logging_mixin.py:137} INFO - [2022-12-03T11:03:31.833+0000] {dag.py:2585} INFO - Sync 1 DAGs
[2022-12-03T11:03:31.848+0000] {logging_mixin.py:137} INFO - [2022-12-03T11:03:31.848+0000] {dag.py:3340} INFO - Setting next_dagrun for example_xcom to 2021-01-01T00:00:00+00:00, run_after=2021-01-01T00:00:00+00:00
[2022-12-03T11:03:31.862+0000] {processor.py:176} INFO - Processing /home/airflow/.local/lib/python3.7/site-packages/airflow/example_dags/example_xcom.py took 0.076 seconds
[2022-12-03T11:21:02.461+0000] {processor.py:154} INFO - Started process (PID=14122) to work on /home/airflow/.local/lib/python3.7/site-packages/airflow/example_dags/example_xcom.py
[2022-12-03T11:21:02.463+0000] {processor.py:756} INFO - Processing file /home/airflow/.local/lib/python3.7/site-packages/airflow/example_dags/example_xcom.py for tasks to queue
[2022-12-03T11:21:02.464+0000] {logging_mixin.py:137} INFO - [2022-12-03T11:21:02.464+0000] {dagbag.py:537} INFO - Filling up the DagBag from /home/airflow/.local/lib/python3.7/site-packages/airflow/example_dags/example_xcom.py
[2022-12-03T11:21:02.483+0000] {processor.py:766} INFO - DAG(s) dict_keys(['example_xcom']) retrieved from /home/airflow/.local/lib/python3.7/site-packages/airflow/example_dags/example_xcom.py
[2022-12-03T11:21:02.511+0000] {logging_mixin.py:137} INFO - [2022-12-03T11:21:02.511+0000] {dag.py:2585} INFO - Sync 1 DAGs
[2022-12-03T11:21:02.527+0000] {logging_mixin.py:137} INFO - [2022-12-03T11:21:02.527+0000] {dag.py:3340} INFO - Setting next_dagrun for example_xcom to 2021-01-01T00:00:00+00:00, run_after=2021-01-01T00:00:00+00:00
[2022-12-03T11:21:02.540+0000] {processor.py:176} INFO - Processing /home/airflow/.local/lib/python3.7/site-packages/airflow/example_dags/example_xcom.py took 0.082 seconds
[2022-12-03T12:21:05.763+0000] {processor.py:154} INFO - Started process (PID=14195) to work on /home/airflow/.local/lib/python3.7/site-packages/airflow/example_dags/example_xcom.py
[2022-12-03T12:21:05.765+0000] {processor.py:756} INFO - Processing file /home/airflow/.local/lib/python3.7/site-packages/airflow/example_dags/example_xcom.py for tasks to queue
[2022-12-03T12:21:05.767+0000] {logging_mixin.py:137} INFO - [2022-12-03T12:21:05.767+0000] {dagbag.py:537} INFO - Filling up the DagBag from /home/airflow/.local/lib/python3.7/site-packages/airflow/example_dags/example_xcom.py
[2022-12-03T12:21:05.784+0000] {processor.py:766} INFO - DAG(s) dict_keys(['example_xcom']) retrieved from /home/airflow/.local/lib/python3.7/site-packages/airflow/example_dags/example_xcom.py
[2022-12-03T12:21:05.819+0000] {logging_mixin.py:137} INFO - [2022-12-03T12:21:05.819+0000] {dag.py:2585} INFO - Sync 1 DAGs
[2022-12-03T12:21:05.836+0000] {logging_mixin.py:137} INFO - [2022-12-03T12:21:05.836+0000] {dag.py:3340} INFO - Setting next_dagrun for example_xcom to 2021-01-01T00:00:00+00:00, run_after=2021-01-01T00:00:00+00:00
[2022-12-03T12:21:05.852+0000] {processor.py:176} INFO - Processing /home/airflow/.local/lib/python3.7/site-packages/airflow/example_dags/example_xcom.py took 0.092 seconds
[2022-12-03T13:24:18.802+0000] {processor.py:154} INFO - Started process (PID=14270) to work on /home/airflow/.local/lib/python3.7/site-packages/airflow/example_dags/example_xcom.py
[2022-12-03T13:24:18.804+0000] {processor.py:756} INFO - Processing file /home/airflow/.local/lib/python3.7/site-packages/airflow/example_dags/example_xcom.py for tasks to queue
[2022-12-03T13:24:18.805+0000] {logging_mixin.py:137} INFO - [2022-12-03T13:24:18.805+0000] {dagbag.py:537} INFO - Filling up the DagBag from /home/airflow/.local/lib/python3.7/site-packages/airflow/example_dags/example_xcom.py
[2022-12-03T13:24:18.825+0000] {processor.py:766} INFO - DAG(s) dict_keys(['example_xcom']) retrieved from /home/airflow/.local/lib/python3.7/site-packages/airflow/example_dags/example_xcom.py
[2022-12-03T13:24:18.859+0000] {logging_mixin.py:137} INFO - [2022-12-03T13:24:18.859+0000] {dag.py:2585} INFO - Sync 1 DAGs
[2022-12-03T13:24:18.876+0000] {logging_mixin.py:137} INFO - [2022-12-03T13:24:18.876+0000] {dag.py:3340} INFO - Setting next_dagrun for example_xcom to 2021-01-01T00:00:00+00:00, run_after=2021-01-01T00:00:00+00:00
[2022-12-03T13:24:18.894+0000] {processor.py:176} INFO - Processing /home/airflow/.local/lib/python3.7/site-packages/airflow/example_dags/example_xcom.py took 0.095 seconds
[2022-12-03T14:43:48.929+0000] {processor.py:154} INFO - Started process (PID=14333) to work on /home/airflow/.local/lib/python3.7/site-packages/airflow/example_dags/example_xcom.py
[2022-12-03T14:43:48.931+0000] {processor.py:756} INFO - Processing file /home/airflow/.local/lib/python3.7/site-packages/airflow/example_dags/example_xcom.py for tasks to queue
[2022-12-03T14:43:48.932+0000] {logging_mixin.py:137} INFO - [2022-12-03T14:43:48.932+0000] {dagbag.py:537} INFO - Filling up the DagBag from /home/airflow/.local/lib/python3.7/site-packages/airflow/example_dags/example_xcom.py
[2022-12-03T14:43:48.951+0000] {processor.py:766} INFO - DAG(s) dict_keys(['example_xcom']) retrieved from /home/airflow/.local/lib/python3.7/site-packages/airflow/example_dags/example_xcom.py
[2022-12-03T14:43:48.991+0000] {logging_mixin.py:137} INFO - [2022-12-03T14:43:48.991+0000] {dag.py:2585} INFO - Sync 1 DAGs
[2022-12-03T14:43:49.013+0000] {logging_mixin.py:137} INFO - [2022-12-03T14:43:49.013+0000] {dag.py:3340} INFO - Setting next_dagrun for example_xcom to 2021-01-01T00:00:00+00:00, run_after=2021-01-01T00:00:00+00:00
[2022-12-03T14:43:49.030+0000] {processor.py:176} INFO - Processing /home/airflow/.local/lib/python3.7/site-packages/airflow/example_dags/example_xcom.py took 0.105 seconds
[2022-12-03T16:03:01.174+0000] {processor.py:154} INFO - Started process (PID=14391) to work on /home/airflow/.local/lib/python3.7/site-packages/airflow/example_dags/example_xcom.py
[2022-12-03T16:03:01.176+0000] {processor.py:756} INFO - Processing file /home/airflow/.local/lib/python3.7/site-packages/airflow/example_dags/example_xcom.py for tasks to queue
[2022-12-03T16:03:01.177+0000] {logging_mixin.py:137} INFO - [2022-12-03T16:03:01.177+0000] {dagbag.py:537} INFO - Filling up the DagBag from /home/airflow/.local/lib/python3.7/site-packages/airflow/example_dags/example_xcom.py
[2022-12-03T16:03:01.194+0000] {processor.py:766} INFO - DAG(s) dict_keys(['example_xcom']) retrieved from /home/airflow/.local/lib/python3.7/site-packages/airflow/example_dags/example_xcom.py
[2022-12-03T16:03:01.229+0000] {logging_mixin.py:137} INFO - [2022-12-03T16:03:01.229+0000] {dag.py:2585} INFO - Sync 1 DAGs
[2022-12-03T16:03:01.249+0000] {logging_mixin.py:137} INFO - [2022-12-03T16:03:01.249+0000] {dag.py:3340} INFO - Setting next_dagrun for example_xcom to 2021-01-01T00:00:00+00:00, run_after=2021-01-01T00:00:00+00:00
[2022-12-03T16:03:01.263+0000] {processor.py:176} INFO - Processing /home/airflow/.local/lib/python3.7/site-packages/airflow/example_dags/example_xcom.py took 0.091 seconds
[2022-12-03T17:24:33.783+0000] {processor.py:154} INFO - Started process (PID=14459) to work on /home/airflow/.local/lib/python3.7/site-packages/airflow/example_dags/example_xcom.py
[2022-12-03T17:24:33.785+0000] {processor.py:756} INFO - Processing file /home/airflow/.local/lib/python3.7/site-packages/airflow/example_dags/example_xcom.py for tasks to queue
[2022-12-03T17:24:33.786+0000] {logging_mixin.py:137} INFO - [2022-12-03T17:24:33.786+0000] {dagbag.py:537} INFO - Filling up the DagBag from /home/airflow/.local/lib/python3.7/site-packages/airflow/example_dags/example_xcom.py
[2022-12-03T17:24:33.801+0000] {processor.py:766} INFO - DAG(s) dict_keys(['example_xcom']) retrieved from /home/airflow/.local/lib/python3.7/site-packages/airflow/example_dags/example_xcom.py
[2022-12-03T17:24:33.829+0000] {logging_mixin.py:137} INFO - [2022-12-03T17:24:33.829+0000] {dag.py:2585} INFO - Sync 1 DAGs
[2022-12-03T17:24:33.847+0000] {logging_mixin.py:137} INFO - [2022-12-03T17:24:33.847+0000] {dag.py:3340} INFO - Setting next_dagrun for example_xcom to 2021-01-01T00:00:00+00:00, run_after=2021-01-01T00:00:00+00:00
[2022-12-03T17:24:33.861+0000] {processor.py:176} INFO - Processing /home/airflow/.local/lib/python3.7/site-packages/airflow/example_dags/example_xcom.py took 0.080 seconds
[2022-12-03T18:47:00.154+0000] {processor.py:154} INFO - Started process (PID=14526) to work on /home/airflow/.local/lib/python3.7/site-packages/airflow/example_dags/example_xcom.py
[2022-12-03T18:47:00.156+0000] {processor.py:756} INFO - Processing file /home/airflow/.local/lib/python3.7/site-packages/airflow/example_dags/example_xcom.py for tasks to queue
[2022-12-03T18:47:00.157+0000] {logging_mixin.py:137} INFO - [2022-12-03T18:47:00.157+0000] {dagbag.py:537} INFO - Filling up the DagBag from /home/airflow/.local/lib/python3.7/site-packages/airflow/example_dags/example_xcom.py
[2022-12-03T18:47:00.175+0000] {processor.py:766} INFO - DAG(s) dict_keys(['example_xcom']) retrieved from /home/airflow/.local/lib/python3.7/site-packages/airflow/example_dags/example_xcom.py
[2022-12-03T18:47:00.210+0000] {logging_mixin.py:137} INFO - [2022-12-03T18:47:00.210+0000] {dag.py:2585} INFO - Sync 1 DAGs
[2022-12-03T18:47:00.230+0000] {logging_mixin.py:137} INFO - [2022-12-03T18:47:00.230+0000] {dag.py:3340} INFO - Setting next_dagrun for example_xcom to 2021-01-01T00:00:00+00:00, run_after=2021-01-01T00:00:00+00:00
[2022-12-03T18:47:00.244+0000] {processor.py:176} INFO - Processing /home/airflow/.local/lib/python3.7/site-packages/airflow/example_dags/example_xcom.py took 0.092 seconds
[2022-12-03T19:40:03.517+0000] {processor.py:154} INFO - Started process (PID=14583) to work on /home/airflow/.local/lib/python3.7/site-packages/airflow/example_dags/example_xcom.py
[2022-12-03T19:40:03.519+0000] {processor.py:756} INFO - Processing file /home/airflow/.local/lib/python3.7/site-packages/airflow/example_dags/example_xcom.py for tasks to queue
[2022-12-03T19:40:03.520+0000] {logging_mixin.py:137} INFO - [2022-12-03T19:40:03.520+0000] {dagbag.py:537} INFO - Filling up the DagBag from /home/airflow/.local/lib/python3.7/site-packages/airflow/example_dags/example_xcom.py
[2022-12-03T19:40:03.536+0000] {processor.py:766} INFO - DAG(s) dict_keys(['example_xcom']) retrieved from /home/airflow/.local/lib/python3.7/site-packages/airflow/example_dags/example_xcom.py
[2022-12-03T19:40:03.568+0000] {logging_mixin.py:137} INFO - [2022-12-03T19:40:03.568+0000] {dag.py:2585} INFO - Sync 1 DAGs
[2022-12-03T19:40:03.586+0000] {logging_mixin.py:137} INFO - [2022-12-03T19:40:03.585+0000] {dag.py:3340} INFO - Setting next_dagrun for example_xcom to 2021-01-01T00:00:00+00:00, run_after=2021-01-01T00:00:00+00:00
[2022-12-03T19:40:03.601+0000] {processor.py:176} INFO - Processing /home/airflow/.local/lib/python3.7/site-packages/airflow/example_dags/example_xcom.py took 0.086 seconds
[2022-12-03T20:15:11.286+0000] {processor.py:154} INFO - Started process (PID=14649) to work on /home/airflow/.local/lib/python3.7/site-packages/airflow/example_dags/example_xcom.py
[2022-12-03T20:15:11.288+0000] {processor.py:756} INFO - Processing file /home/airflow/.local/lib/python3.7/site-packages/airflow/example_dags/example_xcom.py for tasks to queue
[2022-12-03T20:15:11.290+0000] {logging_mixin.py:137} INFO - [2022-12-03T20:15:11.290+0000] {dagbag.py:537} INFO - Filling up the DagBag from /home/airflow/.local/lib/python3.7/site-packages/airflow/example_dags/example_xcom.py
[2022-12-03T20:15:11.308+0000] {processor.py:766} INFO - DAG(s) dict_keys(['example_xcom']) retrieved from /home/airflow/.local/lib/python3.7/site-packages/airflow/example_dags/example_xcom.py
[2022-12-03T20:15:11.340+0000] {logging_mixin.py:137} INFO - [2022-12-03T20:15:11.340+0000] {dag.py:2585} INFO - Sync 1 DAGs
[2022-12-03T20:15:11.360+0000] {logging_mixin.py:137} INFO - [2022-12-03T20:15:11.360+0000] {dag.py:3340} INFO - Setting next_dagrun for example_xcom to 2021-01-01T00:00:00+00:00, run_after=2021-01-01T00:00:00+00:00
[2022-12-03T20:15:11.380+0000] {processor.py:176} INFO - Processing /home/airflow/.local/lib/python3.7/site-packages/airflow/example_dags/example_xcom.py took 0.097 seconds
[2022-12-03T20:47:38.345+0000] {processor.py:154} INFO - Started process (PID=14714) to work on /home/airflow/.local/lib/python3.7/site-packages/airflow/example_dags/example_xcom.py
[2022-12-03T20:47:38.347+0000] {processor.py:756} INFO - Processing file /home/airflow/.local/lib/python3.7/site-packages/airflow/example_dags/example_xcom.py for tasks to queue
[2022-12-03T20:47:38.348+0000] {logging_mixin.py:137} INFO - [2022-12-03T20:47:38.348+0000] {dagbag.py:537} INFO - Filling up the DagBag from /home/airflow/.local/lib/python3.7/site-packages/airflow/example_dags/example_xcom.py
[2022-12-03T20:47:38.363+0000] {processor.py:766} INFO - DAG(s) dict_keys(['example_xcom']) retrieved from /home/airflow/.local/lib/python3.7/site-packages/airflow/example_dags/example_xcom.py
[2022-12-03T20:47:38.394+0000] {logging_mixin.py:137} INFO - [2022-12-03T20:47:38.393+0000] {dag.py:2585} INFO - Sync 1 DAGs
[2022-12-03T20:47:38.412+0000] {logging_mixin.py:137} INFO - [2022-12-03T20:47:38.412+0000] {dag.py:3340} INFO - Setting next_dagrun for example_xcom to 2021-01-01T00:00:00+00:00, run_after=2021-01-01T00:00:00+00:00
[2022-12-03T20:47:38.433+0000] {processor.py:176} INFO - Processing /home/airflow/.local/lib/python3.7/site-packages/airflow/example_dags/example_xcom.py took 0.089 seconds
[2022-12-03T22:10:14.401+0000] {processor.py:154} INFO - Started process (PID=14784) to work on /home/airflow/.local/lib/python3.7/site-packages/airflow/example_dags/example_xcom.py
[2022-12-03T22:10:14.403+0000] {processor.py:756} INFO - Processing file /home/airflow/.local/lib/python3.7/site-packages/airflow/example_dags/example_xcom.py for tasks to queue
[2022-12-03T22:10:14.404+0000] {logging_mixin.py:137} INFO - [2022-12-03T22:10:14.404+0000] {dagbag.py:537} INFO - Filling up the DagBag from /home/airflow/.local/lib/python3.7/site-packages/airflow/example_dags/example_xcom.py
[2022-12-03T22:10:14.420+0000] {processor.py:766} INFO - DAG(s) dict_keys(['example_xcom']) retrieved from /home/airflow/.local/lib/python3.7/site-packages/airflow/example_dags/example_xcom.py
[2022-12-03T22:10:14.448+0000] {logging_mixin.py:137} INFO - [2022-12-03T22:10:14.448+0000] {dag.py:2585} INFO - Sync 1 DAGs
[2022-12-03T22:10:14.463+0000] {logging_mixin.py:137} INFO - [2022-12-03T22:10:14.463+0000] {dag.py:3340} INFO - Setting next_dagrun for example_xcom to 2021-01-01T00:00:00+00:00, run_after=2021-01-01T00:00:00+00:00
[2022-12-03T22:10:14.475+0000] {processor.py:176} INFO - Processing /home/airflow/.local/lib/python3.7/site-packages/airflow/example_dags/example_xcom.py took 0.076 seconds
[2022-12-03T23:31:54.126+0000] {processor.py:154} INFO - Started process (PID=14843) to work on /home/airflow/.local/lib/python3.7/site-packages/airflow/example_dags/example_xcom.py
[2022-12-03T23:31:54.128+0000] {processor.py:756} INFO - Processing file /home/airflow/.local/lib/python3.7/site-packages/airflow/example_dags/example_xcom.py for tasks to queue
[2022-12-03T23:31:54.129+0000] {logging_mixin.py:137} INFO - [2022-12-03T23:31:54.129+0000] {dagbag.py:537} INFO - Filling up the DagBag from /home/airflow/.local/lib/python3.7/site-packages/airflow/example_dags/example_xcom.py
[2022-12-03T23:31:54.146+0000] {processor.py:766} INFO - DAG(s) dict_keys(['example_xcom']) retrieved from /home/airflow/.local/lib/python3.7/site-packages/airflow/example_dags/example_xcom.py
[2022-12-03T23:31:54.179+0000] {logging_mixin.py:137} INFO - [2022-12-03T23:31:54.179+0000] {dag.py:2585} INFO - Sync 1 DAGs
[2022-12-03T23:31:54.197+0000] {logging_mixin.py:137} INFO - [2022-12-03T23:31:54.197+0000] {dag.py:3340} INFO - Setting next_dagrun for example_xcom to 2021-01-01T00:00:00+00:00, run_after=2021-01-01T00:00:00+00:00
[2022-12-03T23:31:54.211+0000] {processor.py:176} INFO - Processing /home/airflow/.local/lib/python3.7/site-packages/airflow/example_dags/example_xcom.py took 0.087 seconds
