[2022-12-03T00:24:07.995+0000] {processor.py:154} INFO - Started process (PID=13491) to work on /home/airflow/.local/lib/python3.7/site-packages/airflow/example_dags/example_task_group.py
[2022-12-03T00:24:07.997+0000] {processor.py:756} INFO - Processing file /home/airflow/.local/lib/python3.7/site-packages/airflow/example_dags/example_task_group.py for tasks to queue
[2022-12-03T00:24:07.999+0000] {logging_mixin.py:137} INFO - [2022-12-03T00:24:07.999+0000] {dagbag.py:537} INFO - Filling up the DagBag from /home/airflow/.local/lib/python3.7/site-packages/airflow/example_dags/example_task_group.py
[2022-12-03T00:24:08.011+0000] {processor.py:766} INFO - DAG(s) dict_keys(['example_task_group']) retrieved from /home/airflow/.local/lib/python3.7/site-packages/airflow/example_dags/example_task_group.py
[2022-12-03T00:24:08.043+0000] {logging_mixin.py:137} INFO - [2022-12-03T00:24:08.043+0000] {dag.py:2585} INFO - Sync 1 DAGs
[2022-12-03T00:24:08.069+0000] {logging_mixin.py:137} INFO - [2022-12-03T00:24:08.069+0000] {dag.py:3340} INFO - Setting next_dagrun for example_task_group to 2022-12-02T00:24:08.068761+00:00, run_after=2022-12-03T00:24:08.068761+00:00
[2022-12-03T00:24:08.087+0000] {processor.py:176} INFO - Processing /home/airflow/.local/lib/python3.7/site-packages/airflow/example_dags/example_task_group.py took 0.095 seconds
[2022-12-03T01:45:40.927+0000] {processor.py:154} INFO - Started process (PID=13560) to work on /home/airflow/.local/lib/python3.7/site-packages/airflow/example_dags/example_task_group.py
[2022-12-03T01:45:40.929+0000] {processor.py:756} INFO - Processing file /home/airflow/.local/lib/python3.7/site-packages/airflow/example_dags/example_task_group.py for tasks to queue
[2022-12-03T01:45:40.930+0000] {logging_mixin.py:137} INFO - [2022-12-03T01:45:40.930+0000] {dagbag.py:537} INFO - Filling up the DagBag from /home/airflow/.local/lib/python3.7/site-packages/airflow/example_dags/example_task_group.py
[2022-12-03T01:45:40.941+0000] {processor.py:766} INFO - DAG(s) dict_keys(['example_task_group']) retrieved from /home/airflow/.local/lib/python3.7/site-packages/airflow/example_dags/example_task_group.py
[2022-12-03T01:45:40.968+0000] {logging_mixin.py:137} INFO - [2022-12-03T01:45:40.968+0000] {dag.py:2585} INFO - Sync 1 DAGs
[2022-12-03T01:45:40.982+0000] {logging_mixin.py:137} INFO - [2022-12-03T01:45:40.982+0000] {dag.py:3340} INFO - Setting next_dagrun for example_task_group to 2022-12-02T01:45:40.982485+00:00, run_after=2022-12-03T01:45:40.982485+00:00
[2022-12-03T01:45:40.994+0000] {processor.py:176} INFO - Processing /home/airflow/.local/lib/python3.7/site-packages/airflow/example_dags/example_task_group.py took 0.069 seconds
[2022-12-03T03:05:49.606+0000] {processor.py:154} INFO - Started process (PID=13628) to work on /home/airflow/.local/lib/python3.7/site-packages/airflow/example_dags/example_task_group.py
[2022-12-03T03:05:49.608+0000] {processor.py:756} INFO - Processing file /home/airflow/.local/lib/python3.7/site-packages/airflow/example_dags/example_task_group.py for tasks to queue
[2022-12-03T03:05:49.609+0000] {logging_mixin.py:137} INFO - [2022-12-03T03:05:49.609+0000] {dagbag.py:537} INFO - Filling up the DagBag from /home/airflow/.local/lib/python3.7/site-packages/airflow/example_dags/example_task_group.py
[2022-12-03T03:05:49.619+0000] {processor.py:766} INFO - DAG(s) dict_keys(['example_task_group']) retrieved from /home/airflow/.local/lib/python3.7/site-packages/airflow/example_dags/example_task_group.py
[2022-12-03T03:05:49.645+0000] {logging_mixin.py:137} INFO - [2022-12-03T03:05:49.645+0000] {dag.py:2585} INFO - Sync 1 DAGs
[2022-12-03T03:05:49.660+0000] {logging_mixin.py:137} INFO - [2022-12-03T03:05:49.660+0000] {dag.py:3340} INFO - Setting next_dagrun for example_task_group to 2022-12-02T03:05:49.660385+00:00, run_after=2022-12-03T03:05:49.660385+00:00
[2022-12-03T03:05:49.673+0000] {processor.py:176} INFO - Processing /home/airflow/.local/lib/python3.7/site-packages/airflow/example_dags/example_task_group.py took 0.068 seconds
[2022-12-03T04:29:59.912+0000] {processor.py:154} INFO - Started process (PID=13687) to work on /home/airflow/.local/lib/python3.7/site-packages/airflow/example_dags/example_task_group.py
[2022-12-03T04:29:59.916+0000] {processor.py:756} INFO - Processing file /home/airflow/.local/lib/python3.7/site-packages/airflow/example_dags/example_task_group.py for tasks to queue
[2022-12-03T04:29:59.918+0000] {logging_mixin.py:137} INFO - [2022-12-03T04:29:59.918+0000] {dagbag.py:537} INFO - Filling up the DagBag from /home/airflow/.local/lib/python3.7/site-packages/airflow/example_dags/example_task_group.py
[2022-12-03T04:29:59.941+0000] {processor.py:766} INFO - DAG(s) dict_keys(['example_task_group']) retrieved from /home/airflow/.local/lib/python3.7/site-packages/airflow/example_dags/example_task_group.py
[2022-12-03T04:30:00.004+0000] {logging_mixin.py:137} INFO - [2022-12-03T04:30:00.004+0000] {dag.py:2585} INFO - Sync 1 DAGs
[2022-12-03T04:30:00.045+0000] {logging_mixin.py:137} INFO - [2022-12-03T04:30:00.045+0000] {dag.py:3340} INFO - Setting next_dagrun for example_task_group to 2022-12-02T04:30:00.044884+00:00, run_after=2022-12-03T04:30:00.044884+00:00
[2022-12-03T04:30:00.090+0000] {processor.py:176} INFO - Processing /home/airflow/.local/lib/python3.7/site-packages/airflow/example_dags/example_task_group.py took 0.182 seconds
[2022-12-03T05:52:50.551+0000] {processor.py:154} INFO - Started process (PID=13756) to work on /home/airflow/.local/lib/python3.7/site-packages/airflow/example_dags/example_task_group.py
[2022-12-03T05:52:50.553+0000] {processor.py:756} INFO - Processing file /home/airflow/.local/lib/python3.7/site-packages/airflow/example_dags/example_task_group.py for tasks to queue
[2022-12-03T05:52:50.555+0000] {logging_mixin.py:137} INFO - [2022-12-03T05:52:50.554+0000] {dagbag.py:537} INFO - Filling up the DagBag from /home/airflow/.local/lib/python3.7/site-packages/airflow/example_dags/example_task_group.py
[2022-12-03T05:52:50.581+0000] {processor.py:766} INFO - DAG(s) dict_keys(['example_task_group']) retrieved from /home/airflow/.local/lib/python3.7/site-packages/airflow/example_dags/example_task_group.py
[2022-12-03T05:52:50.638+0000] {logging_mixin.py:137} INFO - [2022-12-03T05:52:50.638+0000] {dag.py:2585} INFO - Sync 1 DAGs
[2022-12-03T05:52:50.665+0000] {logging_mixin.py:137} INFO - [2022-12-03T05:52:50.665+0000] {dag.py:3340} INFO - Setting next_dagrun for example_task_group to 2022-12-02T05:52:50.665217+00:00, run_after=2022-12-03T05:52:50.665217+00:00
[2022-12-03T05:52:50.685+0000] {processor.py:176} INFO - Processing /home/airflow/.local/lib/python3.7/site-packages/airflow/example_dags/example_task_group.py took 0.138 seconds
[2022-12-03T07:14:04.236+0000] {processor.py:154} INFO - Started process (PID=13827) to work on /home/airflow/.local/lib/python3.7/site-packages/airflow/example_dags/example_task_group.py
[2022-12-03T07:14:04.238+0000] {processor.py:756} INFO - Processing file /home/airflow/.local/lib/python3.7/site-packages/airflow/example_dags/example_task_group.py for tasks to queue
[2022-12-03T07:14:04.239+0000] {logging_mixin.py:137} INFO - [2022-12-03T07:14:04.239+0000] {dagbag.py:537} INFO - Filling up the DagBag from /home/airflow/.local/lib/python3.7/site-packages/airflow/example_dags/example_task_group.py
[2022-12-03T07:14:04.252+0000] {processor.py:766} INFO - DAG(s) dict_keys(['example_task_group']) retrieved from /home/airflow/.local/lib/python3.7/site-packages/airflow/example_dags/example_task_group.py
[2022-12-03T07:14:04.282+0000] {logging_mixin.py:137} INFO - [2022-12-03T07:14:04.282+0000] {dag.py:2585} INFO - Sync 1 DAGs
[2022-12-03T07:14:04.297+0000] {logging_mixin.py:137} INFO - [2022-12-03T07:14:04.297+0000] {dag.py:3340} INFO - Setting next_dagrun for example_task_group to 2022-12-02T07:14:04.297571+00:00, run_after=2022-12-03T07:14:04.297571+00:00
[2022-12-03T07:14:04.314+0000] {processor.py:176} INFO - Processing /home/airflow/.local/lib/python3.7/site-packages/airflow/example_dags/example_task_group.py took 0.081 seconds
[2022-12-03T08:36:16.289+0000] {processor.py:154} INFO - Started process (PID=13900) to work on /home/airflow/.local/lib/python3.7/site-packages/airflow/example_dags/example_task_group.py
[2022-12-03T08:36:16.292+0000] {processor.py:756} INFO - Processing file /home/airflow/.local/lib/python3.7/site-packages/airflow/example_dags/example_task_group.py for tasks to queue
[2022-12-03T08:36:16.294+0000] {logging_mixin.py:137} INFO - [2022-12-03T08:36:16.294+0000] {dagbag.py:537} INFO - Filling up the DagBag from /home/airflow/.local/lib/python3.7/site-packages/airflow/example_dags/example_task_group.py
[2022-12-03T08:36:16.305+0000] {processor.py:766} INFO - DAG(s) dict_keys(['example_task_group']) retrieved from /home/airflow/.local/lib/python3.7/site-packages/airflow/example_dags/example_task_group.py
[2022-12-03T08:36:16.334+0000] {logging_mixin.py:137} INFO - [2022-12-03T08:36:16.334+0000] {dag.py:2585} INFO - Sync 1 DAGs
[2022-12-03T08:36:16.358+0000] {logging_mixin.py:137} INFO - [2022-12-03T08:36:16.358+0000] {dag.py:3340} INFO - Setting next_dagrun for example_task_group to 2022-12-02T08:36:16.358075+00:00, run_after=2022-12-03T08:36:16.358075+00:00
[2022-12-03T08:36:16.374+0000] {processor.py:176} INFO - Processing /home/airflow/.local/lib/python3.7/site-packages/airflow/example_dags/example_task_group.py took 0.089 seconds
[2022-12-03T09:58:29.247+0000] {processor.py:154} INFO - Started process (PID=13968) to work on /home/airflow/.local/lib/python3.7/site-packages/airflow/example_dags/example_task_group.py
[2022-12-03T09:58:29.249+0000] {processor.py:756} INFO - Processing file /home/airflow/.local/lib/python3.7/site-packages/airflow/example_dags/example_task_group.py for tasks to queue
[2022-12-03T09:58:29.251+0000] {logging_mixin.py:137} INFO - [2022-12-03T09:58:29.251+0000] {dagbag.py:537} INFO - Filling up the DagBag from /home/airflow/.local/lib/python3.7/site-packages/airflow/example_dags/example_task_group.py
[2022-12-03T09:58:29.276+0000] {processor.py:766} INFO - DAG(s) dict_keys(['example_task_group']) retrieved from /home/airflow/.local/lib/python3.7/site-packages/airflow/example_dags/example_task_group.py
[2022-12-03T09:58:29.376+0000] {logging_mixin.py:137} INFO - [2022-12-03T09:58:29.376+0000] {dag.py:2585} INFO - Sync 1 DAGs
[2022-12-03T09:58:29.420+0000] {logging_mixin.py:137} INFO - [2022-12-03T09:58:29.420+0000] {dag.py:3340} INFO - Setting next_dagrun for example_task_group to 2022-12-02T09:58:29.420295+00:00, run_after=2022-12-03T09:58:29.420295+00:00
[2022-12-03T09:58:29.441+0000] {processor.py:176} INFO - Processing /home/airflow/.local/lib/python3.7/site-packages/airflow/example_dags/example_task_group.py took 0.199 seconds
[2022-12-03T11:03:30.026+0000] {processor.py:154} INFO - Started process (PID=14023) to work on /home/airflow/.local/lib/python3.7/site-packages/airflow/example_dags/example_task_group.py
[2022-12-03T11:03:30.031+0000] {processor.py:756} INFO - Processing file /home/airflow/.local/lib/python3.7/site-packages/airflow/example_dags/example_task_group.py for tasks to queue
[2022-12-03T11:03:30.033+0000] {logging_mixin.py:137} INFO - [2022-12-03T11:03:30.033+0000] {dagbag.py:537} INFO - Filling up the DagBag from /home/airflow/.local/lib/python3.7/site-packages/airflow/example_dags/example_task_group.py
[2022-12-03T11:03:30.074+0000] {processor.py:766} INFO - DAG(s) dict_keys(['example_task_group']) retrieved from /home/airflow/.local/lib/python3.7/site-packages/airflow/example_dags/example_task_group.py
[2022-12-03T11:03:30.158+0000] {logging_mixin.py:137} INFO - [2022-12-03T11:03:30.157+0000] {dag.py:2585} INFO - Sync 1 DAGs
[2022-12-03T11:03:30.218+0000] {logging_mixin.py:137} INFO - [2022-12-03T11:03:30.218+0000] {dag.py:3340} INFO - Setting next_dagrun for example_task_group to 2022-12-02T11:03:30.217330+00:00, run_after=2022-12-03T11:03:30.217330+00:00
[2022-12-03T11:03:30.255+0000] {processor.py:176} INFO - Processing /home/airflow/.local/lib/python3.7/site-packages/airflow/example_dags/example_task_group.py took 0.233 seconds
[2022-12-03T11:21:00.382+0000] {processor.py:154} INFO - Started process (PID=14097) to work on /home/airflow/.local/lib/python3.7/site-packages/airflow/example_dags/example_task_group.py
[2022-12-03T11:21:00.384+0000] {processor.py:756} INFO - Processing file /home/airflow/.local/lib/python3.7/site-packages/airflow/example_dags/example_task_group.py for tasks to queue
[2022-12-03T11:21:00.385+0000] {logging_mixin.py:137} INFO - [2022-12-03T11:21:00.385+0000] {dagbag.py:537} INFO - Filling up the DagBag from /home/airflow/.local/lib/python3.7/site-packages/airflow/example_dags/example_task_group.py
[2022-12-03T11:21:00.397+0000] {processor.py:766} INFO - DAG(s) dict_keys(['example_task_group']) retrieved from /home/airflow/.local/lib/python3.7/site-packages/airflow/example_dags/example_task_group.py
[2022-12-03T11:21:00.426+0000] {logging_mixin.py:137} INFO - [2022-12-03T11:21:00.426+0000] {dag.py:2585} INFO - Sync 1 DAGs
[2022-12-03T11:21:00.443+0000] {logging_mixin.py:137} INFO - [2022-12-03T11:21:00.443+0000] {dag.py:3340} INFO - Setting next_dagrun for example_task_group to 2022-12-02T11:21:00.443304+00:00, run_after=2022-12-03T11:21:00.443304+00:00
[2022-12-03T11:21:00.456+0000] {processor.py:176} INFO - Processing /home/airflow/.local/lib/python3.7/site-packages/airflow/example_dags/example_task_group.py took 0.077 seconds
[2022-12-03T12:21:04.221+0000] {processor.py:154} INFO - Started process (PID=14170) to work on /home/airflow/.local/lib/python3.7/site-packages/airflow/example_dags/example_task_group.py
[2022-12-03T12:21:04.223+0000] {processor.py:756} INFO - Processing file /home/airflow/.local/lib/python3.7/site-packages/airflow/example_dags/example_task_group.py for tasks to queue
[2022-12-03T12:21:04.225+0000] {logging_mixin.py:137} INFO - [2022-12-03T12:21:04.224+0000] {dagbag.py:537} INFO - Filling up the DagBag from /home/airflow/.local/lib/python3.7/site-packages/airflow/example_dags/example_task_group.py
[2022-12-03T12:21:04.237+0000] {processor.py:766} INFO - DAG(s) dict_keys(['example_task_group']) retrieved from /home/airflow/.local/lib/python3.7/site-packages/airflow/example_dags/example_task_group.py
[2022-12-03T12:21:04.265+0000] {logging_mixin.py:137} INFO - [2022-12-03T12:21:04.265+0000] {dag.py:2585} INFO - Sync 1 DAGs
[2022-12-03T12:21:04.282+0000] {logging_mixin.py:137} INFO - [2022-12-03T12:21:04.282+0000] {dag.py:3340} INFO - Setting next_dagrun for example_task_group to 2022-12-02T12:21:04.282515+00:00, run_after=2022-12-03T12:21:04.282515+00:00
[2022-12-03T12:21:04.297+0000] {processor.py:176} INFO - Processing /home/airflow/.local/lib/python3.7/site-packages/airflow/example_dags/example_task_group.py took 0.078 seconds
[2022-12-03T13:24:17.194+0000] {processor.py:154} INFO - Started process (PID=14245) to work on /home/airflow/.local/lib/python3.7/site-packages/airflow/example_dags/example_task_group.py
[2022-12-03T13:24:17.201+0000] {processor.py:756} INFO - Processing file /home/airflow/.local/lib/python3.7/site-packages/airflow/example_dags/example_task_group.py for tasks to queue
[2022-12-03T13:24:17.208+0000] {logging_mixin.py:137} INFO - [2022-12-03T13:24:17.208+0000] {dagbag.py:537} INFO - Filling up the DagBag from /home/airflow/.local/lib/python3.7/site-packages/airflow/example_dags/example_task_group.py
[2022-12-03T13:24:17.226+0000] {processor.py:766} INFO - DAG(s) dict_keys(['example_task_group']) retrieved from /home/airflow/.local/lib/python3.7/site-packages/airflow/example_dags/example_task_group.py
[2022-12-03T13:24:17.254+0000] {logging_mixin.py:137} INFO - [2022-12-03T13:24:17.254+0000] {dag.py:2585} INFO - Sync 1 DAGs
[2022-12-03T13:24:17.271+0000] {logging_mixin.py:137} INFO - [2022-12-03T13:24:17.271+0000] {dag.py:3340} INFO - Setting next_dagrun for example_task_group to 2022-12-02T13:24:17.271279+00:00, run_after=2022-12-03T13:24:17.271279+00:00
[2022-12-03T13:24:17.286+0000] {processor.py:176} INFO - Processing /home/airflow/.local/lib/python3.7/site-packages/airflow/example_dags/example_task_group.py took 0.095 seconds
[2022-12-03T14:43:47.085+0000] {processor.py:154} INFO - Started process (PID=14300) to work on /home/airflow/.local/lib/python3.7/site-packages/airflow/example_dags/example_task_group.py
[2022-12-03T14:43:47.087+0000] {processor.py:756} INFO - Processing file /home/airflow/.local/lib/python3.7/site-packages/airflow/example_dags/example_task_group.py for tasks to queue
[2022-12-03T14:43:47.089+0000] {logging_mixin.py:137} INFO - [2022-12-03T14:43:47.088+0000] {dagbag.py:537} INFO - Filling up the DagBag from /home/airflow/.local/lib/python3.7/site-packages/airflow/example_dags/example_task_group.py
[2022-12-03T14:43:47.100+0000] {processor.py:766} INFO - DAG(s) dict_keys(['example_task_group']) retrieved from /home/airflow/.local/lib/python3.7/site-packages/airflow/example_dags/example_task_group.py
[2022-12-03T14:43:47.128+0000] {logging_mixin.py:137} INFO - [2022-12-03T14:43:47.127+0000] {dag.py:2585} INFO - Sync 1 DAGs
[2022-12-03T14:43:47.143+0000] {logging_mixin.py:137} INFO - [2022-12-03T14:43:47.143+0000] {dag.py:3340} INFO - Setting next_dagrun for example_task_group to 2022-12-02T14:43:47.143124+00:00, run_after=2022-12-03T14:43:47.143124+00:00
[2022-12-03T14:43:47.155+0000] {processor.py:176} INFO - Processing /home/airflow/.local/lib/python3.7/site-packages/airflow/example_dags/example_task_group.py took 0.073 seconds
[2022-12-03T16:02:59.057+0000] {processor.py:154} INFO - Started process (PID=14366) to work on /home/airflow/.local/lib/python3.7/site-packages/airflow/example_dags/example_task_group.py
[2022-12-03T16:02:59.060+0000] {processor.py:756} INFO - Processing file /home/airflow/.local/lib/python3.7/site-packages/airflow/example_dags/example_task_group.py for tasks to queue
[2022-12-03T16:02:59.061+0000] {logging_mixin.py:137} INFO - [2022-12-03T16:02:59.061+0000] {dagbag.py:537} INFO - Filling up the DagBag from /home/airflow/.local/lib/python3.7/site-packages/airflow/example_dags/example_task_group.py
[2022-12-03T16:02:59.075+0000] {processor.py:766} INFO - DAG(s) dict_keys(['example_task_group']) retrieved from /home/airflow/.local/lib/python3.7/site-packages/airflow/example_dags/example_task_group.py
[2022-12-03T16:02:59.108+0000] {logging_mixin.py:137} INFO - [2022-12-03T16:02:59.108+0000] {dag.py:2585} INFO - Sync 1 DAGs
[2022-12-03T16:02:59.124+0000] {logging_mixin.py:137} INFO - [2022-12-03T16:02:59.124+0000] {dag.py:3340} INFO - Setting next_dagrun for example_task_group to 2022-12-02T16:02:59.123892+00:00, run_after=2022-12-03T16:02:59.123892+00:00
[2022-12-03T16:02:59.136+0000] {processor.py:176} INFO - Processing /home/airflow/.local/lib/python3.7/site-packages/airflow/example_dags/example_task_group.py took 0.082 seconds
[2022-12-03T17:24:31.670+0000] {processor.py:154} INFO - Started process (PID=14434) to work on /home/airflow/.local/lib/python3.7/site-packages/airflow/example_dags/example_task_group.py
[2022-12-03T17:24:31.674+0000] {processor.py:756} INFO - Processing file /home/airflow/.local/lib/python3.7/site-packages/airflow/example_dags/example_task_group.py for tasks to queue
[2022-12-03T17:24:31.677+0000] {logging_mixin.py:137} INFO - [2022-12-03T17:24:31.676+0000] {dagbag.py:537} INFO - Filling up the DagBag from /home/airflow/.local/lib/python3.7/site-packages/airflow/example_dags/example_task_group.py
[2022-12-03T17:24:31.739+0000] {processor.py:766} INFO - DAG(s) dict_keys(['example_task_group']) retrieved from /home/airflow/.local/lib/python3.7/site-packages/airflow/example_dags/example_task_group.py
[2022-12-03T17:24:31.821+0000] {logging_mixin.py:137} INFO - [2022-12-03T17:24:31.821+0000] {dag.py:2585} INFO - Sync 1 DAGs
[2022-12-03T17:24:31.888+0000] {logging_mixin.py:137} INFO - [2022-12-03T17:24:31.888+0000] {dag.py:3340} INFO - Setting next_dagrun for example_task_group to 2022-12-02T17:24:31.888011+00:00, run_after=2022-12-03T17:24:31.888011+00:00
[2022-12-03T17:24:31.935+0000] {processor.py:176} INFO - Processing /home/airflow/.local/lib/python3.7/site-packages/airflow/example_dags/example_task_group.py took 0.277 seconds
[2022-12-03T18:46:58.494+0000] {processor.py:154} INFO - Started process (PID=14501) to work on /home/airflow/.local/lib/python3.7/site-packages/airflow/example_dags/example_task_group.py
[2022-12-03T18:46:58.586+0000] {processor.py:756} INFO - Processing file /home/airflow/.local/lib/python3.7/site-packages/airflow/example_dags/example_task_group.py for tasks to queue
[2022-12-03T18:46:58.588+0000] {logging_mixin.py:137} INFO - [2022-12-03T18:46:58.588+0000] {dagbag.py:537} INFO - Filling up the DagBag from /home/airflow/.local/lib/python3.7/site-packages/airflow/example_dags/example_task_group.py
[2022-12-03T18:46:58.601+0000] {processor.py:766} INFO - DAG(s) dict_keys(['example_task_group']) retrieved from /home/airflow/.local/lib/python3.7/site-packages/airflow/example_dags/example_task_group.py
[2022-12-03T18:46:58.640+0000] {logging_mixin.py:137} INFO - [2022-12-03T18:46:58.640+0000] {dag.py:2585} INFO - Sync 1 DAGs
[2022-12-03T18:46:58.656+0000] {logging_mixin.py:137} INFO - [2022-12-03T18:46:58.656+0000] {dag.py:3340} INFO - Setting next_dagrun for example_task_group to 2022-12-02T18:46:58.656320+00:00, run_after=2022-12-03T18:46:58.656320+00:00
[2022-12-03T18:46:58.670+0000] {processor.py:176} INFO - Processing /home/airflow/.local/lib/python3.7/site-packages/airflow/example_dags/example_task_group.py took 0.179 seconds
[2022-12-03T19:40:01.553+0000] {processor.py:154} INFO - Started process (PID=14558) to work on /home/airflow/.local/lib/python3.7/site-packages/airflow/example_dags/example_task_group.py
[2022-12-03T19:40:01.555+0000] {processor.py:756} INFO - Processing file /home/airflow/.local/lib/python3.7/site-packages/airflow/example_dags/example_task_group.py for tasks to queue
[2022-12-03T19:40:01.557+0000] {logging_mixin.py:137} INFO - [2022-12-03T19:40:01.557+0000] {dagbag.py:537} INFO - Filling up the DagBag from /home/airflow/.local/lib/python3.7/site-packages/airflow/example_dags/example_task_group.py
[2022-12-03T19:40:01.571+0000] {processor.py:766} INFO - DAG(s) dict_keys(['example_task_group']) retrieved from /home/airflow/.local/lib/python3.7/site-packages/airflow/example_dags/example_task_group.py
[2022-12-03T19:40:01.598+0000] {logging_mixin.py:137} INFO - [2022-12-03T19:40:01.598+0000] {dag.py:2585} INFO - Sync 1 DAGs
[2022-12-03T19:40:01.614+0000] {logging_mixin.py:137} INFO - [2022-12-03T19:40:01.614+0000] {dag.py:3340} INFO - Setting next_dagrun for example_task_group to 2022-12-02T19:40:01.614114+00:00, run_after=2022-12-03T19:40:01.614114+00:00
[2022-12-03T19:40:01.636+0000] {processor.py:176} INFO - Processing /home/airflow/.local/lib/python3.7/site-packages/airflow/example_dags/example_task_group.py took 0.086 seconds
[2022-12-03T20:15:09.545+0000] {processor.py:154} INFO - Started process (PID=14624) to work on /home/airflow/.local/lib/python3.7/site-packages/airflow/example_dags/example_task_group.py
[2022-12-03T20:15:09.547+0000] {processor.py:756} INFO - Processing file /home/airflow/.local/lib/python3.7/site-packages/airflow/example_dags/example_task_group.py for tasks to queue
[2022-12-03T20:15:09.549+0000] {logging_mixin.py:137} INFO - [2022-12-03T20:15:09.549+0000] {dagbag.py:537} INFO - Filling up the DagBag from /home/airflow/.local/lib/python3.7/site-packages/airflow/example_dags/example_task_group.py
[2022-12-03T20:15:09.573+0000] {processor.py:766} INFO - DAG(s) dict_keys(['example_task_group']) retrieved from /home/airflow/.local/lib/python3.7/site-packages/airflow/example_dags/example_task_group.py
[2022-12-03T20:15:09.632+0000] {logging_mixin.py:137} INFO - [2022-12-03T20:15:09.632+0000] {dag.py:2585} INFO - Sync 1 DAGs
[2022-12-03T20:15:09.668+0000] {logging_mixin.py:137} INFO - [2022-12-03T20:15:09.668+0000] {dag.py:3340} INFO - Setting next_dagrun for example_task_group to 2022-12-02T20:15:09.668294+00:00, run_after=2022-12-03T20:15:09.668294+00:00
[2022-12-03T20:15:09.698+0000] {processor.py:176} INFO - Processing /home/airflow/.local/lib/python3.7/site-packages/airflow/example_dags/example_task_group.py took 0.157 seconds
[2022-12-03T20:47:36.228+0000] {processor.py:154} INFO - Started process (PID=14689) to work on /home/airflow/.local/lib/python3.7/site-packages/airflow/example_dags/example_task_group.py
[2022-12-03T20:47:36.230+0000] {processor.py:756} INFO - Processing file /home/airflow/.local/lib/python3.7/site-packages/airflow/example_dags/example_task_group.py for tasks to queue
[2022-12-03T20:47:36.231+0000] {logging_mixin.py:137} INFO - [2022-12-03T20:47:36.231+0000] {dagbag.py:537} INFO - Filling up the DagBag from /home/airflow/.local/lib/python3.7/site-packages/airflow/example_dags/example_task_group.py
[2022-12-03T20:47:36.243+0000] {processor.py:766} INFO - DAG(s) dict_keys(['example_task_group']) retrieved from /home/airflow/.local/lib/python3.7/site-packages/airflow/example_dags/example_task_group.py
[2022-12-03T20:47:36.270+0000] {logging_mixin.py:137} INFO - [2022-12-03T20:47:36.270+0000] {dag.py:2585} INFO - Sync 1 DAGs
[2022-12-03T20:47:36.287+0000] {logging_mixin.py:137} INFO - [2022-12-03T20:47:36.287+0000] {dag.py:3340} INFO - Setting next_dagrun for example_task_group to 2022-12-02T20:47:36.286891+00:00, run_after=2022-12-03T20:47:36.286891+00:00
[2022-12-03T20:47:36.300+0000] {processor.py:176} INFO - Processing /home/airflow/.local/lib/python3.7/site-packages/airflow/example_dags/example_task_group.py took 0.075 seconds
[2022-12-03T22:10:12.810+0000] {processor.py:154} INFO - Started process (PID=14759) to work on /home/airflow/.local/lib/python3.7/site-packages/airflow/example_dags/example_task_group.py
[2022-12-03T22:10:12.819+0000] {processor.py:756} INFO - Processing file /home/airflow/.local/lib/python3.7/site-packages/airflow/example_dags/example_task_group.py for tasks to queue
[2022-12-03T22:10:12.821+0000] {logging_mixin.py:137} INFO - [2022-12-03T22:10:12.821+0000] {dagbag.py:537} INFO - Filling up the DagBag from /home/airflow/.local/lib/python3.7/site-packages/airflow/example_dags/example_task_group.py
[2022-12-03T22:10:12.859+0000] {processor.py:766} INFO - DAG(s) dict_keys(['example_task_group']) retrieved from /home/airflow/.local/lib/python3.7/site-packages/airflow/example_dags/example_task_group.py
[2022-12-03T22:10:12.920+0000] {logging_mixin.py:137} INFO - [2022-12-03T22:10:12.919+0000] {dag.py:2585} INFO - Sync 1 DAGs
[2022-12-03T22:10:12.938+0000] {logging_mixin.py:137} INFO - [2022-12-03T22:10:12.938+0000] {dag.py:3340} INFO - Setting next_dagrun for example_task_group to 2022-12-02T22:10:12.938558+00:00, run_after=2022-12-03T22:10:12.938558+00:00
[2022-12-03T22:10:12.951+0000] {processor.py:176} INFO - Processing /home/airflow/.local/lib/python3.7/site-packages/airflow/example_dags/example_task_group.py took 0.145 seconds
[2022-12-03T23:31:52.219+0000] {processor.py:154} INFO - Started process (PID=14818) to work on /home/airflow/.local/lib/python3.7/site-packages/airflow/example_dags/example_task_group.py
[2022-12-03T23:31:52.221+0000] {processor.py:756} INFO - Processing file /home/airflow/.local/lib/python3.7/site-packages/airflow/example_dags/example_task_group.py for tasks to queue
[2022-12-03T23:31:52.222+0000] {logging_mixin.py:137} INFO - [2022-12-03T23:31:52.222+0000] {dagbag.py:537} INFO - Filling up the DagBag from /home/airflow/.local/lib/python3.7/site-packages/airflow/example_dags/example_task_group.py
[2022-12-03T23:31:52.233+0000] {processor.py:766} INFO - DAG(s) dict_keys(['example_task_group']) retrieved from /home/airflow/.local/lib/python3.7/site-packages/airflow/example_dags/example_task_group.py
[2022-12-03T23:31:52.257+0000] {logging_mixin.py:137} INFO - [2022-12-03T23:31:52.257+0000] {dag.py:2585} INFO - Sync 1 DAGs
[2022-12-03T23:31:52.272+0000] {logging_mixin.py:137} INFO - [2022-12-03T23:31:52.272+0000] {dag.py:3340} INFO - Setting next_dagrun for example_task_group to 2022-12-02T23:31:52.272417+00:00, run_after=2022-12-03T23:31:52.272417+00:00
[2022-12-03T23:31:52.286+0000] {processor.py:176} INFO - Processing /home/airflow/.local/lib/python3.7/site-packages/airflow/example_dags/example_task_group.py took 0.069 seconds
