[2022-12-03T00:24:07.666+0000] {processor.py:154} INFO - Started process (PID=13486) to work on /home/airflow/.local/lib/python3.7/site-packages/airflow/example_dags/tutorial.py
[2022-12-03T00:24:07.668+0000] {processor.py:756} INFO - Processing file /home/airflow/.local/lib/python3.7/site-packages/airflow/example_dags/tutorial.py for tasks to queue
[2022-12-03T00:24:07.669+0000] {logging_mixin.py:137} INFO - [2022-12-03T00:24:07.669+0000] {dagbag.py:537} INFO - Filling up the DagBag from /home/airflow/.local/lib/python3.7/site-packages/airflow/example_dags/tutorial.py
[2022-12-03T00:24:07.680+0000] {processor.py:766} INFO - DAG(s) dict_keys(['tutorial']) retrieved from /home/airflow/.local/lib/python3.7/site-packages/airflow/example_dags/tutorial.py
[2022-12-03T00:24:07.707+0000] {logging_mixin.py:137} INFO - [2022-12-03T00:24:07.707+0000] {dag.py:2585} INFO - Sync 1 DAGs
[2022-12-03T00:24:07.725+0000] {logging_mixin.py:137} INFO - [2022-12-03T00:24:07.725+0000] {dag.py:3340} INFO - Setting next_dagrun for tutorial to 2022-12-02T00:24:07.725007+00:00, run_after=2022-12-03T00:24:07.725007+00:00
[2022-12-03T00:24:07.742+0000] {processor.py:176} INFO - Processing /home/airflow/.local/lib/python3.7/site-packages/airflow/example_dags/tutorial.py took 0.078 seconds
[2022-12-03T01:45:40.546+0000] {processor.py:154} INFO - Started process (PID=13555) to work on /home/airflow/.local/lib/python3.7/site-packages/airflow/example_dags/tutorial.py
[2022-12-03T01:45:40.548+0000] {processor.py:756} INFO - Processing file /home/airflow/.local/lib/python3.7/site-packages/airflow/example_dags/tutorial.py for tasks to queue
[2022-12-03T01:45:40.550+0000] {logging_mixin.py:137} INFO - [2022-12-03T01:45:40.550+0000] {dagbag.py:537} INFO - Filling up the DagBag from /home/airflow/.local/lib/python3.7/site-packages/airflow/example_dags/tutorial.py
[2022-12-03T01:45:40.591+0000] {processor.py:766} INFO - DAG(s) dict_keys(['tutorial']) retrieved from /home/airflow/.local/lib/python3.7/site-packages/airflow/example_dags/tutorial.py
[2022-12-03T01:45:40.659+0000] {logging_mixin.py:137} INFO - [2022-12-03T01:45:40.659+0000] {dag.py:2585} INFO - Sync 1 DAGs
[2022-12-03T01:45:40.688+0000] {logging_mixin.py:137} INFO - [2022-12-03T01:45:40.687+0000] {dag.py:3340} INFO - Setting next_dagrun for tutorial to 2022-12-02T01:45:40.687638+00:00, run_after=2022-12-03T01:45:40.687638+00:00
[2022-12-03T01:45:40.710+0000] {processor.py:176} INFO - Processing /home/airflow/.local/lib/python3.7/site-packages/airflow/example_dags/tutorial.py took 0.167 seconds
[2022-12-03T03:05:49.322+0000] {processor.py:154} INFO - Started process (PID=13623) to work on /home/airflow/.local/lib/python3.7/site-packages/airflow/example_dags/tutorial.py
[2022-12-03T03:05:49.323+0000] {processor.py:756} INFO - Processing file /home/airflow/.local/lib/python3.7/site-packages/airflow/example_dags/tutorial.py for tasks to queue
[2022-12-03T03:05:49.324+0000] {logging_mixin.py:137} INFO - [2022-12-03T03:05:49.324+0000] {dagbag.py:537} INFO - Filling up the DagBag from /home/airflow/.local/lib/python3.7/site-packages/airflow/example_dags/tutorial.py
[2022-12-03T03:05:49.334+0000] {processor.py:766} INFO - DAG(s) dict_keys(['tutorial']) retrieved from /home/airflow/.local/lib/python3.7/site-packages/airflow/example_dags/tutorial.py
[2022-12-03T03:05:49.360+0000] {logging_mixin.py:137} INFO - [2022-12-03T03:05:49.360+0000] {dag.py:2585} INFO - Sync 1 DAGs
[2022-12-03T03:05:49.375+0000] {logging_mixin.py:137} INFO - [2022-12-03T03:05:49.375+0000] {dag.py:3340} INFO - Setting next_dagrun for tutorial to 2022-12-02T03:05:49.375446+00:00, run_after=2022-12-03T03:05:49.375446+00:00
[2022-12-03T03:05:49.388+0000] {processor.py:176} INFO - Processing /home/airflow/.local/lib/python3.7/site-packages/airflow/example_dags/tutorial.py took 0.068 seconds
[2022-12-03T04:29:59.223+0000] {processor.py:154} INFO - Started process (PID=13682) to work on /home/airflow/.local/lib/python3.7/site-packages/airflow/example_dags/tutorial.py
[2022-12-03T04:29:59.226+0000] {processor.py:756} INFO - Processing file /home/airflow/.local/lib/python3.7/site-packages/airflow/example_dags/tutorial.py for tasks to queue
[2022-12-03T04:29:59.229+0000] {logging_mixin.py:137} INFO - [2022-12-03T04:29:59.229+0000] {dagbag.py:537} INFO - Filling up the DagBag from /home/airflow/.local/lib/python3.7/site-packages/airflow/example_dags/tutorial.py
[2022-12-03T04:29:59.258+0000] {processor.py:766} INFO - DAG(s) dict_keys(['tutorial']) retrieved from /home/airflow/.local/lib/python3.7/site-packages/airflow/example_dags/tutorial.py
[2022-12-03T04:29:59.336+0000] {logging_mixin.py:137} INFO - [2022-12-03T04:29:59.336+0000] {dag.py:2585} INFO - Sync 1 DAGs
[2022-12-03T04:29:59.367+0000] {logging_mixin.py:137} INFO - [2022-12-03T04:29:59.367+0000] {dag.py:3340} INFO - Setting next_dagrun for tutorial to 2022-12-02T04:29:59.367146+00:00, run_after=2022-12-03T04:29:59.367146+00:00
[2022-12-03T04:29:59.405+0000] {processor.py:176} INFO - Processing /home/airflow/.local/lib/python3.7/site-packages/airflow/example_dags/tutorial.py took 0.187 seconds
[2022-12-03T05:52:50.104+0000] {processor.py:154} INFO - Started process (PID=13751) to work on /home/airflow/.local/lib/python3.7/site-packages/airflow/example_dags/tutorial.py
[2022-12-03T05:52:50.108+0000] {processor.py:756} INFO - Processing file /home/airflow/.local/lib/python3.7/site-packages/airflow/example_dags/tutorial.py for tasks to queue
[2022-12-03T05:52:50.112+0000] {logging_mixin.py:137} INFO - [2022-12-03T05:52:50.112+0000] {dagbag.py:537} INFO - Filling up the DagBag from /home/airflow/.local/lib/python3.7/site-packages/airflow/example_dags/tutorial.py
[2022-12-03T05:52:50.134+0000] {processor.py:766} INFO - DAG(s) dict_keys(['tutorial']) retrieved from /home/airflow/.local/lib/python3.7/site-packages/airflow/example_dags/tutorial.py
[2022-12-03T05:52:50.191+0000] {logging_mixin.py:137} INFO - [2022-12-03T05:52:50.191+0000] {dag.py:2585} INFO - Sync 1 DAGs
[2022-12-03T05:52:50.222+0000] {logging_mixin.py:137} INFO - [2022-12-03T05:52:50.222+0000] {dag.py:3340} INFO - Setting next_dagrun for tutorial to 2022-12-02T05:52:50.222582+00:00, run_after=2022-12-03T05:52:50.222582+00:00
[2022-12-03T05:52:50.246+0000] {processor.py:176} INFO - Processing /home/airflow/.local/lib/python3.7/site-packages/airflow/example_dags/tutorial.py took 0.145 seconds
[2022-12-03T07:14:03.634+0000] {processor.py:154} INFO - Started process (PID=13822) to work on /home/airflow/.local/lib/python3.7/site-packages/airflow/example_dags/tutorial.py
[2022-12-03T07:14:03.644+0000] {processor.py:756} INFO - Processing file /home/airflow/.local/lib/python3.7/site-packages/airflow/example_dags/tutorial.py for tasks to queue
[2022-12-03T07:14:03.646+0000] {logging_mixin.py:137} INFO - [2022-12-03T07:14:03.646+0000] {dagbag.py:537} INFO - Filling up the DagBag from /home/airflow/.local/lib/python3.7/site-packages/airflow/example_dags/tutorial.py
[2022-12-03T07:14:03.720+0000] {processor.py:766} INFO - DAG(s) dict_keys(['tutorial']) retrieved from /home/airflow/.local/lib/python3.7/site-packages/airflow/example_dags/tutorial.py
[2022-12-03T07:14:03.794+0000] {logging_mixin.py:137} INFO - [2022-12-03T07:14:03.794+0000] {dag.py:2585} INFO - Sync 1 DAGs
[2022-12-03T07:14:03.830+0000] {logging_mixin.py:137} INFO - [2022-12-03T07:14:03.829+0000] {dag.py:3340} INFO - Setting next_dagrun for tutorial to 2022-12-02T07:14:03.829677+00:00, run_after=2022-12-03T07:14:03.829677+00:00
[2022-12-03T07:14:03.863+0000] {processor.py:176} INFO - Processing /home/airflow/.local/lib/python3.7/site-packages/airflow/example_dags/tutorial.py took 0.240 seconds
[2022-12-03T08:36:15.690+0000] {processor.py:154} INFO - Started process (PID=13895) to work on /home/airflow/.local/lib/python3.7/site-packages/airflow/example_dags/tutorial.py
[2022-12-03T08:36:15.696+0000] {processor.py:756} INFO - Processing file /home/airflow/.local/lib/python3.7/site-packages/airflow/example_dags/tutorial.py for tasks to queue
[2022-12-03T08:36:15.697+0000] {logging_mixin.py:137} INFO - [2022-12-03T08:36:15.697+0000] {dagbag.py:537} INFO - Filling up the DagBag from /home/airflow/.local/lib/python3.7/site-packages/airflow/example_dags/tutorial.py
[2022-12-03T08:36:15.721+0000] {processor.py:766} INFO - DAG(s) dict_keys(['tutorial']) retrieved from /home/airflow/.local/lib/python3.7/site-packages/airflow/example_dags/tutorial.py
[2022-12-03T08:36:15.792+0000] {logging_mixin.py:137} INFO - [2022-12-03T08:36:15.792+0000] {dag.py:2585} INFO - Sync 1 DAGs
[2022-12-03T08:36:15.840+0000] {logging_mixin.py:137} INFO - [2022-12-03T08:36:15.840+0000] {dag.py:3340} INFO - Setting next_dagrun for tutorial to 2022-12-02T08:36:15.839490+00:00, run_after=2022-12-03T08:36:15.839490+00:00
[2022-12-03T08:36:15.869+0000] {processor.py:176} INFO - Processing /home/airflow/.local/lib/python3.7/site-packages/airflow/example_dags/tutorial.py took 0.184 seconds
[2022-12-03T09:58:28.528+0000] {processor.py:154} INFO - Started process (PID=13963) to work on /home/airflow/.local/lib/python3.7/site-packages/airflow/example_dags/tutorial.py
[2022-12-03T09:58:28.531+0000] {processor.py:756} INFO - Processing file /home/airflow/.local/lib/python3.7/site-packages/airflow/example_dags/tutorial.py for tasks to queue
[2022-12-03T09:58:28.551+0000] {logging_mixin.py:137} INFO - [2022-12-03T09:58:28.551+0000] {dagbag.py:537} INFO - Filling up the DagBag from /home/airflow/.local/lib/python3.7/site-packages/airflow/example_dags/tutorial.py
[2022-12-03T09:58:28.579+0000] {processor.py:766} INFO - DAG(s) dict_keys(['tutorial']) retrieved from /home/airflow/.local/lib/python3.7/site-packages/airflow/example_dags/tutorial.py
[2022-12-03T09:58:28.638+0000] {logging_mixin.py:137} INFO - [2022-12-03T09:58:28.638+0000] {dag.py:2585} INFO - Sync 1 DAGs
[2022-12-03T09:58:28.673+0000] {logging_mixin.py:137} INFO - [2022-12-03T09:58:28.673+0000] {dag.py:3340} INFO - Setting next_dagrun for tutorial to 2022-12-02T09:58:28.672837+00:00, run_after=2022-12-03T09:58:28.672837+00:00
[2022-12-03T09:58:28.705+0000] {processor.py:176} INFO - Processing /home/airflow/.local/lib/python3.7/site-packages/airflow/example_dags/tutorial.py took 0.181 seconds
[2022-12-03T11:03:29.299+0000] {processor.py:154} INFO - Started process (PID=14018) to work on /home/airflow/.local/lib/python3.7/site-packages/airflow/example_dags/tutorial.py
[2022-12-03T11:03:29.300+0000] {processor.py:756} INFO - Processing file /home/airflow/.local/lib/python3.7/site-packages/airflow/example_dags/tutorial.py for tasks to queue
[2022-12-03T11:03:29.301+0000] {logging_mixin.py:137} INFO - [2022-12-03T11:03:29.301+0000] {dagbag.py:537} INFO - Filling up the DagBag from /home/airflow/.local/lib/python3.7/site-packages/airflow/example_dags/tutorial.py
[2022-12-03T11:03:29.310+0000] {processor.py:766} INFO - DAG(s) dict_keys(['tutorial']) retrieved from /home/airflow/.local/lib/python3.7/site-packages/airflow/example_dags/tutorial.py
[2022-12-03T11:03:29.336+0000] {logging_mixin.py:137} INFO - [2022-12-03T11:03:29.336+0000] {dag.py:2585} INFO - Sync 1 DAGs
[2022-12-03T11:03:29.351+0000] {logging_mixin.py:137} INFO - [2022-12-03T11:03:29.351+0000] {dag.py:3340} INFO - Setting next_dagrun for tutorial to 2022-12-02T11:03:29.351461+00:00, run_after=2022-12-03T11:03:29.351461+00:00
[2022-12-03T11:03:29.364+0000] {processor.py:176} INFO - Processing /home/airflow/.local/lib/python3.7/site-packages/airflow/example_dags/tutorial.py took 0.067 seconds
[2022-12-03T11:21:00.158+0000] {processor.py:154} INFO - Started process (PID=14092) to work on /home/airflow/.local/lib/python3.7/site-packages/airflow/example_dags/tutorial.py
[2022-12-03T11:21:00.160+0000] {processor.py:756} INFO - Processing file /home/airflow/.local/lib/python3.7/site-packages/airflow/example_dags/tutorial.py for tasks to queue
[2022-12-03T11:21:00.161+0000] {logging_mixin.py:137} INFO - [2022-12-03T11:21:00.161+0000] {dagbag.py:537} INFO - Filling up the DagBag from /home/airflow/.local/lib/python3.7/site-packages/airflow/example_dags/tutorial.py
[2022-12-03T11:21:00.176+0000] {processor.py:766} INFO - DAG(s) dict_keys(['tutorial']) retrieved from /home/airflow/.local/lib/python3.7/site-packages/airflow/example_dags/tutorial.py
[2022-12-03T11:21:00.206+0000] {logging_mixin.py:137} INFO - [2022-12-03T11:21:00.206+0000] {dag.py:2585} INFO - Sync 1 DAGs
[2022-12-03T11:21:00.223+0000] {logging_mixin.py:137} INFO - [2022-12-03T11:21:00.223+0000] {dag.py:3340} INFO - Setting next_dagrun for tutorial to 2022-12-02T11:21:00.223090+00:00, run_after=2022-12-03T11:21:00.223090+00:00
[2022-12-03T11:21:00.236+0000] {processor.py:176} INFO - Processing /home/airflow/.local/lib/python3.7/site-packages/airflow/example_dags/tutorial.py took 0.081 seconds
[2022-12-03T12:21:03.740+0000] {processor.py:154} INFO - Started process (PID=14165) to work on /home/airflow/.local/lib/python3.7/site-packages/airflow/example_dags/tutorial.py
[2022-12-03T12:21:03.743+0000] {processor.py:756} INFO - Processing file /home/airflow/.local/lib/python3.7/site-packages/airflow/example_dags/tutorial.py for tasks to queue
[2022-12-03T12:21:03.746+0000] {logging_mixin.py:137} INFO - [2022-12-03T12:21:03.746+0000] {dagbag.py:537} INFO - Filling up the DagBag from /home/airflow/.local/lib/python3.7/site-packages/airflow/example_dags/tutorial.py
[2022-12-03T12:21:03.776+0000] {processor.py:766} INFO - DAG(s) dict_keys(['tutorial']) retrieved from /home/airflow/.local/lib/python3.7/site-packages/airflow/example_dags/tutorial.py
[2022-12-03T12:21:03.835+0000] {logging_mixin.py:137} INFO - [2022-12-03T12:21:03.835+0000] {dag.py:2585} INFO - Sync 1 DAGs
[2022-12-03T12:21:03.875+0000] {logging_mixin.py:137} INFO - [2022-12-03T12:21:03.875+0000] {dag.py:3340} INFO - Setting next_dagrun for tutorial to 2022-12-02T12:21:03.874918+00:00, run_after=2022-12-03T12:21:03.874918+00:00
[2022-12-03T12:21:03.906+0000] {processor.py:176} INFO - Processing /home/airflow/.local/lib/python3.7/site-packages/airflow/example_dags/tutorial.py took 0.170 seconds
[2022-12-03T13:24:16.123+0000] {processor.py:154} INFO - Started process (PID=14240) to work on /home/airflow/.local/lib/python3.7/site-packages/airflow/example_dags/tutorial.py
[2022-12-03T13:24:16.125+0000] {processor.py:756} INFO - Processing file /home/airflow/.local/lib/python3.7/site-packages/airflow/example_dags/tutorial.py for tasks to queue
[2022-12-03T13:24:16.126+0000] {logging_mixin.py:137} INFO - [2022-12-03T13:24:16.126+0000] {dagbag.py:537} INFO - Filling up the DagBag from /home/airflow/.local/lib/python3.7/site-packages/airflow/example_dags/tutorial.py
[2022-12-03T13:24:16.136+0000] {processor.py:766} INFO - DAG(s) dict_keys(['tutorial']) retrieved from /home/airflow/.local/lib/python3.7/site-packages/airflow/example_dags/tutorial.py
[2022-12-03T13:24:16.181+0000] {logging_mixin.py:137} INFO - [2022-12-03T13:24:16.180+0000] {dag.py:2585} INFO - Sync 1 DAGs
[2022-12-03T13:24:16.267+0000] {logging_mixin.py:137} INFO - [2022-12-03T13:24:16.267+0000] {dag.py:3340} INFO - Setting next_dagrun for tutorial to 2022-12-02T13:24:16.267533+00:00, run_after=2022-12-03T13:24:16.267533+00:00
[2022-12-03T13:24:16.310+0000] {processor.py:176} INFO - Processing /home/airflow/.local/lib/python3.7/site-packages/airflow/example_dags/tutorial.py took 0.190 seconds
[2022-12-03T14:43:46.786+0000] {processor.py:154} INFO - Started process (PID=14295) to work on /home/airflow/.local/lib/python3.7/site-packages/airflow/example_dags/tutorial.py
[2022-12-03T14:43:46.788+0000] {processor.py:756} INFO - Processing file /home/airflow/.local/lib/python3.7/site-packages/airflow/example_dags/tutorial.py for tasks to queue
[2022-12-03T14:43:46.790+0000] {logging_mixin.py:137} INFO - [2022-12-03T14:43:46.789+0000] {dagbag.py:537} INFO - Filling up the DagBag from /home/airflow/.local/lib/python3.7/site-packages/airflow/example_dags/tutorial.py
[2022-12-03T14:43:46.813+0000] {processor.py:766} INFO - DAG(s) dict_keys(['tutorial']) retrieved from /home/airflow/.local/lib/python3.7/site-packages/airflow/example_dags/tutorial.py
[2022-12-03T14:43:46.842+0000] {logging_mixin.py:137} INFO - [2022-12-03T14:43:46.842+0000] {dag.py:2585} INFO - Sync 1 DAGs
[2022-12-03T14:43:46.857+0000] {logging_mixin.py:137} INFO - [2022-12-03T14:43:46.857+0000] {dag.py:3340} INFO - Setting next_dagrun for tutorial to 2022-12-02T14:43:46.857024+00:00, run_after=2022-12-03T14:43:46.857024+00:00
[2022-12-03T14:43:46.871+0000] {processor.py:176} INFO - Processing /home/airflow/.local/lib/python3.7/site-packages/airflow/example_dags/tutorial.py took 0.088 seconds
[2022-12-03T16:02:58.672+0000] {processor.py:154} INFO - Started process (PID=14361) to work on /home/airflow/.local/lib/python3.7/site-packages/airflow/example_dags/tutorial.py
[2022-12-03T16:02:58.674+0000] {processor.py:756} INFO - Processing file /home/airflow/.local/lib/python3.7/site-packages/airflow/example_dags/tutorial.py for tasks to queue
[2022-12-03T16:02:58.676+0000] {logging_mixin.py:137} INFO - [2022-12-03T16:02:58.676+0000] {dagbag.py:537} INFO - Filling up the DagBag from /home/airflow/.local/lib/python3.7/site-packages/airflow/example_dags/tutorial.py
[2022-12-03T16:02:58.706+0000] {processor.py:766} INFO - DAG(s) dict_keys(['tutorial']) retrieved from /home/airflow/.local/lib/python3.7/site-packages/airflow/example_dags/tutorial.py
[2022-12-03T16:02:58.751+0000] {logging_mixin.py:137} INFO - [2022-12-03T16:02:58.751+0000] {dag.py:2585} INFO - Sync 1 DAGs
[2022-12-03T16:02:58.811+0000] {logging_mixin.py:137} INFO - [2022-12-03T16:02:58.811+0000] {dag.py:3340} INFO - Setting next_dagrun for tutorial to 2022-12-02T16:02:58.810732+00:00, run_after=2022-12-03T16:02:58.810732+00:00
[2022-12-03T16:02:58.833+0000] {processor.py:176} INFO - Processing /home/airflow/.local/lib/python3.7/site-packages/airflow/example_dags/tutorial.py took 0.173 seconds
[2022-12-03T17:24:31.126+0000] {processor.py:154} INFO - Started process (PID=14429) to work on /home/airflow/.local/lib/python3.7/site-packages/airflow/example_dags/tutorial.py
[2022-12-03T17:24:31.127+0000] {processor.py:756} INFO - Processing file /home/airflow/.local/lib/python3.7/site-packages/airflow/example_dags/tutorial.py for tasks to queue
[2022-12-03T17:24:31.128+0000] {logging_mixin.py:137} INFO - [2022-12-03T17:24:31.128+0000] {dagbag.py:537} INFO - Filling up the DagBag from /home/airflow/.local/lib/python3.7/site-packages/airflow/example_dags/tutorial.py
[2022-12-03T17:24:31.138+0000] {processor.py:766} INFO - DAG(s) dict_keys(['tutorial']) retrieved from /home/airflow/.local/lib/python3.7/site-packages/airflow/example_dags/tutorial.py
[2022-12-03T17:24:31.166+0000] {logging_mixin.py:137} INFO - [2022-12-03T17:24:31.166+0000] {dag.py:2585} INFO - Sync 1 DAGs
[2022-12-03T17:24:31.183+0000] {logging_mixin.py:137} INFO - [2022-12-03T17:24:31.183+0000] {dag.py:3340} INFO - Setting next_dagrun for tutorial to 2022-12-02T17:24:31.182874+00:00, run_after=2022-12-03T17:24:31.182874+00:00
[2022-12-03T17:24:31.195+0000] {processor.py:176} INFO - Processing /home/airflow/.local/lib/python3.7/site-packages/airflow/example_dags/tutorial.py took 0.072 seconds
[2022-12-03T18:46:57.885+0000] {processor.py:154} INFO - Started process (PID=14496) to work on /home/airflow/.local/lib/python3.7/site-packages/airflow/example_dags/tutorial.py
[2022-12-03T18:46:57.889+0000] {processor.py:756} INFO - Processing file /home/airflow/.local/lib/python3.7/site-packages/airflow/example_dags/tutorial.py for tasks to queue
[2022-12-03T18:46:57.892+0000] {logging_mixin.py:137} INFO - [2022-12-03T18:46:57.891+0000] {dagbag.py:537} INFO - Filling up the DagBag from /home/airflow/.local/lib/python3.7/site-packages/airflow/example_dags/tutorial.py
[2022-12-03T18:46:57.937+0000] {processor.py:766} INFO - DAG(s) dict_keys(['tutorial']) retrieved from /home/airflow/.local/lib/python3.7/site-packages/airflow/example_dags/tutorial.py
[2022-12-03T18:46:57.977+0000] {logging_mixin.py:137} INFO - [2022-12-03T18:46:57.977+0000] {dag.py:2585} INFO - Sync 1 DAGs
[2022-12-03T18:46:57.999+0000] {logging_mixin.py:137} INFO - [2022-12-03T18:46:57.998+0000] {dag.py:3340} INFO - Setting next_dagrun for tutorial to 2022-12-02T18:46:57.998606+00:00, run_after=2022-12-03T18:46:57.998606+00:00
[2022-12-03T18:46:58.018+0000] {processor.py:176} INFO - Processing /home/airflow/.local/lib/python3.7/site-packages/airflow/example_dags/tutorial.py took 0.143 seconds
[2022-12-03T19:40:01.330+0000] {processor.py:154} INFO - Started process (PID=14553) to work on /home/airflow/.local/lib/python3.7/site-packages/airflow/example_dags/tutorial.py
[2022-12-03T19:40:01.331+0000] {processor.py:756} INFO - Processing file /home/airflow/.local/lib/python3.7/site-packages/airflow/example_dags/tutorial.py for tasks to queue
[2022-12-03T19:40:01.332+0000] {logging_mixin.py:137} INFO - [2022-12-03T19:40:01.332+0000] {dagbag.py:537} INFO - Filling up the DagBag from /home/airflow/.local/lib/python3.7/site-packages/airflow/example_dags/tutorial.py
[2022-12-03T19:40:01.343+0000] {processor.py:766} INFO - DAG(s) dict_keys(['tutorial']) retrieved from /home/airflow/.local/lib/python3.7/site-packages/airflow/example_dags/tutorial.py
[2022-12-03T19:40:01.370+0000] {logging_mixin.py:137} INFO - [2022-12-03T19:40:01.370+0000] {dag.py:2585} INFO - Sync 1 DAGs
[2022-12-03T19:40:01.386+0000] {logging_mixin.py:137} INFO - [2022-12-03T19:40:01.385+0000] {dag.py:3340} INFO - Setting next_dagrun for tutorial to 2022-12-02T19:40:01.385846+00:00, run_after=2022-12-03T19:40:01.385846+00:00
[2022-12-03T19:40:01.398+0000] {processor.py:176} INFO - Processing /home/airflow/.local/lib/python3.7/site-packages/airflow/example_dags/tutorial.py took 0.071 seconds
[2022-12-03T20:15:09.058+0000] {processor.py:154} INFO - Started process (PID=14619) to work on /home/airflow/.local/lib/python3.7/site-packages/airflow/example_dags/tutorial.py
[2022-12-03T20:15:09.060+0000] {processor.py:756} INFO - Processing file /home/airflow/.local/lib/python3.7/site-packages/airflow/example_dags/tutorial.py for tasks to queue
[2022-12-03T20:15:09.061+0000] {logging_mixin.py:137} INFO - [2022-12-03T20:15:09.061+0000] {dagbag.py:537} INFO - Filling up the DagBag from /home/airflow/.local/lib/python3.7/site-packages/airflow/example_dags/tutorial.py
[2022-12-03T20:15:09.071+0000] {processor.py:766} INFO - DAG(s) dict_keys(['tutorial']) retrieved from /home/airflow/.local/lib/python3.7/site-packages/airflow/example_dags/tutorial.py
[2022-12-03T20:15:09.096+0000] {logging_mixin.py:137} INFO - [2022-12-03T20:15:09.096+0000] {dag.py:2585} INFO - Sync 1 DAGs
[2022-12-03T20:15:09.112+0000] {logging_mixin.py:137} INFO - [2022-12-03T20:15:09.112+0000] {dag.py:3340} INFO - Setting next_dagrun for tutorial to 2022-12-02T20:15:09.112777+00:00, run_after=2022-12-03T20:15:09.112777+00:00
[2022-12-03T20:15:09.126+0000] {processor.py:176} INFO - Processing /home/airflow/.local/lib/python3.7/site-packages/airflow/example_dags/tutorial.py took 0.070 seconds
[2022-12-03T20:47:35.929+0000] {processor.py:154} INFO - Started process (PID=14684) to work on /home/airflow/.local/lib/python3.7/site-packages/airflow/example_dags/tutorial.py
[2022-12-03T20:47:35.931+0000] {processor.py:756} INFO - Processing file /home/airflow/.local/lib/python3.7/site-packages/airflow/example_dags/tutorial.py for tasks to queue
[2022-12-03T20:47:35.933+0000] {logging_mixin.py:137} INFO - [2022-12-03T20:47:35.932+0000] {dagbag.py:537} INFO - Filling up the DagBag from /home/airflow/.local/lib/python3.7/site-packages/airflow/example_dags/tutorial.py
[2022-12-03T20:47:35.944+0000] {processor.py:766} INFO - DAG(s) dict_keys(['tutorial']) retrieved from /home/airflow/.local/lib/python3.7/site-packages/airflow/example_dags/tutorial.py
[2022-12-03T20:47:35.972+0000] {logging_mixin.py:137} INFO - [2022-12-03T20:47:35.972+0000] {dag.py:2585} INFO - Sync 1 DAGs
[2022-12-03T20:47:35.991+0000] {logging_mixin.py:137} INFO - [2022-12-03T20:47:35.991+0000] {dag.py:3340} INFO - Setting next_dagrun for tutorial to 2022-12-02T20:47:35.990892+00:00, run_after=2022-12-03T20:47:35.990892+00:00
[2022-12-03T20:47:36.004+0000] {processor.py:176} INFO - Processing /home/airflow/.local/lib/python3.7/site-packages/airflow/example_dags/tutorial.py took 0.077 seconds
[2022-12-03T22:10:12.045+0000] {processor.py:154} INFO - Started process (PID=14754) to work on /home/airflow/.local/lib/python3.7/site-packages/airflow/example_dags/tutorial.py
[2022-12-03T22:10:12.051+0000] {processor.py:756} INFO - Processing file /home/airflow/.local/lib/python3.7/site-packages/airflow/example_dags/tutorial.py for tasks to queue
[2022-12-03T22:10:12.055+0000] {logging_mixin.py:137} INFO - [2022-12-03T22:10:12.055+0000] {dagbag.py:537} INFO - Filling up the DagBag from /home/airflow/.local/lib/python3.7/site-packages/airflow/example_dags/tutorial.py
[2022-12-03T22:10:12.078+0000] {processor.py:766} INFO - DAG(s) dict_keys(['tutorial']) retrieved from /home/airflow/.local/lib/python3.7/site-packages/airflow/example_dags/tutorial.py
[2022-12-03T22:10:12.154+0000] {logging_mixin.py:137} INFO - [2022-12-03T22:10:12.154+0000] {dag.py:2585} INFO - Sync 1 DAGs
[2022-12-03T22:10:12.195+0000] {logging_mixin.py:137} INFO - [2022-12-03T22:10:12.194+0000] {dag.py:3340} INFO - Setting next_dagrun for tutorial to 2022-12-02T22:10:12.193930+00:00, run_after=2022-12-03T22:10:12.193930+00:00
[2022-12-03T22:10:12.243+0000] {processor.py:176} INFO - Processing /home/airflow/.local/lib/python3.7/site-packages/airflow/example_dags/tutorial.py took 0.201 seconds
[2022-12-03T23:31:51.939+0000] {processor.py:154} INFO - Started process (PID=14813) to work on /home/airflow/.local/lib/python3.7/site-packages/airflow/example_dags/tutorial.py
[2022-12-03T23:31:51.941+0000] {processor.py:756} INFO - Processing file /home/airflow/.local/lib/python3.7/site-packages/airflow/example_dags/tutorial.py for tasks to queue
[2022-12-03T23:31:51.942+0000] {logging_mixin.py:137} INFO - [2022-12-03T23:31:51.942+0000] {dagbag.py:537} INFO - Filling up the DagBag from /home/airflow/.local/lib/python3.7/site-packages/airflow/example_dags/tutorial.py
[2022-12-03T23:31:51.952+0000] {processor.py:766} INFO - DAG(s) dict_keys(['tutorial']) retrieved from /home/airflow/.local/lib/python3.7/site-packages/airflow/example_dags/tutorial.py
[2022-12-03T23:31:51.979+0000] {logging_mixin.py:137} INFO - [2022-12-03T23:31:51.979+0000] {dag.py:2585} INFO - Sync 1 DAGs
[2022-12-03T23:31:51.995+0000] {logging_mixin.py:137} INFO - [2022-12-03T23:31:51.995+0000] {dag.py:3340} INFO - Setting next_dagrun for tutorial to 2022-12-02T23:31:51.995126+00:00, run_after=2022-12-03T23:31:51.995126+00:00
[2022-12-03T23:31:52.010+0000] {processor.py:176} INFO - Processing /home/airflow/.local/lib/python3.7/site-packages/airflow/example_dags/tutorial.py took 0.073 seconds
