[2022-12-03T00:24:09.348+0000] {processor.py:154} INFO - Started process (PID=13501) to work on /home/airflow/.local/lib/python3.7/site-packages/airflow/example_dags/tutorial_dag.py
[2022-12-03T00:24:09.349+0000] {processor.py:756} INFO - Processing file /home/airflow/.local/lib/python3.7/site-packages/airflow/example_dags/tutorial_dag.py for tasks to queue
[2022-12-03T00:24:09.351+0000] {logging_mixin.py:137} INFO - [2022-12-03T00:24:09.351+0000] {dagbag.py:537} INFO - Filling up the DagBag from /home/airflow/.local/lib/python3.7/site-packages/airflow/example_dags/tutorial_dag.py
[2022-12-03T00:24:09.359+0000] {processor.py:766} INFO - DAG(s) dict_keys(['tutorial_dag']) retrieved from /home/airflow/.local/lib/python3.7/site-packages/airflow/example_dags/tutorial_dag.py
[2022-12-03T00:24:09.385+0000] {logging_mixin.py:137} INFO - [2022-12-03T00:24:09.385+0000] {dag.py:2585} INFO - Sync 1 DAGs
[2022-12-03T00:24:09.400+0000] {logging_mixin.py:137} INFO - [2022-12-03T00:24:09.400+0000] {dag.py:3340} INFO - Setting next_dagrun for tutorial_dag to None, run_after=None
[2022-12-03T00:24:09.413+0000] {processor.py:176} INFO - Processing /home/airflow/.local/lib/python3.7/site-packages/airflow/example_dags/tutorial_dag.py took 0.068 seconds
[2022-12-03T01:45:41.499+0000] {processor.py:154} INFO - Started process (PID=13570) to work on /home/airflow/.local/lib/python3.7/site-packages/airflow/example_dags/tutorial_dag.py
[2022-12-03T01:45:41.500+0000] {processor.py:756} INFO - Processing file /home/airflow/.local/lib/python3.7/site-packages/airflow/example_dags/tutorial_dag.py for tasks to queue
[2022-12-03T01:45:41.501+0000] {logging_mixin.py:137} INFO - [2022-12-03T01:45:41.501+0000] {dagbag.py:537} INFO - Filling up the DagBag from /home/airflow/.local/lib/python3.7/site-packages/airflow/example_dags/tutorial_dag.py
[2022-12-03T01:45:41.511+0000] {processor.py:766} INFO - DAG(s) dict_keys(['tutorial_dag']) retrieved from /home/airflow/.local/lib/python3.7/site-packages/airflow/example_dags/tutorial_dag.py
[2022-12-03T01:45:41.539+0000] {logging_mixin.py:137} INFO - [2022-12-03T01:45:41.539+0000] {dag.py:2585} INFO - Sync 1 DAGs
[2022-12-03T01:45:41.555+0000] {logging_mixin.py:137} INFO - [2022-12-03T01:45:41.555+0000] {dag.py:3340} INFO - Setting next_dagrun for tutorial_dag to None, run_after=None
[2022-12-03T01:45:41.568+0000] {processor.py:176} INFO - Processing /home/airflow/.local/lib/python3.7/site-packages/airflow/example_dags/tutorial_dag.py took 0.071 seconds
[2022-12-03T03:05:50.482+0000] {processor.py:154} INFO - Started process (PID=13638) to work on /home/airflow/.local/lib/python3.7/site-packages/airflow/example_dags/tutorial_dag.py
[2022-12-03T03:05:50.485+0000] {processor.py:756} INFO - Processing file /home/airflow/.local/lib/python3.7/site-packages/airflow/example_dags/tutorial_dag.py for tasks to queue
[2022-12-03T03:05:50.487+0000] {logging_mixin.py:137} INFO - [2022-12-03T03:05:50.487+0000] {dagbag.py:537} INFO - Filling up the DagBag from /home/airflow/.local/lib/python3.7/site-packages/airflow/example_dags/tutorial_dag.py
[2022-12-03T03:05:50.506+0000] {processor.py:766} INFO - DAG(s) dict_keys(['tutorial_dag']) retrieved from /home/airflow/.local/lib/python3.7/site-packages/airflow/example_dags/tutorial_dag.py
[2022-12-03T03:05:50.584+0000] {logging_mixin.py:137} INFO - [2022-12-03T03:05:50.584+0000] {dag.py:2585} INFO - Sync 1 DAGs
[2022-12-03T03:05:50.619+0000] {logging_mixin.py:137} INFO - [2022-12-03T03:05:50.618+0000] {dag.py:3340} INFO - Setting next_dagrun for tutorial_dag to None, run_after=None
[2022-12-03T03:05:50.640+0000] {processor.py:176} INFO - Processing /home/airflow/.local/lib/python3.7/site-packages/airflow/example_dags/tutorial_dag.py took 0.163 seconds
[2022-12-03T04:30:00.813+0000] {processor.py:154} INFO - Started process (PID=13705) to work on /home/airflow/.local/lib/python3.7/site-packages/airflow/example_dags/tutorial_dag.py
[2022-12-03T04:30:00.815+0000] {processor.py:756} INFO - Processing file /home/airflow/.local/lib/python3.7/site-packages/airflow/example_dags/tutorial_dag.py for tasks to queue
[2022-12-03T04:30:00.817+0000] {logging_mixin.py:137} INFO - [2022-12-03T04:30:00.816+0000] {dagbag.py:537} INFO - Filling up the DagBag from /home/airflow/.local/lib/python3.7/site-packages/airflow/example_dags/tutorial_dag.py
[2022-12-03T04:30:00.829+0000] {processor.py:766} INFO - DAG(s) dict_keys(['tutorial_dag']) retrieved from /home/airflow/.local/lib/python3.7/site-packages/airflow/example_dags/tutorial_dag.py
[2022-12-03T04:30:00.857+0000] {logging_mixin.py:137} INFO - [2022-12-03T04:30:00.857+0000] {dag.py:2585} INFO - Sync 1 DAGs
[2022-12-03T04:30:00.875+0000] {logging_mixin.py:137} INFO - [2022-12-03T04:30:00.875+0000] {dag.py:3340} INFO - Setting next_dagrun for tutorial_dag to None, run_after=None
[2022-12-03T04:30:00.888+0000] {processor.py:176} INFO - Processing /home/airflow/.local/lib/python3.7/site-packages/airflow/example_dags/tutorial_dag.py took 0.078 seconds
[2022-12-03T05:52:51.241+0000] {processor.py:154} INFO - Started process (PID=13766) to work on /home/airflow/.local/lib/python3.7/site-packages/airflow/example_dags/tutorial_dag.py
[2022-12-03T05:52:51.242+0000] {processor.py:756} INFO - Processing file /home/airflow/.local/lib/python3.7/site-packages/airflow/example_dags/tutorial_dag.py for tasks to queue
[2022-12-03T05:52:51.243+0000] {logging_mixin.py:137} INFO - [2022-12-03T05:52:51.243+0000] {dagbag.py:537} INFO - Filling up the DagBag from /home/airflow/.local/lib/python3.7/site-packages/airflow/example_dags/tutorial_dag.py
[2022-12-03T05:52:51.253+0000] {processor.py:766} INFO - DAG(s) dict_keys(['tutorial_dag']) retrieved from /home/airflow/.local/lib/python3.7/site-packages/airflow/example_dags/tutorial_dag.py
[2022-12-03T05:52:51.283+0000] {logging_mixin.py:137} INFO - [2022-12-03T05:52:51.283+0000] {dag.py:2585} INFO - Sync 1 DAGs
[2022-12-03T05:52:51.299+0000] {logging_mixin.py:137} INFO - [2022-12-03T05:52:51.299+0000] {dag.py:3340} INFO - Setting next_dagrun for tutorial_dag to None, run_after=None
[2022-12-03T05:52:51.311+0000] {processor.py:176} INFO - Processing /home/airflow/.local/lib/python3.7/site-packages/airflow/example_dags/tutorial_dag.py took 0.072 seconds
[2022-12-03T07:14:04.813+0000] {processor.py:154} INFO - Started process (PID=13837) to work on /home/airflow/.local/lib/python3.7/site-packages/airflow/example_dags/tutorial_dag.py
[2022-12-03T07:14:04.815+0000] {processor.py:756} INFO - Processing file /home/airflow/.local/lib/python3.7/site-packages/airflow/example_dags/tutorial_dag.py for tasks to queue
[2022-12-03T07:14:04.816+0000] {logging_mixin.py:137} INFO - [2022-12-03T07:14:04.816+0000] {dagbag.py:537} INFO - Filling up the DagBag from /home/airflow/.local/lib/python3.7/site-packages/airflow/example_dags/tutorial_dag.py
[2022-12-03T07:14:04.825+0000] {processor.py:766} INFO - DAG(s) dict_keys(['tutorial_dag']) retrieved from /home/airflow/.local/lib/python3.7/site-packages/airflow/example_dags/tutorial_dag.py
[2022-12-03T07:14:04.855+0000] {logging_mixin.py:137} INFO - [2022-12-03T07:14:04.855+0000] {dag.py:2585} INFO - Sync 1 DAGs
[2022-12-03T07:14:04.871+0000] {logging_mixin.py:137} INFO - [2022-12-03T07:14:04.871+0000] {dag.py:3340} INFO - Setting next_dagrun for tutorial_dag to None, run_after=None
[2022-12-03T07:14:04.883+0000] {processor.py:176} INFO - Processing /home/airflow/.local/lib/python3.7/site-packages/airflow/example_dags/tutorial_dag.py took 0.072 seconds
[2022-12-03T08:36:16.832+0000] {processor.py:154} INFO - Started process (PID=13910) to work on /home/airflow/.local/lib/python3.7/site-packages/airflow/example_dags/tutorial_dag.py
[2022-12-03T08:36:16.834+0000] {processor.py:756} INFO - Processing file /home/airflow/.local/lib/python3.7/site-packages/airflow/example_dags/tutorial_dag.py for tasks to queue
[2022-12-03T08:36:16.835+0000] {logging_mixin.py:137} INFO - [2022-12-03T08:36:16.835+0000] {dagbag.py:537} INFO - Filling up the DagBag from /home/airflow/.local/lib/python3.7/site-packages/airflow/example_dags/tutorial_dag.py
[2022-12-03T08:36:16.844+0000] {processor.py:766} INFO - DAG(s) dict_keys(['tutorial_dag']) retrieved from /home/airflow/.local/lib/python3.7/site-packages/airflow/example_dags/tutorial_dag.py
[2022-12-03T08:36:16.873+0000] {logging_mixin.py:137} INFO - [2022-12-03T08:36:16.873+0000] {dag.py:2585} INFO - Sync 1 DAGs
[2022-12-03T08:36:16.888+0000] {logging_mixin.py:137} INFO - [2022-12-03T08:36:16.888+0000] {dag.py:3340} INFO - Setting next_dagrun for tutorial_dag to None, run_after=None
[2022-12-03T08:36:16.901+0000] {processor.py:176} INFO - Processing /home/airflow/.local/lib/python3.7/site-packages/airflow/example_dags/tutorial_dag.py took 0.072 seconds
[2022-12-03T09:58:30.015+0000] {processor.py:154} INFO - Started process (PID=13978) to work on /home/airflow/.local/lib/python3.7/site-packages/airflow/example_dags/tutorial_dag.py
[2022-12-03T09:58:30.016+0000] {processor.py:756} INFO - Processing file /home/airflow/.local/lib/python3.7/site-packages/airflow/example_dags/tutorial_dag.py for tasks to queue
[2022-12-03T09:58:30.017+0000] {logging_mixin.py:137} INFO - [2022-12-03T09:58:30.017+0000] {dagbag.py:537} INFO - Filling up the DagBag from /home/airflow/.local/lib/python3.7/site-packages/airflow/example_dags/tutorial_dag.py
[2022-12-03T09:58:30.027+0000] {processor.py:766} INFO - DAG(s) dict_keys(['tutorial_dag']) retrieved from /home/airflow/.local/lib/python3.7/site-packages/airflow/example_dags/tutorial_dag.py
[2022-12-03T09:58:30.054+0000] {logging_mixin.py:137} INFO - [2022-12-03T09:58:30.054+0000] {dag.py:2585} INFO - Sync 1 DAGs
[2022-12-03T09:58:30.072+0000] {logging_mixin.py:137} INFO - [2022-12-03T09:58:30.072+0000] {dag.py:3340} INFO - Setting next_dagrun for tutorial_dag to None, run_after=None
[2022-12-03T09:58:30.086+0000] {processor.py:176} INFO - Processing /home/airflow/.local/lib/python3.7/site-packages/airflow/example_dags/tutorial_dag.py took 0.073 seconds
[2022-12-03T11:03:30.930+0000] {processor.py:154} INFO - Started process (PID=14033) to work on /home/airflow/.local/lib/python3.7/site-packages/airflow/example_dags/tutorial_dag.py
[2022-12-03T11:03:30.932+0000] {processor.py:756} INFO - Processing file /home/airflow/.local/lib/python3.7/site-packages/airflow/example_dags/tutorial_dag.py for tasks to queue
[2022-12-03T11:03:30.933+0000] {logging_mixin.py:137} INFO - [2022-12-03T11:03:30.933+0000] {dagbag.py:537} INFO - Filling up the DagBag from /home/airflow/.local/lib/python3.7/site-packages/airflow/example_dags/tutorial_dag.py
[2022-12-03T11:03:30.942+0000] {processor.py:766} INFO - DAG(s) dict_keys(['tutorial_dag']) retrieved from /home/airflow/.local/lib/python3.7/site-packages/airflow/example_dags/tutorial_dag.py
[2022-12-03T11:03:30.970+0000] {logging_mixin.py:137} INFO - [2022-12-03T11:03:30.970+0000] {dag.py:2585} INFO - Sync 1 DAGs
[2022-12-03T11:03:30.984+0000] {logging_mixin.py:137} INFO - [2022-12-03T11:03:30.984+0000] {dag.py:3340} INFO - Setting next_dagrun for tutorial_dag to None, run_after=None
[2022-12-03T11:03:30.997+0000] {processor.py:176} INFO - Processing /home/airflow/.local/lib/python3.7/site-packages/airflow/example_dags/tutorial_dag.py took 0.070 seconds
[2022-12-03T11:21:01.617+0000] {processor.py:154} INFO - Started process (PID=14107) to work on /home/airflow/.local/lib/python3.7/site-packages/airflow/example_dags/tutorial_dag.py
[2022-12-03T11:21:01.618+0000] {processor.py:756} INFO - Processing file /home/airflow/.local/lib/python3.7/site-packages/airflow/example_dags/tutorial_dag.py for tasks to queue
[2022-12-03T11:21:01.620+0000] {logging_mixin.py:137} INFO - [2022-12-03T11:21:01.619+0000] {dagbag.py:537} INFO - Filling up the DagBag from /home/airflow/.local/lib/python3.7/site-packages/airflow/example_dags/tutorial_dag.py
[2022-12-03T11:21:01.630+0000] {processor.py:766} INFO - DAG(s) dict_keys(['tutorial_dag']) retrieved from /home/airflow/.local/lib/python3.7/site-packages/airflow/example_dags/tutorial_dag.py
[2022-12-03T11:21:01.658+0000] {logging_mixin.py:137} INFO - [2022-12-03T11:21:01.658+0000] {dag.py:2585} INFO - Sync 1 DAGs
[2022-12-03T11:21:01.673+0000] {logging_mixin.py:137} INFO - [2022-12-03T11:21:01.673+0000] {dag.py:3340} INFO - Setting next_dagrun for tutorial_dag to None, run_after=None
[2022-12-03T11:21:01.687+0000] {processor.py:176} INFO - Processing /home/airflow/.local/lib/python3.7/site-packages/airflow/example_dags/tutorial_dag.py took 0.072 seconds
[2022-12-03T12:21:04.907+0000] {processor.py:154} INFO - Started process (PID=14180) to work on /home/airflow/.local/lib/python3.7/site-packages/airflow/example_dags/tutorial_dag.py
[2022-12-03T12:21:04.909+0000] {processor.py:756} INFO - Processing file /home/airflow/.local/lib/python3.7/site-packages/airflow/example_dags/tutorial_dag.py for tasks to queue
[2022-12-03T12:21:04.910+0000] {logging_mixin.py:137} INFO - [2022-12-03T12:21:04.910+0000] {dagbag.py:537} INFO - Filling up the DagBag from /home/airflow/.local/lib/python3.7/site-packages/airflow/example_dags/tutorial_dag.py
[2022-12-03T12:21:04.920+0000] {processor.py:766} INFO - DAG(s) dict_keys(['tutorial_dag']) retrieved from /home/airflow/.local/lib/python3.7/site-packages/airflow/example_dags/tutorial_dag.py
[2022-12-03T12:21:04.953+0000] {logging_mixin.py:137} INFO - [2022-12-03T12:21:04.953+0000] {dag.py:2585} INFO - Sync 1 DAGs
[2022-12-03T12:21:04.969+0000] {logging_mixin.py:137} INFO - [2022-12-03T12:21:04.969+0000] {dag.py:3340} INFO - Setting next_dagrun for tutorial_dag to None, run_after=None
[2022-12-03T12:21:04.984+0000] {processor.py:176} INFO - Processing /home/airflow/.local/lib/python3.7/site-packages/airflow/example_dags/tutorial_dag.py took 0.079 seconds
[2022-12-03T13:24:17.933+0000] {processor.py:154} INFO - Started process (PID=14255) to work on /home/airflow/.local/lib/python3.7/site-packages/airflow/example_dags/tutorial_dag.py
[2022-12-03T13:24:17.935+0000] {processor.py:756} INFO - Processing file /home/airflow/.local/lib/python3.7/site-packages/airflow/example_dags/tutorial_dag.py for tasks to queue
[2022-12-03T13:24:17.936+0000] {logging_mixin.py:137} INFO - [2022-12-03T13:24:17.936+0000] {dagbag.py:537} INFO - Filling up the DagBag from /home/airflow/.local/lib/python3.7/site-packages/airflow/example_dags/tutorial_dag.py
[2022-12-03T13:24:17.946+0000] {processor.py:766} INFO - DAG(s) dict_keys(['tutorial_dag']) retrieved from /home/airflow/.local/lib/python3.7/site-packages/airflow/example_dags/tutorial_dag.py
[2022-12-03T13:24:17.974+0000] {logging_mixin.py:137} INFO - [2022-12-03T13:24:17.974+0000] {dag.py:2585} INFO - Sync 1 DAGs
[2022-12-03T13:24:17.991+0000] {logging_mixin.py:137} INFO - [2022-12-03T13:24:17.991+0000] {dag.py:3340} INFO - Setting next_dagrun for tutorial_dag to None, run_after=None
[2022-12-03T13:24:18.004+0000] {processor.py:176} INFO - Processing /home/airflow/.local/lib/python3.7/site-packages/airflow/example_dags/tutorial_dag.py took 0.074 seconds
[2022-12-03T14:43:47.862+0000] {processor.py:154} INFO - Started process (PID=14310) to work on /home/airflow/.local/lib/python3.7/site-packages/airflow/example_dags/tutorial_dag.py
[2022-12-03T14:43:47.954+0000] {processor.py:756} INFO - Processing file /home/airflow/.local/lib/python3.7/site-packages/airflow/example_dags/tutorial_dag.py for tasks to queue
[2022-12-03T14:43:47.959+0000] {logging_mixin.py:137} INFO - [2022-12-03T14:43:47.958+0000] {dagbag.py:537} INFO - Filling up the DagBag from /home/airflow/.local/lib/python3.7/site-packages/airflow/example_dags/tutorial_dag.py
[2022-12-03T14:43:47.989+0000] {processor.py:766} INFO - DAG(s) dict_keys(['tutorial_dag']) retrieved from /home/airflow/.local/lib/python3.7/site-packages/airflow/example_dags/tutorial_dag.py
[2022-12-03T14:43:48.035+0000] {logging_mixin.py:137} INFO - [2022-12-03T14:43:48.034+0000] {dag.py:2585} INFO - Sync 1 DAGs
[2022-12-03T14:43:48.052+0000] {logging_mixin.py:137} INFO - [2022-12-03T14:43:48.051+0000] {dag.py:3340} INFO - Setting next_dagrun for tutorial_dag to None, run_after=None
[2022-12-03T14:43:48.064+0000] {processor.py:176} INFO - Processing /home/airflow/.local/lib/python3.7/site-packages/airflow/example_dags/tutorial_dag.py took 0.206 seconds
[2022-12-03T16:03:00.214+0000] {processor.py:154} INFO - Started process (PID=14376) to work on /home/airflow/.local/lib/python3.7/site-packages/airflow/example_dags/tutorial_dag.py
[2022-12-03T16:03:00.217+0000] {processor.py:756} INFO - Processing file /home/airflow/.local/lib/python3.7/site-packages/airflow/example_dags/tutorial_dag.py for tasks to queue
[2022-12-03T16:03:00.218+0000] {logging_mixin.py:137} INFO - [2022-12-03T16:03:00.218+0000] {dagbag.py:537} INFO - Filling up the DagBag from /home/airflow/.local/lib/python3.7/site-packages/airflow/example_dags/tutorial_dag.py
[2022-12-03T16:03:00.231+0000] {processor.py:766} INFO - DAG(s) dict_keys(['tutorial_dag']) retrieved from /home/airflow/.local/lib/python3.7/site-packages/airflow/example_dags/tutorial_dag.py
[2022-12-03T16:03:00.278+0000] {logging_mixin.py:137} INFO - [2022-12-03T16:03:00.278+0000] {dag.py:2585} INFO - Sync 1 DAGs
[2022-12-03T16:03:00.303+0000] {logging_mixin.py:137} INFO - [2022-12-03T16:03:00.303+0000] {dag.py:3340} INFO - Setting next_dagrun for tutorial_dag to None, run_after=None
[2022-12-03T16:03:00.322+0000] {processor.py:176} INFO - Processing /home/airflow/.local/lib/python3.7/site-packages/airflow/example_dags/tutorial_dag.py took 0.111 seconds
[2022-12-03T17:24:32.954+0000] {processor.py:154} INFO - Started process (PID=14444) to work on /home/airflow/.local/lib/python3.7/site-packages/airflow/example_dags/tutorial_dag.py
[2022-12-03T17:24:32.955+0000] {processor.py:756} INFO - Processing file /home/airflow/.local/lib/python3.7/site-packages/airflow/example_dags/tutorial_dag.py for tasks to queue
[2022-12-03T17:24:32.957+0000] {logging_mixin.py:137} INFO - [2022-12-03T17:24:32.956+0000] {dagbag.py:537} INFO - Filling up the DagBag from /home/airflow/.local/lib/python3.7/site-packages/airflow/example_dags/tutorial_dag.py
[2022-12-03T17:24:32.966+0000] {processor.py:766} INFO - DAG(s) dict_keys(['tutorial_dag']) retrieved from /home/airflow/.local/lib/python3.7/site-packages/airflow/example_dags/tutorial_dag.py
[2022-12-03T17:24:32.993+0000] {logging_mixin.py:137} INFO - [2022-12-03T17:24:32.993+0000] {dag.py:2585} INFO - Sync 1 DAGs
[2022-12-03T17:24:33.013+0000] {logging_mixin.py:137} INFO - [2022-12-03T17:24:33.013+0000] {dag.py:3340} INFO - Setting next_dagrun for tutorial_dag to None, run_after=None
[2022-12-03T17:24:33.025+0000] {processor.py:176} INFO - Processing /home/airflow/.local/lib/python3.7/site-packages/airflow/example_dags/tutorial_dag.py took 0.073 seconds
[2022-12-03T18:46:59.264+0000] {processor.py:154} INFO - Started process (PID=14511) to work on /home/airflow/.local/lib/python3.7/site-packages/airflow/example_dags/tutorial_dag.py
[2022-12-03T18:46:59.266+0000] {processor.py:756} INFO - Processing file /home/airflow/.local/lib/python3.7/site-packages/airflow/example_dags/tutorial_dag.py for tasks to queue
[2022-12-03T18:46:59.267+0000] {logging_mixin.py:137} INFO - [2022-12-03T18:46:59.267+0000] {dagbag.py:537} INFO - Filling up the DagBag from /home/airflow/.local/lib/python3.7/site-packages/airflow/example_dags/tutorial_dag.py
[2022-12-03T18:46:59.279+0000] {processor.py:766} INFO - DAG(s) dict_keys(['tutorial_dag']) retrieved from /home/airflow/.local/lib/python3.7/site-packages/airflow/example_dags/tutorial_dag.py
[2022-12-03T18:46:59.320+0000] {logging_mixin.py:137} INFO - [2022-12-03T18:46:59.319+0000] {dag.py:2585} INFO - Sync 1 DAGs
[2022-12-03T18:46:59.339+0000] {logging_mixin.py:137} INFO - [2022-12-03T18:46:59.338+0000] {dag.py:3340} INFO - Setting next_dagrun for tutorial_dag to None, run_after=None
[2022-12-03T18:46:59.352+0000] {processor.py:176} INFO - Processing /home/airflow/.local/lib/python3.7/site-packages/airflow/example_dags/tutorial_dag.py took 0.090 seconds
[2022-12-03T19:40:02.740+0000] {processor.py:154} INFO - Started process (PID=14568) to work on /home/airflow/.local/lib/python3.7/site-packages/airflow/example_dags/tutorial_dag.py
[2022-12-03T19:40:02.741+0000] {processor.py:756} INFO - Processing file /home/airflow/.local/lib/python3.7/site-packages/airflow/example_dags/tutorial_dag.py for tasks to queue
[2022-12-03T19:40:02.743+0000] {logging_mixin.py:137} INFO - [2022-12-03T19:40:02.743+0000] {dagbag.py:537} INFO - Filling up the DagBag from /home/airflow/.local/lib/python3.7/site-packages/airflow/example_dags/tutorial_dag.py
[2022-12-03T19:40:02.755+0000] {processor.py:766} INFO - DAG(s) dict_keys(['tutorial_dag']) retrieved from /home/airflow/.local/lib/python3.7/site-packages/airflow/example_dags/tutorial_dag.py
[2022-12-03T19:40:02.783+0000] {logging_mixin.py:137} INFO - [2022-12-03T19:40:02.783+0000] {dag.py:2585} INFO - Sync 1 DAGs
[2022-12-03T19:40:02.799+0000] {logging_mixin.py:137} INFO - [2022-12-03T19:40:02.799+0000] {dag.py:3340} INFO - Setting next_dagrun for tutorial_dag to None, run_after=None
[2022-12-03T19:40:02.810+0000] {processor.py:176} INFO - Processing /home/airflow/.local/lib/python3.7/site-packages/airflow/example_dags/tutorial_dag.py took 0.072 seconds
[2022-12-03T20:15:10.417+0000] {processor.py:154} INFO - Started process (PID=14634) to work on /home/airflow/.local/lib/python3.7/site-packages/airflow/example_dags/tutorial_dag.py
[2022-12-03T20:15:10.420+0000] {processor.py:756} INFO - Processing file /home/airflow/.local/lib/python3.7/site-packages/airflow/example_dags/tutorial_dag.py for tasks to queue
[2022-12-03T20:15:10.422+0000] {logging_mixin.py:137} INFO - [2022-12-03T20:15:10.422+0000] {dagbag.py:537} INFO - Filling up the DagBag from /home/airflow/.local/lib/python3.7/site-packages/airflow/example_dags/tutorial_dag.py
[2022-12-03T20:15:10.434+0000] {processor.py:766} INFO - DAG(s) dict_keys(['tutorial_dag']) retrieved from /home/airflow/.local/lib/python3.7/site-packages/airflow/example_dags/tutorial_dag.py
[2022-12-03T20:15:10.464+0000] {logging_mixin.py:137} INFO - [2022-12-03T20:15:10.464+0000] {dag.py:2585} INFO - Sync 1 DAGs
[2022-12-03T20:15:10.483+0000] {logging_mixin.py:137} INFO - [2022-12-03T20:15:10.483+0000] {dag.py:3340} INFO - Setting next_dagrun for tutorial_dag to None, run_after=None
[2022-12-03T20:15:10.500+0000] {processor.py:176} INFO - Processing /home/airflow/.local/lib/python3.7/site-packages/airflow/example_dags/tutorial_dag.py took 0.085 seconds
[2022-12-03T20:47:37.229+0000] {processor.py:154} INFO - Started process (PID=14699) to work on /home/airflow/.local/lib/python3.7/site-packages/airflow/example_dags/tutorial_dag.py
[2022-12-03T20:47:37.233+0000] {processor.py:756} INFO - Processing file /home/airflow/.local/lib/python3.7/site-packages/airflow/example_dags/tutorial_dag.py for tasks to queue
[2022-12-03T20:47:37.235+0000] {logging_mixin.py:137} INFO - [2022-12-03T20:47:37.235+0000] {dagbag.py:537} INFO - Filling up the DagBag from /home/airflow/.local/lib/python3.7/site-packages/airflow/example_dags/tutorial_dag.py
[2022-12-03T20:47:37.255+0000] {processor.py:766} INFO - DAG(s) dict_keys(['tutorial_dag']) retrieved from /home/airflow/.local/lib/python3.7/site-packages/airflow/example_dags/tutorial_dag.py
[2022-12-03T20:47:37.322+0000] {logging_mixin.py:137} INFO - [2022-12-03T20:47:37.322+0000] {dag.py:2585} INFO - Sync 1 DAGs
[2022-12-03T20:47:37.352+0000] {logging_mixin.py:137} INFO - [2022-12-03T20:47:37.352+0000] {dag.py:3340} INFO - Setting next_dagrun for tutorial_dag to None, run_after=None
[2022-12-03T20:47:37.376+0000] {processor.py:176} INFO - Processing /home/airflow/.local/lib/python3.7/site-packages/airflow/example_dags/tutorial_dag.py took 0.151 seconds
[2022-12-03T22:10:13.493+0000] {processor.py:154} INFO - Started process (PID=14769) to work on /home/airflow/.local/lib/python3.7/site-packages/airflow/example_dags/tutorial_dag.py
[2022-12-03T22:10:13.495+0000] {processor.py:756} INFO - Processing file /home/airflow/.local/lib/python3.7/site-packages/airflow/example_dags/tutorial_dag.py for tasks to queue
[2022-12-03T22:10:13.496+0000] {logging_mixin.py:137} INFO - [2022-12-03T22:10:13.496+0000] {dagbag.py:537} INFO - Filling up the DagBag from /home/airflow/.local/lib/python3.7/site-packages/airflow/example_dags/tutorial_dag.py
[2022-12-03T22:10:13.506+0000] {processor.py:766} INFO - DAG(s) dict_keys(['tutorial_dag']) retrieved from /home/airflow/.local/lib/python3.7/site-packages/airflow/example_dags/tutorial_dag.py
[2022-12-03T22:10:13.534+0000] {logging_mixin.py:137} INFO - [2022-12-03T22:10:13.534+0000] {dag.py:2585} INFO - Sync 1 DAGs
[2022-12-03T22:10:13.548+0000] {logging_mixin.py:137} INFO - [2022-12-03T22:10:13.547+0000] {dag.py:3340} INFO - Setting next_dagrun for tutorial_dag to None, run_after=None
[2022-12-03T22:10:13.560+0000] {processor.py:176} INFO - Processing /home/airflow/.local/lib/python3.7/site-packages/airflow/example_dags/tutorial_dag.py took 0.069 seconds
[2022-12-03T23:31:53.003+0000] {processor.py:154} INFO - Started process (PID=14828) to work on /home/airflow/.local/lib/python3.7/site-packages/airflow/example_dags/tutorial_dag.py
[2022-12-03T23:31:53.006+0000] {processor.py:756} INFO - Processing file /home/airflow/.local/lib/python3.7/site-packages/airflow/example_dags/tutorial_dag.py for tasks to queue
[2022-12-03T23:31:53.008+0000] {logging_mixin.py:137} INFO - [2022-12-03T23:31:53.008+0000] {dagbag.py:537} INFO - Filling up the DagBag from /home/airflow/.local/lib/python3.7/site-packages/airflow/example_dags/tutorial_dag.py
[2022-12-03T23:31:53.033+0000] {processor.py:766} INFO - DAG(s) dict_keys(['tutorial_dag']) retrieved from /home/airflow/.local/lib/python3.7/site-packages/airflow/example_dags/tutorial_dag.py
[2022-12-03T23:31:53.095+0000] {logging_mixin.py:137} INFO - [2022-12-03T23:31:53.095+0000] {dag.py:2585} INFO - Sync 1 DAGs
[2022-12-03T23:31:53.125+0000] {logging_mixin.py:137} INFO - [2022-12-03T23:31:53.125+0000] {dag.py:3340} INFO - Setting next_dagrun for tutorial_dag to None, run_after=None
[2022-12-03T23:31:53.168+0000] {processor.py:176} INFO - Processing /home/airflow/.local/lib/python3.7/site-packages/airflow/example_dags/tutorial_dag.py took 0.173 seconds
